#
# There is insufficient memory for the Java Runtime Environment to continue.
# Native memory allocation (malloc) failed to allocate 1087936 bytes for Chunk::new
# Possible reasons:
#   The system is out of physical RAM or swap space
#   The process is running with CompressedOops enabled, and the Java Heap may be blocking the growth of the native heap
# Possible solutions:
#   Reduce memory load on the system
#   Increase physical memory or swap space
#   Check if swap backing store is full
#   Decrease Java heap size (-Xmx/-Xms)
#   Decrease number of Java threads
#   Decrease Java thread stack sizes (-Xss)
#   Set larger code cache with -XX:ReservedCodeCacheSize=
#   JVM is running with Unscaled Compressed Oops mode in which the Java heap is
#     placed in the first 4GB address space. The Java Heap base address is the
#     maximum limit for the native heap growth. Please use -XX:HeapBaseMinAddress
#     to set the Java Heap base and to place the Java Heap above 4GB virtual address.
# This output file may be truncated or incomplete.
#
#  Out of Memory Error (./src/hotspot/share/memory/arena.cpp:197), pid=12180, tid=15816
#
# JRE version: OpenJDK Runtime Environment (11.0.13) (build 11.0.13+0-b1751.21-8125866)
# Java VM: OpenJDK 64-Bit Server VM (11.0.13+0-b1751.21-8125866, mixed mode, tiered, compressed oops, g1 gc, windows-amd64)
# No core dump will be written. Minidumps are not enabled by default on client versions of Windows
#

---------------  S U M M A R Y ------------

Command Line: --add-opens=java.base/java.util=ALL-UNNAMED --add-opens=java.base/java.lang=ALL-UNNAMED --add-opens=java.base/java.lang.invoke=ALL-UNNAMED --add-opens=java.base/java.util=ALL-UNNAMED --add-opens=java.prefs/java.util.prefs=ALL-UNNAMED --add-opens=java.prefs/java.util.prefs=ALL-UNNAMED --add-opens=java.base/java.nio.charset=ALL-UNNAMED --add-opens=java.base/java.net=ALL-UNNAMED --add-opens=java.base/java.util.concurrent.atomic=ALL-UNNAMED -Xmx2048m -Dfile.encoding=UTF-8 -Duser.country=CA -Duser.language=en -Duser.variant org.gradle.launcher.daemon.bootstrap.GradleDaemon 7.4

Host: Intel(R) Core(TM) i7-8550U CPU @ 1.80GHz, 8 cores, 11G,  Windows 11 , 64 bit Build 22000 (10.0.22000.1335)
Time: Sun Jan 22 22:28:25 2023 Eastern Standard Time elapsed time: 21.795718 seconds (0d 0h 0m 21s)

---------------  T H R E A D  ---------------

Current thread (0x00000175efc4e000):  JavaThread "C2 CompilerThread2" daemon [_thread_in_native, id=15816, stack(0x000000329bf00000,0x000000329c000000)]


Current CompileTask:
C2:  21795 9686       4       com.android.utils.XmlUtils::append (645 bytes)

Stack: [0x000000329bf00000,0x000000329c000000]
Native frames: (J=compiled Java code, j=interpreted, Vv=VM code, C=native code)
V  [jvm.dll+0x6100fa]
V  [jvm.dll+0x747090]
V  [jvm.dll+0x7486ad]
V  [jvm.dll+0x748d83]
V  [jvm.dll+0x24ab48]
V  [jvm.dll+0xc04dc]
V  [jvm.dll+0xc0a0c]
V  [jvm.dll+0x2bfab4]
V  [jvm.dll+0x524238]
V  [jvm.dll+0x20b193]
V  [jvm.dll+0x204ca0]
V  [jvm.dll+0x2023c2]
V  [jvm.dll+0x188e01]
V  [jvm.dll+0x21106b]
V  [jvm.dll+0x20f8c1]
V  [jvm.dll+0x70de0f]
V  [jvm.dll+0x706a75]
V  [jvm.dll+0x60ed66]
C  [ucrtbase.dll+0x26c0c]
C  [KERNEL32.DLL+0x155a0]
C  [ntdll.dll+0x485b]


---------------  P R O C E S S  ---------------

Threads class SMR info:
_java_thread_list=0x00000175efdd2b10, length=135, elements={
0x00000175ca2c2800, 0x00000175e6f61800, 0x00000175e6f6a000, 0x00000175e6fc3800,
0x00000175e6fc6800, 0x00000175e6fc8000, 0x00000175e6fd1000, 0x00000175e6fd5000,
0x00000175e6fd9800, 0x00000175e7147800, 0x00000175e7f98000, 0x00000175e7f9d000,
0x00000175e7f9e800, 0x00000175e7f9a800, 0x00000175e7f9b800, 0x00000175e7f9c000,
0x00000175e7f99000, 0x00000175e7f9e000, 0x00000175e7f9a000, 0x00000175e97d2800,
0x00000175e97d4800, 0x00000175e97d5000, 0x00000175e97d6000, 0x00000175e97d7000,
0x00000175e97d9000, 0x00000175e97d7800, 0x00000175e97d8800, 0x00000175e97d3800,
0x00000175e97dd800, 0x00000175e97de000, 0x00000175e97df000, 0x00000175e97db800,
0x00000175e97e0800, 0x00000175e97db000, 0x00000175e97dc800, 0x00000175e97e1800,
0x00000175ec446800, 0x00000175ec448800, 0x00000175ec449000, 0x00000175ec447800,
0x00000175ec445000, 0x00000175ec44a000, 0x00000175ec444000, 0x00000175ec44a800,
0x00000175ec446000, 0x00000175e86e4000, 0x00000175e86e5000, 0x00000175e86e5800,
0x00000175e86e3000, 0x00000175e86e0800, 0x00000175e86e6800, 0x00000175e86e7000,
0x00000175e86e1800, 0x00000175e86e8000, 0x00000175e86e2800, 0x00000175e86e9000,
0x00000175e86ee800, 0x00000175e86ea800, 0x00000175e86ef800, 0x00000175e86ed000,
0x00000175e86eb800, 0x00000175e86ec000, 0x00000175e86ed800, 0x00000175e86e9800,
0x00000175eae3c000, 0x00000175eae39800, 0x00000175eae36800, 0x00000175eae38800,
0x00000175eae3b000, 0x00000175eae3d000, 0x00000175eae37000, 0x00000175eae38000,
0x00000175eae3a800, 0x00000175e8970000, 0x00000175e896d800, 0x00000175e896e800,
0x00000175e896f800, 0x00000175e8976000, 0x00000175e8975000, 0x00000175e8976800,
0x00000175e8971000, 0x00000175e8974000, 0x00000175e8977800, 0x00000175e8972800,
0x00000175e8972000, 0x00000175e8979000, 0x00000175e8973800, 0x00000175e897a000,
0x00000175e8978800, 0x00000175e897b000, 0x00000175e897b800, 0x00000175e897c800,
0x00000175e83e2000, 0x00000175e83df800, 0x00000175e83e0800, 0x00000175e83dd800,
0x00000175e83e3000, 0x00000175e83e4000, 0x00000175e83de000, 0x00000175e83e4800,
0x00000175e83e1800, 0x00000175e83df000, 0x00000175e83ea800, 0x00000175e83e9800,
0x00000175e83eb000, 0x00000175e83e5800, 0x00000175e83ec000, 0x00000175e83e7000,
0x00000175e83e6800, 0x00000175e83e8000, 0x00000175e83e8800, 0x00000175e8154000,
0x00000175e8153800, 0x00000175e8155000, 0x00000175e815b800, 0x00000175e8155800,
0x00000175e8157800, 0x00000175e815a800, 0x00000175e8159000, 0x00000175e815c800,
0x00000175e8156800, 0x00000175e815d000, 0x00000175e7346000, 0x00000175efc4e000,
0x00000175e815e000, 0x00000175e815a000, 0x00000175e8158000, 0x00000175e8161000,
0x00000175e815e800, 0x00000175e815f800, 0x00000175e8160800, 0x00000175e8162000,
0x00000175ecdc2000, 0x00000175ecdbf800, 0x00000175ecdc1000
}

Java Threads: ( => current thread )
  0x00000175ca2c2800 JavaThread "main" [_thread_blocked, id=1248, stack(0x0000003299600000,0x0000003299700000)]
  0x00000175e6f61800 JavaThread "Reference Handler" daemon [_thread_blocked, id=11908, stack(0x0000003299d00000,0x0000003299e00000)]
  0x00000175e6f6a000 JavaThread "Finalizer" daemon [_thread_blocked, id=19944, stack(0x0000003299e00000,0x0000003299f00000)]
  0x00000175e6fc3800 JavaThread "Signal Dispatcher" daemon [_thread_blocked, id=7800, stack(0x0000003299f00000,0x000000329a000000)]
  0x00000175e6fc6800 JavaThread "Attach Listener" daemon [_thread_blocked, id=6564, stack(0x000000329a000000,0x000000329a100000)]
  0x00000175e6fc8000 JavaThread "Service Thread" daemon [_thread_blocked, id=7948, stack(0x000000329a100000,0x000000329a200000)]
  0x00000175e6fd1000 JavaThread "C2 CompilerThread0" daemon [_thread_in_native, id=18128, stack(0x000000329a200000,0x000000329a300000)]
  0x00000175e6fd5000 JavaThread "C1 CompilerThread0" daemon [_thread_in_native, id=10044, stack(0x000000329a300000,0x000000329a400000)]
  0x00000175e6fd9800 JavaThread "Sweeper thread" daemon [_thread_blocked, id=13884, stack(0x000000329a400000,0x000000329a500000)]
  0x00000175e7147800 JavaThread "Common-Cleaner" daemon [_thread_blocked, id=12260, stack(0x000000329a500000,0x000000329a600000)]
  0x00000175e7f98000 JavaThread "Daemon health stats" [_thread_blocked, id=9220, stack(0x000000329ac00000,0x000000329ad00000)]
  0x00000175e7f9d000 JavaThread "Incoming local TCP Connector on port 50962" [_thread_in_native, id=15476, stack(0x000000329a700000,0x000000329a800000)]
  0x00000175e7f9e800 JavaThread "Daemon periodic checks" [_thread_blocked, id=20560, stack(0x000000329a800000,0x000000329a900000)]
  0x00000175e7f9a800 JavaThread "Daemon" [_thread_blocked, id=1540, stack(0x000000329ad00000,0x000000329ae00000)]
  0x00000175e7f9b800 JavaThread "Handler for socket connection from /127.0.0.1:50962 to /127.0.0.1:50963" [_thread_in_native, id=18240, stack(0x000000329ae00000,0x000000329af00000)]
  0x00000175e7f9c000 JavaThread "Cancel handler" [_thread_blocked, id=19120, stack(0x000000329af00000,0x000000329b000000)]
  0x00000175e7f99000 JavaThread "Daemon worker" [_thread_blocked, id=17932, stack(0x000000329b000000,0x000000329b100000)]
  0x00000175e7f9e000 JavaThread "Asynchronous log dispatcher for DefaultDaemonConnection: socket connection from /127.0.0.1:50962 to /127.0.0.1:50963" [_thread_blocked, id=6956, stack(0x000000329b100000,0x000000329b200000)]
  0x00000175e7f9a000 JavaThread "Stdin handler" [_thread_blocked, id=18136, stack(0x000000329b200000,0x000000329b300000)]
  0x00000175e97d2800 JavaThread "Daemon client event forwarder" [_thread_blocked, id=4520, stack(0x000000329b300000,0x000000329b400000)]
  0x00000175e97d4800 JavaThread "Cache worker for journal cache (C:\Users\Padma\.gradle\caches\journal-1)" [_thread_blocked, id=12592, stack(0x000000329b900000,0x000000329ba00000)]
  0x00000175e97d5000 JavaThread "File lock request listener" [_thread_in_native, id=4924, stack(0x000000329ba00000,0x000000329bb00000)]
  0x00000175e97d6000 JavaThread "Cache worker for file hash cache (C:\Users\Padma\.gradle\caches\7.4\fileHashes)" [_thread_blocked, id=21152, stack(0x000000329bb00000,0x000000329bc00000)]
  0x00000175e97d7000 JavaThread "File watcher server" daemon [_thread_in_native, id=16560, stack(0x000000329bd00000,0x000000329be00000)]
  0x00000175e97d9000 JavaThread "File watcher consumer" daemon [_thread_blocked, id=17224, stack(0x000000329be00000,0x000000329bf00000)]
  0x00000175e97d7800 JavaThread "Cache worker for checksums cache (C:\Users\Padma\AndroidStudioProjects\PadmasAndroidLabs\.gradle\7.4\checksums)" [_thread_blocked, id=16852, stack(0x000000329c000000,0x000000329c100000)]
  0x00000175e97d8800 JavaThread "Cache worker for cache directory md-rule (C:\Users\Padma\.gradle\caches\7.4\md-rule)" [_thread_blocked, id=5672, stack(0x000000329c100000,0x000000329c200000)]
  0x00000175e97d3800 JavaThread "Cache worker for file hash cache (C:\Users\Padma\AndroidStudioProjects\PadmasAndroidLabs\.gradle\7.4\fileHashes)" [_thread_blocked, id=4920, stack(0x000000329c200000,0x000000329c300000)]
  0x00000175e97dd800 JavaThread "Cache worker for cache directory md-supplier (C:\Users\Padma\.gradle\caches\7.4\md-supplier)" [_thread_blocked, id=17056, stack(0x000000329c300000,0x000000329c400000)]
  0x00000175e97de000 JavaThread "Cache worker for execution history cache (C:\Users\Padma\.gradle\caches\7.4\executionHistory)" [_thread_blocked, id=12236, stack(0x000000329c400000,0x000000329c500000)]
  0x00000175e97df000 JavaThread "jar transforms" [_thread_blocked, id=17680, stack(0x000000329c500000,0x000000329c600000)]
  0x00000175e97db800 JavaThread "Cache worker for file content cache (C:\Users\Padma\.gradle\caches\7.4\fileContent)" [_thread_blocked, id=13916, stack(0x000000329c600000,0x000000329c700000)]
  0x00000175e97e0800 JavaThread "jar transforms Thread 2" [_thread_blocked, id=4508, stack(0x000000329c700000,0x000000329c800000)]
  0x00000175e97db000 JavaThread "Cache worker for dependencies-accessors (C:\Users\Padma\AndroidStudioProjects\PadmasAndroidLabs\.gradle\7.4\dependencies-accessors)" [_thread_blocked, id=19896, stack(0x000000329c800000,0x000000329c900000)]
  0x00000175e97dc800 JavaThread "jar transforms Thread 3" [_thread_blocked, id=7864, stack(0x000000329c900000,0x000000329ca00000)]
  0x00000175e97e1800 JavaThread "Cache worker for Build Output Cleanup Cache (C:\Users\Padma\AndroidStudioProjects\PadmasAndroidLabs\.gradle\buildOutputCleanup)" [_thread_blocked, id=12200, stack(0x000000329ca00000,0x000000329cb00000)]
  0x00000175ec446800 JavaThread "Unconstrained build operations" [_thread_blocked, id=20920, stack(0x000000329cb00000,0x000000329cc00000)]
  0x00000175ec448800 JavaThread "Unconstrained build operations Thread 2" [_thread_blocked, id=21456, stack(0x000000329cc00000,0x000000329cd00000)]
  0x00000175ec449000 JavaThread "Unconstrained build operations Thread 3" [_thread_blocked, id=19580, stack(0x000000329cd00000,0x000000329ce00000)]
  0x00000175ec447800 JavaThread "Unconstrained build operations Thread 4" [_thread_blocked, id=16052, stack(0x000000329ce00000,0x000000329cf00000)]
  0x00000175ec445000 JavaThread "Unconstrained build operations Thread 5" [_thread_blocked, id=8460, stack(0x000000329cf00000,0x000000329d000000)]
  0x00000175ec44a000 JavaThread "Unconstrained build operations Thread 6" [_thread_blocked, id=1400, stack(0x000000329d000000,0x000000329d100000)]
  0x00000175ec444000 JavaThread "Unconstrained build operations Thread 7" [_thread_blocked, id=3852, stack(0x000000329d100000,0x000000329d200000)]
  0x00000175ec44a800 JavaThread "Unconstrained build operations Thread 8" [_thread_blocked, id=7880, stack(0x000000329d200000,0x000000329d300000)]
  0x00000175ec446000 JavaThread "Unconstrained build operations Thread 9" [_thread_blocked, id=19928, stack(0x000000329d300000,0x000000329d400000)]
  0x00000175e86e4000 JavaThread "Unconstrained build operations Thread 10" [_thread_blocked, id=11032, stack(0x000000329d400000,0x000000329d500000)]
  0x00000175e86e5000 JavaThread "Unconstrained build operations Thread 11" [_thread_blocked, id=9640, stack(0x000000329d500000,0x000000329d600000)]
  0x00000175e86e5800 JavaThread "Unconstrained build operations Thread 12" [_thread_blocked, id=8024, stack(0x000000329d600000,0x000000329d700000)]
  0x00000175e86e3000 JavaThread "Unconstrained build operations Thread 13" [_thread_blocked, id=17756, stack(0x000000329d700000,0x000000329d800000)]
  0x00000175e86e0800 JavaThread "Unconstrained build operations Thread 14" [_thread_blocked, id=2396, stack(0x000000329d800000,0x000000329d900000)]
  0x00000175e86e6800 JavaThread "Unconstrained build operations Thread 15" [_thread_blocked, id=1948, stack(0x000000329d900000,0x000000329da00000)]
  0x00000175e86e7000 JavaThread "Unconstrained build operations Thread 16" [_thread_blocked, id=3728, stack(0x000000329da00000,0x000000329db00000)]
  0x00000175e86e1800 JavaThread "Unconstrained build operations Thread 17" [_thread_blocked, id=15692, stack(0x000000329db00000,0x000000329dc00000)]
  0x00000175e86e8000 JavaThread "Unconstrained build operations Thread 18" [_thread_blocked, id=2548, stack(0x000000329dc00000,0x000000329dd00000)]
  0x00000175e86e2800 JavaThread "Unconstrained build operations Thread 19" [_thread_blocked, id=4892, stack(0x000000329dd00000,0x000000329de00000)]
  0x00000175e86e9000 JavaThread "Unconstrained build operations Thread 20" [_thread_blocked, id=18216, stack(0x000000329de00000,0x000000329df00000)]
  0x00000175e86ee800 JavaThread "Unconstrained build operations Thread 21" [_thread_blocked, id=21124, stack(0x000000329df00000,0x000000329e000000)]
  0x00000175e86ea800 JavaThread "Unconstrained build operations Thread 22" [_thread_blocked, id=2016, stack(0x000000329e000000,0x000000329e100000)]
  0x00000175e86ef800 JavaThread "Unconstrained build operations Thread 23" [_thread_blocked, id=10808, stack(0x000000329e100000,0x000000329e200000)]
  0x00000175e86ed000 JavaThread "Unconstrained build operations Thread 24" [_thread_blocked, id=20872, stack(0x000000329e200000,0x000000329e300000)]
  0x00000175e86eb800 JavaThread "Unconstrained build operations Thread 25" [_thread_blocked, id=896, stack(0x000000329e300000,0x000000329e400000)]
  0x00000175e86ec000 JavaThread "Unconstrained build operations Thread 26" [_thread_blocked, id=21068, stack(0x000000329e400000,0x000000329e500000)]
  0x00000175e86ed800 JavaThread "Unconstrained build operations Thread 27" [_thread_blocked, id=3696, stack(0x000000329e500000,0x000000329e600000)]
  0x00000175e86e9800 JavaThread "Unconstrained build operations Thread 28" [_thread_blocked, id=16304, stack(0x000000329e600000,0x000000329e700000)]
  0x00000175eae3c000 JavaThread "Unconstrained build operations Thread 29" [_thread_blocked, id=18996, stack(0x000000329e700000,0x000000329e800000)]
  0x00000175eae39800 JavaThread "Unconstrained build operations Thread 30" [_thread_blocked, id=21120, stack(0x000000329e800000,0x000000329e900000)]
  0x00000175eae36800 JavaThread "Unconstrained build operations Thread 31" [_thread_blocked, id=15540, stack(0x000000329e900000,0x000000329ea00000)]
  0x00000175eae38800 JavaThread "Unconstrained build operations Thread 32" [_thread_blocked, id=14428, stack(0x000000329ea00000,0x000000329eb00000)]
  0x00000175eae3b000 JavaThread "Unconstrained build operations Thread 33" [_thread_blocked, id=10220, stack(0x000000329eb00000,0x000000329ec00000)]
  0x00000175eae3d000 JavaThread "Unconstrained build operations Thread 34" [_thread_blocked, id=6688, stack(0x000000329ec00000,0x000000329ed00000)]
  0x00000175eae37000 JavaThread "Unconstrained build operations Thread 35" [_thread_blocked, id=13472, stack(0x000000329ed00000,0x000000329ee00000)]
  0x00000175eae38000 JavaThread "Unconstrained build operations Thread 36" [_thread_blocked, id=2944, stack(0x000000329ee00000,0x000000329ef00000)]
  0x00000175eae3a800 JavaThread "Unconstrained build operations Thread 37" [_thread_blocked, id=14812, stack(0x000000329ef00000,0x000000329f000000)]
  0x00000175e8970000 JavaThread "Unconstrained build operations Thread 38" [_thread_blocked, id=17588, stack(0x000000329f000000,0x000000329f100000)]
  0x00000175e896d800 JavaThread "Unconstrained build operations Thread 39" [_thread_blocked, id=17172, stack(0x000000329f100000,0x000000329f200000)]
  0x00000175e896e800 JavaThread "Unconstrained build operations Thread 40" [_thread_blocked, id=13684, stack(0x000000329f200000,0x000000329f300000)]
  0x00000175e896f800 JavaThread "Unconstrained build operations Thread 41" [_thread_blocked, id=11164, stack(0x000000329f300000,0x000000329f400000)]
  0x00000175e8976000 JavaThread "Unconstrained build operations Thread 42" [_thread_blocked, id=2988, stack(0x000000329f400000,0x000000329f500000)]
  0x00000175e8975000 JavaThread "Unconstrained build operations Thread 43" [_thread_blocked, id=17316, stack(0x000000329f500000,0x000000329f600000)]
  0x00000175e8976800 JavaThread "Unconstrained build operations Thread 44" [_thread_blocked, id=15280, stack(0x000000329f600000,0x000000329f700000)]
  0x00000175e8971000 JavaThread "Unconstrained build operations Thread 45" [_thread_blocked, id=12532, stack(0x000000329f700000,0x000000329f800000)]
  0x00000175e8974000 JavaThread "Unconstrained build operations Thread 46" [_thread_blocked, id=9644, stack(0x000000329f800000,0x000000329f900000)]
  0x00000175e8977800 JavaThread "Unconstrained build operations Thread 47" [_thread_blocked, id=1144, stack(0x000000329f900000,0x000000329fa00000)]
  0x00000175e8972800 JavaThread "Unconstrained build operations Thread 48" [_thread_blocked, id=7444, stack(0x000000329fa00000,0x000000329fb00000)]
  0x00000175e8972000 JavaThread "Unconstrained build operations Thread 49" [_thread_blocked, id=1520, stack(0x000000329fb00000,0x000000329fc00000)]
  0x00000175e8979000 JavaThread "Unconstrained build operations Thread 50" [_thread_blocked, id=11756, stack(0x000000329fc00000,0x000000329fd00000)]
  0x00000175e8973800 JavaThread "Unconstrained build operations Thread 51" [_thread_blocked, id=21280, stack(0x000000329fd00000,0x000000329fe00000)]
  0x00000175e897a000 JavaThread "Unconstrained build operations Thread 52" [_thread_blocked, id=6644, stack(0x000000329fe00000,0x000000329ff00000)]
  0x00000175e8978800 JavaThread "Unconstrained build operations Thread 53" [_thread_blocked, id=7072, stack(0x000000329ff00000,0x00000032a0000000)]
  0x00000175e897b000 JavaThread "Unconstrained build operations Thread 54" [_thread_blocked, id=16824, stack(0x00000032a0000000,0x00000032a0100000)]
  0x00000175e897b800 JavaThread "Unconstrained build operations Thread 55" [_thread_blocked, id=10468, stack(0x00000032a0100000,0x00000032a0200000)]
  0x00000175e897c800 JavaThread "Unconstrained build operations Thread 56" [_thread_blocked, id=1160, stack(0x00000032a0200000,0x00000032a0300000)]
  0x00000175e83e2000 JavaThread "Unconstrained build operations Thread 57" [_thread_blocked, id=10228, stack(0x00000032a0300000,0x00000032a0400000)]
  0x00000175e83df800 JavaThread "Unconstrained build operations Thread 58" [_thread_blocked, id=17912, stack(0x00000032a0400000,0x00000032a0500000)]
  0x00000175e83e0800 JavaThread "Unconstrained build operations Thread 59" [_thread_blocked, id=11448, stack(0x00000032a0500000,0x00000032a0600000)]
  0x00000175e83dd800 JavaThread "Unconstrained build operations Thread 60" [_thread_blocked, id=4020, stack(0x00000032a0600000,0x00000032a0700000)]
  0x00000175e83e3000 JavaThread "Unconstrained build operations Thread 61" [_thread_blocked, id=10728, stack(0x00000032a0700000,0x00000032a0800000)]
  0x00000175e83e4000 JavaThread "Unconstrained build operations Thread 62" [_thread_blocked, id=9412, stack(0x00000032a0800000,0x00000032a0900000)]
  0x00000175e83de000 JavaThread "Unconstrained build operations Thread 63" [_thread_blocked, id=19656, stack(0x00000032a0900000,0x00000032a0a00000)]
  0x00000175e83e4800 JavaThread "Unconstrained build operations Thread 64" [_thread_blocked, id=8588, stack(0x00000032a0a00000,0x00000032a0b00000)]
  0x00000175e83e1800 JavaThread "Unconstrained build operations Thread 65" [_thread_blocked, id=17256, stack(0x00000032a0b00000,0x00000032a0c00000)]
  0x00000175e83df000 JavaThread "Unconstrained build operations Thread 66" [_thread_blocked, id=19104, stack(0x00000032a0c00000,0x00000032a0d00000)]
  0x00000175e83ea800 JavaThread "Unconstrained build operations Thread 67" [_thread_blocked, id=19864, stack(0x00000032a0d00000,0x00000032a0e00000)]
  0x00000175e83e9800 JavaThread "Unconstrained build operations Thread 68" [_thread_blocked, id=20748, stack(0x00000032a0e00000,0x00000032a0f00000)]
  0x00000175e83eb000 JavaThread "Unconstrained build operations Thread 69" [_thread_blocked, id=19876, stack(0x00000032a0f00000,0x00000032a1000000)]
  0x00000175e83e5800 JavaThread "Unconstrained build operations Thread 70" [_thread_blocked, id=16580, stack(0x00000032a1000000,0x00000032a1100000)]
  0x00000175e83ec000 JavaThread "Unconstrained build operations Thread 71" [_thread_blocked, id=15124, stack(0x00000032a1100000,0x00000032a1200000)]
  0x00000175e83e7000 JavaThread "Unconstrained build operations Thread 72" [_thread_blocked, id=15856, stack(0x00000032a1200000,0x00000032a1300000)]
  0x00000175e83e6800 JavaThread "Unconstrained build operations Thread 73" [_thread_blocked, id=9848, stack(0x00000032a1300000,0x00000032a1400000)]
  0x00000175e83e8000 JavaThread "Unconstrained build operations Thread 74" [_thread_blocked, id=16652, stack(0x00000032a1400000,0x00000032a1500000)]
  0x00000175e83e8800 JavaThread "Unconstrained build operations Thread 75" [_thread_blocked, id=15608, stack(0x00000032a1500000,0x00000032a1600000)]
  0x00000175e8154000 JavaThread "Unconstrained build operations Thread 76" [_thread_blocked, id=3272, stack(0x00000032a1600000,0x00000032a1700000)]
  0x00000175e8153800 JavaThread "Unconstrained build operations Thread 77" [_thread_blocked, id=20700, stack(0x00000032a1700000,0x00000032a1800000)]
  0x00000175e8155000 JavaThread "Unconstrained build operations Thread 78" [_thread_blocked, id=16100, stack(0x00000032a1800000,0x00000032a1900000)]
  0x00000175e815b800 JavaThread "Unconstrained build operations Thread 79" [_thread_blocked, id=3224, stack(0x00000032a1900000,0x00000032a1a00000)]
  0x00000175e8155800 JavaThread "Unconstrained build operations Thread 80" [_thread_blocked, id=3004, stack(0x00000032a1a00000,0x00000032a1b00000)]
  0x00000175e8157800 JavaThread "jar transforms Thread 4" [_thread_blocked, id=4308, stack(0x00000032a1b00000,0x00000032a1c00000)]
  0x00000175e815a800 JavaThread "jar transforms Thread 5" [_thread_blocked, id=18160, stack(0x00000032a1c00000,0x00000032a1d00000)]
  0x00000175e8159000 JavaThread "jar transforms Thread 6" [_thread_blocked, id=14120, stack(0x00000032a1d00000,0x00000032a1e00000)]
  0x00000175e815c800 JavaThread "jar transforms Thread 7" [_thread_blocked, id=13688, stack(0x00000032a1e00000,0x00000032a1f00000)]
  0x00000175e8156800 JavaThread "jar transforms Thread 8" [_thread_blocked, id=7616, stack(0x00000032a1f00000,0x00000032a2000000)]
  0x00000175e815d000 JavaThread "Memory manager" [_thread_blocked, id=17012, stack(0x00000032a2000000,0x00000032a2100000)]
  0x00000175e7346000 JavaThread "C2 CompilerThread1" daemon [_thread_in_native, id=19556, stack(0x000000329b400000,0x000000329b500000)]
=>0x00000175efc4e000 JavaThread "C2 CompilerThread2" daemon [_thread_in_native, id=15816, stack(0x000000329bf00000,0x000000329c000000)]
  0x00000175e815e000 JavaThread "build event listener" [_thread_blocked, id=18812, stack(0x00000032a2100000,0x00000032a2200000)]
  0x00000175e815a000 JavaThread "included builds" [_thread_blocked, id=20224, stack(0x00000032a2200000,0x00000032a2300000)]
  0x00000175e8158000 JavaThread "Execution worker for ':'" [_thread_blocked, id=15412, stack(0x00000032a2300000,0x00000032a2400000)]
  0x00000175e8161000 JavaThread "Execution worker for ':' Thread 2" [_thread_blocked, id=2316, stack(0x00000032a2400000,0x00000032a2500000)]
  0x00000175e815e800 JavaThread "Execution worker for ':' Thread 3" [_thread_blocked, id=2504, stack(0x00000032a2500000,0x00000032a2600000)]
  0x00000175e815f800 JavaThread "Execution worker for ':' Thread 4" [_thread_blocked, id=10200, stack(0x00000032a2600000,0x00000032a2700000)]
  0x00000175e8160800 JavaThread "Execution worker for ':' Thread 5" [_thread_blocked, id=20992, stack(0x00000032a2700000,0x00000032a2800000)]
  0x00000175e8162000 JavaThread "Execution worker for ':' Thread 6" [_thread_blocked, id=9088, stack(0x00000032a2800000,0x00000032a2900000)]
  0x00000175ecdc2000 JavaThread "Execution worker for ':' Thread 7" [_thread_blocked, id=988, stack(0x00000032a2900000,0x00000032a2a00000)]
  0x00000175ecdbf800 JavaThread "Cache worker for execution history cache (C:\Users\Padma\AndroidStudioProjects\PadmasAndroidLabs\.gradle\7.4\executionHistory)" [_thread_blocked, id=16240, stack(0x00000032a2a00000,0x00000032a2b00000)]
  0x00000175ecdc1000 JavaThread "WorkerExecutor Queue" [_thread_in_vm, id=15372, stack(0x00000032a3000000,0x00000032a3100000)]

Other Threads:
  0x00000175e675d000 VMThread "VM Thread" [stack: 0x0000003299c00000,0x0000003299d00000] [id=13920]
  0x00000175e7165800 WatcherThread [stack: 0x000000329a600000,0x000000329a700000] [id=13136]
  0x00000175ca2dc000 GCTaskThread "GC Thread#0" [stack: 0x0000003299700000,0x0000003299800000] [id=10160]
  0x00000175e8347800 GCTaskThread "GC Thread#1" [stack: 0x000000329a900000,0x000000329aa00000] [id=12844]
  0x00000175e821c800 GCTaskThread "GC Thread#2" [stack: 0x000000329aa00000,0x000000329ab00000] [id=12272]
  0x00000175e8641000 GCTaskThread "GC Thread#3" [stack: 0x000000329ab00000,0x000000329ac00000] [id=14016]
  0x00000175e761b800 GCTaskThread "GC Thread#4" [stack: 0x000000329b500000,0x000000329b600000] [id=20416]
  0x00000175e92e4800 GCTaskThread "GC Thread#5" [stack: 0x000000329b600000,0x000000329b700000] [id=15232]
  0x00000175e9573000 GCTaskThread "GC Thread#6" [stack: 0x000000329b700000,0x000000329b800000] [id=3832]
  0x00000175e8bc5800 GCTaskThread "GC Thread#7" [stack: 0x000000329b800000,0x000000329b900000] [id=19412]
  0x00000175ca30e000 ConcurrentGCThread "G1 Main Marker" [stack: 0x0000003299800000,0x0000003299900000] [id=2480]
  0x00000175ca310000 ConcurrentGCThread "G1 Conc#0" [stack: 0x0000003299900000,0x0000003299a00000] [id=13236]
  0x00000175e8e90000 ConcurrentGCThread "G1 Conc#1" [stack: 0x000000329bc00000,0x000000329bd00000] [id=8248]
  0x00000175ca39d800 ConcurrentGCThread "G1 Refine#0" [stack: 0x0000003299a00000,0x0000003299b00000] [id=1820]
  0x00000175ec253800 ConcurrentGCThread "G1 Refine#1" [stack: 0x00000032a2b00000,0x00000032a2c00000] [id=2592]
  0x00000175ec57b000 ConcurrentGCThread "G1 Refine#2" [stack: 0x00000032a2c00000,0x00000032a2d00000] [id=20208]
  0x00000175f001a000 ConcurrentGCThread "G1 Refine#3" [stack: 0x00000032a2d00000,0x00000032a2e00000] [id=12340]
  0x00000175ecb51000 ConcurrentGCThread "G1 Refine#4" [stack: 0x00000032a2e00000,0x00000032a2f00000] [id=15064]
  0x00000175eadaf800 ConcurrentGCThread "G1 Refine#5" [stack: 0x00000032a2f00000,0x00000032a3000000] [id=1200]
  0x00000175e65ac800 ConcurrentGCThread "G1 Young RemSet Sampling" [stack: 0x0000003299b00000,0x0000003299c00000] [id=12184]

Threads with active compile tasks:
C2 CompilerThread0  21834 9772       4       org.objectweb.asm.Label::put (83 bytes)
C1 CompilerThread0  21834 9780       1       org.gradle.api.internal.tasks.properties.annotations.NestedBeanAnnotationHandler::shouldVisit (2 bytes)
C2 CompilerThread1  21834 9758   !   4       java.util.concurrent.ConcurrentHashMap::putVal (432 bytes)
C2 CompilerThread2  21834 9686       4       com.android.utils.XmlUtils::append (645 bytes)

VM state:at safepoint (normal execution)

VM Mutex/Monitor currently owned by a thread:  ([mutex/lock_event])
[0x00000175ca2be130] Threads_lock - owner thread: 0x00000175e675d000

Heap address: 0x0000000080000000, size: 2048 MB, Compressed Oops mode: 32-bit
Narrow klass base: 0x0000000000000000, Narrow klass shift: 3
Compressed class space size: 1073741824 Address: 0x0000000100000000

Heap:
 garbage-first heap   total 196608K, used 112859K [0x0000000080000000, 0x0000000100000000)
  region size 1024K, 28 young (28672K), 13 survivors (13312K)
 Metaspace       used 86010K, capacity 88213K, committed 88272K, reserved 1126400K
  class space    used 11151K, capacity 11983K, committed 12032K, reserved 1048576K
Heap Regions: E=young(eden), S=young(survivor), O=old, HS=humongous(starts), HC=humongous(continues), CS=collection set, F=free, A=archive, TAMS=top-at-mark-start (previous, next)
|   0|0x0000000080000000, 0x0000000080100000, 0x0000000080100000|100%| O|  |TAMS 0x0000000080100000, 0x0000000080000000| Untracked 
|   1|0x0000000080100000, 0x0000000080200000, 0x0000000080200000|100%| O|  |TAMS 0x0000000080200000, 0x0000000080100000| Untracked 
|   2|0x0000000080200000, 0x0000000080300000, 0x0000000080300000|100%| O|  |TAMS 0x0000000080300000, 0x0000000080200000| Untracked 
|   3|0x0000000080300000, 0x0000000080400000, 0x0000000080400000|100%|HS|  |TAMS 0x0000000080400000, 0x0000000080300000| Complete 
|   4|0x0000000080400000, 0x0000000080500000, 0x0000000080500000|100%|HC|  |TAMS 0x0000000080500000, 0x0000000080400000| Complete 
|   5|0x0000000080500000, 0x0000000080600000, 0x0000000080600000|100%|HC|  |TAMS 0x0000000080600000, 0x0000000080500000| Complete 
|   6|0x0000000080600000, 0x0000000080700000, 0x0000000080700000|100%| O|  |TAMS 0x0000000080700000, 0x0000000080600000| Untracked 
|   7|0x0000000080700000, 0x0000000080800000, 0x0000000080800000|100%| O|  |TAMS 0x0000000080800000, 0x0000000080700000| Untracked 
|   8|0x0000000080800000, 0x0000000080900000, 0x0000000080900000|100%| O|  |TAMS 0x0000000080900000, 0x0000000080800000| Untracked 
|   9|0x0000000080900000, 0x0000000080a00000, 0x0000000080a00000|100%| O|  |TAMS 0x0000000080a00000, 0x0000000080900000| Untracked 
|  10|0x0000000080a00000, 0x0000000080b00000, 0x0000000080b00000|100%| O|  |TAMS 0x0000000080b00000, 0x0000000080a00000| Untracked 
|  11|0x0000000080b00000, 0x0000000080c00000, 0x0000000080c00000|100%| O|  |TAMS 0x0000000080c00000, 0x0000000080b00000| Untracked 
|  12|0x0000000080c00000, 0x0000000080d00000, 0x0000000080d00000|100%| O|  |TAMS 0x0000000080d00000, 0x0000000080c00000| Untracked 
|  13|0x0000000080d00000, 0x0000000080e00000, 0x0000000080e00000|100%| O|  |TAMS 0x0000000080e00000, 0x0000000080d00000| Untracked 
|  14|0x0000000080e00000, 0x0000000080f00000, 0x0000000080f00000|100%| O|  |TAMS 0x0000000080f00000, 0x0000000080e00000| Untracked 
|  15|0x0000000080f00000, 0x0000000081000000, 0x0000000081000000|100%| O|  |TAMS 0x0000000081000000, 0x0000000080f00000| Untracked 
|  16|0x0000000081000000, 0x0000000081100000, 0x0000000081100000|100%| O|  |TAMS 0x0000000081100000, 0x0000000081000000| Untracked 
|  17|0x0000000081100000, 0x0000000081200000, 0x0000000081200000|100%|HS|  |TAMS 0x0000000081200000, 0x0000000081100000| Complete 
|  18|0x0000000081200000, 0x0000000081300000, 0x0000000081300000|100%|HS|  |TAMS 0x0000000081300000, 0x0000000081200000| Complete 
|  19|0x0000000081300000, 0x0000000081400000, 0x0000000081400000|100%| O|  |TAMS 0x0000000081400000, 0x0000000081300000| Untracked 
|  20|0x0000000081400000, 0x0000000081500000, 0x0000000081500000|100%|HS|  |TAMS 0x0000000081500000, 0x0000000081400000| Complete 
|  21|0x0000000081500000, 0x0000000081600000, 0x0000000081600000|100%|HC|  |TAMS 0x0000000081600000, 0x0000000081500000| Complete 
|  22|0x0000000081600000, 0x0000000081700000, 0x0000000081700000|100%| O|  |TAMS 0x0000000081700000, 0x0000000081600000| Untracked 
|  23|0x0000000081700000, 0x0000000081800000, 0x0000000081800000|100%| O|  |TAMS 0x0000000081800000, 0x0000000081700000| Untracked 
|  24|0x0000000081800000, 0x0000000081900000, 0x0000000081900000|100%| O|  |TAMS 0x0000000081900000, 0x0000000081800000| Untracked 
|  25|0x0000000081900000, 0x0000000081a00000, 0x0000000081a00000|100%| O|  |TAMS 0x0000000081a00000, 0x0000000081900000| Untracked 
|  26|0x0000000081a00000, 0x0000000081b00000, 0x0000000081b00000|100%| O|  |TAMS 0x0000000081b00000, 0x0000000081a00000| Untracked 
|  27|0x0000000081b00000, 0x0000000081c00000, 0x0000000081c00000|100%| O|  |TAMS 0x0000000081c00000, 0x0000000081b00000| Untracked 
|  28|0x0000000081c00000, 0x0000000081d00000, 0x0000000081d00000|100%| O|  |TAMS 0x0000000081d00000, 0x0000000081c00000| Untracked 
|  29|0x0000000081d00000, 0x0000000081e00000, 0x0000000081e00000|100%| O|  |TAMS 0x0000000081e00000, 0x0000000081d00000| Untracked 
|  30|0x0000000081e00000, 0x0000000081f00000, 0x0000000081f00000|100%| O|  |TAMS 0x0000000081f00000, 0x0000000081e00000| Untracked 
|  31|0x0000000081f00000, 0x0000000082000000, 0x0000000082000000|100%| O|  |TAMS 0x0000000082000000, 0x0000000081f00000| Untracked 
|  32|0x0000000082000000, 0x0000000082100000, 0x0000000082100000|100%| O|  |TAMS 0x00000000820a3e00, 0x0000000082000000| Untracked 
|  33|0x0000000082100000, 0x0000000082200000, 0x0000000082200000|100%| O|  |TAMS 0x0000000082100000, 0x0000000082100000| Untracked 
|  34|0x0000000082200000, 0x0000000082300000, 0x0000000082300000|100%| O|  |TAMS 0x0000000082200000, 0x0000000082200000| Untracked 
|  35|0x0000000082300000, 0x0000000082400000, 0x0000000082400000|100%| O|  |TAMS 0x0000000082300000, 0x0000000082300000| Untracked 
|  36|0x0000000082400000, 0x0000000082500000, 0x0000000082500000|100%| O|  |TAMS 0x0000000082400000, 0x0000000082400000| Untracked 
|  37|0x0000000082500000, 0x0000000082600000, 0x0000000082600000|100%| O|  |TAMS 0x0000000082500000, 0x0000000082500000| Untracked 
|  38|0x0000000082600000, 0x0000000082700000, 0x0000000082700000|100%| O|  |TAMS 0x0000000082600000, 0x0000000082600000| Untracked 
|  39|0x0000000082700000, 0x0000000082800000, 0x0000000082800000|100%| O|  |TAMS 0x0000000082700000, 0x0000000082700000| Untracked 
|  40|0x0000000082800000, 0x0000000082900000, 0x0000000082900000|100%| O|  |TAMS 0x0000000082800000, 0x0000000082800000| Untracked 
|  41|0x0000000082900000, 0x0000000082a00000, 0x0000000082a00000|100%| O|  |TAMS 0x0000000082900000, 0x0000000082900000| Untracked 
|  42|0x0000000082a00000, 0x0000000082b00000, 0x0000000082b00000|100%| O|  |TAMS 0x0000000082a00000, 0x0000000082a00000| Untracked 
|  43|0x0000000082b00000, 0x0000000082c00000, 0x0000000082c00000|100%| O|  |TAMS 0x0000000082b00000, 0x0000000082b00000| Untracked 
|  44|0x0000000082c00000, 0x0000000082d00000, 0x0000000082d00000|100%| O|  |TAMS 0x0000000082c00000, 0x0000000082c00000| Untracked 
|  45|0x0000000082d00000, 0x0000000082e00000, 0x0000000082e00000|100%| O|  |TAMS 0x0000000082d00000, 0x0000000082d00000| Untracked 
|  46|0x0000000082e00000, 0x0000000082f00000, 0x0000000082f00000|100%| O|  |TAMS 0x0000000082e00000, 0x0000000082e00000| Untracked 
|  47|0x0000000082f00000, 0x0000000083000000, 0x0000000083000000|100%| O|  |TAMS 0x0000000082f00000, 0x0000000082f00000| Untracked 
|  48|0x0000000083000000, 0x0000000083100000, 0x0000000083100000|100%| O|  |TAMS 0x0000000083000000, 0x0000000083000000| Untracked 
|  49|0x0000000083100000, 0x0000000083200000, 0x0000000083200000|100%| O|  |TAMS 0x0000000083100000, 0x0000000083100000| Untracked 
|  50|0x0000000083200000, 0x0000000083300000, 0x0000000083300000|100%| O|  |TAMS 0x0000000083200000, 0x0000000083200000| Untracked 
|  51|0x0000000083300000, 0x0000000083400000, 0x0000000083400000|100%| O|  |TAMS 0x0000000083300000, 0x0000000083300000| Untracked 
|  52|0x0000000083400000, 0x0000000083500000, 0x0000000083500000|100%|HS|  |TAMS 0x0000000083400000, 0x0000000083400000| Complete 
|  53|0x0000000083500000, 0x0000000083500000, 0x0000000083600000|  0%| F|  |TAMS 0x0000000083500000, 0x0000000083500000| Untracked 
|  54|0x0000000083600000, 0x0000000083700000, 0x0000000083700000|100%| O|  |TAMS 0x0000000083600000, 0x0000000083600000| Untracked 
|  55|0x0000000083700000, 0x0000000083800000, 0x0000000083800000|100%| O|  |TAMS 0x0000000083700000, 0x0000000083700000| Untracked 
|  56|0x0000000083800000, 0x0000000083900000, 0x0000000083900000|100%| O|  |TAMS 0x0000000083800000, 0x0000000083800000| Untracked 
|  57|0x0000000083900000, 0x0000000083a00000, 0x0000000083a00000|100%| O|  |TAMS 0x0000000083900000, 0x0000000083900000| Untracked 
|  58|0x0000000083a00000, 0x0000000083b00000, 0x0000000083b00000|100%| O|  |TAMS 0x0000000083a00000, 0x0000000083a00000| Untracked 
|  59|0x0000000083b00000, 0x0000000083c00000, 0x0000000083c00000|100%| O|  |TAMS 0x0000000083b00000, 0x0000000083b00000| Untracked 
|  60|0x0000000083c00000, 0x0000000083d00000, 0x0000000083d00000|100%| O|  |TAMS 0x0000000083c00000, 0x0000000083c00000| Untracked 
|  61|0x0000000083d00000, 0x0000000083e00000, 0x0000000083e00000|100%| O|  |TAMS 0x0000000083d00000, 0x0000000083d00000| Untracked 
|  62|0x0000000083e00000, 0x0000000083f00000, 0x0000000083f00000|100%| O|  |TAMS 0x0000000083e00000, 0x0000000083e00000| Untracked 
|  63|0x0000000083f00000, 0x0000000084000000, 0x0000000084000000|100%| O|  |TAMS 0x0000000083f00000, 0x0000000083f00000| Untracked 
|  64|0x0000000084000000, 0x0000000084100000, 0x0000000084100000|100%| O|  |TAMS 0x0000000084000000, 0x0000000084000000| Untracked 
|  65|0x0000000084100000, 0x0000000084200000, 0x0000000084200000|100%| O|  |TAMS 0x0000000084100000, 0x0000000084100000| Untracked 
|  66|0x0000000084200000, 0x0000000084300000, 0x0000000084300000|100%| O|  |TAMS 0x0000000084200000, 0x0000000084200000| Untracked 
|  67|0x0000000084300000, 0x0000000084400000, 0x0000000084400000|100%| O|  |TAMS 0x0000000084300000, 0x0000000084300000| Untracked 
|  68|0x0000000084400000, 0x0000000084500000, 0x0000000084500000|100%| O|  |TAMS 0x0000000084400000, 0x0000000084400000| Untracked 
|  69|0x0000000084500000, 0x0000000084600000, 0x0000000084600000|100%| O|  |TAMS 0x0000000084500000, 0x0000000084500000| Untracked 
|  70|0x0000000084600000, 0x0000000084700000, 0x0000000084700000|100%| O|  |TAMS 0x0000000084600000, 0x0000000084600000| Untracked 
|  71|0x0000000084700000, 0x0000000084736e00, 0x0000000084800000| 21%| O|  |TAMS 0x0000000084700000, 0x0000000084700000| Untracked 
|  72|0x0000000084800000, 0x0000000084900000, 0x0000000084900000|100%|HS|  |TAMS 0x0000000084800000, 0x0000000084800000| Complete 
|  73|0x0000000084900000, 0x0000000084a00000, 0x0000000084a00000|100%|HC|  |TAMS 0x0000000084900000, 0x0000000084900000| Complete 
|  74|0x0000000084a00000, 0x0000000084b00000, 0x0000000084b00000|100%|HS|  |TAMS 0x0000000084a00000, 0x0000000084a00000| Complete 
|  75|0x0000000084b00000, 0x0000000084c00000, 0x0000000084c00000|100%|HC|  |TAMS 0x0000000084b00000, 0x0000000084b00000| Complete 
|  76|0x0000000084c00000, 0x0000000084d00000, 0x0000000084d00000|100%|HC|  |TAMS 0x0000000084c00000, 0x0000000084c00000| Complete 
|  77|0x0000000084d00000, 0x0000000084e00000, 0x0000000084e00000|100%|HC|  |TAMS 0x0000000084d00000, 0x0000000084d00000| Complete 
|  78|0x0000000084e00000, 0x0000000084f00000, 0x0000000084f00000|100%|HS|  |TAMS 0x0000000084e00000, 0x0000000084e00000| Complete 
|  79|0x0000000084f00000, 0x0000000085000000, 0x0000000085000000|100%|HC|  |TAMS 0x0000000084f00000, 0x0000000084f00000| Complete 
|  80|0x0000000085000000, 0x0000000085100000, 0x0000000085100000|100%| S|CS|TAMS 0x0000000085000000, 0x0000000085000000| Complete 
|  81|0x0000000085100000, 0x0000000085200000, 0x0000000085200000|100%| S|CS|TAMS 0x0000000085100000, 0x0000000085100000| Complete 
|  82|0x0000000085200000, 0x0000000085300000, 0x0000000085300000|100%| S|CS|TAMS 0x0000000085200000, 0x0000000085200000| Complete 
|  83|0x0000000085300000, 0x0000000085400000, 0x0000000085400000|100%|HS|  |TAMS 0x0000000085300000, 0x0000000085300000| Complete 
|  84|0x0000000085400000, 0x0000000085500000, 0x0000000085500000|100%|HC|  |TAMS 0x0000000085400000, 0x0000000085400000| Complete 
|  85|0x0000000085500000, 0x0000000085600000, 0x0000000085600000|100%|HC|  |TAMS 0x0000000085500000, 0x0000000085500000| Complete 
|  86|0x0000000085600000, 0x0000000085700000, 0x0000000085700000|100%|HS|  |TAMS 0x0000000085600000, 0x0000000085600000| Complete 
|  87|0x0000000085700000, 0x0000000085800000, 0x0000000085800000|100%|HC|  |TAMS 0x0000000085700000, 0x0000000085700000| Complete 
|  88|0x0000000085800000, 0x0000000085900000, 0x0000000085900000|100%|HC|  |TAMS 0x0000000085800000, 0x0000000085800000| Complete 
|  89|0x0000000085900000, 0x0000000085900000, 0x0000000085a00000|  0%| F|  |TAMS 0x0000000085900000, 0x0000000085900000| Untracked 
|  90|0x0000000085a00000, 0x0000000085a00000, 0x0000000085b00000|  0%| F|  |TAMS 0x0000000085a00000, 0x0000000085a00000| Untracked 
|  91|0x0000000085b00000, 0x0000000085b00000, 0x0000000085c00000|  0%| F|  |TAMS 0x0000000085b00000, 0x0000000085b00000| Untracked 
|  92|0x0000000085c00000, 0x0000000085d00000, 0x0000000085d00000|100%| S|CS|TAMS 0x0000000085c00000, 0x0000000085c00000| Complete 
|  93|0x0000000085d00000, 0x0000000085e00000, 0x0000000085e00000|100%| S|CS|TAMS 0x0000000085d00000, 0x0000000085d00000| Complete 
|  94|0x0000000085e00000, 0x0000000085f00000, 0x0000000085f00000|100%| S|CS|TAMS 0x0000000085e00000, 0x0000000085e00000| Complete 
|  95|0x0000000085f00000, 0x0000000086000000, 0x0000000086000000|100%| S|CS|TAMS 0x0000000085f00000, 0x0000000085f00000| Complete 
|  96|0x0000000086000000, 0x0000000086100000, 0x0000000086100000|100%| S|CS|TAMS 0x0000000086000000, 0x0000000086000000| Complete 
|  97|0x0000000086100000, 0x0000000086200000, 0x0000000086200000|100%| S|CS|TAMS 0x0000000086100000, 0x0000000086100000| Complete 
|  98|0x0000000086200000, 0x0000000086300000, 0x0000000086300000|100%| S|CS|TAMS 0x0000000086200000, 0x0000000086200000| Complete 
|  99|0x0000000086300000, 0x0000000086300000, 0x0000000086400000|  0%| F|  |TAMS 0x0000000086300000, 0x0000000086300000| Untracked 
| 100|0x0000000086400000, 0x0000000086400000, 0x0000000086500000|  0%| F|  |TAMS 0x0000000086400000, 0x0000000086400000| Untracked 
| 101|0x0000000086500000, 0x0000000086500000, 0x0000000086600000|  0%| F|  |TAMS 0x0000000086500000, 0x0000000086500000| Untracked 
| 102|0x0000000086600000, 0x0000000086700000, 0x0000000086700000|100%| S|CS|TAMS 0x0000000086600000, 0x0000000086600000| Complete 
| 103|0x0000000086700000, 0x0000000086800000, 0x0000000086800000|100%| S|CS|TAMS 0x0000000086700000, 0x0000000086700000| Complete 
| 104|0x0000000086800000, 0x0000000086900000, 0x0000000086900000|100%| S|CS|TAMS 0x0000000086800000, 0x0000000086800000| Complete 
| 105|0x0000000086900000, 0x0000000086900000, 0x0000000086a00000|  0%| F|  |TAMS 0x0000000086900000, 0x0000000086900000| Untracked 
| 106|0x0000000086a00000, 0x0000000086a00000, 0x0000000086b00000|  0%| F|  |TAMS 0x0000000086a00000, 0x0000000086a00000| Untracked 
| 107|0x0000000086b00000, 0x0000000086b00000, 0x0000000086c00000|  0%| F|  |TAMS 0x0000000086b00000, 0x0000000086b00000| Untracked 
| 108|0x0000000086c00000, 0x0000000086c00000, 0x0000000086d00000|  0%| F|  |TAMS 0x0000000086c00000, 0x0000000086c00000| Untracked 
| 109|0x0000000086d00000, 0x0000000086d00000, 0x0000000086e00000|  0%| F|  |TAMS 0x0000000086d00000, 0x0000000086d00000| Untracked 
| 110|0x0000000086e00000, 0x0000000086e00000, 0x0000000086f00000|  0%| F|  |TAMS 0x0000000086e00000, 0x0000000086e00000| Untracked 
| 111|0x0000000086f00000, 0x0000000086f00000, 0x0000000087000000|  0%| F|  |TAMS 0x0000000086f00000, 0x0000000086f00000| Untracked 
| 112|0x0000000087000000, 0x0000000087000000, 0x0000000087100000|  0%| F|  |TAMS 0x0000000087000000, 0x0000000087000000| Untracked 
| 113|0x0000000087100000, 0x0000000087100000, 0x0000000087200000|  0%| F|  |TAMS 0x0000000087100000, 0x0000000087100000| Untracked 
| 114|0x0000000087200000, 0x0000000087200000, 0x0000000087300000|  0%| F|  |TAMS 0x0000000087200000, 0x0000000087200000| Untracked 
| 115|0x0000000087300000, 0x0000000087300000, 0x0000000087400000|  0%| F|  |TAMS 0x0000000087300000, 0x0000000087300000| Untracked 
| 116|0x0000000087400000, 0x0000000087400000, 0x0000000087500000|  0%| F|  |TAMS 0x0000000087400000, 0x0000000087400000| Untracked 
| 117|0x0000000087500000, 0x0000000087500000, 0x0000000087600000|  0%| F|  |TAMS 0x0000000087500000, 0x0000000087500000| Untracked 
| 118|0x0000000087600000, 0x0000000087600000, 0x0000000087700000|  0%| F|  |TAMS 0x0000000087600000, 0x0000000087600000| Untracked 
| 119|0x0000000087700000, 0x0000000087700000, 0x0000000087800000|  0%| F|  |TAMS 0x0000000087700000, 0x0000000087700000| Untracked 
| 120|0x0000000087800000, 0x0000000087800000, 0x0000000087900000|  0%| F|  |TAMS 0x0000000087800000, 0x0000000087800000| Untracked 
| 121|0x0000000087900000, 0x0000000087900000, 0x0000000087a00000|  0%| F|  |TAMS 0x0000000087900000, 0x0000000087900000| Untracked 
| 122|0x0000000087a00000, 0x0000000087a00000, 0x0000000087b00000|  0%| F|  |TAMS 0x0000000087a00000, 0x0000000087a00000| Untracked 
| 123|0x0000000087b00000, 0x0000000087b00000, 0x0000000087c00000|  0%| F|  |TAMS 0x0000000087b00000, 0x0000000087b00000| Untracked 
| 124|0x0000000087c00000, 0x0000000087c00000, 0x0000000087d00000|  0%| F|  |TAMS 0x0000000087c00000, 0x0000000087c00000| Untracked 
| 125|0x0000000087d00000, 0x0000000087d00000, 0x0000000087e00000|  0%| F|  |TAMS 0x0000000087d00000, 0x0000000087d00000| Untracked 
| 126|0x0000000087e00000, 0x0000000087e00000, 0x0000000087f00000|  0%| F|  |TAMS 0x0000000087e00000, 0x0000000087e00000| Untracked 
| 127|0x0000000087f00000, 0x0000000087f00000, 0x0000000088000000|  0%| F|  |TAMS 0x0000000087f00000, 0x0000000087f00000| Untracked 
| 128|0x0000000088000000, 0x0000000088000000, 0x0000000088100000|  0%| F|  |TAMS 0x0000000088000000, 0x0000000088000000| Untracked 
| 129|0x0000000088100000, 0x0000000088100000, 0x0000000088200000|  0%| F|  |TAMS 0x0000000088100000, 0x0000000088100000| Untracked 
| 130|0x0000000088200000, 0x0000000088200000, 0x0000000088300000|  0%| F|  |TAMS 0x0000000088200000, 0x0000000088200000| Untracked 
| 131|0x0000000088300000, 0x0000000088300000, 0x0000000088400000|  0%| F|  |TAMS 0x0000000088300000, 0x0000000088300000| Untracked 
| 132|0x0000000088400000, 0x0000000088400000, 0x0000000088500000|  0%| F|  |TAMS 0x0000000088400000, 0x0000000088400000| Untracked 
| 133|0x0000000088500000, 0x0000000088500000, 0x0000000088600000|  0%| F|  |TAMS 0x0000000088500000, 0x0000000088500000| Untracked 
| 134|0x0000000088600000, 0x0000000088600000, 0x0000000088700000|  0%| F|  |TAMS 0x0000000088600000, 0x0000000088600000| Untracked 
| 135|0x0000000088700000, 0x0000000088700000, 0x0000000088800000|  0%| F|  |TAMS 0x0000000088700000, 0x0000000088700000| Untracked 
| 136|0x0000000088800000, 0x0000000088800000, 0x0000000088900000|  0%| F|  |TAMS 0x0000000088800000, 0x0000000088800000| Untracked 
| 137|0x0000000088900000, 0x0000000088900000, 0x0000000088a00000|  0%| F|  |TAMS 0x0000000088900000, 0x0000000088900000| Untracked 
| 138|0x0000000088a00000, 0x0000000088a00000, 0x0000000088b00000|  0%| F|  |TAMS 0x0000000088a00000, 0x0000000088a00000| Untracked 
| 139|0x0000000088b00000, 0x0000000088b00000, 0x0000000088c00000|  0%| F|  |TAMS 0x0000000088b00000, 0x0000000088b00000| Untracked 
| 140|0x0000000088c00000, 0x0000000088c00000, 0x0000000088d00000|  0%| F|  |TAMS 0x0000000088c00000, 0x0000000088c00000| Untracked 
| 141|0x0000000088d00000, 0x0000000088d00000, 0x0000000088e00000|  0%| F|  |TAMS 0x0000000088d00000, 0x0000000088d00000| Untracked 
| 142|0x0000000088e00000, 0x0000000088e00000, 0x0000000088f00000|  0%| F|  |TAMS 0x0000000088e00000, 0x0000000088e00000| Untracked 
| 143|0x0000000088f00000, 0x0000000088f00000, 0x0000000089000000|  0%| F|  |TAMS 0x0000000088f00000, 0x0000000088f00000| Untracked 
| 144|0x0000000089000000, 0x0000000089000000, 0x0000000089100000|  0%| F|  |TAMS 0x0000000089000000, 0x0000000089000000| Untracked 
| 145|0x0000000089100000, 0x0000000089100000, 0x0000000089200000|  0%| F|  |TAMS 0x0000000089100000, 0x0000000089100000| Untracked 
| 146|0x0000000089200000, 0x0000000089200000, 0x0000000089300000|  0%| F|  |TAMS 0x0000000089200000, 0x0000000089200000| Untracked 
| 147|0x0000000089300000, 0x0000000089300000, 0x0000000089400000|  0%| F|  |TAMS 0x0000000089300000, 0x0000000089300000| Untracked 
| 148|0x0000000089400000, 0x0000000089400000, 0x0000000089500000|  0%| F|  |TAMS 0x0000000089400000, 0x0000000089400000| Untracked 
| 149|0x0000000089500000, 0x0000000089500000, 0x0000000089600000|  0%| F|  |TAMS 0x0000000089500000, 0x0000000089500000| Untracked 
| 150|0x0000000089600000, 0x0000000089600000, 0x0000000089700000|  0%| F|  |TAMS 0x0000000089600000, 0x0000000089600000| Untracked 
| 151|0x0000000089700000, 0x0000000089700000, 0x0000000089800000|  0%| F|  |TAMS 0x0000000089700000, 0x0000000089700000| Untracked 
| 152|0x0000000089800000, 0x0000000089800000, 0x0000000089900000|  0%| F|  |TAMS 0x0000000089800000, 0x0000000089800000| Untracked 
| 153|0x0000000089900000, 0x0000000089900000, 0x0000000089a00000|  0%| F|  |TAMS 0x0000000089900000, 0x0000000089900000| Untracked 
| 154|0x0000000089a00000, 0x0000000089a00000, 0x0000000089b00000|  0%| F|  |TAMS 0x0000000089a00000, 0x0000000089a00000| Untracked 
| 155|0x0000000089b00000, 0x0000000089b00000, 0x0000000089c00000|  0%| F|  |TAMS 0x0000000089b00000, 0x0000000089b00000| Untracked 
| 156|0x0000000089c00000, 0x0000000089c00000, 0x0000000089d00000|  0%| F|  |TAMS 0x0000000089c00000, 0x0000000089c00000| Untracked 
| 157|0x0000000089d00000, 0x0000000089d00000, 0x0000000089e00000|  0%| F|  |TAMS 0x0000000089d00000, 0x0000000089d00000| Untracked 
| 158|0x0000000089e00000, 0x0000000089e00000, 0x0000000089f00000|  0%| F|  |TAMS 0x0000000089e00000, 0x0000000089e00000| Untracked 
| 159|0x0000000089f00000, 0x0000000089f00000, 0x000000008a000000|  0%| F|  |TAMS 0x0000000089f00000, 0x0000000089f00000| Untracked 
| 160|0x000000008a000000, 0x000000008a000000, 0x000000008a100000|  0%| F|  |TAMS 0x000000008a000000, 0x000000008a000000| Untracked 
| 161|0x000000008a100000, 0x000000008a100000, 0x000000008a200000|  0%| F|  |TAMS 0x000000008a100000, 0x000000008a100000| Untracked 
| 162|0x000000008a200000, 0x000000008a200000, 0x000000008a300000|  0%| F|  |TAMS 0x000000008a200000, 0x000000008a200000| Untracked 
| 163|0x000000008a300000, 0x000000008a300000, 0x000000008a400000|  0%| F|  |TAMS 0x000000008a300000, 0x000000008a300000| Untracked 
| 164|0x000000008a400000, 0x000000008a400000, 0x000000008a500000|  0%| F|  |TAMS 0x000000008a400000, 0x000000008a400000| Untracked 
| 165|0x000000008a500000, 0x000000008a500000, 0x000000008a600000|  0%| F|  |TAMS 0x000000008a500000, 0x000000008a500000| Untracked 
| 166|0x000000008a600000, 0x000000008a600000, 0x000000008a700000|  0%| F|  |TAMS 0x000000008a600000, 0x000000008a600000| Untracked 
| 167|0x000000008a700000, 0x000000008a700000, 0x000000008a800000|  0%| F|  |TAMS 0x000000008a700000, 0x000000008a700000| Untracked 
| 168|0x000000008a800000, 0x000000008a800000, 0x000000008a900000|  0%| F|  |TAMS 0x000000008a800000, 0x000000008a800000| Untracked 
| 169|0x000000008a900000, 0x000000008a900000, 0x000000008aa00000|  0%| F|  |TAMS 0x000000008a900000, 0x000000008a900000| Untracked 
| 170|0x000000008aa00000, 0x000000008aa00000, 0x000000008ab00000|  0%| F|  |TAMS 0x000000008aa00000, 0x000000008aa00000| Untracked 
| 171|0x000000008ab00000, 0x000000008ab00000, 0x000000008ac00000|  0%| F|  |TAMS 0x000000008ab00000, 0x000000008ab00000| Untracked 
| 172|0x000000008ac00000, 0x000000008ac00000, 0x000000008ad00000|  0%| F|  |TAMS 0x000000008ac00000, 0x000000008ac00000| Untracked 
| 173|0x000000008ad00000, 0x000000008ad00000, 0x000000008ae00000|  0%| F|  |TAMS 0x000000008ad00000, 0x000000008ad00000| Untracked 
| 174|0x000000008ae00000, 0x000000008ae00000, 0x000000008af00000|  0%| F|  |TAMS 0x000000008ae00000, 0x000000008ae00000| Untracked 
| 175|0x000000008af00000, 0x000000008af00000, 0x000000008b000000|  0%| F|  |TAMS 0x000000008af00000, 0x000000008af00000| Untracked 
| 176|0x000000008b000000, 0x000000008b000000, 0x000000008b100000|  0%| F|  |TAMS 0x000000008b000000, 0x000000008b000000| Untracked 
| 177|0x000000008b100000, 0x000000008b1b4ac0, 0x000000008b200000| 70%| E|  |TAMS 0x000000008b100000, 0x000000008b100000| Complete 
| 178|0x000000008b200000, 0x000000008b300000, 0x000000008b300000|100%| E|CS|TAMS 0x000000008b200000, 0x000000008b200000| Complete 
| 179|0x000000008b300000, 0x000000008b400000, 0x000000008b400000|100%| E|CS|TAMS 0x000000008b300000, 0x000000008b300000| Complete 
| 180|0x000000008b400000, 0x000000008b500000, 0x000000008b500000|100%| E|CS|TAMS 0x000000008b400000, 0x000000008b400000| Complete 
| 181|0x000000008b500000, 0x000000008b600000, 0x000000008b600000|100%| E|CS|TAMS 0x000000008b500000, 0x000000008b500000| Complete 
| 182|0x000000008b600000, 0x000000008b700000, 0x000000008b700000|100%| E|CS|TAMS 0x000000008b600000, 0x000000008b600000| Complete 
| 183|0x000000008b700000, 0x000000008b800000, 0x000000008b800000|100%| E|CS|TAMS 0x000000008b700000, 0x000000008b700000| Complete 
| 184|0x000000008b800000, 0x000000008b900000, 0x000000008b900000|100%| E|CS|TAMS 0x000000008b800000, 0x000000008b800000| Complete 
| 185|0x000000008b900000, 0x000000008ba00000, 0x000000008ba00000|100%| E|CS|TAMS 0x000000008b900000, 0x000000008b900000| Complete 
| 186|0x000000008ba00000, 0x000000008bb00000, 0x000000008bb00000|100%| E|CS|TAMS 0x000000008ba00000, 0x000000008ba00000| Complete 
| 187|0x000000008bb00000, 0x000000008bc00000, 0x000000008bc00000|100%| E|CS|TAMS 0x000000008bb00000, 0x000000008bb00000| Complete 
| 188|0x000000008bc00000, 0x000000008bd00000, 0x000000008bd00000|100%| E|CS|TAMS 0x000000008bc00000, 0x000000008bc00000| Complete 
| 189|0x000000008bd00000, 0x000000008be00000, 0x000000008be00000|100%| E|  |TAMS 0x000000008bd00000, 0x000000008bd00000| Complete 
| 190|0x000000008be00000, 0x000000008bf00000, 0x000000008bf00000|100%| E|CS|TAMS 0x000000008be00000, 0x000000008be00000| Complete 
| 191|0x000000008bf00000, 0x000000008c000000, 0x000000008c000000|100%| E|CS|TAMS 0x000000008bf00000, 0x000000008bf00000| Complete 

Card table byte_map: [0x00000175df440000,0x00000175df840000] _byte_map_base: 0x00000175df040000

Marking Bits (Prev, Next): (CMBitMap*) 0x00000175ca304040, (CMBitMap*) 0x00000175ca304008
 Prev Bits: [0x00000175e1c40000, 0x00000175e3c40000)
 Next Bits: [0x00000175dfc40000, 0x00000175e1c40000)

Polling page: 0x00000175ca3a0000

Metaspace:

Usage:
  Non-class:     74.44 MB capacity,    73.13 MB ( 98%) used,     1.06 MB (  1%) free+waste,   252.94 KB ( <1%) overhead. 
      Class:     11.70 MB capacity,    10.89 MB ( 93%) used,   712.16 KB (  6%) free+waste,   117.56 KB ( <1%) overhead. 
       Both:     86.15 MB capacity,    84.03 MB ( 98%) used,     1.76 MB (  2%) free+waste,   370.50 KB ( <1%) overhead. 

Virtual space:
  Non-class space:       76.00 MB reserved,      74.45 MB ( 98%) committed 
      Class space:        1.00 GB reserved,      11.75 MB (  1%) committed 
             Both:        1.07 GB reserved,      86.20 MB (  8%) committed 

Chunk freelists:
   Non-Class:  10.00 KB
       Class:  17.00 KB
        Both:  27.00 KB

MaxMetaspaceSize: 17179869184.00 GB
CompressedClassSpaceSize: 1.00 GB
Initial GC threshold: 20.80 MB
Current GC threshold: 98.88 MB
CDS: off

CodeHeap 'non-profiled nmethods': size=120000Kb used=6514Kb max_used=6514Kb free=113485Kb
 bounds [0x00000175d70b0000, 0x00000175d7710000, 0x00000175de5e0000]
CodeHeap 'profiled nmethods': size=120000Kb used=20934Kb max_used=20934Kb free=99066Kb
 bounds [0x00000175cfb80000, 0x00000175d1000000, 0x00000175d70b0000]
CodeHeap 'non-nmethods': size=5760Kb used=2371Kb max_used=2425Kb free=3388Kb
 bounds [0x00000175cf5e0000, 0x00000175cf850000, 0x00000175cfb80000]
 total_blobs=10591 nmethods=9699 adapters=802
 compilation: enabled
              stopped_count=0, restarted_count=0
 full_count=0

Compilation events (20 events):
Event: 21.780 Thread 0x00000175e6fd5000 9747       1       org.gradle.api.internal.AbstractTask::getTaskIdentity (5 bytes)
Event: 21.780 Thread 0x00000175e6fd5000 nmethod 9747 0x00000175d76fd810 code [0x00000175d76fd9c0, 0x00000175d76fda78]
Event: 21.780 Thread 0x00000175e6fd5000 9748       3       com.esotericsoftware.kryo.io.Output::writeString (125 bytes)
Event: 21.781 Thread 0x00000175e6fd5000 nmethod 9748 0x00000175d0fdf310 code [0x00000175d0fdf540, 0x00000175d0fdfb18]
Event: 21.781 Thread 0x00000175e6fd5000 9749       3       java.lang.reflect.Proxy::isProxyClass (22 bytes)
Event: 21.783 Thread 0x00000175e6fd5000 nmethod 9749 0x00000175d0fdfd10 code [0x00000175d0fdffe0, 0x00000175d0fe0f68]
Event: 21.783 Thread 0x00000175e6fd5000 9753       3       com.sun.org.apache.xerces.internal.util.SymbolTable::hash (53 bytes)
Event: 21.783 Thread 0x00000175e6fd5000 nmethod 9753 0x00000175d0fe1490 code [0x00000175d0fe1660, 0x00000175d0fe18c8]
Event: 21.783 Thread 0x00000175e6fd5000 9752       1       java.io.ObjectStreamClass$FieldReflectorKey::hashCode (5 bytes)
Event: 21.783 Thread 0x00000175e6fd5000 nmethod 9752 0x00000175d76fdb10 code [0x00000175d76fdcc0, 0x00000175d76fdd78]
Event: 21.783 Thread 0x00000175e6fd5000 9750       3       jdk.internal.misc.Unsafe::defineClass (39 bytes)
Event: 21.783 Thread 0x00000175e6fd5000 nmethod 9750 0x00000175d0fe1a10 code [0x00000175d0fe1c00, 0x00000175d0fe1f28]
Event: 21.784 Thread 0x00000175e6fd1000 nmethod 9575 0x00000175d76fde10 code [0x00000175d76fe040, 0x00000175d76ff4e8]
Event: 21.784 Thread 0x00000175e6fd1000 9751       4       java.util.StringJoiner::add (104 bytes)
Event: 21.784 Thread 0x00000175e6fd5000 9754       3       java.lang.String::getChars (54 bytes)
Event: 21.785 Thread 0x00000175e6fd5000 nmethod 9754 0x00000175d0fe2090 code [0x00000175d0fe22a0, 0x00000175d0fe2758]
Event: 21.792 Thread 0x00000175e6fd5000 9755       3       org.gradle.api.internal.artifacts.ivyservice.ivyresolve.ErrorHandlingModuleComponentRepository::getName (10 bytes)
Event: 21.792 Thread 0x00000175e6fd5000 nmethod 9755 0x00000175d0fe2990 code [0x00000175d0fe2b40, 0x00000175d0fe2d08]
Event: 21.792 Thread 0x00000175e6fd5000 9756       3       org.gradle.api.internal.artifacts.ivyservice.ivyresolve.BaseModuleComponentRepository::getName (10 bytes)
Event: 21.792 Thread 0x00000175e6fd5000 nmethod 9756 0x00000175d0fe2e10 code [0x00000175d0fe2fc0, 0x00000175d0fe3188]

GC Heap History (20 events):
Event: 3.278 GC heap before
{Heap before GC invocations=3 (full 0):
 garbage-first heap   total 196608K, used 46283K [0x0000000080000000, 0x0000000100000000)
  region size 1024K, 37 young (37888K), 7 survivors (7168K)
 Metaspace       used 20779K, capacity 21133K, committed 21296K, reserved 1069056K
  class space    used 2526K, capacity 2688K, committed 2688K, reserved 1048576K
}
Event: 3.284 GC heap after
{Heap after GC invocations=4 (full 0):
 garbage-first heap   total 196608K, used 18093K [0x0000000080000000, 0x0000000100000000)
  region size 1024K, 2 young (2048K), 2 survivors (2048K)
 Metaspace       used 20779K, capacity 21133K, committed 21296K, reserved 1069056K
  class space    used 2526K, capacity 2688K, committed 2688K, reserved 1048576K
}
Event: 4.290 GC heap before
{Heap before GC invocations=5 (full 0):
 garbage-first heap   total 196608K, used 92845K [0x0000000080000000, 0x0000000100000000)
  region size 1024K, 75 young (76800K), 2 survivors (2048K)
 Metaspace       used 27867K, capacity 28479K, committed 28800K, reserved 1075200K
  class space    used 3638K, capacity 3848K, committed 3968K, reserved 1048576K
}
Event: 4.300 GC heap after
{Heap after GC invocations=6 (full 0):
 garbage-first heap   total 196608K, used 20244K [0x0000000080000000, 0x0000000100000000)
  region size 1024K, 4 young (4096K), 4 survivors (4096K)
 Metaspace       used 27867K, capacity 28479K, committed 28800K, reserved 1075200K
  class space    used 3638K, capacity 3848K, committed 3968K, reserved 1048576K
}
Event: 5.414 GC heap before
{Heap before GC invocations=6 (full 0):
 garbage-first heap   total 196608K, used 64276K [0x0000000080000000, 0x0000000100000000)
  region size 1024K, 48 young (49152K), 4 survivors (4096K)
 Metaspace       used 35196K, capacity 35977K, committed 36048K, reserved 1081344K
  class space    used 4524K, capacity 4840K, committed 4864K, reserved 1048576K
}
Event: 5.422 GC heap after
{Heap after GC invocations=7 (full 0):
 garbage-first heap   total 196608K, used 23351K [0x0000000080000000, 0x0000000100000000)
  region size 1024K, 7 young (7168K), 7 survivors (7168K)
 Metaspace       used 35196K, capacity 35977K, committed 36048K, reserved 1081344K
  class space    used 4524K, capacity 4840K, committed 4864K, reserved 1048576K
}
Event: 7.224 GC heap before
{Heap before GC invocations=8 (full 0):
 garbage-first heap   total 196608K, used 128823K [0x0000000080000000, 0x0000000100000000)
  region size 1024K, 107 young (109568K), 7 survivors (7168K)
 Metaspace       used 44037K, capacity 45050K, committed 45392K, reserved 1089536K
  class space    used 5543K, capacity 5928K, committed 6016K, reserved 1048576K
}
Event: 7.237 GC heap after
{Heap after GC invocations=9 (full 0):
 garbage-first heap   total 196608K, used 29822K [0x0000000080000000, 0x0000000100000000)
  region size 1024K, 13 young (13312K), 13 survivors (13312K)
 Metaspace       used 44037K, capacity 45050K, committed 45392K, reserved 1089536K
  class space    used 5543K, capacity 5928K, committed 6016K, reserved 1048576K
}
Event: 8.442 GC heap before
{Heap before GC invocations=9 (full 0):
 garbage-first heap   total 196608K, used 138366K [0x0000000080000000, 0x0000000100000000)
  region size 1024K, 115 young (117760K), 13 survivors (13312K)
 Metaspace       used 49208K, capacity 50489K, committed 50768K, reserved 1093632K
  class space    used 6247K, capacity 6751K, committed 6784K, reserved 1048576K
}
Event: 8.455 GC heap after
{Heap after GC invocations=10 (full 0):
 garbage-first heap   total 196608K, used 42456K [0x0000000080000000, 0x0000000100000000)
  region size 1024K, 15 young (15360K), 15 survivors (15360K)
 Metaspace       used 49208K, capacity 50489K, committed 50768K, reserved 1093632K
  class space    used 6247K, capacity 6751K, committed 6784K, reserved 1048576K
}
Event: 9.944 GC heap before
{Heap before GC invocations=10 (full 0):
 garbage-first heap   total 196608K, used 112088K [0x0000000080000000, 0x0000000100000000)
  region size 1024K, 84 young (86016K), 15 survivors (15360K)
 Metaspace       used 58981K, capacity 60452K, committed 60496K, reserved 1101824K
  class space    used 7465K, capacity 8022K, committed 8064K, reserved 1048576K
}
Event: 9.962 GC heap after
{Heap after GC invocations=11 (full 0):
 garbage-first heap   total 196608K, used 44952K [0x0000000080000000, 0x0000000100000000)
  region size 1024K, 12 young (12288K), 12 survivors (12288K)
 Metaspace       used 58981K, capacity 60452K, committed 60496K, reserved 1101824K
  class space    used 7465K, capacity 8022K, committed 8064K, reserved 1048576K
}
Event: 12.261 GC heap before
{Heap before GC invocations=12 (full 0):
 garbage-first heap   total 196608K, used 151448K [0x0000000080000000, 0x0000000100000000)
  region size 1024K, 109 young (111616K), 12 survivors (12288K)
 Metaspace       used 65170K, capacity 66676K, committed 66896K, reserved 1107968K
  class space    used 8252K, capacity 8819K, committed 8832K, reserved 1048576K
}
Event: 12.281 GC heap after
{Heap after GC invocations=13 (full 0):
 garbage-first heap   total 196608K, used 53098K [0x0000000080000000, 0x0000000100000000)
  region size 1024K, 11 young (11264K), 11 survivors (11264K)
 Metaspace       used 65170K, capacity 66676K, committed 66896K, reserved 1107968K
  class space    used 8252K, capacity 8819K, committed 8832K, reserved 1048576K
}
Event: 15.554 GC heap before
{Heap before GC invocations=13 (full 0):
 garbage-first heap   total 196608K, used 148330K [0x0000000080000000, 0x0000000100000000)
  region size 1024K, 104 young (106496K), 11 survivors (11264K)
 Metaspace       used 73116K, capacity 74797K, committed 74960K, reserved 1114112K
  class space    used 9483K, capacity 10142K, committed 10240K, reserved 1048576K
}
Event: 15.570 GC heap after
{Heap after GC invocations=14 (full 0):
 garbage-first heap   total 196608K, used 59888K [0x0000000080000000, 0x0000000100000000)
  region size 1024K, 7 young (7168K), 7 survivors (7168K)
 Metaspace       used 73116K, capacity 74797K, committed 74960K, reserved 1114112K
  class space    used 9483K, capacity 10142K, committed 10240K, reserved 1048576K
}
Event: 18.949 GC heap before
{Heap before GC invocations=14 (full 0):
 garbage-first heap   total 196608K, used 152048K [0x0000000080000000, 0x0000000100000000)
  region size 1024K, 97 young (99328K), 7 survivors (7168K)
 Metaspace       used 81528K, capacity 83653K, committed 83792K, reserved 1122304K
  class space    used 10722K, capacity 11525K, committed 11648K, reserved 1048576K
}
Event: 18.963 GC heap after
{Heap after GC invocations=15 (full 0):
 garbage-first heap   total 196608K, used 64667K [0x0000000080000000, 0x0000000100000000)
  region size 1024K, 12 young (12288K), 12 survivors (12288K)
 Metaspace       used 81528K, capacity 83653K, committed 83792K, reserved 1122304K
  class space    used 10722K, capacity 11525K, committed 11648K, reserved 1048576K
}
Event: 21.330 GC heap before
{Heap before GC invocations=15 (full 0):
 garbage-first heap   total 196608K, used 154779K [0x0000000080000000, 0x0000000100000000)
  region size 1024K, 99 young (101376K), 12 survivors (12288K)
 Metaspace       used 84461K, capacity 86589K, committed 86864K, reserved 1124352K
  class space    used 10985K, capacity 11818K, committed 11904K, reserved 1048576K
}
Event: 21.359 GC heap after
{Heap after GC invocations=16 (full 0):
 garbage-first heap   total 196608K, used 84187K [0x0000000080000000, 0x0000000100000000)
  region size 1024K, 13 young (13312K), 13 survivors (13312K)
 Metaspace       used 84461K, capacity 86589K, committed 86864K, reserved 1124352K
  class space    used 10985K, capacity 11818K, committed 11904K, reserved 1048576K
}

Deoptimization events (20 events):
Event: 21.673 Thread 0x00000175ecdc1000 Uncommon trap: trap_request=0xffffff4d fr.pc=0x00000175d76620b8 relative=0x00000000000006b8
Event: 21.673 Thread 0x00000175ecdc1000 Uncommon trap: reason=unstable_if action=reinterpret pc=0x00000175d76620b8 method=org.gradle.tooling.internal.provider.runner.ClientBuildEventGenerator$Disabled.accept(Lorg/gradle/internal/operations/BuildOperationDescriptor;)Lorg/gradle/tooling/internal/
Event: 21.673 Thread 0x00000175ecdc1000 DEOPT PACKING pc=0x00000175d76620b8 sp=0x00000032a30fe3c0
Event: 21.673 Thread 0x00000175ecdc1000 DEOPT UNPACKING pc=0x00000175cf62a1af sp=0x00000032a30fe310 mode 2
Event: 21.673 Thread 0x00000175ecdc1000 Uncommon trap: trap_request=0xffffff4d fr.pc=0x00000175d7660fc0 relative=0x00000000000000a0
Event: 21.673 Thread 0x00000175ecdc1000 Uncommon trap: reason=unstable_if action=reinterpret pc=0x00000175d7660fc0 method=org.gradle.tooling.internal.provider.runner.ClientBuildEventGenerator$Disabled.accept(Lorg/gradle/internal/operations/BuildOperationDescriptor;)Lorg/gradle/tooling/internal/
Event: 21.673 Thread 0x00000175ecdc1000 DEOPT PACKING pc=0x00000175d7660fc0 sp=0x00000032a30fe350
Event: 21.673 Thread 0x00000175ecdc1000 DEOPT UNPACKING pc=0x00000175cf62a1af sp=0x00000032a30fe300 mode 2
Event: 21.726 Thread 0x00000175e8160800 Uncommon trap: trap_request=0xffffff4d fr.pc=0x00000175d76a3dbc relative=0x0000000000001f9c
Event: 21.726 Thread 0x00000175e8160800 Uncommon trap: reason=unstable_if action=reinterpret pc=0x00000175d76a3dbc method=org.apache.xerces.impl.XMLNSDocumentScannerImpl.scanStartElement()Z @ 42 c2
Event: 21.726 Thread 0x00000175e8160800 DEOPT PACKING pc=0x00000175d76a3dbc sp=0x00000032a27fa6a0
Event: 21.726 Thread 0x00000175e8160800 DEOPT UNPACKING pc=0x00000175cf62a1af sp=0x00000032a27fa650 mode 2
Event: 21.738 Thread 0x00000175e8160800 Uncommon trap: trap_request=0xffffffc6 fr.pc=0x00000175d76e6364 relative=0x0000000000000aa4
Event: 21.738 Thread 0x00000175e8160800 Uncommon trap: reason=bimorphic_or_optimized_type_check action=maybe_recompile pc=0x00000175d76e6364 method=org.apache.xerces.dom.ParentNode.internalInsertBefore(Lorg/w3c/dom/Node;Lorg/w3c/dom/Node;Z)Lorg/w3c/dom/Node; @ 555 c2
Event: 21.738 Thread 0x00000175e8160800 DEOPT PACKING pc=0x00000175d76e6364 sp=0x00000032a27fab70
Event: 21.738 Thread 0x00000175e8160800 DEOPT UNPACKING pc=0x00000175cf62a1af sp=0x00000032a27fab08 mode 2
Event: 21.777 Thread 0x00000175ecdbf800 Uncommon trap: trap_request=0xffffff4d fr.pc=0x00000175d738888c relative=0x000000000000022c
Event: 21.777 Thread 0x00000175ecdbf800 Uncommon trap: reason=unstable_if action=reinterpret pc=0x00000175d738888c method=com.esotericsoftware.kryo.io.Output.writeString(Ljava/lang/CharSequence;)V @ 50 c2
Event: 21.777 Thread 0x00000175ecdbf800 DEOPT PACKING pc=0x00000175d738888c sp=0x00000032a2afdc80
Event: 21.777 Thread 0x00000175ecdbf800 DEOPT UNPACKING pc=0x00000175cf62a1af sp=0x00000032a2afdc00 mode 2

Classes redefined (0 events):
No events

Internal exceptions (20 events):
Event: 18.416 Thread 0x00000175e815e000 Exception <a 'java/lang/NoSuchMethodError'{0x00000000876194d0}: 'void java.lang.invoke.DirectMethodHandle$Holder.invokeSpecial(java.lang.Object, java.lang.Object, java.lang.Object, int)'> (0x00000000876194d0) thrown at [./src/hotspot/share/interpreter/linkResolver.cpp, line 773]
Event: 18.428 Thread 0x00000175e8162000 Exception <a 'java/lang/NoSuchMethodError'{0x000000008768ff00}: 'int java.lang.invoke.DirectMethodHandle$Holder.invokeSpecial(java.lang.Object, java.lang.Object, java.lang.Object, java.lang.Object, java.lang.Object)'> (0x000000008768ff00) thrown at [./src/hotspot/share/interpreter/linkResolver.cpp, line 773]
Event: 18.778 Thread 0x00000175e8162000 Exception <a 'java/lang/NoSuchMethodError'{0x00000000870c0d28}: 'void java.lang.invoke.DirectMethodHandle$Holder.invokeStatic(java.lang.Object, java.lang.Object, java.lang.Object, java.lang.Object, int, java.lang.Object, java.lang.Object)'> (0x00000000870c0d28) thrown at [./src/hotspot/share/interpreter/linkResolver.cpp, line 773]
Event: 18.848 Thread 0x00000175ec445000 Exception <a 'java/lang/NoSuchMethodError'{0x0000000086e46070}: 'java.lang.Object java.lang.invoke.DirectMethodHandle$Holder.invokeSpecialIFC(java.lang.Object, java.lang.Object, java.lang.Object)'> (0x0000000086e46070) thrown at [./src/hotspot/share/interpreter/linkResolver.cpp, line 773]
Event: 18.848 Thread 0x00000175ec44a800 Exception <a 'java/lang/NoSuchMethodError'{0x000000008684faa8}: 'java.lang.Object java.lang.invoke.DirectMethodHandle$Holder.invokeSpecialIFC(java.lang.Object, java.lang.Object, java.lang.Object)'> (0x000000008684faa8) thrown at [./src/hotspot/share/interpreter/linkResolver.cpp, line 773]
Event: 18.849 Thread 0x00000175ec447800 Exception <a 'java/lang/NoSuchMethodError'{0x00000000868421e0}: 'java.lang.Object java.lang.invoke.DirectMethodHandle$Holder.invokeSpecialIFC(java.lang.Object, java.lang.Object, java.lang.Object)'> (0x00000000868421e0) thrown at [./src/hotspot/share/interpreter/linkResolver.cpp, line 773]
Event: 18.849 Thread 0x00000175ec44a000 Exception <a 'java/lang/NoSuchMethodError'{0x0000000086ff20c0}: 'java.lang.Object java.lang.invoke.DirectMethodHandle$Holder.invokeSpecialIFC(java.lang.Object, java.lang.Object, java.lang.Object)'> (0x0000000086ff20c0) thrown at [./src/hotspot/share/interpreter/linkResolver.cpp, line 773]
Event: 18.849 Thread 0x00000175e8155000 Exception <a 'java/lang/NoSuchMethodError'{0x0000000086e5fcb8}: 'java.lang.Object java.lang.invoke.DirectMethodHandle$Holder.invokeSpecialIFC(java.lang.Object, java.lang.Object, java.lang.Object)'> (0x0000000086e5fcb8) thrown at [./src/hotspot/share/interpreter/linkResolver.cpp, line 773]
Event: 18.849 Thread 0x00000175e8162000 Exception <a 'java/lang/NoSuchMethodError'{0x0000000086d450b0}: 'java.lang.Object java.lang.invoke.DirectMethodHandle$Holder.invokeSpecialIFC(java.lang.Object, java.lang.Object, java.lang.Object)'> (0x0000000086d450b0) thrown at [./src/hotspot/share/interpreter/linkResolver.cpp, line 773]
Event: 18.850 Thread 0x00000175ec449000 Exception <a 'java/lang/NoSuchMethodError'{0x0000000086819c60}: 'java.lang.Object java.lang.invoke.DirectMethodHandle$Holder.invokeSpecialIFC(java.lang.Object, java.lang.Object, java.lang.Object)'> (0x0000000086819c60) thrown at [./src/hotspot/share/interpreter/linkResolver.cpp, line 773]
Event: 18.850 Thread 0x00000175ec448800 Exception <a 'java/lang/NoSuchMethodError'{0x000000008682a5b8}: 'java.lang.Object java.lang.invoke.DirectMethodHandle$Holder.invokeSpecialIFC(java.lang.Object, java.lang.Object, java.lang.Object)'> (0x000000008682a5b8) thrown at [./src/hotspot/share/interpreter/linkResolver.cpp, line 773]
Event: 19.435 Thread 0x00000175ec446000 Exception <a 'java/lang/NoSuchMethodError'{0x000000008baf8048}: 'void java.lang.invoke.DirectMethodHandle$Holder.invokeVirtual(java.lang.Object, java.lang.Object)'> (0x000000008baf8048) thrown at [./src/hotspot/share/interpreter/linkResolver.cpp, line 773]
Event: 19.435 Thread 0x00000175e8977800 Exception <a 'java/lang/NoSuchMethodError'{0x000000008bac3df8}: 'void java.lang.invoke.DirectMethodHandle$Holder.invokeVirtual(java.lang.Object, java.lang.Object)'> (0x000000008bac3df8) thrown at [./src/hotspot/share/interpreter/linkResolver.cpp, line 773]
Event: 19.909 Thread 0x00000175e86e2800 Implicit null exception at 0x00000175d766055b to 0x00000175d76605ec
Event: 20.078 Thread 0x00000175e8162000 Exception <a 'java/lang/NoSuchMethodError'{0x00000000893c5520}: 'void java.lang.invoke.DirectMethodHandle$Holder.invokeInterface(java.lang.Object, java.lang.Object, java.lang.Object, java.lang.Object)'> (0x00000000893c5520) thrown at [./src/hotspot/share/interpreter/linkResolver.cpp, line 773]
Event: 20.871 Thread 0x00000175e8162000 Implicit null exception at 0x00000175d76b09cf to 0x00000175d76b1298
Event: 21.643 Thread 0x00000175e8162000 Exception <a 'java/lang/NoSuchMethodError'{0x000000008b931558}: <clinit>> (0x000000008b931558) thrown at [./src/hotspot/share/prims/jni.cpp, line 1366]
Event: 21.656 Thread 0x00000175e8162000 Exception <a 'java/lang/NoSuchMethodError'{0x000000008b9a0f98}: <clinit>> (0x000000008b9a0f98) thrown at [./src/hotspot/share/prims/jni.cpp, line 1366]
Event: 21.663 Thread 0x00000175e8162000 Exception <a 'java/lang/NoSuchMethodError'{0x000000008b9e0438}: <clinit>> (0x000000008b9e0438) thrown at [./src/hotspot/share/prims/jni.cpp, line 1366]
Event: 21.770 Thread 0x00000175e8160800 Exception <a 'java/lang/NoSuchMethodError'{0x000000008b45e370}: 'java.lang.Object java.lang.invoke.DirectMethodHandle$Holder.newInvokeSpecial(java.lang.Object, java.lang.Object, java.lang.Object, java.lang.Object)'> (0x000000008b45e370) thrown at [./src/hotspot/share/interpreter/linkResolver.cpp, line 773]

Events (20 events):
Event: 21.781 loading class com/sun/xml/internal/stream/events/CharacterEvent
Event: 21.781 loading class javax/xml/stream/events/Characters
Event: 21.781 loading class javax/xml/stream/events/Characters done
Event: 21.781 loading class com/sun/xml/internal/stream/events/CharacterEvent done
Event: 21.782 loading class com/android/aaptcompiler/PossibleResourceName
Event: 21.782 loading class com/android/aaptcompiler/PossibleResourceName done
Event: 21.784 loading class com/android/aaptcompiler/ResourceNameInfo
Event: 21.784 loading class com/android/aaptcompiler/ResourceNameInfo done
Event: 21.786 loading class com/android/aaptcompiler/Reference
Event: 21.786 loading class com/android/aaptcompiler/Reference done
Event: 21.787 loading class com/android/aaptcompiler/Item
Event: 21.787 loading class com/android/aaptcompiler/Item done
Event: 21.787 loading class com/android/aaptcompiler/Value
Event: 21.787 loading class com/android/aaptcompiler/Value done
Event: 21.788 loading class com/android/aaptcompiler/Reference$Type
Event: 21.788 loading class com/android/aaptcompiler/Reference$Type done
Event: 21.790 loading class com/android/aaptcompiler/ReferenceInfo
Event: 21.790 loading class com/android/aaptcompiler/ReferenceInfo done
Event: 21.793 loading class com/android/aaptcompiler/UnicodeUtilKt
Event: 21.793 loading class com/android/aaptcompiler/UnicodeUtilKt done


Dynamic libraries:
0x00007ff6a0e30000 - 0x00007ff6a0e3a000 	C:\Program Files\Android\Android Studio\jre\bin\java.exe
0x00007ffe02f40000 - 0x00007ffe03149000 	C:\WINDOWS\SYSTEM32\ntdll.dll
0x00007ffe014e0000 - 0x00007ffe0159e000 	C:\WINDOWS\System32\KERNEL32.DLL
0x00007ffe006e0000 - 0x00007ffe00a5b000 	C:\WINDOWS\System32\KERNELBASE.dll
0x00007ffe00ca0000 - 0x00007ffe00db1000 	C:\WINDOWS\System32\ucrtbase.dll
0x00007ffdee9d0000 - 0x00007ffdee9e9000 	C:\Program Files\Android\Android Studio\jre\bin\jli.dll
0x00007ffdee9b0000 - 0x00007ffdee9c7000 	C:\Program Files\Android\Android Studio\jre\bin\VCRUNTIME140.dll
0x00007ffe011e0000 - 0x00007ffe0138d000 	C:\WINDOWS\System32\USER32.dll
0x00007ffe00410000 - 0x00007ffe00436000 	C:\WINDOWS\System32\win32u.dll
0x00007ffdff620000 - 0x00007ffdff8c5000 	C:\WINDOWS\WinSxS\amd64_microsoft.windows.common-controls_6595b64144ccf1df_6.0.22000.120_none_9d947278b86cc467\COMCTL32.dll
0x00007ffe00dc0000 - 0x00007ffe00de9000 	C:\WINDOWS\System32\GDI32.dll
0x00007ffe02050000 - 0x00007ffe020f3000 	C:\WINDOWS\System32\msvcrt.dll
0x00007ffe00a60000 - 0x00007ffe00b78000 	C:\WINDOWS\System32\gdi32full.dll
0x00007ffe00b80000 - 0x00007ffe00c1d000 	C:\WINDOWS\System32\msvcp_win.dll
0x00007ffe011a0000 - 0x00007ffe011d2000 	C:\WINDOWS\System32\IMM32.DLL
0x00007ffdee860000 - 0x00007ffdee8fd000 	C:\Program Files\Android\Android Studio\jre\bin\msvcp140.dll
0x00007ffd81cc0000 - 0x00007ffd827c2000 	C:\Program Files\Android\Android Studio\jre\bin\server\jvm.dll
0x00007ffe02de0000 - 0x00007ffe02e8e000 	C:\WINDOWS\System32\ADVAPI32.dll
0x00007ffe010e0000 - 0x00007ffe0117e000 	C:\WINDOWS\System32\sechost.dll
0x00007ffe01c30000 - 0x00007ffe01d50000 	C:\WINDOWS\System32\RPCRT4.dll
0x00007ffe02e90000 - 0x00007ffe02e98000 	C:\WINDOWS\System32\PSAPI.DLL
0x00007ffde9050000 - 0x00007ffde9059000 	C:\WINDOWS\SYSTEM32\WSOCK32.dll
0x00007ffdf7b10000 - 0x00007ffdf7b43000 	C:\WINDOWS\SYSTEM32\WINMM.dll
0x00007ffdfb520000 - 0x00007ffdfb52a000 	C:\WINDOWS\SYSTEM32\VERSION.dll
0x00007ffe01070000 - 0x00007ffe010df000 	C:\WINDOWS\System32\WS2_32.dll
0x00007ffdfe6b0000 - 0x00007ffdfe6c8000 	C:\WINDOWS\SYSTEM32\kernel.appcore.dll
0x00007ffdf8650000 - 0x00007ffdf8661000 	C:\Program Files\Android\Android Studio\jre\bin\verify.dll
0x00007ffdffcc0000 - 0x00007ffdffee1000 	C:\WINDOWS\SYSTEM32\DBGHELP.DLL
0x00007ffdffb90000 - 0x00007ffdffbc1000 	C:\WINDOWS\SYSTEM32\dbgcore.DLL
0x00007ffe00c20000 - 0x00007ffe00c9f000 	C:\WINDOWS\System32\bcryptPrimitives.dll
0x00007ffdede80000 - 0x00007ffdedea9000 	C:\Program Files\Android\Android Studio\jre\bin\java.dll
0x00007ffdfe850000 - 0x00007ffdfe85b000 	C:\Program Files\Android\Android Studio\jre\bin\jimage.dll
0x00007ffdee3f0000 - 0x00007ffdee408000 	C:\Program Files\Android\Android Studio\jre\bin\zip.dll
0x00007ffe02620000 - 0x00007ffe02dd7000 	C:\WINDOWS\System32\SHELL32.dll
0x00007ffdfd600000 - 0x00007ffdfde65000 	C:\WINDOWS\SYSTEM32\windows.storage.dll
0x00007ffe022a0000 - 0x00007ffe02618000 	C:\WINDOWS\System32\combase.dll
0x00007ffdfd490000 - 0x00007ffdfd5f6000 	C:\WINDOWS\SYSTEM32\wintypes.dll
0x00007ffe013f0000 - 0x00007ffe014da000 	C:\WINDOWS\System32\SHCORE.dll
0x00007ffe01390000 - 0x00007ffe013ed000 	C:\WINDOWS\System32\shlwapi.dll
0x00007ffe00340000 - 0x00007ffe00361000 	C:\WINDOWS\SYSTEM32\profapi.dll
0x00007ffdedd90000 - 0x00007ffdeddaa000 	C:\Program Files\Android\Android Studio\jre\bin\net.dll
0x00007ffdf6110000 - 0x00007ffdf6224000 	C:\WINDOWS\SYSTEM32\WINHTTP.dll
0x00007ffdff240000 - 0x00007ffdff2a7000 	C:\WINDOWS\system32\mswsock.dll
0x00007ffded460000 - 0x00007ffded474000 	C:\Program Files\Android\Android Studio\jre\bin\nio.dll
0x00007ffded3c0000 - 0x00007ffded3e7000 	C:\Users\Padma\.gradle\native\e1d6ef7f7dcc3fd88c89a11ec53ec762bb8ba0a96d01ffa2cd45eb1d1d8dd5c5\windows-amd64\native-platform.dll
0x00007ffda60d0000 - 0x00007ffda6214000 	C:\Users\Padma\.gradle\native\0d407fdbe67a94daf76414ababcb853783967236a71b16ec16e742cd7a986fd3\windows-amd64\native-platform-file-events.dll
0x00007ffdfbed0000 - 0x00007ffdfbeda000 	C:\Program Files\Android\Android Studio\jre\bin\management.dll
0x00007ffdfaed0000 - 0x00007ffdfaedd000 	C:\Program Files\Android\Android Studio\jre\bin\management_ext.dll
0x00007ffdfffd0000 - 0x00007ffdfffe8000 	C:\WINDOWS\SYSTEM32\CRYPTSP.dll
0x00007ffdfe4f0000 - 0x00007ffdfe525000 	C:\WINDOWS\system32\rsaenh.dll
0x00007ffdff4c0000 - 0x00007ffdff4e9000 	C:\WINDOWS\SYSTEM32\USERENV.dll
0x00007ffdffc50000 - 0x00007ffdffc77000 	C:\WINDOWS\SYSTEM32\bcrypt.dll
0x00007ffdff4f0000 - 0x00007ffdff4fc000 	C:\WINDOWS\SYSTEM32\CRYPTBASE.dll
0x00007ffdfe0c0000 - 0x00007ffdfe0ed000 	C:\WINDOWS\SYSTEM32\IPHLPAPI.DLL
0x00007ffe01b30000 - 0x00007ffe01b39000 	C:\WINDOWS\System32\NSI.dll
0x00007ffdf60f0000 - 0x00007ffdf6109000 	C:\WINDOWS\SYSTEM32\dhcpcsvc6.DLL
0x00007ffdf6590000 - 0x00007ffdf65ae000 	C:\WINDOWS\SYSTEM32\dhcpcsvc.DLL
0x00007ffdfe0f0000 - 0x00007ffdfe1d8000 	C:\WINDOWS\SYSTEM32\DNSAPI.dll
0x00007ffdffc80000 - 0x00007ffdffcb4000 	C:\WINDOWS\SYSTEM32\ntmarta.dll

dbghelp: loaded successfully - version: 4.0.5 - missing functions: none
symbol engine: initialized successfully - sym options: 0x614 - pdb path: .;C:\Program Files\Android\Android Studio\jre\bin;C:\WINDOWS\SYSTEM32;C:\WINDOWS\WinSxS\amd64_microsoft.windows.common-controls_6595b64144ccf1df_6.0.22000.120_none_9d947278b86cc467;C:\Program Files\Android\Android Studio\jre\bin\server;C:\Users\Padma\.gradle\native\e1d6ef7f7dcc3fd88c89a11ec53ec762bb8ba0a96d01ffa2cd45eb1d1d8dd5c5\windows-amd64;C:\Users\Padma\.gradle\native\0d407fdbe67a94daf76414ababcb853783967236a71b16ec16e742cd7a986fd3\windows-amd64

VM Arguments:
jvm_args: --add-opens=java.base/java.util=ALL-UNNAMED --add-opens=java.base/java.lang=ALL-UNNAMED --add-opens=java.base/java.lang.invoke=ALL-UNNAMED --add-opens=java.base/java.util=ALL-UNNAMED --add-opens=java.prefs/java.util.prefs=ALL-UNNAMED --add-opens=java.prefs/java.util.prefs=ALL-UNNAMED --add-opens=java.base/java.nio.charset=ALL-UNNAMED --add-opens=java.base/java.net=ALL-UNNAMED --add-opens=java.base/java.util.concurrent.atomic=ALL-UNNAMED -Xmx2048m -Dfile.encoding=UTF-8 -Duser.country=CA -Duser.language=en -Duser.variant 
java_command: org.gradle.launcher.daemon.bootstrap.GradleDaemon 7.4
java_class_path (initial): C:\Users\Padma\.gradle\wrapper\dists\gradle-7.4-bin\c0gwcg53nkjbqw7r0h0umtfvt\gradle-7.4\lib\gradle-launcher-7.4.jar
Launcher Type: SUN_STANDARD

[Global flags]
     intx CICompilerCount                          = 4                                         {product} {ergonomic}
     uint ConcGCThreads                            = 2                                         {product} {ergonomic}
     uint G1ConcRefinementThreads                  = 8                                         {product} {ergonomic}
   size_t G1HeapRegionSize                         = 1048576                                   {product} {ergonomic}
    uintx GCDrainStackTargetSize                   = 64                                        {product} {ergonomic}
   size_t InitialHeapSize                          = 201326592                                 {product} {ergonomic}
   size_t MarkStackSize                            = 4194304                                   {product} {ergonomic}
   size_t MaxHeapSize                              = 2147483648                                {product} {command line}
   size_t MaxNewSize                               = 1287651328                                {product} {ergonomic}
   size_t MinHeapDeltaBytes                        = 1048576                                   {product} {ergonomic}
    uintx NonNMethodCodeHeapSize                   = 5836300                                {pd product} {ergonomic}
    uintx NonProfiledCodeHeapSize                  = 122910970                              {pd product} {ergonomic}
    uintx ProfiledCodeHeapSize                     = 122910970                              {pd product} {ergonomic}
    uintx ReservedCodeCacheSize                    = 251658240                              {pd product} {ergonomic}
     bool SegmentedCodeCache                       = true                                      {product} {ergonomic}
     bool UseCompressedClassPointers               = true                                 {lp64_product} {ergonomic}
     bool UseCompressedOops                        = true                                 {lp64_product} {ergonomic}
     bool UseG1GC                                  = true                                      {product} {ergonomic}
     bool UseLargePagesIndividualAllocation        = false                                  {pd product} {ergonomic}

Logging:
Log output configuration:
 #0: stdout all=warning uptime,level,tags
 #1: stderr all=off uptime,level,tags

Environment Variables:
JAVA_HOME=C:\Program Files\Amazon Corretto\jdk11.0.15_9
PATH=C:\Program Files\Common Files\Oracle\Java\javapath;E:\app\Padma\product\12.1.0\dbhome_1\bin;C:\Program Files (x86)\VMware\VMware Workstation\bin\;C:\Program Files\Amazon Corretto\jdk11.0.15_9\bin;C:\Program Files (x86)\Python38-32\Scripts\;C:\Program Files (x86)\Python38-32\;C:\WINDOWS\system32;C:\WINDOWS;C:\WINDOWS\System32\Wbem;C:\WINDOWS\System32\WindowsPowerShell\v1.0\;C:\WINDOWS\System32\OpenSSH\;C:\Program Files\Intel\WiFi\bin\;C:\Program Files\Common Files\Intel\WirelessCommon\;C:\Program Files (x86)\Intel\Intel(R) Management Engine Components\DAL;C:\Program Files\Intel\Intel(R) Management Engine Components\DAL;C:\Program Files\dotnet\;C:\Program Files\Microsoft SQL Server\Client SDK\ODBC\170\Tools\Binn\;C:\Program Files (x86)\Microsoft SQL Server\150\Tools\Binn\;C:\Program Files\Microsoft SQL Server\150\Tools\Binn\;C:\Program Files\Microsoft SQL Server\150\DTS\Binn\;C:\Program Files\Azure Data Studio\bin;C:\Program Files (x86)\Microsoft SQL Server\150\DTS\Binn\;C:\Program Files\Git\cmd;C:\Program Files\MySQL\MySQL Shell 8.0\bin\;C:\Users\Padma\AppData\Local\Microsoft\WindowsApps;C:\Users\Padma\AppData\Local\Programs\Microsoft VS Code\bin;C:\Program Files\Azure Data Studio\bin;
USERNAME=Padma
OS=Windows_NT
PROCESSOR_IDENTIFIER=Intel64 Family 6 Model 142 Stepping 10, GenuineIntel



---------------  S Y S T E M  ---------------

OS: Windows 11 , 64 bit Build 22000 (10.0.22000.1335)
OS uptime: 3 days 3:25 hours
Hyper-V role detected

CPU:total 8 (initial active 8) (4 cores per cpu, 2 threads per core) family 6 model 142 stepping 10 microcode 0xf0, cmov, cx8, fxsr, mmx, sse, sse2, sse3, ssse3, sse4.1, sse4.2, popcnt, avx, avx2, aes, clmul, erms, 3dnowpref, lzcnt, ht, tsc, tscinvbit, bmi1, bmi2, adx, fma

Memory: 4k page, system-wide physical 12185M (1484M free)
TotalPageFile size 16283M (AvailPageFile size 7M)
current process WorkingSet (physical memory assigned to process): 457M, peak: 458M
current process commit charge ("private bytes"): 494M, peak: 497M

vm_info: OpenJDK 64-Bit Server VM (11.0.13+0-b1751.21-8125866) for windows-amd64 JRE (11.0.13+0-b1751.21-8125866), built on Feb  2 2022 03:00:22 by "builder" with MS VC++ 14.0 (VS2015)

END.
