#
# There is insufficient memory for the Java Runtime Environment to continue.
# Native memory allocation (malloc) failed to allocate 1580496 bytes for Chunk::new
# Possible reasons:
#   The system is out of physical RAM or swap space
#   The process is running with CompressedOops enabled, and the Java Heap may be blocking the growth of the native heap
# Possible solutions:
#   Reduce memory load on the system
#   Increase physical memory or swap space
#   Check if swap backing store is full
#   Decrease Java heap size (-Xmx/-Xms)
#   Decrease number of Java threads
#   Decrease Java thread stack sizes (-Xss)
#   Set larger code cache with -XX:ReservedCodeCacheSize=
#   JVM is running with Unscaled Compressed Oops mode in which the Java heap is
#     placed in the first 4GB address space. The Java Heap base address is the
#     maximum limit for the native heap growth. Please use -XX:HeapBaseMinAddress
#     to set the Java Heap base and to place the Java Heap above 4GB virtual address.
# This output file may be truncated or incomplete.
#
#  Out of Memory Error (./src/hotspot/share/memory/arena.cpp:197), pid=16196, tid=3288
#
# JRE version: OpenJDK Runtime Environment (11.0.13) (build 11.0.13+0-b1751.21-8125866)
# Java VM: OpenJDK 64-Bit Server VM (11.0.13+0-b1751.21-8125866, mixed mode, tiered, compressed oops, g1 gc, windows-amd64)
# No core dump will be written. Minidumps are not enabled by default on client versions of Windows
#

---------------  S U M M A R Y ------------

Command Line: --add-opens=java.base/java.util=ALL-UNNAMED --add-opens=java.base/java.lang=ALL-UNNAMED --add-opens=java.base/java.lang.invoke=ALL-UNNAMED --add-opens=java.base/java.util=ALL-UNNAMED --add-opens=java.prefs/java.util.prefs=ALL-UNNAMED --add-opens=java.prefs/java.util.prefs=ALL-UNNAMED --add-opens=java.base/java.nio.charset=ALL-UNNAMED --add-opens=java.base/java.net=ALL-UNNAMED --add-opens=java.base/java.util.concurrent.atomic=ALL-UNNAMED -Xmx2048m -Dfile.encoding=UTF-8 -Duser.country=CA -Duser.language=en -Duser.variant org.gradle.launcher.daemon.bootstrap.GradleDaemon 7.4

Host: Intel(R) Core(TM) i7-8550U CPU @ 1.80GHz, 8 cores, 11G,  Windows 11 , 64 bit Build 22000 (10.0.22000.1335)
Time: Thu Jan 12 23:14:43 2023 Eastern Standard Time elapsed time: 21.402156 seconds (0d 0h 0m 21s)

---------------  T H R E A D  ---------------

Current thread (0x000001a081015800):  JavaThread "C2 CompilerThread1" daemon [_thread_in_native, id=3288, stack(0x0000004da7e00000,0x0000004da7f00000)]


Current CompileTask:
C2:  21402 10264       4       com.android.ide.common.resources.NodeUtils::duplicateNode (315 bytes)

Stack: [0x0000004da7e00000,0x0000004da7f00000]
Native frames: (J=compiled Java code, j=interpreted, Vv=VM code, C=native code)
V  [jvm.dll+0x6100fa]
V  [jvm.dll+0x747090]
V  [jvm.dll+0x7486ad]
V  [jvm.dll+0x748d83]
V  [jvm.dll+0x24ab48]
V  [jvm.dll+0xc04dc]
V  [jvm.dll+0xc0a0c]
V  [jvm.dll+0x35eb5b]
V  [jvm.dll+0x32b833]
V  [jvm.dll+0x32ad2a]
V  [jvm.dll+0x2032b2]
V  [jvm.dll+0x202437]
V  [jvm.dll+0x188e01]
V  [jvm.dll+0x21106b]
V  [jvm.dll+0x20f8c1]
V  [jvm.dll+0x70de0f]
V  [jvm.dll+0x706a75]
V  [jvm.dll+0x60ed66]
C  [ucrtbase.dll+0x26c0c]
C  [KERNEL32.DLL+0x155a0]
C  [ntdll.dll+0x485b]


---------------  P R O C E S S  ---------------

Threads class SMR info:
_java_thread_list=0x000001a0835bf8d0, length=137, elements={
0x000001a0e0e61800, 0x000001a0fb32c800, 0x000001a0fb32e000, 0x000001a0fbb8d800,
0x000001a0fbb91000, 0x000001a0fbb93000, 0x000001a0fbb9c000, 0x000001a0fbba0800,
0x000001a0fbba5000, 0x000001a0fbd06000, 0x000001a0fe3b1000, 0x000001a0fbeef000,
0x000001a0fc09f800, 0x000001a0fccab800, 0x000001a0fd18c000, 0x000001a0fd08a800,
0x000001a0fe11d000, 0x000001a0fe0c2800, 0x000001a0fccf7000, 0x000001a0fdf0b000,
0x000001a0fec3f800, 0x000001a0fec43000, 0x000001a0fec3e000, 0x000001a0fec40800,
0x000001a0fec3d000, 0x000001a0fec3f000, 0x000001a0fec43800, 0x000001a0fec41800,
0x000001a0fec42000, 0x000001a08327f000, 0x000001a08327d800, 0x000001a083279800,
0x000001a08327a000, 0x000001a083280800, 0x000001a08327b000, 0x000001a083281800,
0x000001a08327b800, 0x000001a083284000, 0x000001a083282000, 0x000001a083283000,
0x000001a08327e000, 0x000001a083287000, 0x000001a083284800, 0x000001a083285800,
0x000001a083288000, 0x000001a083286800, 0x000001a0fee0d800, 0x000001a0fee0a800,
0x000001a0fee0b000, 0x000001a0fee08800, 0x000001a0fee0e800, 0x000001a0fee0c000,
0x000001a0fee0c800, 0x000001a0fee0f000, 0x000001a0fee09800, 0x000001a0fee13000,
0x000001a0fee15800, 0x000001a0fee12800, 0x000001a0fee11000, 0x000001a0fee10000,
0x000001a0fee16800, 0x000001a0fee14000, 0x000001a0fee17800, 0x000001a0fee11800,
0x000001a0fee15000, 0x000001a0812c6000, 0x000001a0812c7800, 0x000001a0812c2000,
0x000001a0812c7000, 0x000001a0812c8800, 0x000001a0812c3800, 0x000001a0812c5000,
0x000001a0812c3000, 0x000001a0812c9800, 0x000001a0812ca000, 0x000001a0812c4800,
0x000001a0812cc800, 0x000001a0812cf000, 0x000001a0812cd800, 0x000001a0812ce000,
0x000001a0812d0000, 0x000001a0812d0800, 0x000001a0812cb000, 0x000001a0812cc000,
0x000001a082b72800, 0x000001a082b73800, 0x000001a082b70800, 0x000001a082b71000,
0x000001a082b74800, 0x000001a082b75000, 0x000001a082b77000, 0x000001a082b76000,
0x000001a082b77800, 0x000001a082b72000, 0x000001a082b7d800, 0x000001a082b79000,
0x000001a082b7e000, 0x000001a082b7c800, 0x000001a082b7a000, 0x000001a082b78800,
0x000001a082b7f000, 0x000001a082b7b000, 0x000001a082b7b800, 0x000001a081165000,
0x000001a081169000, 0x000001a081163800, 0x000001a081166000, 0x000001a08116a000,
0x000001a081166800, 0x000001a081167800, 0x000001a081168800, 0x000001a081164000,
0x000001a08116e000, 0x000001a08116a800, 0x000001a08116f000, 0x000001a081171800,
0x000001a08116b800, 0x000001a08116f800, 0x000001a081172000, 0x000001a081170800,
0x000001a08116d000, 0x000001a08116c800, 0x000001a081d47800, 0x000001a081d43800,
0x000001a081d48000, 0x000001a081d44000, 0x000001a081d42800, 0x000001a081d49000,
0x000001a081d4a000, 0x000001a081d45000, 0x000001a081d4b800, 0x000001a081d4a800,
0x000001a081015800, 0x000001a0fc5d0000, 0x000001a081d45800, 0x000001a081d4d000,
0x000001a081d4e000
}

Java Threads: ( => current thread )
  0x000001a0e0e61800 JavaThread "main" [_thread_blocked, id=16276, stack(0x0000004da5800000,0x0000004da5900000)]
  0x000001a0fb32c800 JavaThread "Reference Handler" daemon [_thread_blocked, id=2868, stack(0x0000004da5f00000,0x0000004da6000000)]
  0x000001a0fb32e000 JavaThread "Finalizer" daemon [_thread_blocked, id=15420, stack(0x0000004da6000000,0x0000004da6100000)]
  0x000001a0fbb8d800 JavaThread "Signal Dispatcher" daemon [_thread_blocked, id=2968, stack(0x0000004da6100000,0x0000004da6200000)]
  0x000001a0fbb91000 JavaThread "Attach Listener" daemon [_thread_blocked, id=18952, stack(0x0000004da6200000,0x0000004da6300000)]
  0x000001a0fbb93000 JavaThread "Service Thread" daemon [_thread_blocked, id=13028, stack(0x0000004da6300000,0x0000004da6400000)]
  0x000001a0fbb9c000 JavaThread "C2 CompilerThread0" daemon [_thread_in_native, id=7488, stack(0x0000004da6400000,0x0000004da6500000)]
  0x000001a0fbba0800 JavaThread "C1 CompilerThread0" daemon [_thread_in_vm, id=14312, stack(0x0000004da6500000,0x0000004da6600000)]
  0x000001a0fbba5000 JavaThread "Sweeper thread" daemon [_thread_blocked, id=14108, stack(0x0000004da6600000,0x0000004da6700000)]
  0x000001a0fbd06000 JavaThread "Common-Cleaner" daemon [_thread_blocked, id=5512, stack(0x0000004da6700000,0x0000004da6800000)]
  0x000001a0fe3b1000 JavaThread "Daemon health stats" [_thread_blocked, id=17468, stack(0x0000004da6e00000,0x0000004da6f00000)]
  0x000001a0fbeef000 JavaThread "Incoming local TCP Connector on port 53728" [_thread_in_native, id=8960, stack(0x0000004da6900000,0x0000004da6a00000)]
  0x000001a0fc09f800 JavaThread "Daemon periodic checks" [_thread_blocked, id=5200, stack(0x0000004da6a00000,0x0000004da6b00000)]
  0x000001a0fccab800 JavaThread "Daemon" [_thread_blocked, id=4768, stack(0x0000004da6f00000,0x0000004da7000000)]
  0x000001a0fd18c000 JavaThread "Handler for socket connection from /127.0.0.1:53728 to /127.0.0.1:53729" [_thread_in_native, id=10816, stack(0x0000004da7000000,0x0000004da7100000)]
  0x000001a0fd08a800 JavaThread "Cancel handler" [_thread_blocked, id=9656, stack(0x0000004da7100000,0x0000004da7200000)]
  0x000001a0fe11d000 JavaThread "Daemon worker" [_thread_blocked, id=9352, stack(0x0000004da7200000,0x0000004da7300000)]
  0x000001a0fe0c2800 JavaThread "Asynchronous log dispatcher for DefaultDaemonConnection: socket connection from /127.0.0.1:53728 to /127.0.0.1:53729" [_thread_blocked, id=13368, stack(0x0000004da7300000,0x0000004da7400000)]
  0x000001a0fccf7000 JavaThread "Stdin handler" [_thread_blocked, id=3084, stack(0x0000004da7400000,0x0000004da7500000)]
  0x000001a0fdf0b000 JavaThread "Daemon client event forwarder" [_thread_blocked, id=16732, stack(0x0000004da7500000,0x0000004da7600000)]
  0x000001a0fec3f800 JavaThread "Cache worker for journal cache (C:\Users\Padma\.gradle\caches\journal-1)" [_thread_blocked, id=15440, stack(0x0000004da7600000,0x0000004da7700000)]
  0x000001a0fec43000 JavaThread "File lock request listener" [_thread_in_native, id=4984, stack(0x0000004da7700000,0x0000004da7800000)]
  0x000001a0fec3e000 JavaThread "Cache worker for file hash cache (C:\Users\Padma\.gradle\caches\7.4\fileHashes)" [_thread_blocked, id=15728, stack(0x0000004da7800000,0x0000004da7900000)]
  0x000001a0fec40800 JavaThread "File watcher server" daemon [_thread_in_native, id=10904, stack(0x0000004da8000000,0x0000004da8100000)]
  0x000001a0fec3d000 JavaThread "File watcher consumer" daemon [_thread_blocked, id=1072, stack(0x0000004da8100000,0x0000004da8200000)]
  0x000001a0fec3f000 JavaThread "Cache worker for checksums cache (C:\Users\Padma\AndroidStudioProjects\PadmasAndroidLabs\.gradle\7.4\checksums)" [_thread_blocked, id=9724, stack(0x0000004da8200000,0x0000004da8300000)]
  0x000001a0fec43800 JavaThread "Cache worker for cache directory md-rule (C:\Users\Padma\.gradle\caches\7.4\md-rule)" [_thread_blocked, id=17272, stack(0x0000004da8300000,0x0000004da8400000)]
  0x000001a0fec41800 JavaThread "Cache worker for file hash cache (C:\Users\Padma\AndroidStudioProjects\PadmasAndroidLabs\.gradle\7.4\fileHashes)" [_thread_blocked, id=9256, stack(0x0000004da8400000,0x0000004da8500000)]
  0x000001a0fec42000 JavaThread "Cache worker for cache directory md-supplier (C:\Users\Padma\.gradle\caches\7.4\md-supplier)" [_thread_blocked, id=17392, stack(0x0000004da8500000,0x0000004da8600000)]
  0x000001a08327f000 JavaThread "Cache worker for execution history cache (C:\Users\Padma\.gradle\caches\7.4\executionHistory)" [_thread_blocked, id=18072, stack(0x0000004da8600000,0x0000004da8700000)]
  0x000001a08327d800 JavaThread "jar transforms" [_thread_blocked, id=1524, stack(0x0000004da8700000,0x0000004da8800000)]
  0x000001a083279800 JavaThread "Cache worker for file content cache (C:\Users\Padma\.gradle\caches\7.4\fileContent)" [_thread_blocked, id=19164, stack(0x0000004da8800000,0x0000004da8900000)]
  0x000001a08327a000 JavaThread "jar transforms Thread 2" [_thread_blocked, id=11152, stack(0x0000004da8900000,0x0000004da8a00000)]
  0x000001a083280800 JavaThread "Cache worker for dependencies-accessors (C:\Users\Padma\AndroidStudioProjects\PadmasAndroidLabs\.gradle\7.4\dependencies-accessors)" [_thread_blocked, id=18984, stack(0x0000004da8a00000,0x0000004da8b00000)]
  0x000001a08327b000 JavaThread "jar transforms Thread 3" [_thread_blocked, id=15372, stack(0x0000004da8b00000,0x0000004da8c00000)]
  0x000001a083281800 JavaThread "Cache worker for Build Output Cleanup Cache (C:\Users\Padma\AndroidStudioProjects\PadmasAndroidLabs\.gradle\buildOutputCleanup)" [_thread_blocked, id=5436, stack(0x0000004da8c00000,0x0000004da8d00000)]
  0x000001a08327b800 JavaThread "Unconstrained build operations" [_thread_blocked, id=1516, stack(0x0000004da8d00000,0x0000004da8e00000)]
  0x000001a083284000 JavaThread "Unconstrained build operations Thread 2" [_thread_blocked, id=13668, stack(0x0000004da8e00000,0x0000004da8f00000)]
  0x000001a083282000 JavaThread "Unconstrained build operations Thread 3" [_thread_blocked, id=11004, stack(0x0000004da8f00000,0x0000004da9000000)]
  0x000001a083283000 JavaThread "Unconstrained build operations Thread 4" [_thread_blocked, id=16744, stack(0x0000004da9000000,0x0000004da9100000)]
  0x000001a08327e000 JavaThread "Unconstrained build operations Thread 5" [_thread_blocked, id=13072, stack(0x0000004da9100000,0x0000004da9200000)]
  0x000001a083287000 JavaThread "Unconstrained build operations Thread 6" [_thread_blocked, id=11372, stack(0x0000004da9200000,0x0000004da9300000)]
  0x000001a083284800 JavaThread "Unconstrained build operations Thread 7" [_thread_blocked, id=5160, stack(0x0000004da9300000,0x0000004da9400000)]
  0x000001a083285800 JavaThread "Unconstrained build operations Thread 8" [_thread_blocked, id=12496, stack(0x0000004da9400000,0x0000004da9500000)]
  0x000001a083288000 JavaThread "Unconstrained build operations Thread 9" [_thread_blocked, id=10704, stack(0x0000004da9500000,0x0000004da9600000)]
  0x000001a083286800 JavaThread "Unconstrained build operations Thread 10" [_thread_blocked, id=7504, stack(0x0000004da9600000,0x0000004da9700000)]
  0x000001a0fee0d800 JavaThread "Unconstrained build operations Thread 11" [_thread_blocked, id=18528, stack(0x0000004da9700000,0x0000004da9800000)]
  0x000001a0fee0a800 JavaThread "Unconstrained build operations Thread 12" [_thread_blocked, id=1348, stack(0x0000004da9800000,0x0000004da9900000)]
  0x000001a0fee0b000 JavaThread "Unconstrained build operations Thread 13" [_thread_blocked, id=13068, stack(0x0000004da9900000,0x0000004da9a00000)]
  0x000001a0fee08800 JavaThread "Unconstrained build operations Thread 14" [_thread_blocked, id=13684, stack(0x0000004da9a00000,0x0000004da9b00000)]
  0x000001a0fee0e800 JavaThread "Unconstrained build operations Thread 15" [_thread_blocked, id=8640, stack(0x0000004da9b00000,0x0000004da9c00000)]
  0x000001a0fee0c000 JavaThread "Unconstrained build operations Thread 16" [_thread_blocked, id=15636, stack(0x0000004da9c00000,0x0000004da9d00000)]
  0x000001a0fee0c800 JavaThread "Unconstrained build operations Thread 17" [_thread_blocked, id=10928, stack(0x0000004da9d00000,0x0000004da9e00000)]
  0x000001a0fee0f000 JavaThread "Unconstrained build operations Thread 18" [_thread_blocked, id=7696, stack(0x0000004da9e00000,0x0000004da9f00000)]
  0x000001a0fee09800 JavaThread "Unconstrained build operations Thread 19" [_thread_blocked, id=13456, stack(0x0000004da9f00000,0x0000004daa000000)]
  0x000001a0fee13000 JavaThread "Unconstrained build operations Thread 20" [_thread_blocked, id=4928, stack(0x0000004daa000000,0x0000004daa100000)]
  0x000001a0fee15800 JavaThread "Unconstrained build operations Thread 21" [_thread_blocked, id=8836, stack(0x0000004daa100000,0x0000004daa200000)]
  0x000001a0fee12800 JavaThread "Unconstrained build operations Thread 22" [_thread_blocked, id=18596, stack(0x0000004daa200000,0x0000004daa300000)]
  0x000001a0fee11000 JavaThread "Unconstrained build operations Thread 23" [_thread_blocked, id=14812, stack(0x0000004daa300000,0x0000004daa400000)]
  0x000001a0fee10000 JavaThread "Unconstrained build operations Thread 24" [_thread_blocked, id=16664, stack(0x0000004daa400000,0x0000004daa500000)]
  0x000001a0fee16800 JavaThread "Unconstrained build operations Thread 25" [_thread_blocked, id=9972, stack(0x0000004daa500000,0x0000004daa600000)]
  0x000001a0fee14000 JavaThread "Unconstrained build operations Thread 26" [_thread_blocked, id=13472, stack(0x0000004daa600000,0x0000004daa700000)]
  0x000001a0fee17800 JavaThread "Unconstrained build operations Thread 27" [_thread_blocked, id=11828, stack(0x0000004daa700000,0x0000004daa800000)]
  0x000001a0fee11800 JavaThread "Unconstrained build operations Thread 28" [_thread_blocked, id=17076, stack(0x0000004daa800000,0x0000004daa900000)]
  0x000001a0fee15000 JavaThread "Unconstrained build operations Thread 29" [_thread_blocked, id=12352, stack(0x0000004daa900000,0x0000004daaa00000)]
  0x000001a0812c6000 JavaThread "Unconstrained build operations Thread 30" [_thread_blocked, id=11008, stack(0x0000004daaa00000,0x0000004daab00000)]
  0x000001a0812c7800 JavaThread "Unconstrained build operations Thread 31" [_thread_blocked, id=1736, stack(0x0000004daab00000,0x0000004daac00000)]
  0x000001a0812c2000 JavaThread "Unconstrained build operations Thread 32" [_thread_blocked, id=15400, stack(0x0000004daac00000,0x0000004daad00000)]
  0x000001a0812c7000 JavaThread "Unconstrained build operations Thread 33" [_thread_blocked, id=3932, stack(0x0000004daad00000,0x0000004daae00000)]
  0x000001a0812c8800 JavaThread "Unconstrained build operations Thread 34" [_thread_blocked, id=8216, stack(0x0000004daae00000,0x0000004daaf00000)]
  0x000001a0812c3800 JavaThread "Unconstrained build operations Thread 35" [_thread_blocked, id=9100, stack(0x0000004daaf00000,0x0000004dab000000)]
  0x000001a0812c5000 JavaThread "Unconstrained build operations Thread 36" [_thread_blocked, id=9876, stack(0x0000004dab000000,0x0000004dab100000)]
  0x000001a0812c3000 JavaThread "Unconstrained build operations Thread 37" [_thread_blocked, id=18428, stack(0x0000004dab100000,0x0000004dab200000)]
  0x000001a0812c9800 JavaThread "Unconstrained build operations Thread 38" [_thread_blocked, id=9244, stack(0x0000004dab200000,0x0000004dab300000)]
  0x000001a0812ca000 JavaThread "Unconstrained build operations Thread 39" [_thread_blocked, id=7644, stack(0x0000004dab300000,0x0000004dab400000)]
  0x000001a0812c4800 JavaThread "Unconstrained build operations Thread 40" [_thread_blocked, id=4640, stack(0x0000004dab400000,0x0000004dab500000)]
  0x000001a0812cc800 JavaThread "Unconstrained build operations Thread 41" [_thread_blocked, id=17544, stack(0x0000004dab500000,0x0000004dab600000)]
  0x000001a0812cf000 JavaThread "Unconstrained build operations Thread 42" [_thread_blocked, id=5452, stack(0x0000004dab600000,0x0000004dab700000)]
  0x000001a0812cd800 JavaThread "Unconstrained build operations Thread 43" [_thread_blocked, id=11840, stack(0x0000004dab700000,0x0000004dab800000)]
  0x000001a0812ce000 JavaThread "Unconstrained build operations Thread 44" [_thread_blocked, id=8456, stack(0x0000004dab800000,0x0000004dab900000)]
  0x000001a0812d0000 JavaThread "Unconstrained build operations Thread 45" [_thread_blocked, id=9164, stack(0x0000004dab900000,0x0000004daba00000)]
  0x000001a0812d0800 JavaThread "Unconstrained build operations Thread 46" [_thread_blocked, id=12112, stack(0x0000004daba00000,0x0000004dabb00000)]
  0x000001a0812cb000 JavaThread "Unconstrained build operations Thread 47" [_thread_blocked, id=11268, stack(0x0000004dabb00000,0x0000004dabc00000)]
  0x000001a0812cc000 JavaThread "Unconstrained build operations Thread 48" [_thread_blocked, id=9156, stack(0x0000004dabc00000,0x0000004dabd00000)]
  0x000001a082b72800 JavaThread "Unconstrained build operations Thread 49" [_thread_blocked, id=6860, stack(0x0000004dabd00000,0x0000004dabe00000)]
  0x000001a082b73800 JavaThread "Unconstrained build operations Thread 50" [_thread_blocked, id=5500, stack(0x0000004dabe00000,0x0000004dabf00000)]
  0x000001a082b70800 JavaThread "Unconstrained build operations Thread 51" [_thread_blocked, id=9572, stack(0x0000004dabf00000,0x0000004dac000000)]
  0x000001a082b71000 JavaThread "Unconstrained build operations Thread 52" [_thread_blocked, id=4584, stack(0x0000004dac000000,0x0000004dac100000)]
  0x000001a082b74800 JavaThread "Unconstrained build operations Thread 53" [_thread_blocked, id=18732, stack(0x0000004dac100000,0x0000004dac200000)]
  0x000001a082b75000 JavaThread "Unconstrained build operations Thread 54" [_thread_blocked, id=9576, stack(0x0000004dac200000,0x0000004dac300000)]
  0x000001a082b77000 JavaThread "Unconstrained build operations Thread 55" [_thread_blocked, id=9516, stack(0x0000004dac300000,0x0000004dac400000)]
  0x000001a082b76000 JavaThread "Unconstrained build operations Thread 56" [_thread_blocked, id=17224, stack(0x0000004dac400000,0x0000004dac500000)]
  0x000001a082b77800 JavaThread "Unconstrained build operations Thread 57" [_thread_blocked, id=10576, stack(0x0000004dac500000,0x0000004dac600000)]
  0x000001a082b72000 JavaThread "Unconstrained build operations Thread 58" [_thread_blocked, id=3652, stack(0x0000004dac600000,0x0000004dac700000)]
  0x000001a082b7d800 JavaThread "Unconstrained build operations Thread 59" [_thread_blocked, id=16132, stack(0x0000004dac700000,0x0000004dac800000)]
  0x000001a082b79000 JavaThread "Unconstrained build operations Thread 60" [_thread_blocked, id=13816, stack(0x0000004dac800000,0x0000004dac900000)]
  0x000001a082b7e000 JavaThread "Unconstrained build operations Thread 61" [_thread_blocked, id=9796, stack(0x0000004dac900000,0x0000004daca00000)]
  0x000001a082b7c800 JavaThread "Unconstrained build operations Thread 62" [_thread_blocked, id=15068, stack(0x0000004daca00000,0x0000004dacb00000)]
  0x000001a082b7a000 JavaThread "Unconstrained build operations Thread 63" [_thread_blocked, id=11812, stack(0x0000004dacb00000,0x0000004dacc00000)]
  0x000001a082b78800 JavaThread "Unconstrained build operations Thread 64" [_thread_blocked, id=4432, stack(0x0000004dacc00000,0x0000004dacd00000)]
  0x000001a082b7f000 JavaThread "Unconstrained build operations Thread 65" [_thread_blocked, id=10108, stack(0x0000004dacd00000,0x0000004dace00000)]
  0x000001a082b7b000 JavaThread "Unconstrained build operations Thread 66" [_thread_blocked, id=9632, stack(0x0000004dace00000,0x0000004dacf00000)]
  0x000001a082b7b800 JavaThread "Unconstrained build operations Thread 67" [_thread_blocked, id=15132, stack(0x0000004dacf00000,0x0000004dad000000)]
  0x000001a081165000 JavaThread "Unconstrained build operations Thread 68" [_thread_blocked, id=17660, stack(0x0000004dad000000,0x0000004dad100000)]
  0x000001a081169000 JavaThread "Unconstrained build operations Thread 69" [_thread_blocked, id=9840, stack(0x0000004dad100000,0x0000004dad200000)]
  0x000001a081163800 JavaThread "Unconstrained build operations Thread 70" [_thread_blocked, id=764, stack(0x0000004dad200000,0x0000004dad300000)]
  0x000001a081166000 JavaThread "Unconstrained build operations Thread 71" [_thread_blocked, id=4820, stack(0x0000004dad300000,0x0000004dad400000)]
  0x000001a08116a000 JavaThread "Unconstrained build operations Thread 72" [_thread_blocked, id=1576, stack(0x0000004dad400000,0x0000004dad500000)]
  0x000001a081166800 JavaThread "Unconstrained build operations Thread 73" [_thread_blocked, id=9664, stack(0x0000004dad500000,0x0000004dad600000)]
  0x000001a081167800 JavaThread "Unconstrained build operations Thread 74" [_thread_blocked, id=4500, stack(0x0000004dad600000,0x0000004dad700000)]
  0x000001a081168800 JavaThread "Unconstrained build operations Thread 75" [_thread_blocked, id=11692, stack(0x0000004dad700000,0x0000004dad800000)]
  0x000001a081164000 JavaThread "Unconstrained build operations Thread 76" [_thread_blocked, id=13888, stack(0x0000004dad800000,0x0000004dad900000)]
  0x000001a08116e000 JavaThread "Unconstrained build operations Thread 77" [_thread_blocked, id=17848, stack(0x0000004dad900000,0x0000004dada00000)]
  0x000001a08116a800 JavaThread "Unconstrained build operations Thread 78" [_thread_blocked, id=7968, stack(0x0000004dada00000,0x0000004dadb00000)]
  0x000001a08116f000 JavaThread "Unconstrained build operations Thread 79" [_thread_blocked, id=4932, stack(0x0000004dadb00000,0x0000004dadc00000)]
  0x000001a081171800 JavaThread "Unconstrained build operations Thread 80" [_thread_blocked, id=956, stack(0x0000004dadc00000,0x0000004dadd00000)]
  0x000001a08116b800 JavaThread "jar transforms Thread 4" [_thread_blocked, id=3112, stack(0x0000004dadd00000,0x0000004dade00000)]
  0x000001a08116f800 JavaThread "jar transforms Thread 5" [_thread_blocked, id=9008, stack(0x0000004dade00000,0x0000004dadf00000)]
  0x000001a081172000 JavaThread "jar transforms Thread 6" [_thread_blocked, id=15752, stack(0x0000004dadf00000,0x0000004dae000000)]
  0x000001a081170800 JavaThread "jar transforms Thread 7" [_thread_blocked, id=14804, stack(0x0000004dae000000,0x0000004dae100000)]
  0x000001a08116d000 JavaThread "jar transforms Thread 8" [_thread_blocked, id=12248, stack(0x0000004dae100000,0x0000004dae200000)]
  0x000001a08116c800 JavaThread "Memory manager" [_thread_blocked, id=3516, stack(0x0000004dae200000,0x0000004dae300000)]
  0x000001a081d47800 JavaThread "build event listener" [_thread_blocked, id=4248, stack(0x0000004dae300000,0x0000004dae400000)]
  0x000001a081d43800 JavaThread "included builds" [_thread_blocked, id=14124, stack(0x0000004dae400000,0x0000004dae500000)]
  0x000001a081d48000 JavaThread "Execution worker for ':'" [_thread_blocked, id=16796, stack(0x0000004dae500000,0x0000004dae600000)]
  0x000001a081d44000 JavaThread "Execution worker for ':' Thread 2" [_thread_blocked, id=5472, stack(0x0000004dae600000,0x0000004dae700000)]
  0x000001a081d42800 JavaThread "Execution worker for ':' Thread 3" [_thread_blocked, id=10592, stack(0x0000004dae700000,0x0000004dae800000)]
  0x000001a081d49000 JavaThread "Execution worker for ':' Thread 4" [_thread_in_Java, id=6248, stack(0x0000004dae800000,0x0000004dae900000)]
  0x000001a081d4a000 JavaThread "Execution worker for ':' Thread 5" [_thread_blocked, id=14328, stack(0x0000004dae900000,0x0000004daea00000)]
  0x000001a081d45000 JavaThread "Execution worker for ':' Thread 6" [_thread_blocked, id=1952, stack(0x0000004daea00000,0x0000004daeb00000)]
  0x000001a081d4b800 JavaThread "Execution worker for ':' Thread 7" [_thread_blocked, id=14708, stack(0x0000004daeb00000,0x0000004daec00000)]
  0x000001a081d4a800 JavaThread "Cache worker for execution history cache (C:\Users\Padma\AndroidStudioProjects\PadmasAndroidLabs\.gradle\7.4\executionHistory)" [_thread_blocked, id=4436, stack(0x0000004daec00000,0x0000004daed00000)]
=>0x000001a081015800 JavaThread "C2 CompilerThread1" daemon [_thread_in_native, id=3288, stack(0x0000004da7e00000,0x0000004da7f00000)]
  0x000001a0fc5d0000 JavaThread "C2 CompilerThread2" daemon [_thread_in_native, id=11212, stack(0x0000004da7f00000,0x0000004da8000000)]
  0x000001a081d45800 JavaThread "WorkerExecutor Queue" [_thread_in_Java, id=18420, stack(0x0000004daf100000,0x0000004daf200000)]
  0x000001a081d4d000 JavaThread "WorkerExecutor Queue Thread 2" [_thread_in_Java, id=17884, stack(0x0000004daf200000,0x0000004daf300000)]
  0x000001a081d4e000 JavaThread "WorkerExecutor Queue Thread 3" [_thread_in_vm_trans, id=18664, stack(0x0000004daf300000,0x0000004daf400000)]

Other Threads:
  0x000001a0fb329000 VMThread "VM Thread" [stack: 0x0000004da5e00000,0x0000004da5f00000] [id=18708]
  0x000001a0fbd15000 WatcherThread [stack: 0x0000004da6800000,0x0000004da6900000] [id=16048]
  0x000001a0e0e7a800 GCTaskThread "GC Thread#0" [stack: 0x0000004da5900000,0x0000004da5a00000] [id=7028]
  0x000001a0fc565800 GCTaskThread "GC Thread#1" [stack: 0x0000004da6b00000,0x0000004da6c00000] [id=15904]
  0x000001a0fce2b800 GCTaskThread "GC Thread#2" [stack: 0x0000004da6c00000,0x0000004da6d00000] [id=6348]
  0x000001a0fce2c000 GCTaskThread "GC Thread#3" [stack: 0x0000004da6d00000,0x0000004da6e00000] [id=16040]
  0x000001a0fd779000 GCTaskThread "GC Thread#4" [stack: 0x0000004da7900000,0x0000004da7a00000] [id=1712]
  0x000001a0fdb5f800 GCTaskThread "GC Thread#5" [stack: 0x0000004da7a00000,0x0000004da7b00000] [id=796]
  0x000001a0fd26d800 GCTaskThread "GC Thread#6" [stack: 0x0000004da7b00000,0x0000004da7c00000] [id=8936]
  0x000001a0fd7e1800 GCTaskThread "GC Thread#7" [stack: 0x0000004da7c00000,0x0000004da7d00000] [id=3532]
  0x000001a0e0eac000 ConcurrentGCThread "G1 Main Marker" [stack: 0x0000004da5a00000,0x0000004da5b00000] [id=6968]
  0x000001a0e0eae000 ConcurrentGCThread "G1 Conc#0" [stack: 0x0000004da5b00000,0x0000004da5c00000] [id=5204]
  0x000001a0fcde0800 ConcurrentGCThread "G1 Conc#1" [stack: 0x0000004da7d00000,0x0000004da7e00000] [id=16308]
  0x000001a0e0f3d800 ConcurrentGCThread "G1 Refine#0" [stack: 0x0000004da5c00000,0x0000004da5d00000] [id=4012]
  0x000001a0818c1800 ConcurrentGCThread "G1 Refine#1" [stack: 0x0000004daed00000,0x0000004daee00000] [id=16412]
  0x000001a0fbf24800 ConcurrentGCThread "G1 Refine#2" [stack: 0x0000004daee00000,0x0000004daef00000] [id=16880]
  0x000001a0fbc02000 ConcurrentGCThread "G1 Refine#3" [stack: 0x0000004daef00000,0x0000004daf000000] [id=16992]
  0x000001a082fad800 ConcurrentGCThread "G1 Refine#4" [stack: 0x0000004daf000000,0x0000004daf100000] [id=8788]
  0x000001a0e0f3e000 ConcurrentGCThread "G1 Young RemSet Sampling" [stack: 0x0000004da5d00000,0x0000004da5e00000] [id=5744]

Threads with active compile tasks:
C2 CompilerThread0  21443 10306   !   4       java.io.ObjectOutputStream::writeObject0 (619 bytes)
C1 CompilerThread0  21443 10368       2       java.io.ObjectInputStream::readClassDesc (123 bytes)
C2 CompilerThread1  21443 10264       4       com.android.ide.common.resources.NodeUtils::duplicateNode (315 bytes)
C2 CompilerThread2  21443 10272       4       com.android.utils.XmlUtils::append (645 bytes)

VM state:not at safepoint (normal execution)

VM Mutex/Monitor currently owned by a thread: None

Heap address: 0x0000000080000000, size: 2048 MB, Compressed Oops mode: 32-bit
Narrow klass base: 0x0000000000000000, Narrow klass shift: 3
Compressed class space size: 1073741824 Address: 0x0000000100000000

Heap:
 garbage-first heap   total 199680K, used 116510K [0x0000000080000000, 0x0000000100000000)
  region size 1024K, 14 young (14336K), 5 survivors (5120K)
 Metaspace       used 85305K, capacity 87323K, committed 88188K, reserved 1126400K
  class space    used 10979K, capacity 11740K, committed 12032K, reserved 1048576K
Heap Regions: E=young(eden), S=young(survivor), O=old, HS=humongous(starts), HC=humongous(continues), CS=collection set, F=free, A=archive, TAMS=top-at-mark-start (previous, next)
|   0|0x0000000080000000, 0x0000000080100000, 0x0000000080100000|100%| O|  |TAMS 0x0000000080100000, 0x0000000080000000| Untracked 
|   1|0x0000000080100000, 0x0000000080200000, 0x0000000080200000|100%| O|  |TAMS 0x0000000080200000, 0x0000000080100000| Untracked 
|   2|0x0000000080200000, 0x0000000080300000, 0x0000000080300000|100%| O|  |TAMS 0x0000000080300000, 0x0000000080200000| Untracked 
|   3|0x0000000080300000, 0x0000000080400000, 0x0000000080400000|100%|HS|  |TAMS 0x0000000080400000, 0x0000000080300000| Complete 
|   4|0x0000000080400000, 0x0000000080500000, 0x0000000080500000|100%|HC|  |TAMS 0x0000000080500000, 0x0000000080400000| Complete 
|   5|0x0000000080500000, 0x0000000080600000, 0x0000000080600000|100%|HC|  |TAMS 0x0000000080600000, 0x0000000080500000| Complete 
|   6|0x0000000080600000, 0x0000000080700000, 0x0000000080700000|100%| O|  |TAMS 0x0000000080700000, 0x0000000080600000| Untracked 
|   7|0x0000000080700000, 0x0000000080800000, 0x0000000080800000|100%| O|  |TAMS 0x0000000080800000, 0x0000000080700000| Untracked 
|   8|0x0000000080800000, 0x0000000080900000, 0x0000000080900000|100%| O|  |TAMS 0x0000000080900000, 0x0000000080800000| Untracked 
|   9|0x0000000080900000, 0x0000000080a00000, 0x0000000080a00000|100%| O|  |TAMS 0x0000000080a00000, 0x0000000080900000| Untracked 
|  10|0x0000000080a00000, 0x0000000080b00000, 0x0000000080b00000|100%| O|  |TAMS 0x0000000080b00000, 0x0000000080a00000| Untracked 
|  11|0x0000000080b00000, 0x0000000080c00000, 0x0000000080c00000|100%| O|  |TAMS 0x0000000080c00000, 0x0000000080b00000| Untracked 
|  12|0x0000000080c00000, 0x0000000080d00000, 0x0000000080d00000|100%| O|  |TAMS 0x0000000080d00000, 0x0000000080c00000| Untracked 
|  13|0x0000000080d00000, 0x0000000080e00000, 0x0000000080e00000|100%| O|  |TAMS 0x0000000080e00000, 0x0000000080d00000| Untracked 
|  14|0x0000000080e00000, 0x0000000080f00000, 0x0000000080f00000|100%| O|  |TAMS 0x0000000080f00000, 0x0000000080e00000| Untracked 
|  15|0x0000000080f00000, 0x0000000081000000, 0x0000000081000000|100%| O|  |TAMS 0x0000000081000000, 0x0000000080f00000| Untracked 
|  16|0x0000000081000000, 0x0000000081100000, 0x0000000081100000|100%| O|  |TAMS 0x0000000081100000, 0x0000000081000000| Untracked 
|  17|0x0000000081100000, 0x0000000081200000, 0x0000000081200000|100%|HS|  |TAMS 0x0000000081200000, 0x0000000081100000| Complete 
|  18|0x0000000081200000, 0x0000000081300000, 0x0000000081300000|100%|HS|  |TAMS 0x0000000081300000, 0x0000000081200000| Complete 
|  19|0x0000000081300000, 0x0000000081400000, 0x0000000081400000|100%| O|  |TAMS 0x0000000081400000, 0x0000000081300000| Untracked 
|  20|0x0000000081400000, 0x0000000081500000, 0x0000000081500000|100%| O|  |TAMS 0x0000000081500000, 0x0000000081400000| Untracked 
|  21|0x0000000081500000, 0x0000000081600000, 0x0000000081600000|100%| O|  |TAMS 0x0000000081600000, 0x0000000081500000| Untracked 
|  22|0x0000000081600000, 0x0000000081700000, 0x0000000081700000|100%| O|  |TAMS 0x0000000081700000, 0x0000000081600000| Untracked 
|  23|0x0000000081700000, 0x0000000081800000, 0x0000000081800000|100%| O|  |TAMS 0x0000000081800000, 0x0000000081700000| Untracked 
|  24|0x0000000081800000, 0x0000000081900000, 0x0000000081900000|100%| O|  |TAMS 0x0000000081900000, 0x0000000081800000| Untracked 
|  25|0x0000000081900000, 0x0000000081a00000, 0x0000000081a00000|100%|HS|  |TAMS 0x0000000081a00000, 0x0000000081900000| Complete 
|  26|0x0000000081a00000, 0x0000000081b00000, 0x0000000081b00000|100%|HC|  |TAMS 0x0000000081b00000, 0x0000000081a00000| Complete 
|  27|0x0000000081b00000, 0x0000000081c00000, 0x0000000081c00000|100%| O|  |TAMS 0x0000000081c00000, 0x0000000081b00000| Untracked 
|  28|0x0000000081c00000, 0x0000000081d00000, 0x0000000081d00000|100%| O|  |TAMS 0x0000000081d00000, 0x0000000081c00000| Untracked 
|  29|0x0000000081d00000, 0x0000000081e00000, 0x0000000081e00000|100%| O|  |TAMS 0x0000000081e00000, 0x0000000081d00000| Untracked 
|  30|0x0000000081e00000, 0x0000000081f00000, 0x0000000081f00000|100%| O|  |TAMS 0x0000000081f00000, 0x0000000081e00000| Untracked 
|  31|0x0000000081f00000, 0x0000000082000000, 0x0000000082000000|100%| O|  |TAMS 0x0000000082000000, 0x0000000081f00000| Untracked 
|  32|0x0000000082000000, 0x0000000082100000, 0x0000000082100000|100%| O|  |TAMS 0x0000000082100000, 0x0000000082000000| Untracked 
|  33|0x0000000082100000, 0x0000000082200000, 0x0000000082200000|100%| O|  |TAMS 0x0000000082200000, 0x0000000082100000| Untracked 
|  34|0x0000000082200000, 0x0000000082300000, 0x0000000082300000|100%| O|  |TAMS 0x0000000082300000, 0x0000000082200000| Untracked 
|  35|0x0000000082300000, 0x0000000082400000, 0x0000000082400000|100%| O|  |TAMS 0x0000000082400000, 0x0000000082300000| Untracked 
|  36|0x0000000082400000, 0x0000000082500000, 0x0000000082500000|100%| O|  |TAMS 0x0000000082500000, 0x0000000082400000| Untracked 
|  37|0x0000000082500000, 0x0000000082600000, 0x0000000082600000|100%| O|  |TAMS 0x0000000082600000, 0x0000000082500000| Untracked 
|  38|0x0000000082600000, 0x0000000082700000, 0x0000000082700000|100%| O|  |TAMS 0x0000000082700000, 0x0000000082600000| Untracked 
|  39|0x0000000082700000, 0x0000000082800000, 0x0000000082800000|100%| O|  |TAMS 0x0000000082800000, 0x0000000082700000| Untracked 
|  40|0x0000000082800000, 0x0000000082900000, 0x0000000082900000|100%| O|  |TAMS 0x0000000082900000, 0x0000000082800000| Untracked 
|  41|0x0000000082900000, 0x0000000082a00000, 0x0000000082a00000|100%| O|  |TAMS 0x0000000082a00000, 0x0000000082900000| Untracked 
|  42|0x0000000082a00000, 0x0000000082b00000, 0x0000000082b00000|100%| O|  |TAMS 0x0000000082b00000, 0x0000000082a00000| Untracked 
|  43|0x0000000082b00000, 0x0000000082c00000, 0x0000000082c00000|100%| O|  |TAMS 0x0000000082c00000, 0x0000000082b00000| Untracked 
|  44|0x0000000082c00000, 0x0000000082d00000, 0x0000000082d00000|100%| O|  |TAMS 0x0000000082d00000, 0x0000000082c00000| Untracked 
|  45|0x0000000082d00000, 0x0000000082e00000, 0x0000000082e00000|100%| O|  |TAMS 0x0000000082e00000, 0x0000000082d00000| Untracked 
|  46|0x0000000082e00000, 0x0000000082f00000, 0x0000000082f00000|100%| O|  |TAMS 0x0000000082f00000, 0x0000000082e00000| Untracked 
|  47|0x0000000082f00000, 0x0000000083000000, 0x0000000083000000|100%| O|  |TAMS 0x0000000083000000, 0x0000000082f00000| Untracked 
|  48|0x0000000083000000, 0x0000000083100000, 0x0000000083100000|100%| O|  |TAMS 0x0000000083100000, 0x0000000083000000| Untracked 
|  49|0x0000000083100000, 0x0000000083200000, 0x0000000083200000|100%| O|  |TAMS 0x0000000083200000, 0x0000000083100000| Untracked 
|  50|0x0000000083200000, 0x0000000083300000, 0x0000000083300000|100%| O|  |TAMS 0x0000000083300000, 0x0000000083200000| Untracked 
|  51|0x0000000083300000, 0x0000000083400000, 0x0000000083400000|100%| O|  |TAMS 0x0000000083400000, 0x0000000083300000| Untracked 
|  52|0x0000000083400000, 0x0000000083500000, 0x0000000083500000|100%| O|  |TAMS 0x0000000083500000, 0x0000000083400000| Untracked 
|  53|0x0000000083500000, 0x0000000083600000, 0x0000000083600000|100%| O|  |TAMS 0x0000000083600000, 0x0000000083500000| Untracked 
|  54|0x0000000083600000, 0x0000000083700000, 0x0000000083700000|100%| O|  |TAMS 0x0000000083700000, 0x0000000083600000| Untracked 
|  55|0x0000000083700000, 0x0000000083800000, 0x0000000083800000|100%| O|  |TAMS 0x0000000083800000, 0x0000000083700000| Untracked 
|  56|0x0000000083800000, 0x0000000083800000, 0x0000000083900000|  0%| F|  |TAMS 0x0000000083800000, 0x0000000083800000| Untracked 
|  57|0x0000000083900000, 0x0000000083a00000, 0x0000000083a00000|100%| O|  |TAMS 0x0000000083a00000, 0x0000000083900000| Untracked 
|  58|0x0000000083a00000, 0x0000000083b00000, 0x0000000083b00000|100%|HS|  |TAMS 0x0000000083b00000, 0x0000000083a00000| Complete 
|  59|0x0000000083b00000, 0x0000000083b00000, 0x0000000083c00000|  0%| F|  |TAMS 0x0000000083b00000, 0x0000000083b00000| Untracked 
|  60|0x0000000083c00000, 0x0000000083c00000, 0x0000000083d00000|  0%| F|  |TAMS 0x0000000083c00000, 0x0000000083c00000| Untracked 
|  61|0x0000000083d00000, 0x0000000083e00000, 0x0000000083e00000|100%|HS|  |TAMS 0x0000000083e00000, 0x0000000083d00000| Complete 
|  62|0x0000000083e00000, 0x0000000083f00000, 0x0000000083f00000|100%|HC|  |TAMS 0x0000000083f00000, 0x0000000083e00000| Complete 
|  63|0x0000000083f00000, 0x0000000084000000, 0x0000000084000000|100%|HC|  |TAMS 0x0000000084000000, 0x0000000083f00000| Complete 
|  64|0x0000000084000000, 0x0000000084100000, 0x0000000084100000|100%|HC|  |TAMS 0x0000000084100000, 0x0000000084000000| Complete 
|  65|0x0000000084100000, 0x0000000084100000, 0x0000000084200000|  0%| F|  |TAMS 0x0000000084100000, 0x0000000084100000| Untracked 
|  66|0x0000000084200000, 0x0000000084200000, 0x0000000084300000|  0%| F|  |TAMS 0x0000000084200000, 0x0000000084200000| Untracked 
|  67|0x0000000084300000, 0x0000000084400000, 0x0000000084400000|100%| O|  |TAMS 0x0000000084400000, 0x0000000084300000| Untracked 
|  68|0x0000000084400000, 0x0000000084500000, 0x0000000084500000|100%| O|  |TAMS 0x0000000084500000, 0x0000000084400000| Untracked 
|  69|0x0000000084500000, 0x0000000084600000, 0x0000000084600000|100%| O|  |TAMS 0x0000000084600000, 0x0000000084500000| Untracked 
|  70|0x0000000084600000, 0x0000000084700000, 0x0000000084700000|100%| O|  |TAMS 0x0000000084700000, 0x0000000084600000| Untracked 
|  71|0x0000000084700000, 0x0000000084800000, 0x0000000084800000|100%| O|  |TAMS 0x0000000084800000, 0x0000000084700000| Untracked 
|  72|0x0000000084800000, 0x0000000084900000, 0x0000000084900000|100%| O|  |TAMS 0x0000000084900000, 0x0000000084800000| Untracked 
|  73|0x0000000084900000, 0x0000000084a00000, 0x0000000084a00000|100%| O|  |TAMS 0x0000000084a00000, 0x0000000084900000| Untracked 
|  74|0x0000000084a00000, 0x0000000084b00000, 0x0000000084b00000|100%| O|  |TAMS 0x0000000084b00000, 0x0000000084a00000| Untracked 
|  75|0x0000000084b00000, 0x0000000084c00000, 0x0000000084c00000|100%| O|  |TAMS 0x0000000084c00000, 0x0000000084b00000| Untracked 
|  76|0x0000000084c00000, 0x0000000084d00000, 0x0000000084d00000|100%| O|  |TAMS 0x0000000084d00000, 0x0000000084c00000| Untracked 
|  77|0x0000000084d00000, 0x0000000084e00000, 0x0000000084e00000|100%| O|  |TAMS 0x0000000084e00000, 0x0000000084d00000| Untracked 
|  78|0x0000000084e00000, 0x0000000084f00000, 0x0000000084f00000|100%| O|  |TAMS 0x0000000084f00000, 0x0000000084e00000| Untracked 
|  79|0x0000000084f00000, 0x0000000085000000, 0x0000000085000000|100%| O|  |TAMS 0x0000000085000000, 0x0000000084f00000| Untracked 
|  80|0x0000000085000000, 0x0000000085100000, 0x0000000085100000|100%| O|  |TAMS 0x0000000085100000, 0x0000000085000000| Untracked 
|  81|0x0000000085100000, 0x0000000085200000, 0x0000000085200000|100%| O|  |TAMS 0x0000000085200000, 0x0000000085100000| Untracked 
|  82|0x0000000085200000, 0x0000000085300000, 0x0000000085300000|100%| O|  |TAMS 0x0000000085300000, 0x0000000085200000| Untracked 
|  83|0x0000000085300000, 0x0000000085400000, 0x0000000085400000|100%| O|  |TAMS 0x0000000085400000, 0x0000000085300000| Untracked 
|  84|0x0000000085400000, 0x0000000085500000, 0x0000000085500000|100%| O|  |TAMS 0x0000000085500000, 0x0000000085400000| Untracked 
|  85|0x0000000085500000, 0x0000000085600000, 0x0000000085600000|100%|HS|  |TAMS 0x0000000085500000, 0x0000000085500000| Complete 
|  86|0x0000000085600000, 0x0000000085700000, 0x0000000085700000|100%|HC|  |TAMS 0x0000000085600000, 0x0000000085600000| Complete 
|  87|0x0000000085700000, 0x0000000085800000, 0x0000000085800000|100%|HC|  |TAMS 0x0000000085700000, 0x0000000085700000| Complete 
|  88|0x0000000085800000, 0x0000000085800000, 0x0000000085900000|  0%| F|  |TAMS 0x0000000085800000, 0x0000000085800000| Untracked 
|  89|0x0000000085900000, 0x0000000085900000, 0x0000000085a00000|  0%| F|  |TAMS 0x0000000085900000, 0x0000000085900000| Untracked 
|  90|0x0000000085a00000, 0x0000000085b00000, 0x0000000085b00000|100%| O|  |TAMS 0x0000000085b00000, 0x0000000085a00000| Untracked 
|  91|0x0000000085b00000, 0x0000000085c00000, 0x0000000085c00000|100%| O|  |TAMS 0x0000000085c00000, 0x0000000085b00000| Untracked 
|  92|0x0000000085c00000, 0x0000000085d00000, 0x0000000085d00000|100%| O|  |TAMS 0x0000000085d00000, 0x0000000085c00000| Untracked 
|  93|0x0000000085d00000, 0x0000000085e00000, 0x0000000085e00000|100%| O|  |TAMS 0x0000000085e00000, 0x0000000085d00000| Untracked 
|  94|0x0000000085e00000, 0x0000000085f00000, 0x0000000085f00000|100%| O|  |TAMS 0x0000000085f00000, 0x0000000085e00000| Untracked 
|  95|0x0000000085f00000, 0x0000000086000000, 0x0000000086000000|100%| O|  |TAMS 0x0000000086000000, 0x0000000085f00000| Untracked 
|  96|0x0000000086000000, 0x0000000086100000, 0x0000000086100000|100%| O|  |TAMS 0x0000000086100000, 0x0000000086000000| Untracked 
|  97|0x0000000086100000, 0x0000000086200000, 0x0000000086200000|100%| O|  |TAMS 0x0000000086200000, 0x0000000086100000| Untracked 
|  98|0x0000000086200000, 0x0000000086300000, 0x0000000086300000|100%| O|  |TAMS 0x0000000086300000, 0x0000000086200000| Untracked 
|  99|0x0000000086300000, 0x0000000086400000, 0x0000000086400000|100%| O|  |TAMS 0x0000000086400000, 0x0000000086300000| Untracked 
| 100|0x0000000086400000, 0x0000000086500000, 0x0000000086500000|100%| O|  |TAMS 0x0000000086500000, 0x0000000086400000| Untracked 
| 101|0x0000000086500000, 0x0000000086600000, 0x0000000086600000|100%|HS|  |TAMS 0x0000000086500000, 0x0000000086500000| Complete 
| 102|0x0000000086600000, 0x0000000086700000, 0x0000000086700000|100%|HC|  |TAMS 0x0000000086600000, 0x0000000086600000| Complete 
| 103|0x0000000086700000, 0x0000000086800000, 0x0000000086800000|100%|HC|  |TAMS 0x0000000086700000, 0x0000000086700000| Complete 
| 104|0x0000000086800000, 0x00000000868c7a00, 0x0000000086900000| 77%| O|  |TAMS 0x00000000868c7a00, 0x0000000086800000| Untracked 
| 105|0x0000000086900000, 0x0000000086900000, 0x0000000086a00000|  0%| F|  |TAMS 0x0000000086900000, 0x0000000086900000| Untracked 
| 106|0x0000000086a00000, 0x0000000086a00000, 0x0000000086b00000|  0%| F|  |TAMS 0x0000000086a00000, 0x0000000086a00000| Untracked 
| 107|0x0000000086b00000, 0x0000000086b00000, 0x0000000086c00000|  0%| F|  |TAMS 0x0000000086b00000, 0x0000000086b00000| Untracked 
| 108|0x0000000086c00000, 0x0000000086c00000, 0x0000000086d00000|  0%| F|  |TAMS 0x0000000086c00000, 0x0000000086c00000| Untracked 
| 109|0x0000000086d00000, 0x0000000086d00000, 0x0000000086e00000|  0%| F|  |TAMS 0x0000000086d00000, 0x0000000086d00000| Untracked 
| 110|0x0000000086e00000, 0x0000000086e00000, 0x0000000086f00000|  0%| F|  |TAMS 0x0000000086e00000, 0x0000000086e00000| Untracked 
| 111|0x0000000086f00000, 0x0000000086f00000, 0x0000000087000000|  0%| F|  |TAMS 0x0000000086f00000, 0x0000000086f00000| Untracked 
| 112|0x0000000087000000, 0x0000000087000000, 0x0000000087100000|  0%| F|  |TAMS 0x0000000087000000, 0x0000000087000000| Untracked 
| 113|0x0000000087100000, 0x0000000087100000, 0x0000000087200000|  0%| F|  |TAMS 0x0000000087100000, 0x0000000087100000| Untracked 
| 114|0x0000000087200000, 0x0000000087200000, 0x0000000087300000|  0%| F|  |TAMS 0x0000000087200000, 0x0000000087200000| Untracked 
| 115|0x0000000087300000, 0x0000000087300000, 0x0000000087400000|  0%| F|  |TAMS 0x0000000087300000, 0x0000000087300000| Untracked 
| 116|0x0000000087400000, 0x0000000087400000, 0x0000000087500000|  0%| F|  |TAMS 0x0000000087400000, 0x0000000087400000| Untracked 
| 117|0x0000000087500000, 0x0000000087500000, 0x0000000087600000|  0%| F|  |TAMS 0x0000000087500000, 0x0000000087500000| Untracked 
| 118|0x0000000087600000, 0x0000000087600000, 0x0000000087700000|  0%| F|  |TAMS 0x0000000087600000, 0x0000000087600000| Untracked 
| 119|0x0000000087700000, 0x0000000087700000, 0x0000000087800000|  0%| F|  |TAMS 0x0000000087700000, 0x0000000087700000| Untracked 
| 120|0x0000000087800000, 0x0000000087800000, 0x0000000087900000|  0%| F|  |TAMS 0x0000000087800000, 0x0000000087800000| Untracked 
| 121|0x0000000087900000, 0x0000000087900000, 0x0000000087a00000|  0%| F|  |TAMS 0x0000000087900000, 0x0000000087900000| Untracked 
| 122|0x0000000087a00000, 0x0000000087a00000, 0x0000000087b00000|  0%| F|  |TAMS 0x0000000087a00000, 0x0000000087a00000| Untracked 
| 123|0x0000000087b00000, 0x0000000087b00000, 0x0000000087c00000|  0%| F|  |TAMS 0x0000000087b00000, 0x0000000087b00000| Untracked 
| 124|0x0000000087c00000, 0x0000000087c00000, 0x0000000087d00000|  0%| F|  |TAMS 0x0000000087c00000, 0x0000000087c00000| Untracked 
| 125|0x0000000087d00000, 0x0000000087d00000, 0x0000000087e00000|  0%| F|  |TAMS 0x0000000087d00000, 0x0000000087d00000| Untracked 
| 126|0x0000000087e00000, 0x0000000087e00000, 0x0000000087f00000|  0%| F|  |TAMS 0x0000000087e00000, 0x0000000087e00000| Untracked 
| 127|0x0000000087f00000, 0x0000000087f00000, 0x0000000088000000|  0%| F|  |TAMS 0x0000000087f00000, 0x0000000087f00000| Untracked 
| 128|0x0000000088000000, 0x0000000088000000, 0x0000000088100000|  0%| F|  |TAMS 0x0000000088000000, 0x0000000088000000| Untracked 
| 129|0x0000000088100000, 0x0000000088100000, 0x0000000088200000|  0%| F|  |TAMS 0x0000000088100000, 0x0000000088100000| Untracked 
| 130|0x0000000088200000, 0x0000000088200000, 0x0000000088300000|  0%| F|  |TAMS 0x0000000088200000, 0x0000000088200000| Untracked 
| 131|0x0000000088300000, 0x0000000088300000, 0x0000000088400000|  0%| F|  |TAMS 0x0000000088300000, 0x0000000088300000| Untracked 
| 132|0x0000000088400000, 0x0000000088400000, 0x0000000088500000|  0%| F|  |TAMS 0x0000000088400000, 0x0000000088400000| Untracked 
| 133|0x0000000088500000, 0x0000000088500000, 0x0000000088600000|  0%| F|  |TAMS 0x0000000088500000, 0x0000000088500000| Untracked 
| 134|0x0000000088600000, 0x0000000088600000, 0x0000000088700000|  0%| F|  |TAMS 0x0000000088600000, 0x0000000088600000| Untracked 
| 135|0x0000000088700000, 0x0000000088700000, 0x0000000088800000|  0%| F|  |TAMS 0x0000000088700000, 0x0000000088700000| Untracked 
| 136|0x0000000088800000, 0x0000000088800000, 0x0000000088900000|  0%| F|  |TAMS 0x0000000088800000, 0x0000000088800000| Untracked 
| 137|0x0000000088900000, 0x0000000088900000, 0x0000000088a00000|  0%| F|  |TAMS 0x0000000088900000, 0x0000000088900000| Untracked 
| 138|0x0000000088a00000, 0x0000000088a00000, 0x0000000088b00000|  0%| F|  |TAMS 0x0000000088a00000, 0x0000000088a00000| Untracked 
| 139|0x0000000088b00000, 0x0000000088b00000, 0x0000000088c00000|  0%| F|  |TAMS 0x0000000088b00000, 0x0000000088b00000| Untracked 
| 140|0x0000000088c00000, 0x0000000088c00000, 0x0000000088d00000|  0%| F|  |TAMS 0x0000000088c00000, 0x0000000088c00000| Untracked 
| 141|0x0000000088d00000, 0x0000000088d00000, 0x0000000088e00000|  0%| F|  |TAMS 0x0000000088d00000, 0x0000000088d00000| Untracked 
| 142|0x0000000088e00000, 0x0000000088e00000, 0x0000000088f00000|  0%| F|  |TAMS 0x0000000088e00000, 0x0000000088e00000| Untracked 
| 143|0x0000000088f00000, 0x0000000088f00000, 0x0000000089000000|  0%| F|  |TAMS 0x0000000088f00000, 0x0000000088f00000| Untracked 
| 144|0x0000000089000000, 0x0000000089000000, 0x0000000089100000|  0%| F|  |TAMS 0x0000000089000000, 0x0000000089000000| Untracked 
| 145|0x0000000089100000, 0x0000000089100000, 0x0000000089200000|  0%| F|  |TAMS 0x0000000089100000, 0x0000000089100000| Untracked 
| 146|0x0000000089200000, 0x0000000089200000, 0x0000000089300000|  0%| F|  |TAMS 0x0000000089200000, 0x0000000089200000| Untracked 
| 147|0x0000000089300000, 0x0000000089300000, 0x0000000089400000|  0%| F|  |TAMS 0x0000000089300000, 0x0000000089300000| Untracked 
| 148|0x0000000089400000, 0x0000000089400000, 0x0000000089500000|  0%| F|  |TAMS 0x0000000089400000, 0x0000000089400000| Untracked 
| 149|0x0000000089500000, 0x0000000089500000, 0x0000000089600000|  0%| F|  |TAMS 0x0000000089500000, 0x0000000089500000| Untracked 
| 150|0x0000000089600000, 0x0000000089600000, 0x0000000089700000|  0%| F|  |TAMS 0x0000000089600000, 0x0000000089600000| Untracked 
| 151|0x0000000089700000, 0x0000000089700000, 0x0000000089800000|  0%| F|  |TAMS 0x0000000089700000, 0x0000000089700000| Untracked 
| 152|0x0000000089800000, 0x0000000089800000, 0x0000000089900000|  0%| F|  |TAMS 0x0000000089800000, 0x0000000089800000| Untracked 
| 153|0x0000000089900000, 0x0000000089900000, 0x0000000089a00000|  0%| F|  |TAMS 0x0000000089900000, 0x0000000089900000| Untracked 
| 154|0x0000000089a00000, 0x0000000089a00000, 0x0000000089b00000|  0%| F|  |TAMS 0x0000000089a00000, 0x0000000089a00000| Untracked 
| 155|0x0000000089b00000, 0x0000000089b00000, 0x0000000089c00000|  0%| F|  |TAMS 0x0000000089b00000, 0x0000000089b00000| Untracked 
| 156|0x0000000089c00000, 0x0000000089c00000, 0x0000000089d00000|  0%| F|  |TAMS 0x0000000089c00000, 0x0000000089c00000| Untracked 
| 157|0x0000000089d00000, 0x0000000089d00000, 0x0000000089e00000|  0%| F|  |TAMS 0x0000000089d00000, 0x0000000089d00000| Untracked 
| 158|0x0000000089e00000, 0x0000000089e00000, 0x0000000089f00000|  0%| F|  |TAMS 0x0000000089e00000, 0x0000000089e00000| Untracked 
| 159|0x0000000089f00000, 0x0000000089f00000, 0x000000008a000000|  0%| F|  |TAMS 0x0000000089f00000, 0x0000000089f00000| Untracked 
| 160|0x000000008a000000, 0x000000008a000000, 0x000000008a100000|  0%| F|  |TAMS 0x000000008a000000, 0x000000008a000000| Untracked 
| 161|0x000000008a100000, 0x000000008a100000, 0x000000008a200000|  0%| F|  |TAMS 0x000000008a100000, 0x000000008a100000| Untracked 
| 162|0x000000008a200000, 0x000000008a200000, 0x000000008a300000|  0%| F|  |TAMS 0x000000008a200000, 0x000000008a200000| Untracked 
| 163|0x000000008a300000, 0x000000008a300000, 0x000000008a400000|  0%| F|  |TAMS 0x000000008a300000, 0x000000008a300000| Untracked 
| 164|0x000000008a400000, 0x000000008a400000, 0x000000008a500000|  0%| F|  |TAMS 0x000000008a400000, 0x000000008a400000| Untracked 
| 165|0x000000008a500000, 0x000000008a500000, 0x000000008a600000|  0%| F|  |TAMS 0x000000008a500000, 0x000000008a500000| Untracked 
| 166|0x000000008a600000, 0x000000008a600000, 0x000000008a700000|  0%| F|  |TAMS 0x000000008a600000, 0x000000008a600000| Untracked 
| 167|0x000000008a700000, 0x000000008a700000, 0x000000008a800000|  0%| F|  |TAMS 0x000000008a700000, 0x000000008a700000| Untracked 
| 168|0x000000008a800000, 0x000000008a800000, 0x000000008a900000|  0%| F|  |TAMS 0x000000008a800000, 0x000000008a800000| Untracked 
| 169|0x000000008a900000, 0x000000008a900000, 0x000000008aa00000|  0%| F|  |TAMS 0x000000008a900000, 0x000000008a900000| Untracked 
| 170|0x000000008aa00000, 0x000000008aa00000, 0x000000008ab00000|  0%| F|  |TAMS 0x000000008aa00000, 0x000000008aa00000| Untracked 
| 171|0x000000008ab00000, 0x000000008ab00000, 0x000000008ac00000|  0%| F|  |TAMS 0x000000008ab00000, 0x000000008ab00000| Untracked 
| 172|0x000000008ac00000, 0x000000008ac00000, 0x000000008ad00000|  0%| F|  |TAMS 0x000000008ac00000, 0x000000008ac00000| Untracked 
| 173|0x000000008ad00000, 0x000000008ad00000, 0x000000008ae00000|  0%| F|  |TAMS 0x000000008ad00000, 0x000000008ad00000| Untracked 
| 174|0x000000008ae00000, 0x000000008ae00000, 0x000000008af00000|  0%| F|  |TAMS 0x000000008ae00000, 0x000000008ae00000| Untracked 
| 175|0x000000008af00000, 0x000000008af00000, 0x000000008b000000|  0%| F|  |TAMS 0x000000008af00000, 0x000000008af00000| Untracked 
| 176|0x000000008b000000, 0x000000008b000000, 0x000000008b100000|  0%| F|  |TAMS 0x000000008b000000, 0x000000008b000000| Untracked 
| 177|0x000000008b100000, 0x000000008b200000, 0x000000008b200000|100%| S|CS|TAMS 0x000000008b100000, 0x000000008b100000| Complete 
| 178|0x000000008b200000, 0x000000008b300000, 0x000000008b300000|100%| S|CS|TAMS 0x000000008b200000, 0x000000008b200000| Complete 
| 179|0x000000008b300000, 0x000000008b400000, 0x000000008b400000|100%| S|CS|TAMS 0x000000008b300000, 0x000000008b300000| Complete 
| 180|0x000000008b400000, 0x000000008b500000, 0x000000008b500000|100%| S|CS|TAMS 0x000000008b400000, 0x000000008b400000| Complete 
| 181|0x000000008b500000, 0x000000008b600000, 0x000000008b600000|100%| S|CS|TAMS 0x000000008b500000, 0x000000008b500000| Complete 
| 182|0x000000008b600000, 0x000000008b600000, 0x000000008b700000|  0%| F|  |TAMS 0x000000008b600000, 0x000000008b600000| Untracked 
| 183|0x000000008b700000, 0x000000008b800000, 0x000000008b800000|100%| E|  |TAMS 0x000000008b700000, 0x000000008b700000| Complete 
| 184|0x000000008b800000, 0x000000008b900000, 0x000000008b900000|100%| E|CS|TAMS 0x000000008b800000, 0x000000008b800000| Complete 
| 185|0x000000008b900000, 0x000000008ba00000, 0x000000008ba00000|100%| E|CS|TAMS 0x000000008b900000, 0x000000008b900000| Complete 
| 186|0x000000008ba00000, 0x000000008bb00000, 0x000000008bb00000|100%| E|CS|TAMS 0x000000008ba00000, 0x000000008ba00000| Complete 
| 187|0x000000008bb00000, 0x000000008bc00000, 0x000000008bc00000|100%| E|CS|TAMS 0x000000008bb00000, 0x000000008bb00000| Complete 
| 188|0x000000008bc00000, 0x000000008bd00000, 0x000000008bd00000|100%| E|CS|TAMS 0x000000008bc00000, 0x000000008bc00000| Complete 
| 189|0x000000008bd00000, 0x000000008be00000, 0x000000008be00000|100%| E|CS|TAMS 0x000000008bd00000, 0x000000008bd00000| Complete 
| 190|0x000000008be00000, 0x000000008bf00000, 0x000000008bf00000|100%| E|CS|TAMS 0x000000008be00000, 0x000000008be00000| Complete 
| 191|0x000000008bf00000, 0x000000008c000000, 0x000000008c000000|100%| E|CS|TAMS 0x000000008bf00000, 0x000000008bf00000| Complete 
| 192|0x000000008c000000, 0x000000008c100000, 0x000000008c100000|100%| O|  |TAMS 0x000000008c100000, 0x000000008c000000| Untracked 
| 193|0x000000008c100000, 0x000000008c200000, 0x000000008c200000|100%| O|  |TAMS 0x000000008c200000, 0x000000008c100000| Untracked 
| 194|0x000000008c200000, 0x000000008c300000, 0x000000008c300000|100%| O|  |TAMS 0x000000008c300000, 0x000000008c200000| Untracked 

Card table byte_map: [0x000001a0f40b0000,0x000001a0f44b0000] _byte_map_base: 0x000001a0f3cb0000

Marking Bits (Prev, Next): (CMBitMap*) 0x000001a0e0ea24d0, (CMBitMap*) 0x000001a0e0ea2498
 Prev Bits: [0x000001a0f68b0000, 0x000001a0f88b0000)
 Next Bits: [0x000001a0f48b0000, 0x000001a0f68b0000)

Polling page: 0x000001a0dedb0000

Metaspace:

Usage:
  Non-class:     73.83 MB capacity,    72.60 MB ( 98%) used,  1018.91 KB (  1%) free+waste,   236.13 KB ( <1%) overhead. 
      Class:     11.47 MB capacity,    10.72 MB ( 94%) used,   653.19 KB (  6%) free+waste,   108.38 KB ( <1%) overhead. 
       Both:     85.29 MB capacity,    83.32 MB ( 98%) used,     1.63 MB (  2%) free+waste,   344.50 KB ( <1%) overhead. 

Virtual space:
  Non-class space:       76.00 MB reserved,      74.37 MB ( 98%) committed 
      Class space:        1.00 GB reserved,      11.75 MB (  1%) committed 
             Both:        1.07 GB reserved,      86.12 MB (  8%) committed 

Chunk freelists:
   Non-Class:  430.00 KB
       Class:  226.00 KB
        Both:  656.00 KB

MaxMetaspaceSize: 17179869184.00 GB
CompressedClassSpaceSize: 1.00 GB
Initial GC threshold: 20.80 MB
Current GC threshold: 143.54 MB
CDS: off

CodeHeap 'non-profiled nmethods': size=120000Kb used=7287Kb max_used=7287Kb free=112713Kb
 bounds [0x000001a0ec450000, 0x000001a0ecb70000, 0x000001a0f3980000]
CodeHeap 'profiled nmethods': size=120000Kb used=22373Kb max_used=22373Kb free=97626Kb
 bounds [0x000001a0e4f20000, 0x000001a0e6500000, 0x000001a0ec450000]
CodeHeap 'non-nmethods': size=5760Kb used=2370Kb max_used=2418Kb free=3389Kb
 bounds [0x000001a0e4980000, 0x000001a0e4bf0000, 0x000001a0e4f20000]
 total_blobs=11191 nmethods=10301 adapters=800
 compilation: enabled
              stopped_count=0, restarted_count=0
 full_count=0

Compilation events (20 events):
Event: 21.353 Thread 0x000001a0fbba0800 10317       3       java.io.ObjectOutputStream::writeLong (9 bytes)
Event: 21.353 Thread 0x000001a0fbba0800 nmethod 10317 0x000001a0e64d5410 code [0x000001a0e64d55c0, 0x000001a0e64d5708]
Event: 21.353 Thread 0x000001a0fbba0800 10318       3       java.io.ObjectStreamClass::getSerialVersionUID (33 bytes)
Event: 21.354 Thread 0x000001a0fbba0800 nmethod 10318 0x000001a0e64d5810 code [0x000001a0e64d5a00, 0x000001a0e64d5e48]
Event: 21.354 Thread 0x000001a0fbba0800 10321       2       java.io.ObjectOutputStream::writeClassDescriptor (6 bytes)
Event: 21.355 Thread 0x000001a0fbba0800 nmethod 10321 0x000001a0e64d5f90 code [0x000001a0e64d6140, 0x000001a0e64d6268]
Event: 21.355 Thread 0x000001a0fbba0800 10322       2       java.io.ObjectOutputStream::writeShort (9 bytes)
Event: 21.355 Thread 0x000001a0fbba0800 nmethod 10322 0x000001a0e64d6310 code [0x000001a0e64d64c0, 0x000001a0e64d65e8]
Event: 21.355 Thread 0x000001a0fbba0800 10316       1       java.io.SerialCallbackContext::getDesc (5 bytes)
Event: 21.356 Thread 0x000001a0fbba0800 nmethod 10316 0x000001a0ecb6cd10 code [0x000001a0ecb6cec0, 0x000001a0ecb6cf78]
Event: 21.390 Thread 0x000001a0fbba0800 10323       2       java.lang.reflect.Proxy::isProxyClass (22 bytes)
Event: 21.391 Thread 0x000001a0fbba0800 nmethod 10323 0x000001a0e64d6690 code [0x000001a0e64d68c0, 0x000001a0e64d6d88]
Event: 21.393 Thread 0x000001a0fbba0800 10324       2       jdk.internal.reflect.Label::add (23 bytes)
Event: 21.393 Thread 0x000001a0fbba0800 nmethod 10324 0x000001a0e64d7090 code [0x000001a0e64d7240, 0x000001a0e64d7428]
Event: 21.393 Thread 0x000001a0fbba0800 10326       2       java.io.ObjectOutputStream$BlockDataOutputStream::writeLong (48 bytes)
Event: 21.394 Thread 0x000001a0fbba0800 nmethod 10326 0x000001a0e64d7510 code [0x000001a0e64d76e0, 0x000001a0e64d7858]
Event: 21.394 Thread 0x000001a0fbba0800 10325       2       jdk.internal.reflect.Label$PatchInfo::<init> (26 bytes)
Event: 21.394 Thread 0x000001a0fbba0800 nmethod 10325 0x000001a0e64d7990 code [0x000001a0e64d7b40, 0x000001a0e64d7c98]
Event: 21.394 Thread 0x000001a0fbba0800 10327       2       org.gradle.api.internal.provider.DefaultProperty::getFactoryId (4 bytes)
Event: 21.394 Thread 0x000001a0fbba0800 nmethod 10327 0x000001a0e64d7d10 code [0x000001a0e64d7ec0, 0x000001a0e64d7fb8]

GC Heap History (20 events):
Event: 4.485 GC heap before
{Heap before GC invocations=4 (full 0):
 garbage-first heap   total 196608K, used 64297K [0x0000000080000000, 0x0000000100000000)
  region size 1024K, 48 young (49152K), 3 survivors (3072K)
 Metaspace       used 34802K, capacity 35553K, committed 35708K, reserved 1081344K
  class space    used 4474K, capacity 4782K, committed 4864K, reserved 1048576K
}
Event: 4.491 GC heap after
{Heap after GC invocations=5 (full 0):
 garbage-first heap   total 196608K, used 21946K [0x0000000080000000, 0x0000000100000000)
  region size 1024K, 6 young (6144K), 6 survivors (6144K)
 Metaspace       used 34802K, capacity 35553K, committed 35708K, reserved 1081344K
  class space    used 4474K, capacity 4782K, committed 4864K, reserved 1048576K
}
Event: 5.756 GC heap before
{Heap before GC invocations=6 (full 0):
 garbage-first heap   total 196608K, used 118202K [0x0000000080000000, 0x0000000100000000)
  region size 1024K, 98 young (100352K), 6 survivors (6144K)
 Metaspace       used 42668K, capacity 43693K, committed 43900K, reserved 1087488K
  class space    used 5460K, capacity 5841K, committed 5888K, reserved 1048576K
}
Event: 5.767 GC heap after
{Heap after GC invocations=7 (full 0):
 garbage-first heap   total 196608K, used 28326K [0x0000000080000000, 0x0000000100000000)
  region size 1024K, 12 young (12288K), 12 survivors (12288K)
 Metaspace       used 42668K, capacity 43693K, committed 43900K, reserved 1087488K
  class space    used 5460K, capacity 5841K, committed 5888K, reserved 1048576K
}
Event: 6.869 GC heap before
{Heap before GC invocations=7 (full 0):
 garbage-first heap   total 196608K, used 127654K [0x0000000080000000, 0x0000000100000000)
  region size 1024K, 108 young (110592K), 12 survivors (12288K)
 Metaspace       used 48643K, capacity 49985K, committed 50172K, reserved 1093632K
  class space    used 6186K, capacity 6688K, committed 6784K, reserved 1048576K
}
Event: 6.882 GC heap after
{Heap after GC invocations=8 (full 0):
 garbage-first heap   total 196608K, used 32687K [0x0000000080000000, 0x0000000100000000)
  region size 1024K, 10 young (10240K), 10 survivors (10240K)
 Metaspace       used 48643K, capacity 49985K, committed 50172K, reserved 1093632K
  class space    used 6186K, capacity 6688K, committed 6784K, reserved 1048576K
}
Event: 8.169 GC heap before
{Heap before GC invocations=8 (full 0):
 garbage-first heap   total 196608K, used 115631K [0x0000000080000000, 0x0000000100000000)
  region size 1024K, 89 young (91136K), 10 survivors (10240K)
 Metaspace       used 58354K, capacity 59787K, committed 59940K, reserved 1101824K
  class space    used 7389K, capacity 7949K, committed 8064K, reserved 1048576K
}
Event: 8.188 GC heap after
{Heap after GC invocations=9 (full 0):
 garbage-first heap   total 196608K, used 43125K [0x0000000080000000, 0x0000000100000000)
  region size 1024K, 12 young (12288K), 12 survivors (12288K)
 Metaspace       used 58354K, capacity 59787K, committed 59940K, reserved 1101824K
  class space    used 7389K, capacity 7949K, committed 8064K, reserved 1048576K
}
Event: 9.946 GC heap before
{Heap before GC invocations=10 (full 0):
 garbage-first heap   total 196608K, used 145525K [0x0000000080000000, 0x0000000100000000)
  region size 1024K, 105 young (107520K), 12 survivors (12288K)
 Metaspace       used 65157K, capacity 66684K, committed 66812K, reserved 1107968K
  class space    used 8262K, capacity 8822K, committed 8832K, reserved 1048576K
}
Event: 9.974 GC heap after
{Heap after GC invocations=11 (full 0):
 garbage-first heap   total 196608K, used 50435K [0x0000000080000000, 0x0000000100000000)
  region size 1024K, 14 young (14336K), 14 survivors (14336K)
 Metaspace       used 65157K, capacity 66684K, committed 66812K, reserved 1107968K
  class space    used 8262K, capacity 8822K, committed 8832K, reserved 1048576K
}
Event: 11.484 GC heap before
{Heap before GC invocations=12 (full 0):
 garbage-first heap   total 196608K, used 143619K [0x0000000080000000, 0x0000000100000000)
  region size 1024K, 105 young (107520K), 14 survivors (14336K)
 Metaspace       used 72385K, capacity 74177K, committed 74236K, reserved 1114112K
  class space    used 9399K, capacity 10065K, committed 10112K, reserved 1048576K
}
Event: 11.499 GC heap after
{Heap after GC invocations=13 (full 0):
 garbage-first heap   total 196608K, used 57705K [0x0000000080000000, 0x0000000100000000)
  region size 1024K, 14 young (14336K), 14 survivors (14336K)
 Metaspace       used 72385K, capacity 74177K, committed 74236K, reserved 1114112K
  class space    used 9399K, capacity 10065K, committed 10112K, reserved 1048576K
}
Event: 14.156 GC heap before
{Heap before GC invocations=13 (full 0):
 garbage-first heap   total 196608K, used 147817K [0x0000000080000000, 0x0000000100000000)
  region size 1024K, 102 young (104448K), 14 survivors (14336K)
 Metaspace       used 81017K, capacity 83143K, committed 83324K, reserved 1122304K
  class space    used 10647K, capacity 11417K, committed 11520K, reserved 1048576K
}
Event: 14.170 GC heap after
{Heap after GC invocations=14 (full 0):
 garbage-first heap   total 196608K, used 63840K [0x0000000080000000, 0x0000000100000000)
  region size 1024K, 13 young (13312K), 13 survivors (13312K)
 Metaspace       used 81017K, capacity 83143K, committed 83324K, reserved 1122304K
  class space    used 10647K, capacity 11417K, committed 11520K, reserved 1048576K
}
Event: 17.382 GC heap before
{Heap before GC invocations=14 (full 0):
 garbage-first heap   total 196608K, used 150880K [0x0000000080000000, 0x0000000100000000)
  region size 1024K, 99 young (101376K), 13 survivors (13312K)
 Metaspace       used 84312K, capacity 86545K, committed 86780K, reserved 1124352K
  class space    used 11001K, capacity 11862K, committed 11904K, reserved 1048576K
}
Event: 17.398 GC heap after
{Heap after GC invocations=15 (full 0):
 garbage-first heap   total 196608K, used 70394K [0x0000000080000000, 0x0000000100000000)
  region size 1024K, 13 young (13312K), 13 survivors (13312K)
 Metaspace       used 84312K, capacity 86545K, committed 86780K, reserved 1124352K
  class space    used 11001K, capacity 11862K, committed 11904K, reserved 1048576K
}
Event: 20.714 GC heap before
{Heap before GC invocations=15 (full 0):
 garbage-first heap   total 196608K, used 164602K [0x0000000080000000, 0x0000000100000000)
  region size 1024K, 95 young (97280K), 13 survivors (13312K)
 Metaspace       used 85276K, capacity 87616K, committed 87932K, reserved 1126400K
  class space    used 11070K, capacity 11963K, committed 12032K, reserved 1048576K
}
Event: 20.742 GC heap after
{Heap after GC invocations=16 (full 0):
 garbage-first heap   total 199680K, used 91566K [0x0000000080000000, 0x0000000100000000)
  region size 1024K, 12 young (12288K), 12 survivors (12288K)
 Metaspace       used 85276K, capacity 87616K, committed 87932K, reserved 1126400K
  class space    used 11070K, capacity 11963K, committed 12032K, reserved 1048576K
}
Event: 21.081 GC heap before
{Heap before GC invocations=16 (full 0):
 garbage-first heap   total 199680K, used 108974K [0x0000000080000000, 0x0000000100000000)
  region size 1024K, 22 young (22528K), 12 survivors (12288K)
 Metaspace       used 85301K, capacity 87616K, committed 87932K, reserved 1126400K
  class space    used 11072K, capacity 11963K, committed 12032K, reserved 1048576K
}
Event: 21.097 GC heap after
{Heap after GC invocations=17 (full 0):
 garbage-first heap   total 199680K, used 102174K [0x0000000080000000, 0x0000000100000000)
  region size 1024K, 5 young (5120K), 5 survivors (5120K)
 Metaspace       used 85301K, capacity 87616K, committed 87932K, reserved 1126400K
  class space    used 11072K, capacity 11963K, committed 12032K, reserved 1048576K
}

Deoptimization events (20 events):
Event: 20.847 Thread 0x000001a081d49000 Uncommon trap: trap_request=0xffffffde fr.pc=0x000001a0ecaecda4 relative=0x00000000000002e4
Event: 20.847 Thread 0x000001a081d49000 Uncommon trap: reason=class_check action=maybe_recompile pc=0x000001a0ecaecda4 method=org.apache.xerces.dom.ElementImpl.getAttributes()Lorg/w3c/dom/NamedNodeMap; @ 8 c2
Event: 20.847 Thread 0x000001a081d49000 DEOPT PACKING pc=0x000001a0ecaecda4 sp=0x0000004dae8fa210
Event: 20.847 Thread 0x000001a081d49000 DEOPT UNPACKING pc=0x000001a0e49ca1af sp=0x0000004dae8fa1e8 mode 2
Event: 20.847 Thread 0x000001a081d49000 Uncommon trap: trap_request=0xffffffde fr.pc=0x000001a0ecaecda4 relative=0x00000000000002e4
Event: 20.847 Thread 0x000001a081d49000 Uncommon trap: reason=class_check action=maybe_recompile pc=0x000001a0ecaecda4 method=org.apache.xerces.dom.ElementImpl.getAttributes()Lorg/w3c/dom/NamedNodeMap; @ 8 c2
Event: 20.848 Thread 0x000001a081d49000 DEOPT PACKING pc=0x000001a0ecaecda4 sp=0x0000004dae8fa210
Event: 20.848 Thread 0x000001a081d49000 DEOPT UNPACKING pc=0x000001a0e49ca1af sp=0x0000004dae8fa1e8 mode 2
Event: 20.848 Thread 0x000001a081d49000 Uncommon trap: trap_request=0xffffffde fr.pc=0x000001a0ecaecda4 relative=0x00000000000002e4
Event: 20.848 Thread 0x000001a081d49000 Uncommon trap: reason=class_check action=maybe_recompile pc=0x000001a0ecaecda4 method=org.apache.xerces.dom.ElementImpl.getAttributes()Lorg/w3c/dom/NamedNodeMap; @ 8 c2
Event: 20.848 Thread 0x000001a081d49000 DEOPT PACKING pc=0x000001a0ecaecda4 sp=0x0000004dae8fa210
Event: 20.848 Thread 0x000001a081d49000 DEOPT UNPACKING pc=0x000001a0e49ca1af sp=0x0000004dae8fa1e8 mode 2
Event: 20.981 Thread 0x000001a081d49000 Uncommon trap: trap_request=0xffffff4d fr.pc=0x000001a0ecaed6d8 relative=0x00000000000004f8
Event: 20.981 Thread 0x000001a081d49000 Uncommon trap: reason=unstable_if action=reinterpret pc=0x000001a0ecaed6d8 method=com.android.utils.XmlUtils.toXmlAttributeValue(Ljava/lang/String;)Ljava/lang/String; @ 33 c2
Event: 20.981 Thread 0x000001a081d49000 DEOPT PACKING pc=0x000001a0ecaed6d8 sp=0x0000004dae8fa0d0
Event: 20.981 Thread 0x000001a081d49000 DEOPT UNPACKING pc=0x000001a0e49ca1af sp=0x0000004dae8fa070 mode 2
Event: 21.196 Thread 0x000001a081d49000 Uncommon trap: trap_request=0xfffffff4 fr.pc=0x000001a0eca1c908 relative=0x0000000000000068
Event: 21.196 Thread 0x000001a081d49000 Uncommon trap: reason=null_check action=make_not_entrant pc=0x000001a0eca1c908 method=java.lang.Class.isAnnotation()Z @ 1 c2
Event: 21.196 Thread 0x000001a081d49000 DEOPT PACKING pc=0x000001a0eca1c908 sp=0x0000004dae8f9c70
Event: 21.196 Thread 0x000001a081d49000 DEOPT UNPACKING pc=0x000001a0e49ca1af sp=0x0000004dae8f9c00 mode 2

Classes redefined (0 events):
No events

Internal exceptions (20 events):
Event: 13.900 Thread 0x000001a081d47800 Exception <a 'java/lang/NoSuchMethodError'{0x0000000086c73010}: <clinit>> (0x0000000086c73010) thrown at [./src/hotspot/share/prims/jni.cpp, line 1366]
Event: 13.906 Thread 0x000001a081d47800 Exception <a 'java/lang/NoSuchMethodError'{0x0000000086c87b08}: <clinit>> (0x0000000086c87b08) thrown at [./src/hotspot/share/prims/jni.cpp, line 1366]
Event: 13.916 Thread 0x000001a081d47800 Exception <a 'java/lang/NoSuchMethodError'{0x0000000086ce8950}: <clinit>> (0x0000000086ce8950) thrown at [./src/hotspot/share/prims/jni.cpp, line 1366]
Event: 13.916 Thread 0x000001a0fdf0b000 Exception <a 'java/lang/NoSuchMethodError'{0x0000000086b02390}: <clinit>> (0x0000000086b02390) thrown at [./src/hotspot/share/prims/jni.cpp, line 1366]
Event: 13.918 Thread 0x000001a081d47800 Exception <a 'java/lang/NoSuchMethodError'{0x0000000086cf2b80}: 'void java.lang.invoke.DirectMethodHandle$Holder.invokeSpecial(java.lang.Object, java.lang.Object, java.lang.Object, int)'> (0x0000000086cf2b80) thrown at [./src/hotspot/share/interpreter/linkResolver.cpp, line 773]
Event: 13.944 Thread 0x000001a081d49000 Exception <a 'java/lang/NoSuchMethodError'{0x0000000086bbe178}: 'int java.lang.invoke.DirectMethodHandle$Holder.invokeSpecial(java.lang.Object, java.lang.Object, java.lang.Object, java.lang.Object, java.lang.Object)'> (0x0000000086bbe178) thrown at [./src/hotspot/share/interpreter/linkResolver.cpp, line 773]
Event: 14.274 Thread 0x000001a081d49000 Exception <a 'java/lang/NoSuchMethodError'{0x000000008bc1fa68}: 'void java.lang.invoke.DirectMethodHandle$Holder.invokeStatic(java.lang.Object, java.lang.Object, java.lang.Object, java.lang.Object, int, java.lang.Object, java.lang.Object)'> (0x000000008bc1fa68) thrown at [./src/hotspot/share/interpreter/linkResolver.cpp, line 773]
Event: 14.342 Thread 0x000001a083288000 Exception <a 'java/lang/NoSuchMethodError'{0x000000008b5ca018}: 'java.lang.Object java.lang.invoke.DirectMethodHandle$Holder.invokeSpecialIFC(java.lang.Object, java.lang.Object, java.lang.Object)'> (0x000000008b5ca018) thrown at [./src/hotspot/share/interpreter/linkResolver.cpp, line 773]
Event: 14.342 Thread 0x000001a0812d0800 Exception <a 'java/lang/NoSuchMethodError'{0x000000008b4203e0}: 'java.lang.Object java.lang.invoke.DirectMethodHandle$Holder.invokeSpecialIFC(java.lang.Object, java.lang.Object, java.lang.Object)'> (0x000000008b4203e0) thrown at [./src/hotspot/share/interpreter/linkResolver.cpp, line 773]
Event: 14.342 Thread 0x000001a0812cc000 Exception <a 'java/lang/NoSuchMethodError'{0x000000008b40ca38}: 'java.lang.Object java.lang.invoke.DirectMethodHandle$Holder.invokeSpecialIFC(java.lang.Object, java.lang.Object, java.lang.Object)'> (0x000000008b40ca38) thrown at [./src/hotspot/share/interpreter/linkResolver.cpp, line 773]
Event: 14.342 Thread 0x000001a0812cd800 Exception <a 'java/lang/NoSuchMethodError'{0x000000008b5b3fc8}: 'java.lang.Object java.lang.invoke.DirectMethodHandle$Holder.invokeSpecialIFC(java.lang.Object, java.lang.Object, java.lang.Object)'> (0x000000008b5b3fc8) thrown at [./src/hotspot/share/interpreter/linkResolver.cpp, line 773]
Event: 14.342 Thread 0x000001a081171800 Exception <a 'java/lang/NoSuchMethodError'{0x000000008b434bf8}: 'java.lang.Object java.lang.invoke.DirectMethodHandle$Holder.invokeSpecialIFC(java.lang.Object, java.lang.Object, java.lang.Object)'> (0x000000008b434bf8) thrown at [./src/hotspot/share/interpreter/linkResolver.cpp, line 773]
Event: 14.342 Thread 0x000001a081168800 Exception <a 'java/lang/NoSuchMethodError'{0x000000008b44af78}: 'java.lang.Object java.lang.invoke.DirectMethodHandle$Holder.invokeSpecialIFC(java.lang.Object, java.lang.Object, java.lang.Object)'> (0x000000008b44af78) thrown at [./src/hotspot/share/interpreter/linkResolver.cpp, line 773]
Event: 14.343 Thread 0x000001a081d49000 Exception <a 'java/lang/NoSuchMethodError'{0x000000008b53fb10}: 'java.lang.Object java.lang.invoke.DirectMethodHandle$Holder.invokeSpecialIFC(java.lang.Object, java.lang.Object, java.lang.Object)'> (0x000000008b53fb10) thrown at [./src/hotspot/share/interpreter/linkResolver.cpp, line 773]
Event: 14.343 Thread 0x000001a082b72800 Exception <a 'java/lang/NoSuchMethodError'{0x000000008b5f8b28}: 'java.lang.Object java.lang.invoke.DirectMethodHandle$Holder.invokeSpecialIFC(java.lang.Object, java.lang.Object, java.lang.Object)'> (0x000000008b5f8b28) thrown at [./src/hotspot/share/interpreter/linkResolver.cpp, line 773]
Event: 15.637 Thread 0x000001a081d49000 Exception <a 'java/lang/NoSuchMethodError'{0x0000000088325ae8}: 'void java.lang.invoke.DirectMethodHandle$Holder.invokeInterface(java.lang.Object, java.lang.Object, java.lang.Object, java.lang.Object)'> (0x0000000088325ae8) thrown at [./src/hotspot/share/interpreter/linkResolver.cpp, line 773]
Event: 15.699 Thread 0x000001a081d49000 Exception <a 'java/lang/NoSuchMethodError'{0x0000000088296570}: 'void java.lang.invoke.DirectMethodHandle$Holder.invokeVirtual(java.lang.Object, java.lang.Object)'> (0x0000000088296570) thrown at [./src/hotspot/share/interpreter/linkResolver.cpp, line 773]
Event: 21.228 Thread 0x000001a081d49000 Exception <a 'java/lang/NoSuchMethodError'{0x000000008becbfe8}: <clinit>> (0x000000008becbfe8) thrown at [./src/hotspot/share/prims/jni.cpp, line 1366]
Event: 21.328 Thread 0x000001a081d49000 Exception <a 'java/lang/NoSuchMethodError'{0x000000008bc564c0}: <clinit>> (0x000000008bc564c0) thrown at [./src/hotspot/share/prims/jni.cpp, line 1366]
Event: 21.392 Thread 0x000001a081d49000 Exception <a 'java/lang/NoSuchMethodError'{0x000000008bbc7110}: <clinit>> (0x000000008bbc7110) thrown at [./src/hotspot/share/prims/jni.cpp, line 1366]

Events (20 events):
Event: 21.367 loading class com/google/common/collect/ImmutableMultimap done
Event: 21.383 Executing VM operation: CGC_Operation
Event: 21.383 Executing VM operation: CGC_Operation done
Event: 21.383 loading class com/google/common/collect/BaseImmutableMultimap
Event: 21.383 loading class com/google/common/collect/BaseImmutableMultimap done
Event: 21.388 loading class com/google/common/collect/ImmutableMap$SerializedForm
Event: 21.388 loading class com/google/common/collect/ImmutableMap$SerializedForm done
Event: 21.394 loading class org/gradle/workers/internal/DefaultWorkerExecutor$WorkItemExecution
Event: 21.394 loading class org/gradle/workers/internal/DefaultWorkerExecutor$WorkItemExecution done
Event: 21.395 loading class org/gradle/internal/work/AbstractConditionalExecution
Event: 21.395 loading class org/gradle/internal/work/AbstractConditionalExecution done
Event: 21.396 loading class org/gradle/workers/internal/WorkerFactory
Event: 21.396 loading class org/gradle/workers/internal/WorkerFactory done
Event: 21.396 loading class org/gradle/workers/internal/DefaultWorkResult
Event: 21.396 loading class org/gradle/workers/internal/DefaultWorkResult done
Event: 21.396 loading class org/gradle/workers/internal/WorkerFactory
Event: 21.396 loading class org/gradle/workers/internal/WorkerFactory done
Event: 21.397 loading class org/gradle/internal/work/DefaultConditionalExecutionQueue$ExecutionRunner
Event: 21.397 loading class org/gradle/internal/work/DefaultConditionalExecutionQueue$ExecutionRunner done
Event: 21.398 Thread 0x000001a081d45800 Thread added: 0x000001a081d45800


Dynamic libraries:
0x00007ff78c320000 - 0x00007ff78c32a000 	C:\Program Files\Android\Android Studio\jre\bin\java.exe
0x00007ffd9d640000 - 0x00007ffd9d849000 	C:\WINDOWS\SYSTEM32\ntdll.dll
0x00007ffd9bea0000 - 0x00007ffd9bf5e000 	C:\WINDOWS\System32\KERNEL32.DLL
0x00007ffd9ad80000 - 0x00007ffd9b0fb000 	C:\WINDOWS\System32\KERNELBASE.dll
0x00007ffd9b2e0000 - 0x00007ffd9b3f1000 	C:\WINDOWS\System32\ucrtbase.dll
0x00007ffd91fc0000 - 0x00007ffd91fd9000 	C:\Program Files\Android\Android Studio\jre\bin\jli.dll
0x00007ffd91c90000 - 0x00007ffd91ca7000 	C:\Program Files\Android\Android Studio\jre\bin\VCRUNTIME140.dll
0x00007ffd9bbe0000 - 0x00007ffd9bd8d000 	C:\WINDOWS\System32\USER32.dll
0x00007ffd9ab10000 - 0x00007ffd9ab36000 	C:\WINDOWS\System32\win32u.dll
0x00007ffd871e0000 - 0x00007ffd87485000 	C:\WINDOWS\WinSxS\amd64_microsoft.windows.common-controls_6595b64144ccf1df_6.0.22000.120_none_9d947278b86cc467\COMCTL32.dll
0x00007ffd9be70000 - 0x00007ffd9be99000 	C:\WINDOWS\System32\GDI32.dll
0x00007ffd9d1e0000 - 0x00007ffd9d283000 	C:\WINDOWS\System32\msvcrt.dll
0x00007ffd9ac60000 - 0x00007ffd9ad78000 	C:\WINDOWS\System32\gdi32full.dll
0x00007ffd9abc0000 - 0x00007ffd9ac5d000 	C:\WINDOWS\System32\msvcp_win.dll
0x00007ffd9bb00000 - 0x00007ffd9bb32000 	C:\WINDOWS\System32\IMM32.DLL
0x00007ffd91220000 - 0x00007ffd912bd000 	C:\Program Files\Android\Android Studio\jre\bin\msvcp140.dll
0x00007ffd40c60000 - 0x00007ffd41762000 	C:\Program Files\Android\Android Studio\jre\bin\server\jvm.dll
0x00007ffd9c7f0000 - 0x00007ffd9c89e000 	C:\WINDOWS\System32\ADVAPI32.dll
0x00007ffd9d450000 - 0x00007ffd9d4ee000 	C:\WINDOWS\System32\sechost.dll
0x00007ffd9b680000 - 0x00007ffd9b7a0000 	C:\WINDOWS\System32\RPCRT4.dll
0x00007ffd9c8a0000 - 0x00007ffd9c8a8000 	C:\WINDOWS\System32\PSAPI.DLL
0x00007ffd850b0000 - 0x00007ffd850b9000 	C:\WINDOWS\SYSTEM32\WSOCK32.dll
0x00007ffd8a630000 - 0x00007ffd8a663000 	C:\WINDOWS\SYSTEM32\WINMM.dll
0x00007ffd895c0000 - 0x00007ffd895ca000 	C:\WINDOWS\SYSTEM32\VERSION.dll
0x00007ffd9c720000 - 0x00007ffd9c78f000 	C:\WINDOWS\System32\WS2_32.dll
0x00007ffd99b50000 - 0x00007ffd99b68000 	C:\WINDOWS\SYSTEM32\kernel.appcore.dll
0x00007ffd96e90000 - 0x00007ffd96ea1000 	C:\Program Files\Android\Android Studio\jre\bin\verify.dll
0x00007ffd985c0000 - 0x00007ffd987e1000 	C:\WINDOWS\SYSTEM32\DBGHELP.DLL
0x00007ffd96340000 - 0x00007ffd96371000 	C:\WINDOWS\SYSTEM32\dbgcore.DLL
0x00007ffd9ab40000 - 0x00007ffd9abbf000 	C:\WINDOWS\System32\bcryptPrimitives.dll
0x00007ffd92330000 - 0x00007ffd92359000 	C:\Program Files\Android\Android Studio\jre\bin\java.dll
0x00007ffd96e70000 - 0x00007ffd96e7b000 	C:\Program Files\Android\Android Studio\jre\bin\jimage.dll
0x00007ffd958a0000 - 0x00007ffd958b8000 	C:\Program Files\Android\Android Studio\jre\bin\zip.dll
0x00007ffd9bf60000 - 0x00007ffd9c717000 	C:\WINDOWS\System32\SHELL32.dll
0x00007ffd98bc0000 - 0x00007ffd99425000 	C:\WINDOWS\SYSTEM32\windows.storage.dll
0x00007ffd9c970000 - 0x00007ffd9cce8000 	C:\WINDOWS\System32\combase.dll
0x00007ffd98a50000 - 0x00007ffd98bb6000 	C:\WINDOWS\SYSTEM32\wintypes.dll
0x00007ffd9ba10000 - 0x00007ffd9bafa000 	C:\WINDOWS\System32\SHCORE.dll
0x00007ffd9b920000 - 0x00007ffd9b97d000 	C:\WINDOWS\System32\shlwapi.dll
0x00007ffd9aa40000 - 0x00007ffd9aa61000 	C:\WINDOWS\SYSTEM32\profapi.dll
0x00007ffd92250000 - 0x00007ffd9226a000 	C:\Program Files\Android\Android Studio\jre\bin\net.dll
0x00007ffd8ae80000 - 0x00007ffd8af94000 	C:\WINDOWS\SYSTEM32\WINHTTP.dll
0x00007ffd99ff0000 - 0x00007ffd9a057000 	C:\WINDOWS\system32\mswsock.dll
0x00007ffd92230000 - 0x00007ffd92244000 	C:\Program Files\Android\Android Studio\jre\bin\nio.dll
0x00007ffd91140000 - 0x00007ffd91167000 	C:\Users\Padma\.gradle\native\e1d6ef7f7dcc3fd88c89a11ec53ec762bb8ba0a96d01ffa2cd45eb1d1d8dd5c5\windows-amd64\native-platform.dll
0x00007ffd6a390000 - 0x00007ffd6a4d4000 	C:\Users\Padma\.gradle\native\0d407fdbe67a94daf76414ababcb853783967236a71b16ec16e742cd7a986fd3\windows-amd64\native-platform-file-events.dll
0x00007ffd96580000 - 0x00007ffd9658a000 	C:\Program Files\Android\Android Studio\jre\bin\management.dll
0x00007ffd92690000 - 0x00007ffd9269d000 	C:\Program Files\Android\Android Studio\jre\bin\management_ext.dll
0x00007ffd9a270000 - 0x00007ffd9a288000 	C:\WINDOWS\SYSTEM32\CRYPTSP.dll
0x00007ffd99ab0000 - 0x00007ffd99ae5000 	C:\WINDOWS\system32\rsaenh.dll
0x00007ffd9a100000 - 0x00007ffd9a129000 	C:\WINDOWS\SYSTEM32\USERENV.dll
0x00007ffd9a400000 - 0x00007ffd9a427000 	C:\WINDOWS\SYSTEM32\bcrypt.dll
0x00007ffd9a290000 - 0x00007ffd9a29c000 	C:\WINDOWS\SYSTEM32\CRYPTBASE.dll
0x00007ffd99680000 - 0x00007ffd996ad000 	C:\WINDOWS\SYSTEM32\IPHLPAPI.DLL
0x00007ffd9bb40000 - 0x00007ffd9bb49000 	C:\WINDOWS\System32\NSI.dll
0x00007ffd8ad70000 - 0x00007ffd8ad89000 	C:\WINDOWS\SYSTEM32\dhcpcsvc6.DLL
0x00007ffd946f0000 - 0x00007ffd9470e000 	C:\WINDOWS\SYSTEM32\dhcpcsvc.DLL
0x00007ffd996b0000 - 0x00007ffd99798000 	C:\WINDOWS\SYSTEM32\DNSAPI.dll

dbghelp: loaded successfully - version: 4.0.5 - missing functions: none
symbol engine: initialized successfully - sym options: 0x614 - pdb path: .;C:\Program Files\Android\Android Studio\jre\bin;C:\WINDOWS\SYSTEM32;C:\WINDOWS\WinSxS\amd64_microsoft.windows.common-controls_6595b64144ccf1df_6.0.22000.120_none_9d947278b86cc467;C:\Program Files\Android\Android Studio\jre\bin\server;C:\Users\Padma\.gradle\native\e1d6ef7f7dcc3fd88c89a11ec53ec762bb8ba0a96d01ffa2cd45eb1d1d8dd5c5\windows-amd64;C:\Users\Padma\.gradle\native\0d407fdbe67a94daf76414ababcb853783967236a71b16ec16e742cd7a986fd3\windows-amd64

VM Arguments:
jvm_args: --add-opens=java.base/java.util=ALL-UNNAMED --add-opens=java.base/java.lang=ALL-UNNAMED --add-opens=java.base/java.lang.invoke=ALL-UNNAMED --add-opens=java.base/java.util=ALL-UNNAMED --add-opens=java.prefs/java.util.prefs=ALL-UNNAMED --add-opens=java.prefs/java.util.prefs=ALL-UNNAMED --add-opens=java.base/java.nio.charset=ALL-UNNAMED --add-opens=java.base/java.net=ALL-UNNAMED --add-opens=java.base/java.util.concurrent.atomic=ALL-UNNAMED -Xmx2048m -Dfile.encoding=UTF-8 -Duser.country=CA -Duser.language=en -Duser.variant 
java_command: org.gradle.launcher.daemon.bootstrap.GradleDaemon 7.4
java_class_path (initial): C:\Users\Padma\.gradle\wrapper\dists\gradle-7.4-bin\c0gwcg53nkjbqw7r0h0umtfvt\gradle-7.4\lib\gradle-launcher-7.4.jar
Launcher Type: SUN_STANDARD

[Global flags]
     intx CICompilerCount                          = 4                                         {product} {ergonomic}
     uint ConcGCThreads                            = 2                                         {product} {ergonomic}
     uint G1ConcRefinementThreads                  = 8                                         {product} {ergonomic}
   size_t G1HeapRegionSize                         = 1048576                                   {product} {ergonomic}
    uintx GCDrainStackTargetSize                   = 64                                        {product} {ergonomic}
   size_t InitialHeapSize                          = 201326592                                 {product} {ergonomic}
   size_t MarkStackSize                            = 4194304                                   {product} {ergonomic}
   size_t MaxHeapSize                              = 2147483648                                {product} {command line}
   size_t MaxNewSize                               = 1287651328                                {product} {ergonomic}
   size_t MinHeapDeltaBytes                        = 1048576                                   {product} {ergonomic}
    uintx NonNMethodCodeHeapSize                   = 5836300                                {pd product} {ergonomic}
    uintx NonProfiledCodeHeapSize                  = 122910970                              {pd product} {ergonomic}
    uintx ProfiledCodeHeapSize                     = 122910970                              {pd product} {ergonomic}
    uintx ReservedCodeCacheSize                    = 251658240                              {pd product} {ergonomic}
     bool SegmentedCodeCache                       = true                                      {product} {ergonomic}
     bool UseCompressedClassPointers               = true                                 {lp64_product} {ergonomic}
     bool UseCompressedOops                        = true                                 {lp64_product} {ergonomic}
     bool UseG1GC                                  = true                                      {product} {ergonomic}
     bool UseLargePagesIndividualAllocation        = false                                  {pd product} {ergonomic}

Logging:
Log output configuration:
 #0: stdout all=warning uptime,level,tags
 #1: stderr all=off uptime,level,tags

Environment Variables:
JAVA_HOME=C:\Program Files\Amazon Corretto\jdk11.0.15_9
PATH=C:\Program Files\Common Files\Oracle\Java\javapath;E:\app\Padma\product\12.1.0\dbhome_1\bin;C:\Program Files (x86)\VMware\VMware Workstation\bin\;C:\Program Files\Amazon Corretto\jdk11.0.15_9\bin;C:\Program Files (x86)\Python38-32\Scripts\;C:\Program Files (x86)\Python38-32\;C:\WINDOWS\system32;C:\WINDOWS;C:\WINDOWS\System32\Wbem;C:\WINDOWS\System32\WindowsPowerShell\v1.0\;C:\WINDOWS\System32\OpenSSH\;C:\Program Files\Intel\WiFi\bin\;C:\Program Files\Common Files\Intel\WirelessCommon\;C:\Program Files (x86)\Intel\Intel(R) Management Engine Components\DAL;C:\Program Files\Intel\Intel(R) Management Engine Components\DAL;C:\Program Files\dotnet\;C:\Program Files\Microsoft SQL Server\Client SDK\ODBC\170\Tools\Binn\;C:\Program Files (x86)\Microsoft SQL Server\150\Tools\Binn\;C:\Program Files\Microsoft SQL Server\150\Tools\Binn\;C:\Program Files\Microsoft SQL Server\150\DTS\Binn\;C:\Program Files\Azure Data Studio\bin;C:\Program Files (x86)\Microsoft SQL Server\150\DTS\Binn\;C:\Program Files\Git\cmd;C:\Program Files\MySQL\MySQL Shell 8.0\bin\;C:\Users\Padma\AppData\Local\Microsoft\WindowsApps;C:\Users\Padma\AppData\Local\Programs\Microsoft VS Code\bin;C:\Program Files\Azure Data Studio\bin;
USERNAME=Padma
OS=Windows_NT
PROCESSOR_IDENTIFIER=Intel64 Family 6 Model 142 Stepping 10, GenuineIntel



---------------  S Y S T E M  ---------------

OS: Windows 11 , 64 bit Build 22000 (10.0.22000.1335)
OS uptime: 1 days 0:05 hours
Hyper-V role detected

CPU:total 8 (initial active 8) (4 cores per cpu, 2 threads per core) family 6 model 142 stepping 10 microcode 0xf0, cmov, cx8, fxsr, mmx, sse, sse2, sse3, ssse3, sse4.1, sse4.2, popcnt, avx, avx2, aes, clmul, erms, 3dnowpref, lzcnt, ht, tsc, tscinvbit, bmi1, bmi2, adx, fma

Memory: 4k page, system-wide physical 12185M (2300M free)
TotalPageFile size 16283M (AvailPageFile size 9M)
current process WorkingSet (physical memory assigned to process): 460M, peak: 463M
current process commit charge ("private bytes"): 498M, peak: 503M

vm_info: OpenJDK 64-Bit Server VM (11.0.13+0-b1751.21-8125866) for windows-amd64 JRE (11.0.13+0-b1751.21-8125866), built on Feb  2 2022 03:00:22 by "builder" with MS VC++ 14.0 (VS2015)

END.
