#
# There is insufficient memory for the Java Runtime Environment to continue.
# Native memory allocation (malloc) failed to allocate 1312896 bytes for Chunk::new
# Possible reasons:
#   The system is out of physical RAM or swap space
#   The process is running with CompressedOops enabled, and the Java Heap may be blocking the growth of the native heap
# Possible solutions:
#   Reduce memory load on the system
#   Increase physical memory or swap space
#   Check if swap backing store is full
#   Decrease Java heap size (-Xmx/-Xms)
#   Decrease number of Java threads
#   Decrease Java thread stack sizes (-Xss)
#   Set larger code cache with -XX:ReservedCodeCacheSize=
#   JVM is running with Unscaled Compressed Oops mode in which the Java heap is
#     placed in the first 4GB address space. The Java Heap base address is the
#     maximum limit for the native heap growth. Please use -XX:HeapBaseMinAddress
#     to set the Java Heap base and to place the Java Heap above 4GB virtual address.
# This output file may be truncated or incomplete.
#
#  Out of Memory Error (./src/hotspot/share/memory/arena.cpp:197), pid=3148, tid=11632
#
# JRE version: OpenJDK Runtime Environment (11.0.13) (build 11.0.13+0-b1751.21-8125866)
# Java VM: OpenJDK 64-Bit Server VM (11.0.13+0-b1751.21-8125866, mixed mode, tiered, compressed oops, g1 gc, windows-amd64)
# No core dump will be written. Minidumps are not enabled by default on client versions of Windows
#

---------------  S U M M A R Y ------------

Command Line: --add-opens=java.base/java.util=ALL-UNNAMED --add-opens=java.base/java.lang=ALL-UNNAMED --add-opens=java.base/java.lang.invoke=ALL-UNNAMED --add-opens=java.base/java.util=ALL-UNNAMED --add-opens=java.prefs/java.util.prefs=ALL-UNNAMED --add-opens=java.prefs/java.util.prefs=ALL-UNNAMED --add-opens=java.base/java.nio.charset=ALL-UNNAMED --add-opens=java.base/java.net=ALL-UNNAMED --add-opens=java.base/java.util.concurrent.atomic=ALL-UNNAMED -Xmx2048m -Dfile.encoding=UTF-8 -Duser.country=CA -Duser.language=en -Duser.variant org.gradle.launcher.daemon.bootstrap.GradleDaemon 7.4

Host: Intel(R) Core(TM) i7-8550U CPU @ 1.80GHz, 8 cores, 11G,  Windows 11 , 64 bit Build 22000 (10.0.22000.1335)
Time: Sun Jan 22 22:26:16 2023 Eastern Standard Time elapsed time: 21.657003 seconds (0d 0h 0m 21s)

---------------  T H R E A D  ---------------

Current thread (0x000001d22612f000):  JavaThread "C2 CompilerThread0" daemon [_thread_in_native, id=11632, stack(0x0000004f6f000000,0x0000004f6f100000)]


Current CompileTask:
C2:  21657 6760 %     4       org.gradle.internal.instantiation.generator.AbstractClassGenerator::inspectType @ 207 (560 bytes)

Stack: [0x0000004f6f000000,0x0000004f6f100000]
Native frames: (J=compiled Java code, j=interpreted, Vv=VM code, C=native code)
V  [jvm.dll+0x6100fa]
V  [jvm.dll+0x747090]
V  [jvm.dll+0x7486ad]
V  [jvm.dll+0x748d83]
V  [jvm.dll+0x24ab48]
V  [jvm.dll+0xc04dc]
V  [jvm.dll+0xc0a0c]
V  [jvm.dll+0x2bfab4]
V  [jvm.dll+0x524238]
V  [jvm.dll+0x20b193]
V  [jvm.dll+0x204ca0]
V  [jvm.dll+0x2023c2]
V  [jvm.dll+0x188e01]
V  [jvm.dll+0x21106b]
V  [jvm.dll+0x20f8c1]
V  [jvm.dll+0x70de0f]
V  [jvm.dll+0x706a75]
V  [jvm.dll+0x60ed66]
C  [ucrtbase.dll+0x26c0c]
C  [KERNEL32.DLL+0x155a0]
C  [ntdll.dll+0x485b]


---------------  P R O C E S S  ---------------

Threads class SMR info:
_java_thread_list=0x000001d22bbf44d0, length=124, elements={
0x000001d20b3da800, 0x000001d2258a2800, 0x000001d2258a3800, 0x000001d22612b800,
0x000001d22612c800, 0x000001d22612e000, 0x000001d22612f000, 0x000001d22613b800,
0x000001d226140000, 0x000001d2262ab000, 0x000001d22853e800, 0x000001d2272a1000,
0x000001d2265d1800, 0x000001d2276bd800, 0x000001d2263f6000, 0x000001d227410800,
0x000001d228a78800, 0x000001d22792c800, 0x000001d229123000, 0x000001d228e5c800,
0x000001d228e5d800, 0x000001d228e5b000, 0x000001d228e5f000, 0x000001d228e5c000,
0x000001d228e60000, 0x000001d228e5a000, 0x000001d228e5e800, 0x000001d228e60800,
0x000001d2297cd800, 0x000001d2297c9000, 0x000001d2297ca000, 0x000001d2297cb000,
0x000001d2297c8800, 0x000001d2297d0800, 0x000001d2297d0000, 0x000001d2297d3000,
0x000001d2297d1800, 0x000001d2297d4000, 0x000001d2297d2000, 0x000001d2297d4800,
0x000001d2297cf000, 0x000001d2297d5800, 0x000001d2297d6800, 0x000001d2297d7000,
0x000001d228a9b000, 0x000001d228a9e000, 0x000001d228a99000, 0x000001d228aa0000,
0x000001d228a9d800, 0x000001d228a9a000, 0x000001d228a9f000, 0x000001d228a9c800,
0x000001d228aa0800, 0x000001d228aa1800, 0x000001d228a9b800, 0x000001d228aa4800,
0x000001d228aa5800, 0x000001d228aa6800, 0x000001d228aa4000, 0x000001d228aa7000,
0x000001d228aa3000, 0x000001d228aa8000, 0x000001d228aa2000, 0x000001d2277a5000,
0x000001d2277a4000, 0x000001d2277a5800, 0x000001d2277a8000, 0x000001d2277ab800,
0x000001d2277aa000, 0x000001d2277a9000, 0x000001d2277a6800, 0x000001d2277aa800,
0x000001d2277ac000, 0x000001d2277ad000, 0x000001d2277a7800, 0x000001d2277b3000,
0x000001d2277af800, 0x000001d2277ae000, 0x000001d2277ae800, 0x000001d2277b2000,
0x000001d2277b0800, 0x000001d2277b1000, 0x000001d2282da000, 0x000001d2282de000,
0x000001d2282d9000, 0x000001d2282db800, 0x000001d2282dc000, 0x000001d2282da800,
0x000001d2282dd000, 0x000001d2282d8000, 0x000001d2282e1000, 0x000001d2282e3800,
0x000001d2282e3000, 0x000001d2282de800, 0x000001d2282e4800, 0x000001d2282e5000,
0x000001d2282e0800, 0x000001d2282df800, 0x000001d2282e6000, 0x000001d2282e7000,
0x000001d2282e2000, 0x000001d229334000, 0x000001d229337000, 0x000001d229336800,
0x000001d22933a800, 0x000001d229338000, 0x000001d229334800, 0x000001d229339800,
0x000001d229338800, 0x000001d22933b000, 0x000001d229335800, 0x000001d22933d000,
0x000001d22933f800, 0x000001d22933c000, 0x000001d229340000, 0x000001d229342800,
0x000001d22933e800, 0x000001d229341000, 0x000001d229341800, 0x000001d22933d800,
0x000001d22b60b000, 0x000001d22b606800, 0x000001d22885b000, 0x000001d22cfe0800
}

Java Threads: ( => current thread )
  0x000001d20b3da800 JavaThread "main" [_thread_blocked, id=18440, stack(0x0000004f6e400000,0x0000004f6e500000)]
  0x000001d2258a2800 JavaThread "Reference Handler" daemon [_thread_blocked, id=11416, stack(0x0000004f6eb00000,0x0000004f6ec00000)]
  0x000001d2258a3800 JavaThread "Finalizer" daemon [_thread_blocked, id=16164, stack(0x0000004f6ec00000,0x0000004f6ed00000)]
  0x000001d22612b800 JavaThread "Signal Dispatcher" daemon [_thread_blocked, id=14624, stack(0x0000004f6ed00000,0x0000004f6ee00000)]
  0x000001d22612c800 JavaThread "Attach Listener" daemon [_thread_blocked, id=13988, stack(0x0000004f6ee00000,0x0000004f6ef00000)]
  0x000001d22612e000 JavaThread "Service Thread" daemon [_thread_blocked, id=1156, stack(0x0000004f6ef00000,0x0000004f6f000000)]
=>0x000001d22612f000 JavaThread "C2 CompilerThread0" daemon [_thread_in_native, id=11632, stack(0x0000004f6f000000,0x0000004f6f100000)]
  0x000001d22613b800 JavaThread "C1 CompilerThread0" daemon [_thread_in_native, id=3928, stack(0x0000004f6f100000,0x0000004f6f200000)]
  0x000001d226140000 JavaThread "Sweeper thread" daemon [_thread_blocked, id=21276, stack(0x0000004f6f200000,0x0000004f6f300000)]
  0x000001d2262ab000 JavaThread "Common-Cleaner" daemon [_thread_blocked, id=18860, stack(0x0000004f6f300000,0x0000004f6f400000)]
  0x000001d22853e800 JavaThread "Daemon health stats" [_thread_blocked, id=17012, stack(0x0000004f6fa00000,0x0000004f6fb00000)]
  0x000001d2272a1000 JavaThread "Incoming local TCP Connector on port 50877" [_thread_in_native, id=1964, stack(0x0000004f6f500000,0x0000004f6f600000)]
  0x000001d2265d1800 JavaThread "Daemon periodic checks" [_thread_blocked, id=14036, stack(0x0000004f6f600000,0x0000004f6f700000)]
  0x000001d2276bd800 JavaThread "Daemon" [_thread_blocked, id=572, stack(0x0000004f6fb00000,0x0000004f6fc00000)]
  0x000001d2263f6000 JavaThread "Handler for socket connection from /127.0.0.1:50877 to /127.0.0.1:50878" [_thread_in_native, id=20388, stack(0x0000004f6fc00000,0x0000004f6fd00000)]
  0x000001d227410800 JavaThread "Cancel handler" [_thread_blocked, id=15696, stack(0x0000004f6fd00000,0x0000004f6fe00000)]
  0x000001d228a78800 JavaThread "Daemon worker" [_thread_in_vm, id=17944, stack(0x0000004f6fe00000,0x0000004f6ff00000)]
  0x000001d22792c800 JavaThread "Asynchronous log dispatcher for DefaultDaemonConnection: socket connection from /127.0.0.1:50877 to /127.0.0.1:50878" [_thread_blocked, id=10244, stack(0x0000004f6ff00000,0x0000004f70000000)]
  0x000001d229123000 JavaThread "Stdin handler" [_thread_blocked, id=3384, stack(0x0000004f70000000,0x0000004f70100000)]
  0x000001d228e5c800 JavaThread "Daemon client event forwarder" [_thread_blocked, id=3664, stack(0x0000004f70100000,0x0000004f70200000)]
  0x000001d228e5d800 JavaThread "Cache worker for journal cache (C:\Users\Padma\.gradle\caches\journal-1)" [_thread_blocked, id=13224, stack(0x0000004f70200000,0x0000004f70300000)]
  0x000001d228e5b000 JavaThread "File lock request listener" [_thread_in_native, id=3744, stack(0x0000004f70300000,0x0000004f70400000)]
  0x000001d228e5f000 JavaThread "Cache worker for file hash cache (C:\Users\Padma\.gradle\caches\7.4\fileHashes)" [_thread_blocked, id=21492, stack(0x0000004f70400000,0x0000004f70500000)]
  0x000001d228e5c000 JavaThread "File watcher server" daemon [_thread_in_native, id=16660, stack(0x0000004f70c00000,0x0000004f70d00000)]
  0x000001d228e60000 JavaThread "File watcher consumer" daemon [_thread_blocked, id=20304, stack(0x0000004f70d00000,0x0000004f70e00000)]
  0x000001d228e5a000 JavaThread "Cache worker for checksums cache (C:\Users\Padma\AndroidStudioProjects\PadmasAndroidLabs\.gradle\7.4\checksums)" [_thread_blocked, id=4596, stack(0x0000004f70e00000,0x0000004f70f00000)]
  0x000001d228e5e800 JavaThread "Cache worker for cache directory md-rule (C:\Users\Padma\.gradle\caches\7.4\md-rule)" [_thread_blocked, id=3684, stack(0x0000004f70f00000,0x0000004f71000000)]
  0x000001d228e60800 JavaThread "Cache worker for file hash cache (C:\Users\Padma\AndroidStudioProjects\PadmasAndroidLabs\.gradle\7.4\fileHashes)" [_thread_blocked, id=12172, stack(0x0000004f70b00000,0x0000004f70c00000)]
  0x000001d2297cd800 JavaThread "Cache worker for cache directory md-supplier (C:\Users\Padma\.gradle\caches\7.4\md-supplier)" [_thread_blocked, id=15332, stack(0x0000004f71000000,0x0000004f71100000)]
  0x000001d2297c9000 JavaThread "Cache worker for execution history cache (C:\Users\Padma\.gradle\caches\7.4\executionHistory)" [_thread_blocked, id=20792, stack(0x0000004f71100000,0x0000004f71200000)]
  0x000001d2297ca000 JavaThread "jar transforms" [_thread_blocked, id=11352, stack(0x0000004f71300000,0x0000004f71400000)]
  0x000001d2297cb000 JavaThread "Cache worker for file content cache (C:\Users\Padma\.gradle\caches\7.4\fileContent)" [_thread_blocked, id=10684, stack(0x0000004f71400000,0x0000004f71500000)]
  0x000001d2297c8800 JavaThread "jar transforms Thread 2" [_thread_blocked, id=14716, stack(0x0000004f71500000,0x0000004f71600000)]
  0x000001d2297d0800 JavaThread "Cache worker for dependencies-accessors (C:\Users\Padma\AndroidStudioProjects\PadmasAndroidLabs\.gradle\7.4\dependencies-accessors)" [_thread_blocked, id=17976, stack(0x0000004f71600000,0x0000004f71700000)]
  0x000001d2297d0000 JavaThread "jar transforms Thread 3" [_thread_blocked, id=12156, stack(0x0000004f71700000,0x0000004f71800000)]
  0x000001d2297d3000 JavaThread "Cache worker for Build Output Cleanup Cache (C:\Users\Padma\AndroidStudioProjects\PadmasAndroidLabs\.gradle\buildOutputCleanup)" [_thread_blocked, id=17156, stack(0x0000004f70a00000,0x0000004f70b00000)]
  0x000001d2297d1800 JavaThread "Unconstrained build operations" [_thread_blocked, id=13796, stack(0x0000004f71800000,0x0000004f71900000)]
  0x000001d2297d4000 JavaThread "Unconstrained build operations Thread 2" [_thread_blocked, id=20796, stack(0x0000004f71900000,0x0000004f71a00000)]
  0x000001d2297d2000 JavaThread "Unconstrained build operations Thread 3" [_thread_blocked, id=868, stack(0x0000004f71a00000,0x0000004f71b00000)]
  0x000001d2297d4800 JavaThread "Unconstrained build operations Thread 4" [_thread_blocked, id=2312, stack(0x0000004f71b00000,0x0000004f71c00000)]
  0x000001d2297cf000 JavaThread "Unconstrained build operations Thread 5" [_thread_blocked, id=2744, stack(0x0000004f71c00000,0x0000004f71d00000)]
  0x000001d2297d5800 JavaThread "Unconstrained build operations Thread 6" [_thread_blocked, id=4196, stack(0x0000004f71d00000,0x0000004f71e00000)]
  0x000001d2297d6800 JavaThread "Unconstrained build operations Thread 7" [_thread_blocked, id=17004, stack(0x0000004f71e00000,0x0000004f71f00000)]
  0x000001d2297d7000 JavaThread "Unconstrained build operations Thread 8" [_thread_blocked, id=17176, stack(0x0000004f71f00000,0x0000004f72000000)]
  0x000001d228a9b000 JavaThread "Unconstrained build operations Thread 9" [_thread_blocked, id=8128, stack(0x0000004f72000000,0x0000004f72100000)]
  0x000001d228a9e000 JavaThread "Unconstrained build operations Thread 10" [_thread_blocked, id=14456, stack(0x0000004f72100000,0x0000004f72200000)]
  0x000001d228a99000 JavaThread "Unconstrained build operations Thread 11" [_thread_blocked, id=18948, stack(0x0000004f72200000,0x0000004f72300000)]
  0x000001d228aa0000 JavaThread "Unconstrained build operations Thread 12" [_thread_blocked, id=19556, stack(0x0000004f72300000,0x0000004f72400000)]
  0x000001d228a9d800 JavaThread "Unconstrained build operations Thread 13" [_thread_blocked, id=15816, stack(0x0000004f72400000,0x0000004f72500000)]
  0x000001d228a9a000 JavaThread "Unconstrained build operations Thread 14" [_thread_blocked, id=6412, stack(0x0000004f72500000,0x0000004f72600000)]
  0x000001d228a9f000 JavaThread "Unconstrained build operations Thread 15" [_thread_blocked, id=12992, stack(0x0000004f72600000,0x0000004f72700000)]
  0x000001d228a9c800 JavaThread "Unconstrained build operations Thread 16" [_thread_blocked, id=15352, stack(0x0000004f72700000,0x0000004f72800000)]
  0x000001d228aa0800 JavaThread "Unconstrained build operations Thread 17" [_thread_blocked, id=1496, stack(0x0000004f72800000,0x0000004f72900000)]
  0x000001d228aa1800 JavaThread "Unconstrained build operations Thread 18" [_thread_blocked, id=2872, stack(0x0000004f72900000,0x0000004f72a00000)]
  0x000001d228a9b800 JavaThread "Unconstrained build operations Thread 19" [_thread_blocked, id=11708, stack(0x0000004f72a00000,0x0000004f72b00000)]
  0x000001d228aa4800 JavaThread "Unconstrained build operations Thread 20" [_thread_blocked, id=18812, stack(0x0000004f72b00000,0x0000004f72c00000)]
  0x000001d228aa5800 JavaThread "Unconstrained build operations Thread 21" [_thread_blocked, id=20224, stack(0x0000004f72c00000,0x0000004f72d00000)]
  0x000001d228aa6800 JavaThread "Unconstrained build operations Thread 22" [_thread_blocked, id=15412, stack(0x0000004f72d00000,0x0000004f72e00000)]
  0x000001d228aa4000 JavaThread "Unconstrained build operations Thread 23" [_thread_blocked, id=2316, stack(0x0000004f72e00000,0x0000004f72f00000)]
  0x000001d228aa7000 JavaThread "Unconstrained build operations Thread 24" [_thread_blocked, id=2504, stack(0x0000004f72f00000,0x0000004f73000000)]
  0x000001d228aa3000 JavaThread "Unconstrained build operations Thread 25" [_thread_blocked, id=10200, stack(0x0000004f73000000,0x0000004f73100000)]
  0x000001d228aa8000 JavaThread "Unconstrained build operations Thread 26" [_thread_blocked, id=20992, stack(0x0000004f73100000,0x0000004f73200000)]
  0x000001d228aa2000 JavaThread "Unconstrained build operations Thread 27" [_thread_blocked, id=9088, stack(0x0000004f73200000,0x0000004f73300000)]
  0x000001d2277a5000 JavaThread "Unconstrained build operations Thread 28" [_thread_blocked, id=988, stack(0x0000004f73300000,0x0000004f73400000)]
  0x000001d2277a4000 JavaThread "Unconstrained build operations Thread 29" [_thread_blocked, id=16240, stack(0x0000004f73400000,0x0000004f73500000)]
  0x000001d2277a5800 JavaThread "Unconstrained build operations Thread 30" [_thread_blocked, id=12412, stack(0x0000004f73500000,0x0000004f73600000)]
  0x000001d2277a8000 JavaThread "Unconstrained build operations Thread 31" [_thread_blocked, id=14680, stack(0x0000004f73600000,0x0000004f73700000)]
  0x000001d2277ab800 JavaThread "Unconstrained build operations Thread 32" [_thread_blocked, id=13452, stack(0x0000004f73700000,0x0000004f73800000)]
  0x000001d2277aa000 JavaThread "Unconstrained build operations Thread 33" [_thread_blocked, id=10284, stack(0x0000004f73800000,0x0000004f73900000)]
  0x000001d2277a9000 JavaThread "Unconstrained build operations Thread 34" [_thread_blocked, id=10020, stack(0x0000004f73900000,0x0000004f73a00000)]
  0x000001d2277a6800 JavaThread "Unconstrained build operations Thread 35" [_thread_blocked, id=10896, stack(0x0000004f73a00000,0x0000004f73b00000)]
  0x000001d2277aa800 JavaThread "Unconstrained build operations Thread 36" [_thread_blocked, id=8992, stack(0x0000004f73b00000,0x0000004f73c00000)]
  0x000001d2277ac000 JavaThread "Unconstrained build operations Thread 37" [_thread_blocked, id=14408, stack(0x0000004f73c00000,0x0000004f73d00000)]
  0x000001d2277ad000 JavaThread "Unconstrained build operations Thread 38" [_thread_blocked, id=4980, stack(0x0000004f73d00000,0x0000004f73e00000)]
  0x000001d2277a7800 JavaThread "Unconstrained build operations Thread 39" [_thread_blocked, id=11516, stack(0x0000004f73e00000,0x0000004f73f00000)]
  0x000001d2277b3000 JavaThread "Unconstrained build operations Thread 40" [_thread_blocked, id=3628, stack(0x0000004f73f00000,0x0000004f74000000)]
  0x000001d2277af800 JavaThread "Unconstrained build operations Thread 41" [_thread_blocked, id=12632, stack(0x0000004f74000000,0x0000004f74100000)]
  0x000001d2277ae000 JavaThread "Unconstrained build operations Thread 42" [_thread_blocked, id=8544, stack(0x0000004f74100000,0x0000004f74200000)]
  0x000001d2277ae800 JavaThread "Unconstrained build operations Thread 43" [_thread_blocked, id=1116, stack(0x0000004f74200000,0x0000004f74300000)]
  0x000001d2277b2000 JavaThread "Unconstrained build operations Thread 44" [_thread_blocked, id=14000, stack(0x0000004f74300000,0x0000004f74400000)]
  0x000001d2277b0800 JavaThread "Unconstrained build operations Thread 45" [_thread_blocked, id=18356, stack(0x0000004f74400000,0x0000004f74500000)]
  0x000001d2277b1000 JavaThread "Unconstrained build operations Thread 46" [_thread_blocked, id=16092, stack(0x0000004f74500000,0x0000004f74600000)]
  0x000001d2282da000 JavaThread "Unconstrained build operations Thread 47" [_thread_blocked, id=13204, stack(0x0000004f74600000,0x0000004f74700000)]
  0x000001d2282de000 JavaThread "Unconstrained build operations Thread 48" [_thread_blocked, id=2592, stack(0x0000004f74700000,0x0000004f74800000)]
  0x000001d2282d9000 JavaThread "Unconstrained build operations Thread 49" [_thread_blocked, id=20208, stack(0x0000004f74800000,0x0000004f74900000)]
  0x000001d2282db800 JavaThread "Unconstrained build operations Thread 50" [_thread_blocked, id=12340, stack(0x0000004f74900000,0x0000004f74a00000)]
  0x000001d2282dc000 JavaThread "Unconstrained build operations Thread 51" [_thread_blocked, id=15064, stack(0x0000004f74a00000,0x0000004f74b00000)]
  0x000001d2282da800 JavaThread "Unconstrained build operations Thread 52" [_thread_blocked, id=1200, stack(0x0000004f74b00000,0x0000004f74c00000)]
  0x000001d2282dd000 JavaThread "Unconstrained build operations Thread 53" [_thread_blocked, id=15372, stack(0x0000004f74c00000,0x0000004f74d00000)]
  0x000001d2282d8000 JavaThread "Unconstrained build operations Thread 54" [_thread_blocked, id=13476, stack(0x0000004f74d00000,0x0000004f74e00000)]
  0x000001d2282e1000 JavaThread "Unconstrained build operations Thread 55" [_thread_blocked, id=16592, stack(0x0000004f74e00000,0x0000004f74f00000)]
  0x000001d2282e3800 JavaThread "Unconstrained build operations Thread 56" [_thread_blocked, id=18452, stack(0x0000004f74f00000,0x0000004f75000000)]
  0x000001d2282e3000 JavaThread "Unconstrained build operations Thread 57" [_thread_blocked, id=6476, stack(0x0000004f75000000,0x0000004f75100000)]
  0x000001d2282de800 JavaThread "Unconstrained build operations Thread 58" [_thread_blocked, id=3208, stack(0x0000004f75100000,0x0000004f75200000)]
  0x000001d2282e4800 JavaThread "Unconstrained build operations Thread 59" [_thread_blocked, id=21252, stack(0x0000004f75200000,0x0000004f75300000)]
  0x000001d2282e5000 JavaThread "Unconstrained build operations Thread 60" [_thread_blocked, id=5780, stack(0x0000004f75300000,0x0000004f75400000)]
  0x000001d2282e0800 JavaThread "Unconstrained build operations Thread 61" [_thread_blocked, id=20116, stack(0x0000004f75400000,0x0000004f75500000)]
  0x000001d2282df800 JavaThread "Unconstrained build operations Thread 62" [_thread_blocked, id=13788, stack(0x0000004f75500000,0x0000004f75600000)]
  0x000001d2282e6000 JavaThread "Unconstrained build operations Thread 63" [_thread_blocked, id=11944, stack(0x0000004f75600000,0x0000004f75700000)]
  0x000001d2282e7000 JavaThread "Unconstrained build operations Thread 64" [_thread_blocked, id=17960, stack(0x0000004f75800000,0x0000004f75900000)]
  0x000001d2282e2000 JavaThread "Unconstrained build operations Thread 65" [_thread_blocked, id=13060, stack(0x0000004f75900000,0x0000004f75a00000)]
  0x000001d229334000 JavaThread "Unconstrained build operations Thread 66" [_thread_blocked, id=12308, stack(0x0000004f75a00000,0x0000004f75b00000)]
  0x000001d229337000 JavaThread "Unconstrained build operations Thread 67" [_thread_blocked, id=12164, stack(0x0000004f75b00000,0x0000004f75c00000)]
  0x000001d229336800 JavaThread "Unconstrained build operations Thread 68" [_thread_blocked, id=19552, stack(0x0000004f75c00000,0x0000004f75d00000)]
  0x000001d22933a800 JavaThread "Unconstrained build operations Thread 69" [_thread_blocked, id=6140, stack(0x0000004f75d00000,0x0000004f75e00000)]
  0x000001d229338000 JavaThread "Unconstrained build operations Thread 70" [_thread_blocked, id=1776, stack(0x0000004f75e00000,0x0000004f75f00000)]
  0x000001d229334800 JavaThread "Unconstrained build operations Thread 71" [_thread_blocked, id=7988, stack(0x0000004f75f00000,0x0000004f76000000)]
  0x000001d229339800 JavaThread "Unconstrained build operations Thread 72" [_thread_blocked, id=5632, stack(0x0000004f76000000,0x0000004f76100000)]
  0x000001d229338800 JavaThread "Unconstrained build operations Thread 73" [_thread_blocked, id=18972, stack(0x0000004f76100000,0x0000004f76200000)]
  0x000001d22933b000 JavaThread "Unconstrained build operations Thread 74" [_thread_blocked, id=12676, stack(0x0000004f76200000,0x0000004f76300000)]
  0x000001d229335800 JavaThread "Unconstrained build operations Thread 75" [_thread_blocked, id=20840, stack(0x0000004f76300000,0x0000004f76400000)]
  0x000001d22933d000 JavaThread "Unconstrained build operations Thread 76" [_thread_blocked, id=18700, stack(0x0000004f76400000,0x0000004f76500000)]
  0x000001d22933f800 JavaThread "Unconstrained build operations Thread 77" [_thread_blocked, id=19492, stack(0x0000004f76500000,0x0000004f76600000)]
  0x000001d22933c000 JavaThread "Unconstrained build operations Thread 78" [_thread_blocked, id=6520, stack(0x0000004f76600000,0x0000004f76700000)]
  0x000001d229340000 JavaThread "Unconstrained build operations Thread 79" [_thread_blocked, id=13284, stack(0x0000004f76700000,0x0000004f76800000)]
  0x000001d229342800 JavaThread "Unconstrained build operations Thread 80" [_thread_blocked, id=7952, stack(0x0000004f76800000,0x0000004f76900000)]
  0x000001d22933e800 JavaThread "jar transforms Thread 4" [_thread_blocked, id=1120, stack(0x0000004f76900000,0x0000004f76a00000)]
  0x000001d229341000 JavaThread "jar transforms Thread 5" [_thread_blocked, id=10204, stack(0x0000004f76a00000,0x0000004f76b00000)]
  0x000001d229341800 JavaThread "jar transforms Thread 6" [_thread_blocked, id=15376, stack(0x0000004f76b00000,0x0000004f76c00000)]
  0x000001d22933d800 JavaThread "jar transforms Thread 7" [_thread_blocked, id=17072, stack(0x0000004f76c00000,0x0000004f76d00000)]
  0x000001d22b60b000 JavaThread "jar transforms Thread 8" [_thread_blocked, id=8668, stack(0x0000004f76d00000,0x0000004f76e00000)]
  0x000001d22b606800 JavaThread "Memory manager" [_thread_blocked, id=16068, stack(0x0000004f76e00000,0x0000004f76f00000)]
  0x000001d22885b000 JavaThread "C2 CompilerThread1" daemon [_thread_in_native, id=21180, stack(0x0000004f71200000,0x0000004f71300000)]
  0x000001d22cfe0800 JavaThread "C2 CompilerThread2" daemon [_thread_in_native, id=11984, stack(0x0000004f75700000,0x0000004f75800000)]

Other Threads:
  0x000001d22589e000 VMThread "VM Thread" [stack: 0x0000004f6ea00000,0x0000004f6eb00000] [id=4252]
  0x000001d2262c2000 WatcherThread [stack: 0x0000004f6f400000,0x0000004f6f500000] [id=19476]
  0x000001d20b42f800 GCTaskThread "GC Thread#0" [stack: 0x0000004f6e500000,0x0000004f6e600000] [id=21052]
  0x000001d226a21000 GCTaskThread "GC Thread#1" [stack: 0x0000004f6f700000,0x0000004f6f800000] [id=12744]
  0x000001d22758c000 GCTaskThread "GC Thread#2" [stack: 0x0000004f6f800000,0x0000004f6f900000] [id=2892]
  0x000001d226901000 GCTaskThread "GC Thread#3" [stack: 0x0000004f6f900000,0x0000004f6fa00000] [id=13776]
  0x000001d2279ff800 GCTaskThread "GC Thread#4" [stack: 0x0000004f70500000,0x0000004f70600000] [id=20624]
  0x000001d227d28800 GCTaskThread "GC Thread#5" [stack: 0x0000004f70600000,0x0000004f70700000] [id=21316]
  0x000001d227a47000 GCTaskThread "GC Thread#6" [stack: 0x0000004f70700000,0x0000004f70800000] [id=18392]
  0x000001d22835e800 GCTaskThread "GC Thread#7" [stack: 0x0000004f70800000,0x0000004f70900000] [id=5924]
  0x000001d20b452000 ConcurrentGCThread "G1 Main Marker" [stack: 0x0000004f6e600000,0x0000004f6e700000] [id=6432]
  0x000001d20b454000 ConcurrentGCThread "G1 Conc#0" [stack: 0x0000004f6e700000,0x0000004f6e800000] [id=592]
  0x000001d2273ad800 ConcurrentGCThread "G1 Conc#1" [stack: 0x0000004f70900000,0x0000004f70a00000] [id=16028]
  0x000001d22570e800 ConcurrentGCThread "G1 Refine#0" [stack: 0x0000004f6e800000,0x0000004f6e900000] [id=20940]
  0x000001d225711800 ConcurrentGCThread "G1 Young RemSet Sampling" [stack: 0x0000004f6e900000,0x0000004f6ea00000] [id=9012]

Threads with active compile tasks:
C2 CompilerThread0  21695 6760 %     4       org.gradle.internal.instantiation.generator.AbstractClassGenerator::inspectType @ 207 (560 bytes)
C2 CompilerThread1  21695 6905       4       com.google.common.collect.ImmutableSet$Builder::add (23 bytes)
C2 CompilerThread2  21695 6895       4       com.google.common.collect.ImmutableSet$RegularSetBuilderImpl::add (122 bytes)

VM state:not at safepoint (normal execution)

VM Mutex/Monitor currently owned by a thread: None

Heap address: 0x0000000080000000, size: 2048 MB, Compressed Oops mode: 32-bit
Narrow klass base: 0x0000000000000000, Narrow klass shift: 3
Compressed class space size: 1073741824 Address: 0x0000000100000000

Heap:
 garbage-first heap   total 196608K, used 108743K [0x0000000080000000, 0x0000000100000000)
  region size 1024K, 68 young (69632K), 11 survivors (11264K)
 Metaspace       used 69289K, capacity 70947K, committed 71080K, reserved 1112064K
  class space    used 8914K, capacity 9515K, committed 9548K, reserved 1048576K
Heap Regions: E=young(eden), S=young(survivor), O=old, HS=humongous(starts), HC=humongous(continues), CS=collection set, F=free, A=archive, TAMS=top-at-mark-start (previous, next)
|   0|0x0000000080000000, 0x0000000080100000, 0x0000000080100000|100%| O|  |TAMS 0x0000000080100000, 0x0000000080000000| Untracked 
|   1|0x0000000080100000, 0x0000000080200000, 0x0000000080200000|100%| O|  |TAMS 0x0000000080200000, 0x0000000080100000| Untracked 
|   2|0x0000000080200000, 0x0000000080300000, 0x0000000080300000|100%| O|  |TAMS 0x0000000080300000, 0x0000000080200000| Untracked 
|   3|0x0000000080300000, 0x0000000080400000, 0x0000000080400000|100%|HS|  |TAMS 0x0000000080400000, 0x0000000080300000| Complete 
|   4|0x0000000080400000, 0x0000000080500000, 0x0000000080500000|100%|HC|  |TAMS 0x0000000080500000, 0x0000000080400000| Complete 
|   5|0x0000000080500000, 0x0000000080600000, 0x0000000080600000|100%|HC|  |TAMS 0x0000000080600000, 0x0000000080500000| Complete 
|   6|0x0000000080600000, 0x0000000080700000, 0x0000000080700000|100%| O|  |TAMS 0x0000000080700000, 0x0000000080600000| Untracked 
|   7|0x0000000080700000, 0x0000000080800000, 0x0000000080800000|100%| O|  |TAMS 0x0000000080800000, 0x0000000080700000| Untracked 
|   8|0x0000000080800000, 0x0000000080900000, 0x0000000080900000|100%| O|  |TAMS 0x0000000080900000, 0x0000000080800000| Untracked 
|   9|0x0000000080900000, 0x0000000080a00000, 0x0000000080a00000|100%| O|  |TAMS 0x0000000080a00000, 0x0000000080900000| Untracked 
|  10|0x0000000080a00000, 0x0000000080b00000, 0x0000000080b00000|100%| O|  |TAMS 0x0000000080b00000, 0x0000000080a00000| Untracked 
|  11|0x0000000080b00000, 0x0000000080c00000, 0x0000000080c00000|100%| O|  |TAMS 0x0000000080c00000, 0x0000000080b00000| Untracked 
|  12|0x0000000080c00000, 0x0000000080d00000, 0x0000000080d00000|100%| O|  |TAMS 0x0000000080d00000, 0x0000000080c00000| Untracked 
|  13|0x0000000080d00000, 0x0000000080e00000, 0x0000000080e00000|100%| O|  |TAMS 0x0000000080e00000, 0x0000000080d00000| Untracked 
|  14|0x0000000080e00000, 0x0000000080f00000, 0x0000000080f00000|100%| O|  |TAMS 0x0000000080f00000, 0x0000000080e00000| Untracked 
|  15|0x0000000080f00000, 0x0000000081000000, 0x0000000081000000|100%| O|  |TAMS 0x0000000081000000, 0x0000000080f00000| Untracked 
|  16|0x0000000081000000, 0x0000000081100000, 0x0000000081100000|100%| O|  |TAMS 0x0000000081100000, 0x0000000081000000| Untracked 
|  17|0x0000000081100000, 0x0000000081200000, 0x0000000081200000|100%|HS|  |TAMS 0x0000000081200000, 0x0000000081100000| Complete 
|  18|0x0000000081200000, 0x0000000081300000, 0x0000000081300000|100%|HS|  |TAMS 0x0000000081300000, 0x0000000081200000| Complete 
|  19|0x0000000081300000, 0x0000000081400000, 0x0000000081400000|100%| O|  |TAMS 0x0000000081400000, 0x0000000081300000| Untracked 
|  20|0x0000000081400000, 0x0000000081500000, 0x0000000081500000|100%|HS|  |TAMS 0x0000000081500000, 0x0000000081400000| Complete 
|  21|0x0000000081500000, 0x0000000081600000, 0x0000000081600000|100%|HC|  |TAMS 0x0000000081600000, 0x0000000081500000| Complete 
|  22|0x0000000081600000, 0x0000000081700000, 0x0000000081700000|100%| O|  |TAMS 0x0000000081700000, 0x0000000081600000| Untracked 
|  23|0x0000000081700000, 0x0000000081800000, 0x0000000081800000|100%| O|  |TAMS 0x0000000081800000, 0x0000000081700000| Untracked 
|  24|0x0000000081800000, 0x0000000081900000, 0x0000000081900000|100%| O|  |TAMS 0x0000000081900000, 0x0000000081800000| Untracked 
|  25|0x0000000081900000, 0x0000000081a00000, 0x0000000081a00000|100%| O|  |TAMS 0x0000000081a00000, 0x0000000081900000| Untracked 
|  26|0x0000000081a00000, 0x0000000081b00000, 0x0000000081b00000|100%| O|  |TAMS 0x0000000081b00000, 0x0000000081a00000| Untracked 
|  27|0x0000000081b00000, 0x0000000081c00000, 0x0000000081c00000|100%| O|  |TAMS 0x0000000081c00000, 0x0000000081b00000| Untracked 
|  28|0x0000000081c00000, 0x0000000081d00000, 0x0000000081d00000|100%| O|  |TAMS 0x0000000081d00000, 0x0000000081c00000| Untracked 
|  29|0x0000000081d00000, 0x0000000081e00000, 0x0000000081e00000|100%| O|  |TAMS 0x0000000081e00000, 0x0000000081d00000| Untracked 
|  30|0x0000000081e00000, 0x0000000081f00000, 0x0000000081f00000|100%| O|  |TAMS 0x0000000081f00000, 0x0000000081e00000| Untracked 
|  31|0x0000000081f00000, 0x0000000082000000, 0x0000000082000000|100%| O|  |TAMS 0x0000000082000000, 0x0000000081f00000| Untracked 
|  32|0x0000000082000000, 0x0000000082100000, 0x0000000082100000|100%| O|  |TAMS 0x0000000082018400, 0x0000000082000000| Untracked 
|  33|0x0000000082100000, 0x0000000082100000, 0x0000000082200000|  0%| F|  |TAMS 0x0000000082100000, 0x0000000082100000| Untracked 
|  34|0x0000000082200000, 0x0000000082200000, 0x0000000082300000|  0%| F|  |TAMS 0x0000000082200000, 0x0000000082200000| Untracked 
|  35|0x0000000082300000, 0x0000000082300000, 0x0000000082400000|  0%| F|  |TAMS 0x0000000082300000, 0x0000000082300000| Untracked 
|  36|0x0000000082400000, 0x0000000082400000, 0x0000000082500000|  0%| F|  |TAMS 0x0000000082400000, 0x0000000082400000| Untracked 
|  37|0x0000000082500000, 0x0000000082500000, 0x0000000082600000|  0%| F|  |TAMS 0x0000000082500000, 0x0000000082500000| Untracked 
|  38|0x0000000082600000, 0x0000000082600000, 0x0000000082700000|  0%| F|  |TAMS 0x0000000082600000, 0x0000000082600000| Untracked 
|  39|0x0000000082700000, 0x0000000082700000, 0x0000000082800000|  0%| F|  |TAMS 0x0000000082700000, 0x0000000082700000| Untracked 
|  40|0x0000000082800000, 0x0000000082800000, 0x0000000082900000|  0%| F|  |TAMS 0x0000000082800000, 0x0000000082800000| Untracked 
|  41|0x0000000082900000, 0x0000000082a00000, 0x0000000082a00000|100%| O|  |TAMS 0x0000000082900000, 0x0000000082900000| Untracked 
|  42|0x0000000082a00000, 0x0000000082b00000, 0x0000000082b00000|100%| O|  |TAMS 0x0000000082a00000, 0x0000000082a00000| Untracked 
|  43|0x0000000082b00000, 0x0000000082c00000, 0x0000000082c00000|100%| O|  |TAMS 0x0000000082b00000, 0x0000000082b00000| Untracked 
|  44|0x0000000082c00000, 0x0000000082d00000, 0x0000000082d00000|100%| O|  |TAMS 0x0000000082c00000, 0x0000000082c00000| Untracked 
|  45|0x0000000082d00000, 0x0000000082e00000, 0x0000000082e00000|100%| O|  |TAMS 0x0000000082d00000, 0x0000000082d00000| Untracked 
|  46|0x0000000082e00000, 0x0000000082f00000, 0x0000000082f00000|100%| O|  |TAMS 0x0000000082e00000, 0x0000000082e00000| Untracked 
|  47|0x0000000082f00000, 0x0000000083000000, 0x0000000083000000|100%| O|  |TAMS 0x0000000082f00000, 0x0000000082f00000| Untracked 
|  48|0x0000000083000000, 0x0000000083000000, 0x0000000083100000|  0%| F|  |TAMS 0x0000000083000000, 0x0000000083000000| Untracked 
|  49|0x0000000083100000, 0x0000000083100000, 0x0000000083200000|  0%| F|  |TAMS 0x0000000083100000, 0x0000000083100000| Untracked 
|  50|0x0000000083200000, 0x0000000083200000, 0x0000000083300000|  0%| F|  |TAMS 0x0000000083200000, 0x0000000083200000| Untracked 
|  51|0x0000000083300000, 0x0000000083300000, 0x0000000083400000|  0%| F|  |TAMS 0x0000000083300000, 0x0000000083300000| Untracked 
|  52|0x0000000083400000, 0x0000000083400000, 0x0000000083500000|  0%| F|  |TAMS 0x0000000083400000, 0x0000000083400000| Untracked 
|  53|0x0000000083500000, 0x0000000083500000, 0x0000000083600000|  0%| F|  |TAMS 0x0000000083500000, 0x0000000083500000| Untracked 
|  54|0x0000000083600000, 0x0000000083600000, 0x0000000083700000|  0%| F|  |TAMS 0x0000000083600000, 0x0000000083600000| Untracked 
|  55|0x0000000083700000, 0x0000000083700000, 0x0000000083800000|  0%| F|  |TAMS 0x0000000083700000, 0x0000000083700000| Untracked 
|  56|0x0000000083800000, 0x0000000083800000, 0x0000000083900000|  0%| F|  |TAMS 0x0000000083800000, 0x0000000083800000| Untracked 
|  57|0x0000000083900000, 0x0000000083900000, 0x0000000083a00000|  0%| F|  |TAMS 0x0000000083900000, 0x0000000083900000| Untracked 
|  58|0x0000000083a00000, 0x0000000083a00000, 0x0000000083b00000|  0%| F|  |TAMS 0x0000000083a00000, 0x0000000083a00000| Untracked 
|  59|0x0000000083b00000, 0x0000000083b00000, 0x0000000083c00000|  0%| F|  |TAMS 0x0000000083b00000, 0x0000000083b00000| Untracked 
|  60|0x0000000083c00000, 0x0000000083c00000, 0x0000000083d00000|  0%| F|  |TAMS 0x0000000083c00000, 0x0000000083c00000| Untracked 
|  61|0x0000000083d00000, 0x0000000083d00000, 0x0000000083e00000|  0%| F|  |TAMS 0x0000000083d00000, 0x0000000083d00000| Untracked 
|  62|0x0000000083e00000, 0x0000000083e00000, 0x0000000083f00000|  0%| F|  |TAMS 0x0000000083e00000, 0x0000000083e00000| Untracked 
|  63|0x0000000083f00000, 0x0000000083f00000, 0x0000000084000000|  0%| F|  |TAMS 0x0000000083f00000, 0x0000000083f00000| Untracked 
|  64|0x0000000084000000, 0x0000000084000000, 0x0000000084100000|  0%| F|  |TAMS 0x0000000084000000, 0x0000000084000000| Untracked 
|  65|0x0000000084100000, 0x0000000084100000, 0x0000000084200000|  0%| F|  |TAMS 0x0000000084100000, 0x0000000084100000| Untracked 
|  66|0x0000000084200000, 0x0000000084200000, 0x0000000084300000|  0%| F|  |TAMS 0x0000000084200000, 0x0000000084200000| Untracked 
|  67|0x0000000084300000, 0x0000000084300000, 0x0000000084400000|  0%| F|  |TAMS 0x0000000084300000, 0x0000000084300000| Untracked 
|  68|0x0000000084400000, 0x0000000084400000, 0x0000000084500000|  0%| F|  |TAMS 0x0000000084400000, 0x0000000084400000| Untracked 
|  69|0x0000000084500000, 0x0000000084500000, 0x0000000084600000|  0%| F|  |TAMS 0x0000000084500000, 0x0000000084500000| Untracked 
|  70|0x0000000084600000, 0x0000000084600000, 0x0000000084700000|  0%| F|  |TAMS 0x0000000084600000, 0x0000000084600000| Untracked 
|  71|0x0000000084700000, 0x0000000084700000, 0x0000000084800000|  0%| F|  |TAMS 0x0000000084700000, 0x0000000084700000| Untracked 
|  72|0x0000000084800000, 0x0000000084800000, 0x0000000084900000|  0%| F|  |TAMS 0x0000000084800000, 0x0000000084800000| Untracked 
|  73|0x0000000084900000, 0x0000000084900000, 0x0000000084a00000|  0%| F|  |TAMS 0x0000000084900000, 0x0000000084900000| Untracked 
|  74|0x0000000084a00000, 0x0000000084a00000, 0x0000000084b00000|  0%| F|  |TAMS 0x0000000084a00000, 0x0000000084a00000| Untracked 
|  75|0x0000000084b00000, 0x0000000084b00000, 0x0000000084c00000|  0%| F|  |TAMS 0x0000000084b00000, 0x0000000084b00000| Untracked 
|  76|0x0000000084c00000, 0x0000000084c00000, 0x0000000084d00000|  0%| F|  |TAMS 0x0000000084c00000, 0x0000000084c00000| Untracked 
|  77|0x0000000084d00000, 0x0000000084d00000, 0x0000000084e00000|  0%| F|  |TAMS 0x0000000084d00000, 0x0000000084d00000| Untracked 
|  78|0x0000000084e00000, 0x0000000084e00000, 0x0000000084f00000|  0%| F|  |TAMS 0x0000000084e00000, 0x0000000084e00000| Untracked 
|  79|0x0000000084f00000, 0x0000000084f31f80, 0x0000000085000000| 19%| S|CS|TAMS 0x0000000084f00000, 0x0000000084f00000| Complete 
|  80|0x0000000085000000, 0x0000000085100000, 0x0000000085100000|100%| S|CS|TAMS 0x0000000085000000, 0x0000000085000000| Complete 
|  81|0x0000000085100000, 0x0000000085200000, 0x0000000085200000|100%| S|CS|TAMS 0x0000000085100000, 0x0000000085100000| Complete 
|  82|0x0000000085200000, 0x0000000085300000, 0x0000000085300000|100%| S|CS|TAMS 0x0000000085200000, 0x0000000085200000| Complete 
|  83|0x0000000085300000, 0x0000000085400000, 0x0000000085400000|100%| S|CS|TAMS 0x0000000085300000, 0x0000000085300000| Complete 
|  84|0x0000000085400000, 0x0000000085500000, 0x0000000085500000|100%| S|CS|TAMS 0x0000000085400000, 0x0000000085400000| Complete 
|  85|0x0000000085500000, 0x0000000085600000, 0x0000000085600000|100%| S|CS|TAMS 0x0000000085500000, 0x0000000085500000| Complete 
|  86|0x0000000085600000, 0x0000000085700000, 0x0000000085700000|100%| S|CS|TAMS 0x0000000085600000, 0x0000000085600000| Complete 
|  87|0x0000000085700000, 0x0000000085800000, 0x0000000085800000|100%| S|CS|TAMS 0x0000000085700000, 0x0000000085700000| Complete 
|  88|0x0000000085800000, 0x0000000085900000, 0x0000000085900000|100%| S|CS|TAMS 0x0000000085800000, 0x0000000085800000| Complete 
|  89|0x0000000085900000, 0x0000000085a00000, 0x0000000085a00000|100%| S|CS|TAMS 0x0000000085900000, 0x0000000085900000| Complete 
|  90|0x0000000085a00000, 0x0000000085a00000, 0x0000000085b00000|  0%| F|  |TAMS 0x0000000085a00000, 0x0000000085a00000| Untracked 
|  91|0x0000000085b00000, 0x0000000085b00000, 0x0000000085c00000|  0%| F|  |TAMS 0x0000000085b00000, 0x0000000085b00000| Untracked 
|  92|0x0000000085c00000, 0x0000000085c00000, 0x0000000085d00000|  0%| F|  |TAMS 0x0000000085c00000, 0x0000000085c00000| Untracked 
|  93|0x0000000085d00000, 0x0000000085d00000, 0x0000000085e00000|  0%| F|  |TAMS 0x0000000085d00000, 0x0000000085d00000| Untracked 
|  94|0x0000000085e00000, 0x0000000085e00000, 0x0000000085f00000|  0%| F|  |TAMS 0x0000000085e00000, 0x0000000085e00000| Untracked 
|  95|0x0000000085f00000, 0x0000000085f00000, 0x0000000086000000|  0%| F|  |TAMS 0x0000000085f00000, 0x0000000085f00000| Untracked 
|  96|0x0000000086000000, 0x0000000086000000, 0x0000000086100000|  0%| F|  |TAMS 0x0000000086000000, 0x0000000086000000| Untracked 
|  97|0x0000000086100000, 0x0000000086100000, 0x0000000086200000|  0%| F|  |TAMS 0x0000000086100000, 0x0000000086100000| Untracked 
|  98|0x0000000086200000, 0x0000000086200000, 0x0000000086300000|  0%| F|  |TAMS 0x0000000086200000, 0x0000000086200000| Untracked 
|  99|0x0000000086300000, 0x0000000086300000, 0x0000000086400000|  0%| F|  |TAMS 0x0000000086300000, 0x0000000086300000| Untracked 
| 100|0x0000000086400000, 0x0000000086400000, 0x0000000086500000|  0%| F|  |TAMS 0x0000000086400000, 0x0000000086400000| Untracked 
| 101|0x0000000086500000, 0x0000000086500000, 0x0000000086600000|  0%| F|  |TAMS 0x0000000086500000, 0x0000000086500000| Untracked 
| 102|0x0000000086600000, 0x0000000086600000, 0x0000000086700000|  0%| F|  |TAMS 0x0000000086600000, 0x0000000086600000| Untracked 
| 103|0x0000000086700000, 0x0000000086700000, 0x0000000086800000|  0%| F|  |TAMS 0x0000000086700000, 0x0000000086700000| Untracked 
| 104|0x0000000086800000, 0x0000000086800000, 0x0000000086900000|  0%| F|  |TAMS 0x0000000086800000, 0x0000000086800000| Untracked 
| 105|0x0000000086900000, 0x0000000086900000, 0x0000000086a00000|  0%| F|  |TAMS 0x0000000086900000, 0x0000000086900000| Untracked 
| 106|0x0000000086a00000, 0x0000000086a00000, 0x0000000086b00000|  0%| F|  |TAMS 0x0000000086a00000, 0x0000000086a00000| Untracked 
| 107|0x0000000086b00000, 0x0000000086b00000, 0x0000000086c00000|  0%| F|  |TAMS 0x0000000086b00000, 0x0000000086b00000| Untracked 
| 108|0x0000000086c00000, 0x0000000086c00000, 0x0000000086d00000|  0%| F|  |TAMS 0x0000000086c00000, 0x0000000086c00000| Untracked 
| 109|0x0000000086d00000, 0x0000000086d00000, 0x0000000086e00000|  0%| F|  |TAMS 0x0000000086d00000, 0x0000000086d00000| Untracked 
| 110|0x0000000086e00000, 0x0000000086e00000, 0x0000000086f00000|  0%| F|  |TAMS 0x0000000086e00000, 0x0000000086e00000| Untracked 
| 111|0x0000000086f00000, 0x0000000086f00000, 0x0000000087000000|  0%| F|  |TAMS 0x0000000086f00000, 0x0000000086f00000| Untracked 
| 112|0x0000000087000000, 0x0000000087000000, 0x0000000087100000|  0%| F|  |TAMS 0x0000000087000000, 0x0000000087000000| Untracked 
| 113|0x0000000087100000, 0x0000000087100000, 0x0000000087200000|  0%| F|  |TAMS 0x0000000087100000, 0x0000000087100000| Untracked 
| 114|0x0000000087200000, 0x0000000087200000, 0x0000000087300000|  0%| F|  |TAMS 0x0000000087200000, 0x0000000087200000| Untracked 
| 115|0x0000000087300000, 0x0000000087300000, 0x0000000087400000|  0%| F|  |TAMS 0x0000000087300000, 0x0000000087300000| Untracked 
| 116|0x0000000087400000, 0x0000000087400000, 0x0000000087500000|  0%| F|  |TAMS 0x0000000087400000, 0x0000000087400000| Untracked 
| 117|0x0000000087500000, 0x0000000087500000, 0x0000000087600000|  0%| F|  |TAMS 0x0000000087500000, 0x0000000087500000| Untracked 
| 118|0x0000000087600000, 0x0000000087600000, 0x0000000087700000|  0%| F|  |TAMS 0x0000000087600000, 0x0000000087600000| Untracked 
| 119|0x0000000087700000, 0x0000000087700000, 0x0000000087800000|  0%| F|  |TAMS 0x0000000087700000, 0x0000000087700000| Untracked 
| 120|0x0000000087800000, 0x0000000087800000, 0x0000000087900000|  0%| F|  |TAMS 0x0000000087800000, 0x0000000087800000| Untracked 
| 121|0x0000000087900000, 0x0000000087900000, 0x0000000087a00000|  0%| F|  |TAMS 0x0000000087900000, 0x0000000087900000| Untracked 
| 122|0x0000000087a00000, 0x0000000087a00000, 0x0000000087b00000|  0%| F|  |TAMS 0x0000000087a00000, 0x0000000087a00000| Untracked 
| 123|0x0000000087b00000, 0x0000000087b00000, 0x0000000087c00000|  0%| F|  |TAMS 0x0000000087b00000, 0x0000000087b00000| Untracked 
| 124|0x0000000087c00000, 0x0000000087c00000, 0x0000000087d00000|  0%| F|  |TAMS 0x0000000087c00000, 0x0000000087c00000| Untracked 
| 125|0x0000000087d00000, 0x0000000087d00000, 0x0000000087e00000|  0%| F|  |TAMS 0x0000000087d00000, 0x0000000087d00000| Untracked 
| 126|0x0000000087e00000, 0x0000000087e00000, 0x0000000087f00000|  0%| F|  |TAMS 0x0000000087e00000, 0x0000000087e00000| Untracked 
| 127|0x0000000087f00000, 0x0000000087f00000, 0x0000000088000000|  0%| F|  |TAMS 0x0000000087f00000, 0x0000000087f00000| Untracked 
| 128|0x0000000088000000, 0x0000000088000000, 0x0000000088100000|  0%| F|  |TAMS 0x0000000088000000, 0x0000000088000000| Untracked 
| 129|0x0000000088100000, 0x0000000088100000, 0x0000000088200000|  0%| F|  |TAMS 0x0000000088100000, 0x0000000088100000| Untracked 
| 130|0x0000000088200000, 0x0000000088200000, 0x0000000088300000|  0%| F|  |TAMS 0x0000000088200000, 0x0000000088200000| Untracked 
| 131|0x0000000088300000, 0x0000000088300000, 0x0000000088400000|  0%| F|  |TAMS 0x0000000088300000, 0x0000000088300000| Untracked 
| 132|0x0000000088400000, 0x0000000088400000, 0x0000000088500000|  0%| F|  |TAMS 0x0000000088400000, 0x0000000088400000| Untracked 
| 133|0x0000000088500000, 0x0000000088500000, 0x0000000088600000|  0%| F|  |TAMS 0x0000000088500000, 0x0000000088500000| Untracked 
| 134|0x0000000088600000, 0x0000000088600000, 0x0000000088700000|  0%| F|  |TAMS 0x0000000088600000, 0x0000000088600000| Untracked 
| 135|0x0000000088700000, 0x0000000088800000, 0x0000000088800000|100%| E|  |TAMS 0x0000000088700000, 0x0000000088700000| Complete 
| 136|0x0000000088800000, 0x0000000088900000, 0x0000000088900000|100%| E|CS|TAMS 0x0000000088800000, 0x0000000088800000| Complete 
| 137|0x0000000088900000, 0x0000000088a00000, 0x0000000088a00000|100%| E|CS|TAMS 0x0000000088900000, 0x0000000088900000| Complete 
| 138|0x0000000088a00000, 0x0000000088b00000, 0x0000000088b00000|100%| E|CS|TAMS 0x0000000088a00000, 0x0000000088a00000| Complete 
| 139|0x0000000088b00000, 0x0000000088c00000, 0x0000000088c00000|100%| E|CS|TAMS 0x0000000088b00000, 0x0000000088b00000| Complete 
| 140|0x0000000088c00000, 0x0000000088d00000, 0x0000000088d00000|100%| E|CS|TAMS 0x0000000088c00000, 0x0000000088c00000| Complete 
| 141|0x0000000088d00000, 0x0000000088e00000, 0x0000000088e00000|100%| E|CS|TAMS 0x0000000088d00000, 0x0000000088d00000| Complete 
| 142|0x0000000088e00000, 0x0000000088f00000, 0x0000000088f00000|100%| E|CS|TAMS 0x0000000088e00000, 0x0000000088e00000| Complete 
| 143|0x0000000088f00000, 0x0000000089000000, 0x0000000089000000|100%| E|CS|TAMS 0x0000000088f00000, 0x0000000088f00000| Complete 
| 144|0x0000000089000000, 0x0000000089100000, 0x0000000089100000|100%| E|CS|TAMS 0x0000000089000000, 0x0000000089000000| Complete 
| 145|0x0000000089100000, 0x0000000089200000, 0x0000000089200000|100%| E|CS|TAMS 0x0000000089100000, 0x0000000089100000| Complete 
| 146|0x0000000089200000, 0x0000000089300000, 0x0000000089300000|100%| E|CS|TAMS 0x0000000089200000, 0x0000000089200000| Complete 
| 147|0x0000000089300000, 0x0000000089400000, 0x0000000089400000|100%| E|CS|TAMS 0x0000000089300000, 0x0000000089300000| Complete 
| 148|0x0000000089400000, 0x0000000089500000, 0x0000000089500000|100%| E|CS|TAMS 0x0000000089400000, 0x0000000089400000| Complete 
| 149|0x0000000089500000, 0x0000000089600000, 0x0000000089600000|100%| E|CS|TAMS 0x0000000089500000, 0x0000000089500000| Complete 
| 150|0x0000000089600000, 0x0000000089700000, 0x0000000089700000|100%| E|CS|TAMS 0x0000000089600000, 0x0000000089600000| Complete 
| 151|0x0000000089700000, 0x0000000089800000, 0x0000000089800000|100%| E|CS|TAMS 0x0000000089700000, 0x0000000089700000| Complete 
| 152|0x0000000089800000, 0x0000000089900000, 0x0000000089900000|100%| E|CS|TAMS 0x0000000089800000, 0x0000000089800000| Complete 
| 153|0x0000000089900000, 0x0000000089a00000, 0x0000000089a00000|100%| E|CS|TAMS 0x0000000089900000, 0x0000000089900000| Complete 
| 154|0x0000000089a00000, 0x0000000089b00000, 0x0000000089b00000|100%| E|CS|TAMS 0x0000000089a00000, 0x0000000089a00000| Complete 
| 155|0x0000000089b00000, 0x0000000089c00000, 0x0000000089c00000|100%| E|CS|TAMS 0x0000000089b00000, 0x0000000089b00000| Complete 
| 156|0x0000000089c00000, 0x0000000089d00000, 0x0000000089d00000|100%| E|CS|TAMS 0x0000000089c00000, 0x0000000089c00000| Complete 
| 157|0x0000000089d00000, 0x0000000089e00000, 0x0000000089e00000|100%| E|CS|TAMS 0x0000000089d00000, 0x0000000089d00000| Complete 
| 158|0x0000000089e00000, 0x0000000089f00000, 0x0000000089f00000|100%| E|CS|TAMS 0x0000000089e00000, 0x0000000089e00000| Complete 
| 159|0x0000000089f00000, 0x000000008a000000, 0x000000008a000000|100%| E|CS|TAMS 0x0000000089f00000, 0x0000000089f00000| Complete 
| 160|0x000000008a000000, 0x000000008a100000, 0x000000008a100000|100%| E|CS|TAMS 0x000000008a000000, 0x000000008a000000| Complete 
| 161|0x000000008a100000, 0x000000008a200000, 0x000000008a200000|100%| E|CS|TAMS 0x000000008a100000, 0x000000008a100000| Complete 
| 162|0x000000008a200000, 0x000000008a300000, 0x000000008a300000|100%| E|CS|TAMS 0x000000008a200000, 0x000000008a200000| Complete 
| 163|0x000000008a300000, 0x000000008a400000, 0x000000008a400000|100%| E|CS|TAMS 0x000000008a300000, 0x000000008a300000| Complete 
| 164|0x000000008a400000, 0x000000008a500000, 0x000000008a500000|100%| E|CS|TAMS 0x000000008a400000, 0x000000008a400000| Complete 
| 165|0x000000008a500000, 0x000000008a600000, 0x000000008a600000|100%| E|CS|TAMS 0x000000008a500000, 0x000000008a500000| Complete 
| 166|0x000000008a600000, 0x000000008a700000, 0x000000008a700000|100%| E|CS|TAMS 0x000000008a600000, 0x000000008a600000| Complete 
| 167|0x000000008a700000, 0x000000008a800000, 0x000000008a800000|100%| E|CS|TAMS 0x000000008a700000, 0x000000008a700000| Complete 
| 168|0x000000008a800000, 0x000000008a900000, 0x000000008a900000|100%| E|CS|TAMS 0x000000008a800000, 0x000000008a800000| Complete 
| 169|0x000000008a900000, 0x000000008aa00000, 0x000000008aa00000|100%| E|CS|TAMS 0x000000008a900000, 0x000000008a900000| Complete 
| 170|0x000000008aa00000, 0x000000008ab00000, 0x000000008ab00000|100%| E|CS|TAMS 0x000000008aa00000, 0x000000008aa00000| Complete 
| 171|0x000000008ab00000, 0x000000008ac00000, 0x000000008ac00000|100%| E|CS|TAMS 0x000000008ab00000, 0x000000008ab00000| Complete 
| 172|0x000000008ac00000, 0x000000008ad00000, 0x000000008ad00000|100%| E|CS|TAMS 0x000000008ac00000, 0x000000008ac00000| Complete 
| 173|0x000000008ad00000, 0x000000008ae00000, 0x000000008ae00000|100%| E|CS|TAMS 0x000000008ad00000, 0x000000008ad00000| Complete 
| 174|0x000000008ae00000, 0x000000008af00000, 0x000000008af00000|100%| E|CS|TAMS 0x000000008ae00000, 0x000000008ae00000| Complete 
| 175|0x000000008af00000, 0x000000008b000000, 0x000000008b000000|100%| E|CS|TAMS 0x000000008af00000, 0x000000008af00000| Complete 
| 176|0x000000008b000000, 0x000000008b100000, 0x000000008b100000|100%| E|CS|TAMS 0x000000008b000000, 0x000000008b000000| Complete 
| 177|0x000000008b100000, 0x000000008b200000, 0x000000008b200000|100%| E|CS|TAMS 0x000000008b100000, 0x000000008b100000| Complete 
| 178|0x000000008b200000, 0x000000008b300000, 0x000000008b300000|100%| E|CS|TAMS 0x000000008b200000, 0x000000008b200000| Complete 
| 179|0x000000008b300000, 0x000000008b400000, 0x000000008b400000|100%| E|CS|TAMS 0x000000008b300000, 0x000000008b300000| Complete 
| 180|0x000000008b400000, 0x000000008b500000, 0x000000008b500000|100%| E|CS|TAMS 0x000000008b400000, 0x000000008b400000| Complete 
| 181|0x000000008b500000, 0x000000008b600000, 0x000000008b600000|100%| E|CS|TAMS 0x000000008b500000, 0x000000008b500000| Complete 
| 182|0x000000008b600000, 0x000000008b700000, 0x000000008b700000|100%| E|CS|TAMS 0x000000008b600000, 0x000000008b600000| Complete 
| 183|0x000000008b700000, 0x000000008b800000, 0x000000008b800000|100%| E|CS|TAMS 0x000000008b700000, 0x000000008b700000| Complete 
| 184|0x000000008b800000, 0x000000008b900000, 0x000000008b900000|100%| E|CS|TAMS 0x000000008b800000, 0x000000008b800000| Complete 
| 185|0x000000008b900000, 0x000000008ba00000, 0x000000008ba00000|100%| E|CS|TAMS 0x000000008b900000, 0x000000008b900000| Complete 
| 186|0x000000008ba00000, 0x000000008bb00000, 0x000000008bb00000|100%| E|CS|TAMS 0x000000008ba00000, 0x000000008ba00000| Complete 
| 187|0x000000008bb00000, 0x000000008bc00000, 0x000000008bc00000|100%| E|CS|TAMS 0x000000008bb00000, 0x000000008bb00000| Complete 
| 188|0x000000008bc00000, 0x000000008bd00000, 0x000000008bd00000|100%| E|CS|TAMS 0x000000008bc00000, 0x000000008bc00000| Complete 
| 189|0x000000008bd00000, 0x000000008be00000, 0x000000008be00000|100%| E|CS|TAMS 0x000000008bd00000, 0x000000008bd00000| Complete 
| 190|0x000000008be00000, 0x000000008bf00000, 0x000000008bf00000|100%| E|CS|TAMS 0x000000008be00000, 0x000000008be00000| Complete 
| 191|0x000000008bf00000, 0x000000008c000000, 0x000000008c000000|100%| E|CS|TAMS 0x000000008bf00000, 0x000000008bf00000| Complete 

Card table byte_map: [0x000001d21e620000,0x000001d21ea20000] _byte_map_base: 0x000001d21e220000

Marking Bits (Prev, Next): (CMBitMap*) 0x000001d20b4503e0, (CMBitMap*) 0x000001d20b4503a8
 Prev Bits: [0x000001d220e20000, 0x000001d222e20000)
 Next Bits: [0x000001d21ee20000, 0x000001d220e20000)

Polling page: 0x000001d20abb0000

Metaspace:

Usage:
  Non-class:     59.99 MB capacity,    58.97 MB ( 98%) used,   871.51 KB (  1%) free+waste,   171.25 KB ( <1%) overhead. 
      Class:      9.29 MB capacity,     8.71 MB ( 94%) used,   519.99 KB (  5%) free+waste,    79.56 KB ( <1%) overhead. 
       Both:     69.28 MB capacity,    67.68 MB ( 98%) used,     1.36 MB (  2%) free+waste,   250.81 KB ( <1%) overhead. 

Virtual space:
  Non-class space:       62.00 MB reserved,      60.09 MB ( 97%) committed 
      Class space:        1.00 GB reserved,       9.32 MB ( <1%) committed 
             Both:        1.06 GB reserved,      69.41 MB (  6%) committed 

Chunk freelists:
   Non-Class:  36.00 KB
       Class:  21.00 KB
        Both:  57.00 KB

MaxMetaspaceSize: 17179869184.00 GB
CompressedClassSpaceSize: 1.00 GB
Initial GC threshold: 20.80 MB
Current GC threshold: 99.23 MB
CDS: off

CodeHeap 'non-profiled nmethods': size=120000Kb used=4401Kb max_used=4401Kb free=115598Kb
 bounds [0x000001d2169c0000, 0x000001d216e10000, 0x000001d21def0000]
CodeHeap 'profiled nmethods': size=120000Kb used=14704Kb max_used=14704Kb free=105295Kb
 bounds [0x000001d20f490000, 0x000001d2102f0000, 0x000001d2169c0000]
CodeHeap 'non-nmethods': size=5760Kb used=2350Kb max_used=2402Kb free=3410Kb
 bounds [0x000001d20eef0000, 0x000001d20f160000, 0x000001d20f490000]
 total_blobs=7776 nmethods=6912 adapters=776
 compilation: enabled
              stopped_count=0, restarted_count=0
 full_count=0

Compilation events (20 events):
Event: 21.578 Thread 0x000001d22613b800 nmethod 6860 0x000001d216dfd390 code [0x000001d216dfd540, 0x000001d216dfd5f8]
Event: 21.580 Thread 0x000001d22cfe0800 6861       4       com.google.common.collect.ImmutableList::iterator (5 bytes)
Event: 21.581 Thread 0x000001d22cfe0800 nmethod 6861 0x000001d216dfd690 code [0x000001d216dfd820, 0x000001d216dfd898]
Event: 21.586 Thread 0x000001d22613b800 6862       3       org.gradle.internal.ImmutableActionSet::fromActions (63 bytes)
Event: 21.588 Thread 0x000001d22613b800 nmethod 6862 0x000001d2102cd210 code [0x000001d2102cd4c0, 0x000001d2102ce468]
Event: 21.600 Thread 0x000001d22613b800 6863       3       org.gradle.api.internal.DefaultDomainObjectCollection::assertMutableCollectionContents (1 bytes)
Event: 21.601 Thread 0x000001d22613b800 nmethod 6863 0x000001d2102ce890 code [0x000001d2102cea40, 0x000001d2102ceb38]
Event: 21.637 Thread 0x000001d22cfe0800 6864       4       java.util.concurrent.atomic.AtomicReferenceArray::set (13 bytes)
Event: 21.640 Thread 0x000001d22613b800 6865       1       org.gradle.internal.operations.DefaultBuildOperationRunner$CallableBuildOperationWorker::getReturnValue (5 bytes)
Event: 21.640 Thread 0x000001d22613b800 nmethod 6865 0x000001d216dfd990 code [0x000001d216dfdb40, 0x000001d216dfdbf8]
Event: 21.641 Thread 0x000001d22cfe0800 nmethod 6864 0x000001d216dfdc90 code [0x000001d216dfde20, 0x000001d216dfdfd8]
Event: 21.645 Thread 0x000001d22885b000 nmethod 6794 0x000001d216dfe190 code [0x000001d216dfea60, 0x000001d216e05b80]
Event: 21.648 Thread 0x000001d22613b800 6866       3       com.android.build.api.artifact.impl.TypedStorageProvider$getArtifact$1$1::invoke (5 bytes)
Event: 21.649 Thread 0x000001d22613b800 nmethod 6866 0x000001d2102cec10 code [0x000001d2102cee80, 0x000001d2102cf7c8]
Event: 21.649 Thread 0x000001d22613b800 6867       3       com.android.build.api.artifact.impl.TypedStorageProvider$getArtifact$1$1::invoke (27 bytes)
Event: 21.650 Thread 0x000001d22613b800 nmethod 6867 0x000001d2102cfb90 code [0x000001d2102cfde0, 0x000001d2102d06e8]
Event: 21.653 Thread 0x000001d22613b800 6869       3       com.google.common.collect.ImmutableCollection$Builder::addAll (34 bytes)
Event: 21.654 Thread 0x000001d22613b800 nmethod 6869 0x000001d2102d0a90 code [0x000001d2102d0c80, 0x000001d2102d1138]
Event: 21.654 Thread 0x000001d22613b800 6868       3       com.google.common.collect.ImmutableCollection$Builder::add (35 bytes)
Event: 21.654 Thread 0x000001d22613b800 nmethod 6868 0x000001d2102d1290 code [0x000001d2102d1460, 0x000001d2102d1708]

GC Heap History (16 events):
Event: 0.776 GC heap before
{Heap before GC invocations=0 (full 0):
 garbage-first heap   total 196608K, used 29696K [0x0000000080000000, 0x0000000100000000)
  region size 1024K, 24 young (24576K), 0 survivors (0K)
 Metaspace       used 10162K, capacity 10337K, committed 10624K, reserved 1058816K
  class space    used 1047K, capacity 1108K, committed 1152K, reserved 1048576K
}
Event: 0.782 GC heap after
{Heap after GC invocations=1 (full 0):
 garbage-first heap   total 196608K, used 9339K [0x0000000080000000, 0x0000000100000000)
  region size 1024K, 3 young (3072K), 3 survivors (3072K)
 Metaspace       used 10162K, capacity 10337K, committed 10624K, reserved 1058816K
  class space    used 1047K, capacity 1108K, committed 1152K, reserved 1048576K
}
Event: 3.616 GC heap before
{Heap before GC invocations=1 (full 0):
 garbage-first heap   total 196608K, used 114811K [0x0000000080000000, 0x0000000100000000)
  region size 1024K, 107 young (109568K), 3 survivors (3072K)
 Metaspace       used 20790K, capacity 21201K, committed 21296K, reserved 1069056K
  class space    used 2531K, capacity 2688K, committed 2688K, reserved 1048576K
}
Event: 3.628 GC heap after
{Heap after GC invocations=2 (full 0):
 garbage-first heap   total 196608K, used 16704K [0x0000000080000000, 0x0000000100000000)
  region size 1024K, 11 young (11264K), 11 survivors (11264K)
 Metaspace       used 20790K, capacity 21201K, committed 21296K, reserved 1069056K
  class space    used 2531K, capacity 2688K, committed 2688K, reserved 1048576K
}
Event: 4.184 GC heap before
{Heap before GC invocations=3 (full 0):
 garbage-first heap   total 196608K, used 53568K [0x0000000080000000, 0x0000000100000000)
  region size 1024K, 47 young (48128K), 11 survivors (11264K)
 Metaspace       used 24246K, capacity 24775K, committed 24832K, reserved 1071104K
  class space    used 3089K, capacity 3287K, committed 3328K, reserved 1048576K
}
Event: 4.192 GC heap after
{Heap after GC invocations=4 (full 0):
 garbage-first heap   total 196608K, used 18807K [0x0000000080000000, 0x0000000100000000)
  region size 1024K, 2 young (2048K), 2 survivors (2048K)
 Metaspace       used 24246K, capacity 24775K, committed 24832K, reserved 1071104K
  class space    used 3089K, capacity 3287K, committed 3328K, reserved 1048576K
}
Event: 6.129 GC heap before
{Heap before GC invocations=4 (full 0):
 garbage-first heap   total 196608K, used 100727K [0x0000000080000000, 0x0000000100000000)
  region size 1024K, 83 young (84992K), 2 survivors (2048K)
 Metaspace       used 35214K, capacity 35982K, committed 36048K, reserved 1081344K
  class space    used 4530K, capacity 4840K, committed 4864K, reserved 1048576K
}
Event: 6.140 GC heap after
{Heap after GC invocations=5 (full 0):
 garbage-first heap   total 196608K, used 22677K [0x0000000080000000, 0x0000000100000000)
  region size 1024K, 6 young (6144K), 6 survivors (6144K)
 Metaspace       used 35214K, capacity 35982K, committed 36048K, reserved 1081344K
  class space    used 4530K, capacity 4840K, committed 4864K, reserved 1048576K
}
Event: 8.864 GC heap before
{Heap before GC invocations=6 (full 0):
 garbage-first heap   total 196608K, used 134293K [0x0000000080000000, 0x0000000100000000)
  region size 1024K, 112 young (114688K), 6 survivors (6144K)
 Metaspace       used 44548K, capacity 45626K, committed 45724K, reserved 1089536K
  class space    used 5628K, capacity 6034K, committed 6092K, reserved 1048576K
}
Event: 8.880 GC heap after
{Heap after GC invocations=7 (full 0):
 garbage-first heap   total 196608K, used 29699K [0x0000000080000000, 0x0000000100000000)
  region size 1024K, 13 young (13312K), 13 survivors (13312K)
 Metaspace       used 44548K, capacity 45626K, committed 45724K, reserved 1089536K
  class space    used 5628K, capacity 6034K, committed 6092K, reserved 1048576K
}
Event: 12.453 GC heap before
{Heap before GC invocations=7 (full 0):
 garbage-first heap   total 196608K, used 138243K [0x0000000080000000, 0x0000000100000000)
  region size 1024K, 115 young (117760K), 13 survivors (13312K)
 Metaspace       used 50316K, capacity 51691K, committed 51996K, reserved 1093632K
  class space    used 6358K, capacity 6873K, committed 6988K, reserved 1048576K
}
Event: 12.468 GC heap after
{Heap after GC invocations=8 (full 0):
 garbage-first heap   total 196608K, used 41651K [0x0000000080000000, 0x0000000100000000)
  region size 1024K, 15 young (15360K), 15 survivors (15360K)
 Metaspace       used 50316K, capacity 51691K, committed 51996K, reserved 1093632K
  class space    used 6358K, capacity 6873K, committed 6988K, reserved 1048576K
}
Event: 16.034 GC heap before
{Heap before GC invocations=8 (full 0):
 garbage-first heap   total 196608K, used 103091K [0x0000000080000000, 0x0000000100000000)
  region size 1024K, 76 young (77824K), 15 survivors (15360K)
 Metaspace       used 59037K, capacity 60517K, committed 60636K, reserved 1101824K
  class space    used 7453K, capacity 7977K, committed 8012K, reserved 1048576K
}
Event: 16.055 GC heap after
{Heap after GC invocations=9 (full 0):
 garbage-first heap   total 196608K, used 44399K [0x0000000080000000, 0x0000000100000000)
  region size 1024K, 12 young (12288K), 12 survivors (12288K)
 Metaspace       used 59037K, capacity 60517K, committed 60636K, reserved 1101824K
  class space    used 7453K, capacity 7977K, committed 8012K, reserved 1048576K
}
Event: 19.461 GC heap before
{Heap before GC invocations=10 (full 0):
 garbage-first heap   total 196608K, used 144751K [0x0000000080000000, 0x0000000100000000)
  region size 1024K, 102 young (104448K), 12 survivors (12288K)
 Metaspace       used 65301K, capacity 66870K, committed 67112K, reserved 1107968K
  class space    used 8251K, capacity 8838K, committed 8908K, reserved 1048576K
}
Event: 19.474 GC heap after
{Heap after GC invocations=11 (full 0):
 garbage-first heap   total 196608K, used 51399K [0x0000000080000000, 0x0000000100000000)
  region size 1024K, 11 young (11264K), 11 survivors (11264K)
 Metaspace       used 65301K, capacity 66870K, committed 67112K, reserved 1107968K
  class space    used 8251K, capacity 8838K, committed 8908K, reserved 1048576K
}

Deoptimization events (20 events):
Event: 18.910 Thread 0x000001d228a78800 Uncommon trap: trap_request=0xffffff4d fr.pc=0x000001d2169eb688 relative=0x00000000000001c8
Event: 18.910 Thread 0x000001d228a78800 Uncommon trap: reason=unstable_if action=reinterpret pc=0x000001d2169eb688 method=java.lang.AbstractStringBuilder.isLatin1()Z @ 10 c2
Event: 18.910 Thread 0x000001d228a78800 DEOPT PACKING pc=0x000001d2169eb688 sp=0x0000004f6fef6820
Event: 18.910 Thread 0x000001d228a78800 DEOPT UNPACKING pc=0x000001d20ef3a1af sp=0x0000004f6fef6760 mode 2
Event: 19.317 Thread 0x000001d228a78800 Uncommon trap: trap_request=0xffffff4d fr.pc=0x000001d216b7fa00 relative=0x0000000000000340
Event: 19.317 Thread 0x000001d228a78800 Uncommon trap: reason=unstable_if action=reinterpret pc=0x000001d216b7fa00 method=java.util.StringJoiner.add(Ljava/lang/CharSequence;)Ljava/util/StringJoiner; @ 33 c2
Event: 19.317 Thread 0x000001d228a78800 DEOPT PACKING pc=0x000001d216b7fa00 sp=0x0000004f6fef58e0
Event: 19.317 Thread 0x000001d228a78800 DEOPT UNPACKING pc=0x000001d20ef3a1af sp=0x0000004f6fef5890 mode 2
Event: 19.610 Thread 0x000001d228a78800 Uncommon trap: trap_request=0xfffffff4 fr.pc=0x000001d216dc2f20 relative=0x0000000000000a00
Event: 19.610 Thread 0x000001d228a78800 Uncommon trap: reason=null_check action=make_not_entrant pc=0x000001d216dc2f20 method=com.sun.beans.introspect.MethodInfo$MethodOrder.compare(Ljava/lang/reflect/Method;Ljava/lang/reflect/Method;)I @ 133 c2
Event: 19.610 Thread 0x000001d228a78800 DEOPT PACKING pc=0x000001d216dc2f20 sp=0x0000004f6fef3810
Event: 19.610 Thread 0x000001d228a78800 DEOPT UNPACKING pc=0x000001d20ef3a1af sp=0x0000004f6fef3758 mode 2
Event: 19.905 Thread 0x000001d228a78800 Uncommon trap: trap_request=0xffffff4d fr.pc=0x000001d216bc14dc relative=0x0000000000000f5c
Event: 19.905 Thread 0x000001d228a78800 Uncommon trap: reason=unstable_if action=reinterpret pc=0x000001d216bc14dc method=org.codehaus.groovy.runtime.metaclass.MetaMethodIndex.isOverridden(Lgroovy/lang/MetaMethod;Lgroovy/lang/MetaMethod;)Z @ 33 c2
Event: 19.905 Thread 0x000001d228a78800 DEOPT PACKING pc=0x000001d216bc14dc sp=0x0000004f6fef4770
Event: 19.906 Thread 0x000001d228a78800 DEOPT UNPACKING pc=0x000001d20ef3a1af sp=0x0000004f6fef46c8 mode 2
Event: 21.393 Thread 0x000001d228a78800 Uncommon trap: trap_request=0xffffff4d fr.pc=0x000001d216c890c8 relative=0x0000000000000268
Event: 21.393 Thread 0x000001d228a78800 Uncommon trap: reason=unstable_if action=reinterpret pc=0x000001d216c890c8 method=java.io.WinNTFileSystem.prefixLength(Ljava/lang/String;)I @ 11 c2
Event: 21.393 Thread 0x000001d228a78800 DEOPT PACKING pc=0x000001d216c890c8 sp=0x0000004f6fef90d0
Event: 21.393 Thread 0x000001d228a78800 DEOPT UNPACKING pc=0x000001d20ef3a1af sp=0x0000004f6fef9050 mode 2

Classes redefined (0 events):
No events

Internal exceptions (20 events):
Event: 19.919 Thread 0x000001d228a78800 Exception <a 'java/lang/ClassNotFoundException'{0x000000008ab60cb8}: com/android/builder/core/AbstractBuildTypeCustomizer> (0x000000008ab60cb8) thrown at [./src/hotspot/share/classfile/systemDictionary.cpp, line 231]
Event: 19.923 Thread 0x000001d228a78800 Exception <a 'java/lang/ClassNotFoundException'{0x000000008ab9a820}: com/android/build/gradle/internal/dsl/BuildTypeCustomizer> (0x000000008ab9a820) thrown at [./src/hotspot/share/classfile/systemDictionary.cpp, line 231]
Event: 19.930 Thread 0x000001d228a78800 Exception <a 'java/lang/ClassNotFoundException'{0x000000008aa30f10}: com/android/build/gradle/internal/dsl/BuildType$AgpDecoratedCustomizer> (0x000000008aa30f10) thrown at [./src/hotspot/share/classfile/systemDictionary.cpp, line 231]
Event: 19.937 Thread 0x000001d228a78800 Exception <a 'java/lang/ClassNotFoundException'{0x000000008aa92890}: com/android/build/gradle/internal/dsl/BuildType$AgpDecorated_DecoratedCustomizer> (0x000000008aa92890) thrown at [./src/hotspot/share/classfile/systemDictionary.cpp, line 231]
Event: 19.952 Thread 0x000001d228a78800 Exception <a 'java/lang/ClassNotFoundException'{0x000000008a96cb18}: build_1cbfdo348sdb5wrzxn12kyzbp$_run_closure1$_closure4BeanInfo> (0x000000008a96cb18) thrown at [./src/hotspot/share/classfile/systemDictionary.cpp, line 231]
Event: 19.953 Thread 0x000001d228a78800 Exception <a 'java/lang/ClassNotFoundException'{0x000000008a97f1b0}: build_1cbfdo348sdb5wrzxn12kyzbp$_run_closure1$_closure4Customizer> (0x000000008a97f1b0) thrown at [./src/hotspot/share/classfile/systemDictionary.cpp, line 231]
Event: 19.962 Thread 0x000001d228a78800 Exception <a 'java/lang/ClassNotFoundException'{0x000000008a9aa688}: build_1cbfdo348sdb5wrzxn12kyzbp$_run_closure1BeanInfo> (0x000000008a9aa688) thrown at [./src/hotspot/share/classfile/systemDictionary.cpp, line 231]
Event: 19.965 Thread 0x000001d228a78800 Exception <a 'java/lang/ClassNotFoundException'{0x000000008a9bc4e8}: build_1cbfdo348sdb5wrzxn12kyzbp$_run_closure1Customizer> (0x000000008a9bc4e8) thrown at [./src/hotspot/share/classfile/systemDictionary.cpp, line 231]
Event: 19.978 Thread 0x000001d228a78800 Exception <a 'java/lang/ClassNotFoundException'{0x000000008a821540}: org/gradle/api/JavaVersionBeanInfo> (0x000000008a821540) thrown at [./src/hotspot/share/classfile/systemDictionary.cpp, line 231]
Event: 19.981 Thread 0x000001d228a78800 Exception <a 'java/lang/ClassNotFoundException'{0x000000008a8503c0}: org/gradle/api/JavaVersionCustomizer> (0x000000008a8503c0) thrown at [./src/hotspot/share/classfile/systemDictionary.cpp, line 231]
Event: 19.988 Thread 0x000001d228a78800 Exception <a 'java/lang/ClassNotFoundException'{0x000000008a8bb460}: com/android/build/gradle/internal/CompileOptions$AgpDecorated_DecoratedBeanInfo> (0x000000008a8bb460) thrown at [./src/hotspot/share/classfile/systemDictionary.cpp, line 231]
Event: 19.989 Thread 0x000001d228a78800 Exception <a 'java/lang/ClassNotFoundException'{0x000000008a8d9a98}: com/android/build/gradle/internal/CompileOptions$AgpDecoratedBeanInfo> (0x000000008a8d9a98) thrown at [./src/hotspot/share/classfile/systemDictionary.cpp, line 231]
Event: 19.991 Thread 0x000001d228a78800 Exception <a 'java/lang/ClassNotFoundException'{0x000000008a8f5ad8}: com/android/build/gradle/internal/CompileOptionsBeanInfo> (0x000000008a8f5ad8) thrown at [./src/hotspot/share/classfile/systemDictionary.cpp, line 231]
Event: 19.992 Thread 0x000001d228a78800 Exception <a 'java/lang/ClassNotFoundException'{0x000000008a712a60}: com/android/build/gradle/internal/CompileOptionsCustomizer> (0x000000008a712a60) thrown at [./src/hotspot/share/classfile/systemDictionary.cpp, line 231]
Event: 19.997 Thread 0x000001d228a78800 Exception <a 'java/lang/ClassNotFoundException'{0x000000008a73d4d0}: com/android/build/gradle/internal/CompileOptions$AgpDecoratedCustomizer> (0x000000008a73d4d0) thrown at [./src/hotspot/share/classfile/systemDictionary.cpp, line 231]
Event: 20.000 Thread 0x000001d228a78800 Exception <a 'java/lang/ClassNotFoundException'{0x000000008a76aaf8}: com/android/build/gradle/internal/CompileOptions$AgpDecorated_DecoratedCustomizer> (0x000000008a76aaf8) thrown at [./src/hotspot/share/classfile/systemDictionary.cpp, line 231]
Event: 20.051 Thread 0x000001d228a78800 Exception <a 'java/lang/ClassNotFoundException'{0x000000008a6a59f8}: org/gradle/api/internal/artifacts/dsl/dependencies/DefaultDependencyHandler_DecoratedBeanInfo> (0x000000008a6a59f8) thrown at [./src/hotspot/share/classfile/systemDictionary.cpp, line 231]
Event: 20.053 Thread 0x000001d228a78800 Exception <a 'java/lang/ClassNotFoundException'{0x000000008a6f5fb8}: org/gradle/api/internal/artifacts/dsl/dependencies/DefaultDependencyHandlerBeanInfo> (0x000000008a6f5fb8) thrown at [./src/hotspot/share/classfile/systemDictionary.cpp, line 231]
Event: 20.055 Thread 0x000001d228a78800 Exception <a 'java/lang/ClassNotFoundException'{0x000000008a546c18}: org/gradle/api/internal/artifacts/dsl/dependencies/DefaultDependencyHandlerCustomizer> (0x000000008a546c18) thrown at [./src/hotspot/share/classfile/systemDictionary.cpp, line 231]
Event: 20.079 Thread 0x000001d228a78800 Exception <a 'java/lang/ClassNotFoundException'{0x000000008a5c18b8}: org/gradle/api/internal/artifacts/dsl/dependencies/DefaultDependencyHandler_DecoratedCustomizer> (0x000000008a5c18b8) thrown at [./src/hotspot/share/classfile/systemDictionary.cpp, line 231]

Events (20 events):
Event: 21.648 loading class com/android/build/gradle/internal/tasks/BundleToApkTask$CreationAction
Event: 21.648 loading class com/android/build/gradle/internal/tasks/BundleToApkTask$CreationAction done
Event: 21.649 loading class com/android/build/gradle/internal/tasks/BundleToApkTask
Event: 21.649 loading class com/android/build/gradle/internal/tasks/BundleToApkTask done
Event: 21.650 loading class com/android/build/gradle/internal/tasks/BundleToApkTask$CreationAction$handleProvider$1
Event: 21.650 loading class com/android/build/gradle/internal/tasks/BundleToApkTask$CreationAction$handleProvider$1 done
Event: 21.651 loading class com/android/build/gradle/internal/tasks/BundleToStandaloneApkTask$CreationAction
Event: 21.651 loading class com/android/build/gradle/internal/tasks/BundleToStandaloneApkTask$CreationAction done
Event: 21.652 loading class com/android/build/gradle/internal/tasks/BundleToStandaloneApkTask
Event: 21.652 loading class com/android/build/gradle/internal/tasks/BundleToStandaloneApkTask done
Event: 21.652 loading class com/android/build/gradle/internal/tasks/BundleToStandaloneApkTask$CreationAction$handleProvider$1
Event: 21.652 loading class com/android/build/gradle/internal/tasks/BundleToStandaloneApkTask$CreationAction$handleProvider$1 done
Event: 21.653 loading class com/android/build/gradle/internal/scope/InternalArtifactType$UNIVERSAL_APK
Event: 21.653 loading class com/android/build/gradle/internal/scope/InternalArtifactType$UNIVERSAL_APK done
Event: 21.653 loading class com/android/build/gradle/internal/tasks/ExtractApksTask$CreationAction
Event: 21.653 loading class com/android/build/gradle/internal/tasks/ExtractApksTask$CreationAction done
Event: 21.654 loading class com/android/build/gradle/internal/tasks/ExtractApksTask
Event: 21.654 loading class com/android/build/gradle/internal/tasks/ExtractApksTask done
Event: 21.656 loading class com/android/build/gradle/internal/tasks/ExtractApksTask$CreationAction$handleProvider$1
Event: 21.656 loading class com/android/build/gradle/internal/tasks/ExtractApksTask$CreationAction$handleProvider$1 done


Dynamic libraries:
0x00007ff6a0e30000 - 0x00007ff6a0e3a000 	C:\Program Files\Android\Android Studio\jre\bin\java.exe
0x00007ffe02f40000 - 0x00007ffe03149000 	C:\WINDOWS\SYSTEM32\ntdll.dll
0x00007ffe014e0000 - 0x00007ffe0159e000 	C:\WINDOWS\System32\KERNEL32.DLL
0x00007ffe006e0000 - 0x00007ffe00a5b000 	C:\WINDOWS\System32\KERNELBASE.dll
0x00007ffe00ca0000 - 0x00007ffe00db1000 	C:\WINDOWS\System32\ucrtbase.dll
0x00007ffde31b0000 - 0x00007ffde31c9000 	C:\Program Files\Android\Android Studio\jre\bin\jli.dll
0x00007ffde0960000 - 0x00007ffde0977000 	C:\Program Files\Android\Android Studio\jre\bin\VCRUNTIME140.dll
0x00007ffe011e0000 - 0x00007ffe0138d000 	C:\WINDOWS\System32\USER32.dll
0x00007ffdff620000 - 0x00007ffdff8c5000 	C:\WINDOWS\WinSxS\amd64_microsoft.windows.common-controls_6595b64144ccf1df_6.0.22000.120_none_9d947278b86cc467\COMCTL32.dll
0x00007ffe00410000 - 0x00007ffe00436000 	C:\WINDOWS\System32\win32u.dll
0x00007ffe02050000 - 0x00007ffe020f3000 	C:\WINDOWS\System32\msvcrt.dll
0x00007ffe00dc0000 - 0x00007ffe00de9000 	C:\WINDOWS\System32\GDI32.dll
0x00007ffe00a60000 - 0x00007ffe00b78000 	C:\WINDOWS\System32\gdi32full.dll
0x00007ffe00b80000 - 0x00007ffe00c1d000 	C:\WINDOWS\System32\msvcp_win.dll
0x00007ffe011a0000 - 0x00007ffe011d2000 	C:\WINDOWS\System32\IMM32.DLL
0x00007ffdbd740000 - 0x00007ffdbd7dd000 	C:\Program Files\Android\Android Studio\jre\bin\msvcp140.dll
0x00007ffd81cc0000 - 0x00007ffd827c2000 	C:\Program Files\Android\Android Studio\jre\bin\server\jvm.dll
0x00007ffe02de0000 - 0x00007ffe02e8e000 	C:\WINDOWS\System32\ADVAPI32.dll
0x00007ffe010e0000 - 0x00007ffe0117e000 	C:\WINDOWS\System32\sechost.dll
0x00007ffe01c30000 - 0x00007ffe01d50000 	C:\WINDOWS\System32\RPCRT4.dll
0x00007ffe02e90000 - 0x00007ffe02e98000 	C:\WINDOWS\System32\PSAPI.DLL
0x00007ffdf7b10000 - 0x00007ffdf7b43000 	C:\WINDOWS\SYSTEM32\WINMM.dll
0x00007ffde9050000 - 0x00007ffde9059000 	C:\WINDOWS\SYSTEM32\WSOCK32.dll
0x00007ffdfb520000 - 0x00007ffdfb52a000 	C:\WINDOWS\SYSTEM32\VERSION.dll
0x00007ffe01070000 - 0x00007ffe010df000 	C:\WINDOWS\System32\WS2_32.dll
0x00007ffdfe6b0000 - 0x00007ffdfe6c8000 	C:\WINDOWS\SYSTEM32\kernel.appcore.dll
0x00007ffdf8650000 - 0x00007ffdf8661000 	C:\Program Files\Android\Android Studio\jre\bin\verify.dll
0x00007ffdffcc0000 - 0x00007ffdffee1000 	C:\WINDOWS\SYSTEM32\DBGHELP.DLL
0x00007ffdffb90000 - 0x00007ffdffbc1000 	C:\WINDOWS\SYSTEM32\dbgcore.DLL
0x00007ffe00c20000 - 0x00007ffe00c9f000 	C:\WINDOWS\System32\bcryptPrimitives.dll
0x00007ffdede80000 - 0x00007ffdedea9000 	C:\Program Files\Android\Android Studio\jre\bin\java.dll
0x00007ffdfe850000 - 0x00007ffdfe85b000 	C:\Program Files\Android\Android Studio\jre\bin\jimage.dll
0x00007ffdee3f0000 - 0x00007ffdee408000 	C:\Program Files\Android\Android Studio\jre\bin\zip.dll
0x00007ffe02620000 - 0x00007ffe02dd7000 	C:\WINDOWS\System32\SHELL32.dll
0x00007ffdfd600000 - 0x00007ffdfde65000 	C:\WINDOWS\SYSTEM32\windows.storage.dll
0x00007ffe022a0000 - 0x00007ffe02618000 	C:\WINDOWS\System32\combase.dll
0x00007ffdfd490000 - 0x00007ffdfd5f6000 	C:\WINDOWS\SYSTEM32\wintypes.dll
0x00007ffe013f0000 - 0x00007ffe014da000 	C:\WINDOWS\System32\SHCORE.dll
0x00007ffe01390000 - 0x00007ffe013ed000 	C:\WINDOWS\System32\shlwapi.dll
0x00007ffe00340000 - 0x00007ffe00361000 	C:\WINDOWS\SYSTEM32\profapi.dll
0x00007ffdedd90000 - 0x00007ffdeddaa000 	C:\Program Files\Android\Android Studio\jre\bin\net.dll
0x00007ffdf6110000 - 0x00007ffdf6224000 	C:\WINDOWS\SYSTEM32\WINHTTP.dll
0x00007ffdff240000 - 0x00007ffdff2a7000 	C:\WINDOWS\system32\mswsock.dll
0x00007ffded460000 - 0x00007ffded474000 	C:\Program Files\Android\Android Studio\jre\bin\nio.dll
0x00007ffded3c0000 - 0x00007ffded3e7000 	C:\Users\Padma\.gradle\native\e1d6ef7f7dcc3fd88c89a11ec53ec762bb8ba0a96d01ffa2cd45eb1d1d8dd5c5\windows-amd64\native-platform.dll
0x00007ffd8a410000 - 0x00007ffd8a554000 	C:\Users\Padma\.gradle\native\0d407fdbe67a94daf76414ababcb853783967236a71b16ec16e742cd7a986fd3\windows-amd64\native-platform-file-events.dll
0x00007ffdfbed0000 - 0x00007ffdfbeda000 	C:\Program Files\Android\Android Studio\jre\bin\management.dll
0x00007ffdfaed0000 - 0x00007ffdfaedd000 	C:\Program Files\Android\Android Studio\jre\bin\management_ext.dll
0x00007ffdfffd0000 - 0x00007ffdfffe8000 	C:\WINDOWS\SYSTEM32\CRYPTSP.dll
0x00007ffdfe4f0000 - 0x00007ffdfe525000 	C:\WINDOWS\system32\rsaenh.dll
0x00007ffdff4c0000 - 0x00007ffdff4e9000 	C:\WINDOWS\SYSTEM32\USERENV.dll
0x00007ffdffc50000 - 0x00007ffdffc77000 	C:\WINDOWS\SYSTEM32\bcrypt.dll
0x00007ffdff4f0000 - 0x00007ffdff4fc000 	C:\WINDOWS\SYSTEM32\CRYPTBASE.dll
0x00007ffdfe0c0000 - 0x00007ffdfe0ed000 	C:\WINDOWS\SYSTEM32\IPHLPAPI.DLL
0x00007ffe01b30000 - 0x00007ffe01b39000 	C:\WINDOWS\System32\NSI.dll
0x00007ffdf60f0000 - 0x00007ffdf6109000 	C:\WINDOWS\SYSTEM32\dhcpcsvc6.DLL
0x00007ffdf6590000 - 0x00007ffdf65ae000 	C:\WINDOWS\SYSTEM32\dhcpcsvc.DLL
0x00007ffdfe0f0000 - 0x00007ffdfe1d8000 	C:\WINDOWS\SYSTEM32\DNSAPI.dll

dbghelp: loaded successfully - version: 4.0.5 - missing functions: none
symbol engine: initialized successfully - sym options: 0x614 - pdb path: .;C:\Program Files\Android\Android Studio\jre\bin;C:\WINDOWS\SYSTEM32;C:\WINDOWS\WinSxS\amd64_microsoft.windows.common-controls_6595b64144ccf1df_6.0.22000.120_none_9d947278b86cc467;C:\Program Files\Android\Android Studio\jre\bin\server;C:\Users\Padma\.gradle\native\e1d6ef7f7dcc3fd88c89a11ec53ec762bb8ba0a96d01ffa2cd45eb1d1d8dd5c5\windows-amd64;C:\Users\Padma\.gradle\native\0d407fdbe67a94daf76414ababcb853783967236a71b16ec16e742cd7a986fd3\windows-amd64

VM Arguments:
jvm_args: --add-opens=java.base/java.util=ALL-UNNAMED --add-opens=java.base/java.lang=ALL-UNNAMED --add-opens=java.base/java.lang.invoke=ALL-UNNAMED --add-opens=java.base/java.util=ALL-UNNAMED --add-opens=java.prefs/java.util.prefs=ALL-UNNAMED --add-opens=java.prefs/java.util.prefs=ALL-UNNAMED --add-opens=java.base/java.nio.charset=ALL-UNNAMED --add-opens=java.base/java.net=ALL-UNNAMED --add-opens=java.base/java.util.concurrent.atomic=ALL-UNNAMED -Xmx2048m -Dfile.encoding=UTF-8 -Duser.country=CA -Duser.language=en -Duser.variant 
java_command: org.gradle.launcher.daemon.bootstrap.GradleDaemon 7.4
java_class_path (initial): C:\Users\Padma\.gradle\wrapper\dists\gradle-7.4-bin\c0gwcg53nkjbqw7r0h0umtfvt\gradle-7.4\lib\gradle-launcher-7.4.jar
Launcher Type: SUN_STANDARD

[Global flags]
     intx CICompilerCount                          = 4                                         {product} {ergonomic}
     uint ConcGCThreads                            = 2                                         {product} {ergonomic}
     uint G1ConcRefinementThreads                  = 8                                         {product} {ergonomic}
   size_t G1HeapRegionSize                         = 1048576                                   {product} {ergonomic}
    uintx GCDrainStackTargetSize                   = 64                                        {product} {ergonomic}
   size_t InitialHeapSize                          = 201326592                                 {product} {ergonomic}
   size_t MarkStackSize                            = 4194304                                   {product} {ergonomic}
   size_t MaxHeapSize                              = 2147483648                                {product} {command line}
   size_t MaxNewSize                               = 1287651328                                {product} {ergonomic}
   size_t MinHeapDeltaBytes                        = 1048576                                   {product} {ergonomic}
    uintx NonNMethodCodeHeapSize                   = 5836300                                {pd product} {ergonomic}
    uintx NonProfiledCodeHeapSize                  = 122910970                              {pd product} {ergonomic}
    uintx ProfiledCodeHeapSize                     = 122910970                              {pd product} {ergonomic}
    uintx ReservedCodeCacheSize                    = 251658240                              {pd product} {ergonomic}
     bool SegmentedCodeCache                       = true                                      {product} {ergonomic}
     bool UseCompressedClassPointers               = true                                 {lp64_product} {ergonomic}
     bool UseCompressedOops                        = true                                 {lp64_product} {ergonomic}
     bool UseG1GC                                  = true                                      {product} {ergonomic}
     bool UseLargePagesIndividualAllocation        = false                                  {pd product} {ergonomic}

Logging:
Log output configuration:
 #0: stdout all=warning uptime,level,tags
 #1: stderr all=off uptime,level,tags

Environment Variables:
JAVA_HOME=C:\Program Files\Amazon Corretto\jdk11.0.15_9
PATH=C:\Program Files\Common Files\Oracle\Java\javapath;E:\app\Padma\product\12.1.0\dbhome_1\bin;C:\Program Files (x86)\VMware\VMware Workstation\bin\;C:\Program Files\Amazon Corretto\jdk11.0.15_9\bin;C:\Program Files (x86)\Python38-32\Scripts\;C:\Program Files (x86)\Python38-32\;C:\WINDOWS\system32;C:\WINDOWS;C:\WINDOWS\System32\Wbem;C:\WINDOWS\System32\WindowsPowerShell\v1.0\;C:\WINDOWS\System32\OpenSSH\;C:\Program Files\Intel\WiFi\bin\;C:\Program Files\Common Files\Intel\WirelessCommon\;C:\Program Files (x86)\Intel\Intel(R) Management Engine Components\DAL;C:\Program Files\Intel\Intel(R) Management Engine Components\DAL;C:\Program Files\dotnet\;C:\Program Files\Microsoft SQL Server\Client SDK\ODBC\170\Tools\Binn\;C:\Program Files (x86)\Microsoft SQL Server\150\Tools\Binn\;C:\Program Files\Microsoft SQL Server\150\Tools\Binn\;C:\Program Files\Microsoft SQL Server\150\DTS\Binn\;C:\Program Files\Azure Data Studio\bin;C:\Program Files (x86)\Microsoft SQL Server\150\DTS\Binn\;C:\Program Files\Git\cmd;C:\Program Files\MySQL\MySQL Shell 8.0\bin\;C:\Users\Padma\AppData\Local\Microsoft\WindowsApps;C:\Users\Padma\AppData\Local\Programs\Microsoft VS Code\bin;C:\Program Files\Azure Data Studio\bin;
USERNAME=Padma
OS=Windows_NT
PROCESSOR_IDENTIFIER=Intel64 Family 6 Model 142 Stepping 10, GenuineIntel



---------------  S Y S T E M  ---------------

OS: Windows 11 , 64 bit Build 22000 (10.0.22000.1335)
OS uptime: 3 days 3:23 hours
Hyper-V role detected

CPU:total 8 (initial active 8) (4 cores per cpu, 2 threads per core) family 6 model 142 stepping 10 microcode 0xf0, cmov, cx8, fxsr, mmx, sse, sse2, sse3, ssse3, sse4.1, sse4.2, popcnt, avx, avx2, aes, clmul, erms, 3dnowpref, lzcnt, ht, tsc, tscinvbit, bmi1, bmi2, adx, fma

Memory: 4k page, system-wide physical 12185M (1376M free)
TotalPageFile size 16283M (AvailPageFile size 6M)
current process WorkingSet (physical memory assigned to process): 392M, peak: 392M
current process commit charge ("private bytes"): 449M, peak: 451M

vm_info: OpenJDK 64-Bit Server VM (11.0.13+0-b1751.21-8125866) for windows-amd64 JRE (11.0.13+0-b1751.21-8125866), built on Feb  2 2022 03:00:22 by "builder" with MS VC++ 14.0 (VS2015)

END.
