#
# There is insufficient memory for the Java Runtime Environment to continue.
# Native memory allocation (malloc) failed to allocate 327856 bytes for Chunk::new
# Possible reasons:
#   The system is out of physical RAM or swap space
#   The process is running with CompressedOops enabled, and the Java Heap may be blocking the growth of the native heap
# Possible solutions:
#   Reduce memory load on the system
#   Increase physical memory or swap space
#   Check if swap backing store is full
#   Decrease Java heap size (-Xmx/-Xms)
#   Decrease number of Java threads
#   Decrease Java thread stack sizes (-Xss)
#   Set larger code cache with -XX:ReservedCodeCacheSize=
#   JVM is running with Unscaled Compressed Oops mode in which the Java heap is
#     placed in the first 4GB address space. The Java Heap base address is the
#     maximum limit for the native heap growth. Please use -XX:HeapBaseMinAddress
#     to set the Java Heap base and to place the Java Heap above 4GB virtual address.
# This output file may be truncated or incomplete.
#
#  Out of Memory Error (./src/hotspot/share/memory/arena.cpp:197), pid=19284, tid=16548
#
# JRE version: OpenJDK Runtime Environment (11.0.13) (build 11.0.13+0-b1751.21-8125866)
# Java VM: OpenJDK 64-Bit Server VM (11.0.13+0-b1751.21-8125866, mixed mode, tiered, compressed oops, g1 gc, windows-amd64)
# No core dump will be written. Minidumps are not enabled by default on client versions of Windows
#

---------------  S U M M A R Y ------------

Command Line: --add-opens=java.base/java.util=ALL-UNNAMED --add-opens=java.base/java.lang=ALL-UNNAMED --add-opens=java.base/java.lang.invoke=ALL-UNNAMED --add-opens=java.base/java.util=ALL-UNNAMED --add-opens=java.prefs/java.util.prefs=ALL-UNNAMED --add-opens=java.prefs/java.util.prefs=ALL-UNNAMED --add-opens=java.base/java.nio.charset=ALL-UNNAMED --add-opens=java.base/java.net=ALL-UNNAMED --add-opens=java.base/java.util.concurrent.atomic=ALL-UNNAMED -Xmx2048m -Dfile.encoding=UTF-8 -Duser.country=CA -Duser.language=en -Duser.variant org.gradle.launcher.daemon.bootstrap.GradleDaemon 7.4

Host: Intel(R) Core(TM) i7-8550U CPU @ 1.80GHz, 8 cores, 11G,  Windows 11 , 64 bit Build 22000 (10.0.22000.1335)
Time: Tue Jan 17 20:27:36 2023 Eastern Standard Time elapsed time: 3.393226 seconds (0d 0h 0m 3s)

---------------  T H R E A D  ---------------

Current thread (0x0000029235604000):  JavaThread "C2 CompilerThread0" daemon [_thread_in_native, id=16548, stack(0x000000aa06800000,0x000000aa06900000)]


Current CompileTask:
C2:   3393 1720       4       java.io.DataInputStream::readUTF (501 bytes)

Stack: [0x000000aa06800000,0x000000aa06900000]
Native frames: (J=compiled Java code, j=interpreted, Vv=VM code, C=native code)
V  [jvm.dll+0x6100fa]
V  [jvm.dll+0x747090]
V  [jvm.dll+0x7486ad]
V  [jvm.dll+0x748d83]
V  [jvm.dll+0x24ab48]
V  [jvm.dll+0xc04dc]
V  [jvm.dll+0xc0a0c]
V  [jvm.dll+0x35eb5b]
V  [jvm.dll+0x32b833]
V  [jvm.dll+0x32ad2a]
V  [jvm.dll+0x2032b2]
V  [jvm.dll+0x202437]
V  [jvm.dll+0x188e01]
V  [jvm.dll+0x21106b]
V  [jvm.dll+0x20f8c1]
V  [jvm.dll+0x70de0f]
V  [jvm.dll+0x706a75]
V  [jvm.dll+0x60ed66]
C  [ucrtbase.dll+0x26c0c]
C  [KERNEL32.DLL+0x155a0]
C  [ntdll.dll+0x485b]


---------------  P R O C E S S  ---------------

Threads class SMR info:
_java_thread_list=0x0000029237f99560, length=20, elements={
0x000002921a8c4800, 0x0000029234d80800, 0x0000029234d83800, 0x00000292355f7800,
0x00000292355fa000, 0x00000292355fb000, 0x0000029235604000, 0x0000029235608800,
0x000002923560e800, 0x0000029235762800, 0x0000029238d65800, 0x0000029235958800,
0x00000292375de800, 0x000002923843e800, 0x0000029235e09800, 0x0000029236718800,
0x0000029237498800, 0x0000029238946800, 0x0000029236715800, 0x0000029238640800
}

Java Threads: ( => current thread )
  0x000002921a8c4800 JavaThread "main" [_thread_blocked, id=14828, stack(0x000000aa05c00000,0x000000aa05d00000)]
  0x0000029234d80800 JavaThread "Reference Handler" daemon [_thread_blocked, id=17484, stack(0x000000aa06300000,0x000000aa06400000)]
  0x0000029234d83800 JavaThread "Finalizer" daemon [_thread_blocked, id=1460, stack(0x000000aa06400000,0x000000aa06500000)]
  0x00000292355f7800 JavaThread "Signal Dispatcher" daemon [_thread_blocked, id=8556, stack(0x000000aa06500000,0x000000aa06600000)]
  0x00000292355fa000 JavaThread "Attach Listener" daemon [_thread_blocked, id=1512, stack(0x000000aa06600000,0x000000aa06700000)]
  0x00000292355fb000 JavaThread "Service Thread" daemon [_thread_blocked, id=2540, stack(0x000000aa06700000,0x000000aa06800000)]
=>0x0000029235604000 JavaThread "C2 CompilerThread0" daemon [_thread_in_native, id=16548, stack(0x000000aa06800000,0x000000aa06900000)]
  0x0000029235608800 JavaThread "C1 CompilerThread0" daemon [_thread_blocked, id=14260, stack(0x000000aa06900000,0x000000aa06a00000)]
  0x000002923560e800 JavaThread "Sweeper thread" daemon [_thread_blocked, id=17548, stack(0x000000aa06a00000,0x000000aa06b00000)]
  0x0000029235762800 JavaThread "Common-Cleaner" daemon [_thread_blocked, id=16336, stack(0x000000aa06b00000,0x000000aa06c00000)]
  0x0000029238d65800 JavaThread "Daemon health stats" [_thread_blocked, id=9784, stack(0x000000aa07200000,0x000000aa07300000)]
  0x0000029235958800 JavaThread "Incoming local TCP Connector on port 63681" [_thread_in_native, id=19132, stack(0x000000aa06d00000,0x000000aa06e00000)]
  0x00000292375de800 JavaThread "Daemon periodic checks" [_thread_blocked, id=12416, stack(0x000000aa06e00000,0x000000aa06f00000)]
  0x000002923843e800 JavaThread "Daemon" [_thread_blocked, id=3640, stack(0x000000aa07300000,0x000000aa07400000)]
  0x0000029235e09800 JavaThread "Handler for socket connection from /127.0.0.1:63681 to /127.0.0.1:63682" [_thread_in_native, id=8788, stack(0x000000aa07400000,0x000000aa07500000)]
  0x0000029236718800 JavaThread "Cancel handler" [_thread_blocked, id=9908, stack(0x000000aa07500000,0x000000aa07600000)]
  0x0000029237498800 JavaThread "Daemon worker" [_thread_in_vm, id=10544, stack(0x000000aa07600000,0x000000aa07700000)]
  0x0000029238946800 JavaThread "Asynchronous log dispatcher for DefaultDaemonConnection: socket connection from /127.0.0.1:63681 to /127.0.0.1:63682" [_thread_blocked, id=19276, stack(0x000000aa07700000,0x000000aa07800000)]
  0x0000029236715800 JavaThread "Stdin handler" [_thread_blocked, id=4892, stack(0x000000aa07800000,0x000000aa07900000)]
  0x0000029238640800 JavaThread "Daemon client event forwarder" [_thread_blocked, id=11312, stack(0x000000aa07900000,0x000000aa07a00000)]

Other Threads:
  0x0000029234d6e000 VMThread "VM Thread" [stack: 0x000000aa06200000,0x000000aa06300000] [id=12364]
  0x0000029235773800 WatcherThread [stack: 0x000000aa06c00000,0x000000aa06d00000] [id=17476]
  0x000002921a8dd800 GCTaskThread "GC Thread#0" [stack: 0x000000aa05d00000,0x000000aa05e00000] [id=3284]
  0x000002923641e800 GCTaskThread "GC Thread#1" [stack: 0x000000aa06f00000,0x000000aa07000000] [id=21200]
  0x000002923606c800 GCTaskThread "GC Thread#2" [stack: 0x000000aa07000000,0x000000aa07100000] [id=15144]
  0x0000029235acf800 GCTaskThread "GC Thread#3" [stack: 0x000000aa07100000,0x000000aa07200000] [id=13484]
  0x000002921a90e000 ConcurrentGCThread "G1 Main Marker" [stack: 0x000000aa05e00000,0x000000aa05f00000] [id=7304]
  0x000002921a910000 ConcurrentGCThread "G1 Conc#0" [stack: 0x000000aa05f00000,0x000000aa06000000] [id=3700]
  0x000002921a99e000 ConcurrentGCThread "G1 Refine#0" [stack: 0x000000aa06000000,0x000000aa06100000] [id=19044]
  0x0000029234bde800 ConcurrentGCThread "G1 Young RemSet Sampling" [stack: 0x000000aa06100000,0x000000aa06200000] [id=16476]

Threads with active compile tasks:
C2 CompilerThread0   3419 1720       4       java.io.DataInputStream::readUTF (501 bytes)
C1 CompilerThread0   3419 1753       3       java.lang.NamedPackage::<init> (59 bytes)

VM state:not at safepoint (normal execution)

VM Mutex/Monitor currently owned by a thread: None

Heap address: 0x0000000080000000, size: 2048 MB, Compressed Oops mode: 32-bit
Narrow klass base: 0x0000000000000000, Narrow klass shift: 3
Compressed class space size: 1073741824 Address: 0x0000000100000000

Heap:
 garbage-first heap   total 196608K, used 79918K [0x0000000080000000, 0x0000000100000000)
  region size 1024K, 73 young (74752K), 3 survivors (3072K)
 Metaspace       used 17079K, capacity 17433K, committed 17792K, reserved 1064960K
  class space    used 1957K, capacity 2069K, committed 2176K, reserved 1048576K
Heap Regions: E=young(eden), S=young(survivor), O=old, HS=humongous(starts), HC=humongous(continues), CS=collection set, F=free, A=archive, TAMS=top-at-mark-start (previous, next)
|   0|0x0000000080000000, 0x0000000080100000, 0x0000000080100000|100%|HS|  |TAMS 0x0000000080000000, 0x0000000080000000| Complete 
|   1|0x0000000080100000, 0x0000000080100000, 0x0000000080200000|  0%| F|  |TAMS 0x0000000080100000, 0x0000000080100000| Untracked 
|   2|0x0000000080200000, 0x0000000080200000, 0x0000000080300000|  0%| F|  |TAMS 0x0000000080200000, 0x0000000080200000| Untracked 
|   3|0x0000000080300000, 0x0000000080400000, 0x0000000080400000|100%|HS|  |TAMS 0x0000000080300000, 0x0000000080300000| Complete 
|   4|0x0000000080400000, 0x0000000080500000, 0x0000000080500000|100%|HC|  |TAMS 0x0000000080400000, 0x0000000080400000| Complete 
|   5|0x0000000080500000, 0x0000000080600000, 0x0000000080600000|100%|HC|  |TAMS 0x0000000080500000, 0x0000000080500000| Complete 
|   6|0x0000000080600000, 0x0000000080700000, 0x0000000080700000|100%| O|  |TAMS 0x0000000080600000, 0x0000000080600000| Untracked 
|   7|0x0000000080700000, 0x0000000080800000, 0x0000000080800000|100%| O|  |TAMS 0x0000000080700000, 0x0000000080700000| Untracked 
|   8|0x0000000080800000, 0x0000000080900000, 0x0000000080900000|100%| O|  |TAMS 0x0000000080800000, 0x0000000080800000| Untracked 
|   9|0x0000000080900000, 0x000000008090ba00, 0x0000000080a00000|  4%| O|  |TAMS 0x0000000080900000, 0x0000000080900000| Untracked 
|  10|0x0000000080a00000, 0x0000000080a00000, 0x0000000080b00000|  0%| F|  |TAMS 0x0000000080a00000, 0x0000000080a00000| Untracked 
|  11|0x0000000080b00000, 0x0000000080b00000, 0x0000000080c00000|  0%| F|  |TAMS 0x0000000080b00000, 0x0000000080b00000| Untracked 
|  12|0x0000000080c00000, 0x0000000080c00000, 0x0000000080d00000|  0%| F|  |TAMS 0x0000000080c00000, 0x0000000080c00000| Untracked 
|  13|0x0000000080d00000, 0x0000000080d00000, 0x0000000080e00000|  0%| F|  |TAMS 0x0000000080d00000, 0x0000000080d00000| Untracked 
|  14|0x0000000080e00000, 0x0000000080e00000, 0x0000000080f00000|  0%| F|  |TAMS 0x0000000080e00000, 0x0000000080e00000| Untracked 
|  15|0x0000000080f00000, 0x0000000080f00000, 0x0000000081000000|  0%| F|  |TAMS 0x0000000080f00000, 0x0000000080f00000| Untracked 
|  16|0x0000000081000000, 0x0000000081000000, 0x0000000081100000|  0%| F|  |TAMS 0x0000000081000000, 0x0000000081000000| Untracked 
|  17|0x0000000081100000, 0x0000000081100000, 0x0000000081200000|  0%| F|  |TAMS 0x0000000081100000, 0x0000000081100000| Untracked 
|  18|0x0000000081200000, 0x0000000081200000, 0x0000000081300000|  0%| F|  |TAMS 0x0000000081200000, 0x0000000081200000| Untracked 
|  19|0x0000000081300000, 0x0000000081300000, 0x0000000081400000|  0%| F|  |TAMS 0x0000000081300000, 0x0000000081300000| Untracked 
|  20|0x0000000081400000, 0x0000000081400000, 0x0000000081500000|  0%| F|  |TAMS 0x0000000081400000, 0x0000000081400000| Untracked 
|  21|0x0000000081500000, 0x0000000081500000, 0x0000000081600000|  0%| F|  |TAMS 0x0000000081500000, 0x0000000081500000| Untracked 
|  22|0x0000000081600000, 0x0000000081600000, 0x0000000081700000|  0%| F|  |TAMS 0x0000000081600000, 0x0000000081600000| Untracked 
|  23|0x0000000081700000, 0x0000000081700000, 0x0000000081800000|  0%| F|  |TAMS 0x0000000081700000, 0x0000000081700000| Untracked 
|  24|0x0000000081800000, 0x0000000081800000, 0x0000000081900000|  0%| F|  |TAMS 0x0000000081800000, 0x0000000081800000| Untracked 
|  25|0x0000000081900000, 0x0000000081900000, 0x0000000081a00000|  0%| F|  |TAMS 0x0000000081900000, 0x0000000081900000| Untracked 
|  26|0x0000000081a00000, 0x0000000081a00000, 0x0000000081b00000|  0%| F|  |TAMS 0x0000000081a00000, 0x0000000081a00000| Untracked 
|  27|0x0000000081b00000, 0x0000000081b00000, 0x0000000081c00000|  0%| F|  |TAMS 0x0000000081b00000, 0x0000000081b00000| Untracked 
|  28|0x0000000081c00000, 0x0000000081c00000, 0x0000000081d00000|  0%| F|  |TAMS 0x0000000081c00000, 0x0000000081c00000| Untracked 
|  29|0x0000000081d00000, 0x0000000081d00000, 0x0000000081e00000|  0%| F|  |TAMS 0x0000000081d00000, 0x0000000081d00000| Untracked 
|  30|0x0000000081e00000, 0x0000000081e00000, 0x0000000081f00000|  0%| F|  |TAMS 0x0000000081e00000, 0x0000000081e00000| Untracked 
|  31|0x0000000081f00000, 0x0000000081f00000, 0x0000000082000000|  0%| F|  |TAMS 0x0000000081f00000, 0x0000000081f00000| Untracked 
|  32|0x0000000082000000, 0x0000000082000000, 0x0000000082100000|  0%| F|  |TAMS 0x0000000082000000, 0x0000000082000000| Untracked 
|  33|0x0000000082100000, 0x0000000082100000, 0x0000000082200000|  0%| F|  |TAMS 0x0000000082100000, 0x0000000082100000| Untracked 
|  34|0x0000000082200000, 0x0000000082200000, 0x0000000082300000|  0%| F|  |TAMS 0x0000000082200000, 0x0000000082200000| Untracked 
|  35|0x0000000082300000, 0x0000000082300000, 0x0000000082400000|  0%| F|  |TAMS 0x0000000082300000, 0x0000000082300000| Untracked 
|  36|0x0000000082400000, 0x0000000082400000, 0x0000000082500000|  0%| F|  |TAMS 0x0000000082400000, 0x0000000082400000| Untracked 
|  37|0x0000000082500000, 0x0000000082500000, 0x0000000082600000|  0%| F|  |TAMS 0x0000000082500000, 0x0000000082500000| Untracked 
|  38|0x0000000082600000, 0x0000000082600000, 0x0000000082700000|  0%| F|  |TAMS 0x0000000082600000, 0x0000000082600000| Untracked 
|  39|0x0000000082700000, 0x0000000082700000, 0x0000000082800000|  0%| F|  |TAMS 0x0000000082700000, 0x0000000082700000| Untracked 
|  40|0x0000000082800000, 0x0000000082800000, 0x0000000082900000|  0%| F|  |TAMS 0x0000000082800000, 0x0000000082800000| Untracked 
|  41|0x0000000082900000, 0x0000000082900000, 0x0000000082a00000|  0%| F|  |TAMS 0x0000000082900000, 0x0000000082900000| Untracked 
|  42|0x0000000082a00000, 0x0000000082a00000, 0x0000000082b00000|  0%| F|  |TAMS 0x0000000082a00000, 0x0000000082a00000| Untracked 
|  43|0x0000000082b00000, 0x0000000082b00000, 0x0000000082c00000|  0%| F|  |TAMS 0x0000000082b00000, 0x0000000082b00000| Untracked 
|  44|0x0000000082c00000, 0x0000000082c00000, 0x0000000082d00000|  0%| F|  |TAMS 0x0000000082c00000, 0x0000000082c00000| Untracked 
|  45|0x0000000082d00000, 0x0000000082d00000, 0x0000000082e00000|  0%| F|  |TAMS 0x0000000082d00000, 0x0000000082d00000| Untracked 
|  46|0x0000000082e00000, 0x0000000082e00000, 0x0000000082f00000|  0%| F|  |TAMS 0x0000000082e00000, 0x0000000082e00000| Untracked 
|  47|0x0000000082f00000, 0x0000000082f00000, 0x0000000083000000|  0%| F|  |TAMS 0x0000000082f00000, 0x0000000082f00000| Untracked 
|  48|0x0000000083000000, 0x0000000083000000, 0x0000000083100000|  0%| F|  |TAMS 0x0000000083000000, 0x0000000083000000| Untracked 
|  49|0x0000000083100000, 0x0000000083100000, 0x0000000083200000|  0%| F|  |TAMS 0x0000000083100000, 0x0000000083100000| Untracked 
|  50|0x0000000083200000, 0x0000000083200000, 0x0000000083300000|  0%| F|  |TAMS 0x0000000083200000, 0x0000000083200000| Untracked 
|  51|0x0000000083300000, 0x0000000083300000, 0x0000000083400000|  0%| F|  |TAMS 0x0000000083300000, 0x0000000083300000| Untracked 
|  52|0x0000000083400000, 0x0000000083400000, 0x0000000083500000|  0%| F|  |TAMS 0x0000000083400000, 0x0000000083400000| Untracked 
|  53|0x0000000083500000, 0x0000000083500000, 0x0000000083600000|  0%| F|  |TAMS 0x0000000083500000, 0x0000000083500000| Untracked 
|  54|0x0000000083600000, 0x0000000083600000, 0x0000000083700000|  0%| F|  |TAMS 0x0000000083600000, 0x0000000083600000| Untracked 
|  55|0x0000000083700000, 0x0000000083700000, 0x0000000083800000|  0%| F|  |TAMS 0x0000000083700000, 0x0000000083700000| Untracked 
|  56|0x0000000083800000, 0x0000000083800000, 0x0000000083900000|  0%| F|  |TAMS 0x0000000083800000, 0x0000000083800000| Untracked 
|  57|0x0000000083900000, 0x0000000083900000, 0x0000000083a00000|  0%| F|  |TAMS 0x0000000083900000, 0x0000000083900000| Untracked 
|  58|0x0000000083a00000, 0x0000000083a00000, 0x0000000083b00000|  0%| F|  |TAMS 0x0000000083a00000, 0x0000000083a00000| Untracked 
|  59|0x0000000083b00000, 0x0000000083b00000, 0x0000000083c00000|  0%| F|  |TAMS 0x0000000083b00000, 0x0000000083b00000| Untracked 
|  60|0x0000000083c00000, 0x0000000083c00000, 0x0000000083d00000|  0%| F|  |TAMS 0x0000000083c00000, 0x0000000083c00000| Untracked 
|  61|0x0000000083d00000, 0x0000000083d00000, 0x0000000083e00000|  0%| F|  |TAMS 0x0000000083d00000, 0x0000000083d00000| Untracked 
|  62|0x0000000083e00000, 0x0000000083e00000, 0x0000000083f00000|  0%| F|  |TAMS 0x0000000083e00000, 0x0000000083e00000| Untracked 
|  63|0x0000000083f00000, 0x0000000083f00000, 0x0000000084000000|  0%| F|  |TAMS 0x0000000083f00000, 0x0000000083f00000| Untracked 
|  64|0x0000000084000000, 0x0000000084000000, 0x0000000084100000|  0%| F|  |TAMS 0x0000000084000000, 0x0000000084000000| Untracked 
|  65|0x0000000084100000, 0x0000000084100000, 0x0000000084200000|  0%| F|  |TAMS 0x0000000084100000, 0x0000000084100000| Untracked 
|  66|0x0000000084200000, 0x0000000084200000, 0x0000000084300000|  0%| F|  |TAMS 0x0000000084200000, 0x0000000084200000| Untracked 
|  67|0x0000000084300000, 0x0000000084300000, 0x0000000084400000|  0%| F|  |TAMS 0x0000000084300000, 0x0000000084300000| Untracked 
|  68|0x0000000084400000, 0x0000000084400000, 0x0000000084500000|  0%| F|  |TAMS 0x0000000084400000, 0x0000000084400000| Untracked 
|  69|0x0000000084500000, 0x0000000084500000, 0x0000000084600000|  0%| F|  |TAMS 0x0000000084500000, 0x0000000084500000| Untracked 
|  70|0x0000000084600000, 0x0000000084600000, 0x0000000084700000|  0%| F|  |TAMS 0x0000000084600000, 0x0000000084600000| Untracked 
|  71|0x0000000084700000, 0x0000000084700000, 0x0000000084800000|  0%| F|  |TAMS 0x0000000084700000, 0x0000000084700000| Untracked 
|  72|0x0000000084800000, 0x0000000084800000, 0x0000000084900000|  0%| F|  |TAMS 0x0000000084800000, 0x0000000084800000| Untracked 
|  73|0x0000000084900000, 0x0000000084900000, 0x0000000084a00000|  0%| F|  |TAMS 0x0000000084900000, 0x0000000084900000| Untracked 
|  74|0x0000000084a00000, 0x0000000084a00000, 0x0000000084b00000|  0%| F|  |TAMS 0x0000000084a00000, 0x0000000084a00000| Untracked 
|  75|0x0000000084b00000, 0x0000000084b00000, 0x0000000084c00000|  0%| F|  |TAMS 0x0000000084b00000, 0x0000000084b00000| Untracked 
|  76|0x0000000084c00000, 0x0000000084c00000, 0x0000000084d00000|  0%| F|  |TAMS 0x0000000084c00000, 0x0000000084c00000| Untracked 
|  77|0x0000000084d00000, 0x0000000084d00000, 0x0000000084e00000|  0%| F|  |TAMS 0x0000000084d00000, 0x0000000084d00000| Untracked 
|  78|0x0000000084e00000, 0x0000000084e00000, 0x0000000084f00000|  0%| F|  |TAMS 0x0000000084e00000, 0x0000000084e00000| Untracked 
|  79|0x0000000084f00000, 0x0000000084f00000, 0x0000000085000000|  0%| F|  |TAMS 0x0000000084f00000, 0x0000000084f00000| Untracked 
|  80|0x0000000085000000, 0x0000000085000000, 0x0000000085100000|  0%| F|  |TAMS 0x0000000085000000, 0x0000000085000000| Untracked 
|  81|0x0000000085100000, 0x0000000085100000, 0x0000000085200000|  0%| F|  |TAMS 0x0000000085100000, 0x0000000085100000| Untracked 
|  82|0x0000000085200000, 0x0000000085200000, 0x0000000085300000|  0%| F|  |TAMS 0x0000000085200000, 0x0000000085200000| Untracked 
|  83|0x0000000085300000, 0x0000000085300000, 0x0000000085400000|  0%| F|  |TAMS 0x0000000085300000, 0x0000000085300000| Untracked 
|  84|0x0000000085400000, 0x0000000085400000, 0x0000000085500000|  0%| F|  |TAMS 0x0000000085400000, 0x0000000085400000| Untracked 
|  85|0x0000000085500000, 0x0000000085500000, 0x0000000085600000|  0%| F|  |TAMS 0x0000000085500000, 0x0000000085500000| Untracked 
|  86|0x0000000085600000, 0x0000000085600000, 0x0000000085700000|  0%| F|  |TAMS 0x0000000085600000, 0x0000000085600000| Untracked 
|  87|0x0000000085700000, 0x0000000085700000, 0x0000000085800000|  0%| F|  |TAMS 0x0000000085700000, 0x0000000085700000| Untracked 
|  88|0x0000000085800000, 0x0000000085800000, 0x0000000085900000|  0%| F|  |TAMS 0x0000000085800000, 0x0000000085800000| Untracked 
|  89|0x0000000085900000, 0x0000000085900000, 0x0000000085a00000|  0%| F|  |TAMS 0x0000000085900000, 0x0000000085900000| Untracked 
|  90|0x0000000085a00000, 0x0000000085a00000, 0x0000000085b00000|  0%| F|  |TAMS 0x0000000085a00000, 0x0000000085a00000| Untracked 
|  91|0x0000000085b00000, 0x0000000085b00000, 0x0000000085c00000|  0%| F|  |TAMS 0x0000000085b00000, 0x0000000085b00000| Untracked 
|  92|0x0000000085c00000, 0x0000000085c00000, 0x0000000085d00000|  0%| F|  |TAMS 0x0000000085c00000, 0x0000000085c00000| Untracked 
|  93|0x0000000085d00000, 0x0000000085d00000, 0x0000000085e00000|  0%| F|  |TAMS 0x0000000085d00000, 0x0000000085d00000| Untracked 
|  94|0x0000000085e00000, 0x0000000085e00000, 0x0000000085f00000|  0%| F|  |TAMS 0x0000000085e00000, 0x0000000085e00000| Untracked 
|  95|0x0000000085f00000, 0x0000000085f00000, 0x0000000086000000|  0%| F|  |TAMS 0x0000000085f00000, 0x0000000085f00000| Untracked 
|  96|0x0000000086000000, 0x0000000086000000, 0x0000000086100000|  0%| F|  |TAMS 0x0000000086000000, 0x0000000086000000| Untracked 
|  97|0x0000000086100000, 0x0000000086100000, 0x0000000086200000|  0%| F|  |TAMS 0x0000000086100000, 0x0000000086100000| Untracked 
|  98|0x0000000086200000, 0x0000000086200000, 0x0000000086300000|  0%| F|  |TAMS 0x0000000086200000, 0x0000000086200000| Untracked 
|  99|0x0000000086300000, 0x0000000086300000, 0x0000000086400000|  0%| F|  |TAMS 0x0000000086300000, 0x0000000086300000| Untracked 
| 100|0x0000000086400000, 0x0000000086400000, 0x0000000086500000|  0%| F|  |TAMS 0x0000000086400000, 0x0000000086400000| Untracked 
| 101|0x0000000086500000, 0x0000000086500000, 0x0000000086600000|  0%| F|  |TAMS 0x0000000086500000, 0x0000000086500000| Untracked 
| 102|0x0000000086600000, 0x0000000086600000, 0x0000000086700000|  0%| F|  |TAMS 0x0000000086600000, 0x0000000086600000| Untracked 
| 103|0x0000000086700000, 0x0000000086700000, 0x0000000086800000|  0%| F|  |TAMS 0x0000000086700000, 0x0000000086700000| Untracked 
| 104|0x0000000086800000, 0x0000000086800000, 0x0000000086900000|  0%| F|  |TAMS 0x0000000086800000, 0x0000000086800000| Untracked 
| 105|0x0000000086900000, 0x0000000086900000, 0x0000000086a00000|  0%| F|  |TAMS 0x0000000086900000, 0x0000000086900000| Untracked 
| 106|0x0000000086a00000, 0x0000000086a00000, 0x0000000086b00000|  0%| F|  |TAMS 0x0000000086a00000, 0x0000000086a00000| Untracked 
| 107|0x0000000086b00000, 0x0000000086b00000, 0x0000000086c00000|  0%| F|  |TAMS 0x0000000086b00000, 0x0000000086b00000| Untracked 
| 108|0x0000000086c00000, 0x0000000086c00000, 0x0000000086d00000|  0%| F|  |TAMS 0x0000000086c00000, 0x0000000086c00000| Untracked 
| 109|0x0000000086d00000, 0x0000000086d00000, 0x0000000086e00000|  0%| F|  |TAMS 0x0000000086d00000, 0x0000000086d00000| Untracked 
| 110|0x0000000086e00000, 0x0000000086e00000, 0x0000000086f00000|  0%| F|  |TAMS 0x0000000086e00000, 0x0000000086e00000| Untracked 
| 111|0x0000000086f00000, 0x0000000086f00000, 0x0000000087000000|  0%| F|  |TAMS 0x0000000086f00000, 0x0000000086f00000| Untracked 
| 112|0x0000000087000000, 0x0000000087000000, 0x0000000087100000|  0%| F|  |TAMS 0x0000000087000000, 0x0000000087000000| Untracked 
| 113|0x0000000087100000, 0x0000000087100000, 0x0000000087200000|  0%| F|  |TAMS 0x0000000087100000, 0x0000000087100000| Untracked 
| 114|0x0000000087200000, 0x0000000087200000, 0x0000000087300000|  0%| F|  |TAMS 0x0000000087200000, 0x0000000087200000| Untracked 
| 115|0x0000000087300000, 0x0000000087300000, 0x0000000087400000|  0%| F|  |TAMS 0x0000000087300000, 0x0000000087300000| Untracked 
| 116|0x0000000087400000, 0x0000000087400000, 0x0000000087500000|  0%| F|  |TAMS 0x0000000087400000, 0x0000000087400000| Untracked 
| 117|0x0000000087500000, 0x0000000087500000, 0x0000000087600000|  0%| F|  |TAMS 0x0000000087500000, 0x0000000087500000| Untracked 
| 118|0x0000000087600000, 0x0000000087600000, 0x0000000087700000|  0%| F|  |TAMS 0x0000000087600000, 0x0000000087600000| Untracked 
| 119|0x0000000087700000, 0x00000000877815e0, 0x0000000087800000| 50%| E|  |TAMS 0x0000000087700000, 0x0000000087700000| Complete 
| 120|0x0000000087800000, 0x0000000087900000, 0x0000000087900000|100%| E|CS|TAMS 0x0000000087800000, 0x0000000087800000| Complete 
| 121|0x0000000087900000, 0x0000000087a00000, 0x0000000087a00000|100%| E|CS|TAMS 0x0000000087900000, 0x0000000087900000| Complete 
| 122|0x0000000087a00000, 0x0000000087b00000, 0x0000000087b00000|100%| E|CS|TAMS 0x0000000087a00000, 0x0000000087a00000| Complete 
| 123|0x0000000087b00000, 0x0000000087c00000, 0x0000000087c00000|100%| E|CS|TAMS 0x0000000087b00000, 0x0000000087b00000| Complete 
| 124|0x0000000087c00000, 0x0000000087d00000, 0x0000000087d00000|100%| E|CS|TAMS 0x0000000087c00000, 0x0000000087c00000| Complete 
| 125|0x0000000087d00000, 0x0000000087e00000, 0x0000000087e00000|100%| E|CS|TAMS 0x0000000087d00000, 0x0000000087d00000| Complete 
| 126|0x0000000087e00000, 0x0000000087f00000, 0x0000000087f00000|100%| E|CS|TAMS 0x0000000087e00000, 0x0000000087e00000| Complete 
| 127|0x0000000087f00000, 0x0000000088000000, 0x0000000088000000|100%| E|CS|TAMS 0x0000000087f00000, 0x0000000087f00000| Complete 
| 128|0x0000000088000000, 0x0000000088100000, 0x0000000088100000|100%| E|CS|TAMS 0x0000000088000000, 0x0000000088000000| Complete 
| 129|0x0000000088100000, 0x0000000088200000, 0x0000000088200000|100%| E|CS|TAMS 0x0000000088100000, 0x0000000088100000| Complete 
| 130|0x0000000088200000, 0x0000000088300000, 0x0000000088300000|100%| E|CS|TAMS 0x0000000088200000, 0x0000000088200000| Complete 
| 131|0x0000000088300000, 0x0000000088400000, 0x0000000088400000|100%| E|CS|TAMS 0x0000000088300000, 0x0000000088300000| Complete 
| 132|0x0000000088400000, 0x0000000088500000, 0x0000000088500000|100%| E|CS|TAMS 0x0000000088400000, 0x0000000088400000| Complete 
| 133|0x0000000088500000, 0x0000000088600000, 0x0000000088600000|100%| E|CS|TAMS 0x0000000088500000, 0x0000000088500000| Complete 
| 134|0x0000000088600000, 0x0000000088700000, 0x0000000088700000|100%| E|CS|TAMS 0x0000000088600000, 0x0000000088600000| Complete 
| 135|0x0000000088700000, 0x0000000088800000, 0x0000000088800000|100%| E|CS|TAMS 0x0000000088700000, 0x0000000088700000| Complete 
| 136|0x0000000088800000, 0x0000000088900000, 0x0000000088900000|100%| E|CS|TAMS 0x0000000088800000, 0x0000000088800000| Complete 
| 137|0x0000000088900000, 0x0000000088a00000, 0x0000000088a00000|100%| E|CS|TAMS 0x0000000088900000, 0x0000000088900000| Complete 
| 138|0x0000000088a00000, 0x0000000088b00000, 0x0000000088b00000|100%| E|CS|TAMS 0x0000000088a00000, 0x0000000088a00000| Complete 
| 139|0x0000000088b00000, 0x0000000088c00000, 0x0000000088c00000|100%| E|CS|TAMS 0x0000000088b00000, 0x0000000088b00000| Complete 
| 140|0x0000000088c00000, 0x0000000088d00000, 0x0000000088d00000|100%| E|CS|TAMS 0x0000000088c00000, 0x0000000088c00000| Complete 
| 141|0x0000000088d00000, 0x0000000088e00000, 0x0000000088e00000|100%| E|CS|TAMS 0x0000000088d00000, 0x0000000088d00000| Complete 
| 142|0x0000000088e00000, 0x0000000088f00000, 0x0000000088f00000|100%| E|CS|TAMS 0x0000000088e00000, 0x0000000088e00000| Complete 
| 143|0x0000000088f00000, 0x0000000089000000, 0x0000000089000000|100%| E|CS|TAMS 0x0000000088f00000, 0x0000000088f00000| Complete 
| 144|0x0000000089000000, 0x0000000089100000, 0x0000000089100000|100%| E|CS|TAMS 0x0000000089000000, 0x0000000089000000| Complete 
| 145|0x0000000089100000, 0x0000000089200000, 0x0000000089200000|100%| E|CS|TAMS 0x0000000089100000, 0x0000000089100000| Complete 
| 146|0x0000000089200000, 0x0000000089300000, 0x0000000089300000|100%| E|CS|TAMS 0x0000000089200000, 0x0000000089200000| Complete 
| 147|0x0000000089300000, 0x0000000089400000, 0x0000000089400000|100%| E|CS|TAMS 0x0000000089300000, 0x0000000089300000| Complete 
| 148|0x0000000089400000, 0x0000000089500000, 0x0000000089500000|100%| E|CS|TAMS 0x0000000089400000, 0x0000000089400000| Complete 
| 149|0x0000000089500000, 0x0000000089600000, 0x0000000089600000|100%| E|CS|TAMS 0x0000000089500000, 0x0000000089500000| Complete 
| 150|0x0000000089600000, 0x0000000089700000, 0x0000000089700000|100%| E|CS|TAMS 0x0000000089600000, 0x0000000089600000| Complete 
| 151|0x0000000089700000, 0x0000000089800000, 0x0000000089800000|100%| E|CS|TAMS 0x0000000089700000, 0x0000000089700000| Complete 
| 152|0x0000000089800000, 0x0000000089900000, 0x0000000089900000|100%| E|CS|TAMS 0x0000000089800000, 0x0000000089800000| Complete 
| 153|0x0000000089900000, 0x0000000089a00000, 0x0000000089a00000|100%| E|CS|TAMS 0x0000000089900000, 0x0000000089900000| Complete 
| 154|0x0000000089a00000, 0x0000000089b00000, 0x0000000089b00000|100%| E|CS|TAMS 0x0000000089a00000, 0x0000000089a00000| Complete 
| 155|0x0000000089b00000, 0x0000000089c00000, 0x0000000089c00000|100%| E|CS|TAMS 0x0000000089b00000, 0x0000000089b00000| Complete 
| 156|0x0000000089c00000, 0x0000000089d00000, 0x0000000089d00000|100%| E|CS|TAMS 0x0000000089c00000, 0x0000000089c00000| Complete 
| 157|0x0000000089d00000, 0x0000000089e00000, 0x0000000089e00000|100%| E|CS|TAMS 0x0000000089d00000, 0x0000000089d00000| Complete 
| 158|0x0000000089e00000, 0x0000000089f00000, 0x0000000089f00000|100%| E|  |TAMS 0x0000000089e00000, 0x0000000089e00000| Complete 
| 159|0x0000000089f00000, 0x000000008a000000, 0x000000008a000000|100%| E|CS|TAMS 0x0000000089f00000, 0x0000000089f00000| Complete 
| 160|0x000000008a000000, 0x000000008a100000, 0x000000008a100000|100%| E|CS|TAMS 0x000000008a000000, 0x000000008a000000| Complete 
| 161|0x000000008a100000, 0x000000008a200000, 0x000000008a200000|100%| E|CS|TAMS 0x000000008a100000, 0x000000008a100000| Complete 
| 162|0x000000008a200000, 0x000000008a300000, 0x000000008a300000|100%| E|CS|TAMS 0x000000008a200000, 0x000000008a200000| Complete 
| 163|0x000000008a300000, 0x000000008a400000, 0x000000008a400000|100%| E|CS|TAMS 0x000000008a300000, 0x000000008a300000| Complete 
| 164|0x000000008a400000, 0x000000008a500000, 0x000000008a500000|100%| E|CS|TAMS 0x000000008a400000, 0x000000008a400000| Complete 
| 165|0x000000008a500000, 0x000000008a600000, 0x000000008a600000|100%| S|CS|TAMS 0x000000008a500000, 0x000000008a500000| Complete 
| 166|0x000000008a600000, 0x000000008a700000, 0x000000008a700000|100%| S|CS|TAMS 0x000000008a600000, 0x000000008a600000| Complete 
| 167|0x000000008a700000, 0x000000008a800000, 0x000000008a800000|100%| S|CS|TAMS 0x000000008a700000, 0x000000008a700000| Complete 
| 168|0x000000008a800000, 0x000000008a900000, 0x000000008a900000|100%| E|CS|TAMS 0x000000008a800000, 0x000000008a800000| Complete 
| 169|0x000000008a900000, 0x000000008aa00000, 0x000000008aa00000|100%| E|CS|TAMS 0x000000008a900000, 0x000000008a900000| Complete 
| 170|0x000000008aa00000, 0x000000008ab00000, 0x000000008ab00000|100%| E|CS|TAMS 0x000000008aa00000, 0x000000008aa00000| Complete 
| 171|0x000000008ab00000, 0x000000008ac00000, 0x000000008ac00000|100%| E|CS|TAMS 0x000000008ab00000, 0x000000008ab00000| Complete 
| 172|0x000000008ac00000, 0x000000008ad00000, 0x000000008ad00000|100%| E|CS|TAMS 0x000000008ac00000, 0x000000008ac00000| Complete 
| 173|0x000000008ad00000, 0x000000008ae00000, 0x000000008ae00000|100%| E|CS|TAMS 0x000000008ad00000, 0x000000008ad00000| Complete 
| 174|0x000000008ae00000, 0x000000008af00000, 0x000000008af00000|100%| E|CS|TAMS 0x000000008ae00000, 0x000000008ae00000| Complete 
| 175|0x000000008af00000, 0x000000008b000000, 0x000000008b000000|100%| E|CS|TAMS 0x000000008af00000, 0x000000008af00000| Complete 
| 176|0x000000008b000000, 0x000000008b100000, 0x000000008b100000|100%| E|CS|TAMS 0x000000008b000000, 0x000000008b000000| Complete 
| 177|0x000000008b100000, 0x000000008b200000, 0x000000008b200000|100%| E|CS|TAMS 0x000000008b100000, 0x000000008b100000| Complete 
| 178|0x000000008b200000, 0x000000008b300000, 0x000000008b300000|100%| E|CS|TAMS 0x000000008b200000, 0x000000008b200000| Complete 
| 179|0x000000008b300000, 0x000000008b400000, 0x000000008b400000|100%| E|CS|TAMS 0x000000008b300000, 0x000000008b300000| Complete 
| 180|0x000000008b400000, 0x000000008b500000, 0x000000008b500000|100%| E|CS|TAMS 0x000000008b400000, 0x000000008b400000| Complete 
| 181|0x000000008b500000, 0x000000008b600000, 0x000000008b600000|100%| E|CS|TAMS 0x000000008b500000, 0x000000008b500000| Complete 
| 182|0x000000008b600000, 0x000000008b700000, 0x000000008b700000|100%| E|CS|TAMS 0x000000008b600000, 0x000000008b600000| Complete 
| 183|0x000000008b700000, 0x000000008b800000, 0x000000008b800000|100%| E|CS|TAMS 0x000000008b700000, 0x000000008b700000| Complete 
| 184|0x000000008b800000, 0x000000008b900000, 0x000000008b900000|100%| E|CS|TAMS 0x000000008b800000, 0x000000008b800000| Complete 
| 185|0x000000008b900000, 0x000000008ba00000, 0x000000008ba00000|100%| E|CS|TAMS 0x000000008b900000, 0x000000008b900000| Complete 
| 186|0x000000008ba00000, 0x000000008bb00000, 0x000000008bb00000|100%| E|CS|TAMS 0x000000008ba00000, 0x000000008ba00000| Complete 
| 187|0x000000008bb00000, 0x000000008bc00000, 0x000000008bc00000|100%| E|CS|TAMS 0x000000008bb00000, 0x000000008bb00000| Complete 
| 188|0x000000008bc00000, 0x000000008bd00000, 0x000000008bd00000|100%| E|CS|TAMS 0x000000008bc00000, 0x000000008bc00000| Complete 
| 189|0x000000008bd00000, 0x000000008be00000, 0x000000008be00000|100%| E|CS|TAMS 0x000000008bd00000, 0x000000008bd00000| Complete 
| 190|0x000000008be00000, 0x000000008bf00000, 0x000000008bf00000|100%| E|CS|TAMS 0x000000008be00000, 0x000000008be00000| Complete 
| 191|0x000000008bf00000, 0x000000008c000000, 0x000000008c000000|100%| E|CS|TAMS 0x000000008bf00000, 0x000000008bf00000| Complete 

Card table byte_map: [0x000002922db10000,0x000002922df10000] _byte_map_base: 0x000002922d710000

Marking Bits (Prev, Next): (CMBitMap*) 0x000002921a9043e8, (CMBitMap*) 0x000002921a904420
 Prev Bits: [0x000002922e310000, 0x0000029230310000)
 Next Bits: [0x0000029230310000, 0x0000029232310000)

Polling page: 0x000002921a0a0000

Metaspace:

Usage:
  Non-class:     15.00 MB capacity,    14.80 MB ( 99%) used,   177.00 KB (  1%) free+waste,    27.44 KB ( <1%) overhead. 
      Class:      2.02 MB capacity,     1.92 MB ( 95%) used,    90.69 KB (  4%) free+waste,    13.19 KB ( <1%) overhead. 
       Both:     17.02 MB capacity,    16.72 MB ( 98%) used,   267.69 KB (  2%) free+waste,    40.63 KB ( <1%) overhead. 

Virtual space:
  Non-class space:       16.00 MB reserved,      15.25 MB ( 95%) committed 
      Class space:        1.00 GB reserved,       2.13 MB ( <1%) committed 
             Both:        1.02 GB reserved,      17.38 MB (  2%) committed 

Chunk freelists:
   Non-Class:  60.00 KB
       Class:  11.00 KB
        Both:  71.00 KB

MaxMetaspaceSize: 17179869184.00 GB
CompressedClassSpaceSize: 1.00 GB
Initial GC threshold: 20.80 MB
Current GC threshold: 20.80 MB
CDS: off

CodeHeap 'non-profiled nmethods': size=120000Kb used=917Kb max_used=917Kb free=119082Kb
 bounds [0x0000029225eb0000, 0x0000029226120000, 0x000002922d3e0000]
CodeHeap 'profiled nmethods': size=120000Kb used=3578Kb max_used=3578Kb free=116421Kb
 bounds [0x000002921e980000, 0x000002921ed00000, 0x0000029225eb0000]
CodeHeap 'non-nmethods': size=5760Kb used=1187Kb max_used=1211Kb free=4572Kb
 bounds [0x000002921e3e0000, 0x000002921e650000, 0x000002921e980000]
 total_blobs=2208 nmethods=1749 adapters=372
 compilation: enabled
              stopped_count=0, restarted_count=0
 full_count=0

Compilation events (20 events):
Event: 3.377 Thread 0x0000029235608800 1725       1       java.util.concurrent.ConcurrentHashMap$MapEntry::getValue (5 bytes)
Event: 3.378 Thread 0x0000029235608800 nmethod 1725 0x0000029225f93b90 code [0x0000029225f93d40, 0x0000029225f93df8]
Event: 3.379 Thread 0x0000029235608800 1726       3       java.util.HashMap$EntryIterator::next (5 bytes)
Event: 3.379 Thread 0x0000029235608800 nmethod 1726 0x000002921ecf5590 code [0x000002921ecf5760, 0x000002921ecf58e8]
Event: 3.379 Thread 0x0000029235608800 1728       3       org.gradle.internal.SystemProperties::getInstance (4 bytes)
Event: 3.379 Thread 0x0000029235608800 nmethod 1728 0x000002921ecf5990 code [0x000002921ecf5b40, 0x000002921ecf5c38]
Event: 3.380 Thread 0x0000029235608800 1727       3       java.util.HashMap$EntryIterator::next (5 bytes)
Event: 3.380 Thread 0x0000029235608800 nmethod 1727 0x000002921ecf5d10 code [0x000002921ecf5ec0, 0x000002921ecf5fe8]
Event: 3.384 Thread 0x0000029235608800 1730       3       java.lang.reflect.AccessibleObject::setAccessible0 (7 bytes)
Event: 3.384 Thread 0x0000029235608800 nmethod 1730 0x000002921ecf6090 code [0x000002921ecf6240, 0x000002921ecf6358]
Event: 3.384 Thread 0x0000029235608800 1731       3       java.lang.invoke.DirectMethodHandle$Holder::invokeStatic (14 bytes)
Event: 3.385 Thread 0x0000029235608800 nmethod 1731 0x000002921ecf6410 code [0x000002921ecf65e0, 0x000002921ecf6ad8]
Event: 3.385 Thread 0x0000029235608800 1734       3       java.lang.ProcessEnvironment$NameComparator::compare (90 bytes)
Event: 3.386 Thread 0x0000029235608800 nmethod 1734 0x000002921ecf6c10 code [0x000002921ecf6f40, 0x000002921ecf8138]
Event: 3.386 Thread 0x0000029235608800 1733       3       java.lang.ProcessEnvironment$NameComparator::compare (13 bytes)
Event: 3.386 Thread 0x0000029235608800 nmethod 1733 0x000002921ecf8990 code [0x000002921ecf8b60, 0x000002921ecf8e68]
Event: 3.386 Thread 0x0000029235608800 1736       1       java.lang.reflect.Field::getName (5 bytes)
Event: 3.386 Thread 0x0000029235608800 nmethod 1736 0x0000029225f93e90 code [0x0000029225f94040, 0x0000029225f940f8]
Event: 3.386 Thread 0x0000029235608800 1735       3       java.util.Collections$UnmodifiableCollection::contains (11 bytes)
Event: 3.386 Thread 0x0000029235608800 nmethod 1735 0x000002921ecf8f90 code [0x000002921ecf9140, 0x000002921ecf9308]

GC Heap History (2 events):
Event: 0.789 GC heap before
{Heap before GC invocations=0 (full 0):
 garbage-first heap   total 196608K, used 29696K [0x0000000080000000, 0x0000000100000000)
  region size 1024K, 24 young (24576K), 0 survivors (0K)
 Metaspace       used 10168K, capacity 10333K, committed 10624K, reserved 1058816K
  class space    used 1046K, capacity 1108K, committed 1152K, reserved 1048576K
}
Event: 0.793 GC heap after
{Heap after GC invocations=1 (full 0):
 garbage-first heap   total 196608K, used 9262K [0x0000000080000000, 0x0000000100000000)
  region size 1024K, 3 young (3072K), 3 survivors (3072K)
 Metaspace       used 10168K, capacity 10333K, committed 10624K, reserved 1058816K
  class space    used 1046K, capacity 1108K, committed 1152K, reserved 1048576K
}

Deoptimization events (20 events):
Event: 2.307 Thread 0x000002921a8c4800 Uncommon trap: trap_request=0xffffff4d fr.pc=0x0000029225f0f990 relative=0x0000000000001a50
Event: 2.307 Thread 0x000002921a8c4800 Uncommon trap: reason=unstable_if action=reinterpret pc=0x0000029225f0f990 method=java.io.WinNTFileSystem.normalize(Ljava/lang/String;)Ljava/lang/String; @ 128 c2
Event: 2.307 Thread 0x000002921a8c4800 DEOPT PACKING pc=0x0000029225f0f990 sp=0x000000aa05cfc1c0
Event: 2.307 Thread 0x000002921a8c4800 DEOPT UNPACKING pc=0x000002921e42a1af sp=0x000000aa05cfc198 mode 2
Event: 3.214 Thread 0x000002921a8c4800 Uncommon trap: trap_request=0xffffffc6 fr.pc=0x0000029225f29724 relative=0x0000000000000084
Event: 3.214 Thread 0x000002921a8c4800 Uncommon trap: reason=bimorphic_or_optimized_type_check action=maybe_recompile pc=0x0000029225f29724 method=java.util.AbstractList$Itr.hasNext()Z @ 8 c2
Event: 3.214 Thread 0x000002921a8c4800 DEOPT PACKING pc=0x0000029225f29724 sp=0x000000aa05cfdcf0
Event: 3.214 Thread 0x000002921a8c4800 DEOPT UNPACKING pc=0x000002921e42a1af sp=0x000000aa05cfdc88 mode 2
Event: 3.214 Thread 0x000002921a8c4800 Uncommon trap: trap_request=0xffffffc6 fr.pc=0x0000029225f2e874 relative=0x0000000000000134
Event: 3.214 Thread 0x000002921a8c4800 Uncommon trap: reason=bimorphic_or_optimized_type_check action=maybe_recompile pc=0x0000029225f2e874 method=java.util.AbstractList$Itr.next()Ljava/lang/Object; @ 14 c2
Event: 3.214 Thread 0x000002921a8c4800 DEOPT PACKING pc=0x0000029225f2e874 sp=0x000000aa05cfdce0
Event: 3.214 Thread 0x000002921a8c4800 DEOPT UNPACKING pc=0x000002921e42a1af sp=0x000000aa05cfdc78 mode 2
Event: 3.318 Thread 0x0000029235958800 Uncommon trap: trap_request=0xffffffc6 fr.pc=0x0000029225f29724 relative=0x0000000000000084
Event: 3.318 Thread 0x0000029235958800 Uncommon trap: reason=bimorphic_or_optimized_type_check action=maybe_recompile pc=0x0000029225f29724 method=java.util.AbstractList$Itr.hasNext()Z @ 8 c2
Event: 3.318 Thread 0x0000029235958800 DEOPT PACKING pc=0x0000029225f29724 sp=0x000000aa06dfe810
Event: 3.318 Thread 0x0000029235958800 DEOPT UNPACKING pc=0x000002921e42a1af sp=0x000000aa06dfe7a8 mode 2
Event: 3.318 Thread 0x0000029235958800 Uncommon trap: trap_request=0xffffffc6 fr.pc=0x0000029225f2e874 relative=0x0000000000000134
Event: 3.318 Thread 0x0000029235958800 Uncommon trap: reason=bimorphic_or_optimized_type_check action=maybe_recompile pc=0x0000029225f2e874 method=java.util.AbstractList$Itr.next()Ljava/lang/Object; @ 14 c2
Event: 3.318 Thread 0x0000029235958800 DEOPT PACKING pc=0x0000029225f2e874 sp=0x000000aa06dfe800
Event: 3.318 Thread 0x0000029235958800 DEOPT UNPACKING pc=0x000002921e42a1af sp=0x000000aa06dfe798 mode 2

Classes redefined (0 events):
No events

Internal exceptions (13 events):
Event: 0.236 Thread 0x000002921a8c4800 Exception <a 'java/lang/NoSuchMethodError'{0x000000008bd26f88}: 'int java.lang.invoke.DirectMethodHandle$Holder.invokeStaticInit(java.lang.Object, java.lang.Object)'> (0x000000008bd26f88) thrown at [./src/hotspot/share/interpreter/linkResolver.cpp, line 773]
Event: 0.269 Thread 0x000002921a8c4800 Exception <a 'java/lang/NoSuchMethodError'{0x000000008bdf1830}: 'int java.lang.invoke.DirectMethodHandle$Holder.invokeSpecial(java.lang.Object, java.lang.Object, java.lang.Object, java.lang.Object)'> (0x000000008bdf1830) thrown at [./src/hotspot/share/interpreter/linkResolver.cpp, line 773]
Event: 0.278 Thread 0x000002921a8c4800 Exception <a 'java/lang/NoSuchMethodError'{0x000000008bc2a258}: 'int java.lang.invoke.DirectMethodHandle$Holder.invokeSpecialIFC(java.lang.Object, java.lang.Object, int)'> (0x000000008bc2a258) thrown at [./src/hotspot/share/interpreter/linkResolver.cpp, line 773]
Event: 0.543 Thread 0x000002921a8c4800 Exception <a 'java/lang/NoClassDefFoundError'{0x000000008b1d8938}: org/slf4j/impl/StaticMarkerBinder> (0x000000008b1d8938) thrown at [./src/hotspot/share/classfile/systemDictionary.cpp, line 220]
Event: 0.628 Thread 0x000002921a8c4800 Exception <a 'java/lang/NoSuchMethodError'{0x000000008ad42878}: 'java.lang.Object java.lang.invoke.DirectMethodHandle$Holder.invokeVirtual(java.lang.Object, java.lang.Object, java.lang.Object, java.lang.Object, java.lang.Object, java.lang.Object, java.lang.Object)'> (0x000000008ad42878) thrown at [./src/hotspot/share/interpreter/linkResolver.cpp, line 773]
Event: 0.631 Thread 0x000002921a8c4800 Exception <a 'java/lang/NoSuchMethodError'{0x000000008ad57330}: 'java.lang.Object java.lang.invoke.Invokers$Holder.invoker(java.lang.Object, java.lang.Object, java.lang.Object)'> (0x000000008ad57330) thrown at [./src/hotspot/share/interpreter/linkResolver.cpp, line 773]
Event: 0.636 Thread 0x000002921a8c4800 Exception <a 'java/lang/NoSuchMethodError'{0x000000008ad683a8}: 'void java.lang.invoke.DelegatingMethodHandle$Holder.delegate(java.lang.Object, java.lang.Object, int, java.lang.Object)'> (0x000000008ad683a8) thrown at [./src/hotspot/share/interpreter/linkResolver.cpp, line 773]
Event: 1.202 Thread 0x000002921a8c4800 Exception <a 'java/security/PrivilegedActionException'{0x000000008980bf88}> (0x000000008980bf88) thrown at [./src/hotspot/share/prims/jvm.cpp, line 1306]
Event: 1.202 Thread 0x000002921a8c4800 Exception <a 'java/security/PrivilegedActionException'{0x000000008980c500}> (0x000000008980c500) thrown at [./src/hotspot/share/prims/jvm.cpp, line 1306]
Event: 1.560 Thread 0x000002921a8c4800 Exception <a 'java/lang/NoSuchMethodError'{0x000000008876d9f8}: 'java.lang.Object java.lang.invoke.DirectMethodHandle$Holder.invokeStaticInit(java.lang.Object, java.lang.Object, java.lang.Object)'> (0x000000008876d9f8) thrown at [./src/hotspot/share/interpreter/linkResolver.cpp, line 773]
Event: 1.746 Thread 0x000002921a8c4800 Exception <a 'java/lang/NoSuchMethodError'{0x00000000881f03e0}: 'java.lang.Object java.lang.invoke.DirectMethodHandle$Holder.invokeStaticInit(java.lang.Object, int, int, int, int)'> (0x00000000881f03e0) thrown at [./src/hotspot/share/interpreter/linkResolver.cpp, line 773]
Event: 2.321 Thread 0x000002921a8c4800 Exception <a 'java/lang/NoSuchMethodError'{0x000000008809bed0}: 'java.lang.Object java.lang.invoke.DirectMethodHandle$Holder.invokeStaticInit(java.lang.Object, java.lang.Object, int, int, int, int)'> (0x000000008809bed0) thrown at [./src/hotspot/share/interpreter/linkResolver.cpp, line 773]
Event: 3.291 Thread 0x000002921a8c4800 Exception <a 'java/io/IOException'{0x0000000087ee9d88}> (0x0000000087ee9d88) thrown at [./src/hotspot/share/prims/jni.cpp, line 616]

Events (20 events):
Event: 3.384 loading class jdk/internal/reflect/UnsafeQualifiedStaticObjectFieldAccessorImpl done
Event: 3.387 loading class org/gradle/internal/nativeintegration/EnvironmentModificationResult
Event: 3.387 loading class org/gradle/internal/nativeintegration/EnvironmentModificationResult done
Event: 3.387 Executing VM operation: RevokeBias
Event: 3.387 Executing VM operation: RevokeBias done
Event: 3.388 Executing VM operation: RevokeBias
Event: 3.388 Executing VM operation: RevokeBias done
Event: 3.388 Executing VM operation: RevokeBias
Event: 3.388 Executing VM operation: RevokeBias done
Event: 3.389 loading class org/gradle/launcher/daemon/server/exec/LogToClient$AsynchronousLogDispatcher
Event: 3.389 loading class org/gradle/launcher/daemon/server/exec/LogToClient$AsynchronousLogDispatcher done
Event: 3.389 Executing VM operation: RevokeBias
Event: 3.389 Executing VM operation: RevokeBias done
Event: 3.390 loading class java/util/concurrent/CountDownLatch
Event: 3.390 loading class java/util/concurrent/CountDownLatch done
Event: 3.390 loading class java/util/concurrent/CountDownLatch$Sync
Event: 3.390 loading class java/util/concurrent/CountDownLatch$Sync done
Event: 3.390 loading class org/gradle/launcher/daemon/server/exec/LogToClient$AsynchronousLogDispatcher$1
Event: 3.390 loading class org/gradle/launcher/daemon/server/exec/LogToClient$AsynchronousLogDispatcher$1 done
Event: 3.391 Thread 0x0000029238946800 Thread added: 0x0000029238946800


Dynamic libraries:
0x00007ff73d820000 - 0x00007ff73d82a000 	C:\Program Files\Android\Android Studio\jre\bin\java.exe
0x00007ffce46a0000 - 0x00007ffce48a9000 	C:\WINDOWS\SYSTEM32\ntdll.dll
0x00007ffce3590000 - 0x00007ffce364e000 	C:\WINDOWS\System32\KERNEL32.DLL
0x00007ffce1d10000 - 0x00007ffce208b000 	C:\WINDOWS\System32\KERNELBASE.dll
0x00007ffce2400000 - 0x00007ffce2511000 	C:\WINDOWS\System32\ucrtbase.dll
0x00007ffcad960000 - 0x00007ffcad979000 	C:\Program Files\Android\Android Studio\jre\bin\jli.dll
0x00007ffcac4c0000 - 0x00007ffcac4d7000 	C:\Program Files\Android\Android Studio\jre\bin\VCRUNTIME140.dll
0x00007ffce3080000 - 0x00007ffce322d000 	C:\WINDOWS\System32\USER32.dll
0x00007ffce2150000 - 0x00007ffce2176000 	C:\WINDOWS\System32\win32u.dll
0x00007ffcce520000 - 0x00007ffcce7c5000 	C:\WINDOWS\WinSxS\amd64_microsoft.windows.common-controls_6595b64144ccf1df_6.0.22000.120_none_9d947278b86cc467\COMCTL32.dll
0x00007ffce2910000 - 0x00007ffce29b3000 	C:\WINDOWS\System32\msvcrt.dll
0x00007ffce2cc0000 - 0x00007ffce2ce9000 	C:\WINDOWS\System32\GDI32.dll
0x00007ffce1b70000 - 0x00007ffce1c88000 	C:\WINDOWS\System32\gdi32full.dll
0x00007ffce22f0000 - 0x00007ffce238d000 	C:\WINDOWS\System32\msvcp_win.dll
0x00007ffce4430000 - 0x00007ffce4462000 	C:\WINDOWS\System32\IMM32.DLL
0x00007ffc93c20000 - 0x00007ffc93cbd000 	C:\Program Files\Android\Android Studio\jre\bin\msvcp140.dll
0x00007ffc77fa0000 - 0x00007ffc78aa2000 	C:\Program Files\Android\Android Studio\jre\bin\server\jvm.dll
0x00007ffce3340000 - 0x00007ffce33ee000 	C:\WINDOWS\System32\ADVAPI32.dll
0x00007ffce32a0000 - 0x00007ffce333e000 	C:\WINDOWS\System32\sechost.dll
0x00007ffce26e0000 - 0x00007ffce2800000 	C:\WINDOWS\System32\RPCRT4.dll
0x00007ffce2cf0000 - 0x00007ffce2cf8000 	C:\WINDOWS\System32\PSAPI.DLL
0x00007ffccab20000 - 0x00007ffccab29000 	C:\WINDOWS\SYSTEM32\WSOCK32.dll
0x00007ffcd9ce0000 - 0x00007ffcd9d13000 	C:\WINDOWS\SYSTEM32\WINMM.dll
0x00007ffce29c0000 - 0x00007ffce2a2f000 	C:\WINDOWS\System32\WS2_32.dll
0x00007ffcd7db0000 - 0x00007ffcd7dba000 	C:\WINDOWS\SYSTEM32\VERSION.dll
0x00007ffce0bb0000 - 0x00007ffce0bc8000 	C:\WINDOWS\SYSTEM32\kernel.appcore.dll
0x00007ffcd1120000 - 0x00007ffcd1131000 	C:\Program Files\Android\Android Studio\jre\bin\verify.dll
0x00007ffcdf780000 - 0x00007ffcdf9a1000 	C:\WINDOWS\SYSTEM32\DBGHELP.DLL
0x00007ffcc72b0000 - 0x00007ffcc72e1000 	C:\WINDOWS\SYSTEM32\dbgcore.DLL
0x00007ffce1c90000 - 0x00007ffce1d0f000 	C:\WINDOWS\System32\bcryptPrimitives.dll
0x00007ffcc3bb0000 - 0x00007ffcc3bd9000 	C:\Program Files\Android\Android Studio\jre\bin\java.dll
0x00007ffcd2430000 - 0x00007ffcd243b000 	C:\Program Files\Android\Android Studio\jre\bin\jimage.dll
0x00007ffcd1100000 - 0x00007ffcd1118000 	C:\Program Files\Android\Android Studio\jre\bin\zip.dll
0x00007ffce3b50000 - 0x00007ffce4307000 	C:\WINDOWS\System32\SHELL32.dll
0x00007ffcdfc20000 - 0x00007ffce0485000 	C:\WINDOWS\SYSTEM32\windows.storage.dll
0x00007ffce2d00000 - 0x00007ffce3078000 	C:\WINDOWS\System32\combase.dll
0x00007ffcdfab0000 - 0x00007ffcdfc16000 	C:\WINDOWS\SYSTEM32\wintypes.dll
0x00007ffce4570000 - 0x00007ffce465a000 	C:\WINDOWS\System32\SHCORE.dll
0x00007ffce2a50000 - 0x00007ffce2aad000 	C:\WINDOWS\System32\shlwapi.dll
0x00007ffce1aa0000 - 0x00007ffce1ac1000 	C:\WINDOWS\SYSTEM32\profapi.dll
0x00007ffcd02e0000 - 0x00007ffcd02fa000 	C:\Program Files\Android\Android Studio\jre\bin\net.dll
0x00007ffcd8fe0000 - 0x00007ffcd90f4000 	C:\WINDOWS\SYSTEM32\WINHTTP.dll
0x00007ffce1050000 - 0x00007ffce10b7000 	C:\WINDOWS\system32\mswsock.dll
0x00007ffccff70000 - 0x00007ffccff84000 	C:\Program Files\Android\Android Studio\jre\bin\nio.dll
0x00007ffcae340000 - 0x00007ffcae367000 	C:\Users\Padma\.gradle\native\e1d6ef7f7dcc3fd88c89a11ec53ec762bb8ba0a96d01ffa2cd45eb1d1d8dd5c5\windows-amd64\native-platform.dll
0x00007ffc862e0000 - 0x00007ffc86424000 	C:\Users\Padma\.gradle\native\0d407fdbe67a94daf76414ababcb853783967236a71b16ec16e742cd7a986fd3\windows-amd64\native-platform-file-events.dll
0x00007ffcd9e90000 - 0x00007ffcd9e9a000 	C:\Program Files\Android\Android Studio\jre\bin\management.dll
0x00007ffcd1290000 - 0x00007ffcd129d000 	C:\Program Files\Android\Android Studio\jre\bin\management_ext.dll
0x00007ffce12c0000 - 0x00007ffce12d8000 	C:\WINDOWS\SYSTEM32\CRYPTSP.dll
0x00007ffce0b10000 - 0x00007ffce0b45000 	C:\WINDOWS\system32\rsaenh.dll
0x00007ffce1130000 - 0x00007ffce1159000 	C:\WINDOWS\SYSTEM32\USERENV.dll
0x00007ffce1460000 - 0x00007ffce1487000 	C:\WINDOWS\SYSTEM32\bcrypt.dll
0x00007ffce12b0000 - 0x00007ffce12bc000 	C:\WINDOWS\SYSTEM32\CRYPTBASE.dll
0x00007ffce06e0000 - 0x00007ffce070d000 	C:\WINDOWS\SYSTEM32\IPHLPAPI.DLL
0x00007ffce2cb0000 - 0x00007ffce2cb9000 	C:\WINDOWS\System32\NSI.dll
0x00007ffcd8e10000 - 0x00007ffcd8e29000 	C:\WINDOWS\SYSTEM32\dhcpcsvc6.DLL
0x00007ffcd97b0000 - 0x00007ffcd97ce000 	C:\WINDOWS\SYSTEM32\dhcpcsvc.DLL
0x00007ffce0710000 - 0x00007ffce07f8000 	C:\WINDOWS\SYSTEM32\DNSAPI.dll

dbghelp: loaded successfully - version: 4.0.5 - missing functions: none
symbol engine: initialized successfully - sym options: 0x614 - pdb path: .;C:\Program Files\Android\Android Studio\jre\bin;C:\WINDOWS\SYSTEM32;C:\WINDOWS\WinSxS\amd64_microsoft.windows.common-controls_6595b64144ccf1df_6.0.22000.120_none_9d947278b86cc467;C:\Program Files\Android\Android Studio\jre\bin\server;C:\Users\Padma\.gradle\native\e1d6ef7f7dcc3fd88c89a11ec53ec762bb8ba0a96d01ffa2cd45eb1d1d8dd5c5\windows-amd64;C:\Users\Padma\.gradle\native\0d407fdbe67a94daf76414ababcb853783967236a71b16ec16e742cd7a986fd3\windows-amd64

VM Arguments:
jvm_args: --add-opens=java.base/java.util=ALL-UNNAMED --add-opens=java.base/java.lang=ALL-UNNAMED --add-opens=java.base/java.lang.invoke=ALL-UNNAMED --add-opens=java.base/java.util=ALL-UNNAMED --add-opens=java.prefs/java.util.prefs=ALL-UNNAMED --add-opens=java.prefs/java.util.prefs=ALL-UNNAMED --add-opens=java.base/java.nio.charset=ALL-UNNAMED --add-opens=java.base/java.net=ALL-UNNAMED --add-opens=java.base/java.util.concurrent.atomic=ALL-UNNAMED -Xmx2048m -Dfile.encoding=UTF-8 -Duser.country=CA -Duser.language=en -Duser.variant 
java_command: org.gradle.launcher.daemon.bootstrap.GradleDaemon 7.4
java_class_path (initial): C:\Users\Padma\.gradle\wrapper\dists\gradle-7.4-bin\c0gwcg53nkjbqw7r0h0umtfvt\gradle-7.4\lib\gradle-launcher-7.4.jar
Launcher Type: SUN_STANDARD

[Global flags]
     intx CICompilerCount                          = 4                                         {product} {ergonomic}
     uint ConcGCThreads                            = 2                                         {product} {ergonomic}
     uint G1ConcRefinementThreads                  = 8                                         {product} {ergonomic}
   size_t G1HeapRegionSize                         = 1048576                                   {product} {ergonomic}
    uintx GCDrainStackTargetSize                   = 64                                        {product} {ergonomic}
   size_t InitialHeapSize                          = 201326592                                 {product} {ergonomic}
   size_t MarkStackSize                            = 4194304                                   {product} {ergonomic}
   size_t MaxHeapSize                              = 2147483648                                {product} {command line}
   size_t MaxNewSize                               = 1287651328                                {product} {ergonomic}
   size_t MinHeapDeltaBytes                        = 1048576                                   {product} {ergonomic}
    uintx NonNMethodCodeHeapSize                   = 5836300                                {pd product} {ergonomic}
    uintx NonProfiledCodeHeapSize                  = 122910970                              {pd product} {ergonomic}
    uintx ProfiledCodeHeapSize                     = 122910970                              {pd product} {ergonomic}
    uintx ReservedCodeCacheSize                    = 251658240                              {pd product} {ergonomic}
     bool SegmentedCodeCache                       = true                                      {product} {ergonomic}
     bool UseCompressedClassPointers               = true                                 {lp64_product} {ergonomic}
     bool UseCompressedOops                        = true                                 {lp64_product} {ergonomic}
     bool UseG1GC                                  = true                                      {product} {ergonomic}
     bool UseLargePagesIndividualAllocation        = false                                  {pd product} {ergonomic}

Logging:
Log output configuration:
 #0: stdout all=warning uptime,level,tags
 #1: stderr all=off uptime,level,tags

Environment Variables:
JAVA_HOME=C:\Program Files\Amazon Corretto\jdk11.0.15_9
PATH=C:\Program Files\Common Files\Oracle\Java\javapath;E:\app\Padma\product\12.1.0\dbhome_1\bin;C:\Program Files (x86)\VMware\VMware Workstation\bin\;C:\Program Files\Amazon Corretto\jdk11.0.15_9\bin;C:\Program Files (x86)\Python38-32\Scripts\;C:\Program Files (x86)\Python38-32\;C:\WINDOWS\system32;C:\WINDOWS;C:\WINDOWS\System32\Wbem;C:\WINDOWS\System32\WindowsPowerShell\v1.0\;C:\WINDOWS\System32\OpenSSH\;C:\Program Files\Intel\WiFi\bin\;C:\Program Files\Common Files\Intel\WirelessCommon\;C:\Program Files (x86)\Intel\Intel(R) Management Engine Components\DAL;C:\Program Files\Intel\Intel(R) Management Engine Components\DAL;C:\Program Files\dotnet\;C:\Program Files\Microsoft SQL Server\Client SDK\ODBC\170\Tools\Binn\;C:\Program Files (x86)\Microsoft SQL Server\150\Tools\Binn\;C:\Program Files\Microsoft SQL Server\150\Tools\Binn\;C:\Program Files\Microsoft SQL Server\150\DTS\Binn\;C:\Program Files\Azure Data Studio\bin;C:\Program Files (x86)\Microsoft SQL Server\150\DTS\Binn\;C:\Program Files\Git\cmd;C:\Program Files\MySQL\MySQL Shell 8.0\bin\;C:\Users\Padma\AppData\Local\Microsoft\WindowsApps;C:\Users\Padma\AppData\Local\Programs\Microsoft VS Code\bin;C:\Program Files\Azure Data Studio\bin;
USERNAME=Padma
OS=Windows_NT
PROCESSOR_IDENTIFIER=Intel64 Family 6 Model 142 Stepping 10, GenuineIntel



---------------  S Y S T E M  ---------------

OS: Windows 11 , 64 bit Build 22000 (10.0.22000.1335)
OS uptime: 3 days 1:35 hours
Hyper-V role detected

CPU:total 8 (initial active 8) (4 cores per cpu, 2 threads per core) family 6 model 142 stepping 10 microcode 0xf0, cmov, cx8, fxsr, mmx, sse, sse2, sse3, ssse3, sse4.1, sse4.2, popcnt, avx, avx2, aes, clmul, erms, 3dnowpref, lzcnt, ht, tsc, tscinvbit, bmi1, bmi2, adx, fma

Memory: 4k page, system-wide physical 12185M (2166M free)
TotalPageFile size 16283M (AvailPageFile size 24M)
current process WorkingSet (physical memory assigned to process): 178M, peak: 178M
current process commit charge ("private bytes"): 329M, peak: 329M

vm_info: OpenJDK 64-Bit Server VM (11.0.13+0-b1751.21-8125866) for windows-amd64 JRE (11.0.13+0-b1751.21-8125866), built on Feb  2 2022 03:00:22 by "builder" with MS VC++ 14.0 (VS2015)

END.
