#
# There is insufficient memory for the Java Runtime Environment to continue.
# Native memory allocation (malloc) failed to allocate 1024176 bytes for Chunk::new
# Possible reasons:
#   The system is out of physical RAM or swap space
#   The process is running with CompressedOops enabled, and the Java Heap may be blocking the growth of the native heap
# Possible solutions:
#   Reduce memory load on the system
#   Increase physical memory or swap space
#   Check if swap backing store is full
#   Decrease Java heap size (-Xmx/-Xms)
#   Decrease number of Java threads
#   Decrease Java thread stack sizes (-Xss)
#   Set larger code cache with -XX:ReservedCodeCacheSize=
#   JVM is running with Unscaled Compressed Oops mode in which the Java heap is
#     placed in the first 4GB address space. The Java Heap base address is the
#     maximum limit for the native heap growth. Please use -XX:HeapBaseMinAddress
#     to set the Java Heap base and to place the Java Heap above 4GB virtual address.
# This output file may be truncated or incomplete.
#
#  Out of Memory Error (./src/hotspot/share/memory/arena.cpp:197), pid=1364, tid=8216
#
# JRE version: OpenJDK Runtime Environment (11.0.13) (build 11.0.13+0-b1751.21-8125866)
# Java VM: OpenJDK 64-Bit Server VM (11.0.13+0-b1751.21-8125866, mixed mode, tiered, compressed oops, g1 gc, windows-amd64)
# No core dump will be written. Minidumps are not enabled by default on client versions of Windows
#

---------------  S U M M A R Y ------------

Command Line: --add-opens=java.base/java.util=ALL-UNNAMED --add-opens=java.base/java.lang=ALL-UNNAMED --add-opens=java.base/java.lang.invoke=ALL-UNNAMED --add-opens=java.base/java.util=ALL-UNNAMED --add-opens=java.prefs/java.util.prefs=ALL-UNNAMED --add-opens=java.prefs/java.util.prefs=ALL-UNNAMED --add-opens=java.base/java.nio.charset=ALL-UNNAMED --add-opens=java.base/java.net=ALL-UNNAMED --add-opens=java.base/java.util.concurrent.atomic=ALL-UNNAMED -Xmx2048m -Dfile.encoding=UTF-8 -Duser.country=CA -Duser.language=en -Duser.variant org.gradle.launcher.daemon.bootstrap.GradleDaemon 7.4

Host: Intel(R) Core(TM) i7-8550U CPU @ 1.80GHz, 8 cores, 11G,  Windows 11 , 64 bit Build 22000 (10.0.22000.1335)
Time: Thu Jan 12 23:17:35 2023 Eastern Standard Time elapsed time: 25.287614 seconds (0d 0h 0m 25s)

---------------  T H R E A D  ---------------

Current thread (0x0000016f02a64800):  JavaThread "C2 CompilerThread0" daemon [_thread_in_native, id=8216, stack(0x0000005354f00000,0x0000005355000000)]


Current CompileTask:
C2:  25287 10372       4       com.android.ide.common.resources.NodeUtils::duplicateNode (315 bytes)

Stack: [0x0000005354f00000,0x0000005355000000]
Native frames: (J=compiled Java code, j=interpreted, Vv=VM code, C=native code)
V  [jvm.dll+0x6100fa]
V  [jvm.dll+0x747090]
V  [jvm.dll+0x7486ad]
V  [jvm.dll+0x748d83]
V  [jvm.dll+0x24ab48]
V  [jvm.dll+0xc04dc]
V  [jvm.dll+0xc0a0c]
V  [jvm.dll+0x35eb9d]
V  [jvm.dll+0x19d9bc]
V  [jvm.dll+0x2033be]
V  [jvm.dll+0x202437]
V  [jvm.dll+0x188e01]
V  [jvm.dll+0x21106b]
V  [jvm.dll+0x20f8c1]
V  [jvm.dll+0x70de0f]
V  [jvm.dll+0x706a75]
V  [jvm.dll+0x60ed66]
C  [ucrtbase.dll+0x26c0c]
C  [KERNEL32.DLL+0x155a0]
C  [ntdll.dll+0x485b]


---------------  P R O C E S S  ---------------

Threads class SMR info:
_java_thread_list=0x0000016f0eb819e0, length=142, elements={
0x0000016f67c93000, 0x0000016f021fe000, 0x0000016f02a01000, 0x0000016f02a5f800,
0x0000016f02a62800, 0x0000016f02a63800, 0x0000016f02a64800, 0x0000016f02a65800,
0x0000016f02a68800, 0x0000016f02bc8000, 0x0000016f0440b800, 0x0000016f02da6000,
0x0000016f03110000, 0x0000016f02cd3800, 0x0000016f04570800, 0x0000016f05c42800,
0x0000016f04d3f800, 0x0000016f04d12800, 0x0000016f04494800, 0x0000016f056f2000,
0x0000016f056f4800, 0x0000016f056f0800, 0x0000016f056f1000, 0x0000016f056ef800,
0x0000016f056ee800, 0x0000016f056f3000, 0x0000016f056f5000, 0x0000016f056f3800,
0x0000016f0555a000, 0x0000016f05556800, 0x0000016f0555b800, 0x0000016f05559000,
0x0000016f05557800, 0x0000016f0555a800, 0x0000016f0555d000, 0x0000016f05558800,
0x0000016f09c56000, 0x0000016f09c57000, 0x0000016f09c5a000, 0x0000016f09c59800,
0x0000016f09c58000, 0x0000016f09c55800, 0x0000016f09c58800, 0x0000016f09c54800,
0x0000016f09c5d800, 0x0000016f09c60000, 0x0000016f09c60800, 0x0000016f09c5e800,
0x0000016f09c5b000, 0x0000016f09c5f000, 0x0000016f09c61800, 0x0000016f09c5c000,
0x0000016f09c62800, 0x0000016f09c5c800, 0x0000016f09c63000, 0x0000016f09d5e000,
0x0000016f09d62000, 0x0000016f09d5c800, 0x0000016f09d60800, 0x0000016f09d5f800,
0x0000016f09d61800, 0x0000016f09d63000, 0x0000016f09d5d000, 0x0000016f09d5f000,
0x0000016f09d69800, 0x0000016f09d65800, 0x0000016f09d63800, 0x0000016f09d67000,
0x0000016f09d68800, 0x0000016f09d66000, 0x0000016f09d6a800, 0x0000016f09d64800,
0x0000016f09d68000, 0x0000016f09d6b000, 0x0000016f067d7000, 0x0000016f067d5000,
0x0000016f067d4000, 0x0000016f067d5800, 0x0000016f067d6800, 0x0000016f067d2800,
0x0000016f067d9000, 0x0000016f067d8000, 0x0000016f067d3000, 0x0000016f067dc000,
0x0000016f067dd000, 0x0000016f067df800, 0x0000016f067de800, 0x0000016f067d9800,
0x0000016f067e0000, 0x0000016f067db800, 0x0000016f067dd800, 0x0000016f067da800,
0x0000016f067e1000, 0x0000016f08297000, 0x0000016f08293000, 0x0000016f08295800,
0x0000016f08296800, 0x0000016f08298000, 0x0000016f08294000, 0x0000016f08294800,
0x0000016f08292800, 0x0000016f0829d000, 0x0000016f0829c000, 0x0000016f0829d800,
0x0000016f0829a800, 0x0000016f08299800, 0x0000016f0829b800, 0x0000016f0829e800,
0x0000016f08299000, 0x0000016f0829f800, 0x0000016f082a1000, 0x0000016f082a0000,
0x0000016f0a085000, 0x0000016f0a086000, 0x0000016f0a080000, 0x0000016f0a083800,
0x0000016f0a084800, 0x0000016f0a087000, 0x0000016f0a081000, 0x0000016f0a087800,
0x0000016f0a082000, 0x0000016f0a088800, 0x0000016f0a082800, 0x0000016f0a08d800,
0x0000016f0a08f000, 0x0000016f0a08c800, 0x0000016f0a089000, 0x0000016f0a08a000,
0x0000016f0a08b000, 0x0000016f0a08e000, 0x0000016f0a08b800, 0x0000016f05775000,
0x0000016f0a616000, 0x0000016f08546000, 0x0000016f05776000, 0x0000016f05770800,
0x0000016f05774800, 0x0000016f05777000, 0x0000016f05773000, 0x0000016f05772000,
0x0000016f05771000, 0x0000016f05777800
}

Java Threads: ( => current thread )
  0x0000016f67c93000 JavaThread "main" [_thread_blocked, id=11524, stack(0x0000005354300000,0x0000005354400000)]
  0x0000016f021fe000 JavaThread "Reference Handler" daemon [_thread_blocked, id=19132, stack(0x0000005354a00000,0x0000005354b00000)]
  0x0000016f02a01000 JavaThread "Finalizer" daemon [_thread_blocked, id=16352, stack(0x0000005354b00000,0x0000005354c00000)]
  0x0000016f02a5f800 JavaThread "Signal Dispatcher" daemon [_thread_blocked, id=18428, stack(0x0000005354c00000,0x0000005354d00000)]
  0x0000016f02a62800 JavaThread "Attach Listener" daemon [_thread_blocked, id=9876, stack(0x0000005354d00000,0x0000005354e00000)]
  0x0000016f02a63800 JavaThread "Service Thread" daemon [_thread_blocked, id=9100, stack(0x0000005354e00000,0x0000005354f00000)]
=>0x0000016f02a64800 JavaThread "C2 CompilerThread0" daemon [_thread_in_native, id=8216, stack(0x0000005354f00000,0x0000005355000000)]
  0x0000016f02a65800 JavaThread "C1 CompilerThread0" daemon [_thread_blocked, id=3932, stack(0x0000005355000000,0x0000005355100000)]
  0x0000016f02a68800 JavaThread "Sweeper thread" daemon [_thread_blocked, id=15400, stack(0x0000005355100000,0x0000005355200000)]
  0x0000016f02bc8000 JavaThread "Common-Cleaner" daemon [_thread_blocked, id=15504, stack(0x0000005355200000,0x0000005355300000)]
  0x0000016f0440b800 JavaThread "Daemon health stats" [_thread_blocked, id=1952, stack(0x0000005355900000,0x0000005355a00000)]
  0x0000016f02da6000 JavaThread "Incoming local TCP Connector on port 53949" [_thread_in_native, id=12612, stack(0x0000005355400000,0x0000005355500000)]
  0x0000016f03110000 JavaThread "Daemon periodic checks" [_thread_blocked, id=12592, stack(0x0000005355500000,0x0000005355600000)]
  0x0000016f02cd3800 JavaThread "Daemon" [_thread_blocked, id=7580, stack(0x0000005355a00000,0x0000005355b00000)]
  0x0000016f04570800 JavaThread "Handler for socket connection from /127.0.0.1:53949 to /127.0.0.1:53950" [_thread_in_native, id=9640, stack(0x0000005355b00000,0x0000005355c00000)]
  0x0000016f05c42800 JavaThread "Cancel handler" [_thread_blocked, id=16364, stack(0x0000005355c00000,0x0000005355d00000)]
  0x0000016f04d3f800 JavaThread "Daemon worker" [_thread_blocked, id=1516, stack(0x0000005355d00000,0x0000005355e00000)]
  0x0000016f04d12800 JavaThread "Asynchronous log dispatcher for DefaultDaemonConnection: socket connection from /127.0.0.1:53949 to /127.0.0.1:53950" [_thread_blocked, id=19144, stack(0x0000005355e00000,0x0000005355f00000)]
  0x0000016f04494800 JavaThread "Stdin handler" [_thread_blocked, id=11768, stack(0x0000005355f00000,0x0000005356000000)]
  0x0000016f056f2000 JavaThread "Daemon client event forwarder" [_thread_blocked, id=18628, stack(0x0000005356000000,0x0000005356100000)]
  0x0000016f056f4800 JavaThread "Cache worker for journal cache (C:\Users\Padma\.gradle\caches\journal-1)" [_thread_blocked, id=11284, stack(0x0000005356200000,0x0000005356300000)]
  0x0000016f056f0800 JavaThread "File lock request listener" [_thread_in_native, id=13252, stack(0x0000005356300000,0x0000005356400000)]
  0x0000016f056f1000 JavaThread "Cache worker for file hash cache (C:\Users\Padma\.gradle\caches\7.4\fileHashes)" [_thread_blocked, id=4800, stack(0x0000005356400000,0x0000005356500000)]
  0x0000016f056ef800 JavaThread "File watcher server" daemon [_thread_in_native, id=15184, stack(0x0000005356b00000,0x0000005356c00000)]
  0x0000016f056ee800 JavaThread "File watcher consumer" daemon [_thread_blocked, id=18896, stack(0x0000005356c00000,0x0000005356d00000)]
  0x0000016f056f3000 JavaThread "Cache worker for checksums cache (C:\Users\Padma\AndroidStudioProjects\PadmasAndroidLabs\.gradle\7.4\checksums)" [_thread_blocked, id=7340, stack(0x0000005356d00000,0x0000005356e00000)]
  0x0000016f056f5000 JavaThread "Cache worker for cache directory md-rule (C:\Users\Padma\.gradle\caches\7.4\md-rule)" [_thread_blocked, id=892, stack(0x0000005356e00000,0x0000005356f00000)]
  0x0000016f056f3800 JavaThread "Cache worker for file hash cache (C:\Users\Padma\AndroidStudioProjects\PadmasAndroidLabs\.gradle\7.4\fileHashes)" [_thread_blocked, id=11216, stack(0x0000005356f00000,0x0000005357000000)]
  0x0000016f0555a000 JavaThread "Cache worker for cache directory md-supplier (C:\Users\Padma\.gradle\caches\7.4\md-supplier)" [_thread_blocked, id=4400, stack(0x0000005357000000,0x0000005357100000)]
  0x0000016f05556800 JavaThread "Cache worker for execution history cache (C:\Users\Padma\.gradle\caches\7.4\executionHistory)" [_thread_blocked, id=14716, stack(0x0000005357100000,0x0000005357200000)]
  0x0000016f0555b800 JavaThread "jar transforms" [_thread_blocked, id=3876, stack(0x0000005357200000,0x0000005357300000)]
  0x0000016f05559000 JavaThread "Cache worker for file content cache (C:\Users\Padma\.gradle\caches\7.4\fileContent)" [_thread_blocked, id=3416, stack(0x0000005357300000,0x0000005357400000)]
  0x0000016f05557800 JavaThread "jar transforms Thread 2" [_thread_blocked, id=8628, stack(0x0000005357400000,0x0000005357500000)]
  0x0000016f0555a800 JavaThread "Cache worker for dependencies-accessors (C:\Users\Padma\AndroidStudioProjects\PadmasAndroidLabs\.gradle\7.4\dependencies-accessors)" [_thread_blocked, id=336, stack(0x0000005357500000,0x0000005357600000)]
  0x0000016f0555d000 JavaThread "jar transforms Thread 3" [_thread_blocked, id=3500, stack(0x0000005357600000,0x0000005357700000)]
  0x0000016f05558800 JavaThread "Cache worker for Build Output Cleanup Cache (C:\Users\Padma\AndroidStudioProjects\PadmasAndroidLabs\.gradle\buildOutputCleanup)" [_thread_blocked, id=4848, stack(0x0000005357700000,0x0000005357800000)]
  0x0000016f09c56000 JavaThread "Unconstrained build operations" [_thread_blocked, id=10336, stack(0x0000005357800000,0x0000005357900000)]
  0x0000016f09c57000 JavaThread "Unconstrained build operations Thread 2" [_thread_blocked, id=6008, stack(0x0000005357900000,0x0000005357a00000)]
  0x0000016f09c5a000 JavaThread "Unconstrained build operations Thread 3" [_thread_blocked, id=8204, stack(0x0000005357a00000,0x0000005357b00000)]
  0x0000016f09c59800 JavaThread "Unconstrained build operations Thread 4" [_thread_blocked, id=15668, stack(0x0000005357b00000,0x0000005357c00000)]
  0x0000016f09c58000 JavaThread "Unconstrained build operations Thread 5" [_thread_blocked, id=16368, stack(0x0000005357c00000,0x0000005357d00000)]
  0x0000016f09c55800 JavaThread "Unconstrained build operations Thread 6" [_thread_blocked, id=8688, stack(0x0000005357d00000,0x0000005357e00000)]
  0x0000016f09c58800 JavaThread "Unconstrained build operations Thread 7" [_thread_blocked, id=19016, stack(0x0000005357e00000,0x0000005357f00000)]
  0x0000016f09c54800 JavaThread "Unconstrained build operations Thread 8" [_thread_blocked, id=9180, stack(0x0000005357f00000,0x0000005358000000)]
  0x0000016f09c5d800 JavaThread "Unconstrained build operations Thread 9" [_thread_blocked, id=13952, stack(0x0000005358000000,0x0000005358100000)]
  0x0000016f09c60000 JavaThread "Unconstrained build operations Thread 10" [_thread_blocked, id=18712, stack(0x0000005358100000,0x0000005358200000)]
  0x0000016f09c60800 JavaThread "Unconstrained build operations Thread 11" [_thread_blocked, id=11772, stack(0x0000005358200000,0x0000005358300000)]
  0x0000016f09c5e800 JavaThread "Unconstrained build operations Thread 12" [_thread_blocked, id=6216, stack(0x0000005358300000,0x0000005358400000)]
  0x0000016f09c5b000 JavaThread "Unconstrained build operations Thread 13" [_thread_blocked, id=13880, stack(0x0000005358400000,0x0000005358500000)]
  0x0000016f09c5f000 JavaThread "Unconstrained build operations Thread 14" [_thread_blocked, id=3240, stack(0x0000005358500000,0x0000005358600000)]
  0x0000016f09c61800 JavaThread "Unconstrained build operations Thread 15" [_thread_blocked, id=19068, stack(0x0000005358600000,0x0000005358700000)]
  0x0000016f09c5c000 JavaThread "Unconstrained build operations Thread 16" [_thread_blocked, id=17652, stack(0x0000005358700000,0x0000005358800000)]
  0x0000016f09c62800 JavaThread "Unconstrained build operations Thread 17" [_thread_blocked, id=2612, stack(0x0000005358800000,0x0000005358900000)]
  0x0000016f09c5c800 JavaThread "Unconstrained build operations Thread 18" [_thread_blocked, id=8608, stack(0x0000005358900000,0x0000005358a00000)]
  0x0000016f09c63000 JavaThread "Unconstrained build operations Thread 19" [_thread_blocked, id=4700, stack(0x0000005358a00000,0x0000005358b00000)]
  0x0000016f09d5e000 JavaThread "Unconstrained build operations Thread 20" [_thread_blocked, id=2132, stack(0x0000005358b00000,0x0000005358c00000)]
  0x0000016f09d62000 JavaThread "Unconstrained build operations Thread 21" [_thread_blocked, id=15848, stack(0x0000005358c00000,0x0000005358d00000)]
  0x0000016f09d5c800 JavaThread "Unconstrained build operations Thread 22" [_thread_blocked, id=3800, stack(0x0000005358d00000,0x0000005358e00000)]
  0x0000016f09d60800 JavaThread "Unconstrained build operations Thread 23" [_thread_blocked, id=7604, stack(0x0000005358e00000,0x0000005358f00000)]
  0x0000016f09d5f800 JavaThread "Unconstrained build operations Thread 24" [_thread_blocked, id=15292, stack(0x0000005358f00000,0x0000005359000000)]
  0x0000016f09d61800 JavaThread "Unconstrained build operations Thread 25" [_thread_blocked, id=18972, stack(0x0000005359000000,0x0000005359100000)]
  0x0000016f09d63000 JavaThread "Unconstrained build operations Thread 26" [_thread_blocked, id=18600, stack(0x0000005359100000,0x0000005359200000)]
  0x0000016f09d5d000 JavaThread "Unconstrained build operations Thread 27" [_thread_blocked, id=14516, stack(0x0000005359200000,0x0000005359300000)]
  0x0000016f09d5f000 JavaThread "Unconstrained build operations Thread 28" [_thread_blocked, id=10824, stack(0x0000005359300000,0x0000005359400000)]
  0x0000016f09d69800 JavaThread "Unconstrained build operations Thread 29" [_thread_blocked, id=10216, stack(0x0000005359400000,0x0000005359500000)]
  0x0000016f09d65800 JavaThread "Unconstrained build operations Thread 30" [_thread_blocked, id=18184, stack(0x0000005359500000,0x0000005359600000)]
  0x0000016f09d63800 JavaThread "Unconstrained build operations Thread 31" [_thread_blocked, id=18792, stack(0x0000005359600000,0x0000005359700000)]
  0x0000016f09d67000 JavaThread "Unconstrained build operations Thread 32" [_thread_blocked, id=688, stack(0x0000005359700000,0x0000005359800000)]
  0x0000016f09d68800 JavaThread "Unconstrained build operations Thread 33" [_thread_blocked, id=16420, stack(0x0000005359800000,0x0000005359900000)]
  0x0000016f09d66000 JavaThread "Unconstrained build operations Thread 34" [_thread_blocked, id=11684, stack(0x0000005359900000,0x0000005359a00000)]
  0x0000016f09d6a800 JavaThread "Unconstrained build operations Thread 35" [_thread_blocked, id=16208, stack(0x0000005359a00000,0x0000005359b00000)]
  0x0000016f09d64800 JavaThread "Unconstrained build operations Thread 36" [_thread_blocked, id=15216, stack(0x0000005359b00000,0x0000005359c00000)]
  0x0000016f09d68000 JavaThread "Unconstrained build operations Thread 37" [_thread_blocked, id=776, stack(0x0000005359c00000,0x0000005359d00000)]
  0x0000016f09d6b000 JavaThread "Unconstrained build operations Thread 38" [_thread_blocked, id=19176, stack(0x0000005359d00000,0x0000005359e00000)]
  0x0000016f067d7000 JavaThread "Unconstrained build operations Thread 39" [_thread_blocked, id=11676, stack(0x0000005359e00000,0x0000005359f00000)]
  0x0000016f067d5000 JavaThread "Unconstrained build operations Thread 40" [_thread_blocked, id=18740, stack(0x0000005359f00000,0x000000535a000000)]
  0x0000016f067d4000 JavaThread "Unconstrained build operations Thread 41" [_thread_blocked, id=9172, stack(0x000000535a000000,0x000000535a100000)]
  0x0000016f067d5800 JavaThread "Unconstrained build operations Thread 42" [_thread_blocked, id=3196, stack(0x000000535a100000,0x000000535a200000)]
  0x0000016f067d6800 JavaThread "Unconstrained build operations Thread 43" [_thread_blocked, id=17448, stack(0x000000535a200000,0x000000535a300000)]
  0x0000016f067d2800 JavaThread "Unconstrained build operations Thread 44" [_thread_blocked, id=12336, stack(0x000000535a300000,0x000000535a400000)]
  0x0000016f067d9000 JavaThread "Unconstrained build operations Thread 45" [_thread_blocked, id=1160, stack(0x000000535a400000,0x000000535a500000)]
  0x0000016f067d8000 JavaThread "Unconstrained build operations Thread 46" [_thread_blocked, id=2328, stack(0x000000535a500000,0x000000535a600000)]
  0x0000016f067d3000 JavaThread "Unconstrained build operations Thread 47" [_thread_blocked, id=17004, stack(0x000000535a600000,0x000000535a700000)]
  0x0000016f067dc000 JavaThread "Unconstrained build operations Thread 48" [_thread_blocked, id=9592, stack(0x000000535a700000,0x000000535a800000)]
  0x0000016f067dd000 JavaThread "Unconstrained build operations Thread 49" [_thread_blocked, id=940, stack(0x000000535a800000,0x000000535a900000)]
  0x0000016f067df800 JavaThread "Unconstrained build operations Thread 50" [_thread_blocked, id=3808, stack(0x000000535a900000,0x000000535aa00000)]
  0x0000016f067de800 JavaThread "Unconstrained build operations Thread 51" [_thread_blocked, id=11560, stack(0x000000535aa00000,0x000000535ab00000)]
  0x0000016f067d9800 JavaThread "Unconstrained build operations Thread 52" [_thread_blocked, id=1168, stack(0x000000535ab00000,0x000000535ac00000)]
  0x0000016f067e0000 JavaThread "Unconstrained build operations Thread 53" [_thread_blocked, id=13204, stack(0x000000535ac00000,0x000000535ad00000)]
  0x0000016f067db800 JavaThread "Unconstrained build operations Thread 54" [_thread_blocked, id=8184, stack(0x000000535ad00000,0x000000535ae00000)]
  0x0000016f067dd800 JavaThread "Unconstrained build operations Thread 55" [_thread_blocked, id=11508, stack(0x000000535ae00000,0x000000535af00000)]
  0x0000016f067da800 JavaThread "Unconstrained build operations Thread 56" [_thread_blocked, id=16480, stack(0x000000535af00000,0x000000535b000000)]
  0x0000016f067e1000 JavaThread "Unconstrained build operations Thread 57" [_thread_blocked, id=2560, stack(0x000000535b000000,0x000000535b100000)]
  0x0000016f08297000 JavaThread "Unconstrained build operations Thread 58" [_thread_blocked, id=4204, stack(0x000000535b100000,0x000000535b200000)]
  0x0000016f08293000 JavaThread "Unconstrained build operations Thread 59" [_thread_blocked, id=6700, stack(0x000000535b200000,0x000000535b300000)]
  0x0000016f08295800 JavaThread "Unconstrained build operations Thread 60" [_thread_blocked, id=6640, stack(0x000000535b300000,0x000000535b400000)]
  0x0000016f08296800 JavaThread "Unconstrained build operations Thread 61" [_thread_blocked, id=9312, stack(0x000000535b400000,0x000000535b500000)]
  0x0000016f08298000 JavaThread "Unconstrained build operations Thread 62" [_thread_blocked, id=18776, stack(0x000000535b500000,0x000000535b600000)]
  0x0000016f08294000 JavaThread "Unconstrained build operations Thread 63" [_thread_blocked, id=2280, stack(0x000000535b600000,0x000000535b700000)]
  0x0000016f08294800 JavaThread "Unconstrained build operations Thread 64" [_thread_blocked, id=10500, stack(0x000000535b700000,0x000000535b800000)]
  0x0000016f08292800 JavaThread "Unconstrained build operations Thread 65" [_thread_blocked, id=19232, stack(0x000000535b800000,0x000000535b900000)]
  0x0000016f0829d000 JavaThread "Unconstrained build operations Thread 66" [_thread_blocked, id=4232, stack(0x000000535b900000,0x000000535ba00000)]
  0x0000016f0829c000 JavaThread "Unconstrained build operations Thread 67" [_thread_blocked, id=5220, stack(0x000000535ba00000,0x000000535bb00000)]
  0x0000016f0829d800 JavaThread "Unconstrained build operations Thread 68" [_thread_blocked, id=11020, stack(0x000000535bb00000,0x000000535bc00000)]
  0x0000016f0829a800 JavaThread "Unconstrained build operations Thread 69" [_thread_blocked, id=9332, stack(0x000000535bc00000,0x000000535bd00000)]
  0x0000016f08299800 JavaThread "Unconstrained build operations Thread 70" [_thread_blocked, id=17068, stack(0x000000535bd00000,0x000000535be00000)]
  0x0000016f0829b800 JavaThread "Unconstrained build operations Thread 71" [_thread_blocked, id=18588, stack(0x000000535be00000,0x000000535bf00000)]
  0x0000016f0829e800 JavaThread "Unconstrained build operations Thread 72" [_thread_blocked, id=3972, stack(0x000000535bf00000,0x000000535c000000)]
  0x0000016f08299000 JavaThread "Unconstrained build operations Thread 73" [_thread_blocked, id=2384, stack(0x000000535c000000,0x000000535c100000)]
  0x0000016f0829f800 JavaThread "Unconstrained build operations Thread 74" [_thread_blocked, id=12416, stack(0x000000535c100000,0x000000535c200000)]
  0x0000016f082a1000 JavaThread "Unconstrained build operations Thread 75" [_thread_blocked, id=12324, stack(0x000000535c200000,0x000000535c300000)]
  0x0000016f082a0000 JavaThread "Unconstrained build operations Thread 76" [_thread_blocked, id=8212, stack(0x000000535c300000,0x000000535c400000)]
  0x0000016f0a085000 JavaThread "Unconstrained build operations Thread 77" [_thread_blocked, id=15324, stack(0x000000535c400000,0x000000535c500000)]
  0x0000016f0a086000 JavaThread "Unconstrained build operations Thread 78" [_thread_blocked, id=8268, stack(0x000000535c500000,0x000000535c600000)]
  0x0000016f0a080000 JavaThread "Unconstrained build operations Thread 79" [_thread_blocked, id=16684, stack(0x000000535c600000,0x000000535c700000)]
  0x0000016f0a083800 JavaThread "Unconstrained build operations Thread 80" [_thread_blocked, id=10624, stack(0x000000535c700000,0x000000535c800000)]
  0x0000016f0a084800 JavaThread "jar transforms Thread 4" [_thread_blocked, id=10168, stack(0x000000535c800000,0x000000535c900000)]
  0x0000016f0a087000 JavaThread "jar transforms Thread 5" [_thread_blocked, id=15508, stack(0x000000535c900000,0x000000535ca00000)]
  0x0000016f0a081000 JavaThread "jar transforms Thread 6" [_thread_blocked, id=16292, stack(0x000000535ca00000,0x000000535cb00000)]
  0x0000016f0a087800 JavaThread "jar transforms Thread 7" [_thread_blocked, id=5696, stack(0x000000535cb00000,0x000000535cc00000)]
  0x0000016f0a082000 JavaThread "jar transforms Thread 8" [_thread_blocked, id=18160, stack(0x000000535cc00000,0x000000535cd00000)]
  0x0000016f0a088800 JavaThread "Memory manager" [_thread_blocked, id=19420, stack(0x000000535cd00000,0x000000535ce00000)]
  0x0000016f0a082800 JavaThread "build event listener" [_thread_blocked, id=17076, stack(0x000000535ce00000,0x000000535cf00000)]
  0x0000016f0a08d800 JavaThread "included builds" [_thread_blocked, id=16152, stack(0x000000535cf00000,0x000000535d000000)]
  0x0000016f0a08f000 JavaThread "Execution worker for ':'" [_thread_blocked, id=9488, stack(0x000000535d000000,0x000000535d100000)]
  0x0000016f0a08c800 JavaThread "Execution worker for ':' Thread 2" [_thread_blocked, id=4052, stack(0x000000535d100000,0x000000535d200000)]
  0x0000016f0a089000 JavaThread "Execution worker for ':' Thread 3" [_thread_blocked, id=948, stack(0x000000535d200000,0x000000535d300000)]
  0x0000016f0a08a000 JavaThread "Execution worker for ':' Thread 4" [_thread_blocked, id=16680, stack(0x000000535d300000,0x000000535d400000)]
  0x0000016f0a08b000 JavaThread "Execution worker for ':' Thread 5" [_thread_blocked, id=4528, stack(0x000000535d400000,0x000000535d500000)]
  0x0000016f0a08e000 JavaThread "Execution worker for ':' Thread 6" [_thread_in_native, id=11164, stack(0x000000535d500000,0x000000535d600000)]
  0x0000016f0a08b800 JavaThread "Execution worker for ':' Thread 7" [_thread_blocked, id=1108, stack(0x000000535d600000,0x000000535d700000)]
  0x0000016f05775000 JavaThread "Cache worker for execution history cache (C:\Users\Padma\AndroidStudioProjects\PadmasAndroidLabs\.gradle\7.4\executionHistory)" [_thread_blocked, id=19204, stack(0x000000535d700000,0x000000535d800000)]
  0x0000016f0a616000 JavaThread "C2 CompilerThread1" daemon [_thread_in_native, id=19180, stack(0x0000005356100000,0x0000005356200000)]
  0x0000016f08546000 JavaThread "C2 CompilerThread2" daemon [_thread_in_native, id=19328, stack(0x0000005356a00000,0x0000005356b00000)]
  0x0000016f05776000 JavaThread "WorkerExecutor Queue" [_thread_in_native, id=18296, stack(0x000000535dc00000,0x000000535dd00000)]
  0x0000016f05770800 JavaThread "WorkerExecutor Queue Thread 2" [_thread_in_Java, id=11648, stack(0x000000535dd00000,0x000000535de00000)]
  0x0000016f05774800 JavaThread "WorkerExecutor Queue Thread 3" [_thread_in_native, id=16656, stack(0x000000535de00000,0x000000535df00000)]
  0x0000016f05777000 JavaThread "WorkerExecutor Queue Thread 4" [_thread_blocked, id=7464, stack(0x000000535df00000,0x000000535e000000)]
  0x0000016f05773000 JavaThread "WorkerExecutor Queue Thread 5" [_thread_blocked, id=4564, stack(0x000000535e000000,0x000000535e100000)]
  0x0000016f05772000 JavaThread "WorkerExecutor Queue Thread 6" [_thread_blocked, id=6624, stack(0x000000535e100000,0x000000535e200000)]
  0x0000016f05771000 JavaThread "WorkerExecutor Queue Thread 7" [_thread_in_vm, id=16708, stack(0x000000535e200000,0x000000535e300000)]
  0x0000016f05777800 JavaThread "WorkerExecutor Queue Thread 8" [_thread_blocked, id=16412, stack(0x000000535e300000,0x000000535e400000)]

Other Threads:
  0x0000016f021f9000 VMThread "VM Thread" [stack: 0x0000005354900000,0x0000005354a00000] [id=9352]
  0x0000016f02be1000 WatcherThread [stack: 0x0000005355300000,0x0000005355400000] [id=9672]
  0x0000016f67cac000 GCTaskThread "GC Thread#0" [stack: 0x0000005354400000,0x0000005354500000] [id=16308]
  0x0000016f035bd000 GCTaskThread "GC Thread#1" [stack: 0x0000005355600000,0x0000005355700000] [id=13680]
  0x0000016f03d16800 GCTaskThread "GC Thread#2" [stack: 0x0000005355700000,0x0000005355800000] [id=5744]
  0x0000016f03517800 GCTaskThread "GC Thread#3" [stack: 0x0000005355800000,0x0000005355900000] [id=5200]
  0x0000016f04d9a800 GCTaskThread "GC Thread#4" [stack: 0x0000005356500000,0x0000005356600000] [id=13456]
  0x0000016f04cf2000 GCTaskThread "GC Thread#5" [stack: 0x0000005356600000,0x0000005356700000] [id=7696]
  0x0000016f05285800 GCTaskThread "GC Thread#6" [stack: 0x0000005356700000,0x0000005356800000] [id=12000]
  0x0000016f04f42000 GCTaskThread "GC Thread#7" [stack: 0x0000005356800000,0x0000005356900000] [id=12376]
  0x0000016f67cde000 ConcurrentGCThread "G1 Main Marker" [stack: 0x0000005354500000,0x0000005354600000] [id=3532]
  0x0000016f67ce0000 ConcurrentGCThread "G1 Conc#0" [stack: 0x0000005354600000,0x0000005354700000] [id=8936]
  0x0000016f0589e800 ConcurrentGCThread "G1 Conc#1" [stack: 0x0000005356900000,0x0000005356a00000] [id=10328]
  0x0000016f67d6e800 ConcurrentGCThread "G1 Refine#0" [stack: 0x0000005354700000,0x0000005354800000] [id=4984]
  0x0000016f07e9b800 ConcurrentGCThread "G1 Refine#1" [stack: 0x000000535d800000,0x000000535d900000] [id=10108]
  0x0000016f07fa7800 ConcurrentGCThread "G1 Refine#2" [stack: 0x000000535d900000,0x000000535da00000] [id=9840]
  0x0000016f0c5bb800 ConcurrentGCThread "G1 Refine#3" [stack: 0x000000535da00000,0x000000535db00000] [id=764]
  0x0000016f0c5bc800 ConcurrentGCThread "G1 Refine#4" [stack: 0x000000535db00000,0x000000535dc00000] [id=4820]
  0x0000016f0204a800 ConcurrentGCThread "G1 Young RemSet Sampling" [stack: 0x0000005354800000,0x0000005354900000] [id=2968]

Threads with active compile tasks:
C2 CompilerThread0  25332 10372       4       com.android.ide.common.resources.NodeUtils::duplicateNode (315 bytes)
C2 CompilerThread1  25332 10424   !   4       java.io.ObjectOutputStream::writeObject0 (619 bytes)
C2 CompilerThread2  25332 10387       4       com.android.utils.XmlUtils::append (645 bytes)

VM state:not at safepoint (normal execution)

VM Mutex/Monitor currently owned by a thread:  ([mutex/lock_event])
[0x0000016f67c8e290] MethodData_lock - owner thread: 0x0000016f02a65800

Heap address: 0x0000000080000000, size: 2048 MB, Compressed Oops mode: 32-bit
Narrow klass base: 0x0000000000000000, Narrow klass shift: 3
Compressed class space size: 1073741824 Address: 0x0000000100000000

Heap:
 garbage-first heap   total 200704K, used 126431K [0x0000000080000000, 0x0000000100000000)
  region size 1024K, 36 young (36864K), 11 survivors (11264K)
 Metaspace       used 85851K, capacity 88096K, committed 88272K, reserved 1126400K
  class space    used 11076K, capacity 11937K, committed 12032K, reserved 1048576K
Heap Regions: E=young(eden), S=young(survivor), O=old, HS=humongous(starts), HC=humongous(continues), CS=collection set, F=free, A=archive, TAMS=top-at-mark-start (previous, next)
|   0|0x0000000080000000, 0x0000000080100000, 0x0000000080100000|100%| O|  |TAMS 0x0000000080100000, 0x0000000080000000| Untracked 
|   1|0x0000000080100000, 0x0000000080200000, 0x0000000080200000|100%| O|  |TAMS 0x0000000080200000, 0x0000000080100000| Untracked 
|   2|0x0000000080200000, 0x0000000080300000, 0x0000000080300000|100%| O|  |TAMS 0x0000000080300000, 0x0000000080200000| Untracked 
|   3|0x0000000080300000, 0x0000000080400000, 0x0000000080400000|100%|HS|  |TAMS 0x0000000080400000, 0x0000000080300000| Complete 
|   4|0x0000000080400000, 0x0000000080500000, 0x0000000080500000|100%|HC|  |TAMS 0x0000000080500000, 0x0000000080400000| Complete 
|   5|0x0000000080500000, 0x0000000080600000, 0x0000000080600000|100%|HC|  |TAMS 0x0000000080600000, 0x0000000080500000| Complete 
|   6|0x0000000080600000, 0x0000000080700000, 0x0000000080700000|100%| O|  |TAMS 0x0000000080700000, 0x0000000080600000| Untracked 
|   7|0x0000000080700000, 0x0000000080800000, 0x0000000080800000|100%| O|  |TAMS 0x0000000080800000, 0x0000000080700000| Untracked 
|   8|0x0000000080800000, 0x0000000080900000, 0x0000000080900000|100%| O|  |TAMS 0x0000000080900000, 0x0000000080800000| Untracked 
|   9|0x0000000080900000, 0x0000000080a00000, 0x0000000080a00000|100%| O|  |TAMS 0x0000000080a00000, 0x0000000080900000| Untracked 
|  10|0x0000000080a00000, 0x0000000080b00000, 0x0000000080b00000|100%| O|  |TAMS 0x0000000080b00000, 0x0000000080a00000| Untracked 
|  11|0x0000000080b00000, 0x0000000080c00000, 0x0000000080c00000|100%| O|  |TAMS 0x0000000080c00000, 0x0000000080b00000| Untracked 
|  12|0x0000000080c00000, 0x0000000080d00000, 0x0000000080d00000|100%| O|  |TAMS 0x0000000080d00000, 0x0000000080c00000| Untracked 
|  13|0x0000000080d00000, 0x0000000080e00000, 0x0000000080e00000|100%| O|  |TAMS 0x0000000080e00000, 0x0000000080d00000| Untracked 
|  14|0x0000000080e00000, 0x0000000080f00000, 0x0000000080f00000|100%| O|  |TAMS 0x0000000080f00000, 0x0000000080e00000| Untracked 
|  15|0x0000000080f00000, 0x0000000081000000, 0x0000000081000000|100%| O|  |TAMS 0x0000000081000000, 0x0000000080f00000| Untracked 
|  16|0x0000000081000000, 0x0000000081100000, 0x0000000081100000|100%| O|  |TAMS 0x0000000081100000, 0x0000000081000000| Untracked 
|  17|0x0000000081100000, 0x0000000081200000, 0x0000000081200000|100%|HS|  |TAMS 0x0000000081200000, 0x0000000081100000| Complete 
|  18|0x0000000081200000, 0x0000000081300000, 0x0000000081300000|100%|HS|  |TAMS 0x0000000081300000, 0x0000000081200000| Complete 
|  19|0x0000000081300000, 0x0000000081400000, 0x0000000081400000|100%| O|  |TAMS 0x0000000081400000, 0x0000000081300000| Untracked 
|  20|0x0000000081400000, 0x0000000081500000, 0x0000000081500000|100%|HS|  |TAMS 0x0000000081500000, 0x0000000081400000| Complete 
|  21|0x0000000081500000, 0x0000000081600000, 0x0000000081600000|100%|HC|  |TAMS 0x0000000081600000, 0x0000000081500000| Complete 
|  22|0x0000000081600000, 0x0000000081700000, 0x0000000081700000|100%| O|  |TAMS 0x0000000081700000, 0x0000000081600000| Untracked 
|  23|0x0000000081700000, 0x0000000081800000, 0x0000000081800000|100%| O|  |TAMS 0x0000000081800000, 0x0000000081700000| Untracked 
|  24|0x0000000081800000, 0x0000000081900000, 0x0000000081900000|100%| O|  |TAMS 0x0000000081900000, 0x0000000081800000| Untracked 
|  25|0x0000000081900000, 0x0000000081a00000, 0x0000000081a00000|100%| O|  |TAMS 0x0000000081a00000, 0x0000000081900000| Untracked 
|  26|0x0000000081a00000, 0x0000000081b00000, 0x0000000081b00000|100%| O|  |TAMS 0x0000000081b00000, 0x0000000081a00000| Untracked 
|  27|0x0000000081b00000, 0x0000000081c00000, 0x0000000081c00000|100%| O|  |TAMS 0x0000000081c00000, 0x0000000081b00000| Untracked 
|  28|0x0000000081c00000, 0x0000000081d00000, 0x0000000081d00000|100%| O|  |TAMS 0x0000000081d00000, 0x0000000081c00000| Untracked 
|  29|0x0000000081d00000, 0x0000000081e00000, 0x0000000081e00000|100%| O|  |TAMS 0x0000000081e00000, 0x0000000081d00000| Untracked 
|  30|0x0000000081e00000, 0x0000000081f00000, 0x0000000081f00000|100%| O|  |TAMS 0x0000000081f00000, 0x0000000081e00000| Untracked 
|  31|0x0000000081f00000, 0x0000000082000000, 0x0000000082000000|100%| O|  |TAMS 0x0000000082000000, 0x0000000081f00000| Untracked 
|  32|0x0000000082000000, 0x0000000082100000, 0x0000000082100000|100%| O|  |TAMS 0x0000000082100000, 0x0000000082000000| Untracked 
|  33|0x0000000082100000, 0x0000000082200000, 0x0000000082200000|100%| O|  |TAMS 0x0000000082200000, 0x0000000082100000| Untracked 
|  34|0x0000000082200000, 0x0000000082300000, 0x0000000082300000|100%| O|  |TAMS 0x0000000082300000, 0x0000000082200000| Untracked 
|  35|0x0000000082300000, 0x0000000082400000, 0x0000000082400000|100%| O|  |TAMS 0x0000000082400000, 0x0000000082300000| Untracked 
|  36|0x0000000082400000, 0x0000000082500000, 0x0000000082500000|100%| O|  |TAMS 0x0000000082500000, 0x0000000082400000| Untracked 
|  37|0x0000000082500000, 0x0000000082600000, 0x0000000082600000|100%| O|  |TAMS 0x0000000082600000, 0x0000000082500000| Untracked 
|  38|0x0000000082600000, 0x0000000082700000, 0x0000000082700000|100%| O|  |TAMS 0x0000000082700000, 0x0000000082600000| Untracked 
|  39|0x0000000082700000, 0x0000000082800000, 0x0000000082800000|100%| O|  |TAMS 0x0000000082800000, 0x0000000082700000| Untracked 
|  40|0x0000000082800000, 0x0000000082900000, 0x0000000082900000|100%| O|  |TAMS 0x0000000082900000, 0x0000000082800000| Untracked 
|  41|0x0000000082900000, 0x0000000082a00000, 0x0000000082a00000|100%| O|  |TAMS 0x0000000082a00000, 0x0000000082900000| Untracked 
|  42|0x0000000082a00000, 0x0000000082b00000, 0x0000000082b00000|100%| O|  |TAMS 0x0000000082b00000, 0x0000000082a00000| Untracked 
|  43|0x0000000082b00000, 0x0000000082c00000, 0x0000000082c00000|100%| O|  |TAMS 0x0000000082c00000, 0x0000000082b00000| Untracked 
|  44|0x0000000082c00000, 0x0000000082d00000, 0x0000000082d00000|100%| O|  |TAMS 0x0000000082d00000, 0x0000000082c00000| Untracked 
|  45|0x0000000082d00000, 0x0000000082e00000, 0x0000000082e00000|100%| O|  |TAMS 0x0000000082e00000, 0x0000000082d00000| Untracked 
|  46|0x0000000082e00000, 0x0000000082f00000, 0x0000000082f00000|100%| O|  |TAMS 0x0000000082f00000, 0x0000000082e00000| Untracked 
|  47|0x0000000082f00000, 0x0000000083000000, 0x0000000083000000|100%| O|  |TAMS 0x0000000083000000, 0x0000000082f00000| Untracked 
|  48|0x0000000083000000, 0x0000000083100000, 0x0000000083100000|100%| O|  |TAMS 0x0000000083100000, 0x0000000083000000| Untracked 
|  49|0x0000000083100000, 0x0000000083200000, 0x0000000083200000|100%| O|  |TAMS 0x0000000083200000, 0x0000000083100000| Untracked 
|  50|0x0000000083200000, 0x0000000083300000, 0x0000000083300000|100%| O|  |TAMS 0x0000000083300000, 0x0000000083200000| Untracked 
|  51|0x0000000083300000, 0x0000000083300000, 0x0000000083400000|  0%| F|  |TAMS 0x0000000083300000, 0x0000000083300000| Untracked 
|  52|0x0000000083400000, 0x0000000083400000, 0x0000000083500000|  0%| F|  |TAMS 0x0000000083400000, 0x0000000083400000| Untracked 
|  53|0x0000000083500000, 0x0000000083600000, 0x0000000083600000|100%|HS|  |TAMS 0x0000000083600000, 0x0000000083500000| Complete 
|  54|0x0000000083600000, 0x0000000083700000, 0x0000000083700000|100%| O|  |TAMS 0x0000000083700000, 0x0000000083600000| Untracked 
|  55|0x0000000083700000, 0x0000000083800000, 0x0000000083800000|100%| O|  |TAMS 0x0000000083800000, 0x0000000083700000| Untracked 
|  56|0x0000000083800000, 0x0000000083900000, 0x0000000083900000|100%| O|  |TAMS 0x0000000083900000, 0x0000000083800000| Untracked 
|  57|0x0000000083900000, 0x0000000083a00000, 0x0000000083a00000|100%| O|  |TAMS 0x0000000083a00000, 0x0000000083900000| Untracked 
|  58|0x0000000083a00000, 0x0000000083b00000, 0x0000000083b00000|100%| O|  |TAMS 0x0000000083b00000, 0x0000000083a00000| Untracked 
|  59|0x0000000083b00000, 0x0000000083c00000, 0x0000000083c00000|100%| O|  |TAMS 0x0000000083c00000, 0x0000000083b00000| Untracked 
|  60|0x0000000083c00000, 0x0000000083d00000, 0x0000000083d00000|100%| O|  |TAMS 0x0000000083d00000, 0x0000000083c00000| Untracked 
|  61|0x0000000083d00000, 0x0000000083e00000, 0x0000000083e00000|100%| O|  |TAMS 0x0000000083e00000, 0x0000000083d00000| Untracked 
|  62|0x0000000083e00000, 0x0000000083f00000, 0x0000000083f00000|100%| O|  |TAMS 0x0000000083f00000, 0x0000000083e00000| Untracked 
|  63|0x0000000083f00000, 0x0000000084000000, 0x0000000084000000|100%| O|  |TAMS 0x0000000084000000, 0x0000000083f00000| Untracked 
|  64|0x0000000084000000, 0x0000000084100000, 0x0000000084100000|100%| O|  |TAMS 0x0000000084100000, 0x0000000084000000| Untracked 
|  65|0x0000000084100000, 0x0000000084200000, 0x0000000084200000|100%| O|  |TAMS 0x0000000084200000, 0x0000000084100000| Untracked 
|  66|0x0000000084200000, 0x0000000084300000, 0x0000000084300000|100%| O|  |TAMS 0x0000000084300000, 0x0000000084200000| Untracked 
|  67|0x0000000084300000, 0x0000000084400000, 0x0000000084400000|100%|HS|  |TAMS 0x0000000084300000, 0x0000000084300000| Complete 
|  68|0x0000000084400000, 0x0000000084500000, 0x0000000084500000|100%|HC|  |TAMS 0x0000000084400000, 0x0000000084400000| Complete 
|  69|0x0000000084500000, 0x0000000084600000, 0x0000000084600000|100%|HC|  |TAMS 0x0000000084500000, 0x0000000084500000| Complete 
|  70|0x0000000084600000, 0x0000000084600000, 0x0000000084700000|  0%| F|  |TAMS 0x0000000084600000, 0x0000000084600000| Untracked 
|  71|0x0000000084700000, 0x0000000084700000, 0x0000000084800000|  0%| F|  |TAMS 0x0000000084700000, 0x0000000084700000| Untracked 
|  72|0x0000000084800000, 0x0000000084800000, 0x0000000084900000|  0%| F|  |TAMS 0x0000000084800000, 0x0000000084800000| Untracked 
|  73|0x0000000084900000, 0x0000000084900000, 0x0000000084a00000|  0%| F|  |TAMS 0x0000000084900000, 0x0000000084900000| Untracked 
|  74|0x0000000084a00000, 0x0000000084a00000, 0x0000000084b00000|  0%| F|  |TAMS 0x0000000084a00000, 0x0000000084a00000| Untracked 
|  75|0x0000000084b00000, 0x0000000084b00000, 0x0000000084c00000|  0%| F|  |TAMS 0x0000000084b00000, 0x0000000084b00000| Untracked 
|  76|0x0000000084c00000, 0x0000000084c00000, 0x0000000084d00000|  0%| F|  |TAMS 0x0000000084c00000, 0x0000000084c00000| Untracked 
|  77|0x0000000084d00000, 0x0000000084d00000, 0x0000000084e00000|  0%| F|  |TAMS 0x0000000084d00000, 0x0000000084d00000| Untracked 
|  78|0x0000000084e00000, 0x0000000084e00000, 0x0000000084f00000|  0%| F|  |TAMS 0x0000000084e00000, 0x0000000084e00000| Untracked 
|  79|0x0000000084f00000, 0x0000000084f00000, 0x0000000085000000|  0%| F|  |TAMS 0x0000000084f00000, 0x0000000084f00000| Untracked 
|  80|0x0000000085000000, 0x0000000085000000, 0x0000000085100000|  0%| F|  |TAMS 0x0000000085000000, 0x0000000085000000| Untracked 
|  81|0x0000000085100000, 0x0000000085100000, 0x0000000085200000|  0%| F|  |TAMS 0x0000000085100000, 0x0000000085100000| Untracked 
|  82|0x0000000085200000, 0x0000000085200000, 0x0000000085300000|  0%| F|  |TAMS 0x0000000085200000, 0x0000000085200000| Untracked 
|  83|0x0000000085300000, 0x0000000085300000, 0x0000000085400000|  0%| F|  |TAMS 0x0000000085300000, 0x0000000085300000| Untracked 
|  84|0x0000000085400000, 0x0000000085500000, 0x0000000085500000|100%|HS|  |TAMS 0x0000000085500000, 0x0000000085400000| Complete 
|  85|0x0000000085500000, 0x0000000085600000, 0x0000000085600000|100%|HC|  |TAMS 0x0000000085600000, 0x0000000085500000| Complete 
|  86|0x0000000085600000, 0x0000000085700000, 0x0000000085700000|100%|HC|  |TAMS 0x0000000085700000, 0x0000000085600000| Complete 
|  87|0x0000000085700000, 0x0000000085800000, 0x0000000085800000|100%| O|  |TAMS 0x0000000085800000, 0x0000000085700000| Untracked 
|  88|0x0000000085800000, 0x0000000085900000, 0x0000000085900000|100%| O|  |TAMS 0x0000000085900000, 0x0000000085800000| Untracked 
|  89|0x0000000085900000, 0x0000000085a00000, 0x0000000085a00000|100%| O|  |TAMS 0x0000000085a00000, 0x0000000085900000| Untracked 
|  90|0x0000000085a00000, 0x0000000085a00000, 0x0000000085b00000|  0%| F|  |TAMS 0x0000000085a00000, 0x0000000085a00000| Untracked 
|  91|0x0000000085b00000, 0x0000000085b00000, 0x0000000085c00000|  0%| F|  |TAMS 0x0000000085b00000, 0x0000000085b00000| Untracked 
|  92|0x0000000085c00000, 0x0000000085c00000, 0x0000000085d00000|  0%| F|  |TAMS 0x0000000085c00000, 0x0000000085c00000| Untracked 
|  93|0x0000000085d00000, 0x0000000085d00000, 0x0000000085e00000|  0%| F|  |TAMS 0x0000000085d00000, 0x0000000085d00000| Untracked 
|  94|0x0000000085e00000, 0x0000000085e00000, 0x0000000085f00000|  0%| F|  |TAMS 0x0000000085e00000, 0x0000000085e00000| Untracked 
|  95|0x0000000085f00000, 0x0000000085f00000, 0x0000000086000000|  0%| F|  |TAMS 0x0000000085f00000, 0x0000000085f00000| Untracked 
|  96|0x0000000086000000, 0x0000000086000000, 0x0000000086100000|  0%| F|  |TAMS 0x0000000086000000, 0x0000000086000000| Untracked 
|  97|0x0000000086100000, 0x0000000086200000, 0x0000000086200000|100%| O|  |TAMS 0x0000000086200000, 0x0000000086100000| Untracked 
|  98|0x0000000086200000, 0x0000000086300000, 0x0000000086300000|100%| O|  |TAMS 0x0000000086300000, 0x0000000086200000| Untracked 
|  99|0x0000000086300000, 0x0000000086400000, 0x0000000086400000|100%| O|  |TAMS 0x0000000086400000, 0x0000000086300000| Untracked 
| 100|0x0000000086400000, 0x0000000086400000, 0x0000000086500000|  0%| F|  |TAMS 0x0000000086400000, 0x0000000086400000| Untracked 
| 101|0x0000000086500000, 0x0000000086500000, 0x0000000086600000|  0%| F|  |TAMS 0x0000000086500000, 0x0000000086500000| Untracked 
| 102|0x0000000086600000, 0x0000000086600000, 0x0000000086700000|  0%| F|  |TAMS 0x0000000086600000, 0x0000000086600000| Untracked 
| 103|0x0000000086700000, 0x0000000086700000, 0x0000000086800000|  0%| F|  |TAMS 0x0000000086700000, 0x0000000086700000| Untracked 
| 104|0x0000000086800000, 0x0000000086900000, 0x0000000086900000|100%| O|  |TAMS 0x0000000086900000, 0x0000000086800000| Untracked 
| 105|0x0000000086900000, 0x0000000086a00000, 0x0000000086a00000|100%| O|  |TAMS 0x0000000086a00000, 0x0000000086900000| Untracked 
| 106|0x0000000086a00000, 0x0000000086b00000, 0x0000000086b00000|100%| O|  |TAMS 0x0000000086b00000, 0x0000000086a00000| Untracked 
| 107|0x0000000086b00000, 0x0000000086c00000, 0x0000000086c00000|100%| O|  |TAMS 0x0000000086c00000, 0x0000000086b00000| Untracked 
| 108|0x0000000086c00000, 0x0000000086d00000, 0x0000000086d00000|100%| O|  |TAMS 0x0000000086d00000, 0x0000000086c00000| Untracked 
| 109|0x0000000086d00000, 0x0000000086e00000, 0x0000000086e00000|100%| O|  |TAMS 0x0000000086e00000, 0x0000000086d00000| Untracked 
| 110|0x0000000086e00000, 0x0000000086f00000, 0x0000000086f00000|100%| O|  |TAMS 0x0000000086f00000, 0x0000000086e00000| Untracked 
| 111|0x0000000086f00000, 0x0000000087000000, 0x0000000087000000|100%| O|  |TAMS 0x0000000087000000, 0x0000000086f00000| Untracked 
| 112|0x0000000087000000, 0x0000000087100000, 0x0000000087100000|100%| O|  |TAMS 0x0000000087100000, 0x0000000087000000| Untracked 
| 113|0x0000000087100000, 0x0000000087200000, 0x0000000087200000|100%| S|CS|TAMS 0x0000000087100000, 0x0000000087100000| Complete 
| 114|0x0000000087200000, 0x0000000087300000, 0x0000000087300000|100%| S|CS|TAMS 0x0000000087200000, 0x0000000087200000| Complete 
| 115|0x0000000087300000, 0x0000000087400000, 0x0000000087400000|100%| S|CS|TAMS 0x0000000087300000, 0x0000000087300000| Complete 
| 116|0x0000000087400000, 0x0000000087500000, 0x0000000087500000|100%| S|CS|TAMS 0x0000000087400000, 0x0000000087400000| Complete 
| 117|0x0000000087500000, 0x0000000087600000, 0x0000000087600000|100%| S|CS|TAMS 0x0000000087500000, 0x0000000087500000| Complete 
| 118|0x0000000087600000, 0x0000000087700000, 0x0000000087700000|100%| S|CS|TAMS 0x0000000087600000, 0x0000000087600000| Complete 
| 119|0x0000000087700000, 0x0000000087800000, 0x0000000087800000|100%| S|CS|TAMS 0x0000000087700000, 0x0000000087700000| Complete 
| 120|0x0000000087800000, 0x0000000087900000, 0x0000000087900000|100%| S|CS|TAMS 0x0000000087800000, 0x0000000087800000| Complete 
| 121|0x0000000087900000, 0x0000000087a00000, 0x0000000087a00000|100%| S|CS|TAMS 0x0000000087900000, 0x0000000087900000| Complete 
| 122|0x0000000087a00000, 0x0000000087b00000, 0x0000000087b00000|100%| S|CS|TAMS 0x0000000087a00000, 0x0000000087a00000| Complete 
| 123|0x0000000087b00000, 0x0000000087c00000, 0x0000000087c00000|100%| S|CS|TAMS 0x0000000087b00000, 0x0000000087b00000| Complete 
| 124|0x0000000087c00000, 0x0000000087c00000, 0x0000000087d00000|  0%| F|  |TAMS 0x0000000087c00000, 0x0000000087c00000| Untracked 
| 125|0x0000000087d00000, 0x0000000087d00000, 0x0000000087e00000|  0%| F|  |TAMS 0x0000000087d00000, 0x0000000087d00000| Untracked 
| 126|0x0000000087e00000, 0x0000000087e00000, 0x0000000087f00000|  0%| F|  |TAMS 0x0000000087e00000, 0x0000000087e00000| Untracked 
| 127|0x0000000087f00000, 0x0000000087f00000, 0x0000000088000000|  0%| F|  |TAMS 0x0000000087f00000, 0x0000000087f00000| Untracked 
| 128|0x0000000088000000, 0x0000000088000000, 0x0000000088100000|  0%| F|  |TAMS 0x0000000088000000, 0x0000000088000000| Untracked 
| 129|0x0000000088100000, 0x0000000088100000, 0x0000000088200000|  0%| F|  |TAMS 0x0000000088100000, 0x0000000088100000| Untracked 
| 130|0x0000000088200000, 0x0000000088200000, 0x0000000088300000|  0%| F|  |TAMS 0x0000000088200000, 0x0000000088200000| Untracked 
| 131|0x0000000088300000, 0x0000000088300000, 0x0000000088400000|  0%| F|  |TAMS 0x0000000088300000, 0x0000000088300000| Untracked 
| 132|0x0000000088400000, 0x0000000088400000, 0x0000000088500000|  0%| F|  |TAMS 0x0000000088400000, 0x0000000088400000| Untracked 
| 133|0x0000000088500000, 0x0000000088500000, 0x0000000088600000|  0%| F|  |TAMS 0x0000000088500000, 0x0000000088500000| Untracked 
| 134|0x0000000088600000, 0x0000000088600000, 0x0000000088700000|  0%| F|  |TAMS 0x0000000088600000, 0x0000000088600000| Untracked 
| 135|0x0000000088700000, 0x0000000088700000, 0x0000000088800000|  0%| F|  |TAMS 0x0000000088700000, 0x0000000088700000| Untracked 
| 136|0x0000000088800000, 0x0000000088800000, 0x0000000088900000|  0%| F|  |TAMS 0x0000000088800000, 0x0000000088800000| Untracked 
| 137|0x0000000088900000, 0x0000000088900000, 0x0000000088a00000|  0%| F|  |TAMS 0x0000000088900000, 0x0000000088900000| Untracked 
| 138|0x0000000088a00000, 0x0000000088a00000, 0x0000000088b00000|  0%| F|  |TAMS 0x0000000088a00000, 0x0000000088a00000| Untracked 
| 139|0x0000000088b00000, 0x0000000088b00000, 0x0000000088c00000|  0%| F|  |TAMS 0x0000000088b00000, 0x0000000088b00000| Untracked 
| 140|0x0000000088c00000, 0x0000000088c00000, 0x0000000088d00000|  0%| F|  |TAMS 0x0000000088c00000, 0x0000000088c00000| Untracked 
| 141|0x0000000088d00000, 0x0000000088d00000, 0x0000000088e00000|  0%| F|  |TAMS 0x0000000088d00000, 0x0000000088d00000| Untracked 
| 142|0x0000000088e00000, 0x0000000088e00000, 0x0000000088f00000|  0%| F|  |TAMS 0x0000000088e00000, 0x0000000088e00000| Untracked 
| 143|0x0000000088f00000, 0x0000000088f00000, 0x0000000089000000|  0%| F|  |TAMS 0x0000000088f00000, 0x0000000088f00000| Untracked 
| 144|0x0000000089000000, 0x0000000089000000, 0x0000000089100000|  0%| F|  |TAMS 0x0000000089000000, 0x0000000089000000| Untracked 
| 145|0x0000000089100000, 0x0000000089100000, 0x0000000089200000|  0%| F|  |TAMS 0x0000000089100000, 0x0000000089100000| Untracked 
| 146|0x0000000089200000, 0x0000000089200000, 0x0000000089300000|  0%| F|  |TAMS 0x0000000089200000, 0x0000000089200000| Untracked 
| 147|0x0000000089300000, 0x0000000089300000, 0x0000000089400000|  0%| F|  |TAMS 0x0000000089300000, 0x0000000089300000| Untracked 
| 148|0x0000000089400000, 0x0000000089400000, 0x0000000089500000|  0%| F|  |TAMS 0x0000000089400000, 0x0000000089400000| Untracked 
| 149|0x0000000089500000, 0x0000000089500000, 0x0000000089600000|  0%| F|  |TAMS 0x0000000089500000, 0x0000000089500000| Untracked 
| 150|0x0000000089600000, 0x0000000089600000, 0x0000000089700000|  0%| F|  |TAMS 0x0000000089600000, 0x0000000089600000| Untracked 
| 151|0x0000000089700000, 0x0000000089700000, 0x0000000089800000|  0%| F|  |TAMS 0x0000000089700000, 0x0000000089700000| Untracked 
| 152|0x0000000089800000, 0x0000000089800000, 0x0000000089900000|  0%| F|  |TAMS 0x0000000089800000, 0x0000000089800000| Untracked 
| 153|0x0000000089900000, 0x0000000089900000, 0x0000000089a00000|  0%| F|  |TAMS 0x0000000089900000, 0x0000000089900000| Untracked 
| 154|0x0000000089a00000, 0x0000000089a00000, 0x0000000089b00000|  0%| F|  |TAMS 0x0000000089a00000, 0x0000000089a00000| Untracked 
| 155|0x0000000089b00000, 0x0000000089b00000, 0x0000000089c00000|  0%| F|  |TAMS 0x0000000089b00000, 0x0000000089b00000| Untracked 
| 156|0x0000000089c00000, 0x0000000089c00000, 0x0000000089d00000|  0%| F|  |TAMS 0x0000000089c00000, 0x0000000089c00000| Untracked 
| 157|0x0000000089d00000, 0x0000000089d00000, 0x0000000089e00000|  0%| F|  |TAMS 0x0000000089d00000, 0x0000000089d00000| Untracked 
| 158|0x0000000089e00000, 0x0000000089e00000, 0x0000000089f00000|  0%| F|  |TAMS 0x0000000089e00000, 0x0000000089e00000| Untracked 
| 159|0x0000000089f00000, 0x0000000089f00000, 0x000000008a000000|  0%| F|  |TAMS 0x0000000089f00000, 0x0000000089f00000| Untracked 
| 160|0x000000008a000000, 0x000000008a000000, 0x000000008a100000|  0%| F|  |TAMS 0x000000008a000000, 0x000000008a000000| Untracked 
| 161|0x000000008a100000, 0x000000008a100000, 0x000000008a200000|  0%| F|  |TAMS 0x000000008a100000, 0x000000008a100000| Untracked 
| 162|0x000000008a200000, 0x000000008a200000, 0x000000008a300000|  0%| F|  |TAMS 0x000000008a200000, 0x000000008a200000| Untracked 
| 163|0x000000008a300000, 0x000000008a300000, 0x000000008a400000|  0%| F|  |TAMS 0x000000008a300000, 0x000000008a300000| Untracked 
| 164|0x000000008a400000, 0x000000008a400000, 0x000000008a500000|  0%| F|  |TAMS 0x000000008a400000, 0x000000008a400000| Untracked 
| 165|0x000000008a500000, 0x000000008a500000, 0x000000008a600000|  0%| F|  |TAMS 0x000000008a500000, 0x000000008a500000| Untracked 
| 166|0x000000008a600000, 0x000000008a6062b0, 0x000000008a700000|  2%| E|  |TAMS 0x000000008a600000, 0x000000008a600000| Complete 
| 167|0x000000008a700000, 0x000000008a800000, 0x000000008a800000|100%| E|CS|TAMS 0x000000008a700000, 0x000000008a700000| Complete 
| 168|0x000000008a800000, 0x000000008a900000, 0x000000008a900000|100%| E|CS|TAMS 0x000000008a800000, 0x000000008a800000| Complete 
| 169|0x000000008a900000, 0x000000008aa00000, 0x000000008aa00000|100%| E|CS|TAMS 0x000000008a900000, 0x000000008a900000| Complete 
| 170|0x000000008aa00000, 0x000000008ab00000, 0x000000008ab00000|100%| E|CS|TAMS 0x000000008aa00000, 0x000000008aa00000| Complete 
| 171|0x000000008ab00000, 0x000000008ac00000, 0x000000008ac00000|100%| E|CS|TAMS 0x000000008ab00000, 0x000000008ab00000| Complete 
| 172|0x000000008ac00000, 0x000000008ad00000, 0x000000008ad00000|100%| E|CS|TAMS 0x000000008ac00000, 0x000000008ac00000| Complete 
| 173|0x000000008ad00000, 0x000000008ae00000, 0x000000008ae00000|100%| E|CS|TAMS 0x000000008ad00000, 0x000000008ad00000| Complete 
| 174|0x000000008ae00000, 0x000000008af00000, 0x000000008af00000|100%| E|CS|TAMS 0x000000008ae00000, 0x000000008ae00000| Complete 
| 175|0x000000008af00000, 0x000000008b000000, 0x000000008b000000|100%| E|CS|TAMS 0x000000008af00000, 0x000000008af00000| Complete 
| 176|0x000000008b000000, 0x000000008b100000, 0x000000008b100000|100%| E|CS|TAMS 0x000000008b000000, 0x000000008b000000| Complete 
| 177|0x000000008b100000, 0x000000008b200000, 0x000000008b200000|100%| E|CS|TAMS 0x000000008b100000, 0x000000008b100000| Complete 
| 178|0x000000008b200000, 0x000000008b300000, 0x000000008b300000|100%| E|  |TAMS 0x000000008b200000, 0x000000008b200000| Complete 
| 179|0x000000008b300000, 0x000000008b400000, 0x000000008b400000|100%| E|CS|TAMS 0x000000008b300000, 0x000000008b300000| Complete 
| 180|0x000000008b400000, 0x000000008b500000, 0x000000008b500000|100%| E|CS|TAMS 0x000000008b400000, 0x000000008b400000| Complete 
| 181|0x000000008b500000, 0x000000008b600000, 0x000000008b600000|100%| E|CS|TAMS 0x000000008b500000, 0x000000008b500000| Complete 
| 182|0x000000008b600000, 0x000000008b700000, 0x000000008b700000|100%| E|CS|TAMS 0x000000008b600000, 0x000000008b600000| Complete 
| 183|0x000000008b700000, 0x000000008b800000, 0x000000008b800000|100%| E|CS|TAMS 0x000000008b700000, 0x000000008b700000| Complete 
| 184|0x000000008b800000, 0x000000008b900000, 0x000000008b900000|100%| E|CS|TAMS 0x000000008b800000, 0x000000008b800000| Complete 
| 185|0x000000008b900000, 0x000000008ba00000, 0x000000008ba00000|100%| E|CS|TAMS 0x000000008b900000, 0x000000008b900000| Complete 
| 186|0x000000008ba00000, 0x000000008bb00000, 0x000000008bb00000|100%| E|CS|TAMS 0x000000008ba00000, 0x000000008ba00000| Complete 
| 187|0x000000008bb00000, 0x000000008bc00000, 0x000000008bc00000|100%| E|CS|TAMS 0x000000008bb00000, 0x000000008bb00000| Complete 
| 188|0x000000008bc00000, 0x000000008bd00000, 0x000000008bd00000|100%| E|CS|TAMS 0x000000008bc00000, 0x000000008bc00000| Complete 
| 189|0x000000008bd00000, 0x000000008be00000, 0x000000008be00000|100%| E|CS|TAMS 0x000000008bd00000, 0x000000008bd00000| Complete 
| 190|0x000000008be00000, 0x000000008bf00000, 0x000000008bf00000|100%| E|CS|TAMS 0x000000008be00000, 0x000000008be00000| Complete 
| 191|0x000000008bf00000, 0x000000008c000000, 0x000000008c000000|100%| E|CS|TAMS 0x000000008bf00000, 0x000000008bf00000| Complete 
| 192|0x000000008c000000, 0x000000008c100000, 0x000000008c100000|100%| O|  |TAMS 0x000000008c100000, 0x000000008c000000| Untracked 
| 193|0x000000008c100000, 0x000000008c200000, 0x000000008c200000|100%| O|  |TAMS 0x000000008c200000, 0x000000008c100000| Untracked 
| 194|0x000000008c200000, 0x000000008c300000, 0x000000008c300000|100%| O|  |TAMS 0x000000008c300000, 0x000000008c200000| Untracked 
| 195|0x000000008c300000, 0x000000008c377e00, 0x000000008c400000| 46%| O|  |TAMS 0x000000008c377e00, 0x000000008c300000| Untracked 

Card table byte_map: [0x0000016f7aee0000,0x0000016f7b2e0000] _byte_map_base: 0x0000016f7aae0000

Marking Bits (Prev, Next): (CMBitMap*) 0x0000016f67cd4108, (CMBitMap*) 0x0000016f67cd4140
 Prev Bits: [0x0000016f7b6e0000, 0x0000016f7d6e0000)
 Next Bits: [0x0000016f7d6e0000, 0x0000016f7f6e0000)

Polling page: 0x0000016f65c20000

Metaspace:

Usage:
  Non-class:     74.44 MB capacity,    73.08 MB ( 98%) used,     1.11 MB (  1%) free+waste,   251.56 KB ( <1%) overhead. 
      Class:     11.66 MB capacity,    10.83 MB ( 93%) used,   735.49 KB (  6%) free+waste,   116.63 KB ( <1%) overhead. 
       Both:     86.09 MB capacity,    83.91 MB ( 97%) used,     1.82 MB (  2%) free+waste,   368.19 KB ( <1%) overhead. 

Virtual space:
  Non-class space:       76.00 MB reserved,      74.45 MB ( 98%) committed 
      Class space:        1.00 GB reserved,      11.75 MB (  1%) committed 
             Both:        1.07 GB reserved,      86.20 MB (  8%) committed 

Chunk freelists:
   Non-Class:  17.00 KB
       Class:  31.00 KB
        Both:  48.00 KB

MaxMetaspaceSize: 17179869184.00 GB
CompressedClassSpaceSize: 1.00 GB
Initial GC threshold: 20.80 MB
Current GC threshold: 143.05 MB
CDS: off

CodeHeap 'non-profiled nmethods': size=120000Kb used=7246Kb max_used=7246Kb free=112753Kb
 bounds [0x0000016f73280000, 0x0000016f739a0000, 0x0000016f7a7b0000]
CodeHeap 'profiled nmethods': size=120000Kb used=22600Kb max_used=22600Kb free=97400Kb
 bounds [0x0000016f6bd50000, 0x0000016f6d370000, 0x0000016f73280000]
CodeHeap 'non-nmethods': size=5760Kb used=2370Kb max_used=2450Kb free=3390Kb
 bounds [0x0000016f6b7b0000, 0x0000016f6ba20000, 0x0000016f6bd50000]
 total_blobs=11337 nmethods=10447 adapters=802
 compilation: enabled
              stopped_count=0, restarted_count=0
 full_count=0

Compilation events (20 events):
Event: 25.237 Thread 0x0000016f02a65800 10560       3       java.io.ObjectInputStream::defaultReadFields (188 bytes)
Event: 25.252 Thread 0x0000016f02a65800 nmethod 10560 0x0000016f6d350210 code [0x0000016f6d350480, 0x0000016f6d351068]
Event: 25.252 Thread 0x0000016f02a65800 10569       2       java.lang.AbstractStringBuilder::append (55 bytes)
Event: 25.253 Thread 0x0000016f02a65800 nmethod 10569 0x0000016f6d351510 code [0x0000016f6d3516e0, 0x0000016f6d3518d8]
Event: 25.253 Thread 0x0000016f02a65800 10567 %     3       java.io.ObjectInputStream$BlockDataInputStream::readUTFBody @ 61 (192 bytes)
Event: 25.255 Thread 0x0000016f02a65800 nmethod 10567% 0x0000016f6d351a10 code [0x0000016f6d351cc0, 0x0000016f6d352ab8]
Event: 25.256 Thread 0x0000016f02a65800 10570 %     3       java.io.ObjectInputStream$BlockDataInputStream::readFully @ 0 (42 bytes)
Event: 25.256 Thread 0x0000016f02a65800 nmethod 10570% 0x0000016f6d352f10 code [0x0000016f6d353100, 0x0000016f6d353498]
Event: 25.256 Thread 0x0000016f02a65800 10556       3       java.io.ObjectOutputStream$HandleTable::growSpine (67 bytes)
Event: 25.257 Thread 0x0000016f02a65800 nmethod 10556 0x0000016f6d353610 code [0x0000016f6d353800, 0x0000016f6d353b98]
Event: 25.257 Thread 0x0000016f02a65800 10563       2       java.io.ObjectInputStream$BlockDataInputStream::skipBlockData (32 bytes)
Event: 25.258 Thread 0x0000016f02a65800 nmethod 10563 0x0000016f6d353d10 code [0x0000016f6d353ee0, 0x0000016f6d354138]
Event: 25.258 Thread 0x0000016f02a65800 10574       2       java.io.ObjectStreamClass::computeFieldOffsets (307 bytes)
Event: 25.261 Thread 0x0000016f02a65800 nmethod 10574 0x0000016f6d354290 code [0x0000016f6d3544a0, 0x0000016f6d3549e8]
Event: 25.261 Thread 0x0000016f02a65800 10575       2       java.io.ObjectStreamClass$FieldReflectorKey::<init> (102 bytes)
Event: 25.262 Thread 0x0000016f02a65800 nmethod 10575 0x0000016f6d354c90 code [0x0000016f6d354ea0, 0x0000016f6d355488]
Event: 25.262 Thread 0x0000016f02a65800 10572       2       java.util.Collections::reverse (125 bytes)
Event: 25.265 Thread 0x0000016f02a65800 nmethod 10572 0x0000016f6d355710 code [0x0000016f6d355960, 0x0000016f6d355dc8]
Event: 25.267 Thread 0x0000016f02a65800 10561   !   2       java.io.ObjectInputStream$BlockDataInputStream::readBlockHeader (249 bytes)
Event: 25.283 Thread 0x0000016f02a65800 nmethod 10561 0x0000016f6d356090 code [0x0000016f6d3563c0, 0x0000016f6d3571c8]

GC Heap History (20 events):
Event: 5.531 GC heap before
{Heap before GC invocations=3 (full 0):
 garbage-first heap   total 196608K, used 81262K [0x0000000080000000, 0x0000000100000000)
  region size 1024K, 74 young (75776K), 11 survivors (11264K)
 Metaspace       used 27073K, capacity 27715K, committed 27904K, reserved 1073152K
  class space    used 3514K, capacity 3740K, committed 3840K, reserved 1048576K
}
Event: 5.542 GC heap after
{Heap after GC invocations=4 (full 0):
 garbage-first heap   total 196608K, used 19383K [0x0000000080000000, 0x0000000100000000)
  region size 1024K, 3 young (3072K), 3 survivors (3072K)
 Metaspace       used 27073K, capacity 27715K, committed 27904K, reserved 1073152K
  class space    used 3514K, capacity 3740K, committed 3840K, reserved 1048576K
}
Event: 6.585 GC heap before
{Heap before GC invocations=4 (full 0):
 garbage-first heap   total 196608K, used 72631K [0x0000000080000000, 0x0000000100000000)
  region size 1024K, 56 young (57344K), 3 survivors (3072K)
 Metaspace       used 35185K, capacity 35950K, committed 36048K, reserved 1081344K
  class space    used 4523K, capacity 4808K, committed 4864K, reserved 1048576K
}
Event: 6.595 GC heap after
{Heap after GC invocations=5 (full 0):
 garbage-first heap   total 196608K, used 22433K [0x0000000080000000, 0x0000000100000000)
  region size 1024K, 6 young (6144K), 6 survivors (6144K)
 Metaspace       used 35185K, capacity 35950K, committed 36048K, reserved 1081344K
  class space    used 4523K, capacity 4808K, committed 4864K, reserved 1048576K
}
Event: 8.518 GC heap before
{Heap before GC invocations=6 (full 0):
 garbage-first heap   total 196608K, used 133025K [0x0000000080000000, 0x0000000100000000)
  region size 1024K, 111 young (113664K), 6 survivors (6144K)
 Metaspace       used 44414K, capacity 45464K, committed 45648K, reserved 1089536K
  class space    used 5609K, capacity 6001K, committed 6016K, reserved 1048576K
}
Event: 8.530 GC heap after
{Heap after GC invocations=7 (full 0):
 garbage-first heap   total 196608K, used 29334K [0x0000000080000000, 0x0000000100000000)
  region size 1024K, 13 young (13312K), 13 survivors (13312K)
 Metaspace       used 44414K, capacity 45464K, committed 45648K, reserved 1089536K
  class space    used 5609K, capacity 6001K, committed 6016K, reserved 1048576K
}
Event: 9.877 GC heap before
{Heap before GC invocations=7 (full 0):
 garbage-first heap   total 196608K, used 137878K [0x0000000080000000, 0x0000000100000000)
  region size 1024K, 115 young (117760K), 13 survivors (13312K)
 Metaspace       used 49886K, capacity 51144K, committed 51280K, reserved 1093632K
  class space    used 6303K, capacity 6776K, committed 6784K, reserved 1048576K
}
Event: 9.890 GC heap after
{Heap after GC invocations=8 (full 0):
 garbage-first heap   total 196608K, used 41058K [0x0000000080000000, 0x0000000100000000)
  region size 1024K, 15 young (15360K), 15 survivors (15360K)
 Metaspace       used 49886K, capacity 51144K, committed 51280K, reserved 1093632K
  class space    used 6303K, capacity 6776K, committed 6784K, reserved 1048576K
}
Event: 11.305 GC heap before
{Heap before GC invocations=8 (full 0):
 garbage-first heap   total 196608K, used 105570K [0x0000000080000000, 0x0000000100000000)
  region size 1024K, 79 young (80896K), 15 survivors (15360K)
 Metaspace       used 59008K, capacity 60403K, committed 60496K, reserved 1101824K
  class space    used 7447K, capacity 7983K, committed 8064K, reserved 1048576K
}
Event: 11.323 GC heap after
{Heap after GC invocations=9 (full 0):
 garbage-first heap   total 196608K, used 43817K [0x0000000080000000, 0x0000000100000000)
  region size 1024K, 11 young (11264K), 11 survivors (11264K)
 Metaspace       used 59008K, capacity 60403K, committed 60496K, reserved 1101824K
  class space    used 7447K, capacity 7983K, committed 8064K, reserved 1048576K
}
Event: 13.354 GC heap before
{Heap before GC invocations=10 (full 0):
 garbage-first heap   total 196608K, used 155433K [0x0000000080000000, 0x0000000100000000)
  region size 1024K, 113 young (115712K), 11 survivors (11264K)
 Metaspace       used 65091K, capacity 66630K, committed 66896K, reserved 1107968K
  class space    used 8222K, capacity 8782K, committed 8832K, reserved 1048576K
}
Event: 13.368 GC heap after
{Heap after GC invocations=11 (full 0):
 garbage-first heap   total 196608K, used 52630K [0x0000000080000000, 0x0000000100000000)
  region size 1024K, 11 young (11264K), 11 survivors (11264K)
 Metaspace       used 65091K, capacity 66630K, committed 66896K, reserved 1107968K
  class space    used 8222K, capacity 8782K, committed 8832K, reserved 1048576K
}
Event: 15.568 GC heap before
{Heap before GC invocations=11 (full 0):
 garbage-first heap   total 196608K, used 149910K [0x0000000080000000, 0x0000000100000000)
  region size 1024K, 106 young (108544K), 11 survivors (11264K)
 Metaspace       used 73924K, capacity 75603K, committed 75728K, reserved 1114112K
  class space    used 9592K, capacity 10236K, committed 10240K, reserved 1048576K
}
Event: 15.585 GC heap after
{Heap after GC invocations=12 (full 0):
 garbage-first heap   total 196608K, used 58725K [0x0000000080000000, 0x0000000100000000)
  region size 1024K, 7 young (7168K), 7 survivors (7168K)
 Metaspace       used 73924K, capacity 75603K, committed 75728K, reserved 1114112K
  class space    used 9592K, capacity 10236K, committed 10240K, reserved 1048576K
}
Event: 18.327 GC heap before
{Heap before GC invocations=12 (full 0):
 garbage-first heap   total 196608K, used 152933K [0x0000000080000000, 0x0000000100000000)
  region size 1024K, 99 young (101376K), 7 survivors (7168K)
 Metaspace       used 81611K, capacity 83724K, committed 84048K, reserved 1122304K
  class space    used 10723K, capacity 11526K, committed 11648K, reserved 1048576K
}
Event: 18.346 GC heap after
{Heap after GC invocations=13 (full 0):
 garbage-first heap   total 196608K, used 64543K [0x0000000080000000, 0x0000000100000000)
  region size 1024K, 13 young (13312K), 13 survivors (13312K)
 Metaspace       used 81611K, capacity 83724K, committed 84048K, reserved 1122304K
  class space    used 10723K, capacity 11526K, committed 11648K, reserved 1048576K
}
Event: 22.081 GC heap before
{Heap before GC invocations=13 (full 0):
 garbage-first heap   total 196608K, used 156703K [0x0000000080000000, 0x0000000100000000)
  region size 1024K, 101 young (103424K), 13 survivors (13312K)
 Metaspace       used 84208K, capacity 86416K, committed 86480K, reserved 1124352K
  class space    used 10941K, capacity 11755K, committed 11776K, reserved 1048576K
}
Event: 22.119 GC heap after
{Heap after GC invocations=14 (full 0):
 garbage-first heap   total 196608K, used 79598K [0x0000000080000000, 0x0000000100000000)
  region size 1024K, 13 young (13312K), 13 survivors (13312K)
 Metaspace       used 84208K, capacity 86416K, committed 86480K, reserved 1124352K
  class space    used 10941K, capacity 11755K, committed 11776K, reserved 1048576K
}
Event: 24.794 GC heap before
{Heap before GC invocations=14 (full 0):
 garbage-first heap   total 196608K, used 167662K [0x0000000080000000, 0x0000000100000000)
  region size 1024K, 81 young (82944K), 13 survivors (13312K)
 Metaspace       used 85112K, capacity 87295K, committed 87376K, reserved 1124352K
  class space    used 11012K, capacity 11856K, committed 11904K, reserved 1048576K
}
Event: 24.916 GC heap after
{Heap after GC invocations=15 (full 0):
 garbage-first heap   total 200704K, used 99807K [0x0000000080000000, 0x0000000100000000)
  region size 1024K, 11 young (11264K), 11 survivors (11264K)
 Metaspace       used 85112K, capacity 87295K, committed 87376K, reserved 1124352K
  class space    used 11012K, capacity 11856K, committed 11904K, reserved 1048576K
}

Deoptimization events (20 events):
Event: 25.126 Thread 0x0000016f05776000 Uncommon trap: trap_request=0xffffff4d fr.pc=0x0000016f73817540 relative=0x00000000000000a0
Event: 25.126 Thread 0x0000016f05776000 Uncommon trap: reason=unstable_if action=reinterpret pc=0x0000016f73817540 method=org.gradle.tooling.internal.provider.runner.ClientBuildEventGenerator$Disabled.accept(Lorg/gradle/internal/operations/BuildOperationDescriptor;)Lorg/gradle/tooling/internal/
Event: 25.126 Thread 0x0000016f05776000 DEOPT PACKING pc=0x0000016f73817540 sp=0x000000535dcfe080
Event: 25.126 Thread 0x0000016f05776000 DEOPT UNPACKING pc=0x0000016f6b7fa1af sp=0x000000535dcfe030 mode 2
Event: 25.183 Thread 0x0000016f05770800 DEOPT PACKING pc=0x0000016f6d32a780 sp=0x000000535ddfcf20
Event: 25.183 Thread 0x0000016f05770800 DEOPT UNPACKING pc=0x0000016f6b7fa95e sp=0x000000535ddfc400 mode 0
Event: 25.199 Thread 0x0000016f05776000 DEOPT PACKING pc=0x0000016f6d32207a sp=0x000000535dcfc660
Event: 25.199 Thread 0x0000016f05776000 DEOPT UNPACKING pc=0x0000016f6b7fa95e sp=0x000000535dcfbb40 mode 0
Event: 25.200 Thread 0x0000016f05776000 DEOPT PACKING pc=0x0000016f6d31b42f sp=0x000000535dcfc2a0
Event: 25.200 Thread 0x0000016f05776000 DEOPT UNPACKING pc=0x0000016f6b7fa95e sp=0x000000535dcfb7f8 mode 0
Event: 25.202 Thread 0x0000016f05776000 DEOPT PACKING pc=0x0000016f6d318472 sp=0x000000535dcfc0d0
Event: 25.202 Thread 0x0000016f05776000 DEOPT UNPACKING pc=0x0000016f6b7fa95e sp=0x000000535dcfb620 mode 0
Event: 25.207 Thread 0x0000016f05772000 DEOPT PACKING pc=0x0000016f6d32207a sp=0x000000535e1fc2f0
Event: 25.207 Thread 0x0000016f05772000 DEOPT UNPACKING pc=0x0000016f6b7fa95e sp=0x000000535e1fb7d0 mode 0
Event: 25.223 Thread 0x0000016f0a08f000 DEOPT PACKING pc=0x0000016f6d30d20c sp=0x000000535d0f8e40
Event: 25.223 Thread 0x0000016f0a08f000 DEOPT UNPACKING pc=0x0000016f6b7fa95e sp=0x000000535d0f82e8 mode 0
Event: 25.234 Thread 0x0000016f05774800 DEOPT PACKING pc=0x0000016f6d31d247 sp=0x000000535defc830
Event: 25.234 Thread 0x0000016f05774800 DEOPT UNPACKING pc=0x0000016f6b7fa95e sp=0x000000535defbcf0 mode 0
Event: 25.235 Thread 0x0000016f05776000 DEOPT PACKING pc=0x0000016f6d317733 sp=0x000000535dcfcc20
Event: 25.235 Thread 0x0000016f05776000 DEOPT UNPACKING pc=0x0000016f6b7fa95e sp=0x000000535dcfc0a8 mode 0

Classes redefined (0 events):
No events

Internal exceptions (20 events):
Event: 17.629 Thread 0x0000016f0a082800 Exception <a 'java/lang/NoSuchMethodError'{0x0000000087f4de68}: 'void java.lang.invoke.DirectMethodHandle$Holder.invokeSpecial(java.lang.Object, java.lang.Object, java.lang.Object, int)'> (0x0000000087f4de68) thrown at [./src/hotspot/share/interpreter/linkResolver.cpp, line 773]
Event: 17.650 Thread 0x0000016f0a08f000 Exception <a 'java/lang/NoSuchMethodError'{0x0000000087e410a0}: 'int java.lang.invoke.DirectMethodHandle$Holder.invokeSpecial(java.lang.Object, java.lang.Object, java.lang.Object, java.lang.Object, java.lang.Object)'> (0x0000000087e410a0) thrown at [./src/hotspot/share/interpreter/linkResolver.cpp, line 773]
Event: 17.971 Thread 0x0000016f0a08f000 Exception <a 'java/lang/NoSuchMethodError'{0x00000000879f5510}: 'void java.lang.invoke.DirectMethodHandle$Holder.invokeStatic(java.lang.Object, java.lang.Object, java.lang.Object, java.lang.Object, int, java.lang.Object, java.lang.Object)'> (0x00000000879f5510) thrown at [./src/hotspot/share/interpreter/linkResolver.cpp, line 773]
Event: 18.061 Thread 0x0000016f09c55800 Exception <a 'java/lang/NoSuchMethodError'{0x00000000871a5c80}: 'java.lang.Object java.lang.invoke.DirectMethodHandle$Holder.invokeSpecialIFC(java.lang.Object, java.lang.Object, java.lang.Object)'> (0x00000000871a5c80) thrown at [./src/hotspot/share/interpreter/linkResolver.cpp, line 773]
Event: 18.061 Thread 0x0000016f09c58000 Exception <a 'java/lang/NoSuchMethodError'{0x0000000087785738}: 'java.lang.Object java.lang.invoke.DirectMethodHandle$Holder.invokeSpecialIFC(java.lang.Object, java.lang.Object, java.lang.Object)'> (0x0000000087785738) thrown at [./src/hotspot/share/interpreter/linkResolver.cpp, line 773]
Event: 18.062 Thread 0x0000016f09c59800 Exception <a 'java/lang/NoSuchMethodError'{0x000000008717e870}: 'java.lang.Object java.lang.invoke.DirectMethodHandle$Holder.invokeSpecialIFC(java.lang.Object, java.lang.Object, java.lang.Object)'> (0x000000008717e870) thrown at [./src/hotspot/share/interpreter/linkResolver.cpp, line 773]
Event: 18.062 Thread 0x0000016f09c56000 Exception <a 'java/lang/NoSuchMethodError'{0x00000000871bce10}: 'java.lang.Object java.lang.invoke.DirectMethodHandle$Holder.invokeSpecialIFC(java.lang.Object, java.lang.Object, java.lang.Object)'> (0x00000000871bce10) thrown at [./src/hotspot/share/interpreter/linkResolver.cpp, line 773]
Event: 18.062 Thread 0x0000016f09c57000 Exception <a 'java/lang/NoSuchMethodError'{0x0000000087189ef8}: 'java.lang.Object java.lang.invoke.DirectMethodHandle$Holder.invokeSpecialIFC(java.lang.Object, java.lang.Object, java.lang.Object)'> (0x0000000087189ef8) thrown at [./src/hotspot/share/interpreter/linkResolver.cpp, line 773]
Event: 18.062 Thread 0x0000016f067dc000 Exception <a 'java/lang/NoSuchMethodError'{0x000000008776bb40}: 'java.lang.Object java.lang.invoke.DirectMethodHandle$Holder.invokeSpecialIFC(java.lang.Object, java.lang.Object, java.lang.Object)'> (0x000000008776bb40) thrown at [./src/hotspot/share/interpreter/linkResolver.cpp, line 773]
Event: 18.062 Thread 0x0000016f09c5c000 Exception <a 'java/lang/NoSuchMethodError'{0x0000000087751140}: 'java.lang.Object java.lang.invoke.DirectMethodHandle$Holder.invokeSpecialIFC(java.lang.Object, java.lang.Object, java.lang.Object)'> (0x0000000087751140) thrown at [./src/hotspot/share/interpreter/linkResolver.cpp, line 773]
Event: 18.065 Thread 0x0000016f0a08f000 Exception <a 'java/lang/NoSuchMethodError'{0x00000000871d7090}: 'java.lang.Object java.lang.invoke.DirectMethodHandle$Holder.invokeSpecialIFC(java.lang.Object, java.lang.Object, java.lang.Object)'> (0x00000000871d7090) thrown at [./src/hotspot/share/interpreter/linkResolver.cpp, line 773]
Event: 18.982 Thread 0x0000016f09d60800 Implicit null exception at 0x0000016f73815b5b to 0x0000016f73815bec
Event: 19.431 Thread 0x0000016f0a08f000 Exception <a 'java/lang/NoSuchMethodError'{0x00000000899d43f0}: 'void java.lang.invoke.DirectMethodHandle$Holder.invokeInterface(java.lang.Object, java.lang.Object, java.lang.Object, java.lang.Object)'> (0x00000000899d43f0) thrown at [./src/hotspot/share/interpreter/linkResolver.cpp, line 773]
Event: 19.494 Thread 0x0000016f0a08f000 Exception <a 'java/lang/NoSuchMethodError'{0x0000000089744fd0}: 'void java.lang.invoke.DirectMethodHandle$Holder.invokeVirtual(java.lang.Object, java.lang.Object)'> (0x0000000089744fd0) thrown at [./src/hotspot/share/interpreter/linkResolver.cpp, line 773]
Event: 24.698 Thread 0x0000016f0a08f000 Implicit null exception at 0x0000016f73951f41 to 0x0000016f73957e54
Event: 24.698 Thread 0x0000016f0a08f000 Implicit null exception at 0x0000016f73951f41 to 0x0000016f73957e54
Event: 24.791 Thread 0x0000016f0a08f000 Implicit null exception at 0x0000016f73951f41 to 0x0000016f73957e54
Event: 25.011 Thread 0x0000016f0a08f000 Exception <a 'java/lang/NoSuchMethodError'{0x000000008bed1460}: <clinit>> (0x000000008bed1460) thrown at [./src/hotspot/share/prims/jni.cpp, line 1366]
Event: 25.057 Thread 0x0000016f0a08f000 Exception <a 'java/lang/NoSuchMethodError'{0x000000008bc5b978}: <clinit>> (0x000000008bc5b978) thrown at [./src/hotspot/share/prims/jni.cpp, line 1366]
Event: 25.080 Thread 0x0000016f0a08f000 Exception <a 'java/lang/NoSuchMethodError'{0x000000008bbcb9d0}: <clinit>> (0x000000008bbcb9d0) thrown at [./src/hotspot/share/prims/jni.cpp, line 1366]

Events (20 events):
Event: 25.262 loading class com/android/aaptcompiler/ResourceCompiler$getCompileMethod$1 done
Event: 25.262 loading class kotlin/jvm/functions/Function4
Event: 25.262 loading class kotlin/jvm/functions/Function4 done
Event: 25.262 loading class kotlin/jvm/functions/Function4
Event: 25.262 loading class kotlin/jvm/functions/Function4 done
Event: 25.263 Executing VM operation: RevokeBias
Event: 25.265 Executing VM operation: RevokeBias done
Event: 25.265 Executing VM operation: RevokeBias
Event: 25.267 Executing VM operation: RevokeBias done
Event: 25.268 loading class com/android/aaptcompiler/ResourceTable
Event: 25.268 loading class com/android/aaptcompiler/ResourceTable done
Event: 25.269 Executing VM operation: RevokeBias
Event: 25.272 Executing VM operation: RevokeBias done
Event: 25.272 Executing VM operation: RevokeBias
Event: 25.274 Executing VM operation: RevokeBias done
Event: 25.275 Executing VM operation: RevokeBias
Event: 25.276 Executing VM operation: RevokeBias done
Event: 25.277 Executing VM operation: RevokeBias
Event: 25.281 Executing VM operation: RevokeBias done
Event: 25.281 Executing VM operation: BulkRevokeBias


Dynamic libraries:
0x00007ff78c320000 - 0x00007ff78c32a000 	C:\Program Files\Android\Android Studio\jre\bin\java.exe
0x00007ffd9d640000 - 0x00007ffd9d849000 	C:\WINDOWS\SYSTEM32\ntdll.dll
0x00007ffd9bea0000 - 0x00007ffd9bf5e000 	C:\WINDOWS\System32\KERNEL32.DLL
0x00007ffd9ad80000 - 0x00007ffd9b0fb000 	C:\WINDOWS\System32\KERNELBASE.dll
0x00007ffd9b2e0000 - 0x00007ffd9b3f1000 	C:\WINDOWS\System32\ucrtbase.dll
0x00007ffd92790000 - 0x00007ffd927a7000 	C:\Program Files\Android\Android Studio\jre\bin\VCRUNTIME140.dll
0x00007ffd927b0000 - 0x00007ffd927c9000 	C:\Program Files\Android\Android Studio\jre\bin\jli.dll
0x00007ffd9bbe0000 - 0x00007ffd9bd8d000 	C:\WINDOWS\System32\USER32.dll
0x00007ffd9ab10000 - 0x00007ffd9ab36000 	C:\WINDOWS\System32\win32u.dll
0x00007ffd9be70000 - 0x00007ffd9be99000 	C:\WINDOWS\System32\GDI32.dll
0x00007ffd871e0000 - 0x00007ffd87485000 	C:\WINDOWS\WinSxS\amd64_microsoft.windows.common-controls_6595b64144ccf1df_6.0.22000.120_none_9d947278b86cc467\COMCTL32.dll
0x00007ffd9ac60000 - 0x00007ffd9ad78000 	C:\WINDOWS\System32\gdi32full.dll
0x00007ffd9d1e0000 - 0x00007ffd9d283000 	C:\WINDOWS\System32\msvcrt.dll
0x00007ffd9abc0000 - 0x00007ffd9ac5d000 	C:\WINDOWS\System32\msvcp_win.dll
0x00007ffd9bb00000 - 0x00007ffd9bb32000 	C:\WINDOWS\System32\IMM32.DLL
0x00007ffd91220000 - 0x00007ffd912bd000 	C:\Program Files\Android\Android Studio\jre\bin\msvcp140.dll
0x00007ffd40c60000 - 0x00007ffd41762000 	C:\Program Files\Android\Android Studio\jre\bin\server\jvm.dll
0x00007ffd9c7f0000 - 0x00007ffd9c89e000 	C:\WINDOWS\System32\ADVAPI32.dll
0x00007ffd9d450000 - 0x00007ffd9d4ee000 	C:\WINDOWS\System32\sechost.dll
0x00007ffd9b680000 - 0x00007ffd9b7a0000 	C:\WINDOWS\System32\RPCRT4.dll
0x00007ffd9c8a0000 - 0x00007ffd9c8a8000 	C:\WINDOWS\System32\PSAPI.DLL
0x00007ffd850b0000 - 0x00007ffd850b9000 	C:\WINDOWS\SYSTEM32\WSOCK32.dll
0x00007ffd8a630000 - 0x00007ffd8a663000 	C:\WINDOWS\SYSTEM32\WINMM.dll
0x00007ffd895c0000 - 0x00007ffd895ca000 	C:\WINDOWS\SYSTEM32\VERSION.dll
0x00007ffd9c720000 - 0x00007ffd9c78f000 	C:\WINDOWS\System32\WS2_32.dll
0x00007ffd99b50000 - 0x00007ffd99b68000 	C:\WINDOWS\SYSTEM32\kernel.appcore.dll
0x00007ffd96e90000 - 0x00007ffd96ea1000 	C:\Program Files\Android\Android Studio\jre\bin\verify.dll
0x00007ffd985c0000 - 0x00007ffd987e1000 	C:\WINDOWS\SYSTEM32\DBGHELP.DLL
0x00007ffd96340000 - 0x00007ffd96371000 	C:\WINDOWS\SYSTEM32\dbgcore.DLL
0x00007ffd9ab40000 - 0x00007ffd9abbf000 	C:\WINDOWS\System32\bcryptPrimitives.dll
0x00007ffd92330000 - 0x00007ffd92359000 	C:\Program Files\Android\Android Studio\jre\bin\java.dll
0x00007ffd96e70000 - 0x00007ffd96e7b000 	C:\Program Files\Android\Android Studio\jre\bin\jimage.dll
0x00007ffd958a0000 - 0x00007ffd958b8000 	C:\Program Files\Android\Android Studio\jre\bin\zip.dll
0x00007ffd9bf60000 - 0x00007ffd9c717000 	C:\WINDOWS\System32\SHELL32.dll
0x00007ffd98bc0000 - 0x00007ffd99425000 	C:\WINDOWS\SYSTEM32\windows.storage.dll
0x00007ffd9c970000 - 0x00007ffd9cce8000 	C:\WINDOWS\System32\combase.dll
0x00007ffd98a50000 - 0x00007ffd98bb6000 	C:\WINDOWS\SYSTEM32\wintypes.dll
0x00007ffd9ba10000 - 0x00007ffd9bafa000 	C:\WINDOWS\System32\SHCORE.dll
0x00007ffd9b920000 - 0x00007ffd9b97d000 	C:\WINDOWS\System32\shlwapi.dll
0x00007ffd9aa40000 - 0x00007ffd9aa61000 	C:\WINDOWS\SYSTEM32\profapi.dll
0x00007ffd92250000 - 0x00007ffd9226a000 	C:\Program Files\Android\Android Studio\jre\bin\net.dll
0x00007ffd8ae80000 - 0x00007ffd8af94000 	C:\WINDOWS\SYSTEM32\WINHTTP.dll
0x00007ffd99ff0000 - 0x00007ffd9a057000 	C:\WINDOWS\system32\mswsock.dll
0x00007ffd92230000 - 0x00007ffd92244000 	C:\Program Files\Android\Android Studio\jre\bin\nio.dll
0x00007ffd91140000 - 0x00007ffd91167000 	C:\Users\Padma\.gradle\native\e1d6ef7f7dcc3fd88c89a11ec53ec762bb8ba0a96d01ffa2cd45eb1d1d8dd5c5\windows-amd64\native-platform.dll
0x00007ffd6a390000 - 0x00007ffd6a4d4000 	C:\Users\Padma\.gradle\native\0d407fdbe67a94daf76414ababcb853783967236a71b16ec16e742cd7a986fd3\windows-amd64\native-platform-file-events.dll
0x00007ffd96580000 - 0x00007ffd9658a000 	C:\Program Files\Android\Android Studio\jre\bin\management.dll
0x00007ffd92690000 - 0x00007ffd9269d000 	C:\Program Files\Android\Android Studio\jre\bin\management_ext.dll
0x00007ffd9a270000 - 0x00007ffd9a288000 	C:\WINDOWS\SYSTEM32\CRYPTSP.dll
0x00007ffd99ab0000 - 0x00007ffd99ae5000 	C:\WINDOWS\system32\rsaenh.dll
0x00007ffd9a100000 - 0x00007ffd9a129000 	C:\WINDOWS\SYSTEM32\USERENV.dll
0x00007ffd9a400000 - 0x00007ffd9a427000 	C:\WINDOWS\SYSTEM32\bcrypt.dll
0x00007ffd9a290000 - 0x00007ffd9a29c000 	C:\WINDOWS\SYSTEM32\CRYPTBASE.dll
0x00007ffd99680000 - 0x00007ffd996ad000 	C:\WINDOWS\SYSTEM32\IPHLPAPI.DLL
0x00007ffd9bb40000 - 0x00007ffd9bb49000 	C:\WINDOWS\System32\NSI.dll
0x00007ffd8ad70000 - 0x00007ffd8ad89000 	C:\WINDOWS\SYSTEM32\dhcpcsvc6.DLL
0x00007ffd946f0000 - 0x00007ffd9470e000 	C:\WINDOWS\SYSTEM32\dhcpcsvc.DLL
0x00007ffd996b0000 - 0x00007ffd99798000 	C:\WINDOWS\SYSTEM32\DNSAPI.dll

dbghelp: loaded successfully - version: 4.0.5 - missing functions: none
symbol engine: initialized successfully - sym options: 0x614 - pdb path: .;C:\Program Files\Android\Android Studio\jre\bin;C:\WINDOWS\SYSTEM32;C:\WINDOWS\WinSxS\amd64_microsoft.windows.common-controls_6595b64144ccf1df_6.0.22000.120_none_9d947278b86cc467;C:\Program Files\Android\Android Studio\jre\bin\server;C:\Users\Padma\.gradle\native\e1d6ef7f7dcc3fd88c89a11ec53ec762bb8ba0a96d01ffa2cd45eb1d1d8dd5c5\windows-amd64;C:\Users\Padma\.gradle\native\0d407fdbe67a94daf76414ababcb853783967236a71b16ec16e742cd7a986fd3\windows-amd64

VM Arguments:
jvm_args: --add-opens=java.base/java.util=ALL-UNNAMED --add-opens=java.base/java.lang=ALL-UNNAMED --add-opens=java.base/java.lang.invoke=ALL-UNNAMED --add-opens=java.base/java.util=ALL-UNNAMED --add-opens=java.prefs/java.util.prefs=ALL-UNNAMED --add-opens=java.prefs/java.util.prefs=ALL-UNNAMED --add-opens=java.base/java.nio.charset=ALL-UNNAMED --add-opens=java.base/java.net=ALL-UNNAMED --add-opens=java.base/java.util.concurrent.atomic=ALL-UNNAMED -Xmx2048m -Dfile.encoding=UTF-8 -Duser.country=CA -Duser.language=en -Duser.variant 
java_command: org.gradle.launcher.daemon.bootstrap.GradleDaemon 7.4
java_class_path (initial): C:\Users\Padma\.gradle\wrapper\dists\gradle-7.4-bin\c0gwcg53nkjbqw7r0h0umtfvt\gradle-7.4\lib\gradle-launcher-7.4.jar
Launcher Type: SUN_STANDARD

[Global flags]
     intx CICompilerCount                          = 4                                         {product} {ergonomic}
     uint ConcGCThreads                            = 2                                         {product} {ergonomic}
     uint G1ConcRefinementThreads                  = 8                                         {product} {ergonomic}
   size_t G1HeapRegionSize                         = 1048576                                   {product} {ergonomic}
    uintx GCDrainStackTargetSize                   = 64                                        {product} {ergonomic}
   size_t InitialHeapSize                          = 201326592                                 {product} {ergonomic}
   size_t MarkStackSize                            = 4194304                                   {product} {ergonomic}
   size_t MaxHeapSize                              = 2147483648                                {product} {command line}
   size_t MaxNewSize                               = 1287651328                                {product} {ergonomic}
   size_t MinHeapDeltaBytes                        = 1048576                                   {product} {ergonomic}
    uintx NonNMethodCodeHeapSize                   = 5836300                                {pd product} {ergonomic}
    uintx NonProfiledCodeHeapSize                  = 122910970                              {pd product} {ergonomic}
    uintx ProfiledCodeHeapSize                     = 122910970                              {pd product} {ergonomic}
    uintx ReservedCodeCacheSize                    = 251658240                              {pd product} {ergonomic}
     bool SegmentedCodeCache                       = true                                      {product} {ergonomic}
     bool UseCompressedClassPointers               = true                                 {lp64_product} {ergonomic}
     bool UseCompressedOops                        = true                                 {lp64_product} {ergonomic}
     bool UseG1GC                                  = true                                      {product} {ergonomic}
     bool UseLargePagesIndividualAllocation        = false                                  {pd product} {ergonomic}

Logging:
Log output configuration:
 #0: stdout all=warning uptime,level,tags
 #1: stderr all=off uptime,level,tags

Environment Variables:
JAVA_HOME=C:\Program Files\Amazon Corretto\jdk11.0.15_9
PATH=C:\Program Files\Common Files\Oracle\Java\javapath;E:\app\Padma\product\12.1.0\dbhome_1\bin;C:\Program Files (x86)\VMware\VMware Workstation\bin\;C:\Program Files\Amazon Corretto\jdk11.0.15_9\bin;C:\Program Files (x86)\Python38-32\Scripts\;C:\Program Files (x86)\Python38-32\;C:\WINDOWS\system32;C:\WINDOWS;C:\WINDOWS\System32\Wbem;C:\WINDOWS\System32\WindowsPowerShell\v1.0\;C:\WINDOWS\System32\OpenSSH\;C:\Program Files\Intel\WiFi\bin\;C:\Program Files\Common Files\Intel\WirelessCommon\;C:\Program Files (x86)\Intel\Intel(R) Management Engine Components\DAL;C:\Program Files\Intel\Intel(R) Management Engine Components\DAL;C:\Program Files\dotnet\;C:\Program Files\Microsoft SQL Server\Client SDK\ODBC\170\Tools\Binn\;C:\Program Files (x86)\Microsoft SQL Server\150\Tools\Binn\;C:\Program Files\Microsoft SQL Server\150\Tools\Binn\;C:\Program Files\Microsoft SQL Server\150\DTS\Binn\;C:\Program Files\Azure Data Studio\bin;C:\Program Files (x86)\Microsoft SQL Server\150\DTS\Binn\;C:\Program Files\Git\cmd;C:\Program Files\MySQL\MySQL Shell 8.0\bin\;C:\Users\Padma\AppData\Local\Microsoft\WindowsApps;C:\Users\Padma\AppData\Local\Programs\Microsoft VS Code\bin;C:\Program Files\Azure Data Studio\bin;
USERNAME=Padma
OS=Windows_NT
PROCESSOR_IDENTIFIER=Intel64 Family 6 Model 142 Stepping 10, GenuineIntel



---------------  S Y S T E M  ---------------

OS: Windows 11 , 64 bit Build 22000 (10.0.22000.1335)
OS uptime: 1 days 0:08 hours
Hyper-V role detected

CPU:total 8 (initial active 8) (4 cores per cpu, 2 threads per core) family 6 model 142 stepping 10 microcode 0xf0, cmov, cx8, fxsr, mmx, sse, sse2, sse3, ssse3, sse4.1, sse4.2, popcnt, avx, avx2, aes, clmul, erms, 3dnowpref, lzcnt, ht, tsc, tscinvbit, bmi1, bmi2, adx, fma

Memory: 4k page, system-wide physical 12185M (2440M free)
TotalPageFile size 16283M (AvailPageFile size 3M)
current process WorkingSet (physical memory assigned to process): 467M, peak: 467M
current process commit charge ("private bytes"): 506M, peak: 508M

vm_info: OpenJDK 64-Bit Server VM (11.0.13+0-b1751.21-8125866) for windows-amd64 JRE (11.0.13+0-b1751.21-8125866), built on Feb  2 2022 03:00:22 by "builder" with MS VC++ 14.0 (VS2015)

END.
