#
# There is insufficient memory for the Java Runtime Environment to continue.
# Native memory allocation (malloc) failed to allocate 1651216 bytes for Chunk::new
# Possible reasons:
#   The system is out of physical RAM or swap space
#   The process is running with CompressedOops enabled, and the Java Heap may be blocking the growth of the native heap
# Possible solutions:
#   Reduce memory load on the system
#   Increase physical memory or swap space
#   Check if swap backing store is full
#   Decrease Java heap size (-Xmx/-Xms)
#   Decrease number of Java threads
#   Decrease Java thread stack sizes (-Xss)
#   Set larger code cache with -XX:ReservedCodeCacheSize=
#   JVM is running with Unscaled Compressed Oops mode in which the Java heap is
#     placed in the first 4GB address space. The Java Heap base address is the
#     maximum limit for the native heap growth. Please use -XX:HeapBaseMinAddress
#     to set the Java Heap base and to place the Java Heap above 4GB virtual address.
# This output file may be truncated or incomplete.
#
#  Out of Memory Error (./src/hotspot/share/memory/arena.cpp:197), pid=18156, tid=1032
#
# JRE version: OpenJDK Runtime Environment (11.0.13) (build 11.0.13+0-b1751.21-8125866)
# Java VM: OpenJDK 64-Bit Server VM (11.0.13+0-b1751.21-8125866, mixed mode, tiered, compressed oops, g1 gc, windows-amd64)
# No core dump will be written. Minidumps are not enabled by default on client versions of Windows
#

---------------  S U M M A R Y ------------

Command Line: --add-opens=java.base/java.util=ALL-UNNAMED --add-opens=java.base/java.lang=ALL-UNNAMED --add-opens=java.base/java.lang.invoke=ALL-UNNAMED --add-opens=java.base/java.util=ALL-UNNAMED --add-opens=java.prefs/java.util.prefs=ALL-UNNAMED --add-opens=java.prefs/java.util.prefs=ALL-UNNAMED --add-opens=java.base/java.nio.charset=ALL-UNNAMED --add-opens=java.base/java.net=ALL-UNNAMED --add-opens=java.base/java.util.concurrent.atomic=ALL-UNNAMED -Xmx2048m -Dfile.encoding=UTF-8 -Duser.country=CA -Duser.language=en -Duser.variant org.gradle.launcher.daemon.bootstrap.GradleDaemon 7.4

Host: Intel(R) Core(TM) i7-8550U CPU @ 1.80GHz, 8 cores, 11G,  Windows 11 , 64 bit Build 22000 (10.0.22000.1335)
Time: Thu Jan 12 22:05:33 2023 Eastern Standard Time elapsed time: 26.011981 seconds (0d 0h 0m 26s)

---------------  T H R E A D  ---------------

Current thread (0x0000026f37d29000):  JavaThread "C2 CompilerThread0" daemon [_thread_in_native, id=1032, stack(0x0000007424500000,0x0000007424600000)]


Current CompileTask:
C2:  26012 8956       4       org.gradle.internal.service.DefaultServiceRegistry$SingletonService::get (5 bytes)

Stack: [0x0000007424500000,0x0000007424600000]
Native frames: (J=compiled Java code, j=interpreted, Vv=VM code, C=native code)
V  [jvm.dll+0x6100fa]
V  [jvm.dll+0x747090]
V  [jvm.dll+0x7486ad]
V  [jvm.dll+0x748d83]
V  [jvm.dll+0x24ab48]
V  [jvm.dll+0xc04dc]
V  [jvm.dll+0xc0a0c]
V  [jvm.dll+0x35eb9d]
V  [jvm.dll+0x19d9bc]
V  [jvm.dll+0x2033be]
V  [jvm.dll+0x202437]
V  [jvm.dll+0x188e01]
V  [jvm.dll+0x21106b]
V  [jvm.dll+0x20f8c1]
V  [jvm.dll+0x70de0f]
V  [jvm.dll+0x706a75]
V  [jvm.dll+0x60ed66]
C  [ucrtbase.dll+0x26c0c]
C  [KERNEL32.DLL+0x155a0]
C  [ntdll.dll+0x485b]


---------------  P R O C E S S  ---------------

Threads class SMR info:
_java_thread_list=0x0000026f3b9900f0, length=134, elements={
0x0000026f1b033000, 0x0000026f37cc1800, 0x0000026f37ccc000, 0x0000026f37d23000,
0x0000026f37d26000, 0x0000026f37d27000, 0x0000026f37d29000, 0x0000026f37d2b000,
0x0000026f37d30000, 0x0000026f37ec5800, 0x0000026f3b2c8800, 0x0000026f37fad000,
0x0000026f3839e800, 0x0000026f3a785800, 0x0000026f39316800, 0x0000026f3a36b000,
0x0000026f3adfa000, 0x0000026f39d08000, 0x0000026f3a934000, 0x0000026f3adf8800,
0x0000026f3a650800, 0x0000026f3a652000, 0x0000026f3a653000, 0x0000026f3a651800,
0x0000026f3a64d000, 0x0000026f3a653800, 0x0000026f3a64e000, 0x0000026f3a64f000,
0x0000026f3a64f800, 0x0000026f3a34e800, 0x0000026f3a34c000, 0x0000026f3a34d000,
0x0000026f3a34b800, 0x0000026f3a34e000, 0x0000026f3a349000, 0x0000026f3a353800,
0x0000026f3a355000, 0x0000026f3a352000, 0x0000026f3a353000, 0x0000026f3a34f800,
0x0000026f3a354800, 0x0000026f3a356000, 0x0000026f3a350800, 0x0000026f3a351000,
0x0000026f3a357000, 0x0000026f3a357800, 0x0000026f3bd2f000, 0x0000026f3bd2d800,
0x0000026f3bd29000, 0x0000026f3bd30000, 0x0000026f3bd2b800, 0x0000026f3bd2e000,
0x0000026f3bd2c800, 0x0000026f3bd2a000, 0x0000026f3bd30800, 0x0000026f3bd2b000,
0x0000026f3bd37000, 0x0000026f3bd35800, 0x0000026f3bd36800, 0x0000026f3bd31800,
0x0000026f3bd38000, 0x0000026f3bd34800, 0x0000026f3bd32000, 0x0000026f3bd34000,
0x0000026f3bd33000, 0x0000026f3ab5a000, 0x0000026f3ab60800, 0x0000026f3ab5e000,
0x0000026f3ab5b800, 0x0000026f3ab5b000, 0x0000026f3ab5c800, 0x0000026f3ab5f000,
0x0000026f3ab5f800, 0x0000026f3ab5d800, 0x0000026f38466000, 0x0000026f38463800,
0x0000026f38461000, 0x0000026f38463000, 0x0000026f38468000, 0x0000026f38467000,
0x0000026f38464800, 0x0000026f38465800, 0x0000026f38462000, 0x0000026f3846c000,
0x0000026f3846d800, 0x0000026f3846c800, 0x0000026f3846e800, 0x0000026f38468800,
0x0000026f3846f000, 0x0000026f38469800, 0x0000026f38470000, 0x0000026f3846a000,
0x0000026f3846b000, 0x0000026f38494800, 0x0000026f38493000, 0x0000026f38496000,
0x0000026f38493800, 0x0000026f38492000, 0x0000026f38497000, 0x0000026f38491000,
0x0000026f38497800, 0x0000026f38498800, 0x0000026f38499800, 0x0000026f3849a000,
0x0000026f3849b000, 0x0000026f38495800, 0x0000026f3849c000, 0x0000026f384a0000,
0x0000026f3849c800, 0x0000026f3849f000, 0x0000026f3849d800, 0x0000026f3849e800,
0x0000026f3d3f9000, 0x0000026f3d3f8000, 0x0000026f3d3fa000, 0x0000026f3d3f6800,
0x0000026f3d3fa800, 0x0000026f3d3f7800, 0x0000026f3d3f5000, 0x0000026f3d3fb800,
0x0000026f3d3f5800, 0x0000026f3d402000, 0x0000026f3924a000, 0x0000026f3d3ff800,
0x0000026f3d3fc800, 0x0000026f3d3fe000, 0x0000026f3d3fe800, 0x0000026f3d400800,
0x0000026f3d401000, 0x0000026f3d403000, 0x0000026f3d3fd000, 0x0000026f3d403800,
0x0000026f3b9b8800, 0x0000026f3b524800
}

Java Threads: ( => current thread )
  0x0000026f1b033000 JavaThread "main" [_thread_blocked, id=16716, stack(0x0000007423900000,0x0000007423a00000)]
  0x0000026f37cc1800 JavaThread "Reference Handler" daemon [_thread_blocked, id=588, stack(0x0000007424000000,0x0000007424100000)]
  0x0000026f37ccc000 JavaThread "Finalizer" daemon [_thread_blocked, id=6468, stack(0x0000007424100000,0x0000007424200000)]
  0x0000026f37d23000 JavaThread "Signal Dispatcher" daemon [_thread_blocked, id=15324, stack(0x0000007424200000,0x0000007424300000)]
  0x0000026f37d26000 JavaThread "Attach Listener" daemon [_thread_blocked, id=4820, stack(0x0000007424300000,0x0000007424400000)]
  0x0000026f37d27000 JavaThread "Service Thread" daemon [_thread_blocked, id=16412, stack(0x0000007424400000,0x0000007424500000)]
=>0x0000026f37d29000 JavaThread "C2 CompilerThread0" daemon [_thread_in_native, id=1032, stack(0x0000007424500000,0x0000007424600000)]
  0x0000026f37d2b000 JavaThread "C1 CompilerThread0" daemon [_thread_in_native, id=18684, stack(0x0000007424600000,0x0000007424700000)]
  0x0000026f37d30000 JavaThread "Sweeper thread" daemon [_thread_blocked, id=3536, stack(0x0000007424700000,0x0000007424800000)]
  0x0000026f37ec5800 JavaThread "Common-Cleaner" daemon [_thread_blocked, id=5900, stack(0x0000007424800000,0x0000007424900000)]
  0x0000026f3b2c8800 JavaThread "Daemon health stats" [_thread_blocked, id=2488, stack(0x0000007424f00000,0x0000007425000000)]
  0x0000026f37fad000 JavaThread "Incoming local TCP Connector on port 51190" [_thread_in_native, id=4336, stack(0x0000007424a00000,0x0000007424b00000)]
  0x0000026f3839e800 JavaThread "Daemon periodic checks" [_thread_blocked, id=9588, stack(0x0000007424b00000,0x0000007424c00000)]
  0x0000026f3a785800 JavaThread "Daemon" [_thread_blocked, id=4024, stack(0x0000007425000000,0x0000007425100000)]
  0x0000026f39316800 JavaThread "Handler for socket connection from /127.0.0.1:51190 to /127.0.0.1:51191" [_thread_in_native, id=10248, stack(0x0000007425100000,0x0000007425200000)]
  0x0000026f3a36b000 JavaThread "Cancel handler" [_thread_blocked, id=2124, stack(0x0000007425200000,0x0000007425300000)]
  0x0000026f3adfa000 JavaThread "Daemon worker" [_thread_blocked, id=8852, stack(0x0000007425300000,0x0000007425400000)]
  0x0000026f39d08000 JavaThread "Asynchronous log dispatcher for DefaultDaemonConnection: socket connection from /127.0.0.1:51190 to /127.0.0.1:51191" [_thread_blocked, id=11444, stack(0x0000007425400000,0x0000007425500000)]
  0x0000026f3a934000 JavaThread "Stdin handler" [_thread_blocked, id=7488, stack(0x0000007425500000,0x0000007425600000)]
  0x0000026f3adf8800 JavaThread "Daemon client event forwarder" [_thread_blocked, id=18088, stack(0x0000007425600000,0x0000007425700000)]
  0x0000026f3a650800 JavaThread "Cache worker for journal cache (C:\Users\Padma\.gradle\caches\journal-1)" [_thread_blocked, id=18196, stack(0x0000007425800000,0x0000007425900000)]
  0x0000026f3a652000 JavaThread "File lock request listener" [_thread_in_native, id=18840, stack(0x0000007425900000,0x0000007425a00000)]
  0x0000026f3a653000 JavaThread "Cache worker for file hash cache (C:\Users\Padma\.gradle\caches\7.4\fileHashes)" [_thread_blocked, id=18420, stack(0x0000007425a00000,0x0000007425b00000)]
  0x0000026f3a651800 JavaThread "File watcher server" daemon [_thread_in_native, id=16664, stack(0x0000007426100000,0x0000007426200000)]
  0x0000026f3a64d000 JavaThread "File watcher consumer" daemon [_thread_blocked, id=10100, stack(0x0000007426200000,0x0000007426300000)]
  0x0000026f3a653800 JavaThread "Cache worker for checksums cache (C:\Users\Padma\AndroidStudioProjects\PadmasAndroidLabs\.gradle\7.4\checksums)" [_thread_blocked, id=3064, stack(0x0000007426300000,0x0000007426400000)]
  0x0000026f3a64e000 JavaThread "Cache worker for cache directory md-rule (C:\Users\Padma\.gradle\caches\7.4\md-rule)" [_thread_blocked, id=13708, stack(0x0000007426400000,0x0000007426500000)]
  0x0000026f3a64f000 JavaThread "Cache worker for file hash cache (C:\Users\Padma\AndroidStudioProjects\PadmasAndroidLabs\.gradle\7.4\fileHashes)" [_thread_blocked, id=15680, stack(0x0000007426500000,0x0000007426600000)]
  0x0000026f3a64f800 JavaThread "Cache worker for cache directory md-supplier (C:\Users\Padma\.gradle\caches\7.4\md-supplier)" [_thread_blocked, id=1388, stack(0x0000007426600000,0x0000007426700000)]
  0x0000026f3a34e800 JavaThread "Cache worker for execution history cache (C:\Users\Padma\.gradle\caches\7.4\executionHistory)" [_thread_blocked, id=4456, stack(0x0000007426700000,0x0000007426800000)]
  0x0000026f3a34c000 JavaThread "jar transforms" [_thread_blocked, id=12516, stack(0x0000007426800000,0x0000007426900000)]
  0x0000026f3a34d000 JavaThread "Cache worker for file content cache (C:\Users\Padma\.gradle\caches\7.4\fileContent)" [_thread_blocked, id=1340, stack(0x0000007426900000,0x0000007426a00000)]
  0x0000026f3a34b800 JavaThread "jar transforms Thread 2" [_thread_blocked, id=13264, stack(0x0000007426a00000,0x0000007426b00000)]
  0x0000026f3a34e000 JavaThread "Cache worker for dependencies-accessors (C:\Users\Padma\AndroidStudioProjects\PadmasAndroidLabs\.gradle\7.4\dependencies-accessors)" [_thread_blocked, id=5740, stack(0x0000007426b00000,0x0000007426c00000)]
  0x0000026f3a349000 JavaThread "jar transforms Thread 3" [_thread_blocked, id=19128, stack(0x0000007426c00000,0x0000007426d00000)]
  0x0000026f3a353800 JavaThread "Cache worker for Build Output Cleanup Cache (C:\Users\Padma\AndroidStudioProjects\PadmasAndroidLabs\.gradle\buildOutputCleanup)" [_thread_blocked, id=5216, stack(0x0000007426d00000,0x0000007426e00000)]
  0x0000026f3a355000 JavaThread "Unconstrained build operations" [_thread_blocked, id=11992, stack(0x0000007426e00000,0x0000007426f00000)]
  0x0000026f3a352000 JavaThread "Unconstrained build operations Thread 2" [_thread_blocked, id=18548, stack(0x0000007426f00000,0x0000007427000000)]
  0x0000026f3a353000 JavaThread "Unconstrained build operations Thread 3" [_thread_blocked, id=9392, stack(0x0000007427000000,0x0000007427100000)]
  0x0000026f3a34f800 JavaThread "Unconstrained build operations Thread 4" [_thread_blocked, id=17404, stack(0x0000007427100000,0x0000007427200000)]
  0x0000026f3a354800 JavaThread "Unconstrained build operations Thread 5" [_thread_blocked, id=15752, stack(0x0000007427200000,0x0000007427300000)]
  0x0000026f3a356000 JavaThread "Unconstrained build operations Thread 6" [_thread_blocked, id=7772, stack(0x0000007427300000,0x0000007427400000)]
  0x0000026f3a350800 JavaThread "Unconstrained build operations Thread 7" [_thread_blocked, id=18860, stack(0x0000007427400000,0x0000007427500000)]
  0x0000026f3a351000 JavaThread "Unconstrained build operations Thread 8" [_thread_blocked, id=1712, stack(0x0000007427500000,0x0000007427600000)]
  0x0000026f3a357000 JavaThread "Unconstrained build operations Thread 9" [_thread_blocked, id=6948, stack(0x0000007427600000,0x0000007427700000)]
  0x0000026f3a357800 JavaThread "Unconstrained build operations Thread 10" [_thread_blocked, id=10848, stack(0x0000007427700000,0x0000007427800000)]
  0x0000026f3bd2f000 JavaThread "Unconstrained build operations Thread 11" [_thread_blocked, id=6216, stack(0x0000007427800000,0x0000007427900000)]
  0x0000026f3bd2d800 JavaThread "Unconstrained build operations Thread 12" [_thread_blocked, id=14292, stack(0x0000007427900000,0x0000007427a00000)]
  0x0000026f3bd29000 JavaThread "Unconstrained build operations Thread 13" [_thread_blocked, id=2980, stack(0x0000007427a00000,0x0000007427b00000)]
  0x0000026f3bd30000 JavaThread "Unconstrained build operations Thread 14" [_thread_blocked, id=8788, stack(0x0000007427b00000,0x0000007427c00000)]
  0x0000026f3bd2b800 JavaThread "Unconstrained build operations Thread 15" [_thread_blocked, id=9672, stack(0x0000007427c00000,0x0000007427d00000)]
  0x0000026f3bd2e000 JavaThread "Unconstrained build operations Thread 16" [_thread_blocked, id=17924, stack(0x0000007427d00000,0x0000007427e00000)]
  0x0000026f3bd2c800 JavaThread "Unconstrained build operations Thread 17" [_thread_blocked, id=2572, stack(0x0000007427e00000,0x0000007427f00000)]
  0x0000026f3bd2a000 JavaThread "Unconstrained build operations Thread 18" [_thread_blocked, id=18052, stack(0x0000007427f00000,0x0000007428000000)]
  0x0000026f3bd30800 JavaThread "Unconstrained build operations Thread 19" [_thread_blocked, id=904, stack(0x0000007428000000,0x0000007428100000)]
  0x0000026f3bd2b000 JavaThread "Unconstrained build operations Thread 20" [_thread_blocked, id=9592, stack(0x0000007428100000,0x0000007428200000)]
  0x0000026f3bd37000 JavaThread "Unconstrained build operations Thread 21" [_thread_blocked, id=8884, stack(0x0000007428200000,0x0000007428300000)]
  0x0000026f3bd35800 JavaThread "Unconstrained build operations Thread 22" [_thread_blocked, id=3936, stack(0x0000007428300000,0x0000007428400000)]
  0x0000026f3bd36800 JavaThread "Unconstrained build operations Thread 23" [_thread_blocked, id=4632, stack(0x0000007428400000,0x0000007428500000)]
  0x0000026f3bd31800 JavaThread "Unconstrained build operations Thread 24" [_thread_blocked, id=19084, stack(0x0000007428500000,0x0000007428600000)]
  0x0000026f3bd38000 JavaThread "Unconstrained build operations Thread 25" [_thread_blocked, id=4584, stack(0x0000007428600000,0x0000007428700000)]
  0x0000026f3bd34800 JavaThread "Unconstrained build operations Thread 26" [_thread_blocked, id=14312, stack(0x0000007428700000,0x0000007428800000)]
  0x0000026f3bd32000 JavaThread "Unconstrained build operations Thread 27" [_thread_blocked, id=16448, stack(0x0000007428800000,0x0000007428900000)]
  0x0000026f3bd34000 JavaThread "Unconstrained build operations Thread 28" [_thread_blocked, id=12240, stack(0x0000007428900000,0x0000007428a00000)]
  0x0000026f3bd33000 JavaThread "Unconstrained build operations Thread 29" [_thread_blocked, id=19060, stack(0x0000007428a00000,0x0000007428b00000)]
  0x0000026f3ab5a000 JavaThread "Unconstrained build operations Thread 30" [_thread_blocked, id=11540, stack(0x0000007428b00000,0x0000007428c00000)]
  0x0000026f3ab60800 JavaThread "Unconstrained build operations Thread 31" [_thread_blocked, id=4444, stack(0x0000007428c00000,0x0000007428d00000)]
  0x0000026f3ab5e000 JavaThread "Unconstrained build operations Thread 32" [_thread_blocked, id=3332, stack(0x0000007428d00000,0x0000007428e00000)]
  0x0000026f3ab5b800 JavaThread "Unconstrained build operations Thread 33" [_thread_blocked, id=19032, stack(0x0000007428e00000,0x0000007428f00000)]
  0x0000026f3ab5b000 JavaThread "Unconstrained build operations Thread 34" [_thread_blocked, id=16864, stack(0x0000007428f00000,0x0000007429000000)]
  0x0000026f3ab5c800 JavaThread "Unconstrained build operations Thread 35" [_thread_blocked, id=12320, stack(0x0000007429000000,0x0000007429100000)]
  0x0000026f3ab5f000 JavaThread "Unconstrained build operations Thread 36" [_thread_blocked, id=7448, stack(0x0000007429100000,0x0000007429200000)]
  0x0000026f3ab5f800 JavaThread "Unconstrained build operations Thread 37" [_thread_blocked, id=17884, stack(0x0000007429200000,0x0000007429300000)]
  0x0000026f3ab5d800 JavaThread "Unconstrained build operations Thread 38" [_thread_blocked, id=17716, stack(0x0000007429300000,0x0000007429400000)]
  0x0000026f38466000 JavaThread "Unconstrained build operations Thread 39" [_thread_blocked, id=1580, stack(0x0000007429400000,0x0000007429500000)]
  0x0000026f38463800 JavaThread "Unconstrained build operations Thread 40" [_thread_blocked, id=9980, stack(0x0000007429500000,0x0000007429600000)]
  0x0000026f38461000 JavaThread "Unconstrained build operations Thread 41" [_thread_blocked, id=8004, stack(0x0000007429600000,0x0000007429700000)]
  0x0000026f38463000 JavaThread "Unconstrained build operations Thread 42" [_thread_blocked, id=11172, stack(0x0000007429700000,0x0000007429800000)]
  0x0000026f38468000 JavaThread "Unconstrained build operations Thread 43" [_thread_blocked, id=14044, stack(0x0000007429800000,0x0000007429900000)]
  0x0000026f38467000 JavaThread "Unconstrained build operations Thread 44" [_thread_blocked, id=1404, stack(0x0000007429900000,0x0000007429a00000)]
  0x0000026f38464800 JavaThread "Unconstrained build operations Thread 45" [_thread_blocked, id=18804, stack(0x0000007429a00000,0x0000007429b00000)]
  0x0000026f38465800 JavaThread "Unconstrained build operations Thread 46" [_thread_blocked, id=15856, stack(0x0000007429b00000,0x0000007429c00000)]
  0x0000026f38462000 JavaThread "Unconstrained build operations Thread 47" [_thread_blocked, id=15504, stack(0x0000007429c00000,0x0000007429d00000)]
  0x0000026f3846c000 JavaThread "Unconstrained build operations Thread 48" [_thread_blocked, id=5748, stack(0x0000007429d00000,0x0000007429e00000)]
  0x0000026f3846d800 JavaThread "Unconstrained build operations Thread 49" [_thread_blocked, id=5732, stack(0x0000007429e00000,0x0000007429f00000)]
  0x0000026f3846c800 JavaThread "Unconstrained build operations Thread 50" [_thread_blocked, id=18780, stack(0x0000007429f00000,0x000000742a000000)]
  0x0000026f3846e800 JavaThread "Unconstrained build operations Thread 51" [_thread_blocked, id=6348, stack(0x000000742a000000,0x000000742a100000)]
  0x0000026f38468800 JavaThread "Unconstrained build operations Thread 52" [_thread_blocked, id=9716, stack(0x000000742a100000,0x000000742a200000)]
  0x0000026f3846f000 JavaThread "Unconstrained build operations Thread 53" [_thread_blocked, id=14692, stack(0x000000742a200000,0x000000742a300000)]
  0x0000026f38469800 JavaThread "Unconstrained build operations Thread 54" [_thread_blocked, id=18720, stack(0x000000742a300000,0x000000742a400000)]
  0x0000026f38470000 JavaThread "Unconstrained build operations Thread 55" [_thread_blocked, id=960, stack(0x000000742a400000,0x000000742a500000)]
  0x0000026f3846a000 JavaThread "Unconstrained build operations Thread 56" [_thread_blocked, id=16368, stack(0x000000742a500000,0x000000742a600000)]
  0x0000026f3846b000 JavaThread "Unconstrained build operations Thread 57" [_thread_blocked, id=12780, stack(0x000000742a600000,0x000000742a700000)]
  0x0000026f38494800 JavaThread "Unconstrained build operations Thread 58" [_thread_blocked, id=15976, stack(0x000000742a700000,0x000000742a800000)]
  0x0000026f38493000 JavaThread "Unconstrained build operations Thread 59" [_thread_blocked, id=9248, stack(0x000000742a800000,0x000000742a900000)]
  0x0000026f38496000 JavaThread "Unconstrained build operations Thread 60" [_thread_blocked, id=952, stack(0x000000742a900000,0x000000742aa00000)]
  0x0000026f38493800 JavaThread "Unconstrained build operations Thread 61" [_thread_blocked, id=11508, stack(0x000000742aa00000,0x000000742ab00000)]
  0x0000026f38492000 JavaThread "Unconstrained build operations Thread 62" [_thread_blocked, id=16972, stack(0x000000742ab00000,0x000000742ac00000)]
  0x0000026f38497000 JavaThread "Unconstrained build operations Thread 63" [_thread_blocked, id=852, stack(0x000000742ac00000,0x000000742ad00000)]
  0x0000026f38491000 JavaThread "Unconstrained build operations Thread 64" [_thread_blocked, id=8552, stack(0x000000742ad00000,0x000000742ae00000)]
  0x0000026f38497800 JavaThread "Unconstrained build operations Thread 65" [_thread_blocked, id=7972, stack(0x000000742ae00000,0x000000742af00000)]
  0x0000026f38498800 JavaThread "Unconstrained build operations Thread 66" [_thread_blocked, id=18760, stack(0x000000742af00000,0x000000742b000000)]
  0x0000026f38499800 JavaThread "Unconstrained build operations Thread 67" [_thread_blocked, id=3252, stack(0x000000742b000000,0x000000742b100000)]
  0x0000026f3849a000 JavaThread "Unconstrained build operations Thread 68" [_thread_blocked, id=1272, stack(0x000000742b100000,0x000000742b200000)]
  0x0000026f3849b000 JavaThread "Unconstrained build operations Thread 69" [_thread_blocked, id=18168, stack(0x000000742b200000,0x000000742b300000)]
  0x0000026f38495800 JavaThread "Unconstrained build operations Thread 70" [_thread_blocked, id=9788, stack(0x000000742b300000,0x000000742b400000)]
  0x0000026f3849c000 JavaThread "Unconstrained build operations Thread 71" [_thread_blocked, id=11068, stack(0x000000742b400000,0x000000742b500000)]
  0x0000026f384a0000 JavaThread "Unconstrained build operations Thread 72" [_thread_blocked, id=2988, stack(0x000000742b500000,0x000000742b600000)]
  0x0000026f3849c800 JavaThread "Unconstrained build operations Thread 73" [_thread_blocked, id=11168, stack(0x000000742b600000,0x000000742b700000)]
  0x0000026f3849f000 JavaThread "Unconstrained build operations Thread 74" [_thread_blocked, id=19124, stack(0x000000742b700000,0x000000742b800000)]
  0x0000026f3849d800 JavaThread "Unconstrained build operations Thread 75" [_thread_blocked, id=11232, stack(0x000000742b800000,0x000000742b900000)]
  0x0000026f3849e800 JavaThread "Unconstrained build operations Thread 76" [_thread_blocked, id=11156, stack(0x000000742b900000,0x000000742ba00000)]
  0x0000026f3d3f9000 JavaThread "Unconstrained build operations Thread 77" [_thread_blocked, id=16064, stack(0x000000742ba00000,0x000000742bb00000)]
  0x0000026f3d3f8000 JavaThread "Unconstrained build operations Thread 78" [_thread_blocked, id=7796, stack(0x000000742bb00000,0x000000742bc00000)]
  0x0000026f3d3fa000 JavaThread "Unconstrained build operations Thread 79" [_thread_blocked, id=7316, stack(0x000000742bc00000,0x000000742bd00000)]
  0x0000026f3d3f6800 JavaThread "Unconstrained build operations Thread 80" [_thread_blocked, id=9100, stack(0x000000742bd00000,0x000000742be00000)]
  0x0000026f3d3fa800 JavaThread "jar transforms Thread 4" [_thread_blocked, id=18180, stack(0x000000742be00000,0x000000742bf00000)]
  0x0000026f3d3f7800 JavaThread "jar transforms Thread 5" [_thread_blocked, id=18572, stack(0x000000742bf00000,0x000000742c000000)]
  0x0000026f3d3f5000 JavaThread "jar transforms Thread 6" [_thread_blocked, id=17984, stack(0x000000742c000000,0x000000742c100000)]
  0x0000026f3d3fb800 JavaThread "jar transforms Thread 7" [_thread_blocked, id=16720, stack(0x000000742c100000,0x000000742c200000)]
  0x0000026f3d3f5800 JavaThread "jar transforms Thread 8" [_thread_blocked, id=5188, stack(0x000000742c200000,0x000000742c300000)]
  0x0000026f3d402000 JavaThread "Memory manager" [_thread_blocked, id=18016, stack(0x000000742c300000,0x000000742c400000)]
  0x0000026f3924a000 JavaThread "C2 CompilerThread1" daemon [_thread_blocked, id=3320, stack(0x0000007425700000,0x0000007425800000)]
  0x0000026f3d3ff800 JavaThread "build event listener" [_thread_blocked, id=13964, stack(0x000000742c400000,0x000000742c500000)]
  0x0000026f3d3fc800 JavaThread "included builds" [_thread_in_Java, id=16340, stack(0x000000742c500000,0x000000742c600000)]
  0x0000026f3d3fe000 JavaThread "Execution worker for ':'" [_thread_blocked, id=4008, stack(0x000000742c600000,0x000000742c700000)]
  0x0000026f3d3fe800 JavaThread "Execution worker for ':' Thread 2" [_thread_blocked, id=9792, stack(0x000000742c700000,0x000000742c800000)]
  0x0000026f3d400800 JavaThread "Execution worker for ':' Thread 3" [_thread_blocked, id=12652, stack(0x000000742c800000,0x000000742c900000)]
  0x0000026f3d401000 JavaThread "Execution worker for ':' Thread 4" [_thread_blocked, id=16576, stack(0x000000742c900000,0x000000742ca00000)]
  0x0000026f3d403000 JavaThread "Execution worker for ':' Thread 5" [_thread_blocked, id=13300, stack(0x000000742ca00000,0x000000742cb00000)]
  0x0000026f3d3fd000 JavaThread "Execution worker for ':' Thread 6" [_thread_blocked, id=11268, stack(0x000000742cb00000,0x000000742cc00000)]
  0x0000026f3d403800 JavaThread "Execution worker for ':' Thread 7" [_thread_blocked, id=14556, stack(0x000000742cc00000,0x000000742cd00000)]
  0x0000026f3b9b8800 JavaThread "Cache worker for execution history cache (C:\Users\Padma\AndroidStudioProjects\PadmasAndroidLabs\.gradle\7.4\executionHistory)" [_thread_blocked, id=10168, stack(0x000000742cd00000,0x000000742ce00000)]
  0x0000026f3b524800 JavaThread "C2 CompilerThread2" daemon [_thread_in_native, id=9512, stack(0x0000007426000000,0x0000007426100000)]

Other Threads:
  0x0000026f374be000 VMThread "VM Thread" [stack: 0x0000007423f00000,0x0000007424000000] [id=15052]
  0x0000026f37f05800 WatcherThread [stack: 0x0000007424900000,0x0000007424a00000] [id=19384]
  0x0000026f1b04c000 GCTaskThread "GC Thread#0" [stack: 0x0000007423a00000,0x0000007423b00000] [id=2868]
  0x0000026f38eb7000 GCTaskThread "GC Thread#1" [stack: 0x0000007424c00000,0x0000007424d00000] [id=2788]
  0x0000026f38d25000 GCTaskThread "GC Thread#2" [stack: 0x0000007424d00000,0x0000007424e00000] [id=10244]
  0x0000026f38c1c000 GCTaskThread "GC Thread#3" [stack: 0x0000007424e00000,0x0000007424f00000] [id=4944]
  0x0000026f3981d000 GCTaskThread "GC Thread#4" [stack: 0x0000007425b00000,0x0000007425c00000] [id=15140]
  0x0000026f3a717000 GCTaskThread "GC Thread#5" [stack: 0x0000007425c00000,0x0000007425d00000] [id=15148]
  0x0000026f38fa3000 GCTaskThread "GC Thread#6" [stack: 0x0000007425d00000,0x0000007425e00000] [id=5132]
  0x0000026f3a09c800 GCTaskThread "GC Thread#7" [stack: 0x0000007425e00000,0x0000007425f00000] [id=3500]
  0x0000026f1b07e000 ConcurrentGCThread "G1 Main Marker" [stack: 0x0000007423b00000,0x0000007423c00000] [id=12068]
  0x0000026f1b080000 ConcurrentGCThread "G1 Conc#0" [stack: 0x0000007423c00000,0x0000007423d00000] [id=16180]
  0x0000026f3a0db800 ConcurrentGCThread "G1 Conc#1" [stack: 0x0000007425f00000,0x0000007426000000] [id=6392]
  0x0000026f37308800 ConcurrentGCThread "G1 Refine#0" [stack: 0x0000007423d00000,0x0000007423e00000] [id=8724]
  0x0000026f3730b000 ConcurrentGCThread "G1 Young RemSet Sampling" [stack: 0x0000007423e00000,0x0000007423f00000] [id=16880]

Threads with active compile tasks:
C2 CompilerThread0  26052 8956       4       org.gradle.internal.service.DefaultServiceRegistry$SingletonService::get (5 bytes)
C2 CompilerThread2  26052 8957   !   4       org.gradle.internal.service.DefaultServiceRegistry$ManagedObjectServiceProvider::getInstance (47 bytes)

VM state:not at safepoint (normal execution)

VM Mutex/Monitor currently owned by a thread: None

Heap address: 0x0000000080000000, size: 2048 MB, Compressed Oops mode: 32-bit
Narrow klass base: 0x0000000000000000, Narrow klass shift: 3
Compressed class space size: 1073741824 Address: 0x0000000100000000

Heap:
 garbage-first heap   total 196608K, used 135266K [0x0000000080000000, 0x0000000100000000)
  region size 1024K, 84 young (86016K), 12 survivors (12288K)
 Metaspace       used 83902K, capacity 86081K, committed 86236K, reserved 1124352K
  class space    used 10940K, capacity 11772K, committed 11852K, reserved 1048576K
Heap Regions: E=young(eden), S=young(survivor), O=old, HS=humongous(starts), HC=humongous(continues), CS=collection set, F=free, A=archive, TAMS=top-at-mark-start (previous, next)
|   0|0x0000000080000000, 0x0000000080100000, 0x0000000080100000|100%| O|  |TAMS 0x0000000080100000, 0x0000000080000000| Untracked 
|   1|0x0000000080100000, 0x0000000080200000, 0x0000000080200000|100%| O|  |TAMS 0x0000000080200000, 0x0000000080100000| Untracked 
|   2|0x0000000080200000, 0x0000000080300000, 0x0000000080300000|100%| O|  |TAMS 0x0000000080300000, 0x0000000080200000| Untracked 
|   3|0x0000000080300000, 0x0000000080400000, 0x0000000080400000|100%|HS|  |TAMS 0x0000000080400000, 0x0000000080300000| Complete 
|   4|0x0000000080400000, 0x0000000080500000, 0x0000000080500000|100%|HC|  |TAMS 0x0000000080500000, 0x0000000080400000| Complete 
|   5|0x0000000080500000, 0x0000000080600000, 0x0000000080600000|100%|HC|  |TAMS 0x0000000080600000, 0x0000000080500000| Complete 
|   6|0x0000000080600000, 0x0000000080700000, 0x0000000080700000|100%| O|  |TAMS 0x0000000080700000, 0x0000000080600000| Untracked 
|   7|0x0000000080700000, 0x0000000080800000, 0x0000000080800000|100%| O|  |TAMS 0x0000000080800000, 0x0000000080700000| Untracked 
|   8|0x0000000080800000, 0x0000000080900000, 0x0000000080900000|100%| O|  |TAMS 0x0000000080900000, 0x0000000080800000| Untracked 
|   9|0x0000000080900000, 0x0000000080a00000, 0x0000000080a00000|100%| O|  |TAMS 0x0000000080a00000, 0x0000000080900000| Untracked 
|  10|0x0000000080a00000, 0x0000000080b00000, 0x0000000080b00000|100%| O|  |TAMS 0x0000000080b00000, 0x0000000080a00000| Untracked 
|  11|0x0000000080b00000, 0x0000000080c00000, 0x0000000080c00000|100%| O|  |TAMS 0x0000000080c00000, 0x0000000080b00000| Untracked 
|  12|0x0000000080c00000, 0x0000000080d00000, 0x0000000080d00000|100%| O|  |TAMS 0x0000000080d00000, 0x0000000080c00000| Untracked 
|  13|0x0000000080d00000, 0x0000000080e00000, 0x0000000080e00000|100%| O|  |TAMS 0x0000000080e00000, 0x0000000080d00000| Untracked 
|  14|0x0000000080e00000, 0x0000000080f00000, 0x0000000080f00000|100%| O|  |TAMS 0x0000000080f00000, 0x0000000080e00000| Untracked 
|  15|0x0000000080f00000, 0x0000000081000000, 0x0000000081000000|100%| O|  |TAMS 0x0000000081000000, 0x0000000080f00000| Untracked 
|  16|0x0000000081000000, 0x0000000081100000, 0x0000000081100000|100%|HS|  |TAMS 0x0000000081100000, 0x0000000081000000| Complete 
|  17|0x0000000081100000, 0x0000000081200000, 0x0000000081200000|100%|HS|  |TAMS 0x0000000081200000, 0x0000000081100000| Complete 
|  18|0x0000000081200000, 0x0000000081300000, 0x0000000081300000|100%| O|  |TAMS 0x0000000081300000, 0x0000000081200000| Untracked 
|  19|0x0000000081300000, 0x0000000081400000, 0x0000000081400000|100%|HS|  |TAMS 0x0000000081400000, 0x0000000081300000| Complete 
|  20|0x0000000081400000, 0x0000000081500000, 0x0000000081500000|100%|HC|  |TAMS 0x0000000081500000, 0x0000000081400000| Complete 
|  21|0x0000000081500000, 0x0000000081600000, 0x0000000081600000|100%| O|  |TAMS 0x0000000081600000, 0x0000000081500000| Untracked 
|  22|0x0000000081600000, 0x0000000081700000, 0x0000000081700000|100%| O|  |TAMS 0x0000000081700000, 0x0000000081600000| Untracked 
|  23|0x0000000081700000, 0x0000000081800000, 0x0000000081800000|100%| O|  |TAMS 0x0000000081800000, 0x0000000081700000| Untracked 
|  24|0x0000000081800000, 0x0000000081900000, 0x0000000081900000|100%| O|  |TAMS 0x0000000081900000, 0x0000000081800000| Untracked 
|  25|0x0000000081900000, 0x0000000081a00000, 0x0000000081a00000|100%| O|  |TAMS 0x0000000081a00000, 0x0000000081900000| Untracked 
|  26|0x0000000081a00000, 0x0000000081b00000, 0x0000000081b00000|100%| O|  |TAMS 0x0000000081b00000, 0x0000000081a00000| Untracked 
|  27|0x0000000081b00000, 0x0000000081c00000, 0x0000000081c00000|100%| O|  |TAMS 0x0000000081c00000, 0x0000000081b00000| Untracked 
|  28|0x0000000081c00000, 0x0000000081d00000, 0x0000000081d00000|100%| O|  |TAMS 0x0000000081d00000, 0x0000000081c00000| Untracked 
|  29|0x0000000081d00000, 0x0000000081e00000, 0x0000000081e00000|100%| O|  |TAMS 0x0000000081e00000, 0x0000000081d00000| Untracked 
|  30|0x0000000081e00000, 0x0000000081f00000, 0x0000000081f00000|100%| O|  |TAMS 0x0000000081f00000, 0x0000000081e00000| Untracked 
|  31|0x0000000081f00000, 0x0000000082000000, 0x0000000082000000|100%| O|  |TAMS 0x0000000082000000, 0x0000000081f00000| Untracked 
|  32|0x0000000082000000, 0x0000000082100000, 0x0000000082100000|100%| O|  |TAMS 0x000000008207dc00, 0x0000000082000000| Untracked 
|  33|0x0000000082100000, 0x0000000082200000, 0x0000000082200000|100%| O|  |TAMS 0x0000000082100000, 0x0000000082100000| Untracked 
|  34|0x0000000082200000, 0x0000000082300000, 0x0000000082300000|100%| O|  |TAMS 0x0000000082200000, 0x0000000082200000| Untracked 
|  35|0x0000000082300000, 0x0000000082400000, 0x0000000082400000|100%| O|  |TAMS 0x0000000082300000, 0x0000000082300000| Untracked 
|  36|0x0000000082400000, 0x0000000082500000, 0x0000000082500000|100%| O|  |TAMS 0x0000000082400000, 0x0000000082400000| Untracked 
|  37|0x0000000082500000, 0x0000000082600000, 0x0000000082600000|100%| O|  |TAMS 0x0000000082500000, 0x0000000082500000| Untracked 
|  38|0x0000000082600000, 0x0000000082700000, 0x0000000082700000|100%| O|  |TAMS 0x0000000082600000, 0x0000000082600000| Untracked 
|  39|0x0000000082700000, 0x0000000082800000, 0x0000000082800000|100%| O|  |TAMS 0x0000000082700000, 0x0000000082700000| Untracked 
|  40|0x0000000082800000, 0x0000000082900000, 0x0000000082900000|100%| O|  |TAMS 0x0000000082800000, 0x0000000082800000| Untracked 
|  41|0x0000000082900000, 0x0000000082a00000, 0x0000000082a00000|100%| O|  |TAMS 0x0000000082900000, 0x0000000082900000| Untracked 
|  42|0x0000000082a00000, 0x0000000082b00000, 0x0000000082b00000|100%| O|  |TAMS 0x0000000082a00000, 0x0000000082a00000| Untracked 
|  43|0x0000000082b00000, 0x0000000082c00000, 0x0000000082c00000|100%| O|  |TAMS 0x0000000082b00000, 0x0000000082b00000| Untracked 
|  44|0x0000000082c00000, 0x0000000082d00000, 0x0000000082d00000|100%| O|  |TAMS 0x0000000082c00000, 0x0000000082c00000| Untracked 
|  45|0x0000000082d00000, 0x0000000082e00000, 0x0000000082e00000|100%| O|  |TAMS 0x0000000082d00000, 0x0000000082d00000| Untracked 
|  46|0x0000000082e00000, 0x0000000082f00000, 0x0000000082f00000|100%| O|  |TAMS 0x0000000082e00000, 0x0000000082e00000| Untracked 
|  47|0x0000000082f00000, 0x0000000083000000, 0x0000000083000000|100%| O|  |TAMS 0x0000000082f00000, 0x0000000082f00000| Untracked 
|  48|0x0000000083000000, 0x0000000083100000, 0x0000000083100000|100%| O|  |TAMS 0x0000000083000000, 0x0000000083000000| Untracked 
|  49|0x0000000083100000, 0x0000000083200000, 0x0000000083200000|100%| O|  |TAMS 0x0000000083100000, 0x0000000083100000| Untracked 
|  50|0x0000000083200000, 0x00000000832c4e00, 0x0000000083300000| 76%| O|  |TAMS 0x0000000083200000, 0x0000000083200000| Untracked 
|  51|0x0000000083300000, 0x0000000083300000, 0x0000000083400000|  0%| F|  |TAMS 0x0000000083300000, 0x0000000083300000| Untracked 
|  52|0x0000000083400000, 0x0000000083400000, 0x0000000083500000|  0%| F|  |TAMS 0x0000000083400000, 0x0000000083400000| Untracked 
|  53|0x0000000083500000, 0x0000000083500000, 0x0000000083600000|  0%| F|  |TAMS 0x0000000083500000, 0x0000000083500000| Untracked 
|  54|0x0000000083600000, 0x0000000083600000, 0x0000000083700000|  0%| F|  |TAMS 0x0000000083600000, 0x0000000083600000| Untracked 
|  55|0x0000000083700000, 0x0000000083700000, 0x0000000083800000|  0%| F|  |TAMS 0x0000000083700000, 0x0000000083700000| Untracked 
|  56|0x0000000083800000, 0x0000000083800000, 0x0000000083900000|  0%| F|  |TAMS 0x0000000083800000, 0x0000000083800000| Untracked 
|  57|0x0000000083900000, 0x0000000083900000, 0x0000000083a00000|  0%| F|  |TAMS 0x0000000083900000, 0x0000000083900000| Untracked 
|  58|0x0000000083a00000, 0x0000000083a00000, 0x0000000083b00000|  0%| F|  |TAMS 0x0000000083a00000, 0x0000000083a00000| Untracked 
|  59|0x0000000083b00000, 0x0000000083b00000, 0x0000000083c00000|  0%| F|  |TAMS 0x0000000083b00000, 0x0000000083b00000| Untracked 
|  60|0x0000000083c00000, 0x0000000083c00000, 0x0000000083d00000|  0%| F|  |TAMS 0x0000000083c00000, 0x0000000083c00000| Untracked 
|  61|0x0000000083d00000, 0x0000000083d00000, 0x0000000083e00000|  0%| F|  |TAMS 0x0000000083d00000, 0x0000000083d00000| Untracked 
|  62|0x0000000083e00000, 0x0000000083e00000, 0x0000000083f00000|  0%| F|  |TAMS 0x0000000083e00000, 0x0000000083e00000| Untracked 
|  63|0x0000000083f00000, 0x0000000083f00000, 0x0000000084000000|  0%| F|  |TAMS 0x0000000083f00000, 0x0000000083f00000| Untracked 
|  64|0x0000000084000000, 0x0000000084000000, 0x0000000084100000|  0%| F|  |TAMS 0x0000000084000000, 0x0000000084000000| Untracked 
|  65|0x0000000084100000, 0x0000000084100000, 0x0000000084200000|  0%| F|  |TAMS 0x0000000084100000, 0x0000000084100000| Untracked 
|  66|0x0000000084200000, 0x0000000084200000, 0x0000000084300000|  0%| F|  |TAMS 0x0000000084200000, 0x0000000084200000| Untracked 
|  67|0x0000000084300000, 0x0000000084300000, 0x0000000084400000|  0%| F|  |TAMS 0x0000000084300000, 0x0000000084300000| Untracked 
|  68|0x0000000084400000, 0x0000000084400000, 0x0000000084500000|  0%| F|  |TAMS 0x0000000084400000, 0x0000000084400000| Untracked 
|  69|0x0000000084500000, 0x0000000084500000, 0x0000000084600000|  0%| F|  |TAMS 0x0000000084500000, 0x0000000084500000| Untracked 
|  70|0x0000000084600000, 0x0000000084600000, 0x0000000084700000|  0%| F|  |TAMS 0x0000000084600000, 0x0000000084600000| Untracked 
|  71|0x0000000084700000, 0x0000000084700000, 0x0000000084800000|  0%| F|  |TAMS 0x0000000084700000, 0x0000000084700000| Untracked 
|  72|0x0000000084800000, 0x0000000084800000, 0x0000000084900000|  0%| F|  |TAMS 0x0000000084800000, 0x0000000084800000| Untracked 
|  73|0x0000000084900000, 0x0000000084900000, 0x0000000084a00000|  0%| F|  |TAMS 0x0000000084900000, 0x0000000084900000| Untracked 
|  74|0x0000000084a00000, 0x0000000084a00000, 0x0000000084b00000|  0%| F|  |TAMS 0x0000000084a00000, 0x0000000084a00000| Untracked 
|  75|0x0000000084b00000, 0x0000000084b00000, 0x0000000084c00000|  0%| F|  |TAMS 0x0000000084b00000, 0x0000000084b00000| Untracked 
|  76|0x0000000084c00000, 0x0000000084c00000, 0x0000000084d00000|  0%| F|  |TAMS 0x0000000084c00000, 0x0000000084c00000| Untracked 
|  77|0x0000000084d00000, 0x0000000084d00000, 0x0000000084e00000|  0%| F|  |TAMS 0x0000000084d00000, 0x0000000084d00000| Untracked 
|  78|0x0000000084e00000, 0x0000000084e00000, 0x0000000084f00000|  0%| F|  |TAMS 0x0000000084e00000, 0x0000000084e00000| Untracked 
|  79|0x0000000084f00000, 0x0000000084f00000, 0x0000000085000000|  0%| F|  |TAMS 0x0000000084f00000, 0x0000000084f00000| Untracked 
|  80|0x0000000085000000, 0x0000000085000000, 0x0000000085100000|  0%| F|  |TAMS 0x0000000085000000, 0x0000000085000000| Untracked 
|  81|0x0000000085100000, 0x0000000085100000, 0x0000000085200000|  0%| F|  |TAMS 0x0000000085100000, 0x0000000085100000| Untracked 
|  82|0x0000000085200000, 0x0000000085200000, 0x0000000085300000|  0%| F|  |TAMS 0x0000000085200000, 0x0000000085200000| Untracked 
|  83|0x0000000085300000, 0x0000000085300000, 0x0000000085400000|  0%| F|  |TAMS 0x0000000085300000, 0x0000000085300000| Untracked 
|  84|0x0000000085400000, 0x0000000085400000, 0x0000000085500000|  0%| F|  |TAMS 0x0000000085400000, 0x0000000085400000| Untracked 
|  85|0x0000000085500000, 0x0000000085500000, 0x0000000085600000|  0%| F|  |TAMS 0x0000000085500000, 0x0000000085500000| Untracked 
|  86|0x0000000085600000, 0x0000000085600000, 0x0000000085700000|  0%| F|  |TAMS 0x0000000085600000, 0x0000000085600000| Untracked 
|  87|0x0000000085700000, 0x0000000085753ab0, 0x0000000085800000| 32%| S|CS|TAMS 0x0000000085700000, 0x0000000085700000| Complete 
|  88|0x0000000085800000, 0x0000000085900000, 0x0000000085900000|100%| S|CS|TAMS 0x0000000085800000, 0x0000000085800000| Complete 
|  89|0x0000000085900000, 0x0000000085a00000, 0x0000000085a00000|100%| S|CS|TAMS 0x0000000085900000, 0x0000000085900000| Complete 
|  90|0x0000000085a00000, 0x0000000085b00000, 0x0000000085b00000|100%| S|CS|TAMS 0x0000000085a00000, 0x0000000085a00000| Complete 
|  91|0x0000000085b00000, 0x0000000085c00000, 0x0000000085c00000|100%| S|CS|TAMS 0x0000000085b00000, 0x0000000085b00000| Complete 
|  92|0x0000000085c00000, 0x0000000085d00000, 0x0000000085d00000|100%| S|CS|TAMS 0x0000000085c00000, 0x0000000085c00000| Complete 
|  93|0x0000000085d00000, 0x0000000085e00000, 0x0000000085e00000|100%| S|CS|TAMS 0x0000000085d00000, 0x0000000085d00000| Complete 
|  94|0x0000000085e00000, 0x0000000085f00000, 0x0000000085f00000|100%| S|CS|TAMS 0x0000000085e00000, 0x0000000085e00000| Complete 
|  95|0x0000000085f00000, 0x0000000086000000, 0x0000000086000000|100%| S|CS|TAMS 0x0000000085f00000, 0x0000000085f00000| Complete 
|  96|0x0000000086000000, 0x0000000086100000, 0x0000000086100000|100%| S|CS|TAMS 0x0000000086000000, 0x0000000086000000| Complete 
|  97|0x0000000086100000, 0x0000000086100000, 0x0000000086200000|  0%| F|  |TAMS 0x0000000086100000, 0x0000000086100000| Untracked 
|  98|0x0000000086200000, 0x0000000086200000, 0x0000000086300000|  0%| F|  |TAMS 0x0000000086200000, 0x0000000086200000| Untracked 
|  99|0x0000000086300000, 0x0000000086300000, 0x0000000086400000|  0%| F|  |TAMS 0x0000000086300000, 0x0000000086300000| Untracked 
| 100|0x0000000086400000, 0x0000000086400000, 0x0000000086500000|  0%| F|  |TAMS 0x0000000086400000, 0x0000000086400000| Untracked 
| 101|0x0000000086500000, 0x0000000086500000, 0x0000000086600000|  0%| F|  |TAMS 0x0000000086500000, 0x0000000086500000| Untracked 
| 102|0x0000000086600000, 0x0000000086600000, 0x0000000086700000|  0%| F|  |TAMS 0x0000000086600000, 0x0000000086600000| Untracked 
| 103|0x0000000086700000, 0x0000000086700000, 0x0000000086800000|  0%| F|  |TAMS 0x0000000086700000, 0x0000000086700000| Untracked 
| 104|0x0000000086800000, 0x0000000086900000, 0x0000000086900000|100%| S|CS|TAMS 0x0000000086800000, 0x0000000086800000| Complete 
| 105|0x0000000086900000, 0x0000000086a00000, 0x0000000086a00000|100%| S|CS|TAMS 0x0000000086900000, 0x0000000086900000| Complete 
| 106|0x0000000086a00000, 0x0000000086a00000, 0x0000000086b00000|  0%| F|  |TAMS 0x0000000086a00000, 0x0000000086a00000| Untracked 
| 107|0x0000000086b00000, 0x0000000086b00000, 0x0000000086c00000|  0%| F|  |TAMS 0x0000000086b00000, 0x0000000086b00000| Untracked 
| 108|0x0000000086c00000, 0x0000000086c00000, 0x0000000086d00000|  0%| F|  |TAMS 0x0000000086c00000, 0x0000000086c00000| Untracked 
| 109|0x0000000086d00000, 0x0000000086d00000, 0x0000000086e00000|  0%| F|  |TAMS 0x0000000086d00000, 0x0000000086d00000| Untracked 
| 110|0x0000000086e00000, 0x0000000086e00000, 0x0000000086f00000|  0%| F|  |TAMS 0x0000000086e00000, 0x0000000086e00000| Untracked 
| 111|0x0000000086f00000, 0x0000000086f00000, 0x0000000087000000|  0%| F|  |TAMS 0x0000000086f00000, 0x0000000086f00000| Untracked 
| 112|0x0000000087000000, 0x0000000087000000, 0x0000000087100000|  0%| F|  |TAMS 0x0000000087000000, 0x0000000087000000| Untracked 
| 113|0x0000000087100000, 0x0000000087100000, 0x0000000087200000|  0%| F|  |TAMS 0x0000000087100000, 0x0000000087100000| Untracked 
| 114|0x0000000087200000, 0x0000000087200000, 0x0000000087300000|  0%| F|  |TAMS 0x0000000087200000, 0x0000000087200000| Untracked 
| 115|0x0000000087300000, 0x0000000087300000, 0x0000000087400000|  0%| F|  |TAMS 0x0000000087300000, 0x0000000087300000| Untracked 
| 116|0x0000000087400000, 0x0000000087400000, 0x0000000087500000|  0%| F|  |TAMS 0x0000000087400000, 0x0000000087400000| Untracked 
| 117|0x0000000087500000, 0x0000000087500000, 0x0000000087600000|  0%| F|  |TAMS 0x0000000087500000, 0x0000000087500000| Untracked 
| 118|0x0000000087600000, 0x0000000087600000, 0x0000000087700000|  0%| F|  |TAMS 0x0000000087600000, 0x0000000087600000| Untracked 
| 119|0x0000000087700000, 0x0000000087700000, 0x0000000087800000|  0%| F|  |TAMS 0x0000000087700000, 0x0000000087700000| Untracked 
| 120|0x0000000087800000, 0x0000000087895730, 0x0000000087900000| 58%| E|  |TAMS 0x0000000087800000, 0x0000000087800000| Complete 
| 121|0x0000000087900000, 0x0000000087a00000, 0x0000000087a00000|100%| E|CS|TAMS 0x0000000087900000, 0x0000000087900000| Complete 
| 122|0x0000000087a00000, 0x0000000087b00000, 0x0000000087b00000|100%| E|CS|TAMS 0x0000000087a00000, 0x0000000087a00000| Complete 
| 123|0x0000000087b00000, 0x0000000087c00000, 0x0000000087c00000|100%| E|CS|TAMS 0x0000000087b00000, 0x0000000087b00000| Complete 
| 124|0x0000000087c00000, 0x0000000087d00000, 0x0000000087d00000|100%| E|CS|TAMS 0x0000000087c00000, 0x0000000087c00000| Complete 
| 125|0x0000000087d00000, 0x0000000087e00000, 0x0000000087e00000|100%| E|CS|TAMS 0x0000000087d00000, 0x0000000087d00000| Complete 
| 126|0x0000000087e00000, 0x0000000087f00000, 0x0000000087f00000|100%| E|CS|TAMS 0x0000000087e00000, 0x0000000087e00000| Complete 
| 127|0x0000000087f00000, 0x0000000088000000, 0x0000000088000000|100%| E|CS|TAMS 0x0000000087f00000, 0x0000000087f00000| Complete 
| 128|0x0000000088000000, 0x0000000088100000, 0x0000000088100000|100%| E|CS|TAMS 0x0000000088000000, 0x0000000088000000| Complete 
| 129|0x0000000088100000, 0x0000000088200000, 0x0000000088200000|100%| E|CS|TAMS 0x0000000088100000, 0x0000000088100000| Complete 
| 130|0x0000000088200000, 0x0000000088300000, 0x0000000088300000|100%| E|CS|TAMS 0x0000000088200000, 0x0000000088200000| Complete 
| 131|0x0000000088300000, 0x0000000088400000, 0x0000000088400000|100%| E|CS|TAMS 0x0000000088300000, 0x0000000088300000| Complete 
| 132|0x0000000088400000, 0x0000000088500000, 0x0000000088500000|100%| E|CS|TAMS 0x0000000088400000, 0x0000000088400000| Complete 
| 133|0x0000000088500000, 0x0000000088600000, 0x0000000088600000|100%| E|CS|TAMS 0x0000000088500000, 0x0000000088500000| Complete 
| 134|0x0000000088600000, 0x0000000088700000, 0x0000000088700000|100%| E|CS|TAMS 0x0000000088600000, 0x0000000088600000| Complete 
| 135|0x0000000088700000, 0x0000000088800000, 0x0000000088800000|100%| E|  |TAMS 0x0000000088700000, 0x0000000088700000| Complete 
| 136|0x0000000088800000, 0x0000000088900000, 0x0000000088900000|100%| E|CS|TAMS 0x0000000088800000, 0x0000000088800000| Complete 
| 137|0x0000000088900000, 0x0000000088a00000, 0x0000000088a00000|100%| E|CS|TAMS 0x0000000088900000, 0x0000000088900000| Complete 
| 138|0x0000000088a00000, 0x0000000088b00000, 0x0000000088b00000|100%| E|CS|TAMS 0x0000000088a00000, 0x0000000088a00000| Complete 
| 139|0x0000000088b00000, 0x0000000088c00000, 0x0000000088c00000|100%| E|CS|TAMS 0x0000000088b00000, 0x0000000088b00000| Complete 
| 140|0x0000000088c00000, 0x0000000088d00000, 0x0000000088d00000|100%| E|CS|TAMS 0x0000000088c00000, 0x0000000088c00000| Complete 
| 141|0x0000000088d00000, 0x0000000088e00000, 0x0000000088e00000|100%| E|CS|TAMS 0x0000000088d00000, 0x0000000088d00000| Complete 
| 142|0x0000000088e00000, 0x0000000088f00000, 0x0000000088f00000|100%| E|CS|TAMS 0x0000000088e00000, 0x0000000088e00000| Complete 
| 143|0x0000000088f00000, 0x0000000089000000, 0x0000000089000000|100%| E|CS|TAMS 0x0000000088f00000, 0x0000000088f00000| Complete 
| 144|0x0000000089000000, 0x0000000089100000, 0x0000000089100000|100%| E|CS|TAMS 0x0000000089000000, 0x0000000089000000| Complete 
| 145|0x0000000089100000, 0x0000000089200000, 0x0000000089200000|100%| E|CS|TAMS 0x0000000089100000, 0x0000000089100000| Complete 
| 146|0x0000000089200000, 0x0000000089300000, 0x0000000089300000|100%| E|CS|TAMS 0x0000000089200000, 0x0000000089200000| Complete 
| 147|0x0000000089300000, 0x0000000089400000, 0x0000000089400000|100%| E|CS|TAMS 0x0000000089300000, 0x0000000089300000| Complete 
| 148|0x0000000089400000, 0x0000000089500000, 0x0000000089500000|100%| E|CS|TAMS 0x0000000089400000, 0x0000000089400000| Complete 
| 149|0x0000000089500000, 0x0000000089600000, 0x0000000089600000|100%| E|CS|TAMS 0x0000000089500000, 0x0000000089500000| Complete 
| 150|0x0000000089600000, 0x0000000089700000, 0x0000000089700000|100%| E|CS|TAMS 0x0000000089600000, 0x0000000089600000| Complete 
| 151|0x0000000089700000, 0x0000000089800000, 0x0000000089800000|100%| E|CS|TAMS 0x0000000089700000, 0x0000000089700000| Complete 
| 152|0x0000000089800000, 0x0000000089900000, 0x0000000089900000|100%| E|CS|TAMS 0x0000000089800000, 0x0000000089800000| Complete 
| 153|0x0000000089900000, 0x0000000089a00000, 0x0000000089a00000|100%| E|CS|TAMS 0x0000000089900000, 0x0000000089900000| Complete 
| 154|0x0000000089a00000, 0x0000000089b00000, 0x0000000089b00000|100%| E|CS|TAMS 0x0000000089a00000, 0x0000000089a00000| Complete 
| 155|0x0000000089b00000, 0x0000000089c00000, 0x0000000089c00000|100%| E|CS|TAMS 0x0000000089b00000, 0x0000000089b00000| Complete 
| 156|0x0000000089c00000, 0x0000000089d00000, 0x0000000089d00000|100%| E|CS|TAMS 0x0000000089c00000, 0x0000000089c00000| Complete 
| 157|0x0000000089d00000, 0x0000000089e00000, 0x0000000089e00000|100%| E|CS|TAMS 0x0000000089d00000, 0x0000000089d00000| Complete 
| 158|0x0000000089e00000, 0x0000000089f00000, 0x0000000089f00000|100%| E|CS|TAMS 0x0000000089e00000, 0x0000000089e00000| Complete 
| 159|0x0000000089f00000, 0x000000008a000000, 0x000000008a000000|100%| E|CS|TAMS 0x0000000089f00000, 0x0000000089f00000| Complete 
| 160|0x000000008a000000, 0x000000008a100000, 0x000000008a100000|100%| E|CS|TAMS 0x000000008a000000, 0x000000008a000000| Complete 
| 161|0x000000008a100000, 0x000000008a200000, 0x000000008a200000|100%| E|CS|TAMS 0x000000008a100000, 0x000000008a100000| Complete 
| 162|0x000000008a200000, 0x000000008a300000, 0x000000008a300000|100%| E|CS|TAMS 0x000000008a200000, 0x000000008a200000| Complete 
| 163|0x000000008a300000, 0x000000008a400000, 0x000000008a400000|100%| E|CS|TAMS 0x000000008a300000, 0x000000008a300000| Complete 
| 164|0x000000008a400000, 0x000000008a500000, 0x000000008a500000|100%| E|CS|TAMS 0x000000008a400000, 0x000000008a400000| Complete 
| 165|0x000000008a500000, 0x000000008a600000, 0x000000008a600000|100%| E|CS|TAMS 0x000000008a500000, 0x000000008a500000| Complete 
| 166|0x000000008a600000, 0x000000008a700000, 0x000000008a700000|100%| E|CS|TAMS 0x000000008a600000, 0x000000008a600000| Complete 
| 167|0x000000008a700000, 0x000000008a800000, 0x000000008a800000|100%| E|CS|TAMS 0x000000008a700000, 0x000000008a700000| Complete 
| 168|0x000000008a800000, 0x000000008a900000, 0x000000008a900000|100%| E|CS|TAMS 0x000000008a800000, 0x000000008a800000| Complete 
| 169|0x000000008a900000, 0x000000008aa00000, 0x000000008aa00000|100%| E|CS|TAMS 0x000000008a900000, 0x000000008a900000| Complete 
| 170|0x000000008aa00000, 0x000000008ab00000, 0x000000008ab00000|100%| E|CS|TAMS 0x000000008aa00000, 0x000000008aa00000| Complete 
| 171|0x000000008ab00000, 0x000000008ac00000, 0x000000008ac00000|100%| E|CS|TAMS 0x000000008ab00000, 0x000000008ab00000| Complete 
| 172|0x000000008ac00000, 0x000000008ad00000, 0x000000008ad00000|100%| E|CS|TAMS 0x000000008ac00000, 0x000000008ac00000| Complete 
| 173|0x000000008ad00000, 0x000000008ae00000, 0x000000008ae00000|100%| E|CS|TAMS 0x000000008ad00000, 0x000000008ad00000| Complete 
| 174|0x000000008ae00000, 0x000000008af00000, 0x000000008af00000|100%| E|CS|TAMS 0x000000008ae00000, 0x000000008ae00000| Complete 
| 175|0x000000008af00000, 0x000000008b000000, 0x000000008b000000|100%| E|CS|TAMS 0x000000008af00000, 0x000000008af00000| Complete 
| 176|0x000000008b000000, 0x000000008b100000, 0x000000008b100000|100%| E|CS|TAMS 0x000000008b000000, 0x000000008b000000| Complete 
| 177|0x000000008b100000, 0x000000008b200000, 0x000000008b200000|100%| E|CS|TAMS 0x000000008b100000, 0x000000008b100000| Complete 
| 178|0x000000008b200000, 0x000000008b300000, 0x000000008b300000|100%| E|CS|TAMS 0x000000008b200000, 0x000000008b200000| Complete 
| 179|0x000000008b300000, 0x000000008b400000, 0x000000008b400000|100%| E|CS|TAMS 0x000000008b300000, 0x000000008b300000| Complete 
| 180|0x000000008b400000, 0x000000008b500000, 0x000000008b500000|100%| E|CS|TAMS 0x000000008b400000, 0x000000008b400000| Complete 
| 181|0x000000008b500000, 0x000000008b600000, 0x000000008b600000|100%| E|CS|TAMS 0x000000008b500000, 0x000000008b500000| Complete 
| 182|0x000000008b600000, 0x000000008b700000, 0x000000008b700000|100%| E|CS|TAMS 0x000000008b600000, 0x000000008b600000| Complete 
| 183|0x000000008b700000, 0x000000008b800000, 0x000000008b800000|100%| E|CS|TAMS 0x000000008b700000, 0x000000008b700000| Complete 
| 184|0x000000008b800000, 0x000000008b900000, 0x000000008b900000|100%| E|CS|TAMS 0x000000008b800000, 0x000000008b800000| Complete 
| 185|0x000000008b900000, 0x000000008ba00000, 0x000000008ba00000|100%| E|CS|TAMS 0x000000008b900000, 0x000000008b900000| Complete 
| 186|0x000000008ba00000, 0x000000008bb00000, 0x000000008bb00000|100%| E|CS|TAMS 0x000000008ba00000, 0x000000008ba00000| Complete 
| 187|0x000000008bb00000, 0x000000008bc00000, 0x000000008bc00000|100%| E|CS|TAMS 0x000000008bb00000, 0x000000008bb00000| Complete 
| 188|0x000000008bc00000, 0x000000008bd00000, 0x000000008bd00000|100%| E|CS|TAMS 0x000000008bc00000, 0x000000008bc00000| Complete 
| 189|0x000000008bd00000, 0x000000008be00000, 0x000000008be00000|100%| E|CS|TAMS 0x000000008bd00000, 0x000000008bd00000| Complete 
| 190|0x000000008be00000, 0x000000008bf00000, 0x000000008bf00000|100%| E|CS|TAMS 0x000000008be00000, 0x000000008be00000| Complete 
| 191|0x000000008bf00000, 0x000000008c000000, 0x000000008c000000|100%| E|CS|TAMS 0x000000008bf00000, 0x000000008bf00000| Complete 

Card table byte_map: [0x0000026f301b0000,0x0000026f305b0000] _byte_map_base: 0x0000026f2fdb0000

Marking Bits (Prev, Next): (CMBitMap*) 0x0000026f1b074fb0, (CMBitMap*) 0x0000026f1b074f78
 Prev Bits: [0x0000026f329b0000, 0x0000026f349b0000)
 Next Bits: [0x0000026f309b0000, 0x0000026f329b0000)

Polling page: 0x0000026f1b110000

Metaspace:

Usage:
  Non-class:     72.57 MB capacity,    71.26 MB ( 98%) used,     1.07 MB (  1%) free+waste,   249.31 KB ( <1%) overhead. 
      Class:     11.50 MB capacity,    10.68 MB ( 93%) used,   715.27 KB (  6%) free+waste,   116.00 KB ( <1%) overhead. 
       Both:     84.06 MB capacity,    81.94 MB ( 97%) used,     1.77 MB (  2%) free+waste,   365.31 KB ( <1%) overhead. 

Virtual space:
  Non-class space:       74.00 MB reserved,      72.64 MB ( 98%) committed 
      Class space:        1.00 GB reserved,      11.57 MB (  1%) committed 
             Both:        1.07 GB reserved,      84.21 MB (  8%) committed 

Chunk freelists:
   Non-Class:  11.00 KB
       Class:  4.00 KB
        Both:  15.00 KB

MaxMetaspaceSize: 17179869184.00 GB
CompressedClassSpaceSize: 1.00 GB
Initial GC threshold: 20.80 MB
Current GC threshold: 98.90 MB
CDS: off

CodeHeap 'non-profiled nmethods': size=120000Kb used=5615Kb max_used=5615Kb free=114385Kb
 bounds [0x0000026f27e00000, 0x0000026f28380000, 0x0000026f2f330000]
CodeHeap 'profiled nmethods': size=120000Kb used=19730Kb max_used=19730Kb free=100269Kb
 bounds [0x0000026f208d0000, 0x0000026f21c20000, 0x0000026f27e00000]
CodeHeap 'non-nmethods': size=5760Kb used=2362Kb max_used=2439Kb free=3397Kb
 bounds [0x0000026f20330000, 0x0000026f205a0000, 0x0000026f208d0000]
 total_blobs=10031 nmethods=9149 adapters=794
 compilation: enabled
              stopped_count=0, restarted_count=0
 full_count=0

Compilation events (20 events):
Event: 25.988 Thread 0x0000026f37d2b000 nmethod 9138 0x0000026f21bf7d10 code [0x0000026f21bf7ec0, 0x0000026f21bf8018]
Event: 25.991 Thread 0x0000026f37d2b000 9142       3       java.util.Stack::<init> (5 bytes)
Event: 25.992 Thread 0x0000026f37d2b000 nmethod 9142 0x0000026f21bf8090 code [0x0000026f21bf8260, 0x0000026f21bf8468]
Event: 25.994 Thread 0x0000026f37d2b000 9143       3       org.apache.xerces.impl.dtd.XMLDTDProcessor::getPropertyDefault (36 bytes)
Event: 25.995 Thread 0x0000026f37d2b000 nmethod 9143 0x0000026f21bf8590 code [0x0000026f21bf8760, 0x0000026f21bf8a28]
Event: 25.995 Thread 0x0000026f37d2b000 9144       3       org.apache.xerces.jaxp.SAXParserImpl$JAXPSAXParser::setFeature0 (7 bytes)
Event: 25.995 Thread 0x0000026f37d2b000 nmethod 9144 0x0000026f21bf8c10 code [0x0000026f21bf8dc0, 0x0000026f21bf8ee8]
Event: 25.997 Thread 0x0000026f37d2b000 9146       3       org.apache.xerces.impl.XMLDocumentFragmentScannerImpl::getFeatureDefault (36 bytes)
Event: 25.997 Thread 0x0000026f37d2b000 nmethod 9146 0x0000026f21bf8f90 code [0x0000026f21bf9160, 0x0000026f21bf9428]
Event: 25.999 Thread 0x0000026f37d2b000 9148       3       java.util.EnumMap::isValidKey (36 bytes)
Event: 26.000 Thread 0x0000026f37d2b000 nmethod 9148 0x0000026f21bf9610 code [0x0000026f21bf97e0, 0x0000026f21bf9a48]
Event: 26.000 Thread 0x0000026f37d2b000 9149       2       java.lang.String::split (324 bytes)
Event: 26.005 Thread 0x0000026f37d2b000 nmethod 9149 0x0000026f21bf9b10 code [0x0000026f21bf9ea0, 0x0000026f21bfb3d8]
Event: 26.005 Thread 0x0000026f37d2b000 9152       3       java.lang.Character::isLetter (5 bytes)
Event: 26.006 Thread 0x0000026f37d2b000 nmethod 9152 0x0000026f21bfc190 code [0x0000026f21bfc360, 0x0000026f21bfc658]
Event: 26.006 Thread 0x0000026f37d2b000 9153       3       java.lang.Character::isLetter (18 bytes)
Event: 26.006 Thread 0x0000026f37d2b000 nmethod 9153 0x0000026f21bfc790 code [0x0000026f21bfc960, 0x0000026f21bfcbf8]
Event: 26.006 Thread 0x0000026f37d2b000 9150       3       org.gradle.internal.classpath.Instrumented::listener (10 bytes)
Event: 26.006 Thread 0x0000026f37d2b000 nmethod 9150 0x0000026f21bfcd10 code [0x0000026f21bfcec0, 0x0000026f21bfd0d8]
Event: 26.007 Thread 0x0000026f37d2b000 9154       3       com.android.ide.common.resources.configuration.FolderConfiguration::getQualifierString (115 bytes)

GC Heap History (20 events):
Event: 2.053 GC heap before
{Heap before GC invocations=2 (full 0):
 garbage-first heap   total 196608K, used 55011K [0x0000000080000000, 0x0000000100000000)
  region size 1024K, 45 young (46080K), 1 survivors (1024K)
 Metaspace       used 14020K, capacity 14339K, committed 14464K, reserved 1062912K
  class space    used 1548K, capacity 1656K, committed 1664K, reserved 1048576K
}
Event: 2.060 GC heap after
{Heap after GC invocations=3 (full 0):
 garbage-first heap   total 196608K, used 15234K [0x0000000080000000, 0x0000000100000000)
  region size 1024K, 6 young (6144K), 6 survivors (6144K)
 Metaspace       used 14020K, capacity 14339K, committed 14464K, reserved 1062912K
  class space    used 1548K, capacity 1656K, committed 1664K, reserved 1048576K
}
Event: 5.017 GC heap before
{Heap before GC invocations=3 (full 0):
 garbage-first heap   total 196608K, used 62338K [0x0000000080000000, 0x0000000100000000)
  region size 1024K, 53 young (54272K), 6 survivors (6144K)
 Metaspace       used 20767K, capacity 21133K, committed 21296K, reserved 1069056K
  class space    used 2529K, capacity 2688K, committed 2688K, reserved 1048576K
}
Event: 5.030 GC heap after
{Heap after GC invocations=4 (full 0):
 garbage-first heap   total 196608K, used 17565K [0x0000000080000000, 0x0000000100000000)
  region size 1024K, 3 young (3072K), 3 survivors (3072K)
 Metaspace       used 20767K, capacity 21133K, committed 21296K, reserved 1069056K
  class space    used 2529K, capacity 2688K, committed 2688K, reserved 1048576K
}
Event: 6.448 GC heap before
{Heap before GC invocations=5 (full 0):
 garbage-first heap   total 196608K, used 92317K [0x0000000080000000, 0x0000000100000000)
  region size 1024K, 76 young (77824K), 3 survivors (3072K)
 Metaspace       used 28096K, capacity 28703K, committed 28800K, reserved 1075200K
  class space    used 3666K, capacity 3880K, committed 3968K, reserved 1048576K
}
Event: 6.456 GC heap after
{Heap after GC invocations=6 (full 0):
 garbage-first heap   total 196608K, used 20105K [0x0000000080000000, 0x0000000100000000)
  region size 1024K, 5 young (5120K), 5 survivors (5120K)
 Metaspace       used 28096K, capacity 28703K, committed 28800K, reserved 1075200K
  class space    used 3666K, capacity 3880K, committed 3968K, reserved 1048576K
}
Event: 7.590 GC heap before
{Heap before GC invocations=6 (full 0):
 garbage-first heap   total 196608K, used 63113K [0x0000000080000000, 0x0000000100000000)
  region size 1024K, 48 young (49152K), 5 survivors (5120K)
 Metaspace       used 35205K, capacity 35977K, committed 36048K, reserved 1081344K
  class space    used 4530K, capacity 4840K, committed 4864K, reserved 1048576K
}
Event: 7.601 GC heap after
{Heap after GC invocations=7 (full 0):
 garbage-first heap   total 196608K, used 23004K [0x0000000080000000, 0x0000000100000000)
  region size 1024K, 8 young (8192K), 8 survivors (8192K)
 Metaspace       used 35205K, capacity 35977K, committed 36048K, reserved 1081344K
  class space    used 4530K, capacity 4840K, committed 4864K, reserved 1048576K
}
Event: 9.698 GC heap before
{Heap before GC invocations=8 (full 0):
 garbage-first heap   total 196608K, used 134620K [0x0000000080000000, 0x0000000100000000)
  region size 1024K, 114 young (116736K), 8 survivors (8192K)
 Metaspace       used 44444K, capacity 45461K, committed 45724K, reserved 1089536K
  class space    used 5613K, capacity 6002K, committed 6092K, reserved 1048576K
}
Event: 9.714 GC heap after
{Heap after GC invocations=9 (full 0):
 garbage-first heap   total 196608K, used 29719K [0x0000000080000000, 0x0000000100000000)
  region size 1024K, 14 young (14336K), 14 survivors (14336K)
 Metaspace       used 44444K, capacity 45461K, committed 45724K, reserved 1089536K
  class space    used 5613K, capacity 6002K, committed 6092K, reserved 1048576K
}
Event: 11.630 GC heap before
{Heap before GC invocations=9 (full 0):
 garbage-first heap   total 196608K, used 137239K [0x0000000080000000, 0x0000000100000000)
  region size 1024K, 115 young (117760K), 14 survivors (14336K)
 Metaspace       used 49920K, capacity 51139K, committed 51356K, reserved 1093632K
  class space    used 6304K, capacity 6776K, committed 6860K, reserved 1048576K
}
Event: 11.649 GC heap after
{Heap after GC invocations=10 (full 0):
 garbage-first heap   total 196608K, used 42076K [0x0000000080000000, 0x0000000100000000)
  region size 1024K, 15 young (15360K), 15 survivors (15360K)
 Metaspace       used 49920K, capacity 51139K, committed 51356K, reserved 1093632K
  class space    used 6304K, capacity 6776K, committed 6860K, reserved 1048576K
}
Event: 13.401 GC heap before
{Heap before GC invocations=10 (full 0):
 garbage-first heap   total 196608K, used 106588K [0x0000000080000000, 0x0000000100000000)
  region size 1024K, 79 young (80896K), 15 survivors (15360K)
 Metaspace       used 59063K, capacity 60463K, committed 60636K, reserved 1101824K
  class space    used 7459K, capacity 7983K, committed 8012K, reserved 1048576K
}
Event: 13.422 GC heap after
{Heap after GC invocations=11 (full 0):
 garbage-first heap   total 196608K, used 44535K [0x0000000080000000, 0x0000000100000000)
  region size 1024K, 11 young (11264K), 11 survivors (11264K)
 Metaspace       used 59063K, capacity 60463K, committed 60636K, reserved 1101824K
  class space    used 7459K, capacity 7983K, committed 8012K, reserved 1048576K
}
Event: 15.378 GC heap before
{Heap before GC invocations=12 (full 0):
 garbage-first heap   total 196608K, used 144887K [0x0000000080000000, 0x0000000100000000)
  region size 1024K, 101 young (103424K), 11 survivors (11264K)
 Metaspace       used 65083K, capacity 66558K, committed 66908K, reserved 1107968K
  class space    used 8225K, capacity 8780K, committed 8908K, reserved 1048576K
}
Event: 15.395 GC heap after
{Heap after GC invocations=13 (full 0):
 garbage-first heap   total 196608K, used 52825K [0x0000000080000000, 0x0000000100000000)
  region size 1024K, 11 young (11264K), 11 survivors (11264K)
 Metaspace       used 65083K, capacity 66558K, committed 66908K, reserved 1107968K
  class space    used 8225K, capacity 8780K, committed 8908K, reserved 1048576K
}
Event: 19.644 GC heap before
{Heap before GC invocations=13 (full 0):
 garbage-first heap   total 196608K, used 142937K [0x0000000080000000, 0x0000000100000000)
  region size 1024K, 99 young (101376K), 11 survivors (11264K)
 Metaspace       used 72318K, capacity 74021K, committed 74204K, reserved 1114112K
  class space    used 9363K, capacity 9992K, committed 10060K, reserved 1048576K
}
Event: 19.671 GC heap after
{Heap after GC invocations=14 (full 0):
 garbage-first heap   total 196608K, used 58366K [0x0000000080000000, 0x0000000100000000)
  region size 1024K, 7 young (7168K), 7 survivors (7168K)
 Metaspace       used 72318K, capacity 74021K, committed 74204K, reserved 1114112K
  class space    used 9363K, capacity 9992K, committed 10060K, reserved 1048576K
}
Event: 23.865 GC heap before
{Heap before GC invocations=14 (full 0):
 garbage-first heap   total 196608K, used 146430K [0x0000000080000000, 0x0000000100000000)
  region size 1024K, 93 young (95232K), 7 survivors (7168K)
 Metaspace       used 80798K, capacity 82759K, committed 82908K, reserved 1120256K
  class space    used 10597K, capacity 11333K, committed 11340K, reserved 1048576K
}
Event: 23.881 GC heap after
{Heap after GC invocations=15 (full 0):
 garbage-first heap   total 196608K, used 63586K [0x0000000080000000, 0x0000000100000000)
  region size 1024K, 12 young (12288K), 12 survivors (12288K)
 Metaspace       used 80798K, capacity 82759K, committed 82908K, reserved 1120256K
  class space    used 10597K, capacity 11333K, committed 11340K, reserved 1048576K
}

Deoptimization events (20 events):
Event: 25.465 Thread 0x0000026f3d3fc800 DEOPT PACKING pc=0x0000026f28326788 sp=0x000000742c5fbf60
Event: 25.465 Thread 0x0000026f3d3fc800 DEOPT UNPACKING pc=0x0000026f2037a1af sp=0x000000742c5fbf08 mode 2
Event: 25.635 Thread 0x0000026f3d3fc800 Uncommon trap: trap_request=0xffffffc6 fr.pc=0x0000026f27e557b4 relative=0x0000000000002854
Event: 25.635 Thread 0x0000026f3d3fc800 Uncommon trap: reason=bimorphic_or_optimized_type_check action=maybe_recompile pc=0x0000026f27e557b4 method=java.util.HashMap.putVal(ILjava/lang/Object;Ljava/lang/Object;ZZ)Ljava/lang/Object; @ 203 c2
Event: 25.635 Thread 0x0000026f3d3fc800 DEOPT PACKING pc=0x0000026f27e557b4 sp=0x000000742c5f8a30
Event: 25.635 Thread 0x0000026f3d3fc800 DEOPT UNPACKING pc=0x0000026f2037a1af sp=0x000000742c5f8908 mode 2
Event: 25.774 Thread 0x0000026f3d3fc800 Uncommon trap: trap_request=0xffffff4d fr.pc=0x0000026f282ee9f0 relative=0x00000000000001f0
Event: 25.774 Thread 0x0000026f3d3fc800 Uncommon trap: reason=unstable_if action=reinterpret pc=0x0000026f282ee9f0 method=sun.invoke.util.VerifyAccess.isTypeVisible(Ljava/lang/Class;Ljava/lang/Class;)Z @ 77 c2
Event: 25.774 Thread 0x0000026f3d3fc800 DEOPT PACKING pc=0x0000026f282ee9f0 sp=0x000000742c5f84d0
Event: 25.774 Thread 0x0000026f3d3fc800 DEOPT UNPACKING pc=0x0000026f2037a1af sp=0x000000742c5f8450 mode 2
Event: 25.892 Thread 0x0000026f3d3fc800 Uncommon trap: trap_request=0xffffff4d fr.pc=0x0000026f27e16598 relative=0x0000000000000258
Event: 25.892 Thread 0x0000026f3d3fc800 Uncommon trap: reason=unstable_if action=reinterpret pc=0x0000026f27e16598 method=java.lang.String.getChars(II[CI)V @ 23 c2
Event: 25.892 Thread 0x0000026f3d3fc800 DEOPT PACKING pc=0x0000026f27e16598 sp=0x000000742c5f8e00
Event: 25.892 Thread 0x0000026f3d3fc800 DEOPT UNPACKING pc=0x0000026f2037a1af sp=0x000000742c5f8dc0 mode 2
Event: 25.892 Thread 0x0000026f3d3fc800 Uncommon trap: trap_request=0xffffff4d fr.pc=0x0000026f27f2db88 relative=0x0000000000000268
Event: 25.892 Thread 0x0000026f3d3fc800 Uncommon trap: reason=unstable_if action=reinterpret pc=0x0000026f27f2db88 method=java.lang.AbstractStringBuilder.appendChars([CII)V @ 43 c2
Event: 25.892 Thread 0x0000026f3d3fc800 DEOPT PACKING pc=0x0000026f27f2db88 sp=0x000000742c5f8cc0
Event: 25.892 Thread 0x0000026f3d3fc800 DEOPT UNPACKING pc=0x0000026f2037a1af sp=0x000000742c5f8c38 mode 2
Event: 25.898 Thread 0x0000026f3d3fc800 DEOPT PACKING pc=0x0000026f2090cd3c sp=0x000000742c5f8b10
Event: 25.898 Thread 0x0000026f3d3fc800 DEOPT UNPACKING pc=0x0000026f2037a95e sp=0x000000742c5f7f70 mode 0

Classes redefined (0 events):
No events

Internal exceptions (20 events):
Event: 23.649 Thread 0x0000026f3adf8800 Exception <a 'java/lang/NoSuchMethodError'{0x0000000086fc9db0}: <clinit>> (0x0000000086fc9db0) thrown at [./src/hotspot/share/prims/jni.cpp, line 1366]
Event: 23.653 Thread 0x0000026f3adf8800 Exception <a 'java/lang/NoSuchMethodError'{0x0000000086fda208}: <clinit>> (0x0000000086fda208) thrown at [./src/hotspot/share/prims/jni.cpp, line 1366]
Event: 23.654 Thread 0x0000026f3adf8800 Exception <a 'java/lang/NoSuchMethodError'{0x0000000086fdb810}: <clinit>> (0x0000000086fdb810) thrown at [./src/hotspot/share/prims/jni.cpp, line 1366]
Event: 23.708 Thread 0x0000026f3d3ff800 Exception <a 'java/lang/NoSuchMethodError'{0x0000000086c4e948}: <clinit>> (0x0000000086c4e948) thrown at [./src/hotspot/share/prims/jni.cpp, line 1366]
Event: 23.712 Thread 0x0000026f3d3ff800 Exception <a 'java/lang/NoSuchMethodError'{0x0000000086c63680}: <clinit>> (0x0000000086c63680) thrown at [./src/hotspot/share/prims/jni.cpp, line 1366]
Event: 23.719 Thread 0x0000026f3d3ff800 Exception <a 'java/lang/NoSuchMethodError'{0x0000000086c85d10}: <clinit>> (0x0000000086c85d10) thrown at [./src/hotspot/share/prims/jni.cpp, line 1366]
Event: 23.723 Thread 0x0000026f3d3ff800 Exception <a 'java/lang/NoSuchMethodError'{0x0000000086caba78}: 'void java.lang.invoke.DirectMethodHandle$Holder.invokeSpecial(java.lang.Object, java.lang.Object, java.lang.Object, int)'> (0x0000000086caba78) thrown at [./src/hotspot/share/interpreter/linkResolver.cpp, line 773]
Event: 23.736 Thread 0x0000026f3adf8800 Exception <a 'java/lang/NoSuchMethodError'{0x0000000086cfd860}: <clinit>> (0x0000000086cfd860) thrown at [./src/hotspot/share/prims/jni.cpp, line 1366]
Event: 23.791 Thread 0x0000026f3d3fc800 Exception <a 'java/lang/NoSuchMethodError'{0x0000000086bdac08}: 'int java.lang.invoke.DirectMethodHandle$Holder.invokeSpecial(java.lang.Object, java.lang.Object, java.lang.Object, java.lang.Object, java.lang.Object)'> (0x0000000086bdac08) thrown at [./src/hotspot/share/interpreter/linkResolver.cpp, line 773]
Event: 24.330 Thread 0x0000026f3d3fc800 Exception <a 'java/lang/NoSuchMethodError'{0x000000008ba441d8}: 'void java.lang.invoke.DirectMethodHandle$Holder.invokeStatic(java.lang.Object, java.lang.Object, java.lang.Object, java.lang.Object, int, java.lang.Object, java.lang.Object)'> (0x000000008ba441d8) thrown at [./src/hotspot/share/interpreter/linkResolver.cpp, line 773]
Event: 24.460 Thread 0x0000026f3849c800 Exception <a 'java/lang/NoSuchMethodError'{0x000000008b215918}: 'java.lang.Object java.lang.invoke.DirectMethodHandle$Holder.invokeSpecialIFC(java.lang.Object, java.lang.Object, java.lang.Object)'> (0x000000008b215918) thrown at [./src/hotspot/share/interpreter/linkResolver.cpp, line 773]
Event: 24.460 Thread 0x0000026f3849e800 Exception <a 'java/lang/NoSuchMethodError'{0x000000008b237320}: 'java.lang.Object java.lang.invoke.DirectMethodHandle$Holder.invokeSpecialIFC(java.lang.Object, java.lang.Object, java.lang.Object)'> (0x000000008b237320) thrown at [./src/hotspot/share/interpreter/linkResolver.cpp, line 773]
Event: 24.460 Thread 0x0000026f3d3f9000 Exception <a 'java/lang/NoSuchMethodError'{0x000000008b39dc80}: 'java.lang.Object java.lang.invoke.DirectMethodHandle$Holder.invokeSpecialIFC(java.lang.Object, java.lang.Object, java.lang.Object)'> (0x000000008b39dc80) thrown at [./src/hotspot/share/interpreter/linkResolver.cpp, line 773]
Event: 24.460 Thread 0x0000026f3d3f6800 Exception <a 'java/lang/NoSuchMethodError'{0x000000008b24c588}: 'java.lang.Object java.lang.invoke.DirectMethodHandle$Holder.invokeSpecialIFC(java.lang.Object, java.lang.Object, java.lang.Object)'> (0x000000008b24c588) thrown at [./src/hotspot/share/interpreter/linkResolver.cpp, line 773]
Event: 24.460 Thread 0x0000026f3a353000 Exception <a 'java/lang/NoSuchMethodError'{0x000000008b3b4cf8}: 'java.lang.Object java.lang.invoke.DirectMethodHandle$Holder.invokeSpecialIFC(java.lang.Object, java.lang.Object, java.lang.Object)'> (0x000000008b3b4cf8) thrown at [./src/hotspot/share/interpreter/linkResolver.cpp, line 773]
Event: 24.461 Thread 0x0000026f3849a000 Exception <a 'java/lang/NoSuchMethodError'{0x000000008b220b80}: 'java.lang.Object java.lang.invoke.DirectMethodHandle$Holder.invokeSpecialIFC(java.lang.Object, java.lang.Object, java.lang.Object)'> (0x000000008b220b80) thrown at [./src/hotspot/share/interpreter/linkResolver.cpp, line 773]
Event: 24.461 Thread 0x0000026f3bd2a000 Exception <a 'java/lang/NoSuchMethodError'{0x000000008b3eda00}: 'java.lang.Object java.lang.invoke.DirectMethodHandle$Holder.invokeSpecialIFC(java.lang.Object, java.lang.Object, java.lang.Object)'> (0x000000008b3eda00) thrown at [./src/hotspot/share/interpreter/linkResolver.cpp, line 773]
Event: 24.461 Thread 0x0000026f3d3fc800 Exception <a 'java/lang/NoSuchMethodError'{0x000000008b3cd828}: 'java.lang.Object java.lang.invoke.DirectMethodHandle$Holder.invokeSpecialIFC(java.lang.Object, java.lang.Object, java.lang.Object)'> (0x000000008b3cd828) thrown at [./src/hotspot/share/interpreter/linkResolver.cpp, line 773]
Event: 25.458 Thread 0x0000026f3d3fc800 Exception <a 'java/lang/NoSuchMethodError'{0x00000000889d6180}: 'void java.lang.invoke.DirectMethodHandle$Holder.invokeInterface(java.lang.Object, java.lang.Object, java.lang.Object, java.lang.Object)'> (0x00000000889d6180) thrown at [./src/hotspot/share/interpreter/linkResolver.cpp, line 773]
Event: 25.498 Thread 0x0000026f3d3fc800 Exception <a 'java/lang/NoSuchMethodError'{0x000000008889a350}: 'void java.lang.invoke.DirectMethodHandle$Holder.invokeVirtual(java.lang.Object, java.lang.Object)'> (0x000000008889a350) thrown at [./src/hotspot/share/interpreter/linkResolver.cpp, line 773]

Events (20 events):
Event: 25.821 loading class com/android/resources/WideGamutColor
Event: 25.821 loading class com/android/resources/WideGamutColor done
Event: 25.823 loading class com/android/resources/HighDynamicRange
Event: 25.823 loading class com/android/resources/HighDynamicRange done
Event: 25.824 loading class com/android/resources/ScreenOrientation
Event: 25.824 loading class com/android/resources/ScreenOrientation done
Event: 25.826 loading class com/android/resources/UiMode
Event: 25.826 loading class com/android/resources/UiMode done
Event: 25.827 loading class com/android/resources/NightMode
Event: 25.827 loading class com/android/resources/NightMode done
Event: 25.829 loading class com/android/resources/TouchScreen
Event: 25.829 loading class com/android/resources/TouchScreen done
Event: 25.830 loading class com/android/resources/KeyboardState
Event: 25.830 loading class com/android/resources/KeyboardState done
Event: 25.833 loading class com/android/resources/Keyboard
Event: 25.833 loading class com/android/resources/Keyboard done
Event: 25.834 loading class com/android/resources/NavigationState
Event: 25.834 loading class com/android/resources/NavigationState done
Event: 25.835 loading class com/android/resources/Navigation
Event: 25.835 loading class com/android/resources/Navigation done


Dynamic libraries:
0x00007ff78c320000 - 0x00007ff78c32a000 	C:\Program Files\Android\Android Studio\jre\bin\java.exe
0x00007ffd9d640000 - 0x00007ffd9d849000 	C:\WINDOWS\SYSTEM32\ntdll.dll
0x00007ffd9bea0000 - 0x00007ffd9bf5e000 	C:\WINDOWS\System32\KERNEL32.DLL
0x00007ffd9ad80000 - 0x00007ffd9b0fb000 	C:\WINDOWS\System32\KERNELBASE.dll
0x00007ffd9b2e0000 - 0x00007ffd9b3f1000 	C:\WINDOWS\System32\ucrtbase.dll
0x00007ffd91c90000 - 0x00007ffd91ca9000 	C:\Program Files\Android\Android Studio\jre\bin\jli.dll
0x00007ffd91b80000 - 0x00007ffd91b97000 	C:\Program Files\Android\Android Studio\jre\bin\VCRUNTIME140.dll
0x00007ffd9bbe0000 - 0x00007ffd9bd8d000 	C:\WINDOWS\System32\USER32.dll
0x00007ffd9ab10000 - 0x00007ffd9ab36000 	C:\WINDOWS\System32\win32u.dll
0x00007ffd871e0000 - 0x00007ffd87485000 	C:\WINDOWS\WinSxS\amd64_microsoft.windows.common-controls_6595b64144ccf1df_6.0.22000.120_none_9d947278b86cc467\COMCTL32.dll
0x00007ffd9be70000 - 0x00007ffd9be99000 	C:\WINDOWS\System32\GDI32.dll
0x00007ffd9d1e0000 - 0x00007ffd9d283000 	C:\WINDOWS\System32\msvcrt.dll
0x00007ffd9ac60000 - 0x00007ffd9ad78000 	C:\WINDOWS\System32\gdi32full.dll
0x00007ffd9abc0000 - 0x00007ffd9ac5d000 	C:\WINDOWS\System32\msvcp_win.dll
0x00007ffd9bb00000 - 0x00007ffd9bb32000 	C:\WINDOWS\System32\IMM32.DLL
0x00007ffd918d0000 - 0x00007ffd9196d000 	C:\Program Files\Android\Android Studio\jre\bin\msvcp140.dll
0x00007ffd40c60000 - 0x00007ffd41762000 	C:\Program Files\Android\Android Studio\jre\bin\server\jvm.dll
0x00007ffd9c7f0000 - 0x00007ffd9c89e000 	C:\WINDOWS\System32\ADVAPI32.dll
0x00007ffd9d450000 - 0x00007ffd9d4ee000 	C:\WINDOWS\System32\sechost.dll
0x00007ffd9b680000 - 0x00007ffd9b7a0000 	C:\WINDOWS\System32\RPCRT4.dll
0x00007ffd9c8a0000 - 0x00007ffd9c8a8000 	C:\WINDOWS\System32\PSAPI.DLL
0x00007ffd850b0000 - 0x00007ffd850b9000 	C:\WINDOWS\SYSTEM32\WSOCK32.dll
0x00007ffd8a630000 - 0x00007ffd8a663000 	C:\WINDOWS\SYSTEM32\WINMM.dll
0x00007ffd895c0000 - 0x00007ffd895ca000 	C:\WINDOWS\SYSTEM32\VERSION.dll
0x00007ffd9c720000 - 0x00007ffd9c78f000 	C:\WINDOWS\System32\WS2_32.dll
0x00007ffd99b50000 - 0x00007ffd99b68000 	C:\WINDOWS\SYSTEM32\kernel.appcore.dll
0x00007ffd96e90000 - 0x00007ffd96ea1000 	C:\Program Files\Android\Android Studio\jre\bin\verify.dll
0x00007ffd985c0000 - 0x00007ffd987e1000 	C:\WINDOWS\SYSTEM32\DBGHELP.DLL
0x00007ffd96340000 - 0x00007ffd96371000 	C:\WINDOWS\SYSTEM32\dbgcore.DLL
0x00007ffd9ab40000 - 0x00007ffd9abbf000 	C:\WINDOWS\System32\bcryptPrimitives.dll
0x00007ffd92330000 - 0x00007ffd92359000 	C:\Program Files\Android\Android Studio\jre\bin\java.dll
0x00007ffd96e70000 - 0x00007ffd96e7b000 	C:\Program Files\Android\Android Studio\jre\bin\jimage.dll
0x00007ffd958a0000 - 0x00007ffd958b8000 	C:\Program Files\Android\Android Studio\jre\bin\zip.dll
0x00007ffd9bf60000 - 0x00007ffd9c717000 	C:\WINDOWS\System32\SHELL32.dll
0x00007ffd98bc0000 - 0x00007ffd99425000 	C:\WINDOWS\SYSTEM32\windows.storage.dll
0x00007ffd9c970000 - 0x00007ffd9cce8000 	C:\WINDOWS\System32\combase.dll
0x00007ffd98a50000 - 0x00007ffd98bb6000 	C:\WINDOWS\SYSTEM32\wintypes.dll
0x00007ffd9ba10000 - 0x00007ffd9bafa000 	C:\WINDOWS\System32\SHCORE.dll
0x00007ffd9b920000 - 0x00007ffd9b97d000 	C:\WINDOWS\System32\shlwapi.dll
0x00007ffd9aa40000 - 0x00007ffd9aa61000 	C:\WINDOWS\SYSTEM32\profapi.dll
0x00007ffd92250000 - 0x00007ffd9226a000 	C:\Program Files\Android\Android Studio\jre\bin\net.dll
0x00007ffd8ae80000 - 0x00007ffd8af94000 	C:\WINDOWS\SYSTEM32\WINHTTP.dll
0x00007ffd99ff0000 - 0x00007ffd9a057000 	C:\WINDOWS\system32\mswsock.dll
0x00007ffd92230000 - 0x00007ffd92244000 	C:\Program Files\Android\Android Studio\jre\bin\nio.dll
0x00007ffd91140000 - 0x00007ffd91167000 	C:\Users\Padma\.gradle\native\e1d6ef7f7dcc3fd88c89a11ec53ec762bb8ba0a96d01ffa2cd45eb1d1d8dd5c5\windows-amd64\native-platform.dll
0x00007ffd62e50000 - 0x00007ffd62f94000 	C:\Users\Padma\.gradle\native\0d407fdbe67a94daf76414ababcb853783967236a71b16ec16e742cd7a986fd3\windows-amd64\native-platform-file-events.dll
0x00007ffd96580000 - 0x00007ffd9658a000 	C:\Program Files\Android\Android Studio\jre\bin\management.dll
0x00007ffd92690000 - 0x00007ffd9269d000 	C:\Program Files\Android\Android Studio\jre\bin\management_ext.dll
0x00007ffd9a270000 - 0x00007ffd9a288000 	C:\WINDOWS\SYSTEM32\CRYPTSP.dll
0x00007ffd99ab0000 - 0x00007ffd99ae5000 	C:\WINDOWS\system32\rsaenh.dll
0x00007ffd9a100000 - 0x00007ffd9a129000 	C:\WINDOWS\SYSTEM32\USERENV.dll
0x00007ffd9a400000 - 0x00007ffd9a427000 	C:\WINDOWS\SYSTEM32\bcrypt.dll
0x00007ffd9a290000 - 0x00007ffd9a29c000 	C:\WINDOWS\SYSTEM32\CRYPTBASE.dll
0x00007ffd99680000 - 0x00007ffd996ad000 	C:\WINDOWS\SYSTEM32\IPHLPAPI.DLL
0x00007ffd9bb40000 - 0x00007ffd9bb49000 	C:\WINDOWS\System32\NSI.dll
0x00007ffd8ad70000 - 0x00007ffd8ad89000 	C:\WINDOWS\SYSTEM32\dhcpcsvc6.DLL
0x00007ffd946f0000 - 0x00007ffd9470e000 	C:\WINDOWS\SYSTEM32\dhcpcsvc.DLL
0x00007ffd996b0000 - 0x00007ffd99798000 	C:\WINDOWS\SYSTEM32\DNSAPI.dll

dbghelp: loaded successfully - version: 4.0.5 - missing functions: none
symbol engine: initialized successfully - sym options: 0x614 - pdb path: .;C:\Program Files\Android\Android Studio\jre\bin;C:\WINDOWS\SYSTEM32;C:\WINDOWS\WinSxS\amd64_microsoft.windows.common-controls_6595b64144ccf1df_6.0.22000.120_none_9d947278b86cc467;C:\Program Files\Android\Android Studio\jre\bin\server;C:\Users\Padma\.gradle\native\e1d6ef7f7dcc3fd88c89a11ec53ec762bb8ba0a96d01ffa2cd45eb1d1d8dd5c5\windows-amd64;C:\Users\Padma\.gradle\native\0d407fdbe67a94daf76414ababcb853783967236a71b16ec16e742cd7a986fd3\windows-amd64

VM Arguments:
jvm_args: --add-opens=java.base/java.util=ALL-UNNAMED --add-opens=java.base/java.lang=ALL-UNNAMED --add-opens=java.base/java.lang.invoke=ALL-UNNAMED --add-opens=java.base/java.util=ALL-UNNAMED --add-opens=java.prefs/java.util.prefs=ALL-UNNAMED --add-opens=java.prefs/java.util.prefs=ALL-UNNAMED --add-opens=java.base/java.nio.charset=ALL-UNNAMED --add-opens=java.base/java.net=ALL-UNNAMED --add-opens=java.base/java.util.concurrent.atomic=ALL-UNNAMED -Xmx2048m -Dfile.encoding=UTF-8 -Duser.country=CA -Duser.language=en -Duser.variant 
java_command: org.gradle.launcher.daemon.bootstrap.GradleDaemon 7.4
java_class_path (initial): C:\Users\Padma\.gradle\wrapper\dists\gradle-7.4-bin\c0gwcg53nkjbqw7r0h0umtfvt\gradle-7.4\lib\gradle-launcher-7.4.jar
Launcher Type: SUN_STANDARD

[Global flags]
     intx CICompilerCount                          = 4                                         {product} {ergonomic}
     uint ConcGCThreads                            = 2                                         {product} {ergonomic}
     uint G1ConcRefinementThreads                  = 8                                         {product} {ergonomic}
   size_t G1HeapRegionSize                         = 1048576                                   {product} {ergonomic}
    uintx GCDrainStackTargetSize                   = 64                                        {product} {ergonomic}
   size_t InitialHeapSize                          = 201326592                                 {product} {ergonomic}
   size_t MarkStackSize                            = 4194304                                   {product} {ergonomic}
   size_t MaxHeapSize                              = 2147483648                                {product} {command line}
   size_t MaxNewSize                               = 1287651328                                {product} {ergonomic}
   size_t MinHeapDeltaBytes                        = 1048576                                   {product} {ergonomic}
    uintx NonNMethodCodeHeapSize                   = 5836300                                {pd product} {ergonomic}
    uintx NonProfiledCodeHeapSize                  = 122910970                              {pd product} {ergonomic}
    uintx ProfiledCodeHeapSize                     = 122910970                              {pd product} {ergonomic}
    uintx ReservedCodeCacheSize                    = 251658240                              {pd product} {ergonomic}
     bool SegmentedCodeCache                       = true                                      {product} {ergonomic}
     bool UseCompressedClassPointers               = true                                 {lp64_product} {ergonomic}
     bool UseCompressedOops                        = true                                 {lp64_product} {ergonomic}
     bool UseG1GC                                  = true                                      {product} {ergonomic}
     bool UseLargePagesIndividualAllocation        = false                                  {pd product} {ergonomic}

Logging:
Log output configuration:
 #0: stdout all=warning uptime,level,tags
 #1: stderr all=off uptime,level,tags

Environment Variables:
JAVA_HOME=C:\Program Files\Amazon Corretto\jdk11.0.15_9
PATH=C:\Program Files\Common Files\Oracle\Java\javapath;E:\app\Padma\product\12.1.0\dbhome_1\bin;C:\Program Files (x86)\VMware\VMware Workstation\bin\;C:\Program Files\Amazon Corretto\jdk11.0.15_9\bin;C:\Program Files (x86)\Python38-32\Scripts\;C:\Program Files (x86)\Python38-32\;C:\WINDOWS\system32;C:\WINDOWS;C:\WINDOWS\System32\Wbem;C:\WINDOWS\System32\WindowsPowerShell\v1.0\;C:\WINDOWS\System32\OpenSSH\;C:\Program Files\Intel\WiFi\bin\;C:\Program Files\Common Files\Intel\WirelessCommon\;C:\Program Files (x86)\Intel\Intel(R) Management Engine Components\DAL;C:\Program Files\Intel\Intel(R) Management Engine Components\DAL;C:\Program Files\dotnet\;C:\Program Files\Microsoft SQL Server\Client SDK\ODBC\170\Tools\Binn\;C:\Program Files (x86)\Microsoft SQL Server\150\Tools\Binn\;C:\Program Files\Microsoft SQL Server\150\Tools\Binn\;C:\Program Files\Microsoft SQL Server\150\DTS\Binn\;C:\Program Files\Azure Data Studio\bin;C:\Program Files (x86)\Microsoft SQL Server\150\DTS\Binn\;C:\Program Files\Git\cmd;C:\Program Files\MySQL\MySQL Shell 8.0\bin\;C:\Users\Padma\AppData\Local\Microsoft\WindowsApps;C:\Users\Padma\AppData\Local\Programs\Microsoft VS Code\bin;C:\Program Files\Azure Data Studio\bin;
USERNAME=Padma
OS=Windows_NT
PROCESSOR_IDENTIFIER=Intel64 Family 6 Model 142 Stepping 10, GenuineIntel



---------------  S Y S T E M  ---------------

OS: Windows 11 , 64 bit Build 22000 (10.0.22000.1335)
OS uptime: 0 days 22:56 hours
Hyper-V role detected

CPU:total 8 (initial active 8) (4 cores per cpu, 2 threads per core) family 6 model 142 stepping 10 microcode 0xf0, cmov, cx8, fxsr, mmx, sse, sse2, sse3, ssse3, sse4.1, sse4.2, popcnt, avx, avx2, aes, clmul, erms, 3dnowpref, lzcnt, ht, tsc, tscinvbit, bmi1, bmi2, adx, fma

Memory: 4k page, system-wide physical 12185M (1546M free)
TotalPageFile size 16283M (AvailPageFile size 5M)
current process WorkingSet (physical memory assigned to process): 428M, peak: 438M
current process commit charge ("private bytes"): 485M, peak: 489M

vm_info: OpenJDK 64-Bit Server VM (11.0.13+0-b1751.21-8125866) for windows-amd64 JRE (11.0.13+0-b1751.21-8125866), built on Feb  2 2022 03:00:22 by "builder" with MS VC++ 14.0 (VS2015)

END.
