#
# There is insufficient memory for the Java Runtime Environment to continue.
# Native memory allocation (malloc) failed to allocate 789856 bytes for Chunk::new
# Possible reasons:
#   The system is out of physical RAM or swap space
#   The process is running with CompressedOops enabled, and the Java Heap may be blocking the growth of the native heap
# Possible solutions:
#   Reduce memory load on the system
#   Increase physical memory or swap space
#   Check if swap backing store is full
#   Decrease Java heap size (-Xmx/-Xms)
#   Decrease number of Java threads
#   Decrease Java thread stack sizes (-Xss)
#   Set larger code cache with -XX:ReservedCodeCacheSize=
#   JVM is running with Unscaled Compressed Oops mode in which the Java heap is
#     placed in the first 4GB address space. The Java Heap base address is the
#     maximum limit for the native heap growth. Please use -XX:HeapBaseMinAddress
#     to set the Java Heap base and to place the Java Heap above 4GB virtual address.
# This output file may be truncated or incomplete.
#
#  Out of Memory Error (./src/hotspot/share/memory/arena.cpp:197), pid=10772, tid=2044
#
# JRE version: OpenJDK Runtime Environment (11.0.13) (build 11.0.13+0-b1751.21-8125866)
# Java VM: OpenJDK 64-Bit Server VM (11.0.13+0-b1751.21-8125866, mixed mode, tiered, compressed oops, g1 gc, windows-amd64)
# No core dump will be written. Minidumps are not enabled by default on client versions of Windows
#

---------------  S U M M A R Y ------------

Command Line: --add-opens=java.base/java.util=ALL-UNNAMED --add-opens=java.base/java.lang=ALL-UNNAMED --add-opens=java.base/java.lang.invoke=ALL-UNNAMED --add-opens=java.base/java.util=ALL-UNNAMED --add-opens=java.prefs/java.util.prefs=ALL-UNNAMED --add-opens=java.prefs/java.util.prefs=ALL-UNNAMED --add-opens=java.base/java.nio.charset=ALL-UNNAMED --add-opens=java.base/java.net=ALL-UNNAMED --add-opens=java.base/java.util.concurrent.atomic=ALL-UNNAMED -Xmx2048m -Dfile.encoding=UTF-8 -Duser.country=CA -Duser.language=en -Duser.variant org.gradle.launcher.daemon.bootstrap.GradleDaemon 7.4

Host: Intel(R) Core(TM) i7-8550U CPU @ 1.80GHz, 8 cores, 11G,  Windows 11 , 64 bit Build 22000 (10.0.22000.1335)
Time: Thu Jan 12 23:17:04 2023 Eastern Standard Time elapsed time: 21.592443 seconds (0d 0h 0m 21s)

---------------  T H R E A D  ---------------

Current thread (0x00000230dfdd9000):  JavaThread "C2 CompilerThread0" daemon [_thread_in_native, id=2044, stack(0x000000d3b3b00000,0x000000d3b3c00000)]


Current CompileTask:
C2:  21592 10311       4       com.android.ide.common.blame.MergingLogPersistUtil::lambda$normalize$0 (107 bytes)

Stack: [0x000000d3b3b00000,0x000000d3b3c00000]
Native frames: (J=compiled Java code, j=interpreted, Vv=VM code, C=native code)
V  [jvm.dll+0x6100fa]
V  [jvm.dll+0x747090]
V  [jvm.dll+0x7486ad]
V  [jvm.dll+0x748d83]
V  [jvm.dll+0x24ab48]
V  [jvm.dll+0xc04dc]
V  [jvm.dll+0xc0a0c]
V  [jvm.dll+0x2bfab4]
V  [jvm.dll+0x524238]
V  [jvm.dll+0x20b193]
V  [jvm.dll+0x204ca0]
V  [jvm.dll+0x2023c2]
V  [jvm.dll+0x188e01]
V  [jvm.dll+0x21106b]
V  [jvm.dll+0x20f8c1]
V  [jvm.dll+0x70de0f]
V  [jvm.dll+0x706a75]
V  [jvm.dll+0x60ed66]
C  [ucrtbase.dll+0x26c0c]
C  [KERNEL32.DLL+0x155a0]
C  [ntdll.dll+0x485b]


---------------  P R O C E S S  ---------------

Threads class SMR info:
_java_thread_list=0x00000230eb160000, length=134, elements={
0x00000230c5094800, 0x00000230df550000, 0x00000230df553000, 0x00000230dfdcb800,
0x00000230dfdce800, 0x00000230dfdd0000, 0x00000230dfdd9000, 0x00000230dfddd000,
0x00000230dfde1800, 0x00000230dff3d000, 0x00000230e1d1d800, 0x00000230e02e6000,
0x00000230e00b6000, 0x00000230e266d800, 0x00000230e16f9000, 0x00000230e15f7000,
0x00000230e225c800, 0x00000230e2b75800, 0x00000230e21d0800, 0x00000230e2251800,
0x00000230e257f000, 0x00000230e2580000, 0x00000230e2581800, 0x00000230e2582800,
0x00000230e2580800, 0x00000230e2583000, 0x00000230e2584000, 0x00000230e257e000,
0x00000230e2584800, 0x00000230e603a000, 0x00000230e6041000, 0x00000230e603d800,
0x00000230e603c000, 0x00000230e603e800, 0x00000230e6042800, 0x00000230e6040000,
0x00000230e603f000, 0x00000230e603c800, 0x00000230e6047800, 0x00000230e6045000,
0x00000230e6048000, 0x00000230e6045800, 0x00000230e6043000, 0x00000230e6044000,
0x00000230e6046800, 0x00000230e3b84000, 0x00000230e3b80000, 0x00000230e3b83800,
0x00000230e3b85000, 0x00000230e3b7f000, 0x00000230e3b85800, 0x00000230e3b86800,
0x00000230e3b81000, 0x00000230e3b87800, 0x00000230e3b82800, 0x00000230e3b81800,
0x00000230e3b8c000, 0x00000230e3b88000, 0x00000230e3b89000, 0x00000230e3b8d000,
0x00000230e3b8a000, 0x00000230e3b8b800, 0x00000230e3b8e000, 0x00000230e3b8a800,
0x00000230e1282000, 0x00000230e127f000, 0x00000230e127e000, 0x00000230e1281800,
0x00000230e1283000, 0x00000230e1284000, 0x00000230e1280800, 0x00000230e1284800,
0x00000230e1285800, 0x00000230e1280000, 0x00000230e1289000, 0x00000230e128a800,
0x00000230e128c000, 0x00000230e1287000, 0x00000230e1288000, 0x00000230e1289800,
0x00000230e128b000, 0x00000230e1286800, 0x00000230e128d000, 0x00000230e2ff6000,
0x00000230e2ff5000, 0x00000230e2ff0800, 0x00000230e2ff1000, 0x00000230e2ff7000,
0x00000230e2ff7800, 0x00000230e2ff2000, 0x00000230e2ff4800, 0x00000230e2ff8800,
0x00000230e2ff2800, 0x00000230e2ff9800, 0x00000230e2ff3800, 0x00000230e2ffe000,
0x00000230e2ffa000, 0x00000230e2fff000, 0x00000230e2ffd800, 0x00000230e2ffb000,
0x00000230e2ffb800, 0x00000230e2ffc800, 0x00000230e268a800, 0x00000230e268b000,
0x00000230e268c000, 0x00000230e2689800, 0x00000230e2686800, 0x00000230e268d000,
0x00000230e2687000, 0x00000230e2688800, 0x00000230e268d800, 0x00000230e2688000,
0x00000230e2691800, 0x00000230e2692800, 0x00000230e268f000, 0x00000230e2693800,
0x00000230e2694000, 0x00000230e268e800, 0x00000230e2695000, 0x00000230e2690000,
0x00000230e2691000, 0x00000230e6e35000, 0x00000230e6e32000, 0x00000230e6e37000,
0x00000230e6e38800, 0x00000230e6e37800, 0x00000230e6e32800, 0x00000230e6e39800,
0x00000230e6e33800, 0x00000230e6e3a000, 0x00000230e6e34800, 0x00000230e6e3b000,
0x00000230e190f000, 0x00000230e6b28000
}

Java Threads: ( => current thread )
  0x00000230c5094800 JavaThread "main" [_thread_blocked, id=6504, stack(0x000000d3b2f00000,0x000000d3b3000000)]
  0x00000230df550000 JavaThread "Reference Handler" daemon [_thread_blocked, id=5748, stack(0x000000d3b3600000,0x000000d3b3700000)]
  0x00000230df553000 JavaThread "Finalizer" daemon [_thread_blocked, id=8036, stack(0x000000d3b3700000,0x000000d3b3800000)]
  0x00000230dfdcb800 JavaThread "Signal Dispatcher" daemon [_thread_blocked, id=11076, stack(0x000000d3b3800000,0x000000d3b3900000)]
  0x00000230dfdce800 JavaThread "Attach Listener" daemon [_thread_blocked, id=17820, stack(0x000000d3b3900000,0x000000d3b3a00000)]
  0x00000230dfdd0000 JavaThread "Service Thread" daemon [_thread_blocked, id=8468, stack(0x000000d3b3a00000,0x000000d3b3b00000)]
=>0x00000230dfdd9000 JavaThread "C2 CompilerThread0" daemon [_thread_in_native, id=2044, stack(0x000000d3b3b00000,0x000000d3b3c00000)]
  0x00000230dfddd000 JavaThread "C1 CompilerThread0" daemon [_thread_blocked, id=1964, stack(0x000000d3b3c00000,0x000000d3b3d00000)]
  0x00000230dfde1800 JavaThread "Sweeper thread" daemon [_thread_blocked, id=6004, stack(0x000000d3b3d00000,0x000000d3b3e00000)]
  0x00000230dff3d000 JavaThread "Common-Cleaner" daemon [_thread_blocked, id=19372, stack(0x000000d3b3e00000,0x000000d3b3f00000)]
  0x00000230e1d1d800 JavaThread "Daemon health stats" [_thread_blocked, id=15472, stack(0x000000d3b4500000,0x000000d3b4600000)]
  0x00000230e02e6000 JavaThread "Incoming local TCP Connector on port 53914" [_thread_in_native, id=7788, stack(0x000000d3b4000000,0x000000d3b4100000)]
  0x00000230e00b6000 JavaThread "Daemon periodic checks" [_thread_blocked, id=19084, stack(0x000000d3b4100000,0x000000d3b4200000)]
  0x00000230e266d800 JavaThread "Daemon" [_thread_blocked, id=18760, stack(0x000000d3b4600000,0x000000d3b4700000)]
  0x00000230e16f9000 JavaThread "Handler for socket connection from /127.0.0.1:53914 to /127.0.0.1:53915" [_thread_in_native, id=17096, stack(0x000000d3b4700000,0x000000d3b4800000)]
  0x00000230e15f7000 JavaThread "Cancel handler" [_thread_blocked, id=18860, stack(0x000000d3b4800000,0x000000d3b4900000)]
  0x00000230e225c800 JavaThread "Daemon worker" [_thread_blocked, id=3016, stack(0x000000d3b4900000,0x000000d3b4a00000)]
  0x00000230e2b75800 JavaThread "Asynchronous log dispatcher for DefaultDaemonConnection: socket connection from /127.0.0.1:53914 to /127.0.0.1:53915" [_thread_blocked, id=7872, stack(0x000000d3b4a00000,0x000000d3b4b00000)]
  0x00000230e21d0800 JavaThread "Stdin handler" [_thread_blocked, id=4836, stack(0x000000d3b4b00000,0x000000d3b4c00000)]
  0x00000230e2251800 JavaThread "Daemon client event forwarder" [_thread_blocked, id=14032, stack(0x000000d3b4c00000,0x000000d3b4d00000)]
  0x00000230e257f000 JavaThread "Cache worker for journal cache (C:\Users\Padma\.gradle\caches\journal-1)" [_thread_blocked, id=9912, stack(0x000000d3b4d00000,0x000000d3b4e00000)]
  0x00000230e2580000 JavaThread "File lock request listener" [_thread_in_native, id=19424, stack(0x000000d3b4e00000,0x000000d3b4f00000)]
  0x00000230e2581800 JavaThread "Cache worker for file hash cache (C:\Users\Padma\.gradle\caches\7.4\fileHashes)" [_thread_blocked, id=108, stack(0x000000d3b4f00000,0x000000d3b5000000)]
  0x00000230e2582800 JavaThread "File watcher server" daemon [_thread_in_native, id=9908, stack(0x000000d3b5700000,0x000000d3b5800000)]
  0x00000230e2580800 JavaThread "File watcher consumer" daemon [_thread_blocked, id=18176, stack(0x000000d3b5800000,0x000000d3b5900000)]
  0x00000230e2583000 JavaThread "Cache worker for checksums cache (C:\Users\Padma\AndroidStudioProjects\PadmasAndroidLabs\.gradle\7.4\checksums)" [_thread_blocked, id=11028, stack(0x000000d3b5900000,0x000000d3b5a00000)]
  0x00000230e2584000 JavaThread "Cache worker for cache directory md-rule (C:\Users\Padma\.gradle\caches\7.4\md-rule)" [_thread_blocked, id=17200, stack(0x000000d3b5a00000,0x000000d3b5b00000)]
  0x00000230e257e000 JavaThread "Cache worker for file hash cache (C:\Users\Padma\AndroidStudioProjects\PadmasAndroidLabs\.gradle\7.4\fileHashes)" [_thread_blocked, id=12092, stack(0x000000d3b5b00000,0x000000d3b5c00000)]
  0x00000230e2584800 JavaThread "Cache worker for cache directory md-supplier (C:\Users\Padma\.gradle\caches\7.4\md-supplier)" [_thread_blocked, id=12628, stack(0x000000d3b5c00000,0x000000d3b5d00000)]
  0x00000230e603a000 JavaThread "Cache worker for execution history cache (C:\Users\Padma\.gradle\caches\7.4\executionHistory)" [_thread_blocked, id=18608, stack(0x000000d3b5d00000,0x000000d3b5e00000)]
  0x00000230e6041000 JavaThread "jar transforms" [_thread_blocked, id=11540, stack(0x000000d3b5e00000,0x000000d3b5f00000)]
  0x00000230e603d800 JavaThread "Cache worker for file content cache (C:\Users\Padma\.gradle\caches\7.4\fileContent)" [_thread_blocked, id=12720, stack(0x000000d3b5f00000,0x000000d3b6000000)]
  0x00000230e603c000 JavaThread "jar transforms Thread 2" [_thread_blocked, id=17584, stack(0x000000d3b6000000,0x000000d3b6100000)]
  0x00000230e603e800 JavaThread "Cache worker for dependencies-accessors (C:\Users\Padma\AndroidStudioProjects\PadmasAndroidLabs\.gradle\7.4\dependencies-accessors)" [_thread_blocked, id=6580, stack(0x000000d3b6100000,0x000000d3b6200000)]
  0x00000230e6042800 JavaThread "jar transforms Thread 3" [_thread_blocked, id=11652, stack(0x000000d3b6200000,0x000000d3b6300000)]
  0x00000230e6040000 JavaThread "Cache worker for Build Output Cleanup Cache (C:\Users\Padma\AndroidStudioProjects\PadmasAndroidLabs\.gradle\buildOutputCleanup)" [_thread_blocked, id=13836, stack(0x000000d3b6300000,0x000000d3b6400000)]
  0x00000230e603f000 JavaThread "Unconstrained build operations" [_thread_blocked, id=15140, stack(0x000000d3b6400000,0x000000d3b6500000)]
  0x00000230e603c800 JavaThread "Unconstrained build operations Thread 2" [_thread_blocked, id=1332, stack(0x000000d3b6500000,0x000000d3b6600000)]
  0x00000230e6047800 JavaThread "Unconstrained build operations Thread 3" [_thread_blocked, id=3236, stack(0x000000d3b6600000,0x000000d3b6700000)]
  0x00000230e6045000 JavaThread "Unconstrained build operations Thread 4" [_thread_blocked, id=7484, stack(0x000000d3b6700000,0x000000d3b6800000)]
  0x00000230e6048000 JavaThread "Unconstrained build operations Thread 5" [_thread_blocked, id=12176, stack(0x000000d3b6800000,0x000000d3b6900000)]
  0x00000230e6045800 JavaThread "Unconstrained build operations Thread 6" [_thread_blocked, id=8332, stack(0x000000d3b6900000,0x000000d3b6a00000)]
  0x00000230e6043000 JavaThread "Unconstrained build operations Thread 7" [_thread_blocked, id=17768, stack(0x000000d3b6a00000,0x000000d3b6b00000)]
  0x00000230e6044000 JavaThread "Unconstrained build operations Thread 8" [_thread_blocked, id=11512, stack(0x000000d3b6b00000,0x000000d3b6c00000)]
  0x00000230e6046800 JavaThread "Unconstrained build operations Thread 9" [_thread_blocked, id=11556, stack(0x000000d3b6c00000,0x000000d3b6d00000)]
  0x00000230e3b84000 JavaThread "Unconstrained build operations Thread 10" [_thread_blocked, id=8408, stack(0x000000d3b6d00000,0x000000d3b6e00000)]
  0x00000230e3b80000 JavaThread "Unconstrained build operations Thread 11" [_thread_blocked, id=4604, stack(0x000000d3b6e00000,0x000000d3b6f00000)]
  0x00000230e3b83800 JavaThread "Unconstrained build operations Thread 12" [_thread_blocked, id=3864, stack(0x000000d3b6f00000,0x000000d3b7000000)]
  0x00000230e3b85000 JavaThread "Unconstrained build operations Thread 13" [_thread_blocked, id=16196, stack(0x000000d3b7000000,0x000000d3b7100000)]
  0x00000230e3b7f000 JavaThread "Unconstrained build operations Thread 14" [_thread_blocked, id=12728, stack(0x000000d3b7100000,0x000000d3b7200000)]
  0x00000230e3b85800 JavaThread "Unconstrained build operations Thread 15" [_thread_blocked, id=11592, stack(0x000000d3b7200000,0x000000d3b7300000)]
  0x00000230e3b86800 JavaThread "Unconstrained build operations Thread 16" [_thread_blocked, id=13736, stack(0x000000d3b7300000,0x000000d3b7400000)]
  0x00000230e3b81000 JavaThread "Unconstrained build operations Thread 17" [_thread_blocked, id=18764, stack(0x000000d3b7400000,0x000000d3b7500000)]
  0x00000230e3b87800 JavaThread "Unconstrained build operations Thread 18" [_thread_blocked, id=9184, stack(0x000000d3b7500000,0x000000d3b7600000)]
  0x00000230e3b82800 JavaThread "Unconstrained build operations Thread 19" [_thread_blocked, id=11464, stack(0x000000d3b7600000,0x000000d3b7700000)]
  0x00000230e3b81800 JavaThread "Unconstrained build operations Thread 20" [_thread_blocked, id=11588, stack(0x000000d3b7700000,0x000000d3b7800000)]
  0x00000230e3b8c000 JavaThread "Unconstrained build operations Thread 21" [_thread_blocked, id=18592, stack(0x000000d3b7800000,0x000000d3b7900000)]
  0x00000230e3b88000 JavaThread "Unconstrained build operations Thread 22" [_thread_blocked, id=15492, stack(0x000000d3b7900000,0x000000d3b7a00000)]
  0x00000230e3b89000 JavaThread "Unconstrained build operations Thread 23" [_thread_blocked, id=10144, stack(0x000000d3b7a00000,0x000000d3b7b00000)]
  0x00000230e3b8d000 JavaThread "Unconstrained build operations Thread 24" [_thread_blocked, id=15468, stack(0x000000d3b7b00000,0x000000d3b7c00000)]
  0x00000230e3b8a000 JavaThread "Unconstrained build operations Thread 25" [_thread_blocked, id=9148, stack(0x000000d3b7c00000,0x000000d3b7d00000)]
  0x00000230e3b8b800 JavaThread "Unconstrained build operations Thread 26" [_thread_blocked, id=8728, stack(0x000000d3b7d00000,0x000000d3b7e00000)]
  0x00000230e3b8e000 JavaThread "Unconstrained build operations Thread 27" [_thread_blocked, id=11536, stack(0x000000d3b7e00000,0x000000d3b7f00000)]
  0x00000230e3b8a800 JavaThread "Unconstrained build operations Thread 28" [_thread_blocked, id=2572, stack(0x000000d3b7f00000,0x000000d3b8000000)]
  0x00000230e1282000 JavaThread "Unconstrained build operations Thread 29" [_thread_blocked, id=14268, stack(0x000000d3b8000000,0x000000d3b8100000)]
  0x00000230e127f000 JavaThread "Unconstrained build operations Thread 30" [_thread_blocked, id=17780, stack(0x000000d3b8100000,0x000000d3b8200000)]
  0x00000230e127e000 JavaThread "Unconstrained build operations Thread 31" [_thread_blocked, id=3164, stack(0x000000d3b8200000,0x000000d3b8300000)]
  0x00000230e1281800 JavaThread "Unconstrained build operations Thread 32" [_thread_blocked, id=11304, stack(0x000000d3b8300000,0x000000d3b8400000)]
  0x00000230e1283000 JavaThread "Unconstrained build operations Thread 33" [_thread_blocked, id=3372, stack(0x000000d3b8400000,0x000000d3b8500000)]
  0x00000230e1284000 JavaThread "Unconstrained build operations Thread 34" [_thread_blocked, id=9512, stack(0x000000d3b8500000,0x000000d3b8600000)]
  0x00000230e1280800 JavaThread "Unconstrained build operations Thread 35" [_thread_blocked, id=18624, stack(0x000000d3b8600000,0x000000d3b8700000)]
  0x00000230e1284800 JavaThread "Unconstrained build operations Thread 36" [_thread_blocked, id=2624, stack(0x000000d3b8700000,0x000000d3b8800000)]
  0x00000230e1285800 JavaThread "Unconstrained build operations Thread 37" [_thread_blocked, id=19380, stack(0x000000d3b8800000,0x000000d3b8900000)]
  0x00000230e1280000 JavaThread "Unconstrained build operations Thread 38" [_thread_blocked, id=18228, stack(0x000000d3b8900000,0x000000d3b8a00000)]
  0x00000230e1289000 JavaThread "Unconstrained build operations Thread 39" [_thread_blocked, id=12860, stack(0x000000d3b8a00000,0x000000d3b8b00000)]
  0x00000230e128a800 JavaThread "Unconstrained build operations Thread 40" [_thread_blocked, id=10596, stack(0x000000d3b8b00000,0x000000d3b8c00000)]
  0x00000230e128c000 JavaThread "Unconstrained build operations Thread 41" [_thread_blocked, id=12292, stack(0x000000d3b8c00000,0x000000d3b8d00000)]
  0x00000230e1287000 JavaThread "Unconstrained build operations Thread 42" [_thread_blocked, id=17536, stack(0x000000d3b8d00000,0x000000d3b8e00000)]
  0x00000230e1288000 JavaThread "Unconstrained build operations Thread 43" [_thread_blocked, id=13032, stack(0x000000d3b8e00000,0x000000d3b8f00000)]
  0x00000230e1289800 JavaThread "Unconstrained build operations Thread 44" [_thread_blocked, id=1720, stack(0x000000d3b8f00000,0x000000d3b9000000)]
  0x00000230e128b000 JavaThread "Unconstrained build operations Thread 45" [_thread_blocked, id=19324, stack(0x000000d3b9000000,0x000000d3b9100000)]
  0x00000230e1286800 JavaThread "Unconstrained build operations Thread 46" [_thread_blocked, id=19388, stack(0x000000d3b9100000,0x000000d3b9200000)]
  0x00000230e128d000 JavaThread "Unconstrained build operations Thread 47" [_thread_blocked, id=17252, stack(0x000000d3b9200000,0x000000d3b9300000)]
  0x00000230e2ff6000 JavaThread "Unconstrained build operations Thread 48" [_thread_blocked, id=14568, stack(0x000000d3b9300000,0x000000d3b9400000)]
  0x00000230e2ff5000 JavaThread "Unconstrained build operations Thread 49" [_thread_blocked, id=3248, stack(0x000000d3b9400000,0x000000d3b9500000)]
  0x00000230e2ff0800 JavaThread "Unconstrained build operations Thread 50" [_thread_blocked, id=5880, stack(0x000000d3b9500000,0x000000d3b9600000)]
  0x00000230e2ff1000 JavaThread "Unconstrained build operations Thread 51" [_thread_blocked, id=17244, stack(0x000000d3b9600000,0x000000d3b9700000)]
  0x00000230e2ff7000 JavaThread "Unconstrained build operations Thread 52" [_thread_blocked, id=13400, stack(0x000000d3b9700000,0x000000d3b9800000)]
  0x00000230e2ff7800 JavaThread "Unconstrained build operations Thread 53" [_thread_blocked, id=11460, stack(0x000000d3b9800000,0x000000d3b9900000)]
  0x00000230e2ff2000 JavaThread "Unconstrained build operations Thread 54" [_thread_blocked, id=5108, stack(0x000000d3b9900000,0x000000d3b9a00000)]
  0x00000230e2ff4800 JavaThread "Unconstrained build operations Thread 55" [_thread_blocked, id=4976, stack(0x000000d3b9a00000,0x000000d3b9b00000)]
  0x00000230e2ff8800 JavaThread "Unconstrained build operations Thread 56" [_thread_blocked, id=8556, stack(0x000000d3b9b00000,0x000000d3b9c00000)]
  0x00000230e2ff2800 JavaThread "Unconstrained build operations Thread 57" [_thread_blocked, id=16280, stack(0x000000d3b9c00000,0x000000d3b9d00000)]
  0x00000230e2ff9800 JavaThread "Unconstrained build operations Thread 58" [_thread_blocked, id=14960, stack(0x000000d3b9d00000,0x000000d3b9e00000)]
  0x00000230e2ff3800 JavaThread "Unconstrained build operations Thread 59" [_thread_blocked, id=17184, stack(0x000000d3b9e00000,0x000000d3b9f00000)]
  0x00000230e2ffe000 JavaThread "Unconstrained build operations Thread 60" [_thread_blocked, id=18816, stack(0x000000d3b9f00000,0x000000d3ba000000)]
  0x00000230e2ffa000 JavaThread "Unconstrained build operations Thread 61" [_thread_blocked, id=536, stack(0x000000d3ba000000,0x000000d3ba100000)]
  0x00000230e2fff000 JavaThread "Unconstrained build operations Thread 62" [_thread_blocked, id=10452, stack(0x000000d3ba100000,0x000000d3ba200000)]
  0x00000230e2ffd800 JavaThread "Unconstrained build operations Thread 63" [_thread_blocked, id=1036, stack(0x000000d3ba200000,0x000000d3ba300000)]
  0x00000230e2ffb000 JavaThread "Unconstrained build operations Thread 64" [_thread_blocked, id=15264, stack(0x000000d3ba300000,0x000000d3ba400000)]
  0x00000230e2ffb800 JavaThread "Unconstrained build operations Thread 65" [_thread_blocked, id=15724, stack(0x000000d3ba400000,0x000000d3ba500000)]
  0x00000230e2ffc800 JavaThread "Unconstrained build operations Thread 66" [_thread_blocked, id=10052, stack(0x000000d3ba500000,0x000000d3ba600000)]
  0x00000230e268a800 JavaThread "Unconstrained build operations Thread 67" [_thread_blocked, id=12916, stack(0x000000d3ba600000,0x000000d3ba700000)]
  0x00000230e268b000 JavaThread "Unconstrained build operations Thread 68" [_thread_blocked, id=13812, stack(0x000000d3ba700000,0x000000d3ba800000)]
  0x00000230e268c000 JavaThread "Unconstrained build operations Thread 69" [_thread_blocked, id=11744, stack(0x000000d3ba800000,0x000000d3ba900000)]
  0x00000230e2689800 JavaThread "Unconstrained build operations Thread 70" [_thread_blocked, id=9252, stack(0x000000d3ba900000,0x000000d3baa00000)]
  0x00000230e2686800 JavaThread "Unconstrained build operations Thread 71" [_thread_blocked, id=19348, stack(0x000000d3baa00000,0x000000d3bab00000)]
  0x00000230e268d000 JavaThread "Unconstrained build operations Thread 72" [_thread_blocked, id=6076, stack(0x000000d3bab00000,0x000000d3bac00000)]
  0x00000230e2687000 JavaThread "Unconstrained build operations Thread 73" [_thread_blocked, id=11392, stack(0x000000d3bac00000,0x000000d3bad00000)]
  0x00000230e2688800 JavaThread "Unconstrained build operations Thread 74" [_thread_blocked, id=2748, stack(0x000000d3bad00000,0x000000d3bae00000)]
  0x00000230e268d800 JavaThread "Unconstrained build operations Thread 75" [_thread_blocked, id=11832, stack(0x000000d3bae00000,0x000000d3baf00000)]
  0x00000230e2688000 JavaThread "Unconstrained build operations Thread 76" [_thread_blocked, id=13564, stack(0x000000d3baf00000,0x000000d3bb000000)]
  0x00000230e2691800 JavaThread "Unconstrained build operations Thread 77" [_thread_blocked, id=18108, stack(0x000000d3bb000000,0x000000d3bb100000)]
  0x00000230e2692800 JavaThread "Unconstrained build operations Thread 78" [_thread_blocked, id=17828, stack(0x000000d3bb100000,0x000000d3bb200000)]
  0x00000230e268f000 JavaThread "Unconstrained build operations Thread 79" [_thread_blocked, id=11092, stack(0x000000d3bb200000,0x000000d3bb300000)]
  0x00000230e2693800 JavaThread "Unconstrained build operations Thread 80" [_thread_blocked, id=18368, stack(0x000000d3bb300000,0x000000d3bb400000)]
  0x00000230e2694000 JavaThread "jar transforms Thread 4" [_thread_blocked, id=9916, stack(0x000000d3bb400000,0x000000d3bb500000)]
  0x00000230e268e800 JavaThread "jar transforms Thread 5" [_thread_blocked, id=18464, stack(0x000000d3bb500000,0x000000d3bb600000)]
  0x00000230e2695000 JavaThread "jar transforms Thread 6" [_thread_blocked, id=16460, stack(0x000000d3bb600000,0x000000d3bb700000)]
  0x00000230e2690000 JavaThread "jar transforms Thread 7" [_thread_blocked, id=16264, stack(0x000000d3bb700000,0x000000d3bb800000)]
  0x00000230e2691000 JavaThread "jar transforms Thread 8" [_thread_blocked, id=18344, stack(0x000000d3bb800000,0x000000d3bb900000)]
  0x00000230e6e35000 JavaThread "Memory manager" [_thread_blocked, id=2548, stack(0x000000d3bb900000,0x000000d3bba00000)]
  0x00000230e6e32000 JavaThread "build event listener" [_thread_blocked, id=9024, stack(0x000000d3bba00000,0x000000d3bbb00000)]
  0x00000230e6e37000 JavaThread "included builds" [_thread_blocked, id=9676, stack(0x000000d3bbb00000,0x000000d3bbc00000)]
  0x00000230e6e38800 JavaThread "Execution worker for ':'" [_thread_blocked, id=2216, stack(0x000000d3bbc00000,0x000000d3bbd00000)]
  0x00000230e6e37800 JavaThread "Execution worker for ':' Thread 2" [_thread_in_native, id=7264, stack(0x000000d3bbd00000,0x000000d3bbe00000)]
  0x00000230e6e32800 JavaThread "Execution worker for ':' Thread 3" [_thread_blocked, id=12828, stack(0x000000d3bbe00000,0x000000d3bbf00000)]
  0x00000230e6e39800 JavaThread "Execution worker for ':' Thread 4" [_thread_blocked, id=8492, stack(0x000000d3bbf00000,0x000000d3bc000000)]
  0x00000230e6e33800 JavaThread "Execution worker for ':' Thread 5" [_thread_blocked, id=9832, stack(0x000000d3bc000000,0x000000d3bc100000)]
  0x00000230e6e3a000 JavaThread "Execution worker for ':' Thread 6" [_thread_blocked, id=6924, stack(0x000000d3bc100000,0x000000d3bc200000)]
  0x00000230e6e34800 JavaThread "Execution worker for ':' Thread 7" [_thread_blocked, id=1236, stack(0x000000d3bc200000,0x000000d3bc300000)]
  0x00000230e6e3b000 JavaThread "Cache worker for execution history cache (C:\Users\Padma\AndroidStudioProjects\PadmasAndroidLabs\.gradle\7.4\executionHistory)" [_thread_blocked, id=16024, stack(0x000000d3bc300000,0x000000d3bc400000)]
  0x00000230e190f000 JavaThread "C2 CompilerThread1" daemon [_thread_in_native, id=7776, stack(0x000000d3b5500000,0x000000d3b5600000)]
  0x00000230e6b28000 JavaThread "C2 CompilerThread2" daemon [_thread_in_native, id=14680, stack(0x000000d3b5600000,0x000000d3b5700000)]

Other Threads:
  0x00000230df53d800 VMThread "VM Thread" [stack: 0x000000d3b3500000,0x000000d3b3600000] [id=17868]
  0x00000230dff48800 WatcherThread [stack: 0x000000d3b3f00000,0x000000d3b4000000] [id=13112]
  0x00000230c50ad800 GCTaskThread "GC Thread#0" [stack: 0x000000d3b3000000,0x000000d3b3100000] [id=19000]
  0x00000230e09f0000 GCTaskThread "GC Thread#1" [stack: 0x000000d3b4200000,0x000000d3b4300000] [id=1232]
  0x00000230e0ef5800 GCTaskThread "GC Thread#2" [stack: 0x000000d3b4300000,0x000000d3b4400000] [id=8756]
  0x00000230e160a800 GCTaskThread "GC Thread#3" [stack: 0x000000d3b4400000,0x000000d3b4500000] [id=16900]
  0x00000230e16ba000 GCTaskThread "GC Thread#4" [stack: 0x000000d3b5000000,0x000000d3b5100000] [id=11176]
  0x00000230e16c2800 GCTaskThread "GC Thread#5" [stack: 0x000000d3b5100000,0x000000d3b5200000] [id=12200]
  0x00000230e251c000 GCTaskThread "GC Thread#6" [stack: 0x000000d3b5200000,0x000000d3b5300000] [id=4668]
  0x00000230e196f000 GCTaskThread "GC Thread#7" [stack: 0x000000d3b5300000,0x000000d3b5400000] [id=19352]
  0x00000230c50df800 ConcurrentGCThread "G1 Main Marker" [stack: 0x000000d3b3100000,0x000000d3b3200000] [id=17192]
  0x00000230c50e0800 ConcurrentGCThread "G1 Conc#0" [stack: 0x000000d3b3200000,0x000000d3b3300000] [id=1368]
  0x00000230e2bad800 ConcurrentGCThread "G1 Conc#1" [stack: 0x000000d3b5400000,0x000000d3b5500000] [id=17748]
  0x00000230c516e800 ConcurrentGCThread "G1 Refine#0" [stack: 0x000000d3b3300000,0x000000d3b3400000] [id=11720]
  0x00000230e5b60800 ConcurrentGCThread "G1 Refine#1" [stack: 0x000000d3bc400000,0x000000d3bc500000] [id=492]
  0x00000230e5ee5000 ConcurrentGCThread "G1 Refine#2" [stack: 0x000000d3bc500000,0x000000d3bc600000] [id=14692]
  0x00000230eb218000 ConcurrentGCThread "G1 Refine#3" [stack: 0x000000d3bc600000,0x000000d3bc700000] [id=3512]
  0x00000230eb0dc000 ConcurrentGCThread "G1 Refine#4" [stack: 0x000000d3bc700000,0x000000d3bc800000] [id=18996]
  0x00000230df3ac800 ConcurrentGCThread "G1 Young RemSet Sampling" [stack: 0x000000d3b3400000,0x000000d3b3500000] [id=10876]

Threads with active compile tasks:
C2 CompilerThread0  21634 10311       4       com.android.ide.common.blame.MergingLogPersistUtil::lambda$normalize$0 (107 bytes)
C2 CompilerThread1  21634 10327       4       com.google.gson.stream.JsonWriter::name (53 bytes)
C2 CompilerThread2  21634 10315       4       com.android.ide.common.blame.MergingLogPersistUtil$$Lambda$1159/0x0000000100b90440::accept (12 bytes)

VM state:not at safepoint (normal execution)

VM Mutex/Monitor currently owned by a thread: None

Heap address: 0x0000000080000000, size: 2048 MB, Compressed Oops mode: 32-bit
Narrow klass base: 0x0000000000000000, Narrow klass shift: 3
Compressed class space size: 1073741824 Address: 0x0000000100000000

Heap:
 garbage-first heap   total 196608K, used 111616K [0x0000000080000000, 0x0000000100000000)
  region size 1024K, 36 young (36864K), 12 survivors (12288K)
 Metaspace       used 85203K, capacity 87511K, committed 87676K, reserved 1124352K
  class space    used 11036K, capacity 11906K, committed 12032K, reserved 1048576K
Heap Regions: E=young(eden), S=young(survivor), O=old, HS=humongous(starts), HC=humongous(continues), CS=collection set, F=free, A=archive, TAMS=top-at-mark-start (previous, next)
|   0|0x0000000080000000, 0x0000000080100000, 0x0000000080100000|100%| O|  |TAMS 0x0000000080100000, 0x0000000080000000| Untracked 
|   1|0x0000000080100000, 0x0000000080200000, 0x0000000080200000|100%| O|  |TAMS 0x0000000080200000, 0x0000000080100000| Untracked 
|   2|0x0000000080200000, 0x0000000080300000, 0x0000000080300000|100%| O|  |TAMS 0x0000000080300000, 0x0000000080200000| Untracked 
|   3|0x0000000080300000, 0x0000000080400000, 0x0000000080400000|100%|HS|  |TAMS 0x0000000080400000, 0x0000000080300000| Complete 
|   4|0x0000000080400000, 0x0000000080500000, 0x0000000080500000|100%|HC|  |TAMS 0x0000000080500000, 0x0000000080400000| Complete 
|   5|0x0000000080500000, 0x0000000080600000, 0x0000000080600000|100%|HC|  |TAMS 0x0000000080600000, 0x0000000080500000| Complete 
|   6|0x0000000080600000, 0x0000000080700000, 0x0000000080700000|100%| O|  |TAMS 0x0000000080700000, 0x0000000080600000| Untracked 
|   7|0x0000000080700000, 0x0000000080800000, 0x0000000080800000|100%| O|  |TAMS 0x0000000080800000, 0x0000000080700000| Untracked 
|   8|0x0000000080800000, 0x0000000080900000, 0x0000000080900000|100%| O|  |TAMS 0x0000000080900000, 0x0000000080800000| Untracked 
|   9|0x0000000080900000, 0x0000000080a00000, 0x0000000080a00000|100%| O|  |TAMS 0x0000000080a00000, 0x0000000080900000| Untracked 
|  10|0x0000000080a00000, 0x0000000080b00000, 0x0000000080b00000|100%| O|  |TAMS 0x0000000080b00000, 0x0000000080a00000| Untracked 
|  11|0x0000000080b00000, 0x0000000080c00000, 0x0000000080c00000|100%| O|  |TAMS 0x0000000080c00000, 0x0000000080b00000| Untracked 
|  12|0x0000000080c00000, 0x0000000080d00000, 0x0000000080d00000|100%| O|  |TAMS 0x0000000080d00000, 0x0000000080c00000| Untracked 
|  13|0x0000000080d00000, 0x0000000080e00000, 0x0000000080e00000|100%| O|  |TAMS 0x0000000080e00000, 0x0000000080d00000| Untracked 
|  14|0x0000000080e00000, 0x0000000080f00000, 0x0000000080f00000|100%| O|  |TAMS 0x0000000080f00000, 0x0000000080e00000| Untracked 
|  15|0x0000000080f00000, 0x0000000081000000, 0x0000000081000000|100%| O|  |TAMS 0x0000000081000000, 0x0000000080f00000| Untracked 
|  16|0x0000000081000000, 0x0000000081100000, 0x0000000081100000|100%| O|  |TAMS 0x0000000081100000, 0x0000000081000000| Untracked 
|  17|0x0000000081100000, 0x0000000081200000, 0x0000000081200000|100%|HS|  |TAMS 0x0000000081200000, 0x0000000081100000| Complete 
|  18|0x0000000081200000, 0x0000000081300000, 0x0000000081300000|100%| O|  |TAMS 0x0000000081300000, 0x0000000081200000| Untracked 
|  19|0x0000000081300000, 0x0000000081400000, 0x0000000081400000|100%| O|  |TAMS 0x0000000081400000, 0x0000000081300000| Untracked 
|  20|0x0000000081400000, 0x0000000081500000, 0x0000000081500000|100%| O|  |TAMS 0x0000000081500000, 0x0000000081400000| Untracked 
|  21|0x0000000081500000, 0x0000000081600000, 0x0000000081600000|100%| O|  |TAMS 0x0000000081600000, 0x0000000081500000| Untracked 
|  22|0x0000000081600000, 0x0000000081700000, 0x0000000081700000|100%| O|  |TAMS 0x0000000081700000, 0x0000000081600000| Untracked 
|  23|0x0000000081700000, 0x0000000081800000, 0x0000000081800000|100%|HS|  |TAMS 0x0000000081800000, 0x0000000081700000| Complete 
|  24|0x0000000081800000, 0x0000000081900000, 0x0000000081900000|100%| O|  |TAMS 0x0000000081900000, 0x0000000081800000| Untracked 
|  25|0x0000000081900000, 0x0000000081a00000, 0x0000000081a00000|100%|HS|  |TAMS 0x0000000081a00000, 0x0000000081900000| Complete 
|  26|0x0000000081a00000, 0x0000000081b00000, 0x0000000081b00000|100%|HC|  |TAMS 0x0000000081b00000, 0x0000000081a00000| Complete 
|  27|0x0000000081b00000, 0x0000000081c00000, 0x0000000081c00000|100%| O|  |TAMS 0x0000000081c00000, 0x0000000081b00000| Untracked 
|  28|0x0000000081c00000, 0x0000000081d00000, 0x0000000081d00000|100%| O|  |TAMS 0x0000000081d00000, 0x0000000081c00000| Untracked 
|  29|0x0000000081d00000, 0x0000000081e00000, 0x0000000081e00000|100%| O|  |TAMS 0x0000000081e00000, 0x0000000081d00000| Untracked 
|  30|0x0000000081e00000, 0x0000000081f00000, 0x0000000081f00000|100%| O|  |TAMS 0x0000000081f00000, 0x0000000081e00000| Untracked 
|  31|0x0000000081f00000, 0x0000000082000000, 0x0000000082000000|100%| O|  |TAMS 0x0000000082000000, 0x0000000081f00000| Untracked 
|  32|0x0000000082000000, 0x0000000082100000, 0x0000000082100000|100%| O|  |TAMS 0x0000000082100000, 0x0000000082000000| Untracked 
|  33|0x0000000082100000, 0x0000000082200000, 0x0000000082200000|100%| O|  |TAMS 0x0000000082200000, 0x0000000082100000| Untracked 
|  34|0x0000000082200000, 0x0000000082300000, 0x0000000082300000|100%| O|  |TAMS 0x0000000082300000, 0x0000000082200000| Untracked 
|  35|0x0000000082300000, 0x0000000082400000, 0x0000000082400000|100%| O|  |TAMS 0x0000000082400000, 0x0000000082300000| Untracked 
|  36|0x0000000082400000, 0x0000000082500000, 0x0000000082500000|100%| O|  |TAMS 0x0000000082500000, 0x0000000082400000| Untracked 
|  37|0x0000000082500000, 0x0000000082600000, 0x0000000082600000|100%| O|  |TAMS 0x0000000082600000, 0x0000000082500000| Untracked 
|  38|0x0000000082600000, 0x0000000082700000, 0x0000000082700000|100%| O|  |TAMS 0x0000000082700000, 0x0000000082600000| Untracked 
|  39|0x0000000082700000, 0x0000000082800000, 0x0000000082800000|100%| O|  |TAMS 0x0000000082800000, 0x0000000082700000| Untracked 
|  40|0x0000000082800000, 0x0000000082900000, 0x0000000082900000|100%| O|  |TAMS 0x0000000082900000, 0x0000000082800000| Untracked 
|  41|0x0000000082900000, 0x0000000082a00000, 0x0000000082a00000|100%| O|  |TAMS 0x0000000082a00000, 0x0000000082900000| Untracked 
|  42|0x0000000082a00000, 0x0000000082b00000, 0x0000000082b00000|100%| O|  |TAMS 0x0000000082a00000, 0x0000000082a00000| Untracked 
|  43|0x0000000082b00000, 0x0000000082c00000, 0x0000000082c00000|100%| O|  |TAMS 0x0000000082b00000, 0x0000000082b00000| Untracked 
|  44|0x0000000082c00000, 0x0000000082d00000, 0x0000000082d00000|100%| O|  |TAMS 0x0000000082c00000, 0x0000000082c00000| Untracked 
|  45|0x0000000082d00000, 0x0000000082e00000, 0x0000000082e00000|100%| O|  |TAMS 0x0000000082d00000, 0x0000000082d00000| Untracked 
|  46|0x0000000082e00000, 0x0000000082f00000, 0x0000000082f00000|100%| O|  |TAMS 0x0000000082e00000, 0x0000000082e00000| Untracked 
|  47|0x0000000082f00000, 0x0000000083000000, 0x0000000083000000|100%| O|  |TAMS 0x0000000082f00000, 0x0000000082f00000| Untracked 
|  48|0x0000000083000000, 0x0000000083100000, 0x0000000083100000|100%| O|  |TAMS 0x0000000083000000, 0x0000000083000000| Untracked 
|  49|0x0000000083100000, 0x0000000083200000, 0x0000000083200000|100%| O|  |TAMS 0x0000000083100000, 0x0000000083100000| Untracked 
|  50|0x0000000083200000, 0x0000000083300000, 0x0000000083300000|100%| O|  |TAMS 0x0000000083200000, 0x0000000083200000| Untracked 
|  51|0x0000000083300000, 0x0000000083400000, 0x0000000083400000|100%| O|  |TAMS 0x0000000083300000, 0x0000000083300000| Untracked 
|  52|0x0000000083400000, 0x0000000083500000, 0x0000000083500000|100%| O|  |TAMS 0x0000000083400000, 0x0000000083400000| Untracked 
|  53|0x0000000083500000, 0x0000000083600000, 0x0000000083600000|100%| O|  |TAMS 0x0000000083500000, 0x0000000083500000| Untracked 
|  54|0x0000000083600000, 0x0000000083700000, 0x0000000083700000|100%| O|  |TAMS 0x0000000083600000, 0x0000000083600000| Untracked 
|  55|0x0000000083700000, 0x0000000083700000, 0x0000000083800000|  0%| F|  |TAMS 0x0000000083700000, 0x0000000083700000| Untracked 
|  56|0x0000000083800000, 0x0000000083800000, 0x0000000083900000|  0%| F|  |TAMS 0x0000000083800000, 0x0000000083800000| Untracked 
|  57|0x0000000083900000, 0x0000000083a00000, 0x0000000083a00000|100%|HS|  |TAMS 0x0000000083900000, 0x0000000083900000| Complete 
|  58|0x0000000083a00000, 0x0000000083a00000, 0x0000000083b00000|  0%| F|  |TAMS 0x0000000083a00000, 0x0000000083a00000| Untracked 
|  59|0x0000000083b00000, 0x0000000083b00000, 0x0000000083c00000|  0%| F|  |TAMS 0x0000000083b00000, 0x0000000083b00000| Untracked 
|  60|0x0000000083c00000, 0x0000000083c00000, 0x0000000083d00000|  0%| F|  |TAMS 0x0000000083c00000, 0x0000000083c00000| Untracked 
|  61|0x0000000083d00000, 0x0000000083d00000, 0x0000000083e00000|  0%| F|  |TAMS 0x0000000083d00000, 0x0000000083d00000| Untracked 
|  62|0x0000000083e00000, 0x0000000083e00000, 0x0000000083f00000|  0%| F|  |TAMS 0x0000000083e00000, 0x0000000083e00000| Untracked 
|  63|0x0000000083f00000, 0x0000000083f00000, 0x0000000084000000|  0%| F|  |TAMS 0x0000000083f00000, 0x0000000083f00000| Untracked 
|  64|0x0000000084000000, 0x0000000084000000, 0x0000000084100000|  0%| F|  |TAMS 0x0000000084000000, 0x0000000084000000| Untracked 
|  65|0x0000000084100000, 0x0000000084100000, 0x0000000084200000|  0%| F|  |TAMS 0x0000000084100000, 0x0000000084100000| Untracked 
|  66|0x0000000084200000, 0x0000000084300000, 0x0000000084300000|100%| O|  |TAMS 0x0000000084200000, 0x0000000084200000| Untracked 
|  67|0x0000000084300000, 0x0000000084400000, 0x0000000084400000|100%| O|  |TAMS 0x0000000084300000, 0x0000000084300000| Untracked 
|  68|0x0000000084400000, 0x0000000084500000, 0x0000000084500000|100%| O|  |TAMS 0x0000000084400000, 0x0000000084400000| Untracked 
|  69|0x0000000084500000, 0x0000000084600000, 0x0000000084600000|100%| O|  |TAMS 0x0000000084500000, 0x0000000084500000| Untracked 
|  70|0x0000000084600000, 0x0000000084700000, 0x0000000084700000|100%| O|  |TAMS 0x0000000084600000, 0x0000000084600000| Untracked 
|  71|0x0000000084700000, 0x0000000084800000, 0x0000000084800000|100%| O|  |TAMS 0x0000000084700000, 0x0000000084700000| Untracked 
|  72|0x0000000084800000, 0x0000000084900000, 0x0000000084900000|100%| O|  |TAMS 0x0000000084800000, 0x0000000084800000| Untracked 
|  73|0x0000000084900000, 0x0000000084a00000, 0x0000000084a00000|100%| O|  |TAMS 0x0000000084900000, 0x0000000084900000| Untracked 
|  74|0x0000000084a00000, 0x0000000084b00000, 0x0000000084b00000|100%| O|  |TAMS 0x0000000084a00000, 0x0000000084a00000| Untracked 
|  75|0x0000000084b00000, 0x0000000084c00000, 0x0000000084c00000|100%| O|  |TAMS 0x0000000084b00000, 0x0000000084b00000| Untracked 
|  76|0x0000000084c00000, 0x0000000084d00000, 0x0000000084d00000|100%| O|  |TAMS 0x0000000084c00000, 0x0000000084c00000| Untracked 
|  77|0x0000000084d00000, 0x0000000084e00000, 0x0000000084e00000|100%| O|  |TAMS 0x0000000084d00000, 0x0000000084d00000| Untracked 
|  78|0x0000000084e00000, 0x0000000084f00000, 0x0000000084f00000|100%| O|  |TAMS 0x0000000084e00000, 0x0000000084e00000| Untracked 
|  79|0x0000000084f00000, 0x0000000085000000, 0x0000000085000000|100%| O|  |TAMS 0x0000000084f00000, 0x0000000084f00000| Untracked 
|  80|0x0000000085000000, 0x0000000085100000, 0x0000000085100000|100%| O|  |TAMS 0x0000000085000000, 0x0000000085000000| Untracked 
|  81|0x0000000085100000, 0x0000000085200000, 0x0000000085200000|100%| O|  |TAMS 0x0000000085100000, 0x0000000085100000| Untracked 
|  82|0x0000000085200000, 0x0000000085300000, 0x0000000085300000|100%| O|  |TAMS 0x0000000085200000, 0x0000000085200000| Untracked 
|  83|0x0000000085300000, 0x0000000085400000, 0x0000000085400000|100%| O|  |TAMS 0x0000000085300000, 0x0000000085300000| Untracked 
|  84|0x0000000085400000, 0x0000000085400000, 0x0000000085500000|  0%| F|  |TAMS 0x0000000085400000, 0x0000000085400000| Untracked 
|  85|0x0000000085500000, 0x0000000085500000, 0x0000000085600000|  0%| F|  |TAMS 0x0000000085500000, 0x0000000085500000| Untracked 
|  86|0x0000000085600000, 0x0000000085600000, 0x0000000085700000|  0%| F|  |TAMS 0x0000000085600000, 0x0000000085600000| Untracked 
|  87|0x0000000085700000, 0x0000000085700000, 0x0000000085800000|  0%| F|  |TAMS 0x0000000085700000, 0x0000000085700000| Untracked 
|  88|0x0000000085800000, 0x0000000085800000, 0x0000000085900000|  0%| F|  |TAMS 0x0000000085800000, 0x0000000085800000| Untracked 
|  89|0x0000000085900000, 0x0000000085900000, 0x0000000085a00000|  0%| F|  |TAMS 0x0000000085900000, 0x0000000085900000| Untracked 
|  90|0x0000000085a00000, 0x0000000085a00000, 0x0000000085b00000|  0%| F|  |TAMS 0x0000000085a00000, 0x0000000085a00000| Untracked 
|  91|0x0000000085b00000, 0x0000000085b00000, 0x0000000085c00000|  0%| F|  |TAMS 0x0000000085b00000, 0x0000000085b00000| Untracked 
|  92|0x0000000085c00000, 0x0000000085d00000, 0x0000000085d00000|100%| S|CS|TAMS 0x0000000085c00000, 0x0000000085c00000| Complete 
|  93|0x0000000085d00000, 0x0000000085e00000, 0x0000000085e00000|100%| S|CS|TAMS 0x0000000085d00000, 0x0000000085d00000| Complete 
|  94|0x0000000085e00000, 0x0000000085e00000, 0x0000000085f00000|  0%| F|  |TAMS 0x0000000085e00000, 0x0000000085e00000| Untracked 
|  95|0x0000000085f00000, 0x0000000085f00000, 0x0000000086000000|  0%| F|  |TAMS 0x0000000085f00000, 0x0000000085f00000| Untracked 
|  96|0x0000000086000000, 0x0000000086000000, 0x0000000086100000|  0%| F|  |TAMS 0x0000000086000000, 0x0000000086000000| Untracked 
|  97|0x0000000086100000, 0x0000000086100000, 0x0000000086200000|  0%| F|  |TAMS 0x0000000086100000, 0x0000000086100000| Untracked 
|  98|0x0000000086200000, 0x0000000086300000, 0x0000000086300000|100%| S|CS|TAMS 0x0000000086200000, 0x0000000086200000| Complete 
|  99|0x0000000086300000, 0x0000000086400000, 0x0000000086400000|100%| S|CS|TAMS 0x0000000086300000, 0x0000000086300000| Complete 
| 100|0x0000000086400000, 0x0000000086500000, 0x0000000086500000|100%| S|CS|TAMS 0x0000000086400000, 0x0000000086400000| Complete 
| 101|0x0000000086500000, 0x0000000086600000, 0x0000000086600000|100%| S|CS|TAMS 0x0000000086500000, 0x0000000086500000| Complete 
| 102|0x0000000086600000, 0x0000000086700000, 0x0000000086700000|100%| S|CS|TAMS 0x0000000086600000, 0x0000000086600000| Complete 
| 103|0x0000000086700000, 0x0000000086800000, 0x0000000086800000|100%| S|CS|TAMS 0x0000000086700000, 0x0000000086700000| Complete 
| 104|0x0000000086800000, 0x0000000086900000, 0x0000000086900000|100%| S|CS|TAMS 0x0000000086800000, 0x0000000086800000| Complete 
| 105|0x0000000086900000, 0x0000000086a00000, 0x0000000086a00000|100%| S|CS|TAMS 0x0000000086900000, 0x0000000086900000| Complete 
| 106|0x0000000086a00000, 0x0000000086a00000, 0x0000000086b00000|  0%| F|  |TAMS 0x0000000086a00000, 0x0000000086a00000| Untracked 
| 107|0x0000000086b00000, 0x0000000086b00000, 0x0000000086c00000|  0%| F|  |TAMS 0x0000000086b00000, 0x0000000086b00000| Untracked 
| 108|0x0000000086c00000, 0x0000000086d00000, 0x0000000086d00000|100%| S|CS|TAMS 0x0000000086c00000, 0x0000000086c00000| Complete 
| 109|0x0000000086d00000, 0x0000000086d00000, 0x0000000086e00000|  0%| F|  |TAMS 0x0000000086d00000, 0x0000000086d00000| Untracked 
| 110|0x0000000086e00000, 0x0000000086f00000, 0x0000000086f00000|100%| S|CS|TAMS 0x0000000086e00000, 0x0000000086e00000| Complete 
| 111|0x0000000086f00000, 0x0000000086f00000, 0x0000000087000000|  0%| F|  |TAMS 0x0000000086f00000, 0x0000000086f00000| Untracked 
| 112|0x0000000087000000, 0x0000000087000000, 0x0000000087100000|  0%| F|  |TAMS 0x0000000087000000, 0x0000000087000000| Untracked 
| 113|0x0000000087100000, 0x0000000087100000, 0x0000000087200000|  0%| F|  |TAMS 0x0000000087100000, 0x0000000087100000| Untracked 
| 114|0x0000000087200000, 0x0000000087200000, 0x0000000087300000|  0%| F|  |TAMS 0x0000000087200000, 0x0000000087200000| Untracked 
| 115|0x0000000087300000, 0x0000000087300000, 0x0000000087400000|  0%| F|  |TAMS 0x0000000087300000, 0x0000000087300000| Untracked 
| 116|0x0000000087400000, 0x0000000087400000, 0x0000000087500000|  0%| F|  |TAMS 0x0000000087400000, 0x0000000087400000| Untracked 
| 117|0x0000000087500000, 0x0000000087500000, 0x0000000087600000|  0%| F|  |TAMS 0x0000000087500000, 0x0000000087500000| Untracked 
| 118|0x0000000087600000, 0x0000000087600000, 0x0000000087700000|  0%| F|  |TAMS 0x0000000087600000, 0x0000000087600000| Untracked 
| 119|0x0000000087700000, 0x0000000087700000, 0x0000000087800000|  0%| F|  |TAMS 0x0000000087700000, 0x0000000087700000| Untracked 
| 120|0x0000000087800000, 0x0000000087800000, 0x0000000087900000|  0%| F|  |TAMS 0x0000000087800000, 0x0000000087800000| Untracked 
| 121|0x0000000087900000, 0x0000000087900000, 0x0000000087a00000|  0%| F|  |TAMS 0x0000000087900000, 0x0000000087900000| Untracked 
| 122|0x0000000087a00000, 0x0000000087a00000, 0x0000000087b00000|  0%| F|  |TAMS 0x0000000087a00000, 0x0000000087a00000| Untracked 
| 123|0x0000000087b00000, 0x0000000087b00000, 0x0000000087c00000|  0%| F|  |TAMS 0x0000000087b00000, 0x0000000087b00000| Untracked 
| 124|0x0000000087c00000, 0x0000000087c00000, 0x0000000087d00000|  0%| F|  |TAMS 0x0000000087c00000, 0x0000000087c00000| Untracked 
| 125|0x0000000087d00000, 0x0000000087d00000, 0x0000000087e00000|  0%| F|  |TAMS 0x0000000087d00000, 0x0000000087d00000| Untracked 
| 126|0x0000000087e00000, 0x0000000087e00000, 0x0000000087f00000|  0%| F|  |TAMS 0x0000000087e00000, 0x0000000087e00000| Untracked 
| 127|0x0000000087f00000, 0x0000000087f00000, 0x0000000088000000|  0%| F|  |TAMS 0x0000000087f00000, 0x0000000087f00000| Untracked 
| 128|0x0000000088000000, 0x0000000088000000, 0x0000000088100000|  0%| F|  |TAMS 0x0000000088000000, 0x0000000088000000| Untracked 
| 129|0x0000000088100000, 0x0000000088100000, 0x0000000088200000|  0%| F|  |TAMS 0x0000000088100000, 0x0000000088100000| Untracked 
| 130|0x0000000088200000, 0x0000000088200000, 0x0000000088300000|  0%| F|  |TAMS 0x0000000088200000, 0x0000000088200000| Untracked 
| 131|0x0000000088300000, 0x0000000088300000, 0x0000000088400000|  0%| F|  |TAMS 0x0000000088300000, 0x0000000088300000| Untracked 
| 132|0x0000000088400000, 0x0000000088400000, 0x0000000088500000|  0%| F|  |TAMS 0x0000000088400000, 0x0000000088400000| Untracked 
| 133|0x0000000088500000, 0x0000000088500000, 0x0000000088600000|  0%| F|  |TAMS 0x0000000088500000, 0x0000000088500000| Untracked 
| 134|0x0000000088600000, 0x0000000088600000, 0x0000000088700000|  0%| F|  |TAMS 0x0000000088600000, 0x0000000088600000| Untracked 
| 135|0x0000000088700000, 0x0000000088700000, 0x0000000088800000|  0%| F|  |TAMS 0x0000000088700000, 0x0000000088700000| Untracked 
| 136|0x0000000088800000, 0x0000000088800000, 0x0000000088900000|  0%| F|  |TAMS 0x0000000088800000, 0x0000000088800000| Untracked 
| 137|0x0000000088900000, 0x0000000088900000, 0x0000000088a00000|  0%| F|  |TAMS 0x0000000088900000, 0x0000000088900000| Untracked 
| 138|0x0000000088a00000, 0x0000000088a00000, 0x0000000088b00000|  0%| F|  |TAMS 0x0000000088a00000, 0x0000000088a00000| Untracked 
| 139|0x0000000088b00000, 0x0000000088b00000, 0x0000000088c00000|  0%| F|  |TAMS 0x0000000088b00000, 0x0000000088b00000| Untracked 
| 140|0x0000000088c00000, 0x0000000088c00000, 0x0000000088d00000|  0%| F|  |TAMS 0x0000000088c00000, 0x0000000088c00000| Untracked 
| 141|0x0000000088d00000, 0x0000000088d00000, 0x0000000088e00000|  0%| F|  |TAMS 0x0000000088d00000, 0x0000000088d00000| Untracked 
| 142|0x0000000088e00000, 0x0000000088e00000, 0x0000000088f00000|  0%| F|  |TAMS 0x0000000088e00000, 0x0000000088e00000| Untracked 
| 143|0x0000000088f00000, 0x0000000088f00000, 0x0000000089000000|  0%| F|  |TAMS 0x0000000088f00000, 0x0000000088f00000| Untracked 
| 144|0x0000000089000000, 0x0000000089000000, 0x0000000089100000|  0%| F|  |TAMS 0x0000000089000000, 0x0000000089000000| Untracked 
| 145|0x0000000089100000, 0x0000000089100000, 0x0000000089200000|  0%| F|  |TAMS 0x0000000089100000, 0x0000000089100000| Untracked 
| 146|0x0000000089200000, 0x0000000089200000, 0x0000000089300000|  0%| F|  |TAMS 0x0000000089200000, 0x0000000089200000| Untracked 
| 147|0x0000000089300000, 0x0000000089300000, 0x0000000089400000|  0%| F|  |TAMS 0x0000000089300000, 0x0000000089300000| Untracked 
| 148|0x0000000089400000, 0x0000000089400000, 0x0000000089500000|  0%| F|  |TAMS 0x0000000089400000, 0x0000000089400000| Untracked 
| 149|0x0000000089500000, 0x0000000089500000, 0x0000000089600000|  0%| F|  |TAMS 0x0000000089500000, 0x0000000089500000| Untracked 
| 150|0x0000000089600000, 0x0000000089600000, 0x0000000089700000|  0%| F|  |TAMS 0x0000000089600000, 0x0000000089600000| Untracked 
| 151|0x0000000089700000, 0x0000000089700000, 0x0000000089800000|  0%| F|  |TAMS 0x0000000089700000, 0x0000000089700000| Untracked 
| 152|0x0000000089800000, 0x0000000089800000, 0x0000000089900000|  0%| F|  |TAMS 0x0000000089800000, 0x0000000089800000| Untracked 
| 153|0x0000000089900000, 0x0000000089900000, 0x0000000089a00000|  0%| F|  |TAMS 0x0000000089900000, 0x0000000089900000| Untracked 
| 154|0x0000000089a00000, 0x0000000089a00000, 0x0000000089b00000|  0%| F|  |TAMS 0x0000000089a00000, 0x0000000089a00000| Untracked 
| 155|0x0000000089b00000, 0x0000000089b00000, 0x0000000089c00000|  0%| F|  |TAMS 0x0000000089b00000, 0x0000000089b00000| Untracked 
| 156|0x0000000089c00000, 0x0000000089c00000, 0x0000000089d00000|  0%| F|  |TAMS 0x0000000089c00000, 0x0000000089c00000| Untracked 
| 157|0x0000000089d00000, 0x0000000089d00000, 0x0000000089e00000|  0%| F|  |TAMS 0x0000000089d00000, 0x0000000089d00000| Untracked 
| 158|0x0000000089e00000, 0x0000000089e00000, 0x0000000089f00000|  0%| F|  |TAMS 0x0000000089e00000, 0x0000000089e00000| Untracked 
| 159|0x0000000089f00000, 0x0000000089f00000, 0x000000008a000000|  0%| F|  |TAMS 0x0000000089f00000, 0x0000000089f00000| Untracked 
| 160|0x000000008a000000, 0x000000008a000000, 0x000000008a100000|  0%| F|  |TAMS 0x000000008a000000, 0x000000008a000000| Untracked 
| 161|0x000000008a100000, 0x000000008a100000, 0x000000008a200000|  0%| F|  |TAMS 0x000000008a100000, 0x000000008a100000| Untracked 
| 162|0x000000008a200000, 0x000000008a200000, 0x000000008a300000|  0%| F|  |TAMS 0x000000008a200000, 0x000000008a200000| Untracked 
| 163|0x000000008a300000, 0x000000008a300000, 0x000000008a400000|  0%| F|  |TAMS 0x000000008a300000, 0x000000008a300000| Untracked 
| 164|0x000000008a400000, 0x000000008a400000, 0x000000008a500000|  0%| F|  |TAMS 0x000000008a400000, 0x000000008a400000| Untracked 
| 165|0x000000008a500000, 0x000000008a500000, 0x000000008a600000|  0%| F|  |TAMS 0x000000008a500000, 0x000000008a500000| Untracked 
| 166|0x000000008a600000, 0x000000008a600000, 0x000000008a700000|  0%| F|  |TAMS 0x000000008a600000, 0x000000008a600000| Untracked 
| 167|0x000000008a700000, 0x000000008a780800, 0x000000008a800000| 50%| E|  |TAMS 0x000000008a700000, 0x000000008a700000| Complete 
| 168|0x000000008a800000, 0x000000008a900000, 0x000000008a900000|100%| E|CS|TAMS 0x000000008a800000, 0x000000008a800000| Complete 
| 169|0x000000008a900000, 0x000000008aa00000, 0x000000008aa00000|100%| E|CS|TAMS 0x000000008a900000, 0x000000008a900000| Complete 
| 170|0x000000008aa00000, 0x000000008ab00000, 0x000000008ab00000|100%| E|CS|TAMS 0x000000008aa00000, 0x000000008aa00000| Complete 
| 171|0x000000008ab00000, 0x000000008ac00000, 0x000000008ac00000|100%| E|CS|TAMS 0x000000008ab00000, 0x000000008ab00000| Complete 
| 172|0x000000008ac00000, 0x000000008ad00000, 0x000000008ad00000|100%| E|CS|TAMS 0x000000008ac00000, 0x000000008ac00000| Complete 
| 173|0x000000008ad00000, 0x000000008ae00000, 0x000000008ae00000|100%| E|CS|TAMS 0x000000008ad00000, 0x000000008ad00000| Complete 
| 174|0x000000008ae00000, 0x000000008af00000, 0x000000008af00000|100%| E|CS|TAMS 0x000000008ae00000, 0x000000008ae00000| Complete 
| 175|0x000000008af00000, 0x000000008b000000, 0x000000008b000000|100%| E|CS|TAMS 0x000000008af00000, 0x000000008af00000| Complete 
| 176|0x000000008b000000, 0x000000008b100000, 0x000000008b100000|100%| E|CS|TAMS 0x000000008b000000, 0x000000008b000000| Complete 
| 177|0x000000008b100000, 0x000000008b200000, 0x000000008b200000|100%| E|CS|TAMS 0x000000008b100000, 0x000000008b100000| Complete 
| 178|0x000000008b200000, 0x000000008b300000, 0x000000008b300000|100%| E|CS|TAMS 0x000000008b200000, 0x000000008b200000| Complete 
| 179|0x000000008b300000, 0x000000008b400000, 0x000000008b400000|100%| E|CS|TAMS 0x000000008b300000, 0x000000008b300000| Complete 
| 180|0x000000008b400000, 0x000000008b500000, 0x000000008b500000|100%| E|CS|TAMS 0x000000008b400000, 0x000000008b400000| Complete 
| 181|0x000000008b500000, 0x000000008b600000, 0x000000008b600000|100%| E|CS|TAMS 0x000000008b500000, 0x000000008b500000| Complete 
| 182|0x000000008b600000, 0x000000008b700000, 0x000000008b700000|100%| E|CS|TAMS 0x000000008b600000, 0x000000008b600000| Complete 
| 183|0x000000008b700000, 0x000000008b800000, 0x000000008b800000|100%| E|CS|TAMS 0x000000008b700000, 0x000000008b700000| Complete 
| 184|0x000000008b800000, 0x000000008b900000, 0x000000008b900000|100%| E|CS|TAMS 0x000000008b800000, 0x000000008b800000| Complete 
| 185|0x000000008b900000, 0x000000008ba00000, 0x000000008ba00000|100%| E|CS|TAMS 0x000000008b900000, 0x000000008b900000| Complete 
| 186|0x000000008ba00000, 0x000000008bb00000, 0x000000008bb00000|100%| E|CS|TAMS 0x000000008ba00000, 0x000000008ba00000| Complete 
| 187|0x000000008bb00000, 0x000000008bc00000, 0x000000008bc00000|100%| E|CS|TAMS 0x000000008bb00000, 0x000000008bb00000| Complete 
| 188|0x000000008bc00000, 0x000000008bd00000, 0x000000008bd00000|100%| E|CS|TAMS 0x000000008bc00000, 0x000000008bc00000| Complete 
| 189|0x000000008bd00000, 0x000000008be00000, 0x000000008be00000|100%| E|CS|TAMS 0x000000008bd00000, 0x000000008bd00000| Complete 
| 190|0x000000008be00000, 0x000000008bf00000, 0x000000008bf00000|100%| E|CS|TAMS 0x000000008be00000, 0x000000008be00000| Complete 
| 191|0x000000008bf00000, 0x000000008c000000, 0x000000008c000000|100%| E|CS|TAMS 0x000000008bf00000, 0x000000008bf00000| Complete 

Card table byte_map: [0x00000230d82e0000,0x00000230d86e0000] _byte_map_base: 0x00000230d7ee0000

Marking Bits (Prev, Next): (CMBitMap*) 0x00000230c50d5d70, (CMBitMap*) 0x00000230c50d5d38
 Prev Bits: [0x00000230daae0000, 0x00000230dcae0000)
 Next Bits: [0x00000230d8ae0000, 0x00000230daae0000)

Polling page: 0x00000230c4870000

Metaspace:

Usage:
  Non-class:     73.83 MB capacity,    72.43 MB ( 98%) used,     1.15 MB (  2%) free+waste,   255.31 KB ( <1%) overhead. 
      Class:     11.63 MB capacity,    10.78 MB ( 93%) used,   750.99 KB (  6%) free+waste,   118.56 KB ( <1%) overhead. 
       Both:     85.46 MB capacity,    83.21 MB ( 97%) used,     1.89 MB (  2%) free+waste,   373.88 KB ( <1%) overhead. 

Virtual space:
  Non-class space:       74.00 MB reserved,      73.87 MB (>99%) committed 
      Class space:        1.00 GB reserved,      11.75 MB (  1%) committed 
             Both:        1.07 GB reserved,      85.62 MB (  8%) committed 

Chunk freelists:
   Non-Class:  39.00 KB
       Class:  30.00 KB
        Both:  69.00 KB

MaxMetaspaceSize: 17179869184.00 GB
CompressedClassSpaceSize: 1.00 GB
Initial GC threshold: 20.80 MB
Current GC threshold: 98.10 MB
CDS: off

CodeHeap 'non-profiled nmethods': size=120000Kb used=7293Kb max_used=7293Kb free=112707Kb
 bounds [0x00000230d0680000, 0x00000230d0da0000, 0x00000230d7bb0000]
CodeHeap 'profiled nmethods': size=120000Kb used=21914Kb max_used=21914Kb free=98086Kb
 bounds [0x00000230c9150000, 0x00000230ca6c0000, 0x00000230d0680000]
CodeHeap 'non-nmethods': size=5760Kb used=2365Kb max_used=2444Kb free=3394Kb
 bounds [0x00000230c8bb0000, 0x00000230c8e20000, 0x00000230c9150000]
 total_blobs=11171 nmethods=10286 adapters=797
 compilation: enabled
              stopped_count=0, restarted_count=0
 full_count=0

Compilation events (20 events):
Event: 21.357 Thread 0x00000230e190f000 nmethod 10299 0x00000230d0d94310 code [0x00000230d0d944c0, 0x00000230d0d94588]
Event: 21.357 Thread 0x00000230e190f000 10297       4       com.android.ide.common.blame.SourceFile::equals (55 bytes)
Event: 21.358 Thread 0x00000230dfdd9000 10308       4       com.android.ide.common.blame.SourceFile::hashCode (22 bytes)
Event: 21.364 Thread 0x00000230e190f000 nmethod 10297 0x00000230d0d94710 code [0x00000230d0d948c0, 0x00000230d0d94d38]
Event: 21.365 Thread 0x00000230e190f000 10309       4       com.android.ide.common.blame.MergingLogPersistUtil$SourcePositionsSerializer::append (67 bytes)
Event: 21.366 Thread 0x00000230dfdd9000 nmethod 10308 0x00000230d0d95010 code [0x00000230d0d951c0, 0x00000230d0d954b8]
Event: 21.404 Thread 0x00000230e6b28000 nmethod 10295 0x00000230d0d95610 code [0x00000230d0d95880, 0x00000230d0d97c68]
Event: 21.436 Thread 0x00000230dfdd9000 10311       4       com.android.ide.common.blame.MergingLogPersistUtil::lambda$normalize$0 (107 bytes)
Event: 21.449 Thread 0x00000230dfddd000 10312       3       java.io.Writer::<init> (22 bytes)
Event: 21.449 Thread 0x00000230dfddd000 nmethod 10312 0x00000230ca6a8090 code [0x00000230ca6a8260, 0x00000230ca6a8508]
Event: 21.456 Thread 0x00000230dfddd000 10313       3       com.android.ide.common.blame.MergingLogPersistUtil$SourcePositionsSerializer$JsonTypeAdapter::write (192 bytes)
Event: 21.462 Thread 0x00000230dfddd000 nmethod 10313 0x00000230ca6a8610 code [0x00000230ca6a8c00, 0x00000230ca6abcd8]
Event: 21.470 Thread 0x00000230dfddd000 10314       3       com.android.ide.common.blame.MergingLogPersistUtil$SourcePositionsSerializer::<init> (76 bytes)
Event: 21.471 Thread 0x00000230dfddd000 nmethod 10314 0x00000230ca6acc10 code [0x00000230ca6ace80, 0x00000230ca6ad878]
Event: 21.480 Thread 0x00000230e6b28000 10315       4       com.android.ide.common.blame.MergingLogPersistUtil$$Lambda$1159/0x0000000100b90440::accept (12 bytes)
Event: 21.485 Thread 0x00000230e190f000 nmethod 10309 0x00000230d0d99210 code [0x00000230d0d99480, 0x00000230d0d9b5b0]
Event: 21.486 Thread 0x00000230e190f000 10316       4       com.google.gson.stream.JsonWriter::newline (47 bytes)
Event: 21.496 Thread 0x00000230e190f000 nmethod 10316 0x00000230d0d9c590 code [0x00000230d0d9c760, 0x00000230d0d9cb68]
Event: 21.573 Thread 0x00000230e190f000 10317       4       java.util.concurrent.ConcurrentHashMap$BaseIterator::hasNext (13 bytes)
Event: 21.574 Thread 0x00000230e190f000 nmethod 10317 0x00000230d0d9ce90 code [0x00000230d0d9d020, 0x00000230d0d9d098]

GC Heap History (20 events):
Event: 4.375 GC heap before
{Heap before GC invocations=5 (full 0):
 garbage-first heap   total 196608K, used 30027K [0x0000000080000000, 0x0000000100000000)
  region size 1024K, 14 young (14336K), 4 survivors (4096K)
 Metaspace       used 34804K, capacity 35553K, committed 35708K, reserved 1081344K
  class space    used 4469K, capacity 4782K, committed 4864K, reserved 1048576K
}
Event: 4.383 GC heap after
{Heap after GC invocations=6 (full 0):
 garbage-first heap   total 196608K, used 22397K [0x0000000080000000, 0x0000000100000000)
  region size 1024K, 6 young (6144K), 6 survivors (6144K)
 Metaspace       used 34804K, capacity 35553K, committed 35708K, reserved 1081344K
  class space    used 4469K, capacity 4782K, committed 4864K, reserved 1048576K
}
Event: 5.459 GC heap before
{Heap before GC invocations=7 (full 0):
 garbage-first heap   total 196608K, used 108413K [0x0000000080000000, 0x0000000100000000)
  region size 1024K, 88 young (90112K), 6 survivors (6144K)
 Metaspace       used 41645K, capacity 42719K, committed 43004K, reserved 1087488K
  class space    used 5295K, capacity 5665K, committed 5760K, reserved 1048576K
}
Event: 5.467 GC heap after
{Heap after GC invocations=8 (full 0):
 garbage-first heap   total 196608K, used 28626K [0x0000000080000000, 0x0000000100000000)
  region size 1024K, 11 young (11264K), 11 survivors (11264K)
 Metaspace       used 41645K, capacity 42719K, committed 43004K, reserved 1087488K
  class space    used 5295K, capacity 5665K, committed 5760K, reserved 1048576K
}
Event: 6.410 GC heap before
{Heap before GC invocations=8 (full 0):
 garbage-first heap   total 196608K, used 117714K [0x0000000080000000, 0x0000000100000000)
  region size 1024K, 97 young (99328K), 11 survivors (11264K)
 Metaspace       used 47997K, capacity 49208K, committed 49532K, reserved 1091584K
  class space    used 6107K, capacity 6550K, committed 6656K, reserved 1048576K
}
Event: 6.421 GC heap after
{Heap after GC invocations=9 (full 0):
 garbage-first heap   total 196608K, used 31288K [0x0000000080000000, 0x0000000100000000)
  region size 1024K, 9 young (9216K), 9 survivors (9216K)
 Metaspace       used 47997K, capacity 49208K, committed 49532K, reserved 1091584K
  class space    used 6107K, capacity 6550K, committed 6656K, reserved 1048576K
}
Event: 7.673 GC heap before
{Heap before GC invocations=9 (full 0):
 garbage-first heap   total 196608K, used 127544K [0x0000000080000000, 0x0000000100000000)
  region size 1024K, 99 young (101376K), 9 survivors (9216K)
 Metaspace       used 56766K, capacity 58181K, committed 58236K, reserved 1099776K
  class space    used 7152K, capacity 7669K, committed 7680K, reserved 1048576K
}
Event: 7.685 GC heap after
{Heap after GC invocations=10 (full 0):
 garbage-first heap   total 196608K, used 43635K [0x0000000080000000, 0x0000000100000000)
  region size 1024K, 11 young (11264K), 11 survivors (11264K)
 Metaspace       used 56766K, capacity 58181K, committed 58236K, reserved 1099776K
  class space    used 7152K, capacity 7669K, committed 7680K, reserved 1048576K
}
Event: 7.903 GC heap before
{Heap before GC invocations=10 (full 0):
 garbage-first heap   total 196608K, used 52851K [0x0000000080000000, 0x0000000100000000)
  region size 1024K, 21 young (21504K), 11 survivors (11264K)
 Metaspace       used 58399K, capacity 59822K, committed 59940K, reserved 1101824K
  class space    used 7378K, capacity 7918K, committed 7936K, reserved 1048576K
}
Event: 7.921 GC heap after
{Heap after GC invocations=11 (full 0):
 garbage-first heap   total 196608K, used 44611K [0x0000000080000000, 0x0000000100000000)
  region size 1024K, 2 young (2048K), 2 survivors (2048K)
 Metaspace       used 58399K, capacity 59822K, committed 59940K, reserved 1101824K
  class space    used 7378K, capacity 7918K, committed 7936K, reserved 1048576K
}
Event: 9.578 GC heap before
{Heap before GC invocations=12 (full 0):
 garbage-first heap   total 196608K, used 137795K [0x0000000080000000, 0x0000000100000000)
  region size 1024K, 86 young (88064K), 2 survivors (2048K)
 Metaspace       used 64959K, capacity 66447K, committed 66556K, reserved 1107968K
  class space    used 8217K, capacity 8786K, committed 8832K, reserved 1048576K
}
Event: 9.586 GC heap after
{Heap after GC invocations=13 (full 0):
 garbage-first heap   total 196608K, used 50534K [0x0000000080000000, 0x0000000100000000)
  region size 1024K, 8 young (8192K), 8 survivors (8192K)
 Metaspace       used 64959K, capacity 66447K, committed 66556K, reserved 1107968K
  class space    used 8217K, capacity 8786K, committed 8832K, reserved 1048576K
}
Event: 10.990 GC heap before
{Heap before GC invocations=13 (full 0):
 garbage-first heap   total 196608K, used 136550K [0x0000000080000000, 0x0000000100000000)
  region size 1024K, 92 young (94208K), 8 survivors (8192K)
 Metaspace       used 70919K, capacity 72510K, committed 72700K, reserved 1112064K
  class space    used 9169K, capacity 9797K, committed 9856K, reserved 1048576K
}
Event: 11.001 GC heap after
{Heap after GC invocations=14 (full 0):
 garbage-first heap   total 196608K, used 56403K [0x0000000080000000, 0x0000000100000000)
  region size 1024K, 6 young (6144K), 6 survivors (6144K)
 Metaspace       used 70919K, capacity 72510K, committed 72700K, reserved 1112064K
  class space    used 9169K, capacity 9797K, committed 9856K, reserved 1048576K
}
Event: 13.161 GC heap before
{Heap before GC invocations=14 (full 0):
 garbage-first heap   total 196608K, used 141395K [0x0000000080000000, 0x0000000100000000)
  region size 1024K, 89 young (91136K), 6 survivors (6144K)
 Metaspace       used 78834K, capacity 80641K, committed 80764K, reserved 1120256K
  class space    used 10247K, capacity 10939K, committed 11008K, reserved 1048576K
}
Event: 13.174 GC heap after
{Heap after GC invocations=15 (full 0):
 garbage-first heap   total 196608K, used 61803K [0x0000000080000000, 0x0000000100000000)
  region size 1024K, 12 young (12288K), 12 survivors (12288K)
 Metaspace       used 78834K, capacity 80641K, committed 80764K, reserved 1120256K
  class space    used 10247K, capacity 10939K, committed 11008K, reserved 1048576K
}
Event: 16.073 GC heap before
{Heap before GC invocations=15 (full 0):
 garbage-first heap   total 196608K, used 144747K [0x0000000080000000, 0x0000000100000000)
  region size 1024K, 94 young (96256K), 12 survivors (12288K)
 Metaspace       used 82368K, capacity 84650K, committed 84860K, reserved 1122304K
  class space    used 10822K, capacity 11656K, committed 11776K, reserved 1048576K
}
Event: 16.088 GC heap after
{Heap after GC invocations=16 (full 0):
 garbage-first heap   total 196608K, used 67353K [0x0000000080000000, 0x0000000100000000)
  region size 1024K, 12 young (12288K), 12 survivors (12288K)
 Metaspace       used 82368K, capacity 84650K, committed 84860K, reserved 1122304K
  class space    used 10822K, capacity 11656K, committed 11776K, reserved 1048576K
}
Event: 20.108 GC heap before
{Heap before GC invocations=16 (full 0):
 garbage-first heap   total 196608K, used 160537K [0x0000000080000000, 0x0000000100000000)
  region size 1024K, 93 young (95232K), 12 survivors (12288K)
 Metaspace       used 85086K, capacity 87251K, committed 87420K, reserved 1124352K
  class space    used 11029K, capacity 11905K, committed 12032K, reserved 1048576K
}
Event: 20.135 GC heap after
{Heap after GC invocations=17 (full 0):
 garbage-first heap   total 196608K, used 88064K [0x0000000080000000, 0x0000000100000000)
  region size 1024K, 12 young (12288K), 12 survivors (12288K)
 Metaspace       used 85086K, capacity 87251K, committed 87420K, reserved 1124352K
  class space    used 11029K, capacity 11905K, committed 12032K, reserved 1048576K
}

Deoptimization events (20 events):
Event: 20.775 Thread 0x00000230e6e37800 DEOPT PACKING pc=0x00000230ca67840f sp=0x000000d3bbdf9d00
Event: 20.775 Thread 0x00000230e6e37800 DEOPT UNPACKING pc=0x00000230c8bfa95e sp=0x000000d3bbdf9278 mode 0
Event: 21.143 Thread 0x00000230e6e37800 DEOPT PACKING pc=0x00000230ca53fec0 sp=0x000000d3bbdfa100
Event: 21.143 Thread 0x00000230e6e37800 DEOPT UNPACKING pc=0x00000230c8bfa95e sp=0x000000d3bbdf9588 mode 0
Event: 21.160 Thread 0x00000230e6e37800 Uncommon trap: trap_request=0xffffffc6 fr.pc=0x00000230d0b7424c relative=0x00000000000008ac
Event: 21.160 Thread 0x00000230e6e37800 Uncommon trap: reason=bimorphic_or_optimized_type_check action=maybe_recompile pc=0x00000230d0b7424c method=com.google.common.collect.AbstractMapBasedMultimap$WrappedCollection.refreshIfEmpty()V @ 59 c2
Event: 21.160 Thread 0x00000230e6e37800 DEOPT PACKING pc=0x00000230d0b7424c sp=0x000000d3bbdfa230
Event: 21.160 Thread 0x00000230e6e37800 DEOPT UNPACKING pc=0x00000230c8bfa1af sp=0x000000d3bbdfa1d8 mode 2
Event: 21.160 Thread 0x00000230e6e37800 Uncommon trap: trap_request=0xffffffc6 fr.pc=0x00000230d0b7424c relative=0x00000000000008ac
Event: 21.160 Thread 0x00000230e6e37800 Uncommon trap: reason=bimorphic_or_optimized_type_check action=maybe_recompile pc=0x00000230d0b7424c method=com.google.common.collect.AbstractMapBasedMultimap$WrappedCollection.refreshIfEmpty()V @ 59 c2
Event: 21.160 Thread 0x00000230e6e37800 DEOPT PACKING pc=0x00000230d0b7424c sp=0x000000d3bbdfa260
Event: 21.160 Thread 0x00000230e6e37800 DEOPT UNPACKING pc=0x00000230c8bfa1af sp=0x000000d3bbdfa208 mode 2
Event: 21.162 Thread 0x00000230e6e37800 Uncommon trap: trap_request=0xffffffc6 fr.pc=0x00000230d0b7424c relative=0x00000000000008ac
Event: 21.162 Thread 0x00000230e6e37800 Uncommon trap: reason=bimorphic_or_optimized_type_check action=maybe_recompile pc=0x00000230d0b7424c method=com.google.common.collect.AbstractMapBasedMultimap$WrappedCollection.refreshIfEmpty()V @ 59 c2
Event: 21.162 Thread 0x00000230e6e37800 DEOPT PACKING pc=0x00000230d0b7424c sp=0x000000d3bbdfa1a0
Event: 21.162 Thread 0x00000230e6e37800 DEOPT UNPACKING pc=0x00000230c8bfa1af sp=0x000000d3bbdfa148 mode 2
Event: 21.162 Thread 0x00000230e6e37800 Uncommon trap: trap_request=0xffffffc6 fr.pc=0x00000230d0b7424c relative=0x00000000000008ac
Event: 21.162 Thread 0x00000230e6e37800 Uncommon trap: reason=bimorphic_or_optimized_type_check action=maybe_recompile pc=0x00000230d0b7424c method=com.google.common.collect.AbstractMapBasedMultimap$WrappedCollection.refreshIfEmpty()V @ 59 c2
Event: 21.162 Thread 0x00000230e6e37800 DEOPT PACKING pc=0x00000230d0b7424c sp=0x000000d3bbdfa160
Event: 21.162 Thread 0x00000230e6e37800 DEOPT UNPACKING pc=0x00000230c8bfa1af sp=0x000000d3bbdfa108 mode 2

Classes redefined (0 events):
No events

Internal exceptions (20 events):
Event: 13.667 Thread 0x00000230e2251800 Exception <a 'java/lang/NoSuchMethodError'{0x000000008b1407c0}: <clinit>> (0x000000008b1407c0) thrown at [./src/hotspot/share/prims/jni.cpp, line 1366]
Event: 13.671 Thread 0x00000230e2251800 Exception <a 'java/lang/NoSuchMethodError'{0x000000008b1a8820}: <clinit>> (0x000000008b1a8820) thrown at [./src/hotspot/share/prims/jni.cpp, line 1366]
Event: 13.671 Thread 0x00000230e2251800 Exception <a 'java/lang/NoSuchMethodError'{0x000000008b1a9d38}: <clinit>> (0x000000008b1a9d38) thrown at [./src/hotspot/share/prims/jni.cpp, line 1366]
Event: 13.713 Thread 0x00000230e6e32000 Exception <a 'java/lang/NoSuchMethodError'{0x000000008afe5510}: <clinit>> (0x000000008afe5510) thrown at [./src/hotspot/share/prims/jni.cpp, line 1366]
Event: 13.717 Thread 0x00000230e6e32000 Exception <a 'java/lang/NoSuchMethodError'{0x000000008affa008}: <clinit>> (0x000000008affa008) thrown at [./src/hotspot/share/prims/jni.cpp, line 1366]
Event: 13.729 Thread 0x00000230e6e32000 Exception <a 'java/lang/NoSuchMethodError'{0x000000008ae56278}: <clinit>> (0x000000008ae56278) thrown at [./src/hotspot/share/prims/jni.cpp, line 1366]
Event: 13.730 Thread 0x00000230e2251800 Exception <a 'java/lang/NoSuchMethodError'{0x000000008ae94d58}: <clinit>> (0x000000008ae94d58) thrown at [./src/hotspot/share/prims/jni.cpp, line 1366]
Event: 13.731 Thread 0x00000230e6e32000 Exception <a 'java/lang/NoSuchMethodError'{0x000000008ae604b0}: 'void java.lang.invoke.DirectMethodHandle$Holder.invokeSpecial(java.lang.Object, java.lang.Object, java.lang.Object, int)'> (0x000000008ae604b0) thrown at [./src/hotspot/share/interpreter/linkResolver.cpp, line 773]
Event: 13.755 Thread 0x00000230e6e37800 Exception <a 'java/lang/NoSuchMethodError'{0x000000008ad67388}: 'int java.lang.invoke.DirectMethodHandle$Holder.invokeSpecial(java.lang.Object, java.lang.Object, java.lang.Object, java.lang.Object, java.lang.Object)'> (0x000000008ad67388) thrown at [./src/hotspot/share/interpreter/linkResolver.cpp, line 773]
Event: 14.127 Thread 0x00000230e6e37800 Exception <a 'java/lang/NoSuchMethodError'{0x000000008a73e398}: 'void java.lang.invoke.DirectMethodHandle$Holder.invokeStatic(java.lang.Object, java.lang.Object, java.lang.Object, java.lang.Object, int, java.lang.Object, java.lang.Object)'> (0x000000008a73e398) thrown at [./src/hotspot/share/interpreter/linkResolver.cpp, line 773]
Event: 14.209 Thread 0x00000230e6045000 Exception <a 'java/lang/NoSuchMethodError'{0x000000008a17c4c8}: 'java.lang.Object java.lang.invoke.DirectMethodHandle$Holder.invokeSpecialIFC(java.lang.Object, java.lang.Object, java.lang.Object)'> (0x000000008a17c4c8) thrown at [./src/hotspot/share/interpreter/linkResolver.cpp, line 773]
Event: 14.209 Thread 0x00000230e268f000 Exception <a 'java/lang/NoSuchMethodError'{0x000000008a19b1a0}: 'java.lang.Object java.lang.invoke.DirectMethodHandle$Holder.invokeSpecialIFC(java.lang.Object, java.lang.Object, java.lang.Object)'> (0x000000008a19b1a0) thrown at [./src/hotspot/share/interpreter/linkResolver.cpp, line 773]
Event: 14.209 Thread 0x00000230e2688000 Exception <a 'java/lang/NoSuchMethodError'{0x000000008a1a2200}: 'java.lang.Object java.lang.invoke.DirectMethodHandle$Holder.invokeSpecialIFC(java.lang.Object, java.lang.Object, java.lang.Object)'> (0x000000008a1a2200) thrown at [./src/hotspot/share/interpreter/linkResolver.cpp, line 773]
Event: 14.209 Thread 0x00000230e6043000 Exception <a 'java/lang/NoSuchMethodError'{0x000000008a1696f0}: 'java.lang.Object java.lang.invoke.DirectMethodHandle$Holder.invokeSpecialIFC(java.lang.Object, java.lang.Object, java.lang.Object)'> (0x000000008a1696f0) thrown at [./src/hotspot/share/interpreter/linkResolver.cpp, line 773]
Event: 14.209 Thread 0x00000230e6045800 Exception <a 'java/lang/NoSuchMethodError'{0x000000008a18b928}: 'java.lang.Object java.lang.invoke.DirectMethodHandle$Holder.invokeSpecialIFC(java.lang.Object, java.lang.Object, java.lang.Object)'> (0x000000008a18b928) thrown at [./src/hotspot/share/interpreter/linkResolver.cpp, line 773]
Event: 14.209 Thread 0x00000230e6048000 Exception <a 'java/lang/NoSuchMethodError'{0x000000008a15b660}: 'java.lang.Object java.lang.invoke.DirectMethodHandle$Holder.invokeSpecialIFC(java.lang.Object, java.lang.Object, java.lang.Object)'> (0x000000008a15b660) thrown at [./src/hotspot/share/interpreter/linkResolver.cpp, line 773]
Event: 14.209 Thread 0x00000230e6046800 Exception <a 'java/lang/NoSuchMethodError'{0x000000008a141ea0}: 'java.lang.Object java.lang.invoke.DirectMethodHandle$Holder.invokeSpecialIFC(java.lang.Object, java.lang.Object, java.lang.Object)'> (0x000000008a141ea0) thrown at [./src/hotspot/share/interpreter/linkResolver.cpp, line 773]
Event: 14.209 Thread 0x00000230e6e37800 Exception <a 'java/lang/NoSuchMethodError'{0x000000008a2d2e80}: 'java.lang.Object java.lang.invoke.DirectMethodHandle$Holder.invokeSpecialIFC(java.lang.Object, java.lang.Object, java.lang.Object)'> (0x000000008a2d2e80) thrown at [./src/hotspot/share/interpreter/linkResolver.cpp, line 773]
Event: 15.359 Thread 0x00000230e6e37800 Exception <a 'java/lang/NoSuchMethodError'{0x0000000087108770}: 'void java.lang.invoke.DirectMethodHandle$Holder.invokeInterface(java.lang.Object, java.lang.Object, java.lang.Object, java.lang.Object)'> (0x0000000087108770) thrown at [./src/hotspot/share/interpreter/linkResolver.cpp, line 773]
Event: 15.420 Thread 0x00000230e6e37800 Exception <a 'java/lang/NoSuchMethodError'{0x0000000087058680}: 'void java.lang.invoke.DirectMethodHandle$Holder.invokeVirtual(java.lang.Object, java.lang.Object)'> (0x0000000087058680) thrown at [./src/hotspot/share/interpreter/linkResolver.cpp, line 773]

Events (20 events):
Event: 20.108 Executing VM operation: G1CollectForAllocation
Event: 20.135 Executing VM operation: G1CollectForAllocation done
Event: 20.456 Thread 0x00000230e6b28000 Thread exited: 0x00000230e6b28000
Event: 21.161 loading class org/gradle/internal/work/AsyncWorkTracker$ProjectLockRetention
Event: 21.161 loading class org/gradle/internal/work/AsyncWorkTracker$ProjectLockRetention done
Event: 21.165 loading class com/google/common/cache/LocalCache$EntrySet
Event: 21.165 loading class com/google/common/cache/LocalCache$EntrySet done
Event: 21.166 loading class com/google/common/cache/LocalCache$AbstractCacheSet
Event: 21.166 loading class com/google/common/cache/LocalCache$AbstractCacheSet done
Event: 21.168 loading class com/google/common/cache/LocalCache$EntryIterator
Event: 21.168 loading class com/google/common/cache/LocalCache$EntryIterator done
Event: 21.168 loading class com/google/common/cache/LocalCache$HashIterator
Event: 21.168 loading class com/google/common/cache/LocalCache$HashIterator done
Event: 21.169 loading class com/google/common/cache/LocalCache$WriteThroughEntry
Event: 21.169 loading class com/google/common/cache/LocalCache$WriteThroughEntry done
Event: 21.174 loading class com/android/ide/common/blame/MergingLogPersistUtil$SourcePositionsSerializer
Event: 21.174 loading class com/android/ide/common/blame/MergingLogPersistUtil$SourcePositionsSerializer done
Event: 21.175 loading class com/android/ide/common/blame/MergingLogPersistUtil$SourcePositionsSerializer$Kind
Event: 21.175 loading class com/android/ide/common/blame/MergingLogPersistUtil$SourcePositionsSerializer$Kind done
Event: 21.287 Thread 0x00000230e6b28000 Thread added: 0x00000230e6b28000


Dynamic libraries:
0x00007ff78c320000 - 0x00007ff78c32a000 	C:\Program Files\Android\Android Studio\jre\bin\java.exe
0x00007ffd9d640000 - 0x00007ffd9d849000 	C:\WINDOWS\SYSTEM32\ntdll.dll
0x00007ffd9bea0000 - 0x00007ffd9bf5e000 	C:\WINDOWS\System32\KERNEL32.DLL
0x00007ffd9ad80000 - 0x00007ffd9b0fb000 	C:\WINDOWS\System32\KERNELBASE.dll
0x00007ffd9b2e0000 - 0x00007ffd9b3f1000 	C:\WINDOWS\System32\ucrtbase.dll
0x00007ffd927b0000 - 0x00007ffd927c7000 	C:\Program Files\Android\Android Studio\jre\bin\VCRUNTIME140.dll
0x00007ffd92790000 - 0x00007ffd927a9000 	C:\Program Files\Android\Android Studio\jre\bin\jli.dll
0x00007ffd9bbe0000 - 0x00007ffd9bd8d000 	C:\WINDOWS\System32\USER32.dll
0x00007ffd9ab10000 - 0x00007ffd9ab36000 	C:\WINDOWS\System32\win32u.dll
0x00007ffd871e0000 - 0x00007ffd87485000 	C:\WINDOWS\WinSxS\amd64_microsoft.windows.common-controls_6595b64144ccf1df_6.0.22000.120_none_9d947278b86cc467\COMCTL32.dll
0x00007ffd9d1e0000 - 0x00007ffd9d283000 	C:\WINDOWS\System32\msvcrt.dll
0x00007ffd9be70000 - 0x00007ffd9be99000 	C:\WINDOWS\System32\GDI32.dll
0x00007ffd9ac60000 - 0x00007ffd9ad78000 	C:\WINDOWS\System32\gdi32full.dll
0x00007ffd9abc0000 - 0x00007ffd9ac5d000 	C:\WINDOWS\System32\msvcp_win.dll
0x00007ffd9bb00000 - 0x00007ffd9bb32000 	C:\WINDOWS\System32\IMM32.DLL
0x00007ffd91220000 - 0x00007ffd912bd000 	C:\Program Files\Android\Android Studio\jre\bin\msvcp140.dll
0x00007ffd40c60000 - 0x00007ffd41762000 	C:\Program Files\Android\Android Studio\jre\bin\server\jvm.dll
0x00007ffd9c7f0000 - 0x00007ffd9c89e000 	C:\WINDOWS\System32\ADVAPI32.dll
0x00007ffd9d450000 - 0x00007ffd9d4ee000 	C:\WINDOWS\System32\sechost.dll
0x00007ffd9b680000 - 0x00007ffd9b7a0000 	C:\WINDOWS\System32\RPCRT4.dll
0x00007ffd9c8a0000 - 0x00007ffd9c8a8000 	C:\WINDOWS\System32\PSAPI.DLL
0x00007ffd8a630000 - 0x00007ffd8a663000 	C:\WINDOWS\SYSTEM32\WINMM.dll
0x00007ffd850b0000 - 0x00007ffd850b9000 	C:\WINDOWS\SYSTEM32\WSOCK32.dll
0x00007ffd895c0000 - 0x00007ffd895ca000 	C:\WINDOWS\SYSTEM32\VERSION.dll
0x00007ffd9c720000 - 0x00007ffd9c78f000 	C:\WINDOWS\System32\WS2_32.dll
0x00007ffd99b50000 - 0x00007ffd99b68000 	C:\WINDOWS\SYSTEM32\kernel.appcore.dll
0x00007ffd96e90000 - 0x00007ffd96ea1000 	C:\Program Files\Android\Android Studio\jre\bin\verify.dll
0x00007ffd985c0000 - 0x00007ffd987e1000 	C:\WINDOWS\SYSTEM32\DBGHELP.DLL
0x00007ffd96340000 - 0x00007ffd96371000 	C:\WINDOWS\SYSTEM32\dbgcore.DLL
0x00007ffd9ab40000 - 0x00007ffd9abbf000 	C:\WINDOWS\System32\bcryptPrimitives.dll
0x00007ffd92330000 - 0x00007ffd92359000 	C:\Program Files\Android\Android Studio\jre\bin\java.dll
0x00007ffd96e70000 - 0x00007ffd96e7b000 	C:\Program Files\Android\Android Studio\jre\bin\jimage.dll
0x00007ffd958a0000 - 0x00007ffd958b8000 	C:\Program Files\Android\Android Studio\jre\bin\zip.dll
0x00007ffd9bf60000 - 0x00007ffd9c717000 	C:\WINDOWS\System32\SHELL32.dll
0x00007ffd98bc0000 - 0x00007ffd99425000 	C:\WINDOWS\SYSTEM32\windows.storage.dll
0x00007ffd9c970000 - 0x00007ffd9cce8000 	C:\WINDOWS\System32\combase.dll
0x00007ffd98a50000 - 0x00007ffd98bb6000 	C:\WINDOWS\SYSTEM32\wintypes.dll
0x00007ffd9ba10000 - 0x00007ffd9bafa000 	C:\WINDOWS\System32\SHCORE.dll
0x00007ffd9b920000 - 0x00007ffd9b97d000 	C:\WINDOWS\System32\shlwapi.dll
0x00007ffd9aa40000 - 0x00007ffd9aa61000 	C:\WINDOWS\SYSTEM32\profapi.dll
0x00007ffd92250000 - 0x00007ffd9226a000 	C:\Program Files\Android\Android Studio\jre\bin\net.dll
0x00007ffd8ae80000 - 0x00007ffd8af94000 	C:\WINDOWS\SYSTEM32\WINHTTP.dll
0x00007ffd99ff0000 - 0x00007ffd9a057000 	C:\WINDOWS\system32\mswsock.dll
0x00007ffd92230000 - 0x00007ffd92244000 	C:\Program Files\Android\Android Studio\jre\bin\nio.dll
0x00007ffd91140000 - 0x00007ffd91167000 	C:\Users\Padma\.gradle\native\e1d6ef7f7dcc3fd88c89a11ec53ec762bb8ba0a96d01ffa2cd45eb1d1d8dd5c5\windows-amd64\native-platform.dll
0x00007ffd6a390000 - 0x00007ffd6a4d4000 	C:\Users\Padma\.gradle\native\0d407fdbe67a94daf76414ababcb853783967236a71b16ec16e742cd7a986fd3\windows-amd64\native-platform-file-events.dll
0x00007ffd96580000 - 0x00007ffd9658a000 	C:\Program Files\Android\Android Studio\jre\bin\management.dll
0x00007ffd92690000 - 0x00007ffd9269d000 	C:\Program Files\Android\Android Studio\jre\bin\management_ext.dll
0x00007ffd9a270000 - 0x00007ffd9a288000 	C:\WINDOWS\SYSTEM32\CRYPTSP.dll
0x00007ffd99ab0000 - 0x00007ffd99ae5000 	C:\WINDOWS\system32\rsaenh.dll
0x00007ffd9a100000 - 0x00007ffd9a129000 	C:\WINDOWS\SYSTEM32\USERENV.dll
0x00007ffd9a400000 - 0x00007ffd9a427000 	C:\WINDOWS\SYSTEM32\bcrypt.dll
0x00007ffd9a290000 - 0x00007ffd9a29c000 	C:\WINDOWS\SYSTEM32\CRYPTBASE.dll
0x00007ffd99680000 - 0x00007ffd996ad000 	C:\WINDOWS\SYSTEM32\IPHLPAPI.DLL
0x00007ffd9bb40000 - 0x00007ffd9bb49000 	C:\WINDOWS\System32\NSI.dll
0x00007ffd8ad70000 - 0x00007ffd8ad89000 	C:\WINDOWS\SYSTEM32\dhcpcsvc6.DLL
0x00007ffd946f0000 - 0x00007ffd9470e000 	C:\WINDOWS\SYSTEM32\dhcpcsvc.DLL
0x00007ffd996b0000 - 0x00007ffd99798000 	C:\WINDOWS\SYSTEM32\DNSAPI.dll

dbghelp: loaded successfully - version: 4.0.5 - missing functions: none
symbol engine: initialized successfully - sym options: 0x614 - pdb path: .;C:\Program Files\Android\Android Studio\jre\bin;C:\WINDOWS\SYSTEM32;C:\WINDOWS\WinSxS\amd64_microsoft.windows.common-controls_6595b64144ccf1df_6.0.22000.120_none_9d947278b86cc467;C:\Program Files\Android\Android Studio\jre\bin\server;C:\Users\Padma\.gradle\native\e1d6ef7f7dcc3fd88c89a11ec53ec762bb8ba0a96d01ffa2cd45eb1d1d8dd5c5\windows-amd64;C:\Users\Padma\.gradle\native\0d407fdbe67a94daf76414ababcb853783967236a71b16ec16e742cd7a986fd3\windows-amd64

VM Arguments:
jvm_args: --add-opens=java.base/java.util=ALL-UNNAMED --add-opens=java.base/java.lang=ALL-UNNAMED --add-opens=java.base/java.lang.invoke=ALL-UNNAMED --add-opens=java.base/java.util=ALL-UNNAMED --add-opens=java.prefs/java.util.prefs=ALL-UNNAMED --add-opens=java.prefs/java.util.prefs=ALL-UNNAMED --add-opens=java.base/java.nio.charset=ALL-UNNAMED --add-opens=java.base/java.net=ALL-UNNAMED --add-opens=java.base/java.util.concurrent.atomic=ALL-UNNAMED -Xmx2048m -Dfile.encoding=UTF-8 -Duser.country=CA -Duser.language=en -Duser.variant 
java_command: org.gradle.launcher.daemon.bootstrap.GradleDaemon 7.4
java_class_path (initial): C:\Users\Padma\.gradle\wrapper\dists\gradle-7.4-bin\c0gwcg53nkjbqw7r0h0umtfvt\gradle-7.4\lib\gradle-launcher-7.4.jar
Launcher Type: SUN_STANDARD

[Global flags]
     intx CICompilerCount                          = 4                                         {product} {ergonomic}
     uint ConcGCThreads                            = 2                                         {product} {ergonomic}
     uint G1ConcRefinementThreads                  = 8                                         {product} {ergonomic}
   size_t G1HeapRegionSize                         = 1048576                                   {product} {ergonomic}
    uintx GCDrainStackTargetSize                   = 64                                        {product} {ergonomic}
   size_t InitialHeapSize                          = 201326592                                 {product} {ergonomic}
   size_t MarkStackSize                            = 4194304                                   {product} {ergonomic}
   size_t MaxHeapSize                              = 2147483648                                {product} {command line}
   size_t MaxNewSize                               = 1287651328                                {product} {ergonomic}
   size_t MinHeapDeltaBytes                        = 1048576                                   {product} {ergonomic}
    uintx NonNMethodCodeHeapSize                   = 5836300                                {pd product} {ergonomic}
    uintx NonProfiledCodeHeapSize                  = 122910970                              {pd product} {ergonomic}
    uintx ProfiledCodeHeapSize                     = 122910970                              {pd product} {ergonomic}
    uintx ReservedCodeCacheSize                    = 251658240                              {pd product} {ergonomic}
     bool SegmentedCodeCache                       = true                                      {product} {ergonomic}
     bool UseCompressedClassPointers               = true                                 {lp64_product} {ergonomic}
     bool UseCompressedOops                        = true                                 {lp64_product} {ergonomic}
     bool UseG1GC                                  = true                                      {product} {ergonomic}
     bool UseLargePagesIndividualAllocation        = false                                  {pd product} {ergonomic}

Logging:
Log output configuration:
 #0: stdout all=warning uptime,level,tags
 #1: stderr all=off uptime,level,tags

Environment Variables:
JAVA_HOME=C:\Program Files\Amazon Corretto\jdk11.0.15_9
PATH=C:\Program Files\Common Files\Oracle\Java\javapath;E:\app\Padma\product\12.1.0\dbhome_1\bin;C:\Program Files (x86)\VMware\VMware Workstation\bin\;C:\Program Files\Amazon Corretto\jdk11.0.15_9\bin;C:\Program Files (x86)\Python38-32\Scripts\;C:\Program Files (x86)\Python38-32\;C:\WINDOWS\system32;C:\WINDOWS;C:\WINDOWS\System32\Wbem;C:\WINDOWS\System32\WindowsPowerShell\v1.0\;C:\WINDOWS\System32\OpenSSH\;C:\Program Files\Intel\WiFi\bin\;C:\Program Files\Common Files\Intel\WirelessCommon\;C:\Program Files (x86)\Intel\Intel(R) Management Engine Components\DAL;C:\Program Files\Intel\Intel(R) Management Engine Components\DAL;C:\Program Files\dotnet\;C:\Program Files\Microsoft SQL Server\Client SDK\ODBC\170\Tools\Binn\;C:\Program Files (x86)\Microsoft SQL Server\150\Tools\Binn\;C:\Program Files\Microsoft SQL Server\150\Tools\Binn\;C:\Program Files\Microsoft SQL Server\150\DTS\Binn\;C:\Program Files\Azure Data Studio\bin;C:\Program Files (x86)\Microsoft SQL Server\150\DTS\Binn\;C:\Program Files\Git\cmd;C:\Program Files\MySQL\MySQL Shell 8.0\bin\;C:\Users\Padma\AppData\Local\Microsoft\WindowsApps;C:\Users\Padma\AppData\Local\Programs\Microsoft VS Code\bin;C:\Program Files\Azure Data Studio\bin;
USERNAME=Padma
OS=Windows_NT
PROCESSOR_IDENTIFIER=Intel64 Family 6 Model 142 Stepping 10, GenuineIntel



---------------  S Y S T E M  ---------------

OS: Windows 11 , 64 bit Build 22000 (10.0.22000.1335)
OS uptime: 1 days 0:08 hours
Hyper-V role detected

CPU:total 8 (initial active 8) (4 cores per cpu, 2 threads per core) family 6 model 142 stepping 10 microcode 0xf0, cmov, cx8, fxsr, mmx, sse, sse2, sse3, ssse3, sse4.1, sse4.2, popcnt, avx, avx2, aes, clmul, erms, 3dnowpref, lzcnt, ht, tsc, tscinvbit, bmi1, bmi2, adx, fma

Memory: 4k page, system-wide physical 12185M (2443M free)
TotalPageFile size 16283M (AvailPageFile size 4M)
current process WorkingSet (physical memory assigned to process): 447M, peak: 465M
current process commit charge ("private bytes"): 487M, peak: 505M

vm_info: OpenJDK 64-Bit Server VM (11.0.13+0-b1751.21-8125866) for windows-amd64 JRE (11.0.13+0-b1751.21-8125866), built on Feb  2 2022 03:00:22 by "builder" with MS VC++ 14.0 (VS2015)

END.
