#
# There is insufficient memory for the Java Runtime Environment to continue.
# Native memory allocation (malloc) failed to allocate 1060976 bytes for Chunk::new
# Possible reasons:
#   The system is out of physical RAM or swap space
#   The process is running with CompressedOops enabled, and the Java Heap may be blocking the growth of the native heap
# Possible solutions:
#   Reduce memory load on the system
#   Increase physical memory or swap space
#   Check if swap backing store is full
#   Decrease Java heap size (-Xmx/-Xms)
#   Decrease number of Java threads
#   Decrease Java thread stack sizes (-Xss)
#   Set larger code cache with -XX:ReservedCodeCacheSize=
#   JVM is running with Unscaled Compressed Oops mode in which the Java heap is
#     placed in the first 4GB address space. The Java Heap base address is the
#     maximum limit for the native heap growth. Please use -XX:HeapBaseMinAddress
#     to set the Java Heap base and to place the Java Heap above 4GB virtual address.
# This output file may be truncated or incomplete.
#
#  Out of Memory Error (./src/hotspot/share/memory/arena.cpp:197), pid=13792, tid=3880
#
# JRE version: OpenJDK Runtime Environment (11.0.13) (build 11.0.13+0-b1751.21-8125866)
# Java VM: OpenJDK 64-Bit Server VM (11.0.13+0-b1751.21-8125866, mixed mode, tiered, compressed oops, g1 gc, windows-amd64)
# No core dump will be written. Minidumps are not enabled by default on client versions of Windows
#

---------------  S U M M A R Y ------------

Command Line: --add-opens=java.base/java.util=ALL-UNNAMED --add-opens=java.base/java.lang=ALL-UNNAMED --add-opens=java.base/java.lang.invoke=ALL-UNNAMED --add-opens=java.base/java.util=ALL-UNNAMED --add-opens=java.prefs/java.util.prefs=ALL-UNNAMED --add-opens=java.prefs/java.util.prefs=ALL-UNNAMED --add-opens=java.base/java.nio.charset=ALL-UNNAMED --add-opens=java.base/java.net=ALL-UNNAMED --add-opens=java.base/java.util.concurrent.atomic=ALL-UNNAMED -Xmx2048m -Dfile.encoding=UTF-8 -Duser.country=CA -Duser.language=en -Duser.variant org.gradle.launcher.daemon.bootstrap.GradleDaemon 7.4

Host: Intel(R) Core(TM) i7-8550U CPU @ 1.80GHz, 8 cores, 11G,  Windows 11 , 64 bit Build 22000 (10.0.22000.1335)
Time: Thu Jan 12 22:04:41 2023 Eastern Standard Time elapsed time: 33.309125 seconds (0d 0h 0m 33s)

---------------  T H R E A D  ---------------

Current thread (0x000002dfb5074000):  JavaThread "C2 CompilerThread2" daemon [_thread_in_native, id=3880, stack(0x000000e682200000,0x000000e682300000)]


Current CompileTask:
C2:  33309 9897       4       com.google.common.collect.LinkedListMultimap$DistinctKeyIterator::next (81 bytes)

Stack: [0x000000e682200000,0x000000e682300000]
Native frames: (J=compiled Java code, j=interpreted, Vv=VM code, C=native code)
V  [jvm.dll+0x6100fa]
V  [jvm.dll+0x747090]
V  [jvm.dll+0x7486ad]
V  [jvm.dll+0x748d83]
V  [jvm.dll+0x24ab48]
V  [jvm.dll+0xc04dc]
V  [jvm.dll+0xc0a0c]
V  [jvm.dll+0x35eb9d]
V  [jvm.dll+0x19d7bc]
V  [jvm.dll+0x2033be]
V  [jvm.dll+0x202437]
V  [jvm.dll+0x188e01]
V  [jvm.dll+0x21106b]
V  [jvm.dll+0x20f8c1]
V  [jvm.dll+0x70de0f]
V  [jvm.dll+0x706a75]
V  [jvm.dll+0x60ed66]
C  [ucrtbase.dll+0x26c0c]
C  [KERNEL32.DLL+0x155a0]
C  [ntdll.dll+0x485b]


---------------  P R O C E S S  ---------------

Threads class SMR info:
_java_thread_list=0x000002dfb49083f0, length=134, elements={
0x000002df927c3800, 0x000002dfaec3e800, 0x000002dfaf449800, 0x000002dfaf4a3800,
0x000002dfaf4a6800, 0x000002dfaf4a8000, 0x000002dfaf4b1000, 0x000002dfaf4b2800,
0x000002dfaf4b4000, 0x000002dfaf633800, 0x000002dfb18c0000, 0x000002dfb01be000,
0x000002dfaf839000, 0x000002dfb110e800, 0x000002dfb1618000, 0x000002dfb0884000,
0x000002dfb1342800, 0x000002dfb1605800, 0x000002dfb1ab4000, 0x000002dfb1e8c800,
0x000002dfb177a800, 0x000002dfb1779800, 0x000002dfb177b000, 0x000002dfb1779000,
0x000002dfb2d10000, 0x000002dfb2d0b000, 0x000002dfb2d0a000, 0x000002dfb2d11800,
0x000002dfb2d0b800, 0x000002dfb2d0f000, 0x000002dfb2d10800, 0x000002dfb2d0d800,
0x000002dfb2d14000, 0x000002dfb2d0e000, 0x000002dfb2d15800, 0x000002dfb2d17000,
0x000002dfb2d16800, 0x000002dfb2d14800, 0x000002dfb2d18800, 0x000002dfb6a60000,
0x000002dfb6a61800, 0x000002dfb6a62800, 0x000002dfb6a63000, 0x000002dfb6a64000,
0x000002dfb6a5f000, 0x000002dfb6a65800, 0x000002dfb6a65000, 0x000002dfb6a66800,
0x000002dfb6a60800, 0x000002dfb6a6d000, 0x000002dfb6a69000, 0x000002dfb6a69800,
0x000002dfb6a68000, 0x000002dfb6a6a800, 0x000002dfb6a67800, 0x000002dfb6a6b800,
0x000002dfb6a6e000, 0x000002dfb6a6c000, 0x000002dfb5d21800, 0x000002dfb5d22800,
0x000002dfb5d21000, 0x000002dfb5d20000, 0x000002dfb5d25000, 0x000002dfb5d23800,
0x000002dfb5d24000, 0x000002dfb5d1f000, 0x000002dfb5d25800, 0x000002dfafadb000,
0x000002dfafade800, 0x000002dfafae1000, 0x000002dfafae1800, 0x000002dfafae0000,
0x000002dfafadc800, 0x000002dfafadc000, 0x000002dfafae2800, 0x000002dfafae3000,
0x000002dfafadf000, 0x000002dfafadd800, 0x000002dfafae4000, 0x000002dfafae9800,
0x000002dfafae5800, 0x000002dfafae5000, 0x000002dfafae7800, 0x000002dfafae8000,
0x000002dfafae9000, 0x000002dfafae6800, 0x000002dfb31c0000, 0x000002dfb31c0800,
0x000002dfb31bd800, 0x000002dfb31be000, 0x000002dfb31bf000, 0x000002dfb31c1800,
0x000002dfb31c2800, 0x000002dfb31bc800, 0x000002dfb31c4800, 0x000002dfb31c3000,
0x000002dfb31c9000, 0x000002dfb31c4000, 0x000002dfb31c9800, 0x000002dfb31c6800,
0x000002dfb31c5800, 0x000002dfb31ca800, 0x000002dfb31c7000, 0x000002dfb31c8000,
0x000002dfb31cb800, 0x000002dfb2f55000, 0x000002dfb2f56000, 0x000002dfb2f57000,
0x000002dfb2f5c800, 0x000002dfb2f59800, 0x000002dfb2f5b000, 0x000002dfb2f57800,
0x000002dfb2f5d800, 0x000002dfb2f5e000, 0x000002dfb2f5a000, 0x000002dfb2f5b800,
0x000002dfb2f58800, 0x000002dfb2f60000, 0x000002dfb2f61800, 0x000002dfb2f62000,
0x000002dfb2f5f000, 0x000002dfb2f60800, 0x000002dfb2f64000, 0x000002dfb0c1b000,
0x000002dfb0c1a800, 0x000002dfb0c16800, 0x000002dfb0c17000, 0x000002dfb0c19000,
0x000002dfb0c18000, 0x000002dfb0c19800, 0x000002dfb0c15800, 0x000002dfb0c21000,
0x000002dfb1be7800, 0x000002dfb5074000
}

Java Threads: ( => current thread )
  0x000002df927c3800 JavaThread "main" [_thread_blocked, id=9512, stack(0x000000e6f8c00000,0x000000e6f8d00000)]
  0x000002dfaec3e800 JavaThread "Reference Handler" daemon [_thread_blocked, id=1752, stack(0x000000e6f9300000,0x000000e6f9400000)]
  0x000002dfaf449800 JavaThread "Finalizer" daemon [_thread_blocked, id=8296, stack(0x000000e6f9400000,0x000000e6f9500000)]
  0x000002dfaf4a3800 JavaThread "Signal Dispatcher" daemon [_thread_blocked, id=5668, stack(0x000000e6f9500000,0x000000e6f9600000)]
  0x000002dfaf4a6800 JavaThread "Attach Listener" daemon [_thread_blocked, id=16340, stack(0x000000e6f9600000,0x000000e6f9700000)]
  0x000002dfaf4a8000 JavaThread "Service Thread" daemon [_thread_blocked, id=4008, stack(0x000000e6f9700000,0x000000e6f9800000)]
  0x000002dfaf4b1000 JavaThread "C2 CompilerThread0" daemon [_thread_in_native, id=9792, stack(0x000000e6f9800000,0x000000e6f9900000)]
  0x000002dfaf4b2800 JavaThread "C1 CompilerThread0" daemon [_thread_blocked, id=12652, stack(0x000000e6f9900000,0x000000e6f9a00000)]
  0x000002dfaf4b4000 JavaThread "Sweeper thread" daemon [_thread_blocked, id=16576, stack(0x000000e6f9a00000,0x000000e6f9b00000)]
  0x000002dfaf633800 JavaThread "Common-Cleaner" daemon [_thread_blocked, id=13300, stack(0x000000e6f9b00000,0x000000e6f9c00000)]
  0x000002dfb18c0000 JavaThread "Daemon health stats" [_thread_blocked, id=17648, stack(0x000000e6fa200000,0x000000e6fa300000)]
  0x000002dfb01be000 JavaThread "Incoming local TCP Connector on port 51157" [_thread_in_native, id=18520, stack(0x000000e6f9d00000,0x000000e6f9e00000)]
  0x000002dfaf839000 JavaThread "Daemon periodic checks" [_thread_blocked, id=7568, stack(0x000000e6f9e00000,0x000000e6f9f00000)]
  0x000002dfb110e800 JavaThread "Daemon" [_thread_blocked, id=14556, stack(0x000000e6fa300000,0x000000e6fa400000)]
  0x000002dfb1618000 JavaThread "Handler for socket connection from /127.0.0.1:51157 to /127.0.0.1:51158" [_thread_in_native, id=17840, stack(0x000000e6fa400000,0x000000e6fa500000)]
  0x000002dfb0884000 JavaThread "Cancel handler" [_thread_blocked, id=18568, stack(0x000000e6fa500000,0x000000e6fa600000)]
  0x000002dfb1342800 JavaThread "Daemon worker" [_thread_blocked, id=9968, stack(0x000000e6fa600000,0x000000e6fa700000)]
  0x000002dfb1605800 JavaThread "Asynchronous log dispatcher for DefaultDaemonConnection: socket connection from /127.0.0.1:51157 to /127.0.0.1:51158" [_thread_blocked, id=16408, stack(0x000000e6fa700000,0x000000e6fa800000)]
  0x000002dfb1ab4000 JavaThread "Stdin handler" [_thread_blocked, id=1652, stack(0x000000e6fa800000,0x000000e6fa900000)]
  0x000002dfb1e8c800 JavaThread "Daemon client event forwarder" [_thread_blocked, id=13588, stack(0x000000e6fa900000,0x000000e6faa00000)]
  0x000002dfb177a800 JavaThread "Cache worker for journal cache (C:\Users\Padma\.gradle\caches\journal-1)" [_thread_blocked, id=13460, stack(0x000000e6faa00000,0x000000e6fab00000)]
  0x000002dfb1779800 JavaThread "File lock request listener" [_thread_in_native, id=12700, stack(0x000000e6fab00000,0x000000e6fac00000)]
  0x000002dfb177b000 JavaThread "Cache worker for file hash cache (C:\Users\Padma\.gradle\caches\7.4\fileHashes)" [_thread_blocked, id=17116, stack(0x000000e6fac00000,0x000000e6fad00000)]
  0x000002dfb1779000 JavaThread "File watcher server" daemon [_thread_in_native, id=8060, stack(0x000000e6fb400000,0x000000e6fb500000)]
  0x000002dfb2d10000 JavaThread "File watcher consumer" daemon [_thread_blocked, id=6924, stack(0x000000e6fb500000,0x000000e6fb600000)]
  0x000002dfb2d0b000 JavaThread "Cache worker for checksums cache (C:\Users\Padma\AndroidStudioProjects\PadmasAndroidLabs\.gradle\7.4\checksums)" [_thread_blocked, id=12720, stack(0x000000e6fb600000,0x000000e6fb700000)]
  0x000002dfb2d0a000 JavaThread "Cache worker for cache directory md-rule (C:\Users\Padma\.gradle\caches\7.4\md-rule)" [_thread_blocked, id=4220, stack(0x000000e6fb700000,0x000000e6fb800000)]
  0x000002dfb2d11800 JavaThread "Cache worker for file hash cache (C:\Users\Padma\AndroidStudioProjects\PadmasAndroidLabs\.gradle\7.4\fileHashes)" [_thread_blocked, id=19092, stack(0x000000e6fb800000,0x000000e6fb900000)]
  0x000002dfb2d0b800 JavaThread "Cache worker for cache directory md-supplier (C:\Users\Padma\.gradle\caches\7.4\md-supplier)" [_thread_blocked, id=14812, stack(0x000000e6fb900000,0x000000e6fba00000)]
  0x000002dfb2d0f000 JavaThread "Cache worker for execution history cache (C:\Users\Padma\.gradle\caches\7.4\executionHistory)" [_thread_blocked, id=12352, stack(0x000000e6fba00000,0x000000e6fbb00000)]
  0x000002dfb2d10800 JavaThread "jar transforms" [_thread_blocked, id=2700, stack(0x000000e6fbb00000,0x000000e6fbc00000)]
  0x000002dfb2d0d800 JavaThread "Cache worker for file content cache (C:\Users\Padma\.gradle\caches\7.4\fileContent)" [_thread_blocked, id=17104, stack(0x000000e6fbc00000,0x000000e6fbd00000)]
  0x000002dfb2d14000 JavaThread "jar transforms Thread 2" [_thread_blocked, id=5760, stack(0x000000e6fbd00000,0x000000e6fbe00000)]
  0x000002dfb2d0e000 JavaThread "Cache worker for dependencies-accessors (C:\Users\Padma\AndroidStudioProjects\PadmasAndroidLabs\.gradle\7.4\dependencies-accessors)" [_thread_blocked, id=19424, stack(0x000000e6fbe00000,0x000000e6fbf00000)]
  0x000002dfb2d15800 JavaThread "jar transforms Thread 3" [_thread_blocked, id=9664, stack(0x000000e6fbf00000,0x000000e6fc000000)]
  0x000002dfb2d17000 JavaThread "Cache worker for Build Output Cleanup Cache (C:\Users\Padma\AndroidStudioProjects\PadmasAndroidLabs\.gradle\buildOutputCleanup)" [_thread_blocked, id=9632, stack(0x000000e6fc000000,0x000000e6fc100000)]
  0x000002dfb2d16800 JavaThread "Unconstrained build operations" [_thread_blocked, id=3044, stack(0x000000e6fc100000,0x000000e6fc200000)]
  0x000002dfb2d14800 JavaThread "Unconstrained build operations Thread 2" [_thread_blocked, id=18944, stack(0x000000e6fc200000,0x000000e6fc300000)]
  0x000002dfb2d18800 JavaThread "Unconstrained build operations Thread 3" [_thread_blocked, id=7604, stack(0x000000e6fc300000,0x000000e6fc400000)]
  0x000002dfb6a60000 JavaThread "Unconstrained build operations Thread 4" [_thread_blocked, id=10736, stack(0x000000e6fc400000,0x000000e6fc500000)]
  0x000002dfb6a61800 JavaThread "Unconstrained build operations Thread 5" [_thread_blocked, id=10312, stack(0x000000e6fc500000,0x000000e6fc600000)]
  0x000002dfb6a62800 JavaThread "Unconstrained build operations Thread 6" [_thread_blocked, id=5460, stack(0x000000e6fc600000,0x000000e6fc700000)]
  0x000002dfb6a63000 JavaThread "Unconstrained build operations Thread 7" [_thread_blocked, id=556, stack(0x000000e6fc700000,0x000000e6fc800000)]
  0x000002dfb6a64000 JavaThread "Unconstrained build operations Thread 8" [_thread_blocked, id=11632, stack(0x000000e6fc800000,0x000000e6fc900000)]
  0x000002dfb6a5f000 JavaThread "Unconstrained build operations Thread 9" [_thread_blocked, id=17788, stack(0x000000e6fc900000,0x000000e6fca00000)]
  0x000002dfb6a65800 JavaThread "Unconstrained build operations Thread 10" [_thread_blocked, id=18184, stack(0x000000e6fca00000,0x000000e6fcb00000)]
  0x000002dfb6a65000 JavaThread "Unconstrained build operations Thread 11" [_thread_blocked, id=2216, stack(0x000000e6fcb00000,0x000000e6fcc00000)]
  0x000002dfb6a66800 JavaThread "Unconstrained build operations Thread 12" [_thread_blocked, id=13256, stack(0x000000e6fcc00000,0x000000e6fcd00000)]
  0x000002dfb6a60800 JavaThread "Unconstrained build operations Thread 13" [_thread_blocked, id=17392, stack(0x000000e6fcd00000,0x000000e6fce00000)]
  0x000002dfb6a6d000 JavaThread "Unconstrained build operations Thread 14" [_thread_blocked, id=1920, stack(0x000000e6fce00000,0x000000e6fcf00000)]
  0x000002dfb6a69000 JavaThread "Unconstrained build operations Thread 15" [_thread_blocked, id=11732, stack(0x000000e6fcf00000,0x000000e6fd000000)]
  0x000002dfb6a69800 JavaThread "Unconstrained build operations Thread 16" [_thread_blocked, id=9088, stack(0x000000e6fd000000,0x000000e6fd100000)]
  0x000002dfb6a68000 JavaThread "Unconstrained build operations Thread 17" [_thread_blocked, id=14360, stack(0x000000e6fd100000,0x000000e6fd200000)]
  0x000002dfb6a6a800 JavaThread "Unconstrained build operations Thread 18" [_thread_blocked, id=1964, stack(0x000000e6fd200000,0x000000e6fd300000)]
  0x000002dfb6a67800 JavaThread "Unconstrained build operations Thread 19" [_thread_blocked, id=14096, stack(0x000000e6fd300000,0x000000e6fd400000)]
  0x000002dfb6a6b800 JavaThread "Unconstrained build operations Thread 20" [_thread_blocked, id=5104, stack(0x000000e6fd400000,0x000000e6fd500000)]
  0x000002dfb6a6e000 JavaThread "Unconstrained build operations Thread 21" [_thread_blocked, id=13756, stack(0x000000e6fd500000,0x000000e6fd600000)]
  0x000002dfb6a6c000 JavaThread "Unconstrained build operations Thread 22" [_thread_blocked, id=19372, stack(0x000000e6fd600000,0x000000e6fd700000)]
  0x000002dfb5d21800 JavaThread "Unconstrained build operations Thread 23" [_thread_blocked, id=11720, stack(0x000000e6fd700000,0x000000e6fd800000)]
  0x000002dfb5d22800 JavaThread "Unconstrained build operations Thread 24" [_thread_blocked, id=15428, stack(0x000000e6fd800000,0x000000e6fd900000)]
  0x000002dfb5d21000 JavaThread "Unconstrained build operations Thread 25" [_thread_blocked, id=3348, stack(0x000000e6fd900000,0x000000e6fda00000)]
  0x000002dfb5d20000 JavaThread "Unconstrained build operations Thread 26" [_thread_blocked, id=492, stack(0x000000e6fda00000,0x000000e6fdb00000)]
  0x000002dfb5d25000 JavaThread "Unconstrained build operations Thread 27" [_thread_blocked, id=5328, stack(0x000000e6fdb00000,0x000000e6fdc00000)]
  0x000002dfb5d23800 JavaThread "Unconstrained build operations Thread 28" [_thread_blocked, id=5584, stack(0x000000e6fdc00000,0x000000e6fdd00000)]
  0x000002dfb5d24000 JavaThread "Unconstrained build operations Thread 29" [_thread_blocked, id=2776, stack(0x000000e6fdd00000,0x000000e6fde00000)]
  0x000002dfb5d1f000 JavaThread "Unconstrained build operations Thread 30" [_thread_blocked, id=4604, stack(0x000000e6fde00000,0x000000e6fdf00000)]
  0x000002dfb5d25800 JavaThread "Unconstrained build operations Thread 31" [_thread_blocked, id=13212, stack(0x000000e6fdf00000,0x000000e6fe000000)]
  0x000002dfafadb000 JavaThread "Unconstrained build operations Thread 32" [_thread_blocked, id=3912, stack(0x000000e6fe000000,0x000000e6fe100000)]
  0x000002dfafade800 JavaThread "Unconstrained build operations Thread 33" [_thread_blocked, id=12952, stack(0x000000e6fe100000,0x000000e6fe200000)]
  0x000002dfafae1000 JavaThread "Unconstrained build operations Thread 34" [_thread_blocked, id=7936, stack(0x000000e6fe200000,0x000000e6fe300000)]
  0x000002dfafae1800 JavaThread "Unconstrained build operations Thread 35" [_thread_blocked, id=2560, stack(0x000000e6fe300000,0x000000e6fe400000)]
  0x000002dfafae0000 JavaThread "Unconstrained build operations Thread 36" [_thread_blocked, id=8492, stack(0x000000e6fe400000,0x000000e6fe500000)]
  0x000002dfafadc800 JavaThread "Unconstrained build operations Thread 37" [_thread_blocked, id=1720, stack(0x000000e6fe500000,0x000000e6fe600000)]
  0x000002dfafadc000 JavaThread "Unconstrained build operations Thread 38" [_thread_blocked, id=8752, stack(0x000000e6fe600000,0x000000e6fe700000)]
  0x000002dfafae2800 JavaThread "Unconstrained build operations Thread 39" [_thread_blocked, id=11496, stack(0x000000e6fe700000,0x000000e6fe800000)]
  0x000002dfafae3000 JavaThread "Unconstrained build operations Thread 40" [_thread_blocked, id=15940, stack(0x000000e6fe800000,0x000000e6fe900000)]
  0x000002dfafadf000 JavaThread "Unconstrained build operations Thread 41" [_thread_blocked, id=15924, stack(0x000000e6fe900000,0x000000e6fea00000)]
  0x000002dfafadd800 JavaThread "Unconstrained build operations Thread 42" [_thread_blocked, id=17276, stack(0x000000e6fea00000,0x000000e6feb00000)]
  0x000002dfafae4000 JavaThread "Unconstrained build operations Thread 43" [_thread_blocked, id=9708, stack(0x000000e6feb00000,0x000000e6fec00000)]
  0x000002dfafae9800 JavaThread "Unconstrained build operations Thread 44" [_thread_blocked, id=2492, stack(0x000000e6fec00000,0x000000e6fed00000)]
  0x000002dfafae5800 JavaThread "Unconstrained build operations Thread 45" [_thread_blocked, id=12768, stack(0x000000e6fed00000,0x000000e6fee00000)]
  0x000002dfafae5000 JavaThread "Unconstrained build operations Thread 46" [_thread_blocked, id=9844, stack(0x000000e6fee00000,0x000000e6fef00000)]
  0x000002dfafae7800 JavaThread "Unconstrained build operations Thread 47" [_thread_blocked, id=16708, stack(0x000000e6fef00000,0x000000e6ff000000)]
  0x000002dfafae8000 JavaThread "Unconstrained build operations Thread 48" [_thread_blocked, id=12368, stack(0x000000e6ff000000,0x000000e6ff100000)]
  0x000002dfafae9000 JavaThread "Unconstrained build operations Thread 49" [_thread_blocked, id=18896, stack(0x000000e6ff100000,0x000000e6ff200000)]
  0x000002dfafae6800 JavaThread "Unconstrained build operations Thread 50" [_thread_blocked, id=17504, stack(0x000000e6ff200000,0x000000e6ff300000)]
  0x000002dfb31c0000 JavaThread "Unconstrained build operations Thread 51" [_thread_blocked, id=16724, stack(0x000000e6ff300000,0x000000e6ff400000)]
  0x000002dfb31c0800 JavaThread "Unconstrained build operations Thread 52" [_thread_blocked, id=10592, stack(0x000000e6ff400000,0x000000e6ff500000)]
  0x000002dfb31bd800 JavaThread "Unconstrained build operations Thread 53" [_thread_blocked, id=19072, stack(0x000000e6ff500000,0x000000e6ff600000)]
  0x000002dfb31be000 JavaThread "Unconstrained build operations Thread 54" [_thread_blocked, id=16132, stack(0x000000e6ff600000,0x000000e6ff700000)]
  0x000002dfb31bf000 JavaThread "Unconstrained build operations Thread 55" [_thread_blocked, id=11668, stack(0x000000e6ff700000,0x000000e6ff800000)]
  0x000002dfb31c1800 JavaThread "Unconstrained build operations Thread 56" [_thread_blocked, id=18560, stack(0x000000e6ff800000,0x000000e6ff900000)]
  0x000002dfb31c2800 JavaThread "Unconstrained build operations Thread 57" [_thread_blocked, id=12184, stack(0x000000e6ff900000,0x000000e6ffa00000)]
  0x000002dfb31bc800 JavaThread "Unconstrained build operations Thread 58" [_thread_blocked, id=14728, stack(0x000000e6ffa00000,0x000000e6ffb00000)]
  0x000002dfb31c4800 JavaThread "Unconstrained build operations Thread 59" [_thread_blocked, id=14716, stack(0x000000e6ffb00000,0x000000e6ffc00000)]
  0x000002dfb31c3000 JavaThread "Unconstrained build operations Thread 60" [_thread_blocked, id=7356, stack(0x000000e6ffc00000,0x000000e6ffd00000)]
  0x000002dfb31c9000 JavaThread "Unconstrained build operations Thread 61" [_thread_blocked, id=2136, stack(0x000000e6ffd00000,0x000000e6ffe00000)]
  0x000002dfb31c4000 JavaThread "Unconstrained build operations Thread 62" [_thread_blocked, id=1912, stack(0x000000e6ffe00000,0x000000e6fff00000)]
  0x000002dfb31c9800 JavaThread "Unconstrained build operations Thread 63" [_thread_blocked, id=18576, stack(0x000000e6fff00000,0x000000e700000000)]
  0x000002dfb31c6800 JavaThread "Unconstrained build operations Thread 64" [_thread_blocked, id=18756, stack(0x000000e680000000,0x000000e680100000)]
  0x000002dfb31c5800 JavaThread "Unconstrained build operations Thread 65" [_thread_blocked, id=11492, stack(0x000000e680100000,0x000000e680200000)]
  0x000002dfb31ca800 JavaThread "Unconstrained build operations Thread 66" [_thread_blocked, id=1160, stack(0x000000e680200000,0x000000e680300000)]
  0x000002dfb31c7000 JavaThread "Unconstrained build operations Thread 67" [_thread_blocked, id=15064, stack(0x000000e680300000,0x000000e680400000)]
  0x000002dfb31c8000 JavaThread "Unconstrained build operations Thread 68" [_thread_blocked, id=17608, stack(0x000000e680400000,0x000000e680500000)]
  0x000002dfb31cb800 JavaThread "Unconstrained build operations Thread 69" [_thread_blocked, id=13236, stack(0x000000e680500000,0x000000e680600000)]
  0x000002dfb2f55000 JavaThread "Unconstrained build operations Thread 70" [_thread_blocked, id=13088, stack(0x000000e680600000,0x000000e680700000)]
  0x000002dfb2f56000 JavaThread "Unconstrained build operations Thread 71" [_thread_blocked, id=3628, stack(0x000000e680700000,0x000000e680800000)]
  0x000002dfb2f57000 JavaThread "Unconstrained build operations Thread 72" [_thread_blocked, id=9600, stack(0x000000e680800000,0x000000e680900000)]
  0x000002dfb2f5c800 JavaThread "Unconstrained build operations Thread 73" [_thread_blocked, id=12244, stack(0x000000e680900000,0x000000e680a00000)]
  0x000002dfb2f59800 JavaThread "Unconstrained build operations Thread 74" [_thread_blocked, id=9164, stack(0x000000e680a00000,0x000000e680b00000)]
  0x000002dfb2f5b000 JavaThread "Unconstrained build operations Thread 75" [_thread_blocked, id=9228, stack(0x000000e680b00000,0x000000e680c00000)]
  0x000002dfb2f57800 JavaThread "Unconstrained build operations Thread 76" [_thread_blocked, id=8708, stack(0x000000e680c00000,0x000000e680d00000)]
  0x000002dfb2f5d800 JavaThread "Unconstrained build operations Thread 77" [_thread_blocked, id=9060, stack(0x000000e680d00000,0x000000e680e00000)]
  0x000002dfb2f5e000 JavaThread "Unconstrained build operations Thread 78" [_thread_blocked, id=3388, stack(0x000000e680e00000,0x000000e680f00000)]
  0x000002dfb2f5a000 JavaThread "Unconstrained build operations Thread 79" [_thread_blocked, id=18680, stack(0x000000e680f00000,0x000000e681000000)]
  0x000002dfb2f5b800 JavaThread "Unconstrained build operations Thread 80" [_thread_blocked, id=15200, stack(0x000000e681000000,0x000000e681100000)]
  0x000002dfb2f58800 JavaThread "jar transforms Thread 4" [_thread_blocked, id=15728, stack(0x000000e681100000,0x000000e681200000)]
  0x000002dfb2f60000 JavaThread "jar transforms Thread 5" [_thread_blocked, id=19104, stack(0x000000e681200000,0x000000e681300000)]
  0x000002dfb2f61800 JavaThread "jar transforms Thread 6" [_thread_blocked, id=7580, stack(0x000000e681300000,0x000000e681400000)]
  0x000002dfb2f62000 JavaThread "jar transforms Thread 7" [_thread_blocked, id=18292, stack(0x000000e681400000,0x000000e681500000)]
  0x000002dfb2f5f000 JavaThread "jar transforms Thread 8" [_thread_blocked, id=1356, stack(0x000000e681500000,0x000000e681600000)]
  0x000002dfb2f60800 JavaThread "Memory manager" [_thread_blocked, id=10636, stack(0x000000e681800000,0x000000e681900000)]
  0x000002dfb2f64000 JavaThread "build event listener" [_thread_blocked, id=4248, stack(0x000000e681900000,0x000000e681a00000)]
  0x000002dfb0c1b000 JavaThread "included builds" [_thread_in_Java, id=5456, stack(0x000000e681a00000,0x000000e681b00000)]
  0x000002dfb0c1a800 JavaThread "Execution worker for ':'" [_thread_blocked, id=4204, stack(0x000000e681b00000,0x000000e681c00000)]
  0x000002dfb0c16800 JavaThread "Execution worker for ':' Thread 2" [_thread_blocked, id=14172, stack(0x000000e681c00000,0x000000e681d00000)]
  0x000002dfb0c17000 JavaThread "Execution worker for ':' Thread 3" [_thread_blocked, id=3344, stack(0x000000e681d00000,0x000000e681e00000)]
  0x000002dfb0c19000 JavaThread "Execution worker for ':' Thread 4" [_thread_blocked, id=11832, stack(0x000000e681e00000,0x000000e681f00000)]
  0x000002dfb0c18000 JavaThread "Execution worker for ':' Thread 5" [_thread_blocked, id=7480, stack(0x000000e681f00000,0x000000e682000000)]
  0x000002dfb0c19800 JavaThread "Execution worker for ':' Thread 6" [_thread_blocked, id=2748, stack(0x000000e682000000,0x000000e682100000)]
  0x000002dfb0c15800 JavaThread "Execution worker for ':' Thread 7" [_thread_blocked, id=12500, stack(0x000000e682100000,0x000000e682200000)]
  0x000002dfb0c21000 JavaThread "Cache worker for execution history cache (C:\Users\Padma\AndroidStudioProjects\PadmasAndroidLabs\.gradle\7.4\executionHistory)" [_thread_blocked, id=17148, stack(0x000000e681700000,0x000000e681800000)]
  0x000002dfb1be7800 JavaThread "C2 CompilerThread1" daemon [_thread_in_native, id=1952, stack(0x000000e681600000,0x000000e681700000)]
=>0x000002dfb5074000 JavaThread "C2 CompilerThread2" daemon [_thread_in_native, id=3880, stack(0x000000e682200000,0x000000e682300000)]

Other Threads:
  0x000002dfaec3d800 VMThread "VM Thread" [stack: 0x000000e6f9200000,0x000000e6f9300000] [id=12816]
  0x000002dfaf665800 WatcherThread [stack: 0x000000e6f9c00000,0x000000e6f9d00000] [id=11268]
  0x000002df927dd800 GCTaskThread "GC Thread#0" [stack: 0x000000e6f8d00000,0x000000e6f8e00000] [id=3396]
  0x000002dfafe14800 GCTaskThread "GC Thread#1" [stack: 0x000000e6f9f00000,0x000000e6fa000000] [id=9840]
  0x000002dfb029c000 GCTaskThread "GC Thread#2" [stack: 0x000000e6fa000000,0x000000e6fa100000] [id=2328]
  0x000002dfb0426800 GCTaskThread "GC Thread#3" [stack: 0x000000e6fa100000,0x000000e6fa200000] [id=10168]
  0x000002dfb1f67000 GCTaskThread "GC Thread#4" [stack: 0x000000e6fad00000,0x000000e6fae00000] [id=3836]
  0x000002dfb29b7800 GCTaskThread "GC Thread#5" [stack: 0x000000e6fae00000,0x000000e6faf00000] [id=8640]
  0x000002dfb1396800 GCTaskThread "GC Thread#6" [stack: 0x000000e6faf00000,0x000000e6fb000000] [id=18580]
  0x000002dfb0375000 GCTaskThread "GC Thread#7" [stack: 0x000000e6fb000000,0x000000e6fb100000] [id=8360]
  0x000002df9280f800 ConcurrentGCThread "G1 Main Marker" [stack: 0x000000e6f8e00000,0x000000e6f8f00000] [id=8272]
  0x000002df92811800 ConcurrentGCThread "G1 Conc#0" [stack: 0x000000e6f8f00000,0x000000e6f9000000] [id=18668]
  0x000002dfafbaf800 ConcurrentGCThread "G1 Conc#1" [stack: 0x000000e6fb100000,0x000000e6fb200000] [id=11092]
  0x000002dfaea8a800 ConcurrentGCThread "G1 Refine#0" [stack: 0x000000e6f9000000,0x000000e6f9100000] [id=13964]
  0x000002dfaea8d800 ConcurrentGCThread "G1 Young RemSet Sampling" [stack: 0x000000e6f9100000,0x000000e6f9200000] [id=9072]

Threads with active compile tasks:
C2 CompilerThread0  33365 9899       4       com.google.common.collect.TransformedIterator::next (14 bytes)
C2 CompilerThread1  33366 9942 % !   4       com.android.ide.common.resources.DataMerger::mergeData @ 247 (611 bytes)
C2 CompilerThread2  33366 9897       4       com.google.common.collect.LinkedListMultimap$DistinctKeyIterator::next (81 bytes)

VM state:not at safepoint (normal execution)

VM Mutex/Monitor currently owned by a thread: None

Heap address: 0x0000000080000000, size: 2048 MB, Compressed Oops mode: 32-bit
Narrow klass base: 0x0000000000000000, Narrow klass shift: 3
Compressed class space size: 1073741824 Address: 0x0000000100000000

Heap:
 garbage-first heap   total 196608K, used 145408K [0x0000000080000000, 0x0000000100000000)
  region size 1024K, 86 young (88064K), 11 survivors (11264K)
 Metaspace       used 85099K, capacity 87299K, committed 87592K, reserved 1124352K
  class space    used 11037K, capacity 11876K, committed 11980K, reserved 1048576K
Heap Regions: E=young(eden), S=young(survivor), O=old, HS=humongous(starts), HC=humongous(continues), CS=collection set, F=free, A=archive, TAMS=top-at-mark-start (previous, next)
|   0|0x0000000080000000, 0x0000000080100000, 0x0000000080100000|100%| O|  |TAMS 0x0000000080100000, 0x0000000080000000| Untracked 
|   1|0x0000000080100000, 0x0000000080200000, 0x0000000080200000|100%| O|  |TAMS 0x0000000080200000, 0x0000000080100000| Untracked 
|   2|0x0000000080200000, 0x0000000080300000, 0x0000000080300000|100%| O|  |TAMS 0x0000000080300000, 0x0000000080200000| Untracked 
|   3|0x0000000080300000, 0x0000000080400000, 0x0000000080400000|100%|HS|  |TAMS 0x0000000080400000, 0x0000000080300000| Complete 
|   4|0x0000000080400000, 0x0000000080500000, 0x0000000080500000|100%|HC|  |TAMS 0x0000000080500000, 0x0000000080400000| Complete 
|   5|0x0000000080500000, 0x0000000080600000, 0x0000000080600000|100%|HC|  |TAMS 0x0000000080600000, 0x0000000080500000| Complete 
|   6|0x0000000080600000, 0x0000000080700000, 0x0000000080700000|100%| O|  |TAMS 0x0000000080700000, 0x0000000080600000| Untracked 
|   7|0x0000000080700000, 0x0000000080800000, 0x0000000080800000|100%| O|  |TAMS 0x0000000080800000, 0x0000000080700000| Untracked 
|   8|0x0000000080800000, 0x0000000080900000, 0x0000000080900000|100%| O|  |TAMS 0x0000000080900000, 0x0000000080800000| Untracked 
|   9|0x0000000080900000, 0x0000000080a00000, 0x0000000080a00000|100%| O|  |TAMS 0x0000000080a00000, 0x0000000080900000| Untracked 
|  10|0x0000000080a00000, 0x0000000080b00000, 0x0000000080b00000|100%| O|  |TAMS 0x0000000080b00000, 0x0000000080a00000| Untracked 
|  11|0x0000000080b00000, 0x0000000080c00000, 0x0000000080c00000|100%| O|  |TAMS 0x0000000080c00000, 0x0000000080b00000| Untracked 
|  12|0x0000000080c00000, 0x0000000080d00000, 0x0000000080d00000|100%| O|  |TAMS 0x0000000080d00000, 0x0000000080c00000| Untracked 
|  13|0x0000000080d00000, 0x0000000080e00000, 0x0000000080e00000|100%| O|  |TAMS 0x0000000080e00000, 0x0000000080d00000| Untracked 
|  14|0x0000000080e00000, 0x0000000080f00000, 0x0000000080f00000|100%| O|  |TAMS 0x0000000080f00000, 0x0000000080e00000| Untracked 
|  15|0x0000000080f00000, 0x0000000081000000, 0x0000000081000000|100%| O|  |TAMS 0x0000000081000000, 0x0000000080f00000| Untracked 
|  16|0x0000000081000000, 0x0000000081100000, 0x0000000081100000|100%| O|  |TAMS 0x0000000081100000, 0x0000000081000000| Untracked 
|  17|0x0000000081100000, 0x0000000081200000, 0x0000000081200000|100%|HS|  |TAMS 0x0000000081200000, 0x0000000081100000| Complete 
|  18|0x0000000081200000, 0x0000000081300000, 0x0000000081300000|100%| O|  |TAMS 0x0000000081300000, 0x0000000081200000| Untracked 
|  19|0x0000000081300000, 0x0000000081400000, 0x0000000081400000|100%| O|  |TAMS 0x0000000081400000, 0x0000000081300000| Untracked 
|  20|0x0000000081400000, 0x0000000081500000, 0x0000000081500000|100%| O|  |TAMS 0x0000000081500000, 0x0000000081400000| Untracked 
|  21|0x0000000081500000, 0x0000000081600000, 0x0000000081600000|100%| O|  |TAMS 0x0000000081600000, 0x0000000081500000| Untracked 
|  22|0x0000000081600000, 0x0000000081700000, 0x0000000081700000|100%| O|  |TAMS 0x0000000081700000, 0x0000000081600000| Untracked 
|  23|0x0000000081700000, 0x0000000081800000, 0x0000000081800000|100%|HS|  |TAMS 0x0000000081800000, 0x0000000081700000| Complete 
|  24|0x0000000081800000, 0x0000000081900000, 0x0000000081900000|100%| O|  |TAMS 0x0000000081900000, 0x0000000081800000| Untracked 
|  25|0x0000000081900000, 0x0000000081a00000, 0x0000000081a00000|100%|HS|  |TAMS 0x0000000081a00000, 0x0000000081900000| Complete 
|  26|0x0000000081a00000, 0x0000000081b00000, 0x0000000081b00000|100%|HC|  |TAMS 0x0000000081b00000, 0x0000000081a00000| Complete 
|  27|0x0000000081b00000, 0x0000000081c00000, 0x0000000081c00000|100%| O|  |TAMS 0x0000000081c00000, 0x0000000081b00000| Untracked 
|  28|0x0000000081c00000, 0x0000000081d00000, 0x0000000081d00000|100%| O|  |TAMS 0x0000000081d00000, 0x0000000081c00000| Untracked 
|  29|0x0000000081d00000, 0x0000000081e00000, 0x0000000081e00000|100%| O|  |TAMS 0x0000000081e00000, 0x0000000081d00000| Untracked 
|  30|0x0000000081e00000, 0x0000000081f00000, 0x0000000081f00000|100%| O|  |TAMS 0x0000000081f00000, 0x0000000081e00000| Untracked 
|  31|0x0000000081f00000, 0x0000000082000000, 0x0000000082000000|100%| O|  |TAMS 0x0000000082000000, 0x0000000081f00000| Untracked 
|  32|0x0000000082000000, 0x0000000082100000, 0x0000000082100000|100%| O|  |TAMS 0x0000000082100000, 0x0000000082000000| Untracked 
|  33|0x0000000082100000, 0x0000000082200000, 0x0000000082200000|100%| O|  |TAMS 0x0000000082200000, 0x0000000082100000| Untracked 
|  34|0x0000000082200000, 0x0000000082300000, 0x0000000082300000|100%| O|  |TAMS 0x0000000082300000, 0x0000000082200000| Untracked 
|  35|0x0000000082300000, 0x0000000082400000, 0x0000000082400000|100%| O|  |TAMS 0x0000000082400000, 0x0000000082300000| Untracked 
|  36|0x0000000082400000, 0x0000000082500000, 0x0000000082500000|100%| O|  |TAMS 0x0000000082500000, 0x0000000082400000| Untracked 
|  37|0x0000000082500000, 0x0000000082600000, 0x0000000082600000|100%| O|  |TAMS 0x0000000082600000, 0x0000000082500000| Untracked 
|  38|0x0000000082600000, 0x0000000082700000, 0x0000000082700000|100%| O|  |TAMS 0x0000000082700000, 0x0000000082600000| Untracked 
|  39|0x0000000082700000, 0x0000000082800000, 0x0000000082800000|100%| O|  |TAMS 0x0000000082800000, 0x0000000082700000| Untracked 
|  40|0x0000000082800000, 0x0000000082900000, 0x0000000082900000|100%| O|  |TAMS 0x0000000082900000, 0x0000000082800000| Untracked 
|  41|0x0000000082900000, 0x0000000082a00000, 0x0000000082a00000|100%| O|  |TAMS 0x0000000082977400, 0x0000000082900000| Untracked 
|  42|0x0000000082a00000, 0x0000000082b00000, 0x0000000082b00000|100%| O|  |TAMS 0x0000000082a00000, 0x0000000082a00000| Untracked 
|  43|0x0000000082b00000, 0x0000000082c00000, 0x0000000082c00000|100%| O|  |TAMS 0x0000000082b00000, 0x0000000082b00000| Untracked 
|  44|0x0000000082c00000, 0x0000000082d00000, 0x0000000082d00000|100%| O|  |TAMS 0x0000000082c00000, 0x0000000082c00000| Untracked 
|  45|0x0000000082d00000, 0x0000000082e00000, 0x0000000082e00000|100%| O|  |TAMS 0x0000000082d00000, 0x0000000082d00000| Untracked 
|  46|0x0000000082e00000, 0x0000000082f00000, 0x0000000082f00000|100%| O|  |TAMS 0x0000000082e00000, 0x0000000082e00000| Untracked 
|  47|0x0000000082f00000, 0x0000000083000000, 0x0000000083000000|100%| O|  |TAMS 0x0000000082f00000, 0x0000000082f00000| Untracked 
|  48|0x0000000083000000, 0x0000000083100000, 0x0000000083100000|100%| O|  |TAMS 0x0000000083000000, 0x0000000083000000| Untracked 
|  49|0x0000000083100000, 0x0000000083200000, 0x0000000083200000|100%| O|  |TAMS 0x0000000083100000, 0x0000000083100000| Untracked 
|  50|0x0000000083200000, 0x0000000083300000, 0x0000000083300000|100%| O|  |TAMS 0x0000000083200000, 0x0000000083200000| Untracked 
|  51|0x0000000083300000, 0x0000000083400000, 0x0000000083400000|100%| O|  |TAMS 0x0000000083300000, 0x0000000083300000| Untracked 
|  52|0x0000000083400000, 0x0000000083500000, 0x0000000083500000|100%| O|  |TAMS 0x0000000083400000, 0x0000000083400000| Untracked 
|  53|0x0000000083500000, 0x0000000083600000, 0x0000000083600000|100%| O|  |TAMS 0x0000000083500000, 0x0000000083500000| Untracked 
|  54|0x0000000083600000, 0x0000000083700000, 0x0000000083700000|100%| O|  |TAMS 0x0000000083600000, 0x0000000083600000| Untracked 
|  55|0x0000000083700000, 0x0000000083800000, 0x0000000083800000|100%|HS|  |TAMS 0x0000000083700000, 0x0000000083700000| Complete 
|  56|0x0000000083800000, 0x0000000083900000, 0x0000000083900000|100%|HS|  |TAMS 0x0000000083800000, 0x0000000083800000| Complete 
|  57|0x0000000083900000, 0x0000000083a00000, 0x0000000083a00000|100%|HS|  |TAMS 0x0000000083900000, 0x0000000083900000| Complete 
|  58|0x0000000083a00000, 0x0000000083a00000, 0x0000000083b00000|  0%| F|  |TAMS 0x0000000083a00000, 0x0000000083a00000| Untracked 
|  59|0x0000000083b00000, 0x0000000083b00000, 0x0000000083c00000|  0%| F|  |TAMS 0x0000000083b00000, 0x0000000083b00000| Untracked 
|  60|0x0000000083c00000, 0x0000000083c00000, 0x0000000083d00000|  0%| F|  |TAMS 0x0000000083c00000, 0x0000000083c00000| Untracked 
|  61|0x0000000083d00000, 0x0000000083d00000, 0x0000000083e00000|  0%| F|  |TAMS 0x0000000083d00000, 0x0000000083d00000| Untracked 
|  62|0x0000000083e00000, 0x0000000083e00000, 0x0000000083f00000|  0%| F|  |TAMS 0x0000000083e00000, 0x0000000083e00000| Untracked 
|  63|0x0000000083f00000, 0x0000000083f00000, 0x0000000084000000|  0%| F|  |TAMS 0x0000000083f00000, 0x0000000083f00000| Untracked 
|  64|0x0000000084000000, 0x0000000084000000, 0x0000000084100000|  0%| F|  |TAMS 0x0000000084000000, 0x0000000084000000| Untracked 
|  65|0x0000000084100000, 0x0000000084100000, 0x0000000084200000|  0%| F|  |TAMS 0x0000000084100000, 0x0000000084100000| Untracked 
|  66|0x0000000084200000, 0x0000000084200000, 0x0000000084300000|  0%| F|  |TAMS 0x0000000084200000, 0x0000000084200000| Untracked 
|  67|0x0000000084300000, 0x0000000084300000, 0x0000000084400000|  0%| F|  |TAMS 0x0000000084300000, 0x0000000084300000| Untracked 
|  68|0x0000000084400000, 0x0000000084400000, 0x0000000084500000|  0%| F|  |TAMS 0x0000000084400000, 0x0000000084400000| Untracked 
|  69|0x0000000084500000, 0x0000000084500000, 0x0000000084600000|  0%| F|  |TAMS 0x0000000084500000, 0x0000000084500000| Untracked 
|  70|0x0000000084600000, 0x0000000084600000, 0x0000000084700000|  0%| F|  |TAMS 0x0000000084600000, 0x0000000084600000| Untracked 
|  71|0x0000000084700000, 0x0000000084700000, 0x0000000084800000|  0%| F|  |TAMS 0x0000000084700000, 0x0000000084700000| Untracked 
|  72|0x0000000084800000, 0x0000000084800000, 0x0000000084900000|  0%| F|  |TAMS 0x0000000084800000, 0x0000000084800000| Untracked 
|  73|0x0000000084900000, 0x0000000084900000, 0x0000000084a00000|  0%| F|  |TAMS 0x0000000084900000, 0x0000000084900000| Untracked 
|  74|0x0000000084a00000, 0x0000000084a00000, 0x0000000084b00000|  0%| F|  |TAMS 0x0000000084a00000, 0x0000000084a00000| Untracked 
|  75|0x0000000084b00000, 0x0000000084b00000, 0x0000000084c00000|  0%| F|  |TAMS 0x0000000084b00000, 0x0000000084b00000| Untracked 
|  76|0x0000000084c00000, 0x0000000084c00000, 0x0000000084d00000|  0%| F|  |TAMS 0x0000000084c00000, 0x0000000084c00000| Untracked 
|  77|0x0000000084d00000, 0x0000000084d00000, 0x0000000084e00000|  0%| F|  |TAMS 0x0000000084d00000, 0x0000000084d00000| Untracked 
|  78|0x0000000084e00000, 0x0000000084e00000, 0x0000000084f00000|  0%| F|  |TAMS 0x0000000084e00000, 0x0000000084e00000| Untracked 
|  79|0x0000000084f00000, 0x0000000084f00000, 0x0000000085000000|  0%| F|  |TAMS 0x0000000084f00000, 0x0000000084f00000| Untracked 
|  80|0x0000000085000000, 0x0000000085000000, 0x0000000085100000|  0%| F|  |TAMS 0x0000000085000000, 0x0000000085000000| Untracked 
|  81|0x0000000085100000, 0x0000000085100000, 0x0000000085200000|  0%| F|  |TAMS 0x0000000085100000, 0x0000000085100000| Untracked 
|  82|0x0000000085200000, 0x0000000085200000, 0x0000000085300000|  0%| F|  |TAMS 0x0000000085200000, 0x0000000085200000| Untracked 
|  83|0x0000000085300000, 0x0000000085300000, 0x0000000085400000|  0%| F|  |TAMS 0x0000000085300000, 0x0000000085300000| Untracked 
|  84|0x0000000085400000, 0x0000000085400000, 0x0000000085500000|  0%| F|  |TAMS 0x0000000085400000, 0x0000000085400000| Untracked 
|  85|0x0000000085500000, 0x0000000085500000, 0x0000000085600000|  0%| F|  |TAMS 0x0000000085500000, 0x0000000085500000| Untracked 
|  86|0x0000000085600000, 0x0000000085600000, 0x0000000085700000|  0%| F|  |TAMS 0x0000000085600000, 0x0000000085600000| Untracked 
|  87|0x0000000085700000, 0x0000000085700000, 0x0000000085800000|  0%| F|  |TAMS 0x0000000085700000, 0x0000000085700000| Untracked 
|  88|0x0000000085800000, 0x0000000085900000, 0x0000000085900000|100%| S|CS|TAMS 0x0000000085800000, 0x0000000085800000| Complete 
|  89|0x0000000085900000, 0x0000000085a00000, 0x0000000085a00000|100%| S|CS|TAMS 0x0000000085900000, 0x0000000085900000| Complete 
|  90|0x0000000085a00000, 0x0000000085b00000, 0x0000000085b00000|100%| S|CS|TAMS 0x0000000085a00000, 0x0000000085a00000| Complete 
|  91|0x0000000085b00000, 0x0000000085c00000, 0x0000000085c00000|100%| S|CS|TAMS 0x0000000085b00000, 0x0000000085b00000| Complete 
|  92|0x0000000085c00000, 0x0000000085d00000, 0x0000000085d00000|100%| S|CS|TAMS 0x0000000085c00000, 0x0000000085c00000| Complete 
|  93|0x0000000085d00000, 0x0000000085d00000, 0x0000000085e00000|  0%| F|  |TAMS 0x0000000085d00000, 0x0000000085d00000| Untracked 
|  94|0x0000000085e00000, 0x0000000085e00000, 0x0000000085f00000|  0%| F|  |TAMS 0x0000000085e00000, 0x0000000085e00000| Untracked 
|  95|0x0000000085f00000, 0x0000000086000000, 0x0000000086000000|100%| S|CS|TAMS 0x0000000085f00000, 0x0000000085f00000| Complete 
|  96|0x0000000086000000, 0x0000000086100000, 0x0000000086100000|100%| S|CS|TAMS 0x0000000086000000, 0x0000000086000000| Complete 
|  97|0x0000000086100000, 0x0000000086200000, 0x0000000086200000|100%| S|CS|TAMS 0x0000000086100000, 0x0000000086100000| Complete 
|  98|0x0000000086200000, 0x0000000086200000, 0x0000000086300000|  0%| F|  |TAMS 0x0000000086200000, 0x0000000086200000| Untracked 
|  99|0x0000000086300000, 0x0000000086300000, 0x0000000086400000|  0%| F|  |TAMS 0x0000000086300000, 0x0000000086300000| Untracked 
| 100|0x0000000086400000, 0x0000000086400000, 0x0000000086500000|  0%| F|  |TAMS 0x0000000086400000, 0x0000000086400000| Untracked 
| 101|0x0000000086500000, 0x0000000086500000, 0x0000000086600000|  0%| F|  |TAMS 0x0000000086500000, 0x0000000086500000| Untracked 
| 102|0x0000000086600000, 0x0000000086600000, 0x0000000086700000|  0%| F|  |TAMS 0x0000000086600000, 0x0000000086600000| Untracked 
| 103|0x0000000086700000, 0x0000000086700000, 0x0000000086800000|  0%| F|  |TAMS 0x0000000086700000, 0x0000000086700000| Untracked 
| 104|0x0000000086800000, 0x0000000086800000, 0x0000000086900000|  0%| F|  |TAMS 0x0000000086800000, 0x0000000086800000| Untracked 
| 105|0x0000000086900000, 0x0000000086900000, 0x0000000086a00000|  0%| F|  |TAMS 0x0000000086900000, 0x0000000086900000| Untracked 
| 106|0x0000000086a00000, 0x0000000086a00000, 0x0000000086b00000|  0%| F|  |TAMS 0x0000000086a00000, 0x0000000086a00000| Untracked 
| 107|0x0000000086b00000, 0x0000000086c00000, 0x0000000086c00000|100%| S|CS|TAMS 0x0000000086b00000, 0x0000000086b00000| Complete 
| 108|0x0000000086c00000, 0x0000000086d00000, 0x0000000086d00000|100%| S|CS|TAMS 0x0000000086c00000, 0x0000000086c00000| Complete 
| 109|0x0000000086d00000, 0x0000000086e00000, 0x0000000086e00000|100%| S|CS|TAMS 0x0000000086d00000, 0x0000000086d00000| Complete 
| 110|0x0000000086e00000, 0x0000000086e00000, 0x0000000086f00000|  0%| F|  |TAMS 0x0000000086e00000, 0x0000000086e00000| Untracked 
| 111|0x0000000086f00000, 0x0000000086f00000, 0x0000000087000000|  0%| F|  |TAMS 0x0000000086f00000, 0x0000000086f00000| Untracked 
| 112|0x0000000087000000, 0x0000000087000000, 0x0000000087100000|  0%| F|  |TAMS 0x0000000087000000, 0x0000000087000000| Untracked 
| 113|0x0000000087100000, 0x0000000087100000, 0x0000000087200000|  0%| F|  |TAMS 0x0000000087100000, 0x0000000087100000| Untracked 
| 114|0x0000000087200000, 0x0000000087200000, 0x0000000087300000|  0%| F|  |TAMS 0x0000000087200000, 0x0000000087200000| Untracked 
| 115|0x0000000087300000, 0x0000000087300000, 0x0000000087400000|  0%| F|  |TAMS 0x0000000087300000, 0x0000000087300000| Untracked 
| 116|0x0000000087400000, 0x0000000087400000, 0x0000000087500000|  0%| F|  |TAMS 0x0000000087400000, 0x0000000087400000| Untracked 
| 117|0x0000000087500000, 0x0000000087600000, 0x0000000087600000|100%| E|  |TAMS 0x0000000087500000, 0x0000000087500000| Complete 
| 118|0x0000000087600000, 0x0000000087700000, 0x0000000087700000|100%| E|CS|TAMS 0x0000000087600000, 0x0000000087600000| Complete 
| 119|0x0000000087700000, 0x0000000087800000, 0x0000000087800000|100%| E|CS|TAMS 0x0000000087700000, 0x0000000087700000| Complete 
| 120|0x0000000087800000, 0x0000000087900000, 0x0000000087900000|100%| E|CS|TAMS 0x0000000087800000, 0x0000000087800000| Complete 
| 121|0x0000000087900000, 0x0000000087a00000, 0x0000000087a00000|100%| E|CS|TAMS 0x0000000087900000, 0x0000000087900000| Complete 
| 122|0x0000000087a00000, 0x0000000087b00000, 0x0000000087b00000|100%| E|CS|TAMS 0x0000000087a00000, 0x0000000087a00000| Complete 
| 123|0x0000000087b00000, 0x0000000087c00000, 0x0000000087c00000|100%| E|CS|TAMS 0x0000000087b00000, 0x0000000087b00000| Complete 
| 124|0x0000000087c00000, 0x0000000087d00000, 0x0000000087d00000|100%| E|CS|TAMS 0x0000000087c00000, 0x0000000087c00000| Complete 
| 125|0x0000000087d00000, 0x0000000087e00000, 0x0000000087e00000|100%| E|CS|TAMS 0x0000000087d00000, 0x0000000087d00000| Complete 
| 126|0x0000000087e00000, 0x0000000087f00000, 0x0000000087f00000|100%| E|CS|TAMS 0x0000000087e00000, 0x0000000087e00000| Complete 
| 127|0x0000000087f00000, 0x0000000088000000, 0x0000000088000000|100%| E|CS|TAMS 0x0000000087f00000, 0x0000000087f00000| Complete 
| 128|0x0000000088000000, 0x0000000088100000, 0x0000000088100000|100%| E|CS|TAMS 0x0000000088000000, 0x0000000088000000| Complete 
| 129|0x0000000088100000, 0x0000000088200000, 0x0000000088200000|100%| E|CS|TAMS 0x0000000088100000, 0x0000000088100000| Complete 
| 130|0x0000000088200000, 0x0000000088300000, 0x0000000088300000|100%| E|CS|TAMS 0x0000000088200000, 0x0000000088200000| Complete 
| 131|0x0000000088300000, 0x0000000088400000, 0x0000000088400000|100%| E|CS|TAMS 0x0000000088300000, 0x0000000088300000| Complete 
| 132|0x0000000088400000, 0x0000000088500000, 0x0000000088500000|100%| E|CS|TAMS 0x0000000088400000, 0x0000000088400000| Complete 
| 133|0x0000000088500000, 0x0000000088600000, 0x0000000088600000|100%| E|CS|TAMS 0x0000000088500000, 0x0000000088500000| Complete 
| 134|0x0000000088600000, 0x0000000088700000, 0x0000000088700000|100%| E|CS|TAMS 0x0000000088600000, 0x0000000088600000| Complete 
| 135|0x0000000088700000, 0x0000000088800000, 0x0000000088800000|100%| E|CS|TAMS 0x0000000088700000, 0x0000000088700000| Complete 
| 136|0x0000000088800000, 0x0000000088900000, 0x0000000088900000|100%| E|CS|TAMS 0x0000000088800000, 0x0000000088800000| Complete 
| 137|0x0000000088900000, 0x0000000088a00000, 0x0000000088a00000|100%| E|CS|TAMS 0x0000000088900000, 0x0000000088900000| Complete 
| 138|0x0000000088a00000, 0x0000000088b00000, 0x0000000088b00000|100%| E|CS|TAMS 0x0000000088a00000, 0x0000000088a00000| Complete 
| 139|0x0000000088b00000, 0x0000000088c00000, 0x0000000088c00000|100%| E|CS|TAMS 0x0000000088b00000, 0x0000000088b00000| Complete 
| 140|0x0000000088c00000, 0x0000000088d00000, 0x0000000088d00000|100%| E|CS|TAMS 0x0000000088c00000, 0x0000000088c00000| Complete 
| 141|0x0000000088d00000, 0x0000000088e00000, 0x0000000088e00000|100%| E|CS|TAMS 0x0000000088d00000, 0x0000000088d00000| Complete 
| 142|0x0000000088e00000, 0x0000000088f00000, 0x0000000088f00000|100%| E|CS|TAMS 0x0000000088e00000, 0x0000000088e00000| Complete 
| 143|0x0000000088f00000, 0x0000000089000000, 0x0000000089000000|100%| E|CS|TAMS 0x0000000088f00000, 0x0000000088f00000| Complete 
| 144|0x0000000089000000, 0x0000000089100000, 0x0000000089100000|100%| E|CS|TAMS 0x0000000089000000, 0x0000000089000000| Complete 
| 145|0x0000000089100000, 0x0000000089200000, 0x0000000089200000|100%| E|CS|TAMS 0x0000000089100000, 0x0000000089100000| Complete 
| 146|0x0000000089200000, 0x0000000089300000, 0x0000000089300000|100%| E|CS|TAMS 0x0000000089200000, 0x0000000089200000| Complete 
| 147|0x0000000089300000, 0x0000000089400000, 0x0000000089400000|100%| E|CS|TAMS 0x0000000089300000, 0x0000000089300000| Complete 
| 148|0x0000000089400000, 0x0000000089500000, 0x0000000089500000|100%| E|CS|TAMS 0x0000000089400000, 0x0000000089400000| Complete 
| 149|0x0000000089500000, 0x0000000089600000, 0x0000000089600000|100%| E|CS|TAMS 0x0000000089500000, 0x0000000089500000| Complete 
| 150|0x0000000089600000, 0x0000000089700000, 0x0000000089700000|100%| E|CS|TAMS 0x0000000089600000, 0x0000000089600000| Complete 
| 151|0x0000000089700000, 0x0000000089800000, 0x0000000089800000|100%| E|CS|TAMS 0x0000000089700000, 0x0000000089700000| Complete 
| 152|0x0000000089800000, 0x0000000089900000, 0x0000000089900000|100%| E|CS|TAMS 0x0000000089800000, 0x0000000089800000| Complete 
| 153|0x0000000089900000, 0x0000000089a00000, 0x0000000089a00000|100%| E|CS|TAMS 0x0000000089900000, 0x0000000089900000| Complete 
| 154|0x0000000089a00000, 0x0000000089b00000, 0x0000000089b00000|100%| E|CS|TAMS 0x0000000089a00000, 0x0000000089a00000| Complete 
| 155|0x0000000089b00000, 0x0000000089c00000, 0x0000000089c00000|100%| E|  |TAMS 0x0000000089b00000, 0x0000000089b00000| Complete 
| 156|0x0000000089c00000, 0x0000000089d00000, 0x0000000089d00000|100%| E|CS|TAMS 0x0000000089c00000, 0x0000000089c00000| Complete 
| 157|0x0000000089d00000, 0x0000000089e00000, 0x0000000089e00000|100%| E|CS|TAMS 0x0000000089d00000, 0x0000000089d00000| Complete 
| 158|0x0000000089e00000, 0x0000000089f00000, 0x0000000089f00000|100%| E|CS|TAMS 0x0000000089e00000, 0x0000000089e00000| Complete 
| 159|0x0000000089f00000, 0x000000008a000000, 0x000000008a000000|100%| E|CS|TAMS 0x0000000089f00000, 0x0000000089f00000| Complete 
| 160|0x000000008a000000, 0x000000008a100000, 0x000000008a100000|100%| E|CS|TAMS 0x000000008a000000, 0x000000008a000000| Complete 
| 161|0x000000008a100000, 0x000000008a200000, 0x000000008a200000|100%| E|CS|TAMS 0x000000008a100000, 0x000000008a100000| Complete 
| 162|0x000000008a200000, 0x000000008a300000, 0x000000008a300000|100%| E|CS|TAMS 0x000000008a200000, 0x000000008a200000| Complete 
| 163|0x000000008a300000, 0x000000008a400000, 0x000000008a400000|100%| E|CS|TAMS 0x000000008a300000, 0x000000008a300000| Complete 
| 164|0x000000008a400000, 0x000000008a500000, 0x000000008a500000|100%| E|CS|TAMS 0x000000008a400000, 0x000000008a400000| Complete 
| 165|0x000000008a500000, 0x000000008a600000, 0x000000008a600000|100%| E|CS|TAMS 0x000000008a500000, 0x000000008a500000| Complete 
| 166|0x000000008a600000, 0x000000008a700000, 0x000000008a700000|100%| E|CS|TAMS 0x000000008a600000, 0x000000008a600000| Complete 
| 167|0x000000008a700000, 0x000000008a800000, 0x000000008a800000|100%| E|CS|TAMS 0x000000008a700000, 0x000000008a700000| Complete 
| 168|0x000000008a800000, 0x000000008a900000, 0x000000008a900000|100%| E|CS|TAMS 0x000000008a800000, 0x000000008a800000| Complete 
| 169|0x000000008a900000, 0x000000008aa00000, 0x000000008aa00000|100%| E|CS|TAMS 0x000000008a900000, 0x000000008a900000| Complete 
| 170|0x000000008aa00000, 0x000000008ab00000, 0x000000008ab00000|100%| E|CS|TAMS 0x000000008aa00000, 0x000000008aa00000| Complete 
| 171|0x000000008ab00000, 0x000000008ac00000, 0x000000008ac00000|100%| E|CS|TAMS 0x000000008ab00000, 0x000000008ab00000| Complete 
| 172|0x000000008ac00000, 0x000000008ad00000, 0x000000008ad00000|100%| E|CS|TAMS 0x000000008ac00000, 0x000000008ac00000| Complete 
| 173|0x000000008ad00000, 0x000000008ae00000, 0x000000008ae00000|100%| E|CS|TAMS 0x000000008ad00000, 0x000000008ad00000| Complete 
| 174|0x000000008ae00000, 0x000000008af00000, 0x000000008af00000|100%| E|CS|TAMS 0x000000008ae00000, 0x000000008ae00000| Complete 
| 175|0x000000008af00000, 0x000000008b000000, 0x000000008b000000|100%| E|CS|TAMS 0x000000008af00000, 0x000000008af00000| Complete 
| 176|0x000000008b000000, 0x000000008b100000, 0x000000008b100000|100%| E|CS|TAMS 0x000000008b000000, 0x000000008b000000| Complete 
| 177|0x000000008b100000, 0x000000008b200000, 0x000000008b200000|100%| E|CS|TAMS 0x000000008b100000, 0x000000008b100000| Complete 
| 178|0x000000008b200000, 0x000000008b300000, 0x000000008b300000|100%| E|CS|TAMS 0x000000008b200000, 0x000000008b200000| Complete 
| 179|0x000000008b300000, 0x000000008b400000, 0x000000008b400000|100%| E|CS|TAMS 0x000000008b300000, 0x000000008b300000| Complete 
| 180|0x000000008b400000, 0x000000008b500000, 0x000000008b500000|100%| E|CS|TAMS 0x000000008b400000, 0x000000008b400000| Complete 
| 181|0x000000008b500000, 0x000000008b600000, 0x000000008b600000|100%| E|CS|TAMS 0x000000008b500000, 0x000000008b500000| Complete 
| 182|0x000000008b600000, 0x000000008b700000, 0x000000008b700000|100%| E|CS|TAMS 0x000000008b600000, 0x000000008b600000| Complete 
| 183|0x000000008b700000, 0x000000008b800000, 0x000000008b800000|100%| E|CS|TAMS 0x000000008b700000, 0x000000008b700000| Complete 
| 184|0x000000008b800000, 0x000000008b900000, 0x000000008b900000|100%| E|CS|TAMS 0x000000008b800000, 0x000000008b800000| Complete 
| 185|0x000000008b900000, 0x000000008ba00000, 0x000000008ba00000|100%| E|CS|TAMS 0x000000008b900000, 0x000000008b900000| Complete 
| 186|0x000000008ba00000, 0x000000008bb00000, 0x000000008bb00000|100%| E|CS|TAMS 0x000000008ba00000, 0x000000008ba00000| Complete 
| 187|0x000000008bb00000, 0x000000008bc00000, 0x000000008bc00000|100%| E|CS|TAMS 0x000000008bb00000, 0x000000008bb00000| Complete 
| 188|0x000000008bc00000, 0x000000008bd00000, 0x000000008bd00000|100%| E|CS|TAMS 0x000000008bc00000, 0x000000008bc00000| Complete 
| 189|0x000000008bd00000, 0x000000008be00000, 0x000000008be00000|100%| E|CS|TAMS 0x000000008bd00000, 0x000000008bd00000| Complete 
| 190|0x000000008be00000, 0x000000008bf00000, 0x000000008bf00000|100%| E|CS|TAMS 0x000000008be00000, 0x000000008be00000| Complete 
| 191|0x000000008bf00000, 0x000000008c000000, 0x000000008c000000|100%| E|CS|TAMS 0x000000008bf00000, 0x000000008bf00000| Complete 

Card table byte_map: [0x000002dfa7920000,0x000002dfa7d20000] _byte_map_base: 0x000002dfa7520000

Marking Bits (Prev, Next): (CMBitMap*) 0x000002df92805820, (CMBitMap*) 0x000002df928057e8
 Prev Bits: [0x000002dfaa120000, 0x000002dfac120000)
 Next Bits: [0x000002dfa8120000, 0x000002dfaa120000)

Polling page: 0x000002df925c0000

Metaspace:

Usage:
  Non-class:     73.72 MB capacity,    72.35 MB ( 98%) used,     1.12 MB (  2%) free+waste,   255.50 KB ( <1%) overhead. 
      Class:     11.60 MB capacity,    10.78 MB ( 93%) used,   716.38 KB (  6%) free+waste,   118.63 KB ( <1%) overhead. 
       Both:     85.32 MB capacity,    83.13 MB ( 97%) used,     1.82 MB (  2%) free+waste,   374.13 KB ( <1%) overhead. 

Virtual space:
  Non-class space:       74.00 MB reserved,      73.84 MB (>99%) committed 
      Class space:        1.00 GB reserved,      11.70 MB (  1%) committed 
             Both:        1.07 GB reserved,      85.54 MB (  8%) committed 

Chunk freelists:
   Non-Class:  60.00 KB
       Class:  0 bytes
        Both:  60.00 KB

MaxMetaspaceSize: 17179869184.00 GB
CompressedClassSpaceSize: 1.00 GB
Initial GC threshold: 20.80 MB
Current GC threshold: 99.23 MB
CDS: off

CodeHeap 'non-profiled nmethods': size=120000Kb used=6511Kb max_used=6511Kb free=113488Kb
 bounds [0x000002df9f580000, 0x000002df9fbe0000, 0x000002dfa6ab0000]
CodeHeap 'profiled nmethods': size=120000Kb used=21448Kb max_used=21448Kb free=98551Kb
 bounds [0x000002df98050000, 0x000002df99550000, 0x000002df9f580000]
CodeHeap 'non-nmethods': size=5760Kb used=2367Kb max_used=2409Kb free=3392Kb
 bounds [0x000002df97ab0000, 0x000002df97d20000, 0x000002df98050000]
 total_blobs=10781 nmethods=9896 adapters=797
 compilation: enabled
              stopped_count=0, restarted_count=0
 full_count=0

Compilation events (20 events):
Event: 33.242 Thread 0x000002dfaf4b2800 nmethod 9948 0x000002df99536490 code [0x000002df99536640, 0x000002df995367f8]
Event: 33.250 Thread 0x000002dfaf4b2800 9950       3       org.gradle.api.internal.provider.DefaultProperty::unpackState (5 bytes)
Event: 33.251 Thread 0x000002dfaf4b2800 nmethod 9950 0x000002df99536890 code [0x000002df99536a60, 0x000002df99536dd8]
Event: 33.251 Thread 0x000002dfaf4b2800 9951       3       org.gradle.api.internal.provider.DefaultProperty::getProvider (8 bytes)
Event: 33.251 Thread 0x000002dfaf4b2800 nmethod 9951 0x000002df99536e90 code [0x000002df99537040, 0x000002df995372d8]
Event: 33.251 Thread 0x000002dfaf4b2800 9952       3       java.lang.reflect.Constructor::getExceptionTypes (11 bytes)
Event: 33.252 Thread 0x000002dfaf4b2800 nmethod 9952 0x000002df99537390 code [0x000002df99537560, 0x000002df99537808]
Event: 33.287 Thread 0x000002dfaf4b2800 9953       1       java.io.ObjectStreamField::setOffset (6 bytes)
Event: 33.287 Thread 0x000002dfaf4b2800 nmethod 9953 0x000002df9fbdb490 code [0x000002df9fbdb640, 0x000002df9fbdb6f8]
Event: 33.293 Thread 0x000002dfaf4b2800 9954       1       java.io.ObjectStreamField::getOffset (5 bytes)
Event: 33.293 Thread 0x000002dfaf4b2800 nmethod 9954 0x000002df9fbdb790 code [0x000002df9fbdb940, 0x000002df9fbdb9f8]
Event: 33.294 Thread 0x000002dfaf4b2800 9955       3       java.io.ObjectStreamField::appendClassSignature (69 bytes)
Event: 33.295 Thread 0x000002dfaf4b2800 nmethod 9955 0x000002df99537910 code [0x000002df99537ba0, 0x000002df99538358]
Event: 33.295 Thread 0x000002dfaf4b2800 9956       3       java.io.ObjectStreamClass$5::compare (13 bytes)
Event: 33.296 Thread 0x000002dfaf4b2800 nmethod 9956 0x000002df99538710 code [0x000002df99538900, 0x000002df99538d18]
Event: 33.296 Thread 0x000002dfaf4b2800 9957       3       java.io.ObjectStreamClass$5::compare (30 bytes)
Event: 33.297 Thread 0x000002dfaf4b2800 nmethod 9957 0x000002df99538f10 code [0x000002df995390e0, 0x000002df995392b8]
Event: 33.297 Thread 0x000002dfaf4b2800 9958       3       java.io.ObjectOutputStream::writeTypeString (40 bytes)
Event: 33.298 Thread 0x000002dfaf4b2800 nmethod 9958 0x000002df99539410 code [0x000002df99539620, 0x000002df99539a08]
Event: 33.304 Thread 0x000002dfaf4b2800 9959   !   3       java.io.ObjectOutputStream::writeOrdinaryObject (175 bytes)

GC Heap History (20 events):
Event: 8.130 GC heap before
{Heap before GC invocations=4 (full 0):
 garbage-first heap   total 196608K, used 124101K [0x0000000080000000, 0x0000000100000000)
  region size 1024K, 105 young (107520K), 1 survivors (1024K)
 Metaspace       used 34644K, capacity 35393K, committed 35584K, reserved 1079296K
  class space    used 4448K, capacity 4750K, committed 4864K, reserved 1048576K
}
Event: 8.138 GC heap after
{Heap after GC invocations=5 (full 0):
 garbage-first heap   total 196608K, used 21779K [0x0000000080000000, 0x0000000100000000)
  region size 1024K, 5 young (5120K), 5 survivors (5120K)
 Metaspace       used 34644K, capacity 35393K, committed 35584K, reserved 1079296K
  class space    used 4448K, capacity 4750K, committed 4864K, reserved 1048576K
}
Event: 8.242 GC heap before
{Heap before GC invocations=5 (full 0):
 garbage-first heap   total 196608K, used 24851K [0x0000000080000000, 0x0000000100000000)
  region size 1024K, 9 young (9216K), 5 survivors (5120K)
 Metaspace       used 35191K, capacity 35978K, committed 36048K, reserved 1081344K
  class space    used 4528K, capacity 4840K, committed 4864K, reserved 1048576K
}
Event: 8.255 GC heap after
{Heap after GC invocations=6 (full 0):
 garbage-first heap   total 196608K, used 22479K [0x0000000080000000, 0x0000000100000000)
  region size 1024K, 6 young (6144K), 6 survivors (6144K)
 Metaspace       used 35191K, capacity 35978K, committed 36048K, reserved 1081344K
  class space    used 4528K, capacity 4840K, committed 4864K, reserved 1048576K
}
Event: 9.871 GC heap before
{Heap before GC invocations=7 (full 0):
 garbage-first heap   total 196608K, used 99279K [0x0000000080000000, 0x0000000100000000)
  region size 1024K, 78 young (79872K), 6 survivors (6144K)
 Metaspace       used 40971K, capacity 41981K, committed 42140K, reserved 1085440K
  class space    used 5190K, capacity 5554K, committed 5580K, reserved 1048576K
}
Event: 9.882 GC heap after
{Heap after GC invocations=8 (full 0):
 garbage-first heap   total 196608K, used 28119K [0x0000000080000000, 0x0000000100000000)
  region size 1024K, 10 young (10240K), 10 survivors (10240K)
 Metaspace       used 40971K, capacity 41981K, committed 42140K, reserved 1085440K
  class space    used 5190K, capacity 5554K, committed 5580K, reserved 1048576K
}
Event: 11.579 GC heap before
{Heap before GC invocations=8 (full 0):
 garbage-first heap   total 196608K, used 106967K [0x0000000080000000, 0x0000000100000000)
  region size 1024K, 86 young (88064K), 10 survivors (10240K)
 Metaspace       used 47538K, capacity 48752K, committed 49052K, reserved 1091584K
  class space    used 6055K, capacity 6528K, committed 6604K, reserved 1048576K
}
Event: 11.594 GC heap after
{Heap after GC invocations=9 (full 0):
 garbage-first heap   total 196608K, used 31259K [0x0000000080000000, 0x0000000100000000)
  region size 1024K, 9 young (9216K), 9 survivors (9216K)
 Metaspace       used 47538K, capacity 48752K, committed 49052K, reserved 1091584K
  class space    used 6055K, capacity 6528K, committed 6604K, reserved 1048576K
}
Event: 13.269 GC heap before
{Heap before GC invocations=9 (full 0):
 garbage-first heap   total 196608K, used 117275K [0x0000000080000000, 0x0000000100000000)
  region size 1024K, 89 young (91136K), 9 survivors (9216K)
 Metaspace       used 52828K, capacity 54189K, committed 54300K, reserved 1095680K
  class space    used 6685K, capacity 7216K, committed 7244K, reserved 1048576K
}
Event: 13.281 GC heap after
{Heap after GC invocations=10 (full 0):
 garbage-first heap   total 196608K, used 42666K [0x0000000080000000, 0x0000000100000000)
  region size 1024K, 11 young (11264K), 11 survivors (11264K)
 Metaspace       used 52828K, capacity 54189K, committed 54300K, reserved 1095680K
  class space    used 6685K, capacity 7216K, committed 7244K, reserved 1048576K
}
Event: 14.594 GC heap before
{Heap before GC invocations=10 (full 0):
 garbage-first heap   total 196608K, used 84650K [0x0000000080000000, 0x0000000100000000)
  region size 1024K, 53 young (54272K), 11 survivors (11264K)
 Metaspace       used 59074K, capacity 60477K, committed 60572K, reserved 1101824K
  class space    used 7475K, capacity 8051K, committed 8140K, reserved 1048576K
}
Event: 14.611 GC heap after
{Heap after GC invocations=11 (full 0):
 garbage-first heap   total 196608K, used 44689K [0x0000000080000000, 0x0000000100000000)
  region size 1024K, 3 young (3072K), 3 survivors (3072K)
 Metaspace       used 59074K, capacity 60477K, committed 60572K, reserved 1101824K
  class space    used 7475K, capacity 8051K, committed 8140K, reserved 1048576K
}
Event: 17.128 GC heap before
{Heap before GC invocations=12 (full 0):
 garbage-first heap   total 196608K, used 135825K [0x0000000080000000, 0x0000000100000000)
  region size 1024K, 85 young (87040K), 3 survivors (3072K)
 Metaspace       used 65162K, capacity 66662K, committed 66856K, reserved 1107968K
  class space    used 8248K, capacity 8814K, committed 8908K, reserved 1048576K
}
Event: 17.143 GC heap after
{Heap after GC invocations=13 (full 0):
 garbage-first heap   total 196608K, used 51175K [0x0000000080000000, 0x0000000100000000)
  region size 1024K, 9 young (9216K), 9 survivors (9216K)
 Metaspace       used 65162K, capacity 66662K, committed 66856K, reserved 1107968K
  class space    used 8248K, capacity 8814K, committed 8908K, reserved 1048576K
}
Event: 20.779 GC heap before
{Heap before GC invocations=13 (full 0):
 garbage-first heap   total 196608K, used 135143K [0x0000000080000000, 0x0000000100000000)
  region size 1024K, 91 young (93184K), 9 survivors (9216K)
 Metaspace       used 71040K, capacity 72639K, committed 72872K, reserved 1112064K
  class space    used 9183K, capacity 9794K, committed 9804K, reserved 1048576K
}
Event: 20.797 GC heap after
{Heap after GC invocations=14 (full 0):
 garbage-first heap   total 196608K, used 57108K [0x0000000080000000, 0x0000000100000000)
  region size 1024K, 6 young (6144K), 6 survivors (6144K)
 Metaspace       used 71040K, capacity 72639K, committed 72872K, reserved 1112064K
  class space    used 9183K, capacity 9794K, committed 9804K, reserved 1048576K
}
Event: 25.545 GC heap before
{Heap before GC invocations=14 (full 0):
 garbage-first heap   total 196608K, used 141076K [0x0000000080000000, 0x0000000100000000)
  region size 1024K, 88 young (90112K), 6 survivors (6144K)
 Metaspace       used 78997K, capacity 80769K, committed 80936K, reserved 1120256K
  class space    used 10259K, capacity 10936K, committed 10956K, reserved 1048576K
}
Event: 25.561 GC heap after
{Heap after GC invocations=15 (full 0):
 garbage-first heap   total 196608K, used 62205K [0x0000000080000000, 0x0000000100000000)
  region size 1024K, 11 young (11264K), 11 survivors (11264K)
 Metaspace       used 78997K, capacity 80769K, committed 80936K, reserved 1120256K
  class space    used 10259K, capacity 10936K, committed 10956K, reserved 1048576K
}
Event: 29.588 GC heap before
{Heap before GC invocations=15 (full 0):
 garbage-first heap   total 196608K, used 145149K [0x0000000080000000, 0x0000000100000000)
  region size 1024K, 93 young (95232K), 11 survivors (11264K)
 Metaspace       used 83501K, capacity 85773K, committed 85928K, reserved 1124352K
  class space    used 10886K, capacity 11731K, committed 11852K, reserved 1048576K
}
Event: 29.604 GC heap after
{Heap after GC invocations=16 (full 0):
 garbage-first heap   total 196608K, used 67584K [0x0000000080000000, 0x0000000100000000)
  region size 1024K, 11 young (11264K), 11 survivors (11264K)
 Metaspace       used 83501K, capacity 85773K, committed 85928K, reserved 1124352K
  class space    used 10886K, capacity 11731K, committed 11852K, reserved 1048576K
}

Deoptimization events (20 events):
Event: 32.907 Thread 0x000002dfb0c1b000 Uncommon trap: trap_request=0xffffff4d fr.pc=0x000002df9fb7ade0 relative=0x00000000000004e0
Event: 32.908 Thread 0x000002dfb0c1b000 Uncommon trap: reason=unstable_if action=reinterpret pc=0x000002df9fb7ade0 method=org.apache.xerces.impl.XMLEntityScanner.skipString(Ljava/lang/String;)Z @ 65 c2
Event: 32.908 Thread 0x000002dfb0c1b000 DEOPT PACKING pc=0x000002df9fb7ade0 sp=0x000000e681af8d10
Event: 32.908 Thread 0x000002dfb0c1b000 DEOPT UNPACKING pc=0x000002df97afa1af sp=0x000000e681af8cd0 mode 2
Event: 32.909 Thread 0x000002dfb0c1b000 Uncommon trap: trap_request=0xffffff4d fr.pc=0x000002df9fb80078 relative=0x0000000000000938
Event: 32.909 Thread 0x000002dfb0c1b000 Uncommon trap: reason=unstable_if action=reinterpret pc=0x000002df9fb80078 method=com.android.utils.PositionXmlParser$DomBuilder.findOpeningTag(Lcom/android/utils/PositionXmlParser$Position;)Lcom/android/utils/PositionXmlParser$Position; @ 81 c2
Event: 32.909 Thread 0x000002dfb0c1b000 DEOPT PACKING pc=0x000002df9fb80078 sp=0x000000e681af8ae0
Event: 32.909 Thread 0x000002dfb0c1b000 DEOPT UNPACKING pc=0x000002df97afa1af sp=0x000000e681af8a58 mode 2
Event: 33.078 Thread 0x000002dfb0c1b000 Uncommon trap: trap_request=0xffffff6e fr.pc=0x000002df9fba0008 relative=0x0000000000000a88
Event: 33.079 Thread 0x000002dfb0c1b000 Uncommon trap: reason=speculate_class_check action=maybe_recompile pc=0x000002df9fba0008 method=com.android.ide.common.resources.ResourceMergerItem.getKey()Ljava/lang/String; @ 35 c2
Event: 33.079 Thread 0x000002dfb0c1b000 DEOPT PACKING pc=0x000002df9fba0008 sp=0x000000e681af9380
Event: 33.079 Thread 0x000002dfb0c1b000 DEOPT UNPACKING pc=0x000002df97afa1af sp=0x000000e681af9338 mode 2
Event: 33.211 Thread 0x000002dfb0c1b000 Uncommon trap: trap_request=0xffffff6e fr.pc=0x000002df9fba0008 relative=0x0000000000000a88
Event: 33.211 Thread 0x000002dfb0c1b000 Uncommon trap: reason=speculate_class_check action=maybe_recompile pc=0x000002df9fba0008 method=com.android.ide.common.resources.ResourceMergerItem.getKey()Ljava/lang/String; @ 35 c2
Event: 33.211 Thread 0x000002dfb0c1b000 DEOPT PACKING pc=0x000002df9fba0008 sp=0x000000e681af93b0
Event: 33.211 Thread 0x000002dfb0c1b000 DEOPT UNPACKING pc=0x000002df97afa1af sp=0x000000e681af9360 mode 2
Event: 33.216 Thread 0x000002dfb0c1b000 Uncommon trap: trap_request=0xffffff4d fr.pc=0x000002df9f66a3f4 relative=0x00000000000008b4
Event: 33.216 Thread 0x000002dfb0c1b000 Uncommon trap: reason=unstable_if action=reinterpret pc=0x000002df9f66a3f4 method=java.lang.Integer.stringSize(I)I @ 19 c2
Event: 33.217 Thread 0x000002dfb0c1b000 DEOPT PACKING pc=0x000002df9f66a3f4 sp=0x000000e681af9260
Event: 33.217 Thread 0x000002dfb0c1b000 DEOPT UNPACKING pc=0x000002df97afa1af sp=0x000000e681af91a8 mode 2

Classes redefined (0 events):
No events

Internal exceptions (20 events):
Event: 26.434 Thread 0x000002dfb1e8c800 Exception <a 'java/lang/NoSuchMethodError'{0x000000008af28288}: <clinit>> (0x000000008af28288) thrown at [./src/hotspot/share/prims/jni.cpp, line 1366]
Event: 26.469 Thread 0x000002dfb0c16800 Exception <a 'java/lang/NoSuchMethodError'{0x000000008ae03178}: 'int java.lang.invoke.DirectMethodHandle$Holder.invokeSpecial(java.lang.Object, java.lang.Object, java.lang.Object, java.lang.Object, java.lang.Object)'> (0x000000008ae03178) thrown at [./src/hotspot/share/interpreter/linkResolver.cpp, line 773]
Event: 27.025 Thread 0x000002dfb0c1b000 Exception <a 'java/lang/NoSuchMethodError'{0x000000008a9b1b50}: 'void java.lang.invoke.DirectMethodHandle$Holder.invokeStatic(java.lang.Object, java.lang.Object, java.lang.Object, java.lang.Object, int, java.lang.Object, java.lang.Object)'> (0x000000008a9b1b50) thrown at [./src/hotspot/share/interpreter/linkResolver.cpp, line 773]
Event: 27.133 Thread 0x000002dfb6a5f000 Exception <a 'java/lang/NoSuchMethodError'{0x000000008a7642e0}: 'java.lang.Object java.lang.invoke.DirectMethodHandle$Holder.invokeSpecialIFC(java.lang.Object, java.lang.Object, java.lang.Object)'> (0x000000008a7642e0) thrown at [./src/hotspot/share/interpreter/linkResolver.cpp, line 773]
Event: 27.133 Thread 0x000002dfb6a6d000 Exception <a 'java/lang/NoSuchMethodError'{0x000000008a1610a8}: 'java.lang.Object java.lang.invoke.DirectMethodHandle$Holder.invokeSpecialIFC(java.lang.Object, java.lang.Object, java.lang.Object)'> (0x000000008a1610a8) thrown at [./src/hotspot/share/interpreter/linkResolver.cpp, line 773]
Event: 27.135 Thread 0x000002dfb6a6a800 Exception <a 'java/lang/NoSuchMethodError'{0x000000008a8f4ca0}: 'java.lang.Object java.lang.invoke.DirectMethodHandle$Holder.invokeSpecialIFC(java.lang.Object, java.lang.Object, java.lang.Object)'> (0x000000008a8f4ca0) thrown at [./src/hotspot/share/interpreter/linkResolver.cpp, line 773]
Event: 27.135 Thread 0x000002dfb0c1b000 Exception <a 'java/lang/NoSuchMethodError'{0x000000008a14d418}: 'java.lang.Object java.lang.invoke.DirectMethodHandle$Holder.invokeSpecialIFC(java.lang.Object, java.lang.Object, java.lang.Object)'> (0x000000008a14d418) thrown at [./src/hotspot/share/interpreter/linkResolver.cpp, line 773]
Event: 27.136 Thread 0x000002dfb6a65800 Exception <a 'java/lang/NoSuchMethodError'{0x000000008a4d22c8}: 'java.lang.Object java.lang.invoke.DirectMethodHandle$Holder.invokeSpecialIFC(java.lang.Object, java.lang.Object, java.lang.Object)'> (0x000000008a4d22c8) thrown at [./src/hotspot/share/interpreter/linkResolver.cpp, line 773]
Event: 27.137 Thread 0x000002dfb31c8000 Exception <a 'java/lang/NoSuchMethodError'{0x000000008a114350}: 'java.lang.Object java.lang.invoke.DirectMethodHandle$Holder.invokeSpecialIFC(java.lang.Object, java.lang.Object, java.lang.Object)'> (0x000000008a114350) thrown at [./src/hotspot/share/interpreter/linkResolver.cpp, line 773]
Event: 27.137 Thread 0x000002dfb31c6800 Exception <a 'java/lang/NoSuchMethodError'{0x000000008a7a5140}: 'java.lang.Object java.lang.invoke.DirectMethodHandle$Holder.invokeSpecialIFC(java.lang.Object, java.lang.Object, java.lang.Object)'> (0x000000008a7a5140) thrown at [./src/hotspot/share/interpreter/linkResolver.cpp, line 773]
Event: 27.138 Thread 0x000002dfb6a64000 Exception <a 'java/lang/NoSuchMethodError'{0x000000008a135630}: 'java.lang.Object java.lang.invoke.DirectMethodHandle$Holder.invokeSpecialIFC(java.lang.Object, java.lang.Object, java.lang.Object)'> (0x000000008a135630) thrown at [./src/hotspot/share/interpreter/linkResolver.cpp, line 773]
Event: 28.168 Thread 0x000002dfb2f57800 Implicit null exception at 0x000002df9fb06d5b to 0x000002df9fb06dec
Event: 28.506 Thread 0x000002dfb0c1b000 Exception <a 'java/lang/NoSuchMethodError'{0x0000000087556068}: 'void java.lang.invoke.DirectMethodHandle$Holder.invokeInterface(java.lang.Object, java.lang.Object, java.lang.Object, java.lang.Object)'> (0x0000000087556068) thrown at [./src/hotspot/share/interpreter/linkResolver.cpp, line 773]
Event: 28.591 Thread 0x000002dfb0c1b000 Exception <a 'java/lang/NoSuchMethodError'{0x0000000087498d78}: 'void java.lang.invoke.DirectMethodHandle$Holder.invokeVirtual(java.lang.Object, java.lang.Object)'> (0x0000000087498d78) thrown at [./src/hotspot/share/interpreter/linkResolver.cpp, line 773]
Event: 33.253 Thread 0x000002dfb0c1b000 Exception <a 'java/lang/NoSuchMethodError'{0x000000008787ae80}: <clinit>> (0x000000008787ae80) thrown at [./src/hotspot/share/prims/jni.cpp, line 1366]
Event: 33.255 Thread 0x000002dfb0c1b000 Exception <a 'java/lang/NoSuchMethodError'{0x000000008788cbd0}: <clinit>> (0x000000008788cbd0) thrown at [./src/hotspot/share/prims/jni.cpp, line 1366]
Event: 33.294 Thread 0x000002dfb0c1b000 Exception <a 'java/lang/NoSuchMethodError'{0x0000000087706208}: <clinit>> (0x0000000087706208) thrown at [./src/hotspot/share/prims/jni.cpp, line 1366]
Event: 33.294 Thread 0x000002dfb0c1b000 Exception <a 'java/lang/NoSuchMethodError'{0x0000000087709078}: <clinit>> (0x0000000087709078) thrown at [./src/hotspot/share/prims/jni.cpp, line 1366]
Event: 33.294 Thread 0x000002dfb0c1b000 Exception <a 'java/lang/NoSuchMethodError'{0x000000008770dd00}: <clinit>> (0x000000008770dd00) thrown at [./src/hotspot/share/prims/jni.cpp, line 1366]
Event: 33.295 Thread 0x000002dfb0c1b000 Exception <a 'java/lang/NoSuchMethodError'{0x0000000087719748}: <clinit>> (0x0000000087719748) thrown at [./src/hotspot/share/prims/jni.cpp, line 1366]

Events (20 events):
Event: 33.244 loading class org/gradle/workers/internal/AdapterWorkAction
Event: 33.244 loading class org/gradle/workers/internal/AdapterWorkAction done
Event: 33.245 loading class org/gradle/workers/internal/ProvidesWorkResult
Event: 33.245 loading class org/gradle/workers/internal/ProvidesWorkResult done
Event: 33.245 loading class org/gradle/workers/ProcessWorkerSpec
Event: 33.245 loading class org/gradle/workers/ProcessWorkerSpec done
Event: 33.246 loading class org/gradle/workers/ClassLoaderWorkerSpec
Event: 33.246 loading class org/gradle/workers/ClassLoaderWorkerSpec done
Event: 33.247 loading class org/gradle/workers/internal/FixedClassLoaderWorkerRequirement
Event: 33.247 loading class org/gradle/workers/internal/FixedClassLoaderWorkerRequirement done
Event: 33.248 loading class org/gradle/workers/internal/AbstractWorkerRequirement
Event: 33.248 loading class org/gradle/workers/internal/AbstractWorkerRequirement done
Event: 33.249 loading class org/gradle/workers/internal/IsolatedClassLoaderWorkerRequirement
Event: 33.249 loading class org/gradle/workers/internal/IsolatedClassLoaderWorkerRequirement done
Event: 33.255 loading class com/android/ide/common/resources/MergedResourceWriter$1
Event: 33.255 loading class com/android/ide/common/resources/MergedResourceWriter$1 done
Event: 33.259 loading class com/android/ide/common/util/PathString
Event: 33.259 loading class com/android/ide/common/util/PathString done
Event: 33.284 loading class com/android/ide/common/rendering/api/ResourceReference
Event: 33.284 loading class com/android/ide/common/rendering/api/ResourceReference done


Dynamic libraries:
0x00007ff78c320000 - 0x00007ff78c32a000 	C:\Program Files\Android\Android Studio\jre\bin\java.exe
0x00007ffd9d640000 - 0x00007ffd9d849000 	C:\WINDOWS\SYSTEM32\ntdll.dll
0x00007ffd9bea0000 - 0x00007ffd9bf5e000 	C:\WINDOWS\System32\KERNEL32.DLL
0x00007ffd9ad80000 - 0x00007ffd9b0fb000 	C:\WINDOWS\System32\KERNELBASE.dll
0x00007ffd9b2e0000 - 0x00007ffd9b3f1000 	C:\WINDOWS\System32\ucrtbase.dll
0x00007ffd91b80000 - 0x00007ffd91b97000 	C:\Program Files\Android\Android Studio\jre\bin\VCRUNTIME140.dll
0x00007ffd91c90000 - 0x00007ffd91ca9000 	C:\Program Files\Android\Android Studio\jre\bin\jli.dll
0x00007ffd9bbe0000 - 0x00007ffd9bd8d000 	C:\WINDOWS\System32\USER32.dll
0x00007ffd9ab10000 - 0x00007ffd9ab36000 	C:\WINDOWS\System32\win32u.dll
0x00007ffd871e0000 - 0x00007ffd87485000 	C:\WINDOWS\WinSxS\amd64_microsoft.windows.common-controls_6595b64144ccf1df_6.0.22000.120_none_9d947278b86cc467\COMCTL32.dll
0x00007ffd9be70000 - 0x00007ffd9be99000 	C:\WINDOWS\System32\GDI32.dll
0x00007ffd9d1e0000 - 0x00007ffd9d283000 	C:\WINDOWS\System32\msvcrt.dll
0x00007ffd9ac60000 - 0x00007ffd9ad78000 	C:\WINDOWS\System32\gdi32full.dll
0x00007ffd9abc0000 - 0x00007ffd9ac5d000 	C:\WINDOWS\System32\msvcp_win.dll
0x00007ffd9bb00000 - 0x00007ffd9bb32000 	C:\WINDOWS\System32\IMM32.DLL
0x00007ffd918d0000 - 0x00007ffd9196d000 	C:\Program Files\Android\Android Studio\jre\bin\msvcp140.dll
0x00007ffd40c60000 - 0x00007ffd41762000 	C:\Program Files\Android\Android Studio\jre\bin\server\jvm.dll
0x00007ffd9c7f0000 - 0x00007ffd9c89e000 	C:\WINDOWS\System32\ADVAPI32.dll
0x00007ffd9d450000 - 0x00007ffd9d4ee000 	C:\WINDOWS\System32\sechost.dll
0x00007ffd9b680000 - 0x00007ffd9b7a0000 	C:\WINDOWS\System32\RPCRT4.dll
0x00007ffd9c8a0000 - 0x00007ffd9c8a8000 	C:\WINDOWS\System32\PSAPI.DLL
0x00007ffd850b0000 - 0x00007ffd850b9000 	C:\WINDOWS\SYSTEM32\WSOCK32.dll
0x00007ffd8a630000 - 0x00007ffd8a663000 	C:\WINDOWS\SYSTEM32\WINMM.dll
0x00007ffd9c720000 - 0x00007ffd9c78f000 	C:\WINDOWS\System32\WS2_32.dll
0x00007ffd895c0000 - 0x00007ffd895ca000 	C:\WINDOWS\SYSTEM32\VERSION.dll
0x00007ffd99b50000 - 0x00007ffd99b68000 	C:\WINDOWS\SYSTEM32\kernel.appcore.dll
0x00007ffd96e90000 - 0x00007ffd96ea1000 	C:\Program Files\Android\Android Studio\jre\bin\verify.dll
0x00007ffd985c0000 - 0x00007ffd987e1000 	C:\WINDOWS\SYSTEM32\DBGHELP.DLL
0x00007ffd96340000 - 0x00007ffd96371000 	C:\WINDOWS\SYSTEM32\dbgcore.DLL
0x00007ffd9ab40000 - 0x00007ffd9abbf000 	C:\WINDOWS\System32\bcryptPrimitives.dll
0x00007ffd92330000 - 0x00007ffd92359000 	C:\Program Files\Android\Android Studio\jre\bin\java.dll
0x00007ffd96e70000 - 0x00007ffd96e7b000 	C:\Program Files\Android\Android Studio\jre\bin\jimage.dll
0x00007ffd958a0000 - 0x00007ffd958b8000 	C:\Program Files\Android\Android Studio\jre\bin\zip.dll
0x00007ffd9bf60000 - 0x00007ffd9c717000 	C:\WINDOWS\System32\SHELL32.dll
0x00007ffd98bc0000 - 0x00007ffd99425000 	C:\WINDOWS\SYSTEM32\windows.storage.dll
0x00007ffd9c970000 - 0x00007ffd9cce8000 	C:\WINDOWS\System32\combase.dll
0x00007ffd98a50000 - 0x00007ffd98bb6000 	C:\WINDOWS\SYSTEM32\wintypes.dll
0x00007ffd9ba10000 - 0x00007ffd9bafa000 	C:\WINDOWS\System32\SHCORE.dll
0x00007ffd9b920000 - 0x00007ffd9b97d000 	C:\WINDOWS\System32\shlwapi.dll
0x00007ffd9aa40000 - 0x00007ffd9aa61000 	C:\WINDOWS\SYSTEM32\profapi.dll
0x00007ffd92250000 - 0x00007ffd9226a000 	C:\Program Files\Android\Android Studio\jre\bin\net.dll
0x00007ffd8ae80000 - 0x00007ffd8af94000 	C:\WINDOWS\SYSTEM32\WINHTTP.dll
0x00007ffd99ff0000 - 0x00007ffd9a057000 	C:\WINDOWS\system32\mswsock.dll
0x00007ffd92230000 - 0x00007ffd92244000 	C:\Program Files\Android\Android Studio\jre\bin\nio.dll
0x00007ffd91140000 - 0x00007ffd91167000 	C:\Users\Padma\.gradle\native\e1d6ef7f7dcc3fd88c89a11ec53ec762bb8ba0a96d01ffa2cd45eb1d1d8dd5c5\windows-amd64\native-platform.dll
0x00007ffd62e50000 - 0x00007ffd62f94000 	C:\Users\Padma\.gradle\native\0d407fdbe67a94daf76414ababcb853783967236a71b16ec16e742cd7a986fd3\windows-amd64\native-platform-file-events.dll
0x00007ffd96580000 - 0x00007ffd9658a000 	C:\Program Files\Android\Android Studio\jre\bin\management.dll
0x00007ffd92690000 - 0x00007ffd9269d000 	C:\Program Files\Android\Android Studio\jre\bin\management_ext.dll
0x00007ffd9a270000 - 0x00007ffd9a288000 	C:\WINDOWS\SYSTEM32\CRYPTSP.dll
0x00007ffd99ab0000 - 0x00007ffd99ae5000 	C:\WINDOWS\system32\rsaenh.dll
0x00007ffd9a100000 - 0x00007ffd9a129000 	C:\WINDOWS\SYSTEM32\USERENV.dll
0x00007ffd9a400000 - 0x00007ffd9a427000 	C:\WINDOWS\SYSTEM32\bcrypt.dll
0x00007ffd9a290000 - 0x00007ffd9a29c000 	C:\WINDOWS\SYSTEM32\CRYPTBASE.dll
0x00007ffd99680000 - 0x00007ffd996ad000 	C:\WINDOWS\SYSTEM32\IPHLPAPI.DLL
0x00007ffd9bb40000 - 0x00007ffd9bb49000 	C:\WINDOWS\System32\NSI.dll
0x00007ffd8ad70000 - 0x00007ffd8ad89000 	C:\WINDOWS\SYSTEM32\dhcpcsvc6.DLL
0x00007ffd946f0000 - 0x00007ffd9470e000 	C:\WINDOWS\SYSTEM32\dhcpcsvc.DLL
0x00007ffd996b0000 - 0x00007ffd99798000 	C:\WINDOWS\SYSTEM32\DNSAPI.dll

dbghelp: loaded successfully - version: 4.0.5 - missing functions: none
symbol engine: initialized successfully - sym options: 0x614 - pdb path: .;C:\Program Files\Android\Android Studio\jre\bin;C:\WINDOWS\SYSTEM32;C:\WINDOWS\WinSxS\amd64_microsoft.windows.common-controls_6595b64144ccf1df_6.0.22000.120_none_9d947278b86cc467;C:\Program Files\Android\Android Studio\jre\bin\server;C:\Users\Padma\.gradle\native\e1d6ef7f7dcc3fd88c89a11ec53ec762bb8ba0a96d01ffa2cd45eb1d1d8dd5c5\windows-amd64;C:\Users\Padma\.gradle\native\0d407fdbe67a94daf76414ababcb853783967236a71b16ec16e742cd7a986fd3\windows-amd64

VM Arguments:
jvm_args: --add-opens=java.base/java.util=ALL-UNNAMED --add-opens=java.base/java.lang=ALL-UNNAMED --add-opens=java.base/java.lang.invoke=ALL-UNNAMED --add-opens=java.base/java.util=ALL-UNNAMED --add-opens=java.prefs/java.util.prefs=ALL-UNNAMED --add-opens=java.prefs/java.util.prefs=ALL-UNNAMED --add-opens=java.base/java.nio.charset=ALL-UNNAMED --add-opens=java.base/java.net=ALL-UNNAMED --add-opens=java.base/java.util.concurrent.atomic=ALL-UNNAMED -Xmx2048m -Dfile.encoding=UTF-8 -Duser.country=CA -Duser.language=en -Duser.variant 
java_command: org.gradle.launcher.daemon.bootstrap.GradleDaemon 7.4
java_class_path (initial): C:\Users\Padma\.gradle\wrapper\dists\gradle-7.4-bin\c0gwcg53nkjbqw7r0h0umtfvt\gradle-7.4\lib\gradle-launcher-7.4.jar
Launcher Type: SUN_STANDARD

[Global flags]
     intx CICompilerCount                          = 4                                         {product} {ergonomic}
     uint ConcGCThreads                            = 2                                         {product} {ergonomic}
     uint G1ConcRefinementThreads                  = 8                                         {product} {ergonomic}
   size_t G1HeapRegionSize                         = 1048576                                   {product} {ergonomic}
    uintx GCDrainStackTargetSize                   = 64                                        {product} {ergonomic}
   size_t InitialHeapSize                          = 201326592                                 {product} {ergonomic}
   size_t MarkStackSize                            = 4194304                                   {product} {ergonomic}
   size_t MaxHeapSize                              = 2147483648                                {product} {command line}
   size_t MaxNewSize                               = 1287651328                                {product} {ergonomic}
   size_t MinHeapDeltaBytes                        = 1048576                                   {product} {ergonomic}
    uintx NonNMethodCodeHeapSize                   = 5836300                                {pd product} {ergonomic}
    uintx NonProfiledCodeHeapSize                  = 122910970                              {pd product} {ergonomic}
    uintx ProfiledCodeHeapSize                     = 122910970                              {pd product} {ergonomic}
    uintx ReservedCodeCacheSize                    = 251658240                              {pd product} {ergonomic}
     bool SegmentedCodeCache                       = true                                      {product} {ergonomic}
     bool UseCompressedClassPointers               = true                                 {lp64_product} {ergonomic}
     bool UseCompressedOops                        = true                                 {lp64_product} {ergonomic}
     bool UseG1GC                                  = true                                      {product} {ergonomic}
     bool UseLargePagesIndividualAllocation        = false                                  {pd product} {ergonomic}

Logging:
Log output configuration:
 #0: stdout all=warning uptime,level,tags
 #1: stderr all=off uptime,level,tags

Environment Variables:
JAVA_HOME=C:\Program Files\Amazon Corretto\jdk11.0.15_9
PATH=C:\Program Files\Common Files\Oracle\Java\javapath;E:\app\Padma\product\12.1.0\dbhome_1\bin;C:\Program Files (x86)\VMware\VMware Workstation\bin\;C:\Program Files\Amazon Corretto\jdk11.0.15_9\bin;C:\Program Files (x86)\Python38-32\Scripts\;C:\Program Files (x86)\Python38-32\;C:\WINDOWS\system32;C:\WINDOWS;C:\WINDOWS\System32\Wbem;C:\WINDOWS\System32\WindowsPowerShell\v1.0\;C:\WINDOWS\System32\OpenSSH\;C:\Program Files\Intel\WiFi\bin\;C:\Program Files\Common Files\Intel\WirelessCommon\;C:\Program Files (x86)\Intel\Intel(R) Management Engine Components\DAL;C:\Program Files\Intel\Intel(R) Management Engine Components\DAL;C:\Program Files\dotnet\;C:\Program Files\Microsoft SQL Server\Client SDK\ODBC\170\Tools\Binn\;C:\Program Files (x86)\Microsoft SQL Server\150\Tools\Binn\;C:\Program Files\Microsoft SQL Server\150\Tools\Binn\;C:\Program Files\Microsoft SQL Server\150\DTS\Binn\;C:\Program Files\Azure Data Studio\bin;C:\Program Files (x86)\Microsoft SQL Server\150\DTS\Binn\;C:\Program Files\Git\cmd;C:\Program Files\MySQL\MySQL Shell 8.0\bin\;C:\Users\Padma\AppData\Local\Microsoft\WindowsApps;C:\Users\Padma\AppData\Local\Programs\Microsoft VS Code\bin;C:\Program Files\Azure Data Studio\bin;
USERNAME=Padma
OS=Windows_NT
PROCESSOR_IDENTIFIER=Intel64 Family 6 Model 142 Stepping 10, GenuineIntel



---------------  S Y S T E M  ---------------

OS: Windows 11 , 64 bit Build 22000 (10.0.22000.1335)
OS uptime: 0 days 22:55 hours
Hyper-V role detected

CPU:total 8 (initial active 8) (4 cores per cpu, 2 threads per core) family 6 model 142 stepping 10 microcode 0xf0, cmov, cx8, fxsr, mmx, sse, sse2, sse3, ssse3, sse4.1, sse4.2, popcnt, avx, avx2, aes, clmul, erms, 3dnowpref, lzcnt, ht, tsc, tscinvbit, bmi1, bmi2, adx, fma

Memory: 4k page, system-wide physical 12185M (1472M free)
TotalPageFile size 16283M (AvailPageFile size 5M)
current process WorkingSet (physical memory assigned to process): 435M, peak: 440M
current process commit charge ("private bytes"): 491M, peak: 494M

vm_info: OpenJDK 64-Bit Server VM (11.0.13+0-b1751.21-8125866) for windows-amd64 JRE (11.0.13+0-b1751.21-8125866), built on Feb  2 2022 03:00:22 by "builder" with MS VC++ 14.0 (VS2015)

END.
