#
# There is insufficient memory for the Java Runtime Environment to continue.
# Native memory allocation (malloc) failed to allocate 983536 bytes for Chunk::new
# Possible reasons:
#   The system is out of physical RAM or swap space
#   The process is running with CompressedOops enabled, and the Java Heap may be blocking the growth of the native heap
# Possible solutions:
#   Reduce memory load on the system
#   Increase physical memory or swap space
#   Check if swap backing store is full
#   Decrease Java heap size (-Xmx/-Xms)
#   Decrease number of Java threads
#   Decrease Java thread stack sizes (-Xss)
#   Set larger code cache with -XX:ReservedCodeCacheSize=
#   JVM is running with Unscaled Compressed Oops mode in which the Java heap is
#     placed in the first 4GB address space. The Java Heap base address is the
#     maximum limit for the native heap growth. Please use -XX:HeapBaseMinAddress
#     to set the Java Heap base and to place the Java Heap above 4GB virtual address.
# This output file may be truncated or incomplete.
#
#  Out of Memory Error (./src/hotspot/share/memory/arena.cpp:197), pid=5472, tid=4248
#
# JRE version: OpenJDK Runtime Environment (11.0.13) (build 11.0.13+0-b1751.21-8125866)
# Java VM: OpenJDK 64-Bit Server VM (11.0.13+0-b1751.21-8125866, mixed mode, tiered, compressed oops, g1 gc, windows-amd64)
# No core dump will be written. Minidumps are not enabled by default on client versions of Windows
#

---------------  S U M M A R Y ------------

Command Line: --add-opens=java.base/java.util=ALL-UNNAMED --add-opens=java.base/java.lang=ALL-UNNAMED --add-opens=java.base/java.lang.invoke=ALL-UNNAMED --add-opens=java.base/java.util=ALL-UNNAMED --add-opens=java.prefs/java.util.prefs=ALL-UNNAMED --add-opens=java.prefs/java.util.prefs=ALL-UNNAMED --add-opens=java.base/java.nio.charset=ALL-UNNAMED --add-opens=java.base/java.net=ALL-UNNAMED --add-opens=java.base/java.util.concurrent.atomic=ALL-UNNAMED -Xmx2048m -Dfile.encoding=UTF-8 -Duser.country=CA -Duser.language=en -Duser.variant org.gradle.launcher.daemon.bootstrap.GradleDaemon 7.4

Host: Intel(R) Core(TM) i7-8550U CPU @ 1.80GHz, 8 cores, 11G,  Windows 11 , 64 bit Build 22000 (10.0.22000.1335)
Time: Thu Jan 12 23:13:58 2023 Eastern Standard Time elapsed time: 21.652193 seconds (0d 0h 0m 21s)

---------------  T H R E A D  ---------------

Current thread (0x0000023208c8f000):  JavaThread "C2 CompilerThread2" daemon [_thread_in_native, id=4248, stack(0x0000004354700000,0x0000004354800000)]


Current CompileTask:
C2:  21652 10604  s!   4       jdk.internal.loader.URLClassPath::getLoader (194 bytes)

Stack: [0x0000004354700000,0x0000004354800000]
Native frames: (J=compiled Java code, j=interpreted, Vv=VM code, C=native code)
V  [jvm.dll+0x6100fa]
V  [jvm.dll+0x747090]
V  [jvm.dll+0x7486ad]
V  [jvm.dll+0x748d83]
V  [jvm.dll+0x24ab48]
V  [jvm.dll+0xc04dc]
V  [jvm.dll+0xc0a0c]
V  [jvm.dll+0x35eb9d]
V  [jvm.dll+0x19d7bc]
V  [jvm.dll+0x2033be]
V  [jvm.dll+0x202437]
V  [jvm.dll+0x188e01]
V  [jvm.dll+0x21106b]
V  [jvm.dll+0x20f8c1]
V  [jvm.dll+0x70de0f]
V  [jvm.dll+0x706a75]
V  [jvm.dll+0x60ed66]
C  [ucrtbase.dll+0x26c0c]
C  [KERNEL32.DLL+0x155a0]
C  [ntdll.dll+0x485b]


---------------  P R O C E S S  ---------------

Threads class SMR info:
_java_thread_list=0x0000023206ee62a0, length=142, elements={
0x00000232649a4000, 0x000002327ee6f000, 0x000002327ee70000, 0x000002327f6e9800,
0x000002327f6ea800, 0x000002327f6eb800, 0x000002327f6ed800, 0x000002327f6fa000,
0x000002327f700800, 0x000002327f871800, 0x00000232018c9800, 0x000002327f95a800,
0x000002327f95c800, 0x000002320182f800, 0x00000232015fd800, 0x0000023201c00000,
0x0000023202318000, 0x0000023202368000, 0x00000232010ae000, 0x00000232013c9000,
0x0000023202fab000, 0x0000023202fad000, 0x0000023202fa7800, 0x0000023202057800,
0x0000023202fac800, 0x0000023202faa000, 0x0000023202fa8800, 0x0000023202fae000,
0x0000023202fab800, 0x0000023202fa9000, 0x00000232058e0800, 0x00000232058e2800,
0x00000232058e3800, 0x00000232058e5000, 0x00000232058df800, 0x00000232058e6000,
0x00000232058e2000, 0x00000232058e7000, 0x00000232058e1000, 0x00000232058e7800,
0x00000232058ea000, 0x00000232058ed800, 0x00000232058ec800, 0x00000232058ee000,
0x00000232058e8800, 0x00000232058e9800, 0x00000232058eb000, 0x00000232058eb800,
0x000002327f71f000, 0x000002327f720800, 0x000002327f71f800, 0x000002327f725800,
0x000002327f726000, 0x000002327f723000, 0x000002327f723800, 0x000002327f722000,
0x000002327f727000, 0x000002327f724800, 0x000002327f721800, 0x000002327f72c800,
0x000002327f729800, 0x000002327f728000, 0x000002327f72b000, 0x000002327f72d800,
0x000002327f728800, 0x000002327f72a800, 0x000002327f72c000, 0x0000023202d80000,
0x0000023202d7d800, 0x0000023202d7e800, 0x0000023202d81000, 0x0000023202d7f800,
0x0000023202d7c000, 0x0000023202d7b000, 0x0000023202d7d000, 0x0000023202d85000,
0x0000023202d82000, 0x0000023202d86000, 0x0000023202d86800, 0x0000023202d87800,
0x0000023202d88800, 0x0000023202d82800, 0x0000023202d89000, 0x0000023202d83800,
0x0000023202d8a000, 0x0000023202d84000, 0x0000023206604000, 0x0000023206603800,
0x0000023206608800, 0x0000023206607800, 0x0000023206602800, 0x0000023206606000,
0x0000023206605000, 0x000002320660a800, 0x0000023206606800, 0x000002320660d000,
0x0000023206609000, 0x000002320660e000, 0x000002320660a000, 0x000002320660f000,
0x000002320660f800, 0x0000023206610800, 0x0000023206611000, 0x000002320660b800,
0x000002320660c800, 0x0000023204f08000, 0x0000023204f09000, 0x0000023204f07800,
0x0000023204f0a800, 0x0000023204f0b800, 0x0000023204f0a000, 0x0000023204f06000,
0x0000023204f0c800, 0x0000023204f06800, 0x0000023204f11000, 0x0000023204f10800,
0x0000023204f12000, 0x0000023204f13000, 0x0000023204f0f000, 0x0000023204f0d000,
0x0000023204f13800, 0x0000023204f0e000, 0x0000023204f0f800, 0x0000023208c8f000,
0x0000023205922000, 0x0000023205920800, 0x0000023205921000, 0x000002320591e800,
0x000002320591c800, 0x000002320591f800, 0x0000023205923000, 0x000002320591d000,
0x0000023205923800, 0x000002320591e000, 0x0000023205924800, 0x0000023205926000,
0x0000023205927800, 0x0000023205927000, 0x0000023205925800, 0x0000023205928800,
0x0000023205929800, 0x000002320592a000
}

Java Threads: ( => current thread )
  0x00000232649a4000 JavaThread "main" [_thread_blocked, id=9244, stack(0x000000434bd00000,0x000000434be00000)]
  0x000002327ee6f000 JavaThread "Reference Handler" daemon [_thread_blocked, id=16664, stack(0x000000434c400000,0x000000434c500000)]
  0x000002327ee70000 JavaThread "Finalizer" daemon [_thread_blocked, id=9972, stack(0x000000434c500000,0x000000434c600000)]
  0x000002327f6e9800 JavaThread "Signal Dispatcher" daemon [_thread_blocked, id=13472, stack(0x000000434c600000,0x000000434c700000)]
  0x000002327f6ea800 JavaThread "Attach Listener" daemon [_thread_blocked, id=11828, stack(0x000000434c700000,0x000000434c800000)]
  0x000002327f6eb800 JavaThread "Service Thread" daemon [_thread_blocked, id=17076, stack(0x000000434c800000,0x000000434c900000)]
  0x000002327f6ed800 JavaThread "C2 CompilerThread0" daemon [_thread_in_native, id=12352, stack(0x000000434c900000,0x000000434ca00000)]
  0x000002327f6fa000 JavaThread "C1 CompilerThread0" daemon [_thread_in_native, id=11008, stack(0x000000434ca00000,0x000000434cb00000)]
  0x000002327f700800 JavaThread "Sweeper thread" daemon [_thread_blocked, id=1736, stack(0x000000434cb00000,0x000000434cc00000)]
  0x000002327f871800 JavaThread "Common-Cleaner" daemon [_thread_blocked, id=15400, stack(0x000000434cc00000,0x000000434cd00000)]
  0x00000232018c9800 JavaThread "Daemon health stats" [_thread_blocked, id=7472, stack(0x000000434d300000,0x000000434d400000)]
  0x000002327f95a800 JavaThread "Incoming local TCP Connector on port 53697" [_thread_in_native, id=4640, stack(0x000000434ce00000,0x000000434cf00000)]
  0x000002327f95c800 JavaThread "Daemon periodic checks" [_thread_blocked, id=7644, stack(0x000000434cf00000,0x000000434d000000)]
  0x000002320182f800 JavaThread "Daemon" [_thread_blocked, id=17544, stack(0x000000434d400000,0x000000434d500000)]
  0x00000232015fd800 JavaThread "Handler for socket connection from /127.0.0.1:53697 to /127.0.0.1:53698" [_thread_in_native, id=5452, stack(0x000000434d500000,0x000000434d600000)]
  0x0000023201c00000 JavaThread "Cancel handler" [_thread_blocked, id=11840, stack(0x000000434d600000,0x000000434d700000)]
  0x0000023202318000 JavaThread "Daemon worker" [_thread_blocked, id=8456, stack(0x000000434d700000,0x000000434d800000)]
  0x0000023202368000 JavaThread "Asynchronous log dispatcher for DefaultDaemonConnection: socket connection from /127.0.0.1:53697 to /127.0.0.1:53698" [_thread_blocked, id=11268, stack(0x000000434d800000,0x000000434d900000)]
  0x00000232010ae000 JavaThread "Stdin handler" [_thread_blocked, id=9164, stack(0x000000434d900000,0x000000434da00000)]
  0x00000232013c9000 JavaThread "Daemon client event forwarder" [_thread_blocked, id=12112, stack(0x000000434da00000,0x000000434db00000)]
  0x0000023202fab000 JavaThread "Cache worker for journal cache (C:\Users\Padma\.gradle\caches\journal-1)" [_thread_blocked, id=9156, stack(0x000000434db00000,0x000000434dc00000)]
  0x0000023202fad000 JavaThread "File lock request listener" [_thread_in_native, id=6860, stack(0x000000434dc00000,0x000000434dd00000)]
  0x0000023202fa7800 JavaThread "Cache worker for file hash cache (C:\Users\Padma\.gradle\caches\7.4\fileHashes)" [_thread_blocked, id=5500, stack(0x000000434dd00000,0x000000434de00000)]
  0x0000023202057800 JavaThread "C2 CompilerThread1" daemon [_thread_in_native, id=9576, stack(0x000000434e300000,0x000000434e400000)]
  0x0000023202fac800 JavaThread "File watcher server" daemon [_thread_in_native, id=17224, stack(0x000000434e500000,0x000000434e600000)]
  0x0000023202faa000 JavaThread "File watcher consumer" daemon [_thread_blocked, id=10576, stack(0x000000434e600000,0x000000434e700000)]
  0x0000023202fa8800 JavaThread "Cache worker for checksums cache (C:\Users\Padma\AndroidStudioProjects\PadmasAndroidLabs\.gradle\7.4\checksums)" [_thread_blocked, id=3652, stack(0x000000434e700000,0x000000434e800000)]
  0x0000023202fae000 JavaThread "Cache worker for cache directory md-rule (C:\Users\Padma\.gradle\caches\7.4\md-rule)" [_thread_blocked, id=16132, stack(0x000000434e800000,0x000000434e900000)]
  0x0000023202fab800 JavaThread "Cache worker for file hash cache (C:\Users\Padma\AndroidStudioProjects\PadmasAndroidLabs\.gradle\7.4\fileHashes)" [_thread_blocked, id=13816, stack(0x000000434e900000,0x000000434ea00000)]
  0x0000023202fa9000 JavaThread "Cache worker for cache directory md-supplier (C:\Users\Padma\.gradle\caches\7.4\md-supplier)" [_thread_blocked, id=9796, stack(0x000000434ea00000,0x000000434eb00000)]
  0x00000232058e0800 JavaThread "Cache worker for execution history cache (C:\Users\Padma\.gradle\caches\7.4\executionHistory)" [_thread_blocked, id=15068, stack(0x000000434eb00000,0x000000434ec00000)]
  0x00000232058e2800 JavaThread "jar transforms" [_thread_blocked, id=4432, stack(0x000000434ec00000,0x000000434ed00000)]
  0x00000232058e3800 JavaThread "Cache worker for file content cache (C:\Users\Padma\.gradle\caches\7.4\fileContent)" [_thread_blocked, id=10108, stack(0x000000434ed00000,0x000000434ee00000)]
  0x00000232058e5000 JavaThread "jar transforms Thread 2" [_thread_blocked, id=9632, stack(0x000000434ee00000,0x000000434ef00000)]
  0x00000232058df800 JavaThread "Cache worker for dependencies-accessors (C:\Users\Padma\AndroidStudioProjects\PadmasAndroidLabs\.gradle\7.4\dependencies-accessors)" [_thread_blocked, id=15132, stack(0x000000434ef00000,0x000000434f000000)]
  0x00000232058e6000 JavaThread "jar transforms Thread 3" [_thread_blocked, id=17660, stack(0x000000434f000000,0x000000434f100000)]
  0x00000232058e2000 JavaThread "Cache worker for Build Output Cleanup Cache (C:\Users\Padma\AndroidStudioProjects\PadmasAndroidLabs\.gradle\buildOutputCleanup)" [_thread_blocked, id=764, stack(0x000000434f100000,0x000000434f200000)]
  0x00000232058e7000 JavaThread "Unconstrained build operations" [_thread_blocked, id=4820, stack(0x000000434f200000,0x000000434f300000)]
  0x00000232058e1000 JavaThread "Unconstrained build operations Thread 2" [_thread_blocked, id=1576, stack(0x000000434f300000,0x000000434f400000)]
  0x00000232058e7800 JavaThread "Unconstrained build operations Thread 3" [_thread_blocked, id=9664, stack(0x000000434f400000,0x000000434f500000)]
  0x00000232058ea000 JavaThread "Unconstrained build operations Thread 4" [_thread_blocked, id=4500, stack(0x000000434f500000,0x000000434f600000)]
  0x00000232058ed800 JavaThread "Unconstrained build operations Thread 5" [_thread_blocked, id=11692, stack(0x000000434f600000,0x000000434f700000)]
  0x00000232058ec800 JavaThread "Unconstrained build operations Thread 6" [_thread_blocked, id=13888, stack(0x000000434f700000,0x000000434f800000)]
  0x00000232058ee000 JavaThread "Unconstrained build operations Thread 7" [_thread_blocked, id=17848, stack(0x000000434f800000,0x000000434f900000)]
  0x00000232058e8800 JavaThread "Unconstrained build operations Thread 8" [_thread_blocked, id=7968, stack(0x000000434f900000,0x000000434fa00000)]
  0x00000232058e9800 JavaThread "Unconstrained build operations Thread 9" [_thread_blocked, id=4932, stack(0x000000434fa00000,0x000000434fb00000)]
  0x00000232058eb000 JavaThread "Unconstrained build operations Thread 10" [_thread_blocked, id=956, stack(0x000000434fb00000,0x000000434fc00000)]
  0x00000232058eb800 JavaThread "Unconstrained build operations Thread 11" [_thread_blocked, id=7736, stack(0x000000434fc00000,0x000000434fd00000)]
  0x000002327f71f000 JavaThread "Unconstrained build operations Thread 12" [_thread_blocked, id=3112, stack(0x000000434fd00000,0x000000434fe00000)]
  0x000002327f720800 JavaThread "Unconstrained build operations Thread 13" [_thread_blocked, id=9008, stack(0x000000434fe00000,0x000000434ff00000)]
  0x000002327f71f800 JavaThread "Unconstrained build operations Thread 14" [_thread_blocked, id=15752, stack(0x000000434ff00000,0x0000004350000000)]
  0x000002327f725800 JavaThread "Unconstrained build operations Thread 15" [_thread_blocked, id=14804, stack(0x0000004350000000,0x0000004350100000)]
  0x000002327f726000 JavaThread "Unconstrained build operations Thread 16" [_thread_blocked, id=12248, stack(0x0000004350100000,0x0000004350200000)]
  0x000002327f723000 JavaThread "Unconstrained build operations Thread 17" [_thread_blocked, id=11596, stack(0x0000004350200000,0x0000004350300000)]
  0x000002327f723800 JavaThread "Unconstrained build operations Thread 18" [_thread_blocked, id=8728, stack(0x0000004350300000,0x0000004350400000)]
  0x000002327f722000 JavaThread "Unconstrained build operations Thread 19" [_thread_blocked, id=2572, stack(0x0000004350400000,0x0000004350500000)]
  0x000002327f727000 JavaThread "Unconstrained build operations Thread 20" [_thread_blocked, id=11560, stack(0x0000004350500000,0x0000004350600000)]
  0x000002327f724800 JavaThread "Unconstrained build operations Thread 21" [_thread_blocked, id=1168, stack(0x0000004350600000,0x0000004350700000)]
  0x000002327f721800 JavaThread "Unconstrained build operations Thread 22" [_thread_blocked, id=13204, stack(0x0000004350700000,0x0000004350800000)]
  0x000002327f72c800 JavaThread "Unconstrained build operations Thread 23" [_thread_blocked, id=11524, stack(0x0000004350800000,0x0000004350900000)]
  0x000002327f729800 JavaThread "Unconstrained build operations Thread 24" [_thread_blocked, id=8184, stack(0x0000004350900000,0x0000004350a00000)]
  0x000002327f728000 JavaThread "Unconstrained build operations Thread 25" [_thread_blocked, id=13716, stack(0x0000004350a00000,0x0000004350b00000)]
  0x000002327f72b000 JavaThread "Unconstrained build operations Thread 26" [_thread_blocked, id=14924, stack(0x0000004350b00000,0x0000004350c00000)]
  0x000002327f72d800 JavaThread "Unconstrained build operations Thread 27" [_thread_blocked, id=1324, stack(0x0000004350c00000,0x0000004350d00000)]
  0x000002327f728800 JavaThread "Unconstrained build operations Thread 28" [_thread_blocked, id=17336, stack(0x0000004350d00000,0x0000004350e00000)]
  0x000002327f72a800 JavaThread "Unconstrained build operations Thread 29" [_thread_blocked, id=9792, stack(0x0000004350e00000,0x0000004350f00000)]
  0x000002327f72c000 JavaThread "Unconstrained build operations Thread 30" [_thread_blocked, id=11504, stack(0x0000004350f00000,0x0000004351000000)]
  0x0000023202d80000 JavaThread "Unconstrained build operations Thread 31" [_thread_blocked, id=3920, stack(0x0000004351000000,0x0000004351100000)]
  0x0000023202d7d800 JavaThread "Unconstrained build operations Thread 32" [_thread_blocked, id=3516, stack(0x0000004351100000,0x0000004351200000)]
  0x0000023202d7e800 JavaThread "Unconstrained build operations Thread 33" [_thread_blocked, id=1068, stack(0x0000004351200000,0x0000004351300000)]
  0x0000023202d81000 JavaThread "Unconstrained build operations Thread 34" [_thread_blocked, id=17228, stack(0x0000004351300000,0x0000004351400000)]
  0x0000023202d7f800 JavaThread "Unconstrained build operations Thread 35" [_thread_blocked, id=520, stack(0x0000004351400000,0x0000004351500000)]
  0x0000023202d7c000 JavaThread "Unconstrained build operations Thread 36" [_thread_blocked, id=2216, stack(0x0000004351500000,0x0000004351600000)]
  0x0000023202d7b000 JavaThread "Unconstrained build operations Thread 37" [_thread_blocked, id=1920, stack(0x0000004351600000,0x0000004351700000)]
  0x0000023202d7d000 JavaThread "Unconstrained build operations Thread 38" [_thread_blocked, id=5000, stack(0x0000004351700000,0x0000004351800000)]
  0x0000023202d85000 JavaThread "Unconstrained build operations Thread 39" [_thread_blocked, id=12592, stack(0x0000004351800000,0x0000004351900000)]
  0x0000023202d82000 JavaThread "Unconstrained build operations Thread 40" [_thread_blocked, id=4848, stack(0x0000004351900000,0x0000004351a00000)]
  0x0000023202d86000 JavaThread "Unconstrained build operations Thread 41" [_thread_blocked, id=14016, stack(0x0000004351a00000,0x0000004351b00000)]
  0x0000023202d86800 JavaThread "Unconstrained build operations Thread 42" [_thread_blocked, id=13104, stack(0x0000004351b00000,0x0000004351c00000)]
  0x0000023202d87800 JavaThread "Unconstrained build operations Thread 43" [_thread_blocked, id=9716, stack(0x0000004351c00000,0x0000004351d00000)]
  0x0000023202d88800 JavaThread "Unconstrained build operations Thread 44" [_thread_blocked, id=9596, stack(0x0000004351d00000,0x0000004351e00000)]
  0x0000023202d82800 JavaThread "Unconstrained build operations Thread 45" [_thread_blocked, id=3220, stack(0x0000004351e00000,0x0000004351f00000)]
  0x0000023202d89000 JavaThread "Unconstrained build operations Thread 46" [_thread_blocked, id=9616, stack(0x0000004351f00000,0x0000004352000000)]
  0x0000023202d83800 JavaThread "Unconstrained build operations Thread 47" [_thread_blocked, id=6652, stack(0x0000004352000000,0x0000004352100000)]
  0x0000023202d8a000 JavaThread "Unconstrained build operations Thread 48" [_thread_blocked, id=336, stack(0x0000004352100000,0x0000004352200000)]
  0x0000023202d84000 JavaThread "Unconstrained build operations Thread 49" [_thread_blocked, id=18892, stack(0x0000004352200000,0x0000004352300000)]
  0x0000023206604000 JavaThread "Unconstrained build operations Thread 50" [_thread_blocked, id=2632, stack(0x0000004352300000,0x0000004352400000)]
  0x0000023206603800 JavaThread "Unconstrained build operations Thread 51" [_thread_blocked, id=14344, stack(0x0000004352400000,0x0000004352500000)]
  0x0000023206608800 JavaThread "Unconstrained build operations Thread 52" [_thread_blocked, id=7468, stack(0x0000004352500000,0x0000004352600000)]
  0x0000023206607800 JavaThread "Unconstrained build operations Thread 53" [_thread_blocked, id=13300, stack(0x0000004352600000,0x0000004352700000)]
  0x0000023206602800 JavaThread "Unconstrained build operations Thread 54" [_thread_blocked, id=8628, stack(0x0000004352700000,0x0000004352800000)]
  0x0000023206606000 JavaThread "Unconstrained build operations Thread 55" [_thread_blocked, id=3500, stack(0x0000004352800000,0x0000004352900000)]
  0x0000023206605000 JavaThread "Unconstrained build operations Thread 56" [_thread_blocked, id=11920, stack(0x0000004352900000,0x0000004352a00000)]
  0x000002320660a800 JavaThread "Unconstrained build operations Thread 57" [_thread_blocked, id=19024, stack(0x0000004352a00000,0x0000004352b00000)]
  0x0000023206606800 JavaThread "Unconstrained build operations Thread 58" [_thread_blocked, id=3416, stack(0x0000004352b00000,0x0000004352c00000)]
  0x000002320660d000 JavaThread "Unconstrained build operations Thread 59" [_thread_blocked, id=9368, stack(0x0000004352c00000,0x0000004352d00000)]
  0x0000023206609000 JavaThread "Unconstrained build operations Thread 60" [_thread_blocked, id=4980, stack(0x0000004352d00000,0x0000004352e00000)]
  0x000002320660e000 JavaThread "Unconstrained build operations Thread 61" [_thread_blocked, id=8204, stack(0x0000004352e00000,0x0000004352f00000)]
  0x000002320660a000 JavaThread "Unconstrained build operations Thread 62" [_thread_blocked, id=3876, stack(0x0000004352f00000,0x0000004353000000)]
  0x000002320660f000 JavaThread "Unconstrained build operations Thread 63" [_thread_blocked, id=15052, stack(0x0000004353000000,0x0000004353100000)]
  0x000002320660f800 JavaThread "Unconstrained build operations Thread 64" [_thread_blocked, id=18932, stack(0x0000004353100000,0x0000004353200000)]
  0x0000023206610800 JavaThread "Unconstrained build operations Thread 65" [_thread_blocked, id=2608, stack(0x0000004353200000,0x0000004353300000)]
  0x0000023206611000 JavaThread "Unconstrained build operations Thread 66" [_thread_blocked, id=6924, stack(0x0000004353300000,0x0000004353400000)]
  0x000002320660b800 JavaThread "Unconstrained build operations Thread 67" [_thread_blocked, id=1236, stack(0x0000004353400000,0x0000004353500000)]
  0x000002320660c800 JavaThread "Unconstrained build operations Thread 68" [_thread_blocked, id=19436, stack(0x0000004353500000,0x0000004353600000)]
  0x0000023204f08000 JavaThread "Unconstrained build operations Thread 69" [_thread_blocked, id=7580, stack(0x0000004353600000,0x0000004353700000)]
  0x0000023204f09000 JavaThread "Unconstrained build operations Thread 70" [_thread_blocked, id=10336, stack(0x0000004353700000,0x0000004353800000)]
  0x0000023204f07800 JavaThread "Unconstrained build operations Thread 71" [_thread_blocked, id=6008, stack(0x0000004353800000,0x0000004353900000)]
  0x0000023204f0a800 JavaThread "Unconstrained build operations Thread 72" [_thread_blocked, id=9180, stack(0x0000004353900000,0x0000004353a00000)]
  0x0000023204f0b800 JavaThread "Unconstrained build operations Thread 73" [_thread_blocked, id=8688, stack(0x0000004353a00000,0x0000004353b00000)]
  0x0000023204f0a000 JavaThread "Unconstrained build operations Thread 74" [_thread_blocked, id=15668, stack(0x0000004353b00000,0x0000004353c00000)]
  0x0000023204f06000 JavaThread "Unconstrained build operations Thread 75" [_thread_blocked, id=12612, stack(0x0000004353c00000,0x0000004353d00000)]
  0x0000023204f0c800 JavaThread "Unconstrained build operations Thread 76" [_thread_blocked, id=16368, stack(0x0000004353d00000,0x0000004353e00000)]
  0x0000023204f06800 JavaThread "Unconstrained build operations Thread 77" [_thread_blocked, id=19068, stack(0x0000004353e00000,0x0000004353f00000)]
  0x0000023204f11000 JavaThread "Unconstrained build operations Thread 78" [_thread_blocked, id=18712, stack(0x0000004353f00000,0x0000004354000000)]
  0x0000023204f10800 JavaThread "Unconstrained build operations Thread 79" [_thread_blocked, id=19016, stack(0x0000004354000000,0x0000004354100000)]
  0x0000023204f12000 JavaThread "Unconstrained build operations Thread 80" [_thread_blocked, id=13880, stack(0x0000004354100000,0x0000004354200000)]
  0x0000023204f13000 JavaThread "jar transforms Thread 4" [_thread_blocked, id=6216, stack(0x0000004354200000,0x0000004354300000)]
  0x0000023204f0f000 JavaThread "jar transforms Thread 5" [_thread_blocked, id=11772, stack(0x0000004354300000,0x0000004354400000)]
  0x0000023204f0d000 JavaThread "jar transforms Thread 6" [_thread_blocked, id=3328, stack(0x0000004354400000,0x0000004354500000)]
  0x0000023204f13800 JavaThread "jar transforms Thread 7" [_thread_blocked, id=17156, stack(0x0000004354500000,0x0000004354600000)]
  0x0000023204f0e000 JavaThread "jar transforms Thread 8" [_thread_blocked, id=1116, stack(0x0000004354600000,0x0000004354700000)]
  0x0000023204f0f800 JavaThread "Memory manager" [_thread_blocked, id=9516, stack(0x000000434e400000,0x000000434e500000)]
=>0x0000023208c8f000 JavaThread "C2 CompilerThread2" daemon [_thread_in_native, id=4248, stack(0x0000004354700000,0x0000004354800000)]
  0x0000023205922000 JavaThread "build event listener" [_thread_blocked, id=3240, stack(0x0000004354800000,0x0000004354900000)]
  0x0000023205920800 JavaThread "included builds" [_thread_blocked, id=13952, stack(0x0000004354900000,0x0000004354a00000)]
  0x0000023205921000 JavaThread "Execution worker for ':'" [_thread_blocked, id=13676, stack(0x0000004354a00000,0x0000004354b00000)]
  0x000002320591e800 JavaThread "Execution worker for ':' Thread 2" [_thread_blocked, id=17652, stack(0x0000004354b00000,0x0000004354c00000)]
  0x000002320591c800 JavaThread "Execution worker for ':' Thread 3" [_thread_blocked, id=12348, stack(0x0000004354c00000,0x0000004354d00000)]
  0x000002320591f800 JavaThread "Execution worker for ':' Thread 4" [_thread_blocked, id=3872, stack(0x0000004354d00000,0x0000004354e00000)]
  0x0000023205923000 JavaThread "Execution worker for ':' Thread 5" [_thread_blocked, id=13708, stack(0x0000004354e00000,0x0000004354f00000)]
  0x000002320591d000 JavaThread "Execution worker for ':' Thread 6" [_thread_blocked, id=17356, stack(0x0000004354f00000,0x0000004355000000)]
  0x0000023205923800 JavaThread "Execution worker for ':' Thread 7" [_thread_blocked, id=17540, stack(0x0000004355000000,0x0000004355100000)]
  0x000002320591e000 JavaThread "Cache worker for execution history cache (C:\Users\Padma\AndroidStudioProjects\PadmasAndroidLabs\.gradle\7.4\executionHistory)" [_thread_blocked, id=3080, stack(0x0000004355100000,0x0000004355200000)]
  0x0000023205924800 JavaThread "WorkerExecutor Queue" [_thread_in_Java, id=8228, stack(0x0000004355600000,0x0000004355700000)]
  0x0000023205926000 JavaThread "WorkerExecutor Queue Thread 2" [_thread_in_native, id=14964, stack(0x0000004355700000,0x0000004355800000)]
  0x0000023205927800 JavaThread "WorkerExecutor Queue Thread 3" [_thread_in_native, id=18832, stack(0x0000004355800000,0x0000004355900000)]
  0x0000023205927000 JavaThread "WorkerExecutor Queue Thread 4" [_thread_in_native, id=18856, stack(0x0000004355900000,0x0000004355a00000)]
  0x0000023205925800 JavaThread "WorkerExecutor Queue Thread 5" [_thread_in_Java, id=13180, stack(0x0000004355a00000,0x0000004355b00000)]
  0x0000023205928800 JavaThread "WorkerExecutor Queue Thread 6" [_thread_in_vm, id=11508, stack(0x0000004355b00000,0x0000004355c00000)]
  0x0000023205929800 JavaThread "WorkerExecutor Queue Thread 7" [_thread_in_native, id=8500, stack(0x0000004355c00000,0x0000004355d00000)]
  0x000002320592a000 JavaThread "WorkerExecutor Queue Thread 8" [_thread_in_Java, id=14376, stack(0x0000004355d00000,0x0000004355e00000)]

Other Threads:
  0x000002327ee5c800 VMThread "VM Thread" [stack: 0x000000434c300000,0x000000434c400000] [id=14812]
  0x000002327f898800 WatcherThread [stack: 0x000000434cd00000,0x000000434ce00000] [id=3932]
  0x00000232649bd000 GCTaskThread "GC Thread#0" [stack: 0x000000434be00000,0x000000434bf00000] [id=7696]
  0x0000023200db7800 GCTaskThread "GC Thread#1" [stack: 0x000000434d000000,0x000000434d100000] [id=9100]
  0x0000023200e8f000 GCTaskThread "GC Thread#2" [stack: 0x000000434d100000,0x000000434d200000] [id=9876]
  0x0000023200e5c000 GCTaskThread "GC Thread#3" [stack: 0x000000434d200000,0x000000434d300000] [id=18428]
  0x000002320279e800 GCTaskThread "GC Thread#4" [stack: 0x000000434de00000,0x000000434df00000] [id=9572]
  0x00000232019fd000 GCTaskThread "GC Thread#5" [stack: 0x000000434df00000,0x000000434e000000] [id=4584]
  0x0000023200be8000 GCTaskThread "GC Thread#6" [stack: 0x000000434e000000,0x000000434e100000] [id=7856]
  0x0000023202741800 GCTaskThread "GC Thread#7" [stack: 0x000000434e100000,0x000000434e200000] [id=8408]
  0x00000232649ed800 ConcurrentGCThread "G1 Main Marker" [stack: 0x000000434bf00000,0x000000434c000000] [id=13456]
  0x00000232649ef800 ConcurrentGCThread "G1 Conc#0" [stack: 0x000000434c000000,0x000000434c100000] [id=4928]
  0x0000023200d43800 ConcurrentGCThread "G1 Conc#1" [stack: 0x000000434e200000,0x000000434e300000] [id=18732]
  0x000002327ecc8800 ConcurrentGCThread "G1 Refine#0" [stack: 0x000000434c100000,0x000000434c200000] [id=8836]
  0x0000023209110000 ConcurrentGCThread "G1 Refine#1" [stack: 0x0000004355200000,0x0000004355300000] [id=19020]
  0x000002320a55c800 ConcurrentGCThread "G1 Refine#2" [stack: 0x0000004355300000,0x0000004355400000] [id=14384]
  0x0000023209098000 ConcurrentGCThread "G1 Refine#3" [stack: 0x0000004355400000,0x0000004355500000] [id=3400]
  0x000002320219b000 ConcurrentGCThread "G1 Refine#4" [stack: 0x0000004355500000,0x0000004355600000] [id=6540]
  0x000002327eccb800 ConcurrentGCThread "G1 Young RemSet Sampling" [stack: 0x000000434c200000,0x000000434c300000] [id=18596]

Threads with active compile tasks:
C2 CompilerThread0  21689 10313   !   4       java.io.ObjectOutputStream::writeObject0 (619 bytes)
C1 CompilerThread0  21689 10901       2       com.android.aaptcompiler.TableExtractor::parseXml (564 bytes)
C2 CompilerThread1  21689 10458   !   4       java.io.ObjectInputStream::readSerialData (563 bytes)
C2 CompilerThread2  21689 10604  s!   4       jdk.internal.loader.URLClassPath::getLoader (194 bytes)

VM state:not at safepoint (normal execution)

VM Mutex/Monitor currently owned by a thread: None

Heap address: 0x0000000080000000, size: 2048 MB, Compressed Oops mode: 32-bit
Narrow klass base: 0x0000000000000000, Narrow klass shift: 3
Compressed class space size: 1073741824 Address: 0x0000000100000000

Heap:
 garbage-first heap   total 197632K, used 110567K [0x0000000080000000, 0x0000000100000000)
  region size 1024K, 14 young (14336K), 5 survivors (5120K)
 Metaspace       used 88491K, capacity 90576K, committed 91260K, reserved 1128448K
  class space    used 11236K, capacity 12027K, committed 12236K, reserved 1048576K
Heap Regions: E=young(eden), S=young(survivor), O=old, HS=humongous(starts), HC=humongous(continues), CS=collection set, F=free, A=archive, TAMS=top-at-mark-start (previous, next)
|   0|0x0000000080000000, 0x0000000080100000, 0x0000000080100000|100%| O|  |TAMS 0x0000000080100000, 0x0000000080000000| Untracked 
|   1|0x0000000080100000, 0x0000000080200000, 0x0000000080200000|100%| O|  |TAMS 0x0000000080200000, 0x0000000080100000| Untracked 
|   2|0x0000000080200000, 0x0000000080300000, 0x0000000080300000|100%| O|  |TAMS 0x0000000080300000, 0x0000000080200000| Untracked 
|   3|0x0000000080300000, 0x0000000080400000, 0x0000000080400000|100%|HS|  |TAMS 0x0000000080400000, 0x0000000080300000| Complete 
|   4|0x0000000080400000, 0x0000000080500000, 0x0000000080500000|100%|HC|  |TAMS 0x0000000080500000, 0x0000000080400000| Complete 
|   5|0x0000000080500000, 0x0000000080600000, 0x0000000080600000|100%|HC|  |TAMS 0x0000000080600000, 0x0000000080500000| Complete 
|   6|0x0000000080600000, 0x0000000080700000, 0x0000000080700000|100%| O|  |TAMS 0x0000000080700000, 0x0000000080600000| Untracked 
|   7|0x0000000080700000, 0x0000000080800000, 0x0000000080800000|100%| O|  |TAMS 0x0000000080800000, 0x0000000080700000| Untracked 
|   8|0x0000000080800000, 0x0000000080900000, 0x0000000080900000|100%| O|  |TAMS 0x0000000080900000, 0x0000000080800000| Untracked 
|   9|0x0000000080900000, 0x0000000080a00000, 0x0000000080a00000|100%| O|  |TAMS 0x0000000080a00000, 0x0000000080900000| Untracked 
|  10|0x0000000080a00000, 0x0000000080b00000, 0x0000000080b00000|100%| O|  |TAMS 0x0000000080b00000, 0x0000000080a00000| Untracked 
|  11|0x0000000080b00000, 0x0000000080c00000, 0x0000000080c00000|100%| O|  |TAMS 0x0000000080c00000, 0x0000000080b00000| Untracked 
|  12|0x0000000080c00000, 0x0000000080d00000, 0x0000000080d00000|100%| O|  |TAMS 0x0000000080d00000, 0x0000000080c00000| Untracked 
|  13|0x0000000080d00000, 0x0000000080e00000, 0x0000000080e00000|100%| O|  |TAMS 0x0000000080e00000, 0x0000000080d00000| Untracked 
|  14|0x0000000080e00000, 0x0000000080f00000, 0x0000000080f00000|100%| O|  |TAMS 0x0000000080f00000, 0x0000000080e00000| Untracked 
|  15|0x0000000080f00000, 0x0000000081000000, 0x0000000081000000|100%| O|  |TAMS 0x0000000081000000, 0x0000000080f00000| Untracked 
|  16|0x0000000081000000, 0x0000000081100000, 0x0000000081100000|100%|HS|  |TAMS 0x0000000081100000, 0x0000000081000000| Complete 
|  17|0x0000000081100000, 0x0000000081200000, 0x0000000081200000|100%|HS|  |TAMS 0x0000000081200000, 0x0000000081100000| Complete 
|  18|0x0000000081200000, 0x0000000081300000, 0x0000000081300000|100%| O|  |TAMS 0x0000000081300000, 0x0000000081200000| Untracked 
|  19|0x0000000081300000, 0x0000000081400000, 0x0000000081400000|100%|HS|  |TAMS 0x0000000081400000, 0x0000000081300000| Complete 
|  20|0x0000000081400000, 0x0000000081500000, 0x0000000081500000|100%|HC|  |TAMS 0x0000000081500000, 0x0000000081400000| Complete 
|  21|0x0000000081500000, 0x0000000081600000, 0x0000000081600000|100%| O|  |TAMS 0x0000000081600000, 0x0000000081500000| Untracked 
|  22|0x0000000081600000, 0x0000000081700000, 0x0000000081700000|100%| O|  |TAMS 0x0000000081700000, 0x0000000081600000| Untracked 
|  23|0x0000000081700000, 0x0000000081800000, 0x0000000081800000|100%| O|  |TAMS 0x0000000081800000, 0x0000000081700000| Untracked 
|  24|0x0000000081800000, 0x0000000081900000, 0x0000000081900000|100%| O|  |TAMS 0x0000000081900000, 0x0000000081800000| Untracked 
|  25|0x0000000081900000, 0x0000000081a00000, 0x0000000081a00000|100%| O|  |TAMS 0x0000000081a00000, 0x0000000081900000| Untracked 
|  26|0x0000000081a00000, 0x0000000081b00000, 0x0000000081b00000|100%| O|  |TAMS 0x0000000081b00000, 0x0000000081a00000| Untracked 
|  27|0x0000000081b00000, 0x0000000081c00000, 0x0000000081c00000|100%| O|  |TAMS 0x0000000081c00000, 0x0000000081b00000| Untracked 
|  28|0x0000000081c00000, 0x0000000081d00000, 0x0000000081d00000|100%| O|  |TAMS 0x0000000081d00000, 0x0000000081c00000| Untracked 
|  29|0x0000000081d00000, 0x0000000081e00000, 0x0000000081e00000|100%| O|  |TAMS 0x0000000081e00000, 0x0000000081d00000| Untracked 
|  30|0x0000000081e00000, 0x0000000081f00000, 0x0000000081f00000|100%| O|  |TAMS 0x0000000081f00000, 0x0000000081e00000| Untracked 
|  31|0x0000000081f00000, 0x0000000082000000, 0x0000000082000000|100%| O|  |TAMS 0x0000000082000000, 0x0000000081f00000| Untracked 
|  32|0x0000000082000000, 0x0000000082100000, 0x0000000082100000|100%| O|  |TAMS 0x0000000082100000, 0x0000000082000000| Untracked 
|  33|0x0000000082100000, 0x0000000082200000, 0x0000000082200000|100%| O|  |TAMS 0x0000000082200000, 0x0000000082100000| Untracked 
|  34|0x0000000082200000, 0x0000000082300000, 0x0000000082300000|100%| O|  |TAMS 0x0000000082300000, 0x0000000082200000| Untracked 
|  35|0x0000000082300000, 0x0000000082400000, 0x0000000082400000|100%| O|  |TAMS 0x0000000082400000, 0x0000000082300000| Untracked 
|  36|0x0000000082400000, 0x0000000082500000, 0x0000000082500000|100%| O|  |TAMS 0x0000000082500000, 0x0000000082400000| Untracked 
|  37|0x0000000082500000, 0x0000000082600000, 0x0000000082600000|100%| O|  |TAMS 0x0000000082600000, 0x0000000082500000| Untracked 
|  38|0x0000000082600000, 0x0000000082700000, 0x0000000082700000|100%| O|  |TAMS 0x0000000082700000, 0x0000000082600000| Untracked 
|  39|0x0000000082700000, 0x0000000082800000, 0x0000000082800000|100%| O|  |TAMS 0x0000000082800000, 0x0000000082700000| Untracked 
|  40|0x0000000082800000, 0x0000000082900000, 0x0000000082900000|100%| O|  |TAMS 0x0000000082900000, 0x0000000082800000| Untracked 
|  41|0x0000000082900000, 0x0000000082a00000, 0x0000000082a00000|100%| O|  |TAMS 0x0000000082a00000, 0x0000000082900000| Untracked 
|  42|0x0000000082a00000, 0x0000000082b00000, 0x0000000082b00000|100%| O|  |TAMS 0x0000000082b00000, 0x0000000082a00000| Untracked 
|  43|0x0000000082b00000, 0x0000000082c00000, 0x0000000082c00000|100%| O|  |TAMS 0x0000000082c00000, 0x0000000082b00000| Untracked 
|  44|0x0000000082c00000, 0x0000000082d00000, 0x0000000082d00000|100%| O|  |TAMS 0x0000000082d00000, 0x0000000082c00000| Untracked 
|  45|0x0000000082d00000, 0x0000000082e00000, 0x0000000082e00000|100%| O|  |TAMS 0x0000000082e00000, 0x0000000082d00000| Untracked 
|  46|0x0000000082e00000, 0x0000000082f00000, 0x0000000082f00000|100%| O|  |TAMS 0x0000000082f00000, 0x0000000082e00000| Untracked 
|  47|0x0000000082f00000, 0x0000000083000000, 0x0000000083000000|100%| O|  |TAMS 0x0000000083000000, 0x0000000082f00000| Untracked 
|  48|0x0000000083000000, 0x0000000083100000, 0x0000000083100000|100%| O|  |TAMS 0x0000000083100000, 0x0000000083000000| Untracked 
|  49|0x0000000083100000, 0x0000000083200000, 0x0000000083200000|100%| O|  |TAMS 0x0000000083200000, 0x0000000083100000| Untracked 
|  50|0x0000000083200000, 0x0000000083300000, 0x0000000083300000|100%| O|  |TAMS 0x0000000083300000, 0x0000000083200000| Untracked 
|  51|0x0000000083300000, 0x0000000083400000, 0x0000000083400000|100%| O|  |TAMS 0x0000000083400000, 0x0000000083300000| Untracked 
|  52|0x0000000083400000, 0x0000000083500000, 0x0000000083500000|100%| O|  |TAMS 0x0000000083500000, 0x0000000083400000| Untracked 
|  53|0x0000000083500000, 0x0000000083600000, 0x0000000083600000|100%| O|  |TAMS 0x0000000083600000, 0x0000000083500000| Untracked 
|  54|0x0000000083600000, 0x0000000083700000, 0x0000000083700000|100%| O|  |TAMS 0x0000000083700000, 0x0000000083600000| Untracked 
|  55|0x0000000083700000, 0x0000000083800000, 0x0000000083800000|100%| O|  |TAMS 0x0000000083800000, 0x0000000083700000| Untracked 
|  56|0x0000000083800000, 0x0000000083900000, 0x0000000083900000|100%| O|  |TAMS 0x0000000083900000, 0x0000000083800000| Untracked 
|  57|0x0000000083900000, 0x0000000083a00000, 0x0000000083a00000|100%| O|  |TAMS 0x0000000083900000, 0x0000000083900000| Untracked 
|  58|0x0000000083a00000, 0x0000000083b00000, 0x0000000083b00000|100%| O|  |TAMS 0x0000000083b00000, 0x0000000083a00000| Untracked 
|  59|0x0000000083b00000, 0x0000000083c00000, 0x0000000083c00000|100%|HS|  |TAMS 0x0000000083c00000, 0x0000000083b00000| Complete 
|  60|0x0000000083c00000, 0x0000000083c00000, 0x0000000083d00000|  0%| F|  |TAMS 0x0000000083c00000, 0x0000000083c00000| Untracked 
|  61|0x0000000083d00000, 0x0000000083d00000, 0x0000000083e00000|  0%| F|  |TAMS 0x0000000083d00000, 0x0000000083d00000| Untracked 
|  62|0x0000000083e00000, 0x0000000083e00000, 0x0000000083f00000|  0%| F|  |TAMS 0x0000000083e00000, 0x0000000083e00000| Untracked 
|  63|0x0000000083f00000, 0x0000000083f00000, 0x0000000084000000|  0%| F|  |TAMS 0x0000000083f00000, 0x0000000083f00000| Untracked 
|  64|0x0000000084000000, 0x0000000084000000, 0x0000000084100000|  0%| F|  |TAMS 0x0000000084000000, 0x0000000084000000| Untracked 
|  65|0x0000000084100000, 0x0000000084100000, 0x0000000084200000|  0%| F|  |TAMS 0x0000000084100000, 0x0000000084100000| Untracked 
|  66|0x0000000084200000, 0x0000000084300000, 0x0000000084300000|100%| O|  |TAMS 0x0000000084300000, 0x0000000084200000| Untracked 
|  67|0x0000000084300000, 0x0000000084400000, 0x0000000084400000|100%| O|  |TAMS 0x0000000084400000, 0x0000000084300000| Untracked 
|  68|0x0000000084400000, 0x0000000084500000, 0x0000000084500000|100%| O|  |TAMS 0x0000000084500000, 0x0000000084400000| Untracked 
|  69|0x0000000084500000, 0x0000000084600000, 0x0000000084600000|100%| O|  |TAMS 0x0000000084600000, 0x0000000084500000| Untracked 
|  70|0x0000000084600000, 0x0000000084700000, 0x0000000084700000|100%| O|  |TAMS 0x0000000084700000, 0x0000000084600000| Untracked 
|  71|0x0000000084700000, 0x0000000084800000, 0x0000000084800000|100%| O|  |TAMS 0x0000000084800000, 0x0000000084700000| Untracked 
|  72|0x0000000084800000, 0x0000000084900000, 0x0000000084900000|100%| O|  |TAMS 0x0000000084900000, 0x0000000084800000| Untracked 
|  73|0x0000000084900000, 0x0000000084a00000, 0x0000000084a00000|100%| O|  |TAMS 0x0000000084a00000, 0x0000000084900000| Untracked 
|  74|0x0000000084a00000, 0x0000000084b00000, 0x0000000084b00000|100%| O|  |TAMS 0x0000000084b00000, 0x0000000084a00000| Untracked 
|  75|0x0000000084b00000, 0x0000000084c00000, 0x0000000084c00000|100%| O|  |TAMS 0x0000000084c00000, 0x0000000084b00000| Untracked 
|  76|0x0000000084c00000, 0x0000000084d00000, 0x0000000084d00000|100%| O|  |TAMS 0x0000000084d00000, 0x0000000084c00000| Untracked 
|  77|0x0000000084d00000, 0x0000000084e00000, 0x0000000084e00000|100%| O|  |TAMS 0x0000000084e00000, 0x0000000084d00000| Untracked 
|  78|0x0000000084e00000, 0x0000000084f00000, 0x0000000084f00000|100%| O|  |TAMS 0x0000000084f00000, 0x0000000084e00000| Untracked 
|  79|0x0000000084f00000, 0x0000000085000000, 0x0000000085000000|100%| O|  |TAMS 0x0000000085000000, 0x0000000084f00000| Untracked 
|  80|0x0000000085000000, 0x0000000085100000, 0x0000000085100000|100%| O|  |TAMS 0x0000000085100000, 0x0000000085000000| Untracked 
|  81|0x0000000085100000, 0x0000000085200000, 0x0000000085200000|100%| O|  |TAMS 0x0000000085200000, 0x0000000085100000| Untracked 
|  82|0x0000000085200000, 0x0000000085300000, 0x0000000085300000|100%| O|  |TAMS 0x0000000085300000, 0x0000000085200000| Untracked 
|  83|0x0000000085300000, 0x0000000085400000, 0x0000000085400000|100%| O|  |TAMS 0x0000000085400000, 0x0000000085300000| Untracked 
|  84|0x0000000085400000, 0x0000000085500000, 0x0000000085500000|100%| O|  |TAMS 0x0000000085500000, 0x0000000085400000| Untracked 
|  85|0x0000000085500000, 0x0000000085600000, 0x0000000085600000|100%| O|  |TAMS 0x0000000085600000, 0x0000000085500000| Untracked 
|  86|0x0000000085600000, 0x0000000085700000, 0x0000000085700000|100%| O|  |TAMS 0x0000000085700000, 0x0000000085600000| Untracked 
|  87|0x0000000085700000, 0x0000000085800000, 0x0000000085800000|100%| O|  |TAMS 0x0000000085800000, 0x0000000085700000| Untracked 
|  88|0x0000000085800000, 0x0000000085900000, 0x0000000085900000|100%| O|  |TAMS 0x0000000085900000, 0x0000000085800000| Untracked 
|  89|0x0000000085900000, 0x0000000085a00000, 0x0000000085a00000|100%| O|  |TAMS 0x0000000085a00000, 0x0000000085900000| Untracked 
|  90|0x0000000085a00000, 0x0000000085b00000, 0x0000000085b00000|100%| O|  |TAMS 0x0000000085b00000, 0x0000000085a00000| Untracked 
|  91|0x0000000085b00000, 0x0000000085c00000, 0x0000000085c00000|100%| O|  |TAMS 0x0000000085c00000, 0x0000000085b00000| Untracked 
|  92|0x0000000085c00000, 0x0000000085d00000, 0x0000000085d00000|100%| O|  |TAMS 0x0000000085d00000, 0x0000000085c00000| Untracked 
|  93|0x0000000085d00000, 0x0000000085d00000, 0x0000000085e00000|  0%| F|  |TAMS 0x0000000085d00000, 0x0000000085d00000| Untracked 
|  94|0x0000000085e00000, 0x0000000085e00000, 0x0000000085f00000|  0%| F|  |TAMS 0x0000000085e00000, 0x0000000085e00000| Untracked 
|  95|0x0000000085f00000, 0x0000000085f00000, 0x0000000086000000|  0%| F|  |TAMS 0x0000000085f00000, 0x0000000085f00000| Untracked 
|  96|0x0000000086000000, 0x0000000086100000, 0x0000000086100000|100%| O|  |TAMS 0x0000000086100000, 0x0000000086000000| Untracked 
|  97|0x0000000086100000, 0x0000000086200000, 0x0000000086200000|100%| O|  |TAMS 0x0000000086200000, 0x0000000086100000| Untracked 
|  98|0x0000000086200000, 0x0000000086300000, 0x0000000086300000|100%| O|  |TAMS 0x0000000086300000, 0x0000000086200000| Untracked 
|  99|0x0000000086300000, 0x0000000086400000, 0x0000000086400000|100%| O|  |TAMS 0x0000000086400000, 0x0000000086300000| Untracked 
| 100|0x0000000086400000, 0x0000000086500000, 0x0000000086500000|100%| O|  |TAMS 0x00000000864cda00, 0x0000000086400000| Untracked 
| 101|0x0000000086500000, 0x0000000086500000, 0x0000000086600000|  0%| F|  |TAMS 0x0000000086500000, 0x0000000086500000| Untracked 
| 102|0x0000000086600000, 0x0000000086600000, 0x0000000086700000|  0%| F|  |TAMS 0x0000000086600000, 0x0000000086600000| Untracked 
| 103|0x0000000086700000, 0x0000000086700000, 0x0000000086800000|  0%| F|  |TAMS 0x0000000086700000, 0x0000000086700000| Untracked 
| 104|0x0000000086800000, 0x0000000086900000, 0x0000000086900000|100%| O|  |TAMS 0x0000000086800000, 0x0000000086800000| Untracked 
| 105|0x0000000086900000, 0x00000000869f9c00, 0x0000000086a00000| 97%| O|  |TAMS 0x0000000086900000, 0x0000000086900000| Untracked 
| 106|0x0000000086a00000, 0x0000000086a00000, 0x0000000086b00000|  0%| F|  |TAMS 0x0000000086a00000, 0x0000000086a00000| Untracked 
| 107|0x0000000086b00000, 0x0000000086b00000, 0x0000000086c00000|  0%| F|  |TAMS 0x0000000086b00000, 0x0000000086b00000| Untracked 
| 108|0x0000000086c00000, 0x0000000086c00000, 0x0000000086d00000|  0%| F|  |TAMS 0x0000000086c00000, 0x0000000086c00000| Untracked 
| 109|0x0000000086d00000, 0x0000000086d00000, 0x0000000086e00000|  0%| F|  |TAMS 0x0000000086d00000, 0x0000000086d00000| Untracked 
| 110|0x0000000086e00000, 0x0000000086e00000, 0x0000000086f00000|  0%| F|  |TAMS 0x0000000086e00000, 0x0000000086e00000| Untracked 
| 111|0x0000000086f00000, 0x0000000086f00000, 0x0000000087000000|  0%| F|  |TAMS 0x0000000086f00000, 0x0000000086f00000| Untracked 
| 112|0x0000000087000000, 0x0000000087000000, 0x0000000087100000|  0%| F|  |TAMS 0x0000000087000000, 0x0000000087000000| Untracked 
| 113|0x0000000087100000, 0x0000000087100000, 0x0000000087200000|  0%| F|  |TAMS 0x0000000087100000, 0x0000000087100000| Untracked 
| 114|0x0000000087200000, 0x0000000087200000, 0x0000000087300000|  0%| F|  |TAMS 0x0000000087200000, 0x0000000087200000| Untracked 
| 115|0x0000000087300000, 0x0000000087300000, 0x0000000087400000|  0%| F|  |TAMS 0x0000000087300000, 0x0000000087300000| Untracked 
| 116|0x0000000087400000, 0x0000000087400000, 0x0000000087500000|  0%| F|  |TAMS 0x0000000087400000, 0x0000000087400000| Untracked 
| 117|0x0000000087500000, 0x0000000087500000, 0x0000000087600000|  0%| F|  |TAMS 0x0000000087500000, 0x0000000087500000| Untracked 
| 118|0x0000000087600000, 0x0000000087600000, 0x0000000087700000|  0%| F|  |TAMS 0x0000000087600000, 0x0000000087600000| Untracked 
| 119|0x0000000087700000, 0x0000000087700000, 0x0000000087800000|  0%| F|  |TAMS 0x0000000087700000, 0x0000000087700000| Untracked 
| 120|0x0000000087800000, 0x0000000087800000, 0x0000000087900000|  0%| F|  |TAMS 0x0000000087800000, 0x0000000087800000| Untracked 
| 121|0x0000000087900000, 0x0000000087900000, 0x0000000087a00000|  0%| F|  |TAMS 0x0000000087900000, 0x0000000087900000| Untracked 
| 122|0x0000000087a00000, 0x0000000087a00000, 0x0000000087b00000|  0%| F|  |TAMS 0x0000000087a00000, 0x0000000087a00000| Untracked 
| 123|0x0000000087b00000, 0x0000000087b00000, 0x0000000087c00000|  0%| F|  |TAMS 0x0000000087b00000, 0x0000000087b00000| Untracked 
| 124|0x0000000087c00000, 0x0000000087c00000, 0x0000000087d00000|  0%| F|  |TAMS 0x0000000087c00000, 0x0000000087c00000| Untracked 
| 125|0x0000000087d00000, 0x0000000087d00000, 0x0000000087e00000|  0%| F|  |TAMS 0x0000000087d00000, 0x0000000087d00000| Untracked 
| 126|0x0000000087e00000, 0x0000000087e00000, 0x0000000087f00000|  0%| F|  |TAMS 0x0000000087e00000, 0x0000000087e00000| Untracked 
| 127|0x0000000087f00000, 0x0000000087f00000, 0x0000000088000000|  0%| F|  |TAMS 0x0000000087f00000, 0x0000000087f00000| Untracked 
| 128|0x0000000088000000, 0x0000000088000000, 0x0000000088100000|  0%| F|  |TAMS 0x0000000088000000, 0x0000000088000000| Untracked 
| 129|0x0000000088100000, 0x0000000088100000, 0x0000000088200000|  0%| F|  |TAMS 0x0000000088100000, 0x0000000088100000| Untracked 
| 130|0x0000000088200000, 0x0000000088200000, 0x0000000088300000|  0%| F|  |TAMS 0x0000000088200000, 0x0000000088200000| Untracked 
| 131|0x0000000088300000, 0x0000000088300000, 0x0000000088400000|  0%| F|  |TAMS 0x0000000088300000, 0x0000000088300000| Untracked 
| 132|0x0000000088400000, 0x0000000088400000, 0x0000000088500000|  0%| F|  |TAMS 0x0000000088400000, 0x0000000088400000| Untracked 
| 133|0x0000000088500000, 0x0000000088500000, 0x0000000088600000|  0%| F|  |TAMS 0x0000000088500000, 0x0000000088500000| Untracked 
| 134|0x0000000088600000, 0x0000000088600000, 0x0000000088700000|  0%| F|  |TAMS 0x0000000088600000, 0x0000000088600000| Untracked 
| 135|0x0000000088700000, 0x0000000088700000, 0x0000000088800000|  0%| F|  |TAMS 0x0000000088700000, 0x0000000088700000| Untracked 
| 136|0x0000000088800000, 0x0000000088800000, 0x0000000088900000|  0%| F|  |TAMS 0x0000000088800000, 0x0000000088800000| Untracked 
| 137|0x0000000088900000, 0x0000000088900000, 0x0000000088a00000|  0%| F|  |TAMS 0x0000000088900000, 0x0000000088900000| Untracked 
| 138|0x0000000088a00000, 0x0000000088a00000, 0x0000000088b00000|  0%| F|  |TAMS 0x0000000088a00000, 0x0000000088a00000| Untracked 
| 139|0x0000000088b00000, 0x0000000088b00000, 0x0000000088c00000|  0%| F|  |TAMS 0x0000000088b00000, 0x0000000088b00000| Untracked 
| 140|0x0000000088c00000, 0x0000000088c00000, 0x0000000088d00000|  0%| F|  |TAMS 0x0000000088c00000, 0x0000000088c00000| Untracked 
| 141|0x0000000088d00000, 0x0000000088d00000, 0x0000000088e00000|  0%| F|  |TAMS 0x0000000088d00000, 0x0000000088d00000| Untracked 
| 142|0x0000000088e00000, 0x0000000088e00000, 0x0000000088f00000|  0%| F|  |TAMS 0x0000000088e00000, 0x0000000088e00000| Untracked 
| 143|0x0000000088f00000, 0x0000000088f00000, 0x0000000089000000|  0%| F|  |TAMS 0x0000000088f00000, 0x0000000088f00000| Untracked 
| 144|0x0000000089000000, 0x0000000089000000, 0x0000000089100000|  0%| F|  |TAMS 0x0000000089000000, 0x0000000089000000| Untracked 
| 145|0x0000000089100000, 0x0000000089100000, 0x0000000089200000|  0%| F|  |TAMS 0x0000000089100000, 0x0000000089100000| Untracked 
| 146|0x0000000089200000, 0x0000000089200000, 0x0000000089300000|  0%| F|  |TAMS 0x0000000089200000, 0x0000000089200000| Untracked 
| 147|0x0000000089300000, 0x0000000089300000, 0x0000000089400000|  0%| F|  |TAMS 0x0000000089300000, 0x0000000089300000| Untracked 
| 148|0x0000000089400000, 0x0000000089400000, 0x0000000089500000|  0%| F|  |TAMS 0x0000000089400000, 0x0000000089400000| Untracked 
| 149|0x0000000089500000, 0x0000000089500000, 0x0000000089600000|  0%| F|  |TAMS 0x0000000089500000, 0x0000000089500000| Untracked 
| 150|0x0000000089600000, 0x0000000089700000, 0x0000000089700000|100%| S|CS|TAMS 0x0000000089600000, 0x0000000089600000| Complete 
| 151|0x0000000089700000, 0x0000000089800000, 0x0000000089800000|100%| S|CS|TAMS 0x0000000089700000, 0x0000000089700000| Complete 
| 152|0x0000000089800000, 0x0000000089900000, 0x0000000089900000|100%| S|CS|TAMS 0x0000000089800000, 0x0000000089800000| Complete 
| 153|0x0000000089900000, 0x0000000089a00000, 0x0000000089a00000|100%| S|CS|TAMS 0x0000000089900000, 0x0000000089900000| Complete 
| 154|0x0000000089a00000, 0x0000000089b00000, 0x0000000089b00000|100%| S|CS|TAMS 0x0000000089a00000, 0x0000000089a00000| Complete 
| 155|0x0000000089b00000, 0x0000000089b00000, 0x0000000089c00000|  0%| F|  |TAMS 0x0000000089b00000, 0x0000000089b00000| Untracked 
| 156|0x0000000089c00000, 0x0000000089c00000, 0x0000000089d00000|  0%| F|  |TAMS 0x0000000089c00000, 0x0000000089c00000| Untracked 
| 157|0x0000000089d00000, 0x0000000089d00000, 0x0000000089e00000|  0%| F|  |TAMS 0x0000000089d00000, 0x0000000089d00000| Untracked 
| 158|0x0000000089e00000, 0x0000000089e00000, 0x0000000089f00000|  0%| F|  |TAMS 0x0000000089e00000, 0x0000000089e00000| Untracked 
| 159|0x0000000089f00000, 0x0000000089f00000, 0x000000008a000000|  0%| F|  |TAMS 0x0000000089f00000, 0x0000000089f00000| Untracked 
| 160|0x000000008a000000, 0x000000008a000000, 0x000000008a100000|  0%| F|  |TAMS 0x000000008a000000, 0x000000008a000000| Untracked 
| 161|0x000000008a100000, 0x000000008a100000, 0x000000008a200000|  0%| F|  |TAMS 0x000000008a100000, 0x000000008a100000| Untracked 
| 162|0x000000008a200000, 0x000000008a200000, 0x000000008a300000|  0%| F|  |TAMS 0x000000008a200000, 0x000000008a200000| Untracked 
| 163|0x000000008a300000, 0x000000008a300000, 0x000000008a400000|  0%| F|  |TAMS 0x000000008a300000, 0x000000008a300000| Untracked 
| 164|0x000000008a400000, 0x000000008a400000, 0x000000008a500000|  0%| F|  |TAMS 0x000000008a400000, 0x000000008a400000| Untracked 
| 165|0x000000008a500000, 0x000000008a500000, 0x000000008a600000|  0%| F|  |TAMS 0x000000008a500000, 0x000000008a500000| Untracked 
| 166|0x000000008a600000, 0x000000008a600000, 0x000000008a700000|  0%| F|  |TAMS 0x000000008a600000, 0x000000008a600000| Untracked 
| 167|0x000000008a700000, 0x000000008a700000, 0x000000008a800000|  0%| F|  |TAMS 0x000000008a700000, 0x000000008a700000| Untracked 
| 168|0x000000008a800000, 0x000000008a800000, 0x000000008a900000|  0%| F|  |TAMS 0x000000008a800000, 0x000000008a800000| Untracked 
| 169|0x000000008a900000, 0x000000008a900000, 0x000000008aa00000|  0%| F|  |TAMS 0x000000008a900000, 0x000000008a900000| Untracked 
| 170|0x000000008aa00000, 0x000000008aa00000, 0x000000008ab00000|  0%| F|  |TAMS 0x000000008aa00000, 0x000000008aa00000| Untracked 
| 171|0x000000008ab00000, 0x000000008ab00000, 0x000000008ac00000|  0%| F|  |TAMS 0x000000008ab00000, 0x000000008ab00000| Untracked 
| 172|0x000000008ac00000, 0x000000008ac00000, 0x000000008ad00000|  0%| F|  |TAMS 0x000000008ac00000, 0x000000008ac00000| Untracked 
| 173|0x000000008ad00000, 0x000000008ad00000, 0x000000008ae00000|  0%| F|  |TAMS 0x000000008ad00000, 0x000000008ad00000| Untracked 
| 174|0x000000008ae00000, 0x000000008ae00000, 0x000000008af00000|  0%| F|  |TAMS 0x000000008ae00000, 0x000000008ae00000| Untracked 
| 175|0x000000008af00000, 0x000000008af00000, 0x000000008b000000|  0%| F|  |TAMS 0x000000008af00000, 0x000000008af00000| Untracked 
| 176|0x000000008b000000, 0x000000008b000000, 0x000000008b100000|  0%| F|  |TAMS 0x000000008b000000, 0x000000008b000000| Untracked 
| 177|0x000000008b100000, 0x000000008b100000, 0x000000008b200000|  0%| F|  |TAMS 0x000000008b100000, 0x000000008b100000| Untracked 
| 178|0x000000008b200000, 0x000000008b200000, 0x000000008b300000|  0%| F|  |TAMS 0x000000008b200000, 0x000000008b200000| Untracked 
| 179|0x000000008b300000, 0x000000008b300000, 0x000000008b400000|  0%| F|  |TAMS 0x000000008b300000, 0x000000008b300000| Untracked 
| 180|0x000000008b400000, 0x000000008b400000, 0x000000008b500000|  0%| F|  |TAMS 0x000000008b400000, 0x000000008b400000| Untracked 
| 181|0x000000008b500000, 0x000000008b500000, 0x000000008b600000|  0%| F|  |TAMS 0x000000008b500000, 0x000000008b500000| Untracked 
| 182|0x000000008b600000, 0x000000008b600000, 0x000000008b700000|  0%| F|  |TAMS 0x000000008b600000, 0x000000008b600000| Untracked 
| 183|0x000000008b700000, 0x000000008b800000, 0x000000008b800000|100%| E|  |TAMS 0x000000008b700000, 0x000000008b700000| Complete 
| 184|0x000000008b800000, 0x000000008b900000, 0x000000008b900000|100%| E|CS|TAMS 0x000000008b800000, 0x000000008b800000| Complete 
| 185|0x000000008b900000, 0x000000008ba00000, 0x000000008ba00000|100%| E|CS|TAMS 0x000000008b900000, 0x000000008b900000| Complete 
| 186|0x000000008ba00000, 0x000000008bb00000, 0x000000008bb00000|100%| E|CS|TAMS 0x000000008ba00000, 0x000000008ba00000| Complete 
| 187|0x000000008bb00000, 0x000000008bc00000, 0x000000008bc00000|100%| E|CS|TAMS 0x000000008bb00000, 0x000000008bb00000| Complete 
| 188|0x000000008bc00000, 0x000000008bd00000, 0x000000008bd00000|100%| E|CS|TAMS 0x000000008bc00000, 0x000000008bc00000| Complete 
| 189|0x000000008bd00000, 0x000000008be00000, 0x000000008be00000|100%| E|CS|TAMS 0x000000008bd00000, 0x000000008bd00000| Complete 
| 190|0x000000008be00000, 0x000000008bf00000, 0x000000008bf00000|100%| E|CS|TAMS 0x000000008be00000, 0x000000008be00000| Complete 
| 191|0x000000008bf00000, 0x000000008c000000, 0x000000008c000000|100%| E|CS|TAMS 0x000000008bf00000, 0x000000008bf00000| Complete 
| 192|0x000000008c000000, 0x000000008c100000, 0x000000008c100000|100%| O|  |TAMS 0x000000008c100000, 0x000000008c000000| Untracked 

Card table byte_map: [0x0000023277bf0000,0x0000023277ff0000] _byte_map_base: 0x00000232777f0000

Marking Bits (Prev, Next): (CMBitMap*) 0x00000232649e4a28, (CMBitMap*) 0x00000232649e4a60
 Prev Bits: [0x00000232783f0000, 0x000002327a3f0000)
 Next Bits: [0x000002327a3f0000, 0x000002327c3f0000)

Polling page: 0x0000023264180000

Metaspace:

Usage:
  Non-class:     76.71 MB capacity,    75.45 MB ( 98%) used,     1.02 MB (  1%) free+waste,   238.00 KB ( <1%) overhead. 
      Class:     11.75 MB capacity,    10.97 MB ( 93%) used,   681.91 KB (  6%) free+waste,   108.69 KB ( <1%) overhead. 
       Both:     88.45 MB capacity,    86.43 MB ( 98%) used,     1.69 MB (  2%) free+waste,   346.69 KB ( <1%) overhead. 

Virtual space:
  Non-class space:       78.00 MB reserved,      77.17 MB ( 99%) committed 
      Class space:        1.00 GB reserved,      11.95 MB (  1%) committed 
             Both:        1.08 GB reserved,      89.12 MB (  8%) committed 

Chunk freelists:
   Non-Class:  347.00 KB
       Class:  165.00 KB
        Both:  512.00 KB

MaxMetaspaceSize: 17179869184.00 GB
CompressedClassSpaceSize: 1.00 GB
Initial GC threshold: 20.80 MB
Current GC threshold: 142.50 MB
CDS: off

CodeHeap 'non-profiled nmethods': size=120000Kb used=7392Kb max_used=7392Kb free=112607Kb
 bounds [0x000002326ff90000, 0x00000232706d0000, 0x00000232774c0000]
CodeHeap 'profiled nmethods': size=120000Kb used=23419Kb max_used=23419Kb free=96580Kb
 bounds [0x0000023268a60000, 0x000002326a140000, 0x000002326ff90000]
CodeHeap 'non-nmethods': size=5760Kb used=2371Kb max_used=2448Kb free=3389Kb
 bounds [0x00000232684c0000, 0x0000023268730000, 0x0000023268a60000]
 total_blobs=11666 nmethods=10772 adapters=806
 compilation: enabled
              stopped_count=0, restarted_count=0
 full_count=0

Compilation events (20 events):
Event: 21.642 Thread 0x000002327f6fa000 nmethod 10732 0x00000232706c2590 code [0x00000232706c2740, 0x00000232706c27f8]
Event: 21.644 Thread 0x000002327f6fa000 10790       2       com.android.aaptcompiler.ResourceUtilsKt::parseAttributeReference (230 bytes)
Event: 21.646 Thread 0x000002327f6fa000 nmethod 10790 0x000002326a11c190 code [0x000002326a11c460, 0x000002326a11ced8]
Event: 21.646 Thread 0x000002327f6fa000 10791       2       com.google.protobuf.GeneratedMessageV3$Builder::onChanged (29 bytes)
Event: 21.647 Thread 0x000002327f6fa000 nmethod 10791 0x000002326a11d410 code [0x000002326a11d5c0, 0x000002326a11d708]
Event: 21.647 Thread 0x000002327f6fa000 10793       1       com.google.protobuf.GeneratedMessageV3$Builder::getUnknownFields (5 bytes)
Event: 21.647 Thread 0x000002327f6fa000 nmethod 10793 0x00000232706c2890 code [0x00000232706c2a40, 0x00000232706c2af8]
Event: 21.647 Thread 0x000002327f6fa000 10798       2       java.lang.StringBuilder::substring (7 bytes)
Event: 21.647 Thread 0x000002327f6fa000 nmethod 10798 0x000002326a11d790 code [0x000002326a11d940, 0x000002326a11da48]
Event: 21.647 Thread 0x000002327f6fa000 10796       2       java.lang.Float::valueOf (9 bytes)
Event: 21.647 Thread 0x000002327f6fa000 nmethod 10796 0x000002326a11db10 code [0x000002326a11dcc0, 0x000002326a11ddf8]
Event: 21.648 Thread 0x000002327f6fa000 10797       2       java.lang.Float::<init> (10 bytes)
Event: 21.648 Thread 0x000002327f6fa000 nmethod 10797 0x000002326a11de90 code [0x000002326a11e040, 0x000002326a11e138]
Event: 21.648 Thread 0x000002327f6fa000 10794       2       com.android.aaptcompiler.StringPool$Context::<init> (39 bytes)
Event: 21.649 Thread 0x000002327f6fa000 nmethod 10794 0x000002326a11e210 code [0x000002326a11e420, 0x000002326a11e828]
Event: 21.649 Thread 0x000002327f6fa000 10799       2       com.android.aaptcompiler.FloatConstantsKt::getPositiveShifts (4 bytes)
Event: 21.649 Thread 0x000002327f6fa000 nmethod 10799 0x000002326a11ea90 code [0x000002326a11ec40, 0x000002326a11ed18]
Event: 21.649 Thread 0x000002327f6fa000 10792       2       kotlin.ranges.RangesKt___RangesKt::coerceAtMost (11 bytes)
Event: 21.649 Thread 0x000002327f6fa000 nmethod 10792 0x000002326a11ed90 code [0x000002326a11ef40, 0x000002326a11f018]
Event: 21.650 Thread 0x000002327f6fa000 10800       2       com.android.aaptcompiler.XmlStringBuilder::getFlattenedXml (434 bytes)

GC Heap History (20 events):
Event: 6.025 GC heap before
{Heap before GC invocations=6 (full 0):
 garbage-first heap   total 196608K, used 133488K [0x0000000080000000, 0x0000000100000000)
  region size 1024K, 112 young (114688K), 6 survivors (6144K)
 Metaspace       used 44320K, capacity 45288K, committed 45436K, reserved 1089536K
  class space    used 5593K, capacity 5965K, committed 6092K, reserved 1048576K
}
Event: 6.037 GC heap after
{Heap after GC invocations=7 (full 0):
 garbage-first heap   total 196608K, used 29113K [0x0000000080000000, 0x0000000100000000)
  region size 1024K, 13 young (13312K), 13 survivors (13312K)
 Metaspace       used 44320K, capacity 45288K, committed 45436K, reserved 1089536K
  class space    used 5593K, capacity 5965K, committed 6092K, reserved 1048576K
}
Event: 7.085 GC heap before
{Heap before GC invocations=7 (full 0):
 garbage-first heap   total 196608K, used 137657K [0x0000000080000000, 0x0000000100000000)
  region size 1024K, 115 young (117760K), 13 survivors (13312K)
 Metaspace       used 49842K, capacity 51162K, committed 51324K, reserved 1093632K
  class space    used 6322K, capacity 6825K, committed 6860K, reserved 1048576K
}
Event: 7.097 GC heap after
{Heap after GC invocations=8 (full 0):
 garbage-first heap   total 196608K, used 40922K [0x0000000080000000, 0x0000000100000000)
  region size 1024K, 15 young (15360K), 15 survivors (15360K)
 Metaspace       used 49842K, capacity 51162K, committed 51324K, reserved 1093632K
  class space    used 6322K, capacity 6825K, committed 6860K, reserved 1048576K
}
Event: 8.139 GC heap before
{Heap before GC invocations=8 (full 0):
 garbage-first heap   total 196608K, used 99290K [0x0000000080000000, 0x0000000100000000)
  region size 1024K, 73 young (74752K), 15 survivors (15360K)
 Metaspace       used 58364K, capacity 59773K, committed 59900K, reserved 1101824K
  class space    used 7377K, capacity 7923K, committed 8012K, reserved 1048576K
}
Event: 8.156 GC heap after
{Heap after GC invocations=9 (full 0):
 garbage-first heap   total 196608K, used 43740K [0x0000000080000000, 0x0000000100000000)
  region size 1024K, 12 young (12288K), 12 survivors (12288K)
 Metaspace       used 58364K, capacity 59773K, committed 59900K, reserved 1101824K
  class space    used 7377K, capacity 7923K, committed 8012K, reserved 1048576K
}
Event: 9.709 GC heap before
{Heap before GC invocations=10 (full 0):
 garbage-first heap   total 196608K, used 146140K [0x0000000080000000, 0x0000000100000000)
  region size 1024K, 104 young (106496K), 12 survivors (12288K)
 Metaspace       used 65096K, capacity 66606K, committed 66940K, reserved 1107968K
  class space    used 8246K, capacity 8796K, committed 8908K, reserved 1048576K
}
Event: 9.722 GC heap after
{Heap after GC invocations=11 (full 0):
 garbage-first heap   total 196608K, used 51594K [0x0000000080000000, 0x0000000100000000)
  region size 1024K, 11 young (11264K), 11 survivors (11264K)
 Metaspace       used 65096K, capacity 66606K, committed 66940K, reserved 1107968K
  class space    used 8246K, capacity 8796K, committed 8908K, reserved 1048576K
}
Event: 11.188 GC heap before
{Heap before GC invocations=11 (full 0):
 garbage-first heap   total 196608K, used 142730K [0x0000000080000000, 0x0000000100000000)
  region size 1024K, 100 young (102400K), 11 survivors (11264K)
 Metaspace       used 72144K, capacity 73784K, committed 73980K, reserved 1114112K
  class space    used 9360K, capacity 10002K, committed 10060K, reserved 1048576K
}
Event: 11.200 GC heap after
{Heap after GC invocations=12 (full 0):
 garbage-first heap   total 196608K, used 57561K [0x0000000080000000, 0x0000000100000000)
  region size 1024K, 7 young (7168K), 7 survivors (7168K)
 Metaspace       used 72144K, capacity 73784K, committed 73980K, reserved 1114112K
  class space    used 9360K, capacity 10002K, committed 10060K, reserved 1048576K
}
Event: 13.670 GC heap before
{Heap before GC invocations=12 (full 0):
 garbage-first heap   total 196608K, used 147673K [0x0000000080000000, 0x0000000100000000)
  region size 1024K, 95 young (97280K), 7 survivors (7168K)
 Metaspace       used 80882K, capacity 82868K, committed 83068K, reserved 1120256K
  class space    used 10629K, capacity 11392K, committed 11468K, reserved 1048576K
}
Event: 13.680 GC heap after
{Heap after GC invocations=13 (full 0):
 garbage-first heap   total 196608K, used 62216K [0x0000000080000000, 0x0000000100000000)
  region size 1024K, 11 young (11264K), 11 survivors (11264K)
 Metaspace       used 80882K, capacity 82868K, committed 83068K, reserved 1120256K
  class space    used 10629K, capacity 11392K, committed 11468K, reserved 1048576K
}
Event: 16.864 GC heap before
{Heap before GC invocations=13 (full 0):
 garbage-first heap   total 196608K, used 150280K [0x0000000080000000, 0x0000000100000000)
  region size 1024K, 98 young (100352K), 11 survivors (11264K)
 Metaspace       used 84067K, capacity 86191K, committed 86524K, reserved 1124352K
  class space    used 10939K, capacity 11768K, committed 11852K, reserved 1048576K
}
Event: 16.883 GC heap after
{Heap after GC invocations=14 (full 0):
 garbage-first heap   total 196608K, used 71270K [0x0000000080000000, 0x0000000100000000)
  region size 1024K, 13 young (13312K), 13 survivors (13312K)
 Metaspace       used 84067K, capacity 86191K, committed 86524K, reserved 1124352K
  class space    used 10939K, capacity 11768K, committed 11852K, reserved 1048576K
}
Event: 20.472 GC heap before
{Heap before GC invocations=14 (full 0):
 garbage-first heap   total 196608K, used 162406K [0x0000000080000000, 0x0000000100000000)
  region size 1024K, 92 young (94208K), 13 survivors (13312K)
 Metaspace       used 85017K, capacity 87167K, committed 87292K, reserved 1124352K
  class space    used 11010K, capacity 11837K, committed 11852K, reserved 1048576K
}
Event: 20.497 GC heap after
{Heap after GC invocations=15 (full 0):
 garbage-first heap   total 197632K, used 93133K [0x0000000080000000, 0x0000000100000000)
  region size 1024K, 12 young (12288K), 12 survivors (12288K)
 Metaspace       used 85017K, capacity 87167K, committed 87292K, reserved 1124352K
  class space    used 11010K, capacity 11837K, committed 11852K, reserved 1048576K
}
Event: 20.654 GC heap before
{Heap before GC invocations=15 (full 0):
 garbage-first heap   total 197632K, used 104397K [0x0000000080000000, 0x0000000100000000)
  region size 1024K, 17 young (17408K), 12 survivors (12288K)
 Metaspace       used 85023K, capacity 87167K, committed 87292K, reserved 1124352K
  class space    used 11010K, capacity 11837K, committed 11852K, reserved 1048576K
}
Event: 20.671 GC heap after
{Heap after GC invocations=16 (full 0):
 garbage-first heap   total 197632K, used 101480K [0x0000000080000000, 0x0000000100000000)
  region size 1024K, 4 young (4096K), 4 survivors (4096K)
 Metaspace       used 85023K, capacity 87167K, committed 87292K, reserved 1124352K
  class space    used 11010K, capacity 11837K, committed 11852K, reserved 1048576K
}
Event: 21.468 GC heap before
{Heap before GC invocations=17 (full 0):
 garbage-first heap   total 197632K, used 142440K [0x0000000080000000, 0x0000000100000000)
  region size 1024K, 37 young (37888K), 4 survivors (4096K)
 Metaspace       used 87226K, capacity 89295K, committed 89852K, reserved 1126400K
  class space    used 11121K, capacity 11899K, committed 12108K, reserved 1048576K
}
Event: 21.480 GC heap after
{Heap after GC invocations=18 (full 0):
 garbage-first heap   total 197632K, used 102375K [0x0000000080000000, 0x0000000100000000)
  region size 1024K, 5 young (5120K), 5 survivors (5120K)
 Metaspace       used 87226K, capacity 89295K, committed 89852K, reserved 1126400K
  class space    used 11121K, capacity 11899K, committed 12108K, reserved 1048576K
}

Deoptimization events (20 events):
Event: 21.164 Thread 0x0000023205926000 Uncommon trap: trap_request=0xffffff4d fr.pc=0x000002326ffb24a8 relative=0x0000000000000188
Event: 21.165 Thread 0x0000023205926000 Uncommon trap: reason=unstable_if action=reinterpret pc=0x000002326ffb24a8 method=java.lang.String.equals(Ljava/lang/Object;)Z @ 27 c2
Event: 21.166 Thread 0x0000023205926000 DEOPT PACKING pc=0x000002326ffb24a8 sp=0x00000043557fd570
Event: 21.166 Thread 0x0000023205926000 DEOPT UNPACKING pc=0x000002326850a1af sp=0x00000043557fd500 mode 2
Event: 21.181 Thread 0x0000023205926000 Uncommon trap: trap_request=0xffffff4d fr.pc=0x000002326ff96a94 relative=0x00000000000001f4
Event: 21.181 Thread 0x000002320592a000 Uncommon trap: trap_request=0xffffff4d fr.pc=0x000002326ff96a94 relative=0x00000000000001f4
Event: 21.182 Thread 0x000002320592a000 Uncommon trap: reason=unstable_if action=reinterpret pc=0x000002326ff96a94 method=java.lang.String.isLatin1()Z @ 10 c2
Event: 21.182 Thread 0x0000023205926000 Uncommon trap: reason=unstable_if action=reinterpret pc=0x000002326ff96a94 method=java.lang.String.isLatin1()Z @ 10 c2
Event: 21.182 Thread 0x000002320592a000 DEOPT PACKING pc=0x000002326ff96a94 sp=0x0000004355dfd780
Event: 21.182 Thread 0x000002320592a000 DEOPT UNPACKING pc=0x000002326850a1af sp=0x0000004355dfd6a8 mode 2
Event: 21.182 Thread 0x0000023205926000 DEOPT PACKING pc=0x000002326ff96a94 sp=0x00000043557fd530
Event: 21.183 Thread 0x0000023205926000 DEOPT UNPACKING pc=0x000002326850a1af sp=0x00000043557fd458 mode 2
Event: 21.240 Thread 0x0000023205926000 Uncommon trap: trap_request=0xffffff4d fr.pc=0x000002327008951c relative=0x000000000000007c
Event: 21.240 Thread 0x0000023205926000 Uncommon trap: reason=unstable_if action=reinterpret pc=0x000002327008951c method=java.lang.String.codePointAt(I)I @ 4 c2
Event: 21.240 Thread 0x0000023205926000 DEOPT PACKING pc=0x000002327008951c sp=0x00000043557fd800
Event: 21.240 Thread 0x0000023205926000 DEOPT UNPACKING pc=0x000002326850a1af sp=0x00000043557fd7a8 mode 2
Event: 21.488 Thread 0x0000023205924800 DEOPT PACKING pc=0x000002326a0505b3 sp=0x00000043556fd220
Event: 21.488 Thread 0x0000023205924800 DEOPT UNPACKING pc=0x000002326850a95e sp=0x00000043556fc760 mode 0
Event: 21.495 Thread 0x0000023205924800 DEOPT PACKING pc=0x000002326a052947 sp=0x00000043556fd440
Event: 21.495 Thread 0x0000023205924800 DEOPT UNPACKING pc=0x000002326850a95e sp=0x00000043556fc900 mode 0

Classes redefined (0 events):
No events

Internal exceptions (20 events):
Event: 13.511 Thread 0x00000232013c9000 Exception <a 'java/lang/NoSuchMethodError'{0x0000000086c40da0}: <clinit>> (0x0000000086c40da0) thrown at [./src/hotspot/share/prims/jni.cpp, line 1366]
Event: 13.514 Thread 0x00000232013c9000 Exception <a 'java/lang/NoSuchMethodError'{0x0000000086c8a3c0}: <clinit>> (0x0000000086c8a3c0) thrown at [./src/hotspot/share/prims/jni.cpp, line 1366]
Event: 13.514 Thread 0x00000232013c9000 Exception <a 'java/lang/NoSuchMethodError'{0x0000000086c8b908}: <clinit>> (0x0000000086c8b908) thrown at [./src/hotspot/share/prims/jni.cpp, line 1366]
Event: 13.559 Thread 0x0000023205922000 Exception <a 'java/lang/NoSuchMethodError'{0x0000000086ad4d40}: <clinit>> (0x0000000086ad4d40) thrown at [./src/hotspot/share/prims/jni.cpp, line 1366]
Event: 13.571 Thread 0x0000023205922000 Exception <a 'java/lang/NoSuchMethodError'{0x00000000869244e8}: <clinit>> (0x00000000869244e8) thrown at [./src/hotspot/share/prims/jni.cpp, line 1366]
Event: 13.574 Thread 0x00000232013c9000 Exception <a 'java/lang/NoSuchMethodError'{0x000000008693fa58}: <clinit>> (0x000000008693fa58) thrown at [./src/hotspot/share/prims/jni.cpp, line 1366]
Event: 13.579 Thread 0x0000023205922000 Exception <a 'java/lang/NoSuchMethodError'{0x000000008694ef28}: <clinit>> (0x000000008694ef28) thrown at [./src/hotspot/share/prims/jni.cpp, line 1366]
Event: 13.583 Thread 0x0000023205922000 Exception <a 'java/lang/NoSuchMethodError'{0x0000000086959148}: 'void java.lang.invoke.DirectMethodHandle$Holder.invokeSpecial(java.lang.Object, java.lang.Object, java.lang.Object, int)'> (0x0000000086959148) thrown at [./src/hotspot/share/interpreter/linkResolver.cpp, line 773]
Event: 13.627 Thread 0x000002320591f800 Exception <a 'java/lang/NoSuchMethodError'{0x000000008685e3a0}: 'int java.lang.invoke.DirectMethodHandle$Holder.invokeSpecial(java.lang.Object, java.lang.Object, java.lang.Object, java.lang.Object, java.lang.Object)'> (0x000000008685e3a0) thrown at [./src/hotspot/share/interpreter/linkResolver.cpp, line 773]
Event: 14.054 Thread 0x000002320591f800 Exception <a 'java/lang/NoSuchMethodError'{0x000000008baddaa8}: 'void java.lang.invoke.DirectMethodHandle$Holder.invokeStatic(java.lang.Object, java.lang.Object, java.lang.Object, java.lang.Object, int, java.lang.Object, java.lang.Object)'> (0x000000008baddaa8) thrown at [./src/hotspot/share/interpreter/linkResolver.cpp, line 773]
Event: 14.104 Thread 0x00000232058ee000 Exception <a 'java/lang/NoSuchMethodError'{0x000000008b53be08}: 'java.lang.Object java.lang.invoke.DirectMethodHandle$Holder.invokeSpecialIFC(java.lang.Object, java.lang.Object, java.lang.Object)'> (0x000000008b53be08) thrown at [./src/hotspot/share/interpreter/linkResolver.cpp, line 773]
Event: 14.104 Thread 0x000002327f71f000 Exception <a 'java/lang/NoSuchMethodError'{0x000000008b860f08}: 'java.lang.Object java.lang.invoke.DirectMethodHandle$Holder.invokeSpecialIFC(java.lang.Object, java.lang.Object, java.lang.Object)'> (0x000000008b860f08) thrown at [./src/hotspot/share/interpreter/linkResolver.cpp, line 773]
Event: 14.104 Thread 0x00000232058e8800 Exception <a 'java/lang/NoSuchMethodError'{0x000000008b56f730}: 'java.lang.Object java.lang.invoke.DirectMethodHandle$Holder.invokeSpecialIFC(java.lang.Object, java.lang.Object, java.lang.Object)'> (0x000000008b56f730) thrown at [./src/hotspot/share/interpreter/linkResolver.cpp, line 773]
Event: 14.104 Thread 0x000002327f725800 Exception <a 'java/lang/NoSuchMethodError'{0x000000008b55a568}: 'java.lang.Object java.lang.invoke.DirectMethodHandle$Holder.invokeSpecialIFC(java.lang.Object, java.lang.Object, java.lang.Object)'> (0x000000008b55a568) thrown at [./src/hotspot/share/interpreter/linkResolver.cpp, line 773]
Event: 14.702 Thread 0x0000023204f07800 Implicit null exception at 0x000002327025786c to 0x0000023270257939
Event: 14.939 Thread 0x000002320591f800 Exception <a 'java/lang/NoSuchMethodError'{0x0000000088af37b8}: 'void java.lang.invoke.DirectMethodHandle$Holder.invokeInterface(java.lang.Object, java.lang.Object, java.lang.Object, java.lang.Object)'> (0x0000000088af37b8) thrown at [./src/hotspot/share/interpreter/linkResolver.cpp, line 773]
Event: 14.998 Thread 0x000002320591f800 Exception <a 'java/lang/NoSuchMethodError'{0x00000000889d0db8}: 'void java.lang.invoke.DirectMethodHandle$Holder.invokeVirtual(java.lang.Object, java.lang.Object)'> (0x00000000889d0db8) thrown at [./src/hotspot/share/interpreter/linkResolver.cpp, line 773]
Event: 20.788 Thread 0x000002320591f800 Exception <a 'java/lang/NoSuchMethodError'{0x000000008becbf40}: <clinit>> (0x000000008becbf40) thrown at [./src/hotspot/share/prims/jni.cpp, line 1366]
Event: 20.837 Thread 0x000002320591f800 Exception <a 'java/lang/NoSuchMethodError'{0x000000008bc56bd0}: <clinit>> (0x000000008bc56bd0) thrown at [./src/hotspot/share/prims/jni.cpp, line 1366]
Event: 20.915 Thread 0x000002320591f800 Exception <a 'java/lang/NoSuchMethodError'{0x000000008bbc6f58}: <clinit>> (0x000000008bbc6f58) thrown at [./src/hotspot/share/prims/jni.cpp, line 1366]

Events (20 events):
Event: 21.641 loading class com/android/aapt/Resources$Plural$Entry$Builder
Event: 21.641 loading class com/android/aapt/Resources$Plural$Entry$Builder done
Event: 21.641 loading class com/android/aapt/Resources$Reference$Builder
Event: 21.641 loading class com/android/aapt/Resources$Reference$Builder done
Event: 21.646 loading class com/android/aapt/Resources$Boolean
Event: 21.646 loading class com/android/aapt/Resources$Boolean done
Event: 21.646 loading class com/android/aaptcompiler/buffer/BigBuffer
Event: 21.646 loading class com/android/aaptcompiler/buffer/BigBuffer done
Event: 21.647 loading class com/android/aaptcompiler/android/ResStringPoolHeader
Event: 21.647 loading class com/android/aaptcompiler/android/ResStringPoolHeader done
Event: 21.648 loading class com/android/aapt/Resources$Reference$Type
Event: 21.648 loading class com/android/aapt/Resources$Reference$Type done
Event: 21.648 loading class com/android/aapt/Resources$Plural$Arity
Event: 21.648 loading class com/android/aapt/Resources$Plural$Arity done
Event: 21.649 loading class com/android/aapt/Resources$Reference$Type$1
Event: 21.649 loading class com/android/aapt/Resources$Reference$Type$1 done
Event: 21.650 loading class com/android/aapt/Resources$Plural$Arity$1
Event: 21.650 loading class com/android/aapt/Resources$Plural$Arity$1 done
Event: 21.650 loading class com/android/aaptcompiler/android/ResStringPoolHeader$Companion
Event: 21.650 loading class com/android/aaptcompiler/android/ResStringPoolHeader$Companion done


Dynamic libraries:
0x00007ff78c320000 - 0x00007ff78c32a000 	C:\Program Files\Android\Android Studio\jre\bin\java.exe
0x00007ffd9d640000 - 0x00007ffd9d849000 	C:\WINDOWS\SYSTEM32\ntdll.dll
0x00007ffd9bea0000 - 0x00007ffd9bf5e000 	C:\WINDOWS\System32\KERNEL32.DLL
0x00007ffd9ad80000 - 0x00007ffd9b0fb000 	C:\WINDOWS\System32\KERNELBASE.dll
0x00007ffd9b2e0000 - 0x00007ffd9b3f1000 	C:\WINDOWS\System32\ucrtbase.dll
0x00007ffd91fc0000 - 0x00007ffd91fd9000 	C:\Program Files\Android\Android Studio\jre\bin\jli.dll
0x00007ffd919f0000 - 0x00007ffd91a07000 	C:\Program Files\Android\Android Studio\jre\bin\VCRUNTIME140.dll
0x00007ffd9bbe0000 - 0x00007ffd9bd8d000 	C:\WINDOWS\System32\USER32.dll
0x00007ffd871e0000 - 0x00007ffd87485000 	C:\WINDOWS\WinSxS\amd64_microsoft.windows.common-controls_6595b64144ccf1df_6.0.22000.120_none_9d947278b86cc467\COMCTL32.dll
0x00007ffd9ab10000 - 0x00007ffd9ab36000 	C:\WINDOWS\System32\win32u.dll
0x00007ffd9be70000 - 0x00007ffd9be99000 	C:\WINDOWS\System32\GDI32.dll
0x00007ffd9d1e0000 - 0x00007ffd9d283000 	C:\WINDOWS\System32\msvcrt.dll
0x00007ffd9ac60000 - 0x00007ffd9ad78000 	C:\WINDOWS\System32\gdi32full.dll
0x00007ffd9abc0000 - 0x00007ffd9ac5d000 	C:\WINDOWS\System32\msvcp_win.dll
0x00007ffd9bb00000 - 0x00007ffd9bb32000 	C:\WINDOWS\System32\IMM32.DLL
0x00007ffd91220000 - 0x00007ffd912bd000 	C:\Program Files\Android\Android Studio\jre\bin\msvcp140.dll
0x00007ffd40c60000 - 0x00007ffd41762000 	C:\Program Files\Android\Android Studio\jre\bin\server\jvm.dll
0x00007ffd9c7f0000 - 0x00007ffd9c89e000 	C:\WINDOWS\System32\ADVAPI32.dll
0x00007ffd9d450000 - 0x00007ffd9d4ee000 	C:\WINDOWS\System32\sechost.dll
0x00007ffd9b680000 - 0x00007ffd9b7a0000 	C:\WINDOWS\System32\RPCRT4.dll
0x00007ffd9c8a0000 - 0x00007ffd9c8a8000 	C:\WINDOWS\System32\PSAPI.DLL
0x00007ffd850b0000 - 0x00007ffd850b9000 	C:\WINDOWS\SYSTEM32\WSOCK32.dll
0x00007ffd8a630000 - 0x00007ffd8a663000 	C:\WINDOWS\SYSTEM32\WINMM.dll
0x00007ffd9c720000 - 0x00007ffd9c78f000 	C:\WINDOWS\System32\WS2_32.dll
0x00007ffd895c0000 - 0x00007ffd895ca000 	C:\WINDOWS\SYSTEM32\VERSION.dll
0x00007ffd99b50000 - 0x00007ffd99b68000 	C:\WINDOWS\SYSTEM32\kernel.appcore.dll
0x00007ffd96e90000 - 0x00007ffd96ea1000 	C:\Program Files\Android\Android Studio\jre\bin\verify.dll
0x00007ffd985c0000 - 0x00007ffd987e1000 	C:\WINDOWS\SYSTEM32\DBGHELP.DLL
0x00007ffd96340000 - 0x00007ffd96371000 	C:\WINDOWS\SYSTEM32\dbgcore.DLL
0x00007ffd9ab40000 - 0x00007ffd9abbf000 	C:\WINDOWS\System32\bcryptPrimitives.dll
0x00007ffd92330000 - 0x00007ffd92359000 	C:\Program Files\Android\Android Studio\jre\bin\java.dll
0x00007ffd96e70000 - 0x00007ffd96e7b000 	C:\Program Files\Android\Android Studio\jre\bin\jimage.dll
0x00007ffd958a0000 - 0x00007ffd958b8000 	C:\Program Files\Android\Android Studio\jre\bin\zip.dll
0x00007ffd9bf60000 - 0x00007ffd9c717000 	C:\WINDOWS\System32\SHELL32.dll
0x00007ffd98bc0000 - 0x00007ffd99425000 	C:\WINDOWS\SYSTEM32\windows.storage.dll
0x00007ffd9c970000 - 0x00007ffd9cce8000 	C:\WINDOWS\System32\combase.dll
0x00007ffd98a50000 - 0x00007ffd98bb6000 	C:\WINDOWS\SYSTEM32\wintypes.dll
0x00007ffd9ba10000 - 0x00007ffd9bafa000 	C:\WINDOWS\System32\SHCORE.dll
0x00007ffd9b920000 - 0x00007ffd9b97d000 	C:\WINDOWS\System32\shlwapi.dll
0x00007ffd9aa40000 - 0x00007ffd9aa61000 	C:\WINDOWS\SYSTEM32\profapi.dll
0x00007ffd92250000 - 0x00007ffd9226a000 	C:\Program Files\Android\Android Studio\jre\bin\net.dll
0x00007ffd8ae80000 - 0x00007ffd8af94000 	C:\WINDOWS\SYSTEM32\WINHTTP.dll
0x00007ffd99ff0000 - 0x00007ffd9a057000 	C:\WINDOWS\system32\mswsock.dll
0x00007ffd92230000 - 0x00007ffd92244000 	C:\Program Files\Android\Android Studio\jre\bin\nio.dll
0x00007ffd91140000 - 0x00007ffd91167000 	C:\Users\Padma\.gradle\native\e1d6ef7f7dcc3fd88c89a11ec53ec762bb8ba0a96d01ffa2cd45eb1d1d8dd5c5\windows-amd64\native-platform.dll
0x00007ffd59060000 - 0x00007ffd591a4000 	C:\Users\Padma\.gradle\native\0d407fdbe67a94daf76414ababcb853783967236a71b16ec16e742cd7a986fd3\windows-amd64\native-platform-file-events.dll
0x00007ffd96580000 - 0x00007ffd9658a000 	C:\Program Files\Android\Android Studio\jre\bin\management.dll
0x00007ffd92690000 - 0x00007ffd9269d000 	C:\Program Files\Android\Android Studio\jre\bin\management_ext.dll
0x00007ffd9a270000 - 0x00007ffd9a288000 	C:\WINDOWS\SYSTEM32\CRYPTSP.dll
0x00007ffd99ab0000 - 0x00007ffd99ae5000 	C:\WINDOWS\system32\rsaenh.dll
0x00007ffd9a100000 - 0x00007ffd9a129000 	C:\WINDOWS\SYSTEM32\USERENV.dll
0x00007ffd9a400000 - 0x00007ffd9a427000 	C:\WINDOWS\SYSTEM32\bcrypt.dll
0x00007ffd9a290000 - 0x00007ffd9a29c000 	C:\WINDOWS\SYSTEM32\CRYPTBASE.dll
0x00007ffd99680000 - 0x00007ffd996ad000 	C:\WINDOWS\SYSTEM32\IPHLPAPI.DLL
0x00007ffd9bb40000 - 0x00007ffd9bb49000 	C:\WINDOWS\System32\NSI.dll
0x00007ffd8ad70000 - 0x00007ffd8ad89000 	C:\WINDOWS\SYSTEM32\dhcpcsvc6.DLL
0x00007ffd946f0000 - 0x00007ffd9470e000 	C:\WINDOWS\SYSTEM32\dhcpcsvc.DLL
0x00007ffd996b0000 - 0x00007ffd99798000 	C:\WINDOWS\SYSTEM32\DNSAPI.dll

dbghelp: loaded successfully - version: 4.0.5 - missing functions: none
symbol engine: initialized successfully - sym options: 0x614 - pdb path: .;C:\Program Files\Android\Android Studio\jre\bin;C:\WINDOWS\SYSTEM32;C:\WINDOWS\WinSxS\amd64_microsoft.windows.common-controls_6595b64144ccf1df_6.0.22000.120_none_9d947278b86cc467;C:\Program Files\Android\Android Studio\jre\bin\server;C:\Users\Padma\.gradle\native\e1d6ef7f7dcc3fd88c89a11ec53ec762bb8ba0a96d01ffa2cd45eb1d1d8dd5c5\windows-amd64;C:\Users\Padma\.gradle\native\0d407fdbe67a94daf76414ababcb853783967236a71b16ec16e742cd7a986fd3\windows-amd64

VM Arguments:
jvm_args: --add-opens=java.base/java.util=ALL-UNNAMED --add-opens=java.base/java.lang=ALL-UNNAMED --add-opens=java.base/java.lang.invoke=ALL-UNNAMED --add-opens=java.base/java.util=ALL-UNNAMED --add-opens=java.prefs/java.util.prefs=ALL-UNNAMED --add-opens=java.prefs/java.util.prefs=ALL-UNNAMED --add-opens=java.base/java.nio.charset=ALL-UNNAMED --add-opens=java.base/java.net=ALL-UNNAMED --add-opens=java.base/java.util.concurrent.atomic=ALL-UNNAMED -Xmx2048m -Dfile.encoding=UTF-8 -Duser.country=CA -Duser.language=en -Duser.variant 
java_command: org.gradle.launcher.daemon.bootstrap.GradleDaemon 7.4
java_class_path (initial): C:\Users\Padma\.gradle\wrapper\dists\gradle-7.4-bin\c0gwcg53nkjbqw7r0h0umtfvt\gradle-7.4\lib\gradle-launcher-7.4.jar
Launcher Type: SUN_STANDARD

[Global flags]
     intx CICompilerCount                          = 4                                         {product} {ergonomic}
     uint ConcGCThreads                            = 2                                         {product} {ergonomic}
     uint G1ConcRefinementThreads                  = 8                                         {product} {ergonomic}
   size_t G1HeapRegionSize                         = 1048576                                   {product} {ergonomic}
    uintx GCDrainStackTargetSize                   = 64                                        {product} {ergonomic}
   size_t InitialHeapSize                          = 201326592                                 {product} {ergonomic}
   size_t MarkStackSize                            = 4194304                                   {product} {ergonomic}
   size_t MaxHeapSize                              = 2147483648                                {product} {command line}
   size_t MaxNewSize                               = 1287651328                                {product} {ergonomic}
   size_t MinHeapDeltaBytes                        = 1048576                                   {product} {ergonomic}
    uintx NonNMethodCodeHeapSize                   = 5836300                                {pd product} {ergonomic}
    uintx NonProfiledCodeHeapSize                  = 122910970                              {pd product} {ergonomic}
    uintx ProfiledCodeHeapSize                     = 122910970                              {pd product} {ergonomic}
    uintx ReservedCodeCacheSize                    = 251658240                              {pd product} {ergonomic}
     bool SegmentedCodeCache                       = true                                      {product} {ergonomic}
     bool UseCompressedClassPointers               = true                                 {lp64_product} {ergonomic}
     bool UseCompressedOops                        = true                                 {lp64_product} {ergonomic}
     bool UseG1GC                                  = true                                      {product} {ergonomic}
     bool UseLargePagesIndividualAllocation        = false                                  {pd product} {ergonomic}

Logging:
Log output configuration:
 #0: stdout all=warning uptime,level,tags
 #1: stderr all=off uptime,level,tags

Environment Variables:
JAVA_HOME=C:\Program Files\Amazon Corretto\jdk11.0.15_9
PATH=C:\Program Files\Common Files\Oracle\Java\javapath;E:\app\Padma\product\12.1.0\dbhome_1\bin;C:\Program Files (x86)\VMware\VMware Workstation\bin\;C:\Program Files\Amazon Corretto\jdk11.0.15_9\bin;C:\Program Files (x86)\Python38-32\Scripts\;C:\Program Files (x86)\Python38-32\;C:\WINDOWS\system32;C:\WINDOWS;C:\WINDOWS\System32\Wbem;C:\WINDOWS\System32\WindowsPowerShell\v1.0\;C:\WINDOWS\System32\OpenSSH\;C:\Program Files\Intel\WiFi\bin\;C:\Program Files\Common Files\Intel\WirelessCommon\;C:\Program Files (x86)\Intel\Intel(R) Management Engine Components\DAL;C:\Program Files\Intel\Intel(R) Management Engine Components\DAL;C:\Program Files\dotnet\;C:\Program Files\Microsoft SQL Server\Client SDK\ODBC\170\Tools\Binn\;C:\Program Files (x86)\Microsoft SQL Server\150\Tools\Binn\;C:\Program Files\Microsoft SQL Server\150\Tools\Binn\;C:\Program Files\Microsoft SQL Server\150\DTS\Binn\;C:\Program Files\Azure Data Studio\bin;C:\Program Files (x86)\Microsoft SQL Server\150\DTS\Binn\;C:\Program Files\Git\cmd;C:\Program Files\MySQL\MySQL Shell 8.0\bin\;C:\Users\Padma\AppData\Local\Microsoft\WindowsApps;C:\Users\Padma\AppData\Local\Programs\Microsoft VS Code\bin;C:\Program Files\Azure Data Studio\bin;
USERNAME=Padma
OS=Windows_NT
PROCESSOR_IDENTIFIER=Intel64 Family 6 Model 142 Stepping 10, GenuineIntel



---------------  S Y S T E M  ---------------

OS: Windows 11 , 64 bit Build 22000 (10.0.22000.1335)
OS uptime: 1 days 0:04 hours
Hyper-V role detected

CPU:total 8 (initial active 8) (4 cores per cpu, 2 threads per core) family 6 model 142 stepping 10 microcode 0xf0, cmov, cx8, fxsr, mmx, sse, sse2, sse3, ssse3, sse4.1, sse4.2, popcnt, avx, avx2, aes, clmul, erms, 3dnowpref, lzcnt, ht, tsc, tscinvbit, bmi1, bmi2, adx, fma

Memory: 4k page, system-wide physical 12185M (2390M free)
TotalPageFile size 16283M (AvailPageFile size 6M)
current process WorkingSet (physical memory assigned to process): 481M, peak: 484M
current process commit charge ("private bytes"): 521M, peak: 524M

vm_info: OpenJDK 64-Bit Server VM (11.0.13+0-b1751.21-8125866) for windows-amd64 JRE (11.0.13+0-b1751.21-8125866), built on Feb  2 2022 03:00:22 by "builder" with MS VC++ 14.0 (VS2015)

END.
