#
# There is insufficient memory for the Java Runtime Environment to continue.
# Native memory allocation (malloc) failed to allocate 973376 bytes for Chunk::new
# Possible reasons:
#   The system is out of physical RAM or swap space
#   The process is running with CompressedOops enabled, and the Java Heap may be blocking the growth of the native heap
# Possible solutions:
#   Reduce memory load on the system
#   Increase physical memory or swap space
#   Check if swap backing store is full
#   Decrease Java heap size (-Xmx/-Xms)
#   Decrease number of Java threads
#   Decrease Java thread stack sizes (-Xss)
#   Set larger code cache with -XX:ReservedCodeCacheSize=
#   JVM is running with Unscaled Compressed Oops mode in which the Java heap is
#     placed in the first 4GB address space. The Java Heap base address is the
#     maximum limit for the native heap growth. Please use -XX:HeapBaseMinAddress
#     to set the Java Heap base and to place the Java Heap above 4GB virtual address.
# This output file may be truncated or incomplete.
#
#  Out of Memory Error (./src/hotspot/share/memory/arena.cpp:197), pid=16640, tid=2464
#
# JRE version: OpenJDK Runtime Environment (11.0.13) (build 11.0.13+0-b1751.21-8125866)
# Java VM: OpenJDK 64-Bit Server VM (11.0.13+0-b1751.21-8125866, mixed mode, tiered, compressed oops, g1 gc, windows-amd64)
# No core dump will be written. Minidumps are not enabled by default on client versions of Windows
#

---------------  S U M M A R Y ------------

Command Line: --add-opens=java.base/java.util=ALL-UNNAMED --add-opens=java.base/java.lang=ALL-UNNAMED --add-opens=java.base/java.lang.invoke=ALL-UNNAMED --add-opens=java.base/java.util=ALL-UNNAMED --add-opens=java.prefs/java.util.prefs=ALL-UNNAMED --add-opens=java.prefs/java.util.prefs=ALL-UNNAMED --add-opens=java.base/java.nio.charset=ALL-UNNAMED --add-opens=java.base/java.net=ALL-UNNAMED --add-opens=java.base/java.util.concurrent.atomic=ALL-UNNAMED -Xmx2048m -Dfile.encoding=UTF-8 -Duser.country=CA -Duser.language=en -Duser.variant org.gradle.launcher.daemon.bootstrap.GradleDaemon 7.4

Host: Intel(R) Core(TM) i7-8550U CPU @ 1.80GHz, 8 cores, 11G,  Windows 11 , 64 bit Build 22000 (10.0.22000.1335)
Time: Thu Jan 12 22:03:55 2023 Eastern Standard Time elapsed time: 4077.286794 seconds (0d 1h 7m 57s)

---------------  T H R E A D  ---------------

Current thread (0x0000023ed0ff0000):  JavaThread "C2 CompilerThread2" daemon [_thread_in_native, id=2464, stack(0x000000e244000000,0x000000e244100000)]


Current CompileTask:
C2:4077286 12516 % !   4       com.android.ide.common.resources.DataMerger::mergeData @ 247 (611 bytes)

Stack: [0x000000e244000000,0x000000e244100000]
Native frames: (J=compiled Java code, j=interpreted, Vv=VM code, C=native code)
V  [jvm.dll+0x6100fa]
V  [jvm.dll+0x747090]
V  [jvm.dll+0x7486ad]
V  [jvm.dll+0x748d83]
V  [jvm.dll+0x24ab48]
V  [jvm.dll+0xc04dc]
V  [jvm.dll+0xc0a0c]
V  [jvm.dll+0x2bfab4]
V  [jvm.dll+0x524238]
V  [jvm.dll+0x20491a]
V  [jvm.dll+0x2023c2]
V  [jvm.dll+0x188e01]
V  [jvm.dll+0x21106b]
V  [jvm.dll+0x20f8c1]
V  [jvm.dll+0x70de0f]
V  [jvm.dll+0x706a75]
V  [jvm.dll+0x60ed66]
C  [ucrtbase.dll+0x26c0c]
C  [KERNEL32.DLL+0x155a0]
C  [ntdll.dll+0x485b]


---------------  P R O C E S S  ---------------

Threads class SMR info:
_java_thread_list=0x0000023ecd3fbbd0, length=134, elements={
0x0000023eaefc2000, 0x0000023ec949a800, 0x0000023ec949c000, 0x0000023ec9cfe800,
0x0000023ec9d01800, 0x0000023ec9d03800, 0x0000023ec9d05000, 0x0000023ec9d58000,
0x0000023ec9d65000, 0x0000023ec9e98800, 0x0000023ecc62c000, 0x0000023eca1b8800,
0x0000023ecafd7000, 0x0000023ecd198000, 0x0000023ecd199000, 0x0000023ecd19c000,
0x0000023ecd19a800, 0x0000023ecd19e800, 0x0000023ecd6e6000, 0x0000023ecd6e7800,
0x0000023ecd6e1800, 0x0000023ecd6e4000, 0x0000023ecd6ea000, 0x0000023ed0e1e000,
0x0000023ed0e1f000, 0x0000023ed0f5b800, 0x0000023ed0f5a800, 0x0000023ed0f5f000,
0x0000023ed0f5c800, 0x0000023ed0e14000, 0x0000023ed0e15000, 0x0000023ed0e16000,
0x0000023ed0e13800, 0x0000023ed0e10000, 0x0000023ed0e16800, 0x0000023ed0e11000,
0x0000023ed0e11800, 0x0000023ed0e17800, 0x0000023ed0e12800, 0x0000023ed0e18800,
0x0000023ed0e1d000, 0x0000023ed0e19000, 0x0000023ed0e1b800, 0x0000023ed0e1c800,
0x0000023ed0e1a000, 0x0000023ed0e1a800, 0x0000023ed0f5e000, 0x0000023ed0f5f800,
0x0000023ed0f5a000, 0x0000023ed0f61000, 0x0000023ed0f63800, 0x0000023ed0f66000,
0x0000023ed0f64800, 0x0000023ed0f60800, 0x0000023ed0f67000, 0x0000023ed0f62000,
0x0000023ed0f67800, 0x0000023ed0f65800, 0x0000023ed0f68800, 0x0000023ed0f63000,
0x0000023ecd6e5000, 0x0000023ecd6e3800, 0x0000023ecd6ee000, 0x0000023ecd6ef000,
0x0000023ecd6ef800, 0x0000023ecd6f0800, 0x0000023ecd6ec800, 0x0000023ecd6ed000,
0x0000023ecd6eb800, 0x0000023ecd19b800, 0x0000023ecd19d000, 0x0000023ecd19a000,
0x0000023ecd19e000, 0x0000023eca1be000, 0x0000023eca1bc800, 0x0000023eca1ba000,
0x0000023eca1bf000, 0x0000023eca1bd800, 0x0000023eca1b9000, 0x0000023eca1bb000,
0x0000023eca1c0000, 0x0000023eca1c0800, 0x0000023eca1c1800, 0x0000023eca1bb800,
0x0000023eca1c5800, 0x0000023eca1c6800, 0x0000023eca1c4800, 0x0000023eca1c2000,
0x0000023eca1c7000, 0x0000023eca1c3000, 0x0000023eca1c4000, 0x0000023eca1c8000,
0x0000023ecab48800, 0x0000023ecab43800, 0x0000023ecab45800, 0x0000023ecab44800,
0x0000023ecab48000, 0x0000023ecab46000, 0x0000023ecab43000, 0x0000023ecab4a800,
0x0000023ecab4c800, 0x0000023ecab4b000, 0x0000023ecab4c000, 0x0000023ecab47000,
0x0000023ecab49800, 0x0000023ecab4d800, 0x0000023ecab4e800, 0x0000023ecab4f000,
0x0000023ecab50000, 0x0000023ecab51800, 0x0000023ecab51000, 0x0000023eca6f2800,
0x0000023eca6f1800, 0x0000023eca6f5800, 0x0000023eca6f0800, 0x0000023eca6f3000,
0x0000023eca6f0000, 0x0000023eca6f9800, 0x0000023eca6f8000, 0x0000023eca6f6800,
0x0000023eca6f4000, 0x0000023eca6f7800, 0x0000023eca6fa800, 0x0000023eca6f9000,
0x0000023eca6f5000, 0x0000023eca6fb800, 0x0000023eca6fe800, 0x0000023eca6fc000,
0x0000023eca6fd000, 0x0000023eca6fe000, 0x0000023ecdac7800, 0x0000023ecdaca000,
0x0000023ed0ff2000, 0x0000023ed0ff0000
}

Java Threads: ( => current thread )
  0x0000023eaefc2000 JavaThread "main" [_thread_blocked, id=13812, stack(0x000000e241300000,0x000000e241400000)]
  0x0000023ec949a800 JavaThread "Reference Handler" daemon [_thread_blocked, id=17240, stack(0x000000e241a00000,0x000000e241b00000)]
  0x0000023ec949c000 JavaThread "Finalizer" daemon [_thread_blocked, id=18688, stack(0x000000e241b00000,0x000000e241c00000)]
  0x0000023ec9cfe800 JavaThread "Signal Dispatcher" daemon [_thread_blocked, id=3716, stack(0x000000e241c00000,0x000000e241d00000)]
  0x0000023ec9d01800 JavaThread "Attach Listener" daemon [_thread_blocked, id=3320, stack(0x000000e241d00000,0x000000e241e00000)]
  0x0000023ec9d03800 JavaThread "Service Thread" daemon [_thread_blocked, id=10916, stack(0x000000e241e00000,0x000000e241f00000)]
  0x0000023ec9d05000 JavaThread "C2 CompilerThread0" daemon [_thread_in_native, id=1324, stack(0x000000e241f00000,0x000000e242000000)]
  0x0000023ec9d58000 JavaThread "C1 CompilerThread0" daemon [_thread_blocked, id=10452, stack(0x000000e242000000,0x000000e242100000)]
  0x0000023ec9d65000 JavaThread "Sweeper thread" daemon [_thread_blocked, id=14316, stack(0x000000e242100000,0x000000e242200000)]
  0x0000023ec9e98800 JavaThread "Common-Cleaner" daemon [_thread_blocked, id=2996, stack(0x000000e242200000,0x000000e242300000)]
  0x0000023ecc62c000 JavaThread "Daemon health stats" [_thread_blocked, id=18060, stack(0x000000e242900000,0x000000e242a00000)]
  0x0000023eca1b8800 JavaThread "Incoming local TCP Connector on port 61639" [_thread_in_native, id=10560, stack(0x000000e242400000,0x000000e242500000)]
  0x0000023ecafd7000 JavaThread "Daemon periodic checks" [_thread_blocked, id=11064, stack(0x000000e242500000,0x000000e242600000)]
  0x0000023ecd198000 JavaThread "Cache worker for journal cache (C:\Users\Padma\.gradle\caches\journal-1)" [_thread_blocked, id=15724, stack(0x000000e243100000,0x000000e243200000)]
  0x0000023ecd199000 JavaThread "File lock request listener" [_thread_in_native, id=13508, stack(0x000000e243200000,0x000000e243300000)]
  0x0000023ecd19c000 JavaThread "Cache worker for file hash cache (C:\Users\Padma\.gradle\caches\7.4\fileHashes)" [_thread_blocked, id=12196, stack(0x000000e243300000,0x000000e243400000)]
  0x0000023ecd19a800 JavaThread "File watcher server" daemon [_thread_in_native, id=8860, stack(0x000000e243b00000,0x000000e243c00000)]
  0x0000023ecd19e800 JavaThread "File watcher consumer" daemon [_thread_blocked, id=3004, stack(0x000000e243c00000,0x000000e243d00000)]
  0x0000023ecd6e6000 JavaThread "Cache worker for execution history cache (C:\Users\Padma\.gradle\caches\7.4\executionHistory)" [_thread_blocked, id=15484, stack(0x000000e244100000,0x000000e244200000)]
  0x0000023ecd6e7800 JavaThread "jar transforms" [_thread_blocked, id=13240, stack(0x000000e244200000,0x000000e244300000)]
  0x0000023ecd6e1800 JavaThread "Cache worker for file content cache (C:\Users\Padma\.gradle\caches\7.4\fileContent)" [_thread_blocked, id=13016, stack(0x000000e244300000,0x000000e244400000)]
  0x0000023ecd6e4000 JavaThread "jar transforms Thread 2" [_thread_blocked, id=8960, stack(0x000000e244400000,0x000000e244500000)]
  0x0000023ecd6ea000 JavaThread "jar transforms Thread 3" [_thread_blocked, id=15712, stack(0x000000e244600000,0x000000e244700000)]
  0x0000023ed0e1e000 JavaThread "jar transforms Thread 4" [_thread_blocked, id=17096, stack(0x000000e249800000,0x000000e249900000)]
  0x0000023ed0e1f000 JavaThread "jar transforms Thread 5" [_thread_blocked, id=11240, stack(0x000000e249900000,0x000000e249a00000)]
  0x0000023ed0f5b800 JavaThread "jar transforms Thread 6" [_thread_blocked, id=18296, stack(0x000000e249a00000,0x000000e249b00000)]
  0x0000023ed0f5a800 JavaThread "jar transforms Thread 7" [_thread_blocked, id=1904, stack(0x000000e249b00000,0x000000e249c00000)]
  0x0000023ed0f5f000 JavaThread "jar transforms Thread 8" [_thread_blocked, id=7308, stack(0x000000e249c00000,0x000000e249d00000)]
  0x0000023ed0f5c800 JavaThread "Memory manager" [_thread_blocked, id=8124, stack(0x000000e249d00000,0x000000e249e00000)]
  0x0000023ed0e14000 JavaThread "Daemon Thread 2" [_thread_blocked, id=14516, stack(0x000000e241000000,0x000000e241100000)]
  0x0000023ed0e15000 JavaThread "Handler for socket connection from /127.0.0.1:61639 to /127.0.0.1:51110" [_thread_in_native, id=7548, stack(0x000000e241100000,0x000000e241200000)]
  0x0000023ed0e16000 JavaThread "Cancel handler" [_thread_blocked, id=9024, stack(0x000000e241200000,0x000000e241300000)]
  0x0000023ed0e13800 JavaThread "Daemon worker Thread 2" [_thread_blocked, id=10500, stack(0x000000e242a00000,0x000000e242b00000)]
  0x0000023ed0e10000 JavaThread "Asynchronous log dispatcher for DefaultDaemonConnection: socket connection from /127.0.0.1:61639 to /127.0.0.1:51110" [_thread_blocked, id=972, stack(0x000000e242c00000,0x000000e242d00000)]
  0x0000023ed0e16800 JavaThread "Stdin handler" [_thread_blocked, id=18000, stack(0x000000e242d00000,0x000000e242e00000)]
  0x0000023ed0e11000 JavaThread "Daemon client event forwarder" [_thread_blocked, id=3160, stack(0x000000e242e00000,0x000000e242f00000)]
  0x0000023ed0e11800 JavaThread "Cache worker for checksums cache (C:\Users\Padma\AndroidStudioProjects\PadmasAndroidLabs\.gradle\7.4\checksums)" [_thread_blocked, id=16988, stack(0x000000e243000000,0x000000e243100000)]
  0x0000023ed0e17800 JavaThread "Cache worker for cache directory md-rule (C:\Users\Padma\.gradle\caches\7.4\md-rule)" [_thread_blocked, id=11564, stack(0x000000e243900000,0x000000e243a00000)]
  0x0000023ed0e12800 JavaThread "Cache worker for file hash cache (C:\Users\Padma\AndroidStudioProjects\PadmasAndroidLabs\.gradle\7.4\fileHashes)" [_thread_blocked, id=1724, stack(0x000000e243a00000,0x000000e243b00000)]
  0x0000023ed0e18800 JavaThread "Cache worker for cache directory md-supplier (C:\Users\Padma\.gradle\caches\7.4\md-supplier)" [_thread_blocked, id=3416, stack(0x000000e243d00000,0x000000e243e00000)]
  0x0000023ed0e1d000 JavaThread "Cache worker for dependencies-accessors (C:\Users\Padma\AndroidStudioProjects\PadmasAndroidLabs\.gradle\7.4\dependencies-accessors)" [_thread_blocked, id=6548, stack(0x000000e243e00000,0x000000e243f00000)]
  0x0000023ed0e19000 JavaThread "Cache worker for Build Output Cleanup Cache (C:\Users\Padma\AndroidStudioProjects\PadmasAndroidLabs\.gradle\buildOutputCleanup)" [_thread_blocked, id=3268, stack(0x000000e243f00000,0x000000e244000000)]
  0x0000023ed0e1b800 JavaThread "Unconstrained build operations" [_thread_blocked, id=2784, stack(0x000000e244500000,0x000000e244600000)]
  0x0000023ed0e1c800 JavaThread "Unconstrained build operations Thread 2" [_thread_blocked, id=18496, stack(0x000000e244700000,0x000000e244800000)]
  0x0000023ed0e1a000 JavaThread "Unconstrained build operations Thread 3" [_thread_blocked, id=2624, stack(0x000000e244800000,0x000000e244900000)]
  0x0000023ed0e1a800 JavaThread "Unconstrained build operations Thread 4" [_thread_blocked, id=14268, stack(0x000000e244900000,0x000000e244a00000)]
  0x0000023ed0f5e000 JavaThread "Unconstrained build operations Thread 5" [_thread_blocked, id=16796, stack(0x000000e244a00000,0x000000e244b00000)]
  0x0000023ed0f5f800 JavaThread "Unconstrained build operations Thread 6" [_thread_blocked, id=14944, stack(0x000000e244b00000,0x000000e244c00000)]
  0x0000023ed0f5a000 JavaThread "Unconstrained build operations Thread 7" [_thread_blocked, id=11284, stack(0x000000e244c00000,0x000000e244d00000)]
  0x0000023ed0f61000 JavaThread "Unconstrained build operations Thread 8" [_thread_blocked, id=7464, stack(0x000000e244d00000,0x000000e244e00000)]
  0x0000023ed0f63800 JavaThread "Unconstrained build operations Thread 9" [_thread_blocked, id=2580, stack(0x000000e244e00000,0x000000e244f00000)]
  0x0000023ed0f66000 JavaThread "Unconstrained build operations Thread 10" [_thread_blocked, id=18624, stack(0x000000e244f00000,0x000000e245000000)]
  0x0000023ed0f64800 JavaThread "Unconstrained build operations Thread 11" [_thread_blocked, id=9148, stack(0x000000e245000000,0x000000e245100000)]
  0x0000023ed0f60800 JavaThread "Unconstrained build operations Thread 12" [_thread_blocked, id=11688, stack(0x000000e245100000,0x000000e245200000)]
  0x0000023ed0f67000 JavaThread "Unconstrained build operations Thread 13" [_thread_blocked, id=12624, stack(0x000000e245200000,0x000000e245300000)]
  0x0000023ed0f62000 JavaThread "Unconstrained build operations Thread 14" [_thread_blocked, id=18600, stack(0x000000e245300000,0x000000e245400000)]
  0x0000023ed0f67800 JavaThread "Unconstrained build operations Thread 15" [_thread_blocked, id=15448, stack(0x000000e245400000,0x000000e245500000)]
  0x0000023ed0f65800 JavaThread "Unconstrained build operations Thread 16" [_thread_blocked, id=3908, stack(0x000000e245500000,0x000000e245600000)]
  0x0000023ed0f68800 JavaThread "Unconstrained build operations Thread 17" [_thread_blocked, id=4676, stack(0x000000e245600000,0x000000e245700000)]
  0x0000023ed0f63000 JavaThread "Unconstrained build operations Thread 18" [_thread_blocked, id=3084, stack(0x000000e245700000,0x000000e245800000)]
  0x0000023ecd6e5000 JavaThread "Unconstrained build operations Thread 19" [_thread_blocked, id=8288, stack(0x000000e245800000,0x000000e245900000)]
  0x0000023ecd6e3800 JavaThread "Unconstrained build operations Thread 20" [_thread_blocked, id=11076, stack(0x000000e245900000,0x000000e245a00000)]
  0x0000023ecd6ee000 JavaThread "Unconstrained build operations Thread 21" [_thread_blocked, id=10700, stack(0x000000e245a00000,0x000000e245b00000)]
  0x0000023ecd6ef000 JavaThread "Unconstrained build operations Thread 22" [_thread_blocked, id=1204, stack(0x000000e245b00000,0x000000e245c00000)]
  0x0000023ecd6ef800 JavaThread "Unconstrained build operations Thread 23" [_thread_blocked, id=304, stack(0x000000e245c00000,0x000000e245d00000)]
  0x0000023ecd6f0800 JavaThread "Unconstrained build operations Thread 24" [_thread_blocked, id=2436, stack(0x000000e245d00000,0x000000e245e00000)]
  0x0000023ecd6ec800 JavaThread "Unconstrained build operations Thread 25" [_thread_blocked, id=3476, stack(0x000000e245e00000,0x000000e245f00000)]
  0x0000023ecd6ed000 JavaThread "Unconstrained build operations Thread 26" [_thread_blocked, id=15168, stack(0x000000e245f00000,0x000000e246000000)]
  0x0000023ecd6eb800 JavaThread "Unconstrained build operations Thread 27" [_thread_blocked, id=19096, stack(0x000000e246000000,0x000000e246100000)]
  0x0000023ecd19b800 JavaThread "Unconstrained build operations Thread 28" [_thread_blocked, id=1984, stack(0x000000e246100000,0x000000e246200000)]
  0x0000023ecd19d000 JavaThread "Unconstrained build operations Thread 29" [_thread_blocked, id=4480, stack(0x000000e246200000,0x000000e246300000)]
  0x0000023ecd19a000 JavaThread "Unconstrained build operations Thread 30" [_thread_blocked, id=12056, stack(0x000000e246300000,0x000000e246400000)]
  0x0000023ecd19e000 JavaThread "Unconstrained build operations Thread 31" [_thread_blocked, id=11768, stack(0x000000e246400000,0x000000e246500000)]
  0x0000023eca1be000 JavaThread "Unconstrained build operations Thread 32" [_thread_blocked, id=6872, stack(0x000000e246500000,0x000000e246600000)]
  0x0000023eca1bc800 JavaThread "Unconstrained build operations Thread 33" [_thread_blocked, id=13676, stack(0x000000e246600000,0x000000e246700000)]
  0x0000023eca1ba000 JavaThread "Unconstrained build operations Thread 34" [_thread_blocked, id=9868, stack(0x000000e246700000,0x000000e246800000)]
  0x0000023eca1bf000 JavaThread "Unconstrained build operations Thread 35" [_thread_blocked, id=12296, stack(0x000000e246800000,0x000000e246900000)]
  0x0000023eca1bd800 JavaThread "Unconstrained build operations Thread 36" [_thread_blocked, id=14820, stack(0x000000e246900000,0x000000e246a00000)]
  0x0000023eca1b9000 JavaThread "Unconstrained build operations Thread 37" [_thread_blocked, id=19100, stack(0x000000e246a00000,0x000000e246b00000)]
  0x0000023eca1bb000 JavaThread "Unconstrained build operations Thread 38" [_thread_blocked, id=18472, stack(0x000000e246b00000,0x000000e246c00000)]
  0x0000023eca1c0000 JavaThread "Unconstrained build operations Thread 39" [_thread_blocked, id=2132, stack(0x000000e246c00000,0x000000e246d00000)]
  0x0000023eca1c0800 JavaThread "Unconstrained build operations Thread 40" [_thread_blocked, id=13036, stack(0x000000e246d00000,0x000000e246e00000)]
  0x0000023eca1c1800 JavaThread "Unconstrained build operations Thread 41" [_thread_blocked, id=2064, stack(0x000000e246e00000,0x000000e246f00000)]
  0x0000023eca1bb800 JavaThread "Unconstrained build operations Thread 42" [_thread_blocked, id=10892, stack(0x000000e246f00000,0x000000e247000000)]
  0x0000023eca1c5800 JavaThread "Unconstrained build operations Thread 43" [_thread_blocked, id=15748, stack(0x000000e247000000,0x000000e247100000)]
  0x0000023eca1c6800 JavaThread "Unconstrained build operations Thread 44" [_thread_blocked, id=9628, stack(0x000000e247100000,0x000000e247200000)]
  0x0000023eca1c4800 JavaThread "Unconstrained build operations Thread 45" [_thread_blocked, id=3828, stack(0x000000e247200000,0x000000e247300000)]
  0x0000023eca1c2000 JavaThread "Unconstrained build operations Thread 46" [_thread_blocked, id=12884, stack(0x000000e247300000,0x000000e247400000)]
  0x0000023eca1c7000 JavaThread "Unconstrained build operations Thread 47" [_thread_blocked, id=19228, stack(0x000000e247400000,0x000000e247500000)]
  0x0000023eca1c3000 JavaThread "Unconstrained build operations Thread 48" [_thread_blocked, id=2960, stack(0x000000e247500000,0x000000e247600000)]
  0x0000023eca1c4000 JavaThread "Unconstrained build operations Thread 49" [_thread_blocked, id=15592, stack(0x000000e247600000,0x000000e247700000)]
  0x0000023eca1c8000 JavaThread "Unconstrained build operations Thread 50" [_thread_blocked, id=18640, stack(0x000000e247700000,0x000000e247800000)]
  0x0000023ecab48800 JavaThread "Unconstrained build operations Thread 51" [_thread_blocked, id=17244, stack(0x000000e247800000,0x000000e247900000)]
  0x0000023ecab43800 JavaThread "Unconstrained build operations Thread 52" [_thread_blocked, id=17228, stack(0x000000e247900000,0x000000e247a00000)]
  0x0000023ecab45800 JavaThread "Unconstrained build operations Thread 53" [_thread_blocked, id=11724, stack(0x000000e247a00000,0x000000e247b00000)]
  0x0000023ecab44800 JavaThread "Unconstrained build operations Thread 54" [_thread_blocked, id=9256, stack(0x000000e247b00000,0x000000e247c00000)]
  0x0000023ecab48000 JavaThread "Unconstrained build operations Thread 55" [_thread_blocked, id=8944, stack(0x000000e247c00000,0x000000e247d00000)]
  0x0000023ecab46000 JavaThread "Unconstrained build operations Thread 56" [_thread_blocked, id=10056, stack(0x000000e247d00000,0x000000e247e00000)]
  0x0000023ecab43000 JavaThread "Unconstrained build operations Thread 57" [_thread_blocked, id=14960, stack(0x000000e247e00000,0x000000e247f00000)]
  0x0000023ecab4a800 JavaThread "Unconstrained build operations Thread 58" [_thread_blocked, id=8480, stack(0x000000e247f00000,0x000000e248000000)]
  0x0000023ecab4c800 JavaThread "Unconstrained build operations Thread 59" [_thread_blocked, id=13304, stack(0x000000e248000000,0x000000e248100000)]
  0x0000023ecab4b000 JavaThread "Unconstrained build operations Thread 60" [_thread_blocked, id=14376, stack(0x000000e248100000,0x000000e248200000)]
  0x0000023ecab4c000 JavaThread "Unconstrained build operations Thread 61" [_thread_blocked, id=16000, stack(0x000000e248200000,0x000000e248300000)]
  0x0000023ecab47000 JavaThread "Unconstrained build operations Thread 62" [_thread_blocked, id=4812, stack(0x000000e248300000,0x000000e248400000)]
  0x0000023ecab49800 JavaThread "Unconstrained build operations Thread 63" [_thread_blocked, id=4912, stack(0x000000e248400000,0x000000e248500000)]
  0x0000023ecab4d800 JavaThread "Unconstrained build operations Thread 64" [_thread_blocked, id=18584, stack(0x000000e248500000,0x000000e248600000)]
  0x0000023ecab4e800 JavaThread "Unconstrained build operations Thread 65" [_thread_blocked, id=15208, stack(0x000000e248600000,0x000000e248700000)]
  0x0000023ecab4f000 JavaThread "Unconstrained build operations Thread 66" [_thread_blocked, id=15988, stack(0x000000e248700000,0x000000e248800000)]
  0x0000023ecab50000 JavaThread "Unconstrained build operations Thread 67" [_thread_blocked, id=524, stack(0x000000e248800000,0x000000e248900000)]
  0x0000023ecab51800 JavaThread "Unconstrained build operations Thread 68" [_thread_blocked, id=18772, stack(0x000000e248900000,0x000000e248a00000)]
  0x0000023ecab51000 JavaThread "Unconstrained build operations Thread 69" [_thread_blocked, id=13844, stack(0x000000e248a00000,0x000000e248b00000)]
  0x0000023eca6f2800 JavaThread "Unconstrained build operations Thread 70" [_thread_blocked, id=16352, stack(0x000000e248b00000,0x000000e248c00000)]
  0x0000023eca6f1800 JavaThread "Unconstrained build operations Thread 71" [_thread_blocked, id=10784, stack(0x000000e248c00000,0x000000e248d00000)]
  0x0000023eca6f5800 JavaThread "Unconstrained build operations Thread 72" [_thread_blocked, id=19340, stack(0x000000e248d00000,0x000000e248e00000)]
  0x0000023eca6f0800 JavaThread "Unconstrained build operations Thread 73" [_thread_blocked, id=6600, stack(0x000000e248e00000,0x000000e248f00000)]
  0x0000023eca6f3000 JavaThread "Unconstrained build operations Thread 74" [_thread_blocked, id=4776, stack(0x000000e248f00000,0x000000e249000000)]
  0x0000023eca6f0000 JavaThread "Unconstrained build operations Thread 75" [_thread_blocked, id=17020, stack(0x000000e249000000,0x000000e249100000)]
  0x0000023eca6f9800 JavaThread "Unconstrained build operations Thread 76" [_thread_blocked, id=17180, stack(0x000000e249100000,0x000000e249200000)]
  0x0000023eca6f8000 JavaThread "Unconstrained build operations Thread 77" [_thread_blocked, id=13808, stack(0x000000e249200000,0x000000e249300000)]
  0x0000023eca6f6800 JavaThread "Unconstrained build operations Thread 78" [_thread_blocked, id=3736, stack(0x000000e249300000,0x000000e249400000)]
  0x0000023eca6f4000 JavaThread "Unconstrained build operations Thread 79" [_thread_blocked, id=11052, stack(0x000000e249400000,0x000000e249500000)]
  0x0000023eca6f7800 JavaThread "Unconstrained build operations Thread 80" [_thread_blocked, id=17468, stack(0x000000e249500000,0x000000e249600000)]
  0x0000023eca6fa800 JavaThread "build event listener" [_thread_blocked, id=4996, stack(0x000000e249600000,0x000000e249700000)]
  0x0000023eca6f9000 JavaThread "included builds" [_thread_blocked, id=7656, stack(0x000000e249700000,0x000000e249800000)]
  0x0000023eca6f5000 JavaThread "Execution worker for ':'" [_thread_in_Java, id=16264, stack(0x000000e249e00000,0x000000e249f00000)]
  0x0000023eca6fb800 JavaThread "Execution worker for ':' Thread 2" [_thread_blocked, id=3176, stack(0x000000e249f00000,0x000000e24a000000)]
  0x0000023eca6fe800 JavaThread "Execution worker for ':' Thread 3" [_thread_blocked, id=13092, stack(0x000000e24a000000,0x000000e24a100000)]
  0x0000023eca6fc000 JavaThread "Execution worker for ':' Thread 4" [_thread_blocked, id=15472, stack(0x000000e24a100000,0x000000e24a200000)]
  0x0000023eca6fd000 JavaThread "Execution worker for ':' Thread 5" [_thread_blocked, id=6464, stack(0x000000e24a200000,0x000000e24a300000)]
  0x0000023eca6fe000 JavaThread "Execution worker for ':' Thread 6" [_thread_blocked, id=5880, stack(0x000000e24a300000,0x000000e24a400000)]
  0x0000023ecdac7800 JavaThread "Execution worker for ':' Thread 7" [_thread_blocked, id=18908, stack(0x000000e24a400000,0x000000e24a500000)]
  0x0000023ecdaca000 JavaThread "Cache worker for execution history cache (C:\Users\Padma\AndroidStudioProjects\PadmasAndroidLabs\.gradle\7.4\executionHistory)" [_thread_blocked, id=1688, stack(0x000000e24a500000,0x000000e24a600000)]
  0x0000023ed0ff2000 JavaThread "C2 CompilerThread1" daemon [_thread_in_native, id=15996, stack(0x000000e242f00000,0x000000e243000000)]
=>0x0000023ed0ff0000 JavaThread "C2 CompilerThread2" daemon [_thread_in_native, id=2464, stack(0x000000e244000000,0x000000e244100000)]

Other Threads:
  0x0000023ec9497800 VMThread "VM Thread" [stack: 0x000000e241900000,0x000000e241a00000] [id=14680]
  0x0000023ec9eb8000 WatcherThread [stack: 0x000000e242300000,0x000000e242400000] [id=8468]
  0x0000023eaefdb800 GCTaskThread "GC Thread#0" [stack: 0x000000e241400000,0x000000e241500000] [id=4804]
  0x0000023ecb325800 GCTaskThread "GC Thread#1" [stack: 0x000000e242600000,0x000000e242700000] [id=13392]
  0x0000023ecb1ae800 GCTaskThread "GC Thread#2" [stack: 0x000000e242700000,0x000000e242800000] [id=12696]
  0x0000023ecaffc000 GCTaskThread "GC Thread#3" [stack: 0x000000e242800000,0x000000e242900000] [id=13500]
  0x0000023eccfb8800 GCTaskThread "GC Thread#4" [stack: 0x000000e243400000,0x000000e243500000] [id=14108]
  0x0000023eccf52000 GCTaskThread "GC Thread#5" [stack: 0x000000e243500000,0x000000e243600000] [id=6168]
  0x0000023ecb720000 GCTaskThread "GC Thread#6" [stack: 0x000000e243600000,0x000000e243700000] [id=116]
  0x0000023ecbe0f000 GCTaskThread "GC Thread#7" [stack: 0x000000e243700000,0x000000e243800000] [id=14248]
  0x0000023eaf00d800 ConcurrentGCThread "G1 Main Marker" [stack: 0x000000e241500000,0x000000e241600000] [id=3880]
  0x0000023eaf00f800 ConcurrentGCThread "G1 Conc#0" [stack: 0x000000e241600000,0x000000e241700000] [id=18544]
  0x0000023eccd95800 ConcurrentGCThread "G1 Conc#1" [stack: 0x000000e243800000,0x000000e243900000] [id=16560]
  0x0000023eaf09e800 ConcurrentGCThread "G1 Refine#0" [stack: 0x000000e241700000,0x000000e241800000] [id=18276]
  0x0000023ec92ea800 ConcurrentGCThread "G1 Young RemSet Sampling" [stack: 0x000000e241800000,0x000000e241900000] [id=6640]

Threads with active compile tasks:
C2 CompilerThread04077341 12550       4       org.apache.xerces.dom.AttributeMap::setNamedItem (314 bytes)
C2 CompilerThread14077341 12593       4       org.apache.xerces.dom.DeferredDocumentImpl::getNodeValueString (414 bytes)
C2 CompilerThread24077341 12516 % !   4       com.android.ide.common.resources.DataMerger::mergeData @ 247 (611 bytes)

VM state:not at safepoint (normal execution)

VM Mutex/Monitor currently owned by a thread: None

Heap address: 0x0000000080000000, size: 2048 MB, Compressed Oops mode: 32-bit
Narrow klass base: 0x0000000000000000, Narrow klass shift: 3
Compressed class space size: 1073741824 Address: 0x0000000100000000

Heap:
 garbage-first heap   total 196608K, used 128376K [0x0000000080000000, 0x0000000100000000)
  region size 1024K, 58 young (59392K), 8 survivors (8192K)
 Metaspace       used 87558K, capacity 89910K, committed 90108K, reserved 1128448K
  class space    used 11207K, capacity 12075K, committed 12108K, reserved 1048576K
Heap Regions: E=young(eden), S=young(survivor), O=old, HS=humongous(starts), HC=humongous(continues), CS=collection set, F=free, A=archive, TAMS=top-at-mark-start (previous, next)
|   0|0x0000000080000000, 0x0000000080100000, 0x0000000080100000|100%| O|  |TAMS 0x0000000080100000, 0x0000000080000000| Untracked 
|   1|0x0000000080100000, 0x0000000080200000, 0x0000000080200000|100%| O|  |TAMS 0x0000000080200000, 0x0000000080100000| Untracked 
|   2|0x0000000080200000, 0x0000000080300000, 0x0000000080300000|100%| O|  |TAMS 0x0000000080300000, 0x0000000080200000| Untracked 
|   3|0x0000000080300000, 0x0000000080400000, 0x0000000080400000|100%|HS|  |TAMS 0x0000000080400000, 0x0000000080300000| Complete 
|   4|0x0000000080400000, 0x0000000080500000, 0x0000000080500000|100%|HC|  |TAMS 0x0000000080500000, 0x0000000080400000| Complete 
|   5|0x0000000080500000, 0x0000000080600000, 0x0000000080600000|100%|HC|  |TAMS 0x0000000080600000, 0x0000000080500000| Complete 
|   6|0x0000000080600000, 0x0000000080700000, 0x0000000080700000|100%| O|  |TAMS 0x0000000080700000, 0x0000000080600000| Untracked 
|   7|0x0000000080700000, 0x0000000080800000, 0x0000000080800000|100%| O|  |TAMS 0x0000000080800000, 0x0000000080700000| Untracked 
|   8|0x0000000080800000, 0x0000000080900000, 0x0000000080900000|100%| O|  |TAMS 0x0000000080900000, 0x0000000080800000| Untracked 
|   9|0x0000000080900000, 0x0000000080a00000, 0x0000000080a00000|100%| O|  |TAMS 0x0000000080a00000, 0x0000000080900000| Untracked 
|  10|0x0000000080a00000, 0x0000000080b00000, 0x0000000080b00000|100%| O|  |TAMS 0x0000000080b00000, 0x0000000080a00000| Untracked 
|  11|0x0000000080b00000, 0x0000000080c00000, 0x0000000080c00000|100%| O|  |TAMS 0x0000000080c00000, 0x0000000080b00000| Untracked 
|  12|0x0000000080c00000, 0x0000000080d00000, 0x0000000080d00000|100%| O|  |TAMS 0x0000000080d00000, 0x0000000080c00000| Untracked 
|  13|0x0000000080d00000, 0x0000000080e00000, 0x0000000080e00000|100%| O|  |TAMS 0x0000000080e00000, 0x0000000080d00000| Untracked 
|  14|0x0000000080e00000, 0x0000000080f00000, 0x0000000080f00000|100%| O|  |TAMS 0x0000000080f00000, 0x0000000080e00000| Untracked 
|  15|0x0000000080f00000, 0x0000000081000000, 0x0000000081000000|100%| O|  |TAMS 0x0000000081000000, 0x0000000080f00000| Untracked 
|  16|0x0000000081000000, 0x0000000081100000, 0x0000000081100000|100%| O|  |TAMS 0x0000000081100000, 0x0000000081000000| Untracked 
|  17|0x0000000081100000, 0x0000000081200000, 0x0000000081200000|100%|HS|  |TAMS 0x0000000081200000, 0x0000000081100000| Complete 
|  18|0x0000000081200000, 0x0000000081300000, 0x0000000081300000|100%|HS|  |TAMS 0x0000000081300000, 0x0000000081200000| Complete 
|  19|0x0000000081300000, 0x0000000081400000, 0x0000000081400000|100%| O|  |TAMS 0x0000000081400000, 0x0000000081300000| Untracked 
|  20|0x0000000081400000, 0x0000000081500000, 0x0000000081500000|100%|HS|  |TAMS 0x0000000081500000, 0x0000000081400000| Complete 
|  21|0x0000000081500000, 0x0000000081600000, 0x0000000081600000|100%|HC|  |TAMS 0x0000000081600000, 0x0000000081500000| Complete 
|  22|0x0000000081600000, 0x0000000081700000, 0x0000000081700000|100%| O|  |TAMS 0x0000000081700000, 0x0000000081600000| Untracked 
|  23|0x0000000081700000, 0x0000000081800000, 0x0000000081800000|100%| O|  |TAMS 0x0000000081800000, 0x0000000081700000| Untracked 
|  24|0x0000000081800000, 0x0000000081900000, 0x0000000081900000|100%| O|  |TAMS 0x0000000081900000, 0x0000000081800000| Untracked 
|  25|0x0000000081900000, 0x0000000081a00000, 0x0000000081a00000|100%| O|  |TAMS 0x0000000081a00000, 0x0000000081900000| Untracked 
|  26|0x0000000081a00000, 0x0000000081b00000, 0x0000000081b00000|100%| O|  |TAMS 0x0000000081b00000, 0x0000000081a00000| Untracked 
|  27|0x0000000081b00000, 0x0000000081c00000, 0x0000000081c00000|100%| O|  |TAMS 0x0000000081c00000, 0x0000000081b00000| Untracked 
|  28|0x0000000081c00000, 0x0000000081d00000, 0x0000000081d00000|100%| O|  |TAMS 0x0000000081d00000, 0x0000000081c00000| Untracked 
|  29|0x0000000081d00000, 0x0000000081e00000, 0x0000000081e00000|100%| O|  |TAMS 0x0000000081e00000, 0x0000000081d00000| Untracked 
|  30|0x0000000081e00000, 0x0000000081f00000, 0x0000000081f00000|100%| O|  |TAMS 0x0000000081f00000, 0x0000000081e00000| Untracked 
|  31|0x0000000081f00000, 0x0000000082000000, 0x0000000082000000|100%| O|  |TAMS 0x0000000081fa1800, 0x0000000081f00000| Untracked 
|  32|0x0000000082000000, 0x0000000082100000, 0x0000000082100000|100%| O|  |TAMS 0x0000000082000000, 0x0000000082000000| Untracked 
|  33|0x0000000082100000, 0x0000000082200000, 0x0000000082200000|100%| O|  |TAMS 0x0000000082100000, 0x0000000082100000| Untracked 
|  34|0x0000000082200000, 0x0000000082300000, 0x0000000082300000|100%| O|  |TAMS 0x0000000082200000, 0x0000000082200000| Untracked 
|  35|0x0000000082300000, 0x0000000082400000, 0x0000000082400000|100%| O|  |TAMS 0x0000000082300000, 0x0000000082300000| Untracked 
|  36|0x0000000082400000, 0x0000000082500000, 0x0000000082500000|100%| O|  |TAMS 0x0000000082400000, 0x0000000082400000| Untracked 
|  37|0x0000000082500000, 0x0000000082600000, 0x0000000082600000|100%| O|  |TAMS 0x0000000082500000, 0x0000000082500000| Untracked 
|  38|0x0000000082600000, 0x0000000082700000, 0x0000000082700000|100%| O|  |TAMS 0x0000000082600000, 0x0000000082600000| Untracked 
|  39|0x0000000082700000, 0x0000000082800000, 0x0000000082800000|100%| O|  |TAMS 0x0000000082700000, 0x0000000082700000| Untracked 
|  40|0x0000000082800000, 0x0000000082900000, 0x0000000082900000|100%| O|  |TAMS 0x0000000082800000, 0x0000000082800000| Untracked 
|  41|0x0000000082900000, 0x0000000082a00000, 0x0000000082a00000|100%| O|  |TAMS 0x0000000082900000, 0x0000000082900000| Untracked 
|  42|0x0000000082a00000, 0x0000000082b00000, 0x0000000082b00000|100%| O|  |TAMS 0x0000000082a00000, 0x0000000082a00000| Untracked 
|  43|0x0000000082b00000, 0x0000000082c00000, 0x0000000082c00000|100%| O|  |TAMS 0x0000000082b00000, 0x0000000082b00000| Untracked 
|  44|0x0000000082c00000, 0x0000000082d00000, 0x0000000082d00000|100%| O|  |TAMS 0x0000000082c00000, 0x0000000082c00000| Untracked 
|  45|0x0000000082d00000, 0x0000000082e00000, 0x0000000082e00000|100%| O|  |TAMS 0x0000000082d00000, 0x0000000082d00000| Untracked 
|  46|0x0000000082e00000, 0x0000000082f00000, 0x0000000082f00000|100%| O|  |TAMS 0x0000000082e00000, 0x0000000082e00000| Untracked 
|  47|0x0000000082f00000, 0x0000000083000000, 0x0000000083000000|100%| O|  |TAMS 0x0000000082f00000, 0x0000000082f00000| Untracked 
|  48|0x0000000083000000, 0x0000000083100000, 0x0000000083100000|100%| O|  |TAMS 0x0000000083000000, 0x0000000083000000| Untracked 
|  49|0x0000000083100000, 0x0000000083200000, 0x0000000083200000|100%| O|  |TAMS 0x0000000083100000, 0x0000000083100000| Untracked 
|  50|0x0000000083200000, 0x0000000083300000, 0x0000000083300000|100%| O|  |TAMS 0x0000000083200000, 0x0000000083200000| Untracked 
|  51|0x0000000083300000, 0x0000000083400000, 0x0000000083400000|100%| O|  |TAMS 0x0000000083300000, 0x0000000083300000| Untracked 
|  52|0x0000000083400000, 0x0000000083500000, 0x0000000083500000|100%| O|  |TAMS 0x0000000083400000, 0x0000000083400000| Untracked 
|  53|0x0000000083500000, 0x0000000083600000, 0x0000000083600000|100%| O|  |TAMS 0x0000000083500000, 0x0000000083500000| Untracked 
|  54|0x0000000083600000, 0x0000000083700000, 0x0000000083700000|100%| O|  |TAMS 0x0000000083600000, 0x0000000083600000| Untracked 
|  55|0x0000000083700000, 0x0000000083800000, 0x0000000083800000|100%| O|  |TAMS 0x0000000083700000, 0x0000000083700000| Untracked 
|  56|0x0000000083800000, 0x0000000083900000, 0x0000000083900000|100%| O|  |TAMS 0x0000000083800000, 0x0000000083800000| Untracked 
|  57|0x0000000083900000, 0x0000000083a00000, 0x0000000083a00000|100%| O|  |TAMS 0x0000000083900000, 0x0000000083900000| Untracked 
|  58|0x0000000083a00000, 0x0000000083b00000, 0x0000000083b00000|100%| O|  |TAMS 0x0000000083a00000, 0x0000000083a00000| Untracked 
|  59|0x0000000083b00000, 0x0000000083c00000, 0x0000000083c00000|100%| O|  |TAMS 0x0000000083b00000, 0x0000000083b00000| Untracked 
|  60|0x0000000083c00000, 0x0000000083d00000, 0x0000000083d00000|100%| O|  |TAMS 0x0000000083c00000, 0x0000000083c00000| Untracked 
|  61|0x0000000083d00000, 0x0000000083e00000, 0x0000000083e00000|100%| O|  |TAMS 0x0000000083d00000, 0x0000000083d00000| Untracked 
|  62|0x0000000083e00000, 0x0000000083f00000, 0x0000000083f00000|100%| O|  |TAMS 0x0000000083e00000, 0x0000000083e00000| Untracked 
|  63|0x0000000083f00000, 0x0000000084000000, 0x0000000084000000|100%| O|  |TAMS 0x0000000083f00000, 0x0000000083f00000| Untracked 
|  64|0x0000000084000000, 0x0000000084100000, 0x0000000084100000|100%| O|  |TAMS 0x0000000084000000, 0x0000000084000000| Untracked 
|  65|0x0000000084100000, 0x0000000084200000, 0x0000000084200000|100%| O|  |TAMS 0x0000000084100000, 0x0000000084100000| Untracked 
|  66|0x0000000084200000, 0x0000000084300000, 0x0000000084300000|100%| O|  |TAMS 0x0000000084200000, 0x0000000084200000| Untracked 
|  67|0x0000000084300000, 0x00000000843b9c00, 0x0000000084400000| 72%| O|  |TAMS 0x0000000084300000, 0x0000000084300000| Untracked 
|  68|0x0000000084400000, 0x0000000084500000, 0x0000000084500000|100%|HS|  |TAMS 0x0000000084400000, 0x0000000084400000| Complete 
|  69|0x0000000084500000, 0x0000000084600000, 0x0000000084600000|100%|HC|  |TAMS 0x0000000084500000, 0x0000000084500000| Complete 
|  70|0x0000000084600000, 0x0000000084600000, 0x0000000084700000|  0%| F|  |TAMS 0x0000000084600000, 0x0000000084600000| Untracked 
|  71|0x0000000084700000, 0x0000000084700000, 0x0000000084800000|  0%| F|  |TAMS 0x0000000084700000, 0x0000000084700000| Untracked 
|  72|0x0000000084800000, 0x0000000084800000, 0x0000000084900000|  0%| F|  |TAMS 0x0000000084800000, 0x0000000084800000| Untracked 
|  73|0x0000000084900000, 0x0000000084900000, 0x0000000084a00000|  0%| F|  |TAMS 0x0000000084900000, 0x0000000084900000| Untracked 
|  74|0x0000000084a00000, 0x0000000084a00000, 0x0000000084b00000|  0%| F|  |TAMS 0x0000000084a00000, 0x0000000084a00000| Untracked 
|  75|0x0000000084b00000, 0x0000000084b00000, 0x0000000084c00000|  0%| F|  |TAMS 0x0000000084b00000, 0x0000000084b00000| Untracked 
|  76|0x0000000084c00000, 0x0000000084c00000, 0x0000000084d00000|  0%| F|  |TAMS 0x0000000084c00000, 0x0000000084c00000| Untracked 
|  77|0x0000000084d00000, 0x0000000084d00000, 0x0000000084e00000|  0%| F|  |TAMS 0x0000000084d00000, 0x0000000084d00000| Untracked 
|  78|0x0000000084e00000, 0x0000000084e00000, 0x0000000084f00000|  0%| F|  |TAMS 0x0000000084e00000, 0x0000000084e00000| Untracked 
|  79|0x0000000084f00000, 0x0000000084f00000, 0x0000000085000000|  0%| F|  |TAMS 0x0000000084f00000, 0x0000000084f00000| Untracked 
|  80|0x0000000085000000, 0x0000000085000000, 0x0000000085100000|  0%| F|  |TAMS 0x0000000085000000, 0x0000000085000000| Untracked 
|  81|0x0000000085100000, 0x0000000085100000, 0x0000000085200000|  0%| F|  |TAMS 0x0000000085100000, 0x0000000085100000| Untracked 
|  82|0x0000000085200000, 0x0000000085200000, 0x0000000085300000|  0%| F|  |TAMS 0x0000000085200000, 0x0000000085200000| Untracked 
|  83|0x0000000085300000, 0x0000000085300000, 0x0000000085400000|  0%| F|  |TAMS 0x0000000085300000, 0x0000000085300000| Untracked 
|  84|0x0000000085400000, 0x0000000085400000, 0x0000000085500000|  0%| F|  |TAMS 0x0000000085400000, 0x0000000085400000| Untracked 
|  85|0x0000000085500000, 0x0000000085500000, 0x0000000085600000|  0%| F|  |TAMS 0x0000000085500000, 0x0000000085500000| Untracked 
|  86|0x0000000085600000, 0x0000000085600000, 0x0000000085700000|  0%| F|  |TAMS 0x0000000085600000, 0x0000000085600000| Untracked 
|  87|0x0000000085700000, 0x0000000085700000, 0x0000000085800000|  0%| F|  |TAMS 0x0000000085700000, 0x0000000085700000| Untracked 
|  88|0x0000000085800000, 0x0000000085800000, 0x0000000085900000|  0%| F|  |TAMS 0x0000000085800000, 0x0000000085800000| Untracked 
|  89|0x0000000085900000, 0x0000000085900000, 0x0000000085a00000|  0%| F|  |TAMS 0x0000000085900000, 0x0000000085900000| Untracked 
|  90|0x0000000085a00000, 0x0000000085a00000, 0x0000000085b00000|  0%| F|  |TAMS 0x0000000085a00000, 0x0000000085a00000| Untracked 
|  91|0x0000000085b00000, 0x0000000085b00000, 0x0000000085c00000|  0%| F|  |TAMS 0x0000000085b00000, 0x0000000085b00000| Untracked 
|  92|0x0000000085c00000, 0x0000000085c00000, 0x0000000085d00000|  0%| F|  |TAMS 0x0000000085c00000, 0x0000000085c00000| Untracked 
|  93|0x0000000085d00000, 0x0000000085d00000, 0x0000000085e00000|  0%| F|  |TAMS 0x0000000085d00000, 0x0000000085d00000| Untracked 
|  94|0x0000000085e00000, 0x0000000085e00000, 0x0000000085f00000|  0%| F|  |TAMS 0x0000000085e00000, 0x0000000085e00000| Untracked 
|  95|0x0000000085f00000, 0x0000000085f00000, 0x0000000086000000|  0%| F|  |TAMS 0x0000000085f00000, 0x0000000085f00000| Untracked 
|  96|0x0000000086000000, 0x00000000860a4588, 0x0000000086100000| 64%| S|CS|TAMS 0x0000000086000000, 0x0000000086000000| Complete 
|  97|0x0000000086100000, 0x0000000086200000, 0x0000000086200000|100%| S|CS|TAMS 0x0000000086100000, 0x0000000086100000| Complete 
|  98|0x0000000086200000, 0x0000000086300000, 0x0000000086300000|100%| S|CS|TAMS 0x0000000086200000, 0x0000000086200000| Complete 
|  99|0x0000000086300000, 0x0000000086400000, 0x0000000086400000|100%| S|CS|TAMS 0x0000000086300000, 0x0000000086300000| Complete 
| 100|0x0000000086400000, 0x0000000086500000, 0x0000000086500000|100%| S|CS|TAMS 0x0000000086400000, 0x0000000086400000| Complete 
| 101|0x0000000086500000, 0x0000000086600000, 0x0000000086600000|100%| S|CS|TAMS 0x0000000086500000, 0x0000000086500000| Complete 
| 102|0x0000000086600000, 0x0000000086700000, 0x0000000086700000|100%| S|CS|TAMS 0x0000000086600000, 0x0000000086600000| Complete 
| 103|0x0000000086700000, 0x0000000086800000, 0x0000000086800000|100%| S|CS|TAMS 0x0000000086700000, 0x0000000086700000| Complete 
| 104|0x0000000086800000, 0x0000000086800000, 0x0000000086900000|  0%| F|  |TAMS 0x0000000086800000, 0x0000000086800000| Untracked 
| 105|0x0000000086900000, 0x0000000086900000, 0x0000000086a00000|  0%| F|  |TAMS 0x0000000086900000, 0x0000000086900000| Untracked 
| 106|0x0000000086a00000, 0x0000000086a00000, 0x0000000086b00000|  0%| F|  |TAMS 0x0000000086a00000, 0x0000000086a00000| Untracked 
| 107|0x0000000086b00000, 0x0000000086b00000, 0x0000000086c00000|  0%| F|  |TAMS 0x0000000086b00000, 0x0000000086b00000| Untracked 
| 108|0x0000000086c00000, 0x0000000086c00000, 0x0000000086d00000|  0%| F|  |TAMS 0x0000000086c00000, 0x0000000086c00000| Untracked 
| 109|0x0000000086d00000, 0x0000000086d00000, 0x0000000086e00000|  0%| F|  |TAMS 0x0000000086d00000, 0x0000000086d00000| Untracked 
| 110|0x0000000086e00000, 0x0000000086e00000, 0x0000000086f00000|  0%| F|  |TAMS 0x0000000086e00000, 0x0000000086e00000| Untracked 
| 111|0x0000000086f00000, 0x0000000086f00000, 0x0000000087000000|  0%| F|  |TAMS 0x0000000086f00000, 0x0000000086f00000| Untracked 
| 112|0x0000000087000000, 0x0000000087000000, 0x0000000087100000|  0%| F|  |TAMS 0x0000000087000000, 0x0000000087000000| Untracked 
| 113|0x0000000087100000, 0x0000000087100000, 0x0000000087200000|  0%| F|  |TAMS 0x0000000087100000, 0x0000000087100000| Untracked 
| 114|0x0000000087200000, 0x0000000087200000, 0x0000000087300000|  0%| F|  |TAMS 0x0000000087200000, 0x0000000087200000| Untracked 
| 115|0x0000000087300000, 0x0000000087300000, 0x0000000087400000|  0%| F|  |TAMS 0x0000000087300000, 0x0000000087300000| Untracked 
| 116|0x0000000087400000, 0x0000000087400000, 0x0000000087500000|  0%| F|  |TAMS 0x0000000087400000, 0x0000000087400000| Untracked 
| 117|0x0000000087500000, 0x0000000087500000, 0x0000000087600000|  0%| F|  |TAMS 0x0000000087500000, 0x0000000087500000| Untracked 
| 118|0x0000000087600000, 0x0000000087600000, 0x0000000087700000|  0%| F|  |TAMS 0x0000000087600000, 0x0000000087600000| Untracked 
| 119|0x0000000087700000, 0x0000000087700000, 0x0000000087800000|  0%| F|  |TAMS 0x0000000087700000, 0x0000000087700000| Untracked 
| 120|0x0000000087800000, 0x0000000087800000, 0x0000000087900000|  0%| F|  |TAMS 0x0000000087800000, 0x0000000087800000| Untracked 
| 121|0x0000000087900000, 0x0000000087900000, 0x0000000087a00000|  0%| F|  |TAMS 0x0000000087900000, 0x0000000087900000| Untracked 
| 122|0x0000000087a00000, 0x0000000087a00000, 0x0000000087b00000|  0%| F|  |TAMS 0x0000000087a00000, 0x0000000087a00000| Untracked 
| 123|0x0000000087b00000, 0x0000000087b00000, 0x0000000087c00000|  0%| F|  |TAMS 0x0000000087b00000, 0x0000000087b00000| Untracked 
| 124|0x0000000087c00000, 0x0000000087c00000, 0x0000000087d00000|  0%| F|  |TAMS 0x0000000087c00000, 0x0000000087c00000| Untracked 
| 125|0x0000000087d00000, 0x0000000087d00000, 0x0000000087e00000|  0%| F|  |TAMS 0x0000000087d00000, 0x0000000087d00000| Untracked 
| 126|0x0000000087e00000, 0x0000000087e00000, 0x0000000087f00000|  0%| F|  |TAMS 0x0000000087e00000, 0x0000000087e00000| Untracked 
| 127|0x0000000087f00000, 0x0000000087f00000, 0x0000000088000000|  0%| F|  |TAMS 0x0000000087f00000, 0x0000000087f00000| Untracked 
| 128|0x0000000088000000, 0x0000000088000000, 0x0000000088100000|  0%| F|  |TAMS 0x0000000088000000, 0x0000000088000000| Untracked 
| 129|0x0000000088100000, 0x0000000088100000, 0x0000000088200000|  0%| F|  |TAMS 0x0000000088100000, 0x0000000088100000| Untracked 
| 130|0x0000000088200000, 0x0000000088200000, 0x0000000088300000|  0%| F|  |TAMS 0x0000000088200000, 0x0000000088200000| Untracked 
| 131|0x0000000088300000, 0x0000000088300000, 0x0000000088400000|  0%| F|  |TAMS 0x0000000088300000, 0x0000000088300000| Untracked 
| 132|0x0000000088400000, 0x0000000088400000, 0x0000000088500000|  0%| F|  |TAMS 0x0000000088400000, 0x0000000088400000| Untracked 
| 133|0x0000000088500000, 0x0000000088500000, 0x0000000088600000|  0%| F|  |TAMS 0x0000000088500000, 0x0000000088500000| Untracked 
| 134|0x0000000088600000, 0x0000000088600000, 0x0000000088700000|  0%| F|  |TAMS 0x0000000088600000, 0x0000000088600000| Untracked 
| 135|0x0000000088700000, 0x0000000088700000, 0x0000000088800000|  0%| F|  |TAMS 0x0000000088700000, 0x0000000088700000| Untracked 
| 136|0x0000000088800000, 0x0000000088800000, 0x0000000088900000|  0%| F|  |TAMS 0x0000000088800000, 0x0000000088800000| Untracked 
| 137|0x0000000088900000, 0x0000000088900000, 0x0000000088a00000|  0%| F|  |TAMS 0x0000000088900000, 0x0000000088900000| Untracked 
| 138|0x0000000088a00000, 0x0000000088a00000, 0x0000000088b00000|  0%| F|  |TAMS 0x0000000088a00000, 0x0000000088a00000| Untracked 
| 139|0x0000000088b00000, 0x0000000088b00000, 0x0000000088c00000|  0%| F|  |TAMS 0x0000000088b00000, 0x0000000088b00000| Untracked 
| 140|0x0000000088c00000, 0x0000000088c00000, 0x0000000088d00000|  0%| F|  |TAMS 0x0000000088c00000, 0x0000000088c00000| Untracked 
| 141|0x0000000088d00000, 0x0000000088d1d798, 0x0000000088e00000| 11%| E|  |TAMS 0x0000000088d00000, 0x0000000088d00000| Complete 
| 142|0x0000000088e00000, 0x0000000088f00000, 0x0000000088f00000|100%| E|CS|TAMS 0x0000000088e00000, 0x0000000088e00000| Complete 
| 143|0x0000000088f00000, 0x0000000089000000, 0x0000000089000000|100%| E|CS|TAMS 0x0000000088f00000, 0x0000000088f00000| Complete 
| 144|0x0000000089000000, 0x0000000089100000, 0x0000000089100000|100%| E|CS|TAMS 0x0000000089000000, 0x0000000089000000| Complete 
| 145|0x0000000089100000, 0x0000000089200000, 0x0000000089200000|100%| E|CS|TAMS 0x0000000089100000, 0x0000000089100000| Complete 
| 146|0x0000000089200000, 0x0000000089300000, 0x0000000089300000|100%| E|CS|TAMS 0x0000000089200000, 0x0000000089200000| Complete 
| 147|0x0000000089300000, 0x0000000089400000, 0x0000000089400000|100%| E|CS|TAMS 0x0000000089300000, 0x0000000089300000| Complete 
| 148|0x0000000089400000, 0x0000000089500000, 0x0000000089500000|100%| E|CS|TAMS 0x0000000089400000, 0x0000000089400000| Complete 
| 149|0x0000000089500000, 0x0000000089600000, 0x0000000089600000|100%| E|CS|TAMS 0x0000000089500000, 0x0000000089500000| Complete 
| 150|0x0000000089600000, 0x0000000089700000, 0x0000000089700000|100%| E|CS|TAMS 0x0000000089600000, 0x0000000089600000| Complete 
| 151|0x0000000089700000, 0x00000000897fff00, 0x0000000089800000| 99%| E|  |TAMS 0x0000000089700000, 0x0000000089700000| Complete 
| 152|0x0000000089800000, 0x0000000089900000, 0x0000000089900000|100%| E|CS|TAMS 0x0000000089800000, 0x0000000089800000| Complete 
| 153|0x0000000089900000, 0x0000000089a00000, 0x0000000089a00000|100%| E|CS|TAMS 0x0000000089900000, 0x0000000089900000| Complete 
| 154|0x0000000089a00000, 0x0000000089b00000, 0x0000000089b00000|100%| E|CS|TAMS 0x0000000089a00000, 0x0000000089a00000| Complete 
| 155|0x0000000089b00000, 0x0000000089c00000, 0x0000000089c00000|100%| E|CS|TAMS 0x0000000089b00000, 0x0000000089b00000| Complete 
| 156|0x0000000089c00000, 0x0000000089d00000, 0x0000000089d00000|100%| E|CS|TAMS 0x0000000089c00000, 0x0000000089c00000| Complete 
| 157|0x0000000089d00000, 0x0000000089e00000, 0x0000000089e00000|100%| E|CS|TAMS 0x0000000089d00000, 0x0000000089d00000| Complete 
| 158|0x0000000089e00000, 0x0000000089f00000, 0x0000000089f00000|100%| E|CS|TAMS 0x0000000089e00000, 0x0000000089e00000| Complete 
| 159|0x0000000089f00000, 0x000000008a000000, 0x000000008a000000|100%| E|CS|TAMS 0x0000000089f00000, 0x0000000089f00000| Complete 
| 160|0x000000008a000000, 0x000000008a100000, 0x000000008a100000|100%| E|CS|TAMS 0x000000008a000000, 0x000000008a000000| Complete 
| 161|0x000000008a100000, 0x000000008a200000, 0x000000008a200000|100%| E|CS|TAMS 0x000000008a100000, 0x000000008a100000| Complete 
| 162|0x000000008a200000, 0x000000008a300000, 0x000000008a300000|100%| E|CS|TAMS 0x000000008a200000, 0x000000008a200000| Complete 
| 163|0x000000008a300000, 0x000000008a400000, 0x000000008a400000|100%| E|CS|TAMS 0x000000008a300000, 0x000000008a300000| Complete 
| 164|0x000000008a400000, 0x000000008a500000, 0x000000008a500000|100%| E|CS|TAMS 0x000000008a400000, 0x000000008a400000| Complete 
| 165|0x000000008a500000, 0x000000008a600000, 0x000000008a600000|100%| E|CS|TAMS 0x000000008a500000, 0x000000008a500000| Complete 
| 166|0x000000008a600000, 0x000000008a700000, 0x000000008a700000|100%| E|CS|TAMS 0x000000008a600000, 0x000000008a600000| Complete 
| 167|0x000000008a700000, 0x000000008a800000, 0x000000008a800000|100%| E|CS|TAMS 0x000000008a700000, 0x000000008a700000| Complete 
| 168|0x000000008a800000, 0x000000008a900000, 0x000000008a900000|100%| E|CS|TAMS 0x000000008a800000, 0x000000008a800000| Complete 
| 169|0x000000008a900000, 0x000000008aa00000, 0x000000008aa00000|100%| E|CS|TAMS 0x000000008a900000, 0x000000008a900000| Complete 
| 170|0x000000008aa00000, 0x000000008ab00000, 0x000000008ab00000|100%| E|CS|TAMS 0x000000008aa00000, 0x000000008aa00000| Complete 
| 171|0x000000008ab00000, 0x000000008ac00000, 0x000000008ac00000|100%| E|CS|TAMS 0x000000008ab00000, 0x000000008ab00000| Complete 
| 172|0x000000008ac00000, 0x000000008ad00000, 0x000000008ad00000|100%| E|CS|TAMS 0x000000008ac00000, 0x000000008ac00000| Complete 
| 173|0x000000008ad00000, 0x000000008ae00000, 0x000000008ae00000|100%| E|CS|TAMS 0x000000008ad00000, 0x000000008ad00000| Complete 
| 174|0x000000008ae00000, 0x000000008af00000, 0x000000008af00000|100%| E|CS|TAMS 0x000000008ae00000, 0x000000008ae00000| Complete 
| 175|0x000000008af00000, 0x000000008b000000, 0x000000008b000000|100%| E|CS|TAMS 0x000000008af00000, 0x000000008af00000| Complete 
| 176|0x000000008b000000, 0x000000008b100000, 0x000000008b100000|100%| E|CS|TAMS 0x000000008b000000, 0x000000008b000000| Complete 
| 177|0x000000008b100000, 0x000000008b200000, 0x000000008b200000|100%| E|CS|TAMS 0x000000008b100000, 0x000000008b100000| Complete 
| 178|0x000000008b200000, 0x000000008b300000, 0x000000008b300000|100%| E|CS|TAMS 0x000000008b200000, 0x000000008b200000| Complete 
| 179|0x000000008b300000, 0x000000008b400000, 0x000000008b400000|100%| E|CS|TAMS 0x000000008b300000, 0x000000008b300000| Complete 
| 180|0x000000008b400000, 0x000000008b500000, 0x000000008b500000|100%| E|CS|TAMS 0x000000008b400000, 0x000000008b400000| Complete 
| 181|0x000000008b500000, 0x000000008b600000, 0x000000008b600000|100%| E|CS|TAMS 0x000000008b500000, 0x000000008b500000| Complete 
| 182|0x000000008b600000, 0x000000008b700000, 0x000000008b700000|100%| E|CS|TAMS 0x000000008b600000, 0x000000008b600000| Complete 
| 183|0x000000008b700000, 0x000000008b800000, 0x000000008b800000|100%| E|CS|TAMS 0x000000008b700000, 0x000000008b700000| Complete 
| 184|0x000000008b800000, 0x000000008b900000, 0x000000008b900000|100%| E|CS|TAMS 0x000000008b800000, 0x000000008b800000| Complete 
| 185|0x000000008b900000, 0x000000008ba00000, 0x000000008ba00000|100%| E|CS|TAMS 0x000000008b900000, 0x000000008b900000| Complete 
| 186|0x000000008ba00000, 0x000000008bb00000, 0x000000008bb00000|100%| E|CS|TAMS 0x000000008ba00000, 0x000000008ba00000| Complete 
| 187|0x000000008bb00000, 0x000000008bc00000, 0x000000008bc00000|100%| E|CS|TAMS 0x000000008bb00000, 0x000000008bb00000| Complete 
| 188|0x000000008bc00000, 0x000000008bd00000, 0x000000008bd00000|100%| E|CS|TAMS 0x000000008bc00000, 0x000000008bc00000| Complete 
| 189|0x000000008bd00000, 0x000000008be00000, 0x000000008be00000|100%| E|CS|TAMS 0x000000008bd00000, 0x000000008bd00000| Complete 
| 190|0x000000008be00000, 0x000000008bf00000, 0x000000008bf00000|100%| E|CS|TAMS 0x000000008be00000, 0x000000008be00000| Complete 
| 191|0x000000008bf00000, 0x000000008c000000, 0x000000008c000000|100%| E|CS|TAMS 0x000000008bf00000, 0x000000008bf00000| Complete 

Card table byte_map: [0x0000023ec2220000,0x0000023ec2620000] _byte_map_base: 0x0000023ec1e20000

Marking Bits (Prev, Next): (CMBitMap*) 0x0000023eaf003880, (CMBitMap*) 0x0000023eaf003848
 Prev Bits: [0x0000023ec4a20000, 0x0000023ec6a20000)
 Next Bits: [0x0000023ec2a20000, 0x0000023ec4a20000)

Polling page: 0x0000023eacf60000

Metaspace:

Usage:
  Non-class:     76.01 MB capacity,    74.56 MB ( 98%) used,     1.18 MB (  2%) free+waste,   279.19 KB ( <1%) overhead. 
      Class:     11.79 MB capacity,    10.95 MB ( 93%) used,   741.86 KB (  6%) free+waste,   125.25 KB (  1%) overhead. 
       Both:     87.80 MB capacity,    85.51 MB ( 97%) used,     1.90 MB (  2%) free+waste,   404.44 KB ( <1%) overhead. 

Virtual space:
  Non-class space:       78.00 MB reserved,      76.17 MB ( 98%) committed 
      Class space:        1.00 GB reserved,      11.82 MB (  1%) committed 
             Both:        1.08 GB reserved,      88.00 MB (  8%) committed 

Chunk freelists:
   Non-Class:  37.00 KB
       Class:  21.00 KB
        Both:  58.00 KB

MaxMetaspaceSize: 17179869184.00 GB
CompressedClassSpaceSize: 1.00 GB
Initial GC threshold: 20.80 MB
Current GC threshold: 97.91 MB
CDS: off

CodeHeap 'non-profiled nmethods': size=120000Kb used=8587Kb max_used=8587Kb free=111412Kb
 bounds [0x0000023eba5b0000, 0x0000023ebae20000, 0x0000023ec1ae0000]
CodeHeap 'profiled nmethods': size=120000Kb used=27351Kb max_used=27351Kb free=92648Kb
 bounds [0x0000023eb3080000, 0x0000023eb4b40000, 0x0000023eba5b0000]
CodeHeap 'non-nmethods': size=5760Kb used=2365Kb max_used=2437Kb free=3394Kb
 bounds [0x0000023eb2ae0000, 0x0000023eb2d50000, 0x0000023eb3080000]
 total_blobs=13386 nmethods=12501 adapters=797
 compilation: enabled
              stopped_count=0, restarted_count=0
 full_count=0

Compilation events (20 events):
Event: 4077.272 Thread 0x0000023ec9d58000 nmethod 12542 0x0000023eb4b13390 code [0x0000023eb4b13540, 0x0000023eb4b13678]
Event: 4077.272 Thread 0x0000023ec9d58000 12544   !   3       java.io.BufferedWriter::write (55 bytes)
Event: 4077.273 Thread 0x0000023ec9d58000 nmethod 12544 0x0000023eb4b13790 code [0x0000023eb4b13980, 0x0000023eb4b13e78]
Event: 4077.273 Thread 0x0000023ec9d58000 12543       3       com.google.gson.stream.JsonWriter::value (24 bytes)
Event: 4077.273 Thread 0x0000023ec9d58000 nmethod 12543 0x0000023eb4b14110 code [0x0000023eb4b14320, 0x0000023eb4b146e8]
Event: 4077.280 Thread 0x0000023ec9d58000 12548       3       org.apache.xerces.dom.ChildNode::parentNode (16 bytes)
Event: 4077.280 Thread 0x0000023ec9d58000 nmethod 12548 0x0000023eb4b14810 code [0x0000023eb4b149c0, 0x0000023eb4b14bd8]
Event: 4077.281 Thread 0x0000023ec9d58000 12551       1       org.apache.xerces.dom.NodeImpl::getLocalName (2 bytes)
Event: 4077.281 Thread 0x0000023ec9d58000 nmethod 12551 0x0000023ebae0c110 code [0x0000023ebae0c2c0, 0x0000023ebae0c378]
Event: 4077.281 Thread 0x0000023ec9d58000 12552       1       org.apache.xerces.dom.NodeImpl::getNamespaceURI (2 bytes)
Event: 4077.281 Thread 0x0000023ec9d58000 nmethod 12552 0x0000023ebae0c410 code [0x0000023ebae0c5c0, 0x0000023ebae0c678]
Event: 4077.281 Thread 0x0000023ec9d58000 12553       3       org.apache.xerces.dom.NodeImpl::isReadOnly (15 bytes)
Event: 4077.281 Thread 0x0000023ec9d58000 nmethod 12553 0x0000023eb4b14c90 code [0x0000023eb4b14e40, 0x0000023eb4b14f98]
Event: 4077.281 Thread 0x0000023ec9d58000 12554       3       org.apache.xerces.dom.CoreDocumentImpl::changed (11 bytes)
Event: 4077.281 Thread 0x0000023ec9d58000 nmethod 12554 0x0000023eb4b15010 code [0x0000023eb4b151c0, 0x0000023eb4b152b8]
Event: 4077.281 Thread 0x0000023ec9d58000 12555       3       org.apache.xerces.dom.NodeImpl::changed (8 bytes)
Event: 4077.281 Thread 0x0000023ec9d58000 nmethod 12555 0x0000023eb4b15390 code [0x0000023eb4b15560, 0x0000023eb4b157e8]
Event: 4077.281 Thread 0x0000023ec9d58000 12557       3       org.apache.xerces.util.XMLChar::isValidName (56 bytes)
Event: 4077.283 Thread 0x0000023ec9d58000 nmethod 12557 0x0000023eb4b15910 code [0x0000023eb4b15be0, 0x0000023eb4b16b58]
Event: 4077.283 Thread 0x0000023ec9d58000 12558       3       org.apache.xerces.dom.AttrImpl::getValue (176 bytes)

GC Heap History (20 events):
Event: 4.566 GC heap before
{Heap before GC invocations=4 (full 0):
 garbage-first heap   total 196608K, used 66495K [0x0000000080000000, 0x0000000100000000)
  region size 1024K, 50 young (51200K), 3 survivors (3072K)
 Metaspace       used 34866K, capacity 35626K, committed 35708K, reserved 1081344K
  class space    used 4482K, capacity 4786K, committed 4812K, reserved 1048576K
}
Event: 4.574 GC heap after
{Heap after GC invocations=5 (full 0):
 garbage-first heap   total 196608K, used 22021K [0x0000000080000000, 0x0000000100000000)
  region size 1024K, 6 young (6144K), 6 survivors (6144K)
 Metaspace       used 34866K, capacity 35626K, committed 35708K, reserved 1081344K
  class space    used 4482K, capacity 4786K, committed 4812K, reserved 1048576K
}
Event: 6.381 GC heap before
{Heap before GC invocations=6 (full 0):
 garbage-first heap   total 196608K, used 130565K [0x0000000080000000, 0x0000000100000000)
  region size 1024K, 109 young (111616K), 6 survivors (6144K)
 Metaspace       used 44073K, capacity 45113K, committed 45308K, reserved 1089536K
  class space    used 5554K, capacity 5928K, committed 5964K, reserved 1048576K
}
Event: 6.391 GC heap after
{Heap after GC invocations=7 (full 0):
 garbage-first heap   total 196608K, used 28737K [0x0000000080000000, 0x0000000100000000)
  region size 1024K, 12 young (12288K), 12 survivors (12288K)
 Metaspace       used 44073K, capacity 45113K, committed 45308K, reserved 1089536K
  class space    used 5554K, capacity 5928K, committed 5964K, reserved 1048576K
}
Event: 8.107 GC heap before
{Heap before GC invocations=7 (full 0):
 garbage-first heap   total 196608K, used 138305K [0x0000000080000000, 0x0000000100000000)
  region size 1024K, 115 young (117760K), 12 survivors (12288K)
 Metaspace       used 49540K, capacity 50853K, committed 51068K, reserved 1093632K
  class space    used 6276K, capacity 6787K, committed 6860K, reserved 1048576K
}
Event: 8.122 GC heap after
{Heap after GC invocations=8 (full 0):
 garbage-first heap   total 196608K, used 40527K [0x0000000080000000, 0x0000000100000000)
  region size 1024K, 15 young (15360K), 15 survivors (15360K)
 Metaspace       used 49540K, capacity 50853K, committed 51068K, reserved 1093632K
  class space    used 6276K, capacity 6787K, committed 6860K, reserved 1048576K
}
Event: 9.570 GC heap before
{Heap before GC invocations=8 (full 0):
 garbage-first heap   total 196608K, used 101967K [0x0000000080000000, 0x0000000100000000)
  region size 1024K, 76 young (77824K), 15 survivors (15360K)
 Metaspace       used 58358K, capacity 59759K, committed 59900K, reserved 1101824K
  class space    used 7370K, capacity 7918K, committed 8012K, reserved 1048576K
}
Event: 9.593 GC heap after
{Heap after GC invocations=9 (full 0):
 garbage-first heap   total 196608K, used 43654K [0x0000000080000000, 0x0000000100000000)
  region size 1024K, 11 young (11264K), 11 survivors (11264K)
 Metaspace       used 58358K, capacity 59759K, committed 59900K, reserved 1101824K
  class space    used 7370K, capacity 7918K, committed 8012K, reserved 1048576K
}
Event: 12.854 GC heap before
{Heap before GC invocations=10 (full 0):
 garbage-first heap   total 196608K, used 154246K [0x0000000080000000, 0x0000000100000000)
  region size 1024K, 112 young (114688K), 11 survivors (11264K)
 Metaspace       used 65204K, capacity 66752K, committed 66940K, reserved 1107968K
  class space    used 8253K, capacity 8823K, committed 8908K, reserved 1048576K
}
Event: 12.866 GC heap after
{Heap after GC invocations=11 (full 0):
 garbage-first heap   total 196608K, used 51890K [0x0000000080000000, 0x0000000100000000)
  region size 1024K, 11 young (11264K), 11 survivors (11264K)
 Metaspace       used 65204K, capacity 66752K, committed 66940K, reserved 1107968K
  class space    used 8253K, capacity 8823K, committed 8908K, reserved 1048576K
}
Event: 16.432 GC heap before
{Heap before GC invocations=11 (full 0):
 garbage-first heap   total 196608K, used 148146K [0x0000000080000000, 0x0000000100000000)
  region size 1024K, 105 young (107520K), 11 survivors (11264K)
 Metaspace       used 73129K, capacity 74811K, committed 74876K, reserved 1114112K
  class space    used 9487K, capacity 10146K, committed 10188K, reserved 1048576K
}
Event: 16.452 GC heap after
{Heap after GC invocations=12 (full 0):
 garbage-first heap   total 196608K, used 58167K [0x0000000080000000, 0x0000000100000000)
  region size 1024K, 7 young (7168K), 7 survivors (7168K)
 Metaspace       used 73129K, capacity 74811K, committed 74876K, reserved 1114112K
  class space    used 9487K, capacity 10146K, committed 10188K, reserved 1048576K
}
Event: 20.175 GC heap before
{Heap before GC invocations=12 (full 0):
 garbage-first heap   total 196608K, used 150327K [0x0000000080000000, 0x0000000100000000)
  region size 1024K, 98 young (100352K), 7 survivors (7168K)
 Metaspace       used 81629K, capacity 83852K, committed 83964K, reserved 1122304K
  class space    used 10749K, capacity 11569K, committed 11596K, reserved 1048576K
}
Event: 20.189 GC heap after
{Heap after GC invocations=13 (full 0):
 garbage-first heap   total 196608K, used 63263K [0x0000000080000000, 0x0000000100000000)
  region size 1024K, 12 young (12288K), 12 survivors (12288K)
 Metaspace       used 81629K, capacity 83852K, committed 83964K, reserved 1122304K
  class space    used 10749K, capacity 11569K, committed 11596K, reserved 1048576K
}
Event: 22.321 GC heap before
{Heap before GC invocations=13 (full 0):
 garbage-first heap   total 196608K, used 153375K [0x0000000080000000, 0x0000000100000000)
  region size 1024K, 101 young (103424K), 12 survivors (12288K)
 Metaspace       used 82852K, capacity 85147K, committed 85372K, reserved 1122304K
  class space    used 10826K, capacity 11688K, committed 11724K, reserved 1048576K
}
Event: 22.341 GC heap after
{Heap after GC invocations=14 (full 0):
 garbage-first heap   total 196608K, used 69940K [0x0000000080000000, 0x0000000100000000)
  region size 1024K, 13 young (13312K), 13 survivors (13312K)
 Metaspace       used 82852K, capacity 85147K, committed 85372K, reserved 1122304K
  class space    used 10826K, capacity 11688K, committed 11724K, reserved 1048576K
}
Event: 1160.481 GC heap before
{Heap before GC invocations=14 (full 0):
 garbage-first heap   total 196608K, used 153908K [0x0000000080000000, 0x0000000100000000)
  region size 1024K, 96 young (98304K), 13 survivors (13312K)
 Metaspace       used 84364K, capacity 86607K, committed 86780K, reserved 1124352K
  class space    used 10963K, capacity 11809K, committed 11852K, reserved 1048576K
}
Event: 1160.508 GC heap after
{Heap after GC invocations=15 (full 0):
 garbage-first heap   total 196608K, used 74021K [0x0000000080000000, 0x0000000100000000)
  region size 1024K, 5 young (5120K), 5 survivors (5120K)
 Metaspace       used 84364K, capacity 86607K, committed 86780K, reserved 1124352K
  class space    used 10963K, capacity 11809K, committed 11852K, reserved 1048576K
}
Event: 4074.065 GC heap before
{Heap before GC invocations=15 (full 0):
 garbage-first heap   total 196608K, used 157989K [0x0000000080000000, 0x0000000100000000)
  region size 1024K, 88 young (90112K), 5 survivors (5120K)
 Metaspace       used 85044K, capacity 87343K, committed 87548K, reserved 1124352K
  class space    used 10979K, capacity 11837K, committed 11852K, reserved 1048576K
}
Event: 4074.099 GC heap after
{Heap after GC invocations=16 (full 0):
 garbage-first heap   total 196608K, used 77176K [0x0000000080000000, 0x0000000100000000)
  region size 1024K, 8 young (8192K), 8 survivors (8192K)
 Metaspace       used 85044K, capacity 87343K, committed 87548K, reserved 1124352K
  class space    used 10979K, capacity 11837K, committed 11852K, reserved 1048576K
}

Deoptimization events (20 events):
Event: 4077.276 Thread 0x0000023eca6f5000 Uncommon trap: trap_request=0xffffffde fr.pc=0x0000023ebadcf824 relative=0x0000000000000084
Event: 4077.276 Thread 0x0000023eca6f5000 Uncommon trap: reason=class_check action=maybe_recompile pc=0x0000023ebadcf824 method=org.apache.xerces.dom.NodeImpl.getOwnerDocument()Lorg/w3c/dom/Document; @ 19 c2
Event: 4077.276 Thread 0x0000023eca6f5000 DEOPT PACKING pc=0x0000023ebadcf824 sp=0x000000e249efa6a0
Event: 4077.276 Thread 0x0000023eca6f5000 DEOPT UNPACKING pc=0x0000023eb2b2a1af sp=0x000000e249efa640 mode 2
Event: 4077.276 Thread 0x0000023eca6f5000 Uncommon trap: trap_request=0xffffffc6 fr.pc=0x0000023ebadc565c relative=0x00000000000004fc
Event: 4077.276 Thread 0x0000023eca6f5000 Uncommon trap: reason=bimorphic_or_optimized_type_check action=maybe_recompile pc=0x0000023ebadc565c method=org.apache.xerces.dom.NamedNodeMapImpl.findNamePoint(Ljava/lang/String;I)I @ 50 c2
Event: 4077.276 Thread 0x0000023eca6f5000 DEOPT PACKING pc=0x0000023ebadc565c sp=0x000000e249efa670
Event: 4077.277 Thread 0x0000023eca6f5000 DEOPT UNPACKING pc=0x0000023eb2b2a1af sp=0x000000e249efa608 mode 2
Event: 4077.277 Thread 0x0000023eca6f5000 Uncommon trap: trap_request=0xffffffc6 fr.pc=0x0000023ebadc565c relative=0x00000000000004fc
Event: 4077.277 Thread 0x0000023eca6f5000 Uncommon trap: reason=bimorphic_or_optimized_type_check action=maybe_recompile pc=0x0000023ebadc565c method=org.apache.xerces.dom.NamedNodeMapImpl.findNamePoint(Ljava/lang/String;I)I @ 50 c2
Event: 4077.277 Thread 0x0000023eca6f5000 DEOPT PACKING pc=0x0000023ebadc565c sp=0x000000e249efa680
Event: 4077.277 Thread 0x0000023eca6f5000 DEOPT UNPACKING pc=0x0000023eb2b2a1af sp=0x000000e249efa618 mode 2
Event: 4077.277 Thread 0x0000023eca6f5000 Uncommon trap: trap_request=0xffffffc6 fr.pc=0x0000023ebadc565c relative=0x00000000000004fc
Event: 4077.277 Thread 0x0000023eca6f5000 Uncommon trap: reason=bimorphic_or_optimized_type_check action=maybe_recompile pc=0x0000023ebadc565c method=org.apache.xerces.dom.NamedNodeMapImpl.findNamePoint(Ljava/lang/String;I)I @ 50 c2
Event: 4077.277 Thread 0x0000023eca6f5000 DEOPT PACKING pc=0x0000023ebadc565c sp=0x000000e249efa7d0
Event: 4077.277 Thread 0x0000023eca6f5000 DEOPT UNPACKING pc=0x0000023eb2b2a1af sp=0x000000e249efa768 mode 2
Event: 4077.278 Thread 0x0000023eca6f5000 Uncommon trap: trap_request=0xffffff4d fr.pc=0x0000023ebaddd6d4 relative=0x0000000000000954
Event: 4077.278 Thread 0x0000023eca6f5000 Uncommon trap: reason=unstable_if action=reinterpret pc=0x0000023ebaddd6d4 method=org.apache.xerces.dom.AttrImpl.getValue()Ljava/lang/String; @ 15 c2
Event: 4077.278 Thread 0x0000023eca6f5000 DEOPT PACKING pc=0x0000023ebaddd6d4 sp=0x000000e249efa670
Event: 4077.278 Thread 0x0000023eca6f5000 DEOPT UNPACKING pc=0x0000023eb2b2a1af sp=0x000000e249efa650 mode 2

Classes redefined (0 events):
No events

Internal exceptions (20 events):
Event: 21.656 Thread 0x0000023ed116e800 Implicit null exception at 0x0000023ebab84605 to 0x0000023ebab84f7c
Event: 21.741 Thread 0x0000023ed1176000 Implicit null exception at 0x0000023ebab8a9d6 to 0x0000023ebab8b1e8
Event: 21.741 Thread 0x0000023ed0e13800 Implicit null exception at 0x0000023ebab8a9d6 to 0x0000023ebab8b1e8
Event: 23.511 Thread 0x0000023ecbe77000 Exception <a 'sun/nio/fs/WindowsException'{0x0000000088a78a00}> (0x0000000088a78a00) thrown at [./src/hotspot/share/prims/jni.cpp, line 616]
Event: 23.512 Thread 0x0000023ecbe77000 Exception <a 'sun/nio/fs/WindowsException'{0x0000000088a78a80}> (0x0000000088a78a80) thrown at [./src/hotspot/share/prims/jni.cpp, line 616]
Event: 23.514 Thread 0x0000023ecbe77000 Exception <a 'sun/nio/fs/WindowsException'{0x0000000088a8a710}> (0x0000000088a8a710) thrown at [./src/hotspot/share/prims/jni.cpp, line 616]
Event: 32.578 Thread 0x0000023ecafd7000 Implicit null exception at 0x0000023eba8f4277 to 0x0000023eba8f4860
Event: 32.578 Thread 0x0000023ecafd7000 Implicit null exception at 0x0000023eba950ef4 to 0x0000023eba95150c
Event: 4072.436 Thread 0x0000023ed0e13800 Implicit null exception at 0x0000023ebac5d589 to 0x0000023ebac5f090
Event: 4073.420 Thread 0x0000023ed0e13800 Exception <a 'sun/nio/fs/WindowsException'{0x00000000876238f8}> (0x00000000876238f8) thrown at [./src/hotspot/share/prims/jni.cpp, line 616]
Event: 4073.738 Thread 0x0000023ed0e13800 Exception <a 'java/lang/NoClassDefFoundError'{0x00000000873e9b68}: org/jetbrains/kotlin/gradle/plugin/KotlinBasePluginWrapper> (0x00000000873e9b68) thrown at [./src/hotspot/share/oops/constantPool.cpp, line 775]
Event: 4073.828 Thread 0x0000023ed0e13800 Exception <a 'sun/nio/fs/WindowsException'{0x000000008712f7a8}> (0x000000008712f7a8) thrown at [./src/hotspot/share/prims/jni.cpp, line 616]
Event: 4073.880 Thread 0x0000023ed0e13800 Exception <a 'sun/nio/fs/WindowsException'{0x00000000871d4170}> (0x00000000871d4170) thrown at [./src/hotspot/share/prims/jni.cpp, line 616]
Event: 4073.880 Thread 0x0000023ed0e13800 Exception <a 'sun/nio/fs/WindowsException'{0x00000000871d54e8}> (0x00000000871d54e8) thrown at [./src/hotspot/share/prims/jni.cpp, line 616]
Event: 4073.881 Thread 0x0000023ed0e13800 Exception <a 'sun/nio/fs/WindowsException'{0x00000000871d68b0}> (0x00000000871d68b0) thrown at [./src/hotspot/share/prims/jni.cpp, line 616]
Event: 4073.881 Thread 0x0000023ed0e13800 Exception <a 'sun/nio/fs/WindowsException'{0x00000000871d7c78}> (0x00000000871d7c78) thrown at [./src/hotspot/share/prims/jni.cpp, line 616]
Event: 4074.643 Thread 0x0000023eca1c4800 Exception <a 'java/lang/NoSuchMethodError'{0x000000008bad1ba8}: 'void java.lang.invoke.DirectMethodHandle$Holder.invokeVirtual(java.lang.Object, java.lang.Object)'> (0x000000008bad1ba8) thrown at [./src/hotspot/share/interpreter/linkResolver.cpp, line 773]
Event: 4074.643 Thread 0x0000023ecab43800 Exception <a 'java/lang/NoSuchMethodError'{0x000000008ba7c528}: 'void java.lang.invoke.DirectMethodHandle$Holder.invokeVirtual(java.lang.Object, java.lang.Object)'> (0x000000008ba7c528) thrown at [./src/hotspot/share/interpreter/linkResolver.cpp, line 773]
Event: 4074.644 Thread 0x0000023eca6f5000 Exception <a 'java/lang/NoSuchMethodError'{0x000000008ba87418}: 'void java.lang.invoke.DirectMethodHandle$Holder.invokeVirtual(java.lang.Object, java.lang.Object)'> (0x000000008ba87418) thrown at [./src/hotspot/share/interpreter/linkResolver.cpp, line 773]
Event: 4074.643 Thread 0x0000023eca1ba000 Exception <a 'java/lang/NoSuchMethodError'{0x000000008ba72d90}: 'void java.lang.invoke.DirectMethodHandle$Holder.invokeVirtual(java.lang.Object, java.lang.Object)'> (0x000000008ba72d90) thrown at [./src/hotspot/share/interpreter/linkResolver.cpp, line 773]

Events (20 events):
Event: 4077.252 loading class com/android/builder/internal/aapt/v2/Aapt2RenamingConventions
Event: 4077.252 loading class com/android/builder/internal/aapt/v2/Aapt2RenamingConventions done
Event: 4077.254 loading class com/android/builder/internal/aapt/v2/Aapt2Exception
Event: 4077.254 loading class com/android/builder/internal/aapt/v2/Aapt2Exception done
Event: 4077.257 loading class com/android/ide/common/blame/MergingLogPersistUtil
Event: 4077.257 loading class com/android/ide/common/blame/MergingLogPersistUtil done
Event: 4077.260 loading class com/android/ide/common/blame/MergingLogPersistUtil$SourcePositionsSerializer$JsonTypeAdapter
Event: 4077.260 loading class com/android/ide/common/blame/MergingLogPersistUtil$SourcePositionsSerializer$JsonTypeAdapter done
Event: 4077.262 loading class com/android/ide/common/blame/SourceFileJsonTypeAdapter$1
Event: 4077.262 loading class com/android/ide/common/blame/SourceFileJsonTypeAdapter$1 done
Event: 4077.264 loading class com/google/common/cache/LocalCache$EntrySet
Event: 4077.264 loading class com/google/common/cache/LocalCache$EntrySet done
Event: 4077.266 loading class com/google/common/cache/LocalCache$AbstractCacheSet
Event: 4077.266 loading class com/google/common/cache/LocalCache$AbstractCacheSet done
Event: 4077.268 loading class com/google/common/cache/LocalCache$EntryIterator
Event: 4077.268 loading class com/google/common/cache/LocalCache$EntryIterator done
Event: 4077.268 loading class com/google/common/cache/LocalCache$HashIterator
Event: 4077.268 loading class com/google/common/cache/LocalCache$HashIterator done
Event: 4077.269 loading class com/google/common/cache/LocalCache$WriteThroughEntry
Event: 4077.269 loading class com/google/common/cache/LocalCache$WriteThroughEntry done


Dynamic libraries:
0x00007ff78c320000 - 0x00007ff78c32a000 	C:\Program Files\Android\Android Studio\jre\bin\java.exe
0x00007ffd9d640000 - 0x00007ffd9d849000 	C:\WINDOWS\SYSTEM32\ntdll.dll
0x00007ffd9bea0000 - 0x00007ffd9bf5e000 	C:\WINDOWS\System32\KERNEL32.DLL
0x00007ffd9ad80000 - 0x00007ffd9b0fb000 	C:\WINDOWS\System32\KERNELBASE.dll
0x00007ffd9b2e0000 - 0x00007ffd9b3f1000 	C:\WINDOWS\System32\ucrtbase.dll
0x00007ffd91120000 - 0x00007ffd91139000 	C:\Program Files\Android\Android Studio\jre\bin\jli.dll
0x00007ffd8b980000 - 0x00007ffd8b997000 	C:\Program Files\Android\Android Studio\jre\bin\VCRUNTIME140.dll
0x00007ffd9bbe0000 - 0x00007ffd9bd8d000 	C:\WINDOWS\System32\USER32.dll
0x00007ffd9ab10000 - 0x00007ffd9ab36000 	C:\WINDOWS\System32\win32u.dll
0x00007ffd871e0000 - 0x00007ffd87485000 	C:\WINDOWS\WinSxS\amd64_microsoft.windows.common-controls_6595b64144ccf1df_6.0.22000.120_none_9d947278b86cc467\COMCTL32.dll
0x00007ffd9be70000 - 0x00007ffd9be99000 	C:\WINDOWS\System32\GDI32.dll
0x00007ffd9d1e0000 - 0x00007ffd9d283000 	C:\WINDOWS\System32\msvcrt.dll
0x00007ffd9ac60000 - 0x00007ffd9ad78000 	C:\WINDOWS\System32\gdi32full.dll
0x00007ffd9abc0000 - 0x00007ffd9ac5d000 	C:\WINDOWS\System32\msvcp_win.dll
0x00007ffd9bb00000 - 0x00007ffd9bb32000 	C:\WINDOWS\System32\IMM32.DLL
0x00007ffd62fd0000 - 0x00007ffd6306d000 	C:\Program Files\Android\Android Studio\jre\bin\msvcp140.dll
0x00007ffd40c60000 - 0x00007ffd41762000 	C:\Program Files\Android\Android Studio\jre\bin\server\jvm.dll
0x00007ffd9c7f0000 - 0x00007ffd9c89e000 	C:\WINDOWS\System32\ADVAPI32.dll
0x00007ffd9d450000 - 0x00007ffd9d4ee000 	C:\WINDOWS\System32\sechost.dll
0x00007ffd9b680000 - 0x00007ffd9b7a0000 	C:\WINDOWS\System32\RPCRT4.dll
0x00007ffd9c8a0000 - 0x00007ffd9c8a8000 	C:\WINDOWS\System32\PSAPI.DLL
0x00007ffd850b0000 - 0x00007ffd850b9000 	C:\WINDOWS\SYSTEM32\WSOCK32.dll
0x00007ffd8a630000 - 0x00007ffd8a663000 	C:\WINDOWS\SYSTEM32\WINMM.dll
0x00007ffd895c0000 - 0x00007ffd895ca000 	C:\WINDOWS\SYSTEM32\VERSION.dll
0x00007ffd9c720000 - 0x00007ffd9c78f000 	C:\WINDOWS\System32\WS2_32.dll
0x00007ffd99b50000 - 0x00007ffd99b68000 	C:\WINDOWS\SYSTEM32\kernel.appcore.dll
0x00007ffd96e90000 - 0x00007ffd96ea1000 	C:\Program Files\Android\Android Studio\jre\bin\verify.dll
0x00007ffd985c0000 - 0x00007ffd987e1000 	C:\WINDOWS\SYSTEM32\DBGHELP.DLL
0x00007ffd96340000 - 0x00007ffd96371000 	C:\WINDOWS\SYSTEM32\dbgcore.DLL
0x00007ffd9ab40000 - 0x00007ffd9abbf000 	C:\WINDOWS\System32\bcryptPrimitives.dll
0x00007ffd92330000 - 0x00007ffd92359000 	C:\Program Files\Android\Android Studio\jre\bin\java.dll
0x00007ffd96e70000 - 0x00007ffd96e7b000 	C:\Program Files\Android\Android Studio\jre\bin\jimage.dll
0x00007ffd958a0000 - 0x00007ffd958b8000 	C:\Program Files\Android\Android Studio\jre\bin\zip.dll
0x00007ffd9bf60000 - 0x00007ffd9c717000 	C:\WINDOWS\System32\SHELL32.dll
0x00007ffd98bc0000 - 0x00007ffd99425000 	C:\WINDOWS\SYSTEM32\windows.storage.dll
0x00007ffd9c970000 - 0x00007ffd9cce8000 	C:\WINDOWS\System32\combase.dll
0x00007ffd98a50000 - 0x00007ffd98bb6000 	C:\WINDOWS\SYSTEM32\wintypes.dll
0x00007ffd9ba10000 - 0x00007ffd9bafa000 	C:\WINDOWS\System32\SHCORE.dll
0x00007ffd9b920000 - 0x00007ffd9b97d000 	C:\WINDOWS\System32\shlwapi.dll
0x00007ffd9aa40000 - 0x00007ffd9aa61000 	C:\WINDOWS\SYSTEM32\profapi.dll
0x00007ffd92250000 - 0x00007ffd9226a000 	C:\Program Files\Android\Android Studio\jre\bin\net.dll
0x00007ffd8ae80000 - 0x00007ffd8af94000 	C:\WINDOWS\SYSTEM32\WINHTTP.dll
0x00007ffd99ff0000 - 0x00007ffd9a057000 	C:\WINDOWS\system32\mswsock.dll
0x00007ffd92230000 - 0x00007ffd92244000 	C:\Program Files\Android\Android Studio\jre\bin\nio.dll
0x00007ffd91140000 - 0x00007ffd91167000 	C:\Users\Padma\.gradle\native\e1d6ef7f7dcc3fd88c89a11ec53ec762bb8ba0a96d01ffa2cd45eb1d1d8dd5c5\windows-amd64\native-platform.dll
0x00007ffd55be0000 - 0x00007ffd55d24000 	C:\Users\Padma\.gradle\native\0d407fdbe67a94daf76414ababcb853783967236a71b16ec16e742cd7a986fd3\windows-amd64\native-platform-file-events.dll
0x00007ffd96580000 - 0x00007ffd9658a000 	C:\Program Files\Android\Android Studio\jre\bin\management.dll
0x00007ffd92690000 - 0x00007ffd9269d000 	C:\Program Files\Android\Android Studio\jre\bin\management_ext.dll
0x00007ffd9a270000 - 0x00007ffd9a288000 	C:\WINDOWS\SYSTEM32\CRYPTSP.dll
0x00007ffd99ab0000 - 0x00007ffd99ae5000 	C:\WINDOWS\system32\rsaenh.dll
0x00007ffd9a100000 - 0x00007ffd9a129000 	C:\WINDOWS\SYSTEM32\USERENV.dll
0x00007ffd9a400000 - 0x00007ffd9a427000 	C:\WINDOWS\SYSTEM32\bcrypt.dll
0x00007ffd9a290000 - 0x00007ffd9a29c000 	C:\WINDOWS\SYSTEM32\CRYPTBASE.dll
0x00007ffd99680000 - 0x00007ffd996ad000 	C:\WINDOWS\SYSTEM32\IPHLPAPI.DLL
0x00007ffd9bb40000 - 0x00007ffd9bb49000 	C:\WINDOWS\System32\NSI.dll
0x00007ffd8ad70000 - 0x00007ffd8ad89000 	C:\WINDOWS\SYSTEM32\dhcpcsvc6.DLL
0x00007ffd946f0000 - 0x00007ffd9470e000 	C:\WINDOWS\SYSTEM32\dhcpcsvc.DLL
0x00007ffd996b0000 - 0x00007ffd99798000 	C:\WINDOWS\SYSTEM32\DNSAPI.dll

dbghelp: loaded successfully - version: 4.0.5 - missing functions: none
symbol engine: initialized successfully - sym options: 0x614 - pdb path: .;C:\Program Files\Android\Android Studio\jre\bin;C:\WINDOWS\SYSTEM32;C:\WINDOWS\WinSxS\amd64_microsoft.windows.common-controls_6595b64144ccf1df_6.0.22000.120_none_9d947278b86cc467;C:\Program Files\Android\Android Studio\jre\bin\server;C:\Users\Padma\.gradle\native\e1d6ef7f7dcc3fd88c89a11ec53ec762bb8ba0a96d01ffa2cd45eb1d1d8dd5c5\windows-amd64;C:\Users\Padma\.gradle\native\0d407fdbe67a94daf76414ababcb853783967236a71b16ec16e742cd7a986fd3\windows-amd64

VM Arguments:
jvm_args: --add-opens=java.base/java.util=ALL-UNNAMED --add-opens=java.base/java.lang=ALL-UNNAMED --add-opens=java.base/java.lang.invoke=ALL-UNNAMED --add-opens=java.base/java.util=ALL-UNNAMED --add-opens=java.prefs/java.util.prefs=ALL-UNNAMED --add-opens=java.prefs/java.util.prefs=ALL-UNNAMED --add-opens=java.base/java.nio.charset=ALL-UNNAMED --add-opens=java.base/java.net=ALL-UNNAMED --add-opens=java.base/java.util.concurrent.atomic=ALL-UNNAMED -Xmx2048m -Dfile.encoding=UTF-8 -Duser.country=CA -Duser.language=en -Duser.variant 
java_command: org.gradle.launcher.daemon.bootstrap.GradleDaemon 7.4
java_class_path (initial): C:\Users\Padma\.gradle\wrapper\dists\gradle-7.4-bin\c0gwcg53nkjbqw7r0h0umtfvt\gradle-7.4\lib\gradle-launcher-7.4.jar
Launcher Type: SUN_STANDARD

[Global flags]
     intx CICompilerCount                          = 4                                         {product} {ergonomic}
     uint ConcGCThreads                            = 2                                         {product} {ergonomic}
     uint G1ConcRefinementThreads                  = 8                                         {product} {ergonomic}
   size_t G1HeapRegionSize                         = 1048576                                   {product} {ergonomic}
    uintx GCDrainStackTargetSize                   = 64                                        {product} {ergonomic}
   size_t InitialHeapSize                          = 201326592                                 {product} {ergonomic}
   size_t MarkStackSize                            = 4194304                                   {product} {ergonomic}
   size_t MaxHeapSize                              = 2147483648                                {product} {command line}
   size_t MaxNewSize                               = 1287651328                                {product} {ergonomic}
   size_t MinHeapDeltaBytes                        = 1048576                                   {product} {ergonomic}
    uintx NonNMethodCodeHeapSize                   = 5836300                                {pd product} {ergonomic}
    uintx NonProfiledCodeHeapSize                  = 122910970                              {pd product} {ergonomic}
    uintx ProfiledCodeHeapSize                     = 122910970                              {pd product} {ergonomic}
    uintx ReservedCodeCacheSize                    = 251658240                              {pd product} {ergonomic}
     bool SegmentedCodeCache                       = true                                      {product} {ergonomic}
     bool UseCompressedClassPointers               = true                                 {lp64_product} {ergonomic}
     bool UseCompressedOops                        = true                                 {lp64_product} {ergonomic}
     bool UseG1GC                                  = true                                      {product} {ergonomic}
     bool UseLargePagesIndividualAllocation        = false                                  {pd product} {ergonomic}

Logging:
Log output configuration:
 #0: stdout all=warning uptime,level,tags
 #1: stderr all=off uptime,level,tags

Environment Variables:
JAVA_HOME=C:\Program Files\Amazon Corretto\jdk11.0.15_9
PATH=C:\Program Files\Common Files\Oracle\Java\javapath;E:\app\Padma\product\12.1.0\dbhome_1\bin;C:\Program Files (x86)\VMware\VMware Workstation\bin\;C:\Program Files\Amazon Corretto\jdk11.0.15_9\bin;C:\Program Files (x86)\Python38-32\Scripts\;C:\Program Files (x86)\Python38-32\;C:\WINDOWS\system32;C:\WINDOWS;C:\WINDOWS\System32\Wbem;C:\WINDOWS\System32\WindowsPowerShell\v1.0\;C:\WINDOWS\System32\OpenSSH\;C:\Program Files\Intel\WiFi\bin\;C:\Program Files\Common Files\Intel\WirelessCommon\;C:\Program Files (x86)\Intel\Intel(R) Management Engine Components\DAL;C:\Program Files\Intel\Intel(R) Management Engine Components\DAL;C:\Program Files\dotnet\;C:\Program Files\Microsoft SQL Server\Client SDK\ODBC\170\Tools\Binn\;C:\Program Files (x86)\Microsoft SQL Server\150\Tools\Binn\;C:\Program Files\Microsoft SQL Server\150\Tools\Binn\;C:\Program Files\Microsoft SQL Server\150\DTS\Binn\;C:\Program Files\Azure Data Studio\bin;C:\Program Files (x86)\Microsoft SQL Server\150\DTS\Binn\;C:\Program Files\Git\cmd;C:\Program Files\MySQL\MySQL Shell 8.0\bin\;C:\Users\Padma\AppData\Local\Microsoft\WindowsApps;C:\Users\Padma\AppData\Local\Programs\Microsoft VS Code\bin;C:\Program Files\Azure Data Studio\bin;
USERNAME=Padma
OS=Windows_NT
PROCESSOR_IDENTIFIER=Intel64 Family 6 Model 142 Stepping 10, GenuineIntel



---------------  S Y S T E M  ---------------

OS: Windows 11 , 64 bit Build 22000 (10.0.22000.1335)
OS uptime: 0 days 22:54 hours
Hyper-V role detected

CPU:total 8 (initial active 8) (4 cores per cpu, 2 threads per core) family 6 model 142 stepping 10 microcode 0xf0, cmov, cx8, fxsr, mmx, sse, sse2, sse3, ssse3, sse4.1, sse4.2, popcnt, avx, avx2, aes, clmul, erms, 3dnowpref, lzcnt, ht, tsc, tscinvbit, bmi1, bmi2, adx, fma

Memory: 4k page, system-wide physical 12185M (2031M free)
TotalPageFile size 16283M (AvailPageFile size 8M)
current process WorkingSet (physical memory assigned to process): 325M, peak: 451M
current process commit charge ("private bytes"): 494M, peak: 499M

vm_info: OpenJDK 64-Bit Server VM (11.0.13+0-b1751.21-8125866) for windows-amd64 JRE (11.0.13+0-b1751.21-8125866), built on Feb  2 2022 03:00:22 by "builder" with MS VC++ 14.0 (VS2015)

END.
