#
# There is insufficient memory for the Java Runtime Environment to continue.
# Native memory allocation (malloc) failed to allocate 1968176 bytes for Chunk::new
# Possible reasons:
#   The system is out of physical RAM or swap space
#   The process is running with CompressedOops enabled, and the Java Heap may be blocking the growth of the native heap
# Possible solutions:
#   Reduce memory load on the system
#   Increase physical memory or swap space
#   Check if swap backing store is full
#   Decrease Java heap size (-Xmx/-Xms)
#   Decrease number of Java threads
#   Decrease Java thread stack sizes (-Xss)
#   Set larger code cache with -XX:ReservedCodeCacheSize=
#   JVM is running with Unscaled Compressed Oops mode in which the Java heap is
#     placed in the first 4GB address space. The Java Heap base address is the
#     maximum limit for the native heap growth. Please use -XX:HeapBaseMinAddress
#     to set the Java Heap base and to place the Java Heap above 4GB virtual address.
# This output file may be truncated or incomplete.
#
#  Out of Memory Error (./src/hotspot/share/memory/arena.cpp:197), pid=14040, tid=492
#
# JRE version: OpenJDK Runtime Environment (11.0.13) (build 11.0.13+0-b1751.21-8125866)
# Java VM: OpenJDK 64-Bit Server VM (11.0.13+0-b1751.21-8125866, mixed mode, tiered, compressed oops, g1 gc, windows-amd64)
# No core dump will be written. Minidumps are not enabled by default on client versions of Windows
#

---------------  S U M M A R Y ------------

Command Line: --add-opens=java.base/java.util=ALL-UNNAMED --add-opens=java.base/java.lang=ALL-UNNAMED --add-opens=java.base/java.lang.invoke=ALL-UNNAMED --add-opens=java.base/java.util=ALL-UNNAMED --add-opens=java.prefs/java.util.prefs=ALL-UNNAMED --add-opens=java.prefs/java.util.prefs=ALL-UNNAMED --add-opens=java.base/java.nio.charset=ALL-UNNAMED --add-opens=java.base/java.net=ALL-UNNAMED --add-opens=java.base/java.util.concurrent.atomic=ALL-UNNAMED -Xmx2048m -Dfile.encoding=UTF-8 -Duser.country=CA -Duser.language=en -Duser.variant org.gradle.launcher.daemon.bootstrap.GradleDaemon 7.4

Host: Intel(R) Core(TM) i7-8550U CPU @ 1.80GHz, 8 cores, 11G,  Windows 11 , 64 bit Build 22000 (10.0.22000.1335)
Time: Thu Jan 12 22:41:06 2023 Eastern Standard Time elapsed time: 19.054843 seconds (0d 0h 0m 19s)

---------------  T H R E A D  ---------------

Current thread (0x00000236fe414000):  JavaThread "C2 CompilerThread0" daemon [_thread_in_native, id=492, stack(0x0000008a2c800000,0x0000008a2c900000)]


Current CompileTask:
C2:  19054 9672       4       org.apache.xerces.impl.XMLNSDocumentScannerImpl::scanEndElement (190 bytes)

Stack: [0x0000008a2c800000,0x0000008a2c900000]
Native frames: (J=compiled Java code, j=interpreted, Vv=VM code, C=native code)
V  [jvm.dll+0x6100fa]
V  [jvm.dll+0x747090]
V  [jvm.dll+0x7486ad]
V  [jvm.dll+0x748d83]
V  [jvm.dll+0x24ab48]
V  [jvm.dll+0xc04dc]
V  [jvm.dll+0xc0a0c]
V  [jvm.dll+0x35eb9d]
V  [jvm.dll+0x32b833]
V  [jvm.dll+0x32ad2a]
V  [jvm.dll+0x2032b2]
V  [jvm.dll+0x202437]
V  [jvm.dll+0x188e01]
V  [jvm.dll+0x21106b]
V  [jvm.dll+0x20f8c1]
V  [jvm.dll+0x70de0f]
V  [jvm.dll+0x706a75]
V  [jvm.dll+0x60ed66]
C  [ucrtbase.dll+0x26c0c]
C  [KERNEL32.DLL+0x155a0]
C  [ntdll.dll+0x485b]


---------------  P R O C E S S  ---------------

Threads class SMR info:
_java_thread_list=0x0000023692a8b980, length=134, elements={
0x00000236f2631000, 0x00000236fdb8d800, 0x00000236fdb86000, 0x00000236fdb97800,
0x00000236fe405800, 0x00000236fe407000, 0x00000236fe414000, 0x00000236fe418800,
0x00000236fe41e800, 0x00000236fe57a800, 0x0000023691509000, 0x00000236ff078800,
0x0000023691226800, 0x00000236908a7800, 0x0000023690cd4800, 0x000002369132e000,
0x000002368f6f4000, 0x000002368f6f5000, 0x0000023690cb2800, 0x0000023691515800,
0x0000023690b24800, 0x0000023690b22000, 0x0000023690b20000, 0x0000023690b20800,
0x0000023690b23000, 0x0000023690b24000, 0x0000023690b21800, 0x0000023690b1f000,
0x0000023690b25800, 0x00000236906c7000, 0x00000236906c4800, 0x00000236906c4000,
0x00000236906ca800, 0x00000236906cb000, 0x00000236906c5800, 0x00000236906c6800,
0x00000236906d1800, 0x00000236906d1000, 0x00000236906ce800, 0x00000236906d0000,
0x00000236906cc000, 0x00000236906cd800, 0x00000236906cf800, 0x00000236906d2800,
0x00000236906cd000, 0x00000236952fa000, 0x00000236952f9000, 0x00000236952fc800,
0x00000236952f7800, 0x00000236952fe000, 0x00000236952fb000, 0x00000236952fd800,
0x00000236952f8800, 0x00000236952fb800, 0x00000236929e8800, 0x00000236929ed800,
0x00000236929e7800, 0x00000236929ea000, 0x00000236929e9000, 0x00000236929f0800,
0x00000236929ee000, 0x00000236929ef000, 0x00000236929ef800, 0x00000236929eb000,
0x00000236929f1800, 0x00000236929eb800, 0x00000236929f2000, 0x00000236929ec800,
0x00000236929f3000, 0x00000236929f4000, 0x00000236929f5800, 0x00000236929f4800,
0x00000236929f6800, 0x0000023692fa0000, 0x0000023692fa1800, 0x0000023692f9d800,
0x0000023692fa1000, 0x0000023692fa2800, 0x0000023692fa3800, 0x0000023692fa4000,
0x0000023692f9e800, 0x0000023692fa5000, 0x0000023692f9f000, 0x0000023692fa8000,
0x0000023692faa000, 0x0000023692fab800, 0x0000023692fa5800, 0x0000023692fa6800,
0x0000023692faa800, 0x0000023692fac800, 0x0000023692fa9000, 0x0000023692fa7800,
0x000002368fc32800, 0x000002368fc34000, 0x000002368fc30000, 0x000002368fc33000,
0x000002368fc35000, 0x000002368fc35800, 0x000002368fc31800, 0x000002368fc36800,
0x000002368fc31000, 0x000002368fc38000, 0x000002368fc3b800, 0x000002368fc3c000,
0x000002368fc37800, 0x000002368fc3d000, 0x000002368fc39000, 0x000002368fc39800,
0x000002368fc3a800, 0x000002368fc3e000, 0x000002368fc3e800, 0x0000023692ddf800,
0x0000023692de0800, 0x0000023692ddc800, 0x0000023692de1800, 0x0000023692de3000,
0x0000023692de2000, 0x0000023692ddd800, 0x0000023692de4000, 0x0000023692dde000,
0x0000023692de4800, 0x0000023692ddf000, 0x0000023692de7000, 0x0000023692de8000,
0x0000023692de5800, 0x0000023692de9800, 0x0000023692de6800, 0x0000023692deb000,
0x0000023692dea800, 0x0000023691c43000, 0x0000023691c43800, 0x0000023691c47800,
0x000002368fcd5000, 0x00000236947ba000
}

Java Threads: ( => current thread )
  0x00000236f2631000 JavaThread "main" [_thread_blocked, id=12856, stack(0x0000008a2bc00000,0x0000008a2bd00000)]
  0x00000236fdb8d800 JavaThread "Reference Handler" daemon [_thread_blocked, id=16432, stack(0x0000008a2c300000,0x0000008a2c400000)]
  0x00000236fdb86000 JavaThread "Finalizer" daemon [_thread_blocked, id=17356, stack(0x0000008a2c400000,0x0000008a2c500000)]
  0x00000236fdb97800 JavaThread "Signal Dispatcher" daemon [_thread_blocked, id=13276, stack(0x0000008a2c500000,0x0000008a2c600000)]
  0x00000236fe405800 JavaThread "Attach Listener" daemon [_thread_blocked, id=19360, stack(0x0000008a2c600000,0x0000008a2c700000)]
  0x00000236fe407000 JavaThread "Service Thread" daemon [_thread_blocked, id=9572, stack(0x0000008a2c700000,0x0000008a2c800000)]
=>0x00000236fe414000 JavaThread "C2 CompilerThread0" daemon [_thread_in_native, id=492, stack(0x0000008a2c800000,0x0000008a2c900000)]
  0x00000236fe418800 JavaThread "C1 CompilerThread0" daemon [_thread_blocked, id=9520, stack(0x0000008a2c900000,0x0000008a2ca00000)]
  0x00000236fe41e800 JavaThread "Sweeper thread" daemon [_thread_blocked, id=15064, stack(0x0000008a2ca00000,0x0000008a2cb00000)]
  0x00000236fe57a800 JavaThread "Common-Cleaner" daemon [_thread_blocked, id=16560, stack(0x0000008a2cb00000,0x0000008a2cc00000)]
  0x0000023691509000 JavaThread "Daemon health stats" [_thread_blocked, id=8852, stack(0x0000008a2d200000,0x0000008a2d300000)]
  0x00000236ff078800 JavaThread "Incoming local TCP Connector on port 53425" [_thread_in_native, id=8804, stack(0x0000008a2cd00000,0x0000008a2ce00000)]
  0x0000023691226800 JavaThread "Daemon periodic checks" [_thread_blocked, id=19192, stack(0x0000008a2ce00000,0x0000008a2cf00000)]
  0x00000236908a7800 JavaThread "Daemon" [_thread_blocked, id=15976, stack(0x0000008a2d300000,0x0000008a2d400000)]
  0x0000023690cd4800 JavaThread "Handler for socket connection from /127.0.0.1:53425 to /127.0.0.1:53426" [_thread_in_native, id=18640, stack(0x0000008a2d400000,0x0000008a2d500000)]
  0x000002369132e000 JavaThread "Cancel handler" [_thread_blocked, id=10492, stack(0x0000008a2d500000,0x0000008a2d600000)]
  0x000002368f6f4000 JavaThread "Daemon worker" [_thread_blocked, id=5116, stack(0x0000008a2d600000,0x0000008a2d700000)]
  0x000002368f6f5000 JavaThread "Asynchronous log dispatcher for DefaultDaemonConnection: socket connection from /127.0.0.1:53425 to /127.0.0.1:53426" [_thread_blocked, id=9192, stack(0x0000008a2d700000,0x0000008a2d800000)]
  0x0000023690cb2800 JavaThread "Stdin handler" [_thread_blocked, id=19372, stack(0x0000008a2d800000,0x0000008a2d900000)]
  0x0000023691515800 JavaThread "Daemon client event forwarder" [_thread_blocked, id=13956, stack(0x0000008a2d900000,0x0000008a2da00000)]
  0x0000023690b24800 JavaThread "Cache worker for journal cache (C:\Users\Padma\.gradle\caches\journal-1)" [_thread_blocked, id=5484, stack(0x0000008a2da00000,0x0000008a2db00000)]
  0x0000023690b22000 JavaThread "File lock request listener" [_thread_in_native, id=15948, stack(0x0000008a2db00000,0x0000008a2dc00000)]
  0x0000023690b20000 JavaThread "Cache worker for file hash cache (C:\Users\Padma\.gradle\caches\7.4\fileHashes)" [_thread_blocked, id=4484, stack(0x0000008a2dc00000,0x0000008a2dd00000)]
  0x0000023690b20800 JavaThread "File watcher server" daemon [_thread_in_native, id=19388, stack(0x0000008a2e200000,0x0000008a2e300000)]
  0x0000023690b23000 JavaThread "File watcher consumer" daemon [_thread_blocked, id=13072, stack(0x0000008a2e300000,0x0000008a2e400000)]
  0x0000023690b24000 JavaThread "Cache worker for checksums cache (C:\Users\Padma\AndroidStudioProjects\PadmasAndroidLabs\.gradle\7.4\checksums)" [_thread_blocked, id=3824, stack(0x0000008a2e400000,0x0000008a2e500000)]
  0x0000023690b21800 JavaThread "Cache worker for cache directory md-rule (C:\Users\Padma\.gradle\caches\7.4\md-rule)" [_thread_blocked, id=18568, stack(0x0000008a2e500000,0x0000008a2e600000)]
  0x0000023690b1f000 JavaThread "Cache worker for file hash cache (C:\Users\Padma\AndroidStudioProjects\PadmasAndroidLabs\.gradle\7.4\fileHashes)" [_thread_blocked, id=13528, stack(0x0000008a2e700000,0x0000008a2e800000)]
  0x0000023690b25800 JavaThread "Cache worker for cache directory md-supplier (C:\Users\Padma\.gradle\caches\7.4\md-supplier)" [_thread_blocked, id=2232, stack(0x0000008a2e800000,0x0000008a2e900000)]
  0x00000236906c7000 JavaThread "Cache worker for execution history cache (C:\Users\Padma\.gradle\caches\7.4\executionHistory)" [_thread_blocked, id=3428, stack(0x0000008a2e900000,0x0000008a2ea00000)]
  0x00000236906c4800 JavaThread "jar transforms" [_thread_blocked, id=11192, stack(0x0000008a2eb00000,0x0000008a2ec00000)]
  0x00000236906c4000 JavaThread "Cache worker for file content cache (C:\Users\Padma\.gradle\caches\7.4\fileContent)" [_thread_blocked, id=16592, stack(0x0000008a2ec00000,0x0000008a2ed00000)]
  0x00000236906ca800 JavaThread "jar transforms Thread 2" [_thread_blocked, id=15220, stack(0x0000008a2ed00000,0x0000008a2ee00000)]
  0x00000236906cb000 JavaThread "Cache worker for dependencies-accessors (C:\Users\Padma\AndroidStudioProjects\PadmasAndroidLabs\.gradle\7.4\dependencies-accessors)" [_thread_blocked, id=19164, stack(0x0000008a2ee00000,0x0000008a2ef00000)]
  0x00000236906c5800 JavaThread "jar transforms Thread 3" [_thread_blocked, id=18100, stack(0x0000008a2ef00000,0x0000008a2f000000)]
  0x00000236906c6800 JavaThread "Cache worker for Build Output Cleanup Cache (C:\Users\Padma\AndroidStudioProjects\PadmasAndroidLabs\.gradle\buildOutputCleanup)" [_thread_blocked, id=10336, stack(0x0000008a2f000000,0x0000008a2f100000)]
  0x00000236906d1800 JavaThread "Unconstrained build operations" [_thread_blocked, id=13844, stack(0x0000008a2f100000,0x0000008a2f200000)]
  0x00000236906d1000 JavaThread "Unconstrained build operations Thread 2" [_thread_blocked, id=10280, stack(0x0000008a2f200000,0x0000008a2f300000)]
  0x00000236906ce800 JavaThread "Unconstrained build operations Thread 3" [_thread_blocked, id=3972, stack(0x0000008a2f300000,0x0000008a2f400000)]
  0x00000236906d0000 JavaThread "Unconstrained build operations Thread 4" [_thread_blocked, id=12608, stack(0x0000008a2f400000,0x0000008a2f500000)]
  0x00000236906cc000 JavaThread "Unconstrained build operations Thread 5" [_thread_blocked, id=8556, stack(0x0000008a2f500000,0x0000008a2f600000)]
  0x00000236906cd800 JavaThread "Unconstrained build operations Thread 6" [_thread_blocked, id=17544, stack(0x0000008a2f600000,0x0000008a2f700000)]
  0x00000236906cf800 JavaThread "Unconstrained build operations Thread 7" [_thread_blocked, id=14692, stack(0x0000008a2f700000,0x0000008a2f800000)]
  0x00000236906d2800 JavaThread "Unconstrained build operations Thread 8" [_thread_blocked, id=11068, stack(0x0000008a2f800000,0x0000008a2f900000)]
  0x00000236906cd000 JavaThread "Unconstrained build operations Thread 9" [_thread_blocked, id=1348, stack(0x0000008a2f900000,0x0000008a2fa00000)]
  0x00000236952fa000 JavaThread "Unconstrained build operations Thread 10" [_thread_blocked, id=308, stack(0x0000008a2fa00000,0x0000008a2fb00000)]
  0x00000236952f9000 JavaThread "Unconstrained build operations Thread 11" [_thread_blocked, id=8200, stack(0x0000008a2fb00000,0x0000008a2fc00000)]
  0x00000236952fc800 JavaThread "Unconstrained build operations Thread 12" [_thread_blocked, id=13812, stack(0x0000008a2fc00000,0x0000008a2fd00000)]
  0x00000236952f7800 JavaThread "Unconstrained build operations Thread 13" [_thread_blocked, id=11516, stack(0x0000008a2fd00000,0x0000008a2fe00000)]
  0x00000236952fe000 JavaThread "Unconstrained build operations Thread 14" [_thread_blocked, id=6044, stack(0x0000008a2fe00000,0x0000008a2ff00000)]
  0x00000236952fb000 JavaThread "Unconstrained build operations Thread 15" [_thread_blocked, id=18952, stack(0x0000008a2ff00000,0x0000008a30000000)]
  0x00000236952fd800 JavaThread "Unconstrained build operations Thread 16" [_thread_blocked, id=13032, stack(0x0000008a30000000,0x0000008a30100000)]
  0x00000236952f8800 JavaThread "Unconstrained build operations Thread 17" [_thread_blocked, id=4336, stack(0x0000008a30100000,0x0000008a30200000)]
  0x00000236952fb800 JavaThread "Unconstrained build operations Thread 18" [_thread_blocked, id=3224, stack(0x0000008a30200000,0x0000008a30300000)]
  0x00000236929e8800 JavaThread "Unconstrained build operations Thread 19" [_thread_blocked, id=556, stack(0x0000008a30300000,0x0000008a30400000)]
  0x00000236929ed800 JavaThread "Unconstrained build operations Thread 20" [_thread_blocked, id=11032, stack(0x0000008a30400000,0x0000008a30500000)]
  0x00000236929e7800 JavaThread "Unconstrained build operations Thread 21" [_thread_blocked, id=3288, stack(0x0000008a30500000,0x0000008a30600000)]
  0x00000236929ea000 JavaThread "Unconstrained build operations Thread 22" [_thread_blocked, id=5736, stack(0x0000008a30600000,0x0000008a30700000)]
  0x00000236929e9000 JavaThread "Unconstrained build operations Thread 23" [_thread_blocked, id=1712, stack(0x0000008a30700000,0x0000008a30800000)]
  0x00000236929f0800 JavaThread "Unconstrained build operations Thread 24" [_thread_blocked, id=9088, stack(0x0000008a30800000,0x0000008a30900000)]
  0x00000236929ee000 JavaThread "Unconstrained build operations Thread 25" [_thread_blocked, id=12416, stack(0x0000008a30900000,0x0000008a30a00000)]
  0x00000236929ef000 JavaThread "Unconstrained build operations Thread 26" [_thread_blocked, id=7316, stack(0x0000008a30a00000,0x0000008a30b00000)]
  0x00000236929ef800 JavaThread "Unconstrained build operations Thread 27" [_thread_blocked, id=7336, stack(0x0000008a30b00000,0x0000008a30c00000)]
  0x00000236929eb000 JavaThread "Unconstrained build operations Thread 28" [_thread_blocked, id=8740, stack(0x0000008a30c00000,0x0000008a30d00000)]
  0x00000236929f1800 JavaThread "Unconstrained build operations Thread 29" [_thread_blocked, id=3480, stack(0x0000008a30d00000,0x0000008a30e00000)]
  0x00000236929eb800 JavaThread "Unconstrained build operations Thread 30" [_thread_blocked, id=3332, stack(0x0000008a30e00000,0x0000008a30f00000)]
  0x00000236929f2000 JavaThread "Unconstrained build operations Thread 31" [_thread_blocked, id=11592, stack(0x0000008a30f00000,0x0000008a31000000)]
  0x00000236929ec800 JavaThread "Unconstrained build operations Thread 32" [_thread_blocked, id=2020, stack(0x0000008a31000000,0x0000008a31100000)]
  0x00000236929f3000 JavaThread "Unconstrained build operations Thread 33" [_thread_blocked, id=2216, stack(0x0000008a31100000,0x0000008a31200000)]
  0x00000236929f4000 JavaThread "Unconstrained build operations Thread 34" [_thread_blocked, id=1116, stack(0x0000008a31200000,0x0000008a31300000)]
  0x00000236929f5800 JavaThread "Unconstrained build operations Thread 35" [_thread_blocked, id=4176, stack(0x0000008a31300000,0x0000008a31400000)]
  0x00000236929f4800 JavaThread "Unconstrained build operations Thread 36" [_thread_blocked, id=17936, stack(0x0000008a31400000,0x0000008a31500000)]
  0x00000236929f6800 JavaThread "Unconstrained build operations Thread 37" [_thread_blocked, id=10128, stack(0x0000008a31500000,0x0000008a31600000)]
  0x0000023692fa0000 JavaThread "Unconstrained build operations Thread 38" [_thread_blocked, id=13088, stack(0x0000008a31600000,0x0000008a31700000)]
  0x0000023692fa1800 JavaThread "Unconstrained build operations Thread 39" [_thread_blocked, id=14052, stack(0x0000008a31700000,0x0000008a31800000)]
  0x0000023692f9d800 JavaThread "Unconstrained build operations Thread 40" [_thread_blocked, id=10384, stack(0x0000008a31800000,0x0000008a31900000)]
  0x0000023692fa1000 JavaThread "Unconstrained build operations Thread 41" [_thread_blocked, id=19424, stack(0x0000008a31900000,0x0000008a31a00000)]
  0x0000023692fa2800 JavaThread "Unconstrained build operations Thread 42" [_thread_blocked, id=8456, stack(0x0000008a31a00000,0x0000008a31b00000)]
  0x0000023692fa3800 JavaThread "Unconstrained build operations Thread 43" [_thread_blocked, id=8636, stack(0x0000008a31b00000,0x0000008a31c00000)]
  0x0000023692fa4000 JavaThread "Unconstrained build operations Thread 44" [_thread_blocked, id=1620, stack(0x0000008a31c00000,0x0000008a31d00000)]
  0x0000023692f9e800 JavaThread "Unconstrained build operations Thread 45" [_thread_blocked, id=1572, stack(0x0000008a31d00000,0x0000008a31e00000)]
  0x0000023692fa5000 JavaThread "Unconstrained build operations Thread 46" [_thread_blocked, id=10624, stack(0x0000008a31e00000,0x0000008a31f00000)]
  0x0000023692f9f000 JavaThread "Unconstrained build operations Thread 47" [_thread_blocked, id=4676, stack(0x0000008a31f00000,0x0000008a32000000)]
  0x0000023692fa8000 JavaThread "Unconstrained build operations Thread 48" [_thread_blocked, id=3176, stack(0x0000008a32000000,0x0000008a32100000)]
  0x0000023692faa000 JavaThread "Unconstrained build operations Thread 49" [_thread_blocked, id=4772, stack(0x0000008a32100000,0x0000008a32200000)]
  0x0000023692fab800 JavaThread "Unconstrained build operations Thread 50" [_thread_blocked, id=2564, stack(0x0000008a32200000,0x0000008a32300000)]
  0x0000023692fa5800 JavaThread "Unconstrained build operations Thread 51" [_thread_blocked, id=7744, stack(0x0000008a32300000,0x0000008a32400000)]
  0x0000023692fa6800 JavaThread "Unconstrained build operations Thread 52" [_thread_blocked, id=9012, stack(0x0000008a32400000,0x0000008a32500000)]
  0x0000023692faa800 JavaThread "Unconstrained build operations Thread 53" [_thread_blocked, id=7100, stack(0x0000008a32500000,0x0000008a32600000)]
  0x0000023692fac800 JavaThread "Unconstrained build operations Thread 54" [_thread_blocked, id=13888, stack(0x0000008a32600000,0x0000008a32700000)]
  0x0000023692fa9000 JavaThread "Unconstrained build operations Thread 55" [_thread_blocked, id=11364, stack(0x0000008a32700000,0x0000008a32800000)]
  0x0000023692fa7800 JavaThread "Unconstrained build operations Thread 56" [_thread_blocked, id=11024, stack(0x0000008a32800000,0x0000008a32900000)]
  0x000002368fc32800 JavaThread "Unconstrained build operations Thread 57" [_thread_blocked, id=17984, stack(0x0000008a32900000,0x0000008a32a00000)]
  0x000002368fc34000 JavaThread "Unconstrained build operations Thread 58" [_thread_blocked, id=15396, stack(0x0000008a32a00000,0x0000008a32b00000)]
  0x000002368fc30000 JavaThread "Unconstrained build operations Thread 59" [_thread_blocked, id=11632, stack(0x0000008a32b00000,0x0000008a32c00000)]
  0x000002368fc33000 JavaThread "Unconstrained build operations Thread 60" [_thread_blocked, id=18624, stack(0x0000008a32c00000,0x0000008a32d00000)]
  0x000002368fc35000 JavaThread "Unconstrained build operations Thread 61" [_thread_blocked, id=17228, stack(0x0000008a32d00000,0x0000008a32e00000)]
  0x000002368fc35800 JavaThread "Unconstrained build operations Thread 62" [_thread_blocked, id=11856, stack(0x0000008a32e00000,0x0000008a32f00000)]
  0x000002368fc31800 JavaThread "Unconstrained build operations Thread 63" [_thread_blocked, id=14812, stack(0x0000008a32f00000,0x0000008a33000000)]
  0x000002368fc36800 JavaThread "Unconstrained build operations Thread 64" [_thread_blocked, id=6100, stack(0x0000008a33000000,0x0000008a33100000)]
  0x000002368fc31000 JavaThread "Unconstrained build operations Thread 65" [_thread_blocked, id=10464, stack(0x0000008a33100000,0x0000008a33200000)]
  0x000002368fc38000 JavaThread "Unconstrained build operations Thread 66" [_thread_blocked, id=8700, stack(0x0000008a33200000,0x0000008a33300000)]
  0x000002368fc3b800 JavaThread "Unconstrained build operations Thread 67" [_thread_blocked, id=9588, stack(0x0000008a33300000,0x0000008a33400000)]
  0x000002368fc3c000 JavaThread "Unconstrained build operations Thread 68" [_thread_blocked, id=11724, stack(0x0000008a33400000,0x0000008a33500000)]
  0x000002368fc37800 JavaThread "Unconstrained build operations Thread 69" [_thread_blocked, id=3148, stack(0x0000008a33500000,0x0000008a33600000)]
  0x000002368fc3d000 JavaThread "Unconstrained build operations Thread 70" [_thread_blocked, id=5660, stack(0x0000008a33600000,0x0000008a33700000)]
  0x000002368fc39000 JavaThread "Unconstrained build operations Thread 71" [_thread_blocked, id=17596, stack(0x0000008a33700000,0x0000008a33800000)]
  0x000002368fc39800 JavaThread "Unconstrained build operations Thread 72" [_thread_blocked, id=11200, stack(0x0000008a33800000,0x0000008a33900000)]
  0x000002368fc3a800 JavaThread "Unconstrained build operations Thread 73" [_thread_blocked, id=17648, stack(0x0000008a33900000,0x0000008a33a00000)]
  0x000002368fc3e000 JavaThread "Unconstrained build operations Thread 74" [_thread_blocked, id=7300, stack(0x0000008a33a00000,0x0000008a33b00000)]
  0x000002368fc3e800 JavaThread "Unconstrained build operations Thread 75" [_thread_blocked, id=1272, stack(0x0000008a33b00000,0x0000008a33c00000)]
  0x0000023692ddf800 JavaThread "Unconstrained build operations Thread 76" [_thread_blocked, id=18840, stack(0x0000008a33c00000,0x0000008a33d00000)]
  0x0000023692de0800 JavaThread "Unconstrained build operations Thread 77" [_thread_blocked, id=15484, stack(0x0000008a33d00000,0x0000008a33e00000)]
  0x0000023692ddc800 JavaThread "Unconstrained build operations Thread 78" [_thread_blocked, id=3500, stack(0x0000008a33e00000,0x0000008a33f00000)]
  0x0000023692de1800 JavaThread "Unconstrained build operations Thread 79" [_thread_blocked, id=1332, stack(0x0000008a33f00000,0x0000008a34000000)]
  0x0000023692de3000 JavaThread "Unconstrained build operations Thread 80" [_thread_blocked, id=3104, stack(0x0000008a34000000,0x0000008a34100000)]
  0x0000023692de2000 JavaThread "jar transforms Thread 4" [_thread_blocked, id=2784, stack(0x0000008a34100000,0x0000008a34200000)]
  0x0000023692ddd800 JavaThread "jar transforms Thread 5" [_thread_blocked, id=11484, stack(0x0000008a34200000,0x0000008a34300000)]
  0x0000023692de4000 JavaThread "jar transforms Thread 6" [_thread_blocked, id=18404, stack(0x0000008a34300000,0x0000008a34400000)]
  0x0000023692dde000 JavaThread "jar transforms Thread 7" [_thread_blocked, id=17844, stack(0x0000008a34400000,0x0000008a34500000)]
  0x0000023692de4800 JavaThread "jar transforms Thread 8" [_thread_blocked, id=19312, stack(0x0000008a34500000,0x0000008a34600000)]
  0x0000023692ddf000 JavaThread "Memory manager" [_thread_blocked, id=17652, stack(0x0000008a34600000,0x0000008a34700000)]
  0x0000023692de7000 JavaThread "build event listener" [_thread_blocked, id=18860, stack(0x0000008a34700000,0x0000008a34800000)]
  0x0000023692de8000 JavaThread "included builds" [_thread_blocked, id=6640, stack(0x0000008a34800000,0x0000008a34900000)]
  0x0000023692de5800 JavaThread "Execution worker for ':'" [_thread_blocked, id=1324, stack(0x0000008a34900000,0x0000008a34a00000)]
  0x0000023692de9800 JavaThread "Execution worker for ':' Thread 2" [_thread_blocked, id=5644, stack(0x0000008a34a00000,0x0000008a34b00000)]
  0x0000023692de6800 JavaThread "Execution worker for ':' Thread 3" [_thread_blocked, id=11812, stack(0x0000008a34b00000,0x0000008a34c00000)]
  0x0000023692deb000 JavaThread "Execution worker for ':' Thread 4" [_thread_blocked, id=14144, stack(0x0000008a34c00000,0x0000008a34d00000)]
  0x0000023692dea800 JavaThread "Execution worker for ':' Thread 5" [_thread_in_vm, id=18912, stack(0x0000008a34d00000,0x0000008a34e00000)]
  0x0000023691c43000 JavaThread "Execution worker for ':' Thread 6" [_thread_blocked, id=4360, stack(0x0000008a34e00000,0x0000008a34f00000)]
  0x0000023691c43800 JavaThread "Execution worker for ':' Thread 7" [_thread_blocked, id=10560, stack(0x0000008a34f00000,0x0000008a35000000)]
  0x0000023691c47800 JavaThread "Cache worker for execution history cache (C:\Users\Padma\AndroidStudioProjects\PadmasAndroidLabs\.gradle\7.4\executionHistory)" [_thread_blocked, id=3468, stack(0x0000008a35000000,0x0000008a35100000)]
  0x000002368fcd5000 JavaThread "C2 CompilerThread1" daemon [_thread_in_native, id=2028, stack(0x0000008a2e600000,0x0000008a2e700000)]
  0x00000236947ba000 JavaThread "C2 CompilerThread2" daemon [_thread_in_native, id=9184, stack(0x0000008a2ea00000,0x0000008a2eb00000)]

Other Threads:
  0x00000236fdb7b000 VMThread "VM Thread" [stack: 0x0000008a2c200000,0x0000008a2c300000] [id=7028]
  0x00000236fe5be800 WatcherThread [stack: 0x0000008a2cc00000,0x0000008a2cd00000] [id=3084]
  0x00000236f264a000 GCTaskThread "GC Thread#0" [stack: 0x0000008a2bd00000,0x0000008a2be00000] [id=15072]
  0x00000236fe9b8000 GCTaskThread "GC Thread#1" [stack: 0x0000008a2cf00000,0x0000008a2d000000] [id=18416]
  0x000002368f55c800 GCTaskThread "GC Thread#2" [stack: 0x0000008a2d000000,0x0000008a2d100000] [id=18964]
  0x00000236feb19800 GCTaskThread "GC Thread#3" [stack: 0x0000008a2d100000,0x0000008a2d200000] [id=15912]
  0x0000023691083000 GCTaskThread "GC Thread#4" [stack: 0x0000008a2dd00000,0x0000008a2de00000] [id=15132]
  0x0000023690301800 GCTaskThread "GC Thread#5" [stack: 0x0000008a2de00000,0x0000008a2df00000] [id=18520]
  0x0000023690a81800 GCTaskThread "GC Thread#6" [stack: 0x0000008a2df00000,0x0000008a2e000000] [id=10044]
  0x00000236908a8800 GCTaskThread "GC Thread#7" [stack: 0x0000008a2e000000,0x0000008a2e100000] [id=16292]
  0x00000236f267b000 ConcurrentGCThread "G1 Main Marker" [stack: 0x0000008a2be00000,0x0000008a2bf00000] [id=14096]
  0x00000236f267d000 ConcurrentGCThread "G1 Conc#0" [stack: 0x0000008a2bf00000,0x0000008a2c000000] [id=19264]
  0x000002368f47b000 ConcurrentGCThread "G1 Conc#1" [stack: 0x0000008a2e100000,0x0000008a2e200000] [id=19032]
  0x00000236f270d800 ConcurrentGCThread "G1 Refine#0" [stack: 0x0000008a2c000000,0x0000008a2c100000] [id=6860]
  0x000002369602c800 ConcurrentGCThread "G1 Refine#1" [stack: 0x0000008a35100000,0x0000008a35200000] [id=16664]
  0x00000236964d8000 ConcurrentGCThread "G1 Refine#2" [stack: 0x0000008a35200000,0x0000008a35300000] [id=5460]
  0x00000236f270e000 ConcurrentGCThread "G1 Young RemSet Sampling" [stack: 0x0000008a2c100000,0x0000008a2c200000] [id=4052]

Threads with active compile tasks:
C2 CompilerThread0  19102 9672       4       org.apache.xerces.impl.XMLNSDocumentScannerImpl::scanEndElement (190 bytes)
C2 CompilerThread1  19102 9684       4       org.apache.xerces.impl.XMLNSDocumentScannerImpl::scanAttribute (586 bytes)
C2 CompilerThread2  19102 9733       4       com.google.common.collect.LinkedListMultimap$ValueForKeyIterator::<init> (140 bytes)

VM state:not at safepoint (normal execution)

VM Mutex/Monitor currently owned by a thread: None

Heap address: 0x0000000080000000, size: 2048 MB, Compressed Oops mode: 32-bit
Narrow klass base: 0x0000000000000000, Narrow klass shift: 3
Compressed class space size: 1073741824 Address: 0x0000000100000000

Heap:
 garbage-first heap   total 196608K, used 114388K [0x0000000080000000, 0x0000000100000000)
  region size 1024K, 52 young (53248K), 13 survivors (13312K)
 Metaspace       used 84714K, capacity 86870K, committed 87204K, reserved 1124352K
  class space    used 10978K, capacity 11780K, committed 11904K, reserved 1048576K
Heap Regions: E=young(eden), S=young(survivor), O=old, HS=humongous(starts), HC=humongous(continues), CS=collection set, F=free, A=archive, TAMS=top-at-mark-start (previous, next)
|   0|0x0000000080000000, 0x0000000080100000, 0x0000000080100000|100%| O|  |TAMS 0x0000000080100000, 0x0000000080000000| Untracked 
|   1|0x0000000080100000, 0x0000000080200000, 0x0000000080200000|100%| O|  |TAMS 0x0000000080200000, 0x0000000080100000| Untracked 
|   2|0x0000000080200000, 0x0000000080300000, 0x0000000080300000|100%| O|  |TAMS 0x0000000080300000, 0x0000000080200000| Untracked 
|   3|0x0000000080300000, 0x0000000080400000, 0x0000000080400000|100%|HS|  |TAMS 0x0000000080400000, 0x0000000080300000| Complete 
|   4|0x0000000080400000, 0x0000000080500000, 0x0000000080500000|100%|HC|  |TAMS 0x0000000080500000, 0x0000000080400000| Complete 
|   5|0x0000000080500000, 0x0000000080600000, 0x0000000080600000|100%|HC|  |TAMS 0x0000000080600000, 0x0000000080500000| Complete 
|   6|0x0000000080600000, 0x0000000080700000, 0x0000000080700000|100%| O|  |TAMS 0x0000000080700000, 0x0000000080600000| Untracked 
|   7|0x0000000080700000, 0x0000000080800000, 0x0000000080800000|100%| O|  |TAMS 0x0000000080800000, 0x0000000080700000| Untracked 
|   8|0x0000000080800000, 0x0000000080900000, 0x0000000080900000|100%| O|  |TAMS 0x0000000080900000, 0x0000000080800000| Untracked 
|   9|0x0000000080900000, 0x0000000080a00000, 0x0000000080a00000|100%| O|  |TAMS 0x0000000080a00000, 0x0000000080900000| Untracked 
|  10|0x0000000080a00000, 0x0000000080b00000, 0x0000000080b00000|100%| O|  |TAMS 0x0000000080b00000, 0x0000000080a00000| Untracked 
|  11|0x0000000080b00000, 0x0000000080c00000, 0x0000000080c00000|100%| O|  |TAMS 0x0000000080c00000, 0x0000000080b00000| Untracked 
|  12|0x0000000080c00000, 0x0000000080d00000, 0x0000000080d00000|100%| O|  |TAMS 0x0000000080d00000, 0x0000000080c00000| Untracked 
|  13|0x0000000080d00000, 0x0000000080e00000, 0x0000000080e00000|100%| O|  |TAMS 0x0000000080e00000, 0x0000000080d00000| Untracked 
|  14|0x0000000080e00000, 0x0000000080f00000, 0x0000000080f00000|100%| O|  |TAMS 0x0000000080f00000, 0x0000000080e00000| Untracked 
|  15|0x0000000080f00000, 0x0000000081000000, 0x0000000081000000|100%| O|  |TAMS 0x0000000081000000, 0x0000000080f00000| Untracked 
|  16|0x0000000081000000, 0x0000000081100000, 0x0000000081100000|100%| O|  |TAMS 0x0000000081100000, 0x0000000081000000| Untracked 
|  17|0x0000000081100000, 0x0000000081200000, 0x0000000081200000|100%|HS|  |TAMS 0x0000000081200000, 0x0000000081100000| Complete 
|  18|0x0000000081200000, 0x0000000081300000, 0x0000000081300000|100%|HS|  |TAMS 0x0000000081300000, 0x0000000081200000| Complete 
|  19|0x0000000081300000, 0x0000000081400000, 0x0000000081400000|100%| O|  |TAMS 0x0000000081300000, 0x0000000081300000| Untracked 
|  20|0x0000000081400000, 0x0000000081500000, 0x0000000081500000|100%| O|  |TAMS 0x0000000081500000, 0x0000000081400000| Untracked 
|  21|0x0000000081500000, 0x0000000081600000, 0x0000000081600000|100%| O|  |TAMS 0x0000000081600000, 0x0000000081500000| Untracked 
|  22|0x0000000081600000, 0x0000000081700000, 0x0000000081700000|100%| O|  |TAMS 0x0000000081700000, 0x0000000081600000| Untracked 
|  23|0x0000000081700000, 0x0000000081800000, 0x0000000081800000|100%| O|  |TAMS 0x0000000081800000, 0x0000000081700000| Untracked 
|  24|0x0000000081800000, 0x0000000081900000, 0x0000000081900000|100%| O|  |TAMS 0x0000000081900000, 0x0000000081800000| Untracked 
|  25|0x0000000081900000, 0x0000000081a00000, 0x0000000081a00000|100%|HS|  |TAMS 0x0000000081a00000, 0x0000000081900000| Complete 
|  26|0x0000000081a00000, 0x0000000081b00000, 0x0000000081b00000|100%|HC|  |TAMS 0x0000000081b00000, 0x0000000081a00000| Complete 
|  27|0x0000000081b00000, 0x0000000081c00000, 0x0000000081c00000|100%| O|  |TAMS 0x0000000081c00000, 0x0000000081b00000| Untracked 
|  28|0x0000000081c00000, 0x0000000081d00000, 0x0000000081d00000|100%| O|  |TAMS 0x0000000081d00000, 0x0000000081c00000| Untracked 
|  29|0x0000000081d00000, 0x0000000081e00000, 0x0000000081e00000|100%| O|  |TAMS 0x0000000081e00000, 0x0000000081d00000| Untracked 
|  30|0x0000000081e00000, 0x0000000081f00000, 0x0000000081f00000|100%| O|  |TAMS 0x0000000081f00000, 0x0000000081e00000| Untracked 
|  31|0x0000000081f00000, 0x0000000082000000, 0x0000000082000000|100%| O|  |TAMS 0x0000000082000000, 0x0000000081f00000| Untracked 
|  32|0x0000000082000000, 0x0000000082100000, 0x0000000082100000|100%| O|  |TAMS 0x00000000820e5000, 0x0000000082000000| Untracked 
|  33|0x0000000082100000, 0x0000000082200000, 0x0000000082200000|100%| O|  |TAMS 0x0000000082100000, 0x0000000082100000| Untracked 
|  34|0x0000000082200000, 0x0000000082300000, 0x0000000082300000|100%| O|  |TAMS 0x0000000082200000, 0x0000000082200000| Untracked 
|  35|0x0000000082300000, 0x0000000082400000, 0x0000000082400000|100%| O|  |TAMS 0x0000000082300000, 0x0000000082300000| Untracked 
|  36|0x0000000082400000, 0x0000000082500000, 0x0000000082500000|100%| O|  |TAMS 0x0000000082400000, 0x0000000082400000| Untracked 
|  37|0x0000000082500000, 0x0000000082600000, 0x0000000082600000|100%| O|  |TAMS 0x0000000082500000, 0x0000000082500000| Untracked 
|  38|0x0000000082600000, 0x0000000082700000, 0x0000000082700000|100%| O|  |TAMS 0x0000000082600000, 0x0000000082600000| Untracked 
|  39|0x0000000082700000, 0x0000000082800000, 0x0000000082800000|100%| O|  |TAMS 0x0000000082700000, 0x0000000082700000| Untracked 
|  40|0x0000000082800000, 0x0000000082900000, 0x0000000082900000|100%| O|  |TAMS 0x0000000082800000, 0x0000000082800000| Untracked 
|  41|0x0000000082900000, 0x0000000082a00000, 0x0000000082a00000|100%| O|  |TAMS 0x0000000082900000, 0x0000000082900000| Untracked 
|  42|0x0000000082a00000, 0x0000000082b00000, 0x0000000082b00000|100%| O|  |TAMS 0x0000000082a00000, 0x0000000082a00000| Untracked 
|  43|0x0000000082b00000, 0x0000000082c00000, 0x0000000082c00000|100%| O|  |TAMS 0x0000000082b00000, 0x0000000082b00000| Untracked 
|  44|0x0000000082c00000, 0x0000000082d00000, 0x0000000082d00000|100%| O|  |TAMS 0x0000000082c00000, 0x0000000082c00000| Untracked 
|  45|0x0000000082d00000, 0x0000000082e00000, 0x0000000082e00000|100%| O|  |TAMS 0x0000000082d00000, 0x0000000082d00000| Untracked 
|  46|0x0000000082e00000, 0x0000000082f00000, 0x0000000082f00000|100%| O|  |TAMS 0x0000000082e00000, 0x0000000082e00000| Untracked 
|  47|0x0000000082f00000, 0x0000000083000000, 0x0000000083000000|100%| O|  |TAMS 0x0000000082f00000, 0x0000000082f00000| Untracked 
|  48|0x0000000083000000, 0x0000000083100000, 0x0000000083100000|100%| O|  |TAMS 0x0000000083000000, 0x0000000083000000| Untracked 
|  49|0x0000000083100000, 0x0000000083200000, 0x0000000083200000|100%| O|  |TAMS 0x0000000083100000, 0x0000000083100000| Untracked 
|  50|0x0000000083200000, 0x0000000083300000, 0x0000000083300000|100%| O|  |TAMS 0x0000000083200000, 0x0000000083200000| Untracked 
|  51|0x0000000083300000, 0x0000000083400000, 0x0000000083400000|100%| O|  |TAMS 0x0000000083300000, 0x0000000083300000| Untracked 
|  52|0x0000000083400000, 0x0000000083500000, 0x0000000083500000|100%| O|  |TAMS 0x0000000083400000, 0x0000000083400000| Untracked 
|  53|0x0000000083500000, 0x0000000083600000, 0x0000000083600000|100%| O|  |TAMS 0x0000000083500000, 0x0000000083500000| Untracked 
|  54|0x0000000083600000, 0x0000000083700000, 0x0000000083700000|100%| O|  |TAMS 0x0000000083600000, 0x0000000083600000| Untracked 
|  55|0x0000000083700000, 0x0000000083800000, 0x0000000083800000|100%| O|  |TAMS 0x0000000083700000, 0x0000000083700000| Untracked 
|  56|0x0000000083800000, 0x0000000083900000, 0x0000000083900000|100%| O|  |TAMS 0x0000000083800000, 0x0000000083800000| Untracked 
|  57|0x0000000083900000, 0x0000000083a00000, 0x0000000083a00000|100%| O|  |TAMS 0x0000000083900000, 0x0000000083900000| Untracked 
|  58|0x0000000083a00000, 0x0000000083ab5200, 0x0000000083b00000| 70%| O|  |TAMS 0x0000000083a00000, 0x0000000083a00000| Untracked 
|  59|0x0000000083b00000, 0x0000000083c00000, 0x0000000083c00000|100%|HS|  |TAMS 0x0000000083b00000, 0x0000000083b00000| Complete 
|  60|0x0000000083c00000, 0x0000000083d00000, 0x0000000083d00000|100%|HS|  |TAMS 0x0000000083c00000, 0x0000000083c00000| Complete 
|  61|0x0000000083d00000, 0x0000000083e00000, 0x0000000083e00000|100%|HS|  |TAMS 0x0000000083d00000, 0x0000000083d00000| Complete 
|  62|0x0000000083e00000, 0x0000000083e00000, 0x0000000083f00000|  0%| F|  |TAMS 0x0000000083e00000, 0x0000000083e00000| Untracked 
|  63|0x0000000083f00000, 0x0000000083f00000, 0x0000000084000000|  0%| F|  |TAMS 0x0000000083f00000, 0x0000000083f00000| Untracked 
|  64|0x0000000084000000, 0x0000000084000000, 0x0000000084100000|  0%| F|  |TAMS 0x0000000084000000, 0x0000000084000000| Untracked 
|  65|0x0000000084100000, 0x0000000084100000, 0x0000000084200000|  0%| F|  |TAMS 0x0000000084100000, 0x0000000084100000| Untracked 
|  66|0x0000000084200000, 0x0000000084200000, 0x0000000084300000|  0%| F|  |TAMS 0x0000000084200000, 0x0000000084200000| Untracked 
|  67|0x0000000084300000, 0x0000000084300000, 0x0000000084400000|  0%| F|  |TAMS 0x0000000084300000, 0x0000000084300000| Untracked 
|  68|0x0000000084400000, 0x0000000084400000, 0x0000000084500000|  0%| F|  |TAMS 0x0000000084400000, 0x0000000084400000| Untracked 
|  69|0x0000000084500000, 0x0000000084500000, 0x0000000084600000|  0%| F|  |TAMS 0x0000000084500000, 0x0000000084500000| Untracked 
|  70|0x0000000084600000, 0x0000000084600000, 0x0000000084700000|  0%| F|  |TAMS 0x0000000084600000, 0x0000000084600000| Untracked 
|  71|0x0000000084700000, 0x0000000084700000, 0x0000000084800000|  0%| F|  |TAMS 0x0000000084700000, 0x0000000084700000| Untracked 
|  72|0x0000000084800000, 0x0000000084800000, 0x0000000084900000|  0%| F|  |TAMS 0x0000000084800000, 0x0000000084800000| Untracked 
|  73|0x0000000084900000, 0x0000000084900000, 0x0000000084a00000|  0%| F|  |TAMS 0x0000000084900000, 0x0000000084900000| Untracked 
|  74|0x0000000084a00000, 0x0000000084a00000, 0x0000000084b00000|  0%| F|  |TAMS 0x0000000084a00000, 0x0000000084a00000| Untracked 
|  75|0x0000000084b00000, 0x0000000084b00000, 0x0000000084c00000|  0%| F|  |TAMS 0x0000000084b00000, 0x0000000084b00000| Untracked 
|  76|0x0000000084c00000, 0x0000000084c00000, 0x0000000084d00000|  0%| F|  |TAMS 0x0000000084c00000, 0x0000000084c00000| Untracked 
|  77|0x0000000084d00000, 0x0000000084d00000, 0x0000000084e00000|  0%| F|  |TAMS 0x0000000084d00000, 0x0000000084d00000| Untracked 
|  78|0x0000000084e00000, 0x0000000084e00000, 0x0000000084f00000|  0%| F|  |TAMS 0x0000000084e00000, 0x0000000084e00000| Untracked 
|  79|0x0000000084f00000, 0x0000000084f00000, 0x0000000085000000|  0%| F|  |TAMS 0x0000000084f00000, 0x0000000084f00000| Untracked 
|  80|0x0000000085000000, 0x0000000085100000, 0x0000000085100000|100%| S|CS|TAMS 0x0000000085000000, 0x0000000085000000| Complete 
|  81|0x0000000085100000, 0x0000000085200000, 0x0000000085200000|100%| S|CS|TAMS 0x0000000085100000, 0x0000000085100000| Complete 
|  82|0x0000000085200000, 0x0000000085300000, 0x0000000085300000|100%| S|CS|TAMS 0x0000000085200000, 0x0000000085200000| Complete 
|  83|0x0000000085300000, 0x0000000085400000, 0x0000000085400000|100%| S|CS|TAMS 0x0000000085300000, 0x0000000085300000| Complete 
|  84|0x0000000085400000, 0x0000000085400000, 0x0000000085500000|  0%| F|  |TAMS 0x0000000085400000, 0x0000000085400000| Untracked 
|  85|0x0000000085500000, 0x0000000085500000, 0x0000000085600000|  0%| F|  |TAMS 0x0000000085500000, 0x0000000085500000| Untracked 
|  86|0x0000000085600000, 0x0000000085600000, 0x0000000085700000|  0%| F|  |TAMS 0x0000000085600000, 0x0000000085600000| Untracked 
|  87|0x0000000085700000, 0x0000000085700000, 0x0000000085800000|  0%| F|  |TAMS 0x0000000085700000, 0x0000000085700000| Untracked 
|  88|0x0000000085800000, 0x0000000085800000, 0x0000000085900000|  0%| F|  |TAMS 0x0000000085800000, 0x0000000085800000| Untracked 
|  89|0x0000000085900000, 0x0000000085900000, 0x0000000085a00000|  0%| F|  |TAMS 0x0000000085900000, 0x0000000085900000| Untracked 
|  90|0x0000000085a00000, 0x0000000085a00000, 0x0000000085b00000|  0%| F|  |TAMS 0x0000000085a00000, 0x0000000085a00000| Untracked 
|  91|0x0000000085b00000, 0x0000000085b00000, 0x0000000085c00000|  0%| F|  |TAMS 0x0000000085b00000, 0x0000000085b00000| Untracked 
|  92|0x0000000085c00000, 0x0000000085c00000, 0x0000000085d00000|  0%| F|  |TAMS 0x0000000085c00000, 0x0000000085c00000| Untracked 
|  93|0x0000000085d00000, 0x0000000085e00000, 0x0000000085e00000|100%| S|CS|TAMS 0x0000000085d00000, 0x0000000085d00000| Complete 
|  94|0x0000000085e00000, 0x0000000085f00000, 0x0000000085f00000|100%| S|CS|TAMS 0x0000000085e00000, 0x0000000085e00000| Complete 
|  95|0x0000000085f00000, 0x0000000086000000, 0x0000000086000000|100%| S|CS|TAMS 0x0000000085f00000, 0x0000000085f00000| Complete 
|  96|0x0000000086000000, 0x0000000086100000, 0x0000000086100000|100%| S|CS|TAMS 0x0000000086000000, 0x0000000086000000| Complete 
|  97|0x0000000086100000, 0x0000000086200000, 0x0000000086200000|100%| S|CS|TAMS 0x0000000086100000, 0x0000000086100000| Complete 
|  98|0x0000000086200000, 0x0000000086300000, 0x0000000086300000|100%| S|CS|TAMS 0x0000000086200000, 0x0000000086200000| Complete 
|  99|0x0000000086300000, 0x0000000086400000, 0x0000000086400000|100%| S|CS|TAMS 0x0000000086300000, 0x0000000086300000| Complete 
| 100|0x0000000086400000, 0x0000000086400000, 0x0000000086500000|  0%| F|  |TAMS 0x0000000086400000, 0x0000000086400000| Untracked 
| 101|0x0000000086500000, 0x0000000086500000, 0x0000000086600000|  0%| F|  |TAMS 0x0000000086500000, 0x0000000086500000| Untracked 
| 102|0x0000000086600000, 0x0000000086600000, 0x0000000086700000|  0%| F|  |TAMS 0x0000000086600000, 0x0000000086600000| Untracked 
| 103|0x0000000086700000, 0x0000000086800000, 0x0000000086800000|100%| S|CS|TAMS 0x0000000086700000, 0x0000000086700000| Complete 
| 104|0x0000000086800000, 0x0000000086900000, 0x0000000086900000|100%| S|CS|TAMS 0x0000000086800000, 0x0000000086800000| Complete 
| 105|0x0000000086900000, 0x0000000086900000, 0x0000000086a00000|  0%| F|  |TAMS 0x0000000086900000, 0x0000000086900000| Untracked 
| 106|0x0000000086a00000, 0x0000000086a00000, 0x0000000086b00000|  0%| F|  |TAMS 0x0000000086a00000, 0x0000000086a00000| Untracked 
| 107|0x0000000086b00000, 0x0000000086b00000, 0x0000000086c00000|  0%| F|  |TAMS 0x0000000086b00000, 0x0000000086b00000| Untracked 
| 108|0x0000000086c00000, 0x0000000086c00000, 0x0000000086d00000|  0%| F|  |TAMS 0x0000000086c00000, 0x0000000086c00000| Untracked 
| 109|0x0000000086d00000, 0x0000000086d00000, 0x0000000086e00000|  0%| F|  |TAMS 0x0000000086d00000, 0x0000000086d00000| Untracked 
| 110|0x0000000086e00000, 0x0000000086e00000, 0x0000000086f00000|  0%| F|  |TAMS 0x0000000086e00000, 0x0000000086e00000| Untracked 
| 111|0x0000000086f00000, 0x0000000086f00000, 0x0000000087000000|  0%| F|  |TAMS 0x0000000086f00000, 0x0000000086f00000| Untracked 
| 112|0x0000000087000000, 0x0000000087000000, 0x0000000087100000|  0%| F|  |TAMS 0x0000000087000000, 0x0000000087000000| Untracked 
| 113|0x0000000087100000, 0x0000000087100000, 0x0000000087200000|  0%| F|  |TAMS 0x0000000087100000, 0x0000000087100000| Untracked 
| 114|0x0000000087200000, 0x0000000087200000, 0x0000000087300000|  0%| F|  |TAMS 0x0000000087200000, 0x0000000087200000| Untracked 
| 115|0x0000000087300000, 0x0000000087300000, 0x0000000087400000|  0%| F|  |TAMS 0x0000000087300000, 0x0000000087300000| Untracked 
| 116|0x0000000087400000, 0x0000000087400000, 0x0000000087500000|  0%| F|  |TAMS 0x0000000087400000, 0x0000000087400000| Untracked 
| 117|0x0000000087500000, 0x0000000087500000, 0x0000000087600000|  0%| F|  |TAMS 0x0000000087500000, 0x0000000087500000| Untracked 
| 118|0x0000000087600000, 0x0000000087600000, 0x0000000087700000|  0%| F|  |TAMS 0x0000000087600000, 0x0000000087600000| Untracked 
| 119|0x0000000087700000, 0x0000000087700000, 0x0000000087800000|  0%| F|  |TAMS 0x0000000087700000, 0x0000000087700000| Untracked 
| 120|0x0000000087800000, 0x0000000087800000, 0x0000000087900000|  0%| F|  |TAMS 0x0000000087800000, 0x0000000087800000| Untracked 
| 121|0x0000000087900000, 0x0000000087900000, 0x0000000087a00000|  0%| F|  |TAMS 0x0000000087900000, 0x0000000087900000| Untracked 
| 122|0x0000000087a00000, 0x0000000087a00000, 0x0000000087b00000|  0%| F|  |TAMS 0x0000000087a00000, 0x0000000087a00000| Untracked 
| 123|0x0000000087b00000, 0x0000000087b00000, 0x0000000087c00000|  0%| F|  |TAMS 0x0000000087b00000, 0x0000000087b00000| Untracked 
| 124|0x0000000087c00000, 0x0000000087c00000, 0x0000000087d00000|  0%| F|  |TAMS 0x0000000087c00000, 0x0000000087c00000| Untracked 
| 125|0x0000000087d00000, 0x0000000087d00000, 0x0000000087e00000|  0%| F|  |TAMS 0x0000000087d00000, 0x0000000087d00000| Untracked 
| 126|0x0000000087e00000, 0x0000000087e00000, 0x0000000087f00000|  0%| F|  |TAMS 0x0000000087e00000, 0x0000000087e00000| Untracked 
| 127|0x0000000087f00000, 0x0000000087f00000, 0x0000000088000000|  0%| F|  |TAMS 0x0000000087f00000, 0x0000000087f00000| Untracked 
| 128|0x0000000088000000, 0x0000000088000000, 0x0000000088100000|  0%| F|  |TAMS 0x0000000088000000, 0x0000000088000000| Untracked 
| 129|0x0000000088100000, 0x0000000088100000, 0x0000000088200000|  0%| F|  |TAMS 0x0000000088100000, 0x0000000088100000| Untracked 
| 130|0x0000000088200000, 0x0000000088200000, 0x0000000088300000|  0%| F|  |TAMS 0x0000000088200000, 0x0000000088200000| Untracked 
| 131|0x0000000088300000, 0x0000000088300000, 0x0000000088400000|  0%| F|  |TAMS 0x0000000088300000, 0x0000000088300000| Untracked 
| 132|0x0000000088400000, 0x0000000088400000, 0x0000000088500000|  0%| F|  |TAMS 0x0000000088400000, 0x0000000088400000| Untracked 
| 133|0x0000000088500000, 0x0000000088500000, 0x0000000088600000|  0%| F|  |TAMS 0x0000000088500000, 0x0000000088500000| Untracked 
| 134|0x0000000088600000, 0x0000000088600000, 0x0000000088700000|  0%| F|  |TAMS 0x0000000088600000, 0x0000000088600000| Untracked 
| 135|0x0000000088700000, 0x0000000088700000, 0x0000000088800000|  0%| F|  |TAMS 0x0000000088700000, 0x0000000088700000| Untracked 
| 136|0x0000000088800000, 0x0000000088800000, 0x0000000088900000|  0%| F|  |TAMS 0x0000000088800000, 0x0000000088800000| Untracked 
| 137|0x0000000088900000, 0x0000000088900000, 0x0000000088a00000|  0%| F|  |TAMS 0x0000000088900000, 0x0000000088900000| Untracked 
| 138|0x0000000088a00000, 0x0000000088a00000, 0x0000000088b00000|  0%| F|  |TAMS 0x0000000088a00000, 0x0000000088a00000| Untracked 
| 139|0x0000000088b00000, 0x0000000088b00000, 0x0000000088c00000|  0%| F|  |TAMS 0x0000000088b00000, 0x0000000088b00000| Untracked 
| 140|0x0000000088c00000, 0x0000000088c00000, 0x0000000088d00000|  0%| F|  |TAMS 0x0000000088c00000, 0x0000000088c00000| Untracked 
| 141|0x0000000088d00000, 0x0000000088d00000, 0x0000000088e00000|  0%| F|  |TAMS 0x0000000088d00000, 0x0000000088d00000| Untracked 
| 142|0x0000000088e00000, 0x0000000088e00000, 0x0000000088f00000|  0%| F|  |TAMS 0x0000000088e00000, 0x0000000088e00000| Untracked 
| 143|0x0000000088f00000, 0x0000000088f00000, 0x0000000089000000|  0%| F|  |TAMS 0x0000000088f00000, 0x0000000088f00000| Untracked 
| 144|0x0000000089000000, 0x0000000089000000, 0x0000000089100000|  0%| F|  |TAMS 0x0000000089000000, 0x0000000089000000| Untracked 
| 145|0x0000000089100000, 0x0000000089100000, 0x0000000089200000|  0%| F|  |TAMS 0x0000000089100000, 0x0000000089100000| Untracked 
| 146|0x0000000089200000, 0x0000000089200000, 0x0000000089300000|  0%| F|  |TAMS 0x0000000089200000, 0x0000000089200000| Untracked 
| 147|0x0000000089300000, 0x0000000089300000, 0x0000000089400000|  0%| F|  |TAMS 0x0000000089300000, 0x0000000089300000| Untracked 
| 148|0x0000000089400000, 0x0000000089400000, 0x0000000089500000|  0%| F|  |TAMS 0x0000000089400000, 0x0000000089400000| Untracked 
| 149|0x0000000089500000, 0x0000000089500000, 0x0000000089600000|  0%| F|  |TAMS 0x0000000089500000, 0x0000000089500000| Untracked 
| 150|0x0000000089600000, 0x0000000089600000, 0x0000000089700000|  0%| F|  |TAMS 0x0000000089600000, 0x0000000089600000| Untracked 
| 151|0x0000000089700000, 0x0000000089700000, 0x0000000089800000|  0%| F|  |TAMS 0x0000000089700000, 0x0000000089700000| Untracked 
| 152|0x0000000089800000, 0x0000000089800000, 0x0000000089900000|  0%| F|  |TAMS 0x0000000089800000, 0x0000000089800000| Untracked 
| 153|0x0000000089900000, 0x000000008995fb60, 0x0000000089a00000| 37%| E|  |TAMS 0x0000000089900000, 0x0000000089900000| Complete 
| 154|0x0000000089a00000, 0x0000000089b00000, 0x0000000089b00000|100%| E|CS|TAMS 0x0000000089a00000, 0x0000000089a00000| Complete 
| 155|0x0000000089b00000, 0x0000000089c00000, 0x0000000089c00000|100%| E|CS|TAMS 0x0000000089b00000, 0x0000000089b00000| Complete 
| 156|0x0000000089c00000, 0x0000000089d00000, 0x0000000089d00000|100%| E|CS|TAMS 0x0000000089c00000, 0x0000000089c00000| Complete 
| 157|0x0000000089d00000, 0x0000000089e00000, 0x0000000089e00000|100%| E|CS|TAMS 0x0000000089d00000, 0x0000000089d00000| Complete 
| 158|0x0000000089e00000, 0x0000000089f00000, 0x0000000089f00000|100%| E|CS|TAMS 0x0000000089e00000, 0x0000000089e00000| Complete 
| 159|0x0000000089f00000, 0x000000008a000000, 0x000000008a000000|100%| E|CS|TAMS 0x0000000089f00000, 0x0000000089f00000| Complete 
| 160|0x000000008a000000, 0x000000008a100000, 0x000000008a100000|100%| E|CS|TAMS 0x000000008a000000, 0x000000008a000000| Complete 
| 161|0x000000008a100000, 0x000000008a200000, 0x000000008a200000|100%| E|CS|TAMS 0x000000008a100000, 0x000000008a100000| Complete 
| 162|0x000000008a200000, 0x000000008a300000, 0x000000008a300000|100%| E|CS|TAMS 0x000000008a200000, 0x000000008a200000| Complete 
| 163|0x000000008a300000, 0x000000008a400000, 0x000000008a400000|100%| E|CS|TAMS 0x000000008a300000, 0x000000008a300000| Complete 
| 164|0x000000008a400000, 0x000000008a500000, 0x000000008a500000|100%| E|CS|TAMS 0x000000008a400000, 0x000000008a400000| Complete 
| 165|0x000000008a500000, 0x000000008a600000, 0x000000008a600000|100%| E|CS|TAMS 0x000000008a500000, 0x000000008a500000| Complete 
| 166|0x000000008a600000, 0x000000008a700000, 0x000000008a700000|100%| E|CS|TAMS 0x000000008a600000, 0x000000008a600000| Complete 
| 167|0x000000008a700000, 0x000000008a800000, 0x000000008a800000|100%| E|CS|TAMS 0x000000008a700000, 0x000000008a700000| Complete 
| 168|0x000000008a800000, 0x000000008a900000, 0x000000008a900000|100%| E|CS|TAMS 0x000000008a800000, 0x000000008a800000| Complete 
| 169|0x000000008a900000, 0x000000008aa00000, 0x000000008aa00000|100%| E|CS|TAMS 0x000000008a900000, 0x000000008a900000| Complete 
| 170|0x000000008aa00000, 0x000000008ab00000, 0x000000008ab00000|100%| E|CS|TAMS 0x000000008aa00000, 0x000000008aa00000| Complete 
| 171|0x000000008ab00000, 0x000000008ac00000, 0x000000008ac00000|100%| E|CS|TAMS 0x000000008ab00000, 0x000000008ab00000| Complete 
| 172|0x000000008ac00000, 0x000000008ad00000, 0x000000008ad00000|100%| E|CS|TAMS 0x000000008ac00000, 0x000000008ac00000| Complete 
| 173|0x000000008ad00000, 0x000000008ae00000, 0x000000008ae00000|100%| E|CS|TAMS 0x000000008ad00000, 0x000000008ad00000| Complete 
| 174|0x000000008ae00000, 0x000000008af00000, 0x000000008af00000|100%| E|CS|TAMS 0x000000008ae00000, 0x000000008ae00000| Complete 
| 175|0x000000008af00000, 0x000000008b000000, 0x000000008b000000|100%| E|CS|TAMS 0x000000008af00000, 0x000000008af00000| Complete 
| 176|0x000000008b000000, 0x000000008b100000, 0x000000008b100000|100%| E|CS|TAMS 0x000000008b000000, 0x000000008b000000| Complete 
| 177|0x000000008b100000, 0x000000008b200000, 0x000000008b200000|100%| E|CS|TAMS 0x000000008b100000, 0x000000008b100000| Complete 
| 178|0x000000008b200000, 0x000000008b300000, 0x000000008b300000|100%| E|CS|TAMS 0x000000008b200000, 0x000000008b200000| Complete 
| 179|0x000000008b300000, 0x000000008b400000, 0x000000008b400000|100%| E|CS|TAMS 0x000000008b300000, 0x000000008b300000| Complete 
| 180|0x000000008b400000, 0x000000008b500000, 0x000000008b500000|100%| E|CS|TAMS 0x000000008b400000, 0x000000008b400000| Complete 
| 181|0x000000008b500000, 0x000000008b600000, 0x000000008b600000|100%| E|CS|TAMS 0x000000008b500000, 0x000000008b500000| Complete 
| 182|0x000000008b600000, 0x000000008b700000, 0x000000008b700000|100%| E|CS|TAMS 0x000000008b600000, 0x000000008b600000| Complete 
| 183|0x000000008b700000, 0x000000008b800000, 0x000000008b800000|100%| E|CS|TAMS 0x000000008b700000, 0x000000008b700000| Complete 
| 184|0x000000008b800000, 0x000000008b900000, 0x000000008b900000|100%| E|CS|TAMS 0x000000008b800000, 0x000000008b800000| Complete 
| 185|0x000000008b900000, 0x000000008ba00000, 0x000000008ba00000|100%| E|CS|TAMS 0x000000008b900000, 0x000000008b900000| Complete 
| 186|0x000000008ba00000, 0x000000008bb00000, 0x000000008bb00000|100%| E|CS|TAMS 0x000000008ba00000, 0x000000008ba00000| Complete 
| 187|0x000000008bb00000, 0x000000008bc00000, 0x000000008bc00000|100%| E|CS|TAMS 0x000000008bb00000, 0x000000008bb00000| Complete 
| 188|0x000000008bc00000, 0x000000008bd00000, 0x000000008bd00000|100%| E|  |TAMS 0x000000008bc00000, 0x000000008bc00000| Complete 
| 189|0x000000008bd00000, 0x000000008be00000, 0x000000008be00000|100%| E|CS|TAMS 0x000000008bd00000, 0x000000008bd00000| Complete 
| 190|0x000000008be00000, 0x000000008bf00000, 0x000000008bf00000|100%| E|CS|TAMS 0x000000008be00000, 0x000000008be00000| Complete 
| 191|0x000000008bf00000, 0x000000008c000000, 0x000000008c000000|100%| E|CS|TAMS 0x000000008bf00000, 0x000000008bf00000| Complete 

Card table byte_map: [0x00000236f6880000,0x00000236f6c80000] _byte_map_base: 0x00000236f6480000

Marking Bits (Prev, Next): (CMBitMap*) 0x00000236f2672340, (CMBitMap*) 0x00000236f2672308
 Prev Bits: [0x00000236f9080000, 0x00000236fb080000)
 Next Bits: [0x00000236f7080000, 0x00000236f9080000)

Polling page: 0x00000236f1e10000

Metaspace:

Usage:
  Non-class:     73.33 MB capacity,    72.01 MB ( 98%) used,     1.08 MB (  1%) free+waste,   246.94 KB ( <1%) overhead. 
      Class:     11.50 MB capacity,    10.72 MB ( 93%) used,   685.09 KB (  6%) free+waste,   114.56 KB ( <1%) overhead. 
       Both:     84.83 MB capacity,    82.74 MB ( 98%) used,     1.74 MB (  2%) free+waste,   361.50 KB ( <1%) overhead. 

Virtual space:
  Non-class space:       74.00 MB reserved,      73.54 MB (>99%) committed 
      Class space:        1.00 GB reserved,      11.63 MB (  1%) committed 
             Both:        1.07 GB reserved,      85.16 MB (  8%) committed 

Chunk freelists:
   Non-Class:  18.00 KB
       Class:  28.00 KB
        Both:  46.00 KB

MaxMetaspaceSize: 17179869184.00 GB
CompressedClassSpaceSize: 1.00 GB
Initial GC threshold: 20.80 MB
Current GC threshold: 97.98 MB
CDS: off

CodeHeap 'non-profiled nmethods': size=120000Kb used=6300Kb max_used=6300Kb free=113699Kb
 bounds [0x0000023687ad0000, 0x0000023688100000, 0x000002368f000000]
CodeHeap 'profiled nmethods': size=120000Kb used=21147Kb max_used=21147Kb free=98852Kb
 bounds [0x00000236805a0000, 0x0000023681a50000, 0x0000023687ad0000]
CodeHeap 'non-nmethods': size=5760Kb used=2365Kb max_used=2431Kb free=3394Kb
 bounds [0x0000023680000000, 0x0000023680270000, 0x00000236805a0000]
 total_blobs=10590 nmethods=9704 adapters=797
 compilation: enabled
              stopped_count=0, restarted_count=0
 full_count=0

Compilation events (20 events):
Event: 18.993 Thread 0x00000236fe418800 9756       2       com.android.ide.common.resources.ResourceMerger::requiresMerge (29 bytes)
Event: 18.994 Thread 0x00000236fe418800 nmethod 9756 0x0000023681a36f10 code [0x0000023681a37120, 0x0000023681a37498]
Event: 18.994 Thread 0x00000236fe418800 9757   !   2       java.util.AbstractSequentialList::get (39 bytes)
Event: 18.995 Thread 0x00000236fe418800 nmethod 9757 0x0000023681a37690 code [0x0000023681a378c0, 0x0000023681a37d38]
Event: 18.995 Thread 0x00000236fe418800 9758       2       com.android.ide.common.resources.MergedResourceWriter::ignoreItemInMerge (9 bytes)
Event: 18.995 Thread 0x00000236fe418800 nmethod 9758 0x0000023681a37f90 code [0x0000023681a38140, 0x0000023681a38278]
Event: 18.996 Thread 0x00000236fe418800 9759       2       com.android.ide.common.resources.MergedResourceWriter::addItem (9 bytes)
Event: 18.996 Thread 0x00000236fe418800 nmethod 9759 0x0000023681a38390 code [0x0000023681a38540, 0x0000023681a38688]
Event: 18.996 Thread 0x00000236fe418800 9760   !   2       com.android.ide.common.resources.MergedResourceWriter::addItem (200 bytes)
Event: 18.997 Thread 0x00000236fe418800 nmethod 9760 0x0000023681a38790 code [0x0000023681a38a40, 0x0000023681a39138]
Event: 18.998 Thread 0x00000236fe418800 9761       2       com.android.ide.common.resources.DataItem::isWritten (16 bytes)
Event: 18.998 Thread 0x00000236fe418800 nmethod 9761 0x0000023681a39790 code [0x0000023681a39940, 0x0000023681a39a58]
Event: 18.998 Thread 0x00000236fe418800 9762       2       com.android.ide.common.resources.ResourceMerger::filterAccept (9 bytes)
Event: 18.998 Thread 0x00000236fe418800 nmethod 9762 0x0000023681a39b10 code [0x0000023681a39cc0, 0x0000023681a39e08]
Event: 18.998 Thread 0x00000236fe418800 9763       2       com.android.ide.common.resources.ResourceMerger::filterAccept (36 bytes)
Event: 18.999 Thread 0x00000236fe418800 nmethod 9763 0x0000023681a39f10 code [0x0000023681a3a0e0, 0x0000023681a3a288]
Event: 19.013 Thread 0x00000236fe418800 9764 % !   3       com.android.ide.common.resources.DataMerger::mergeData @ 247 (611 bytes)
Event: 19.019 Thread 0x00000236fe418800 nmethod 9764% 0x0000023681a3a390 code [0x0000023681a3a900, 0x0000023681a3e5c8]
Event: 19.020 Thread 0x00000236fe418800 9765   !   3       com.android.ide.common.resources.DataMerger::mergeData (611 bytes)
Event: 19.025 Thread 0x00000236fe418800 nmethod 9765 0x0000023681a3fe10 code [0x0000023681a40380, 0x0000023681a43bb8]

GC Heap History (20 events):
Event: 2.883 GC heap before
{Heap before GC invocations=1 (full 0):
 garbage-first heap   total 196608K, used 114870K [0x0000000080000000, 0x0000000100000000)
  region size 1024K, 107 young (109568K), 3 survivors (3072K)
 Metaspace       used 20749K, capacity 21133K, committed 21296K, reserved 1069056K
  class space    used 2526K, capacity 2688K, committed 2688K, reserved 1048576K
}
Event: 2.893 GC heap after
{Heap after GC invocations=2 (full 0):
 garbage-first heap   total 196608K, used 17590K [0x0000000080000000, 0x0000000100000000)
  region size 1024K, 11 young (11264K), 11 survivors (11264K)
 Metaspace       used 20749K, capacity 21133K, committed 21296K, reserved 1069056K
  class space    used 2526K, capacity 2688K, committed 2688K, reserved 1048576K
}
Event: 5.044 GC heap before
{Heap before GC invocations=3 (full 0):
 garbage-first heap   total 196608K, used 66742K [0x0000000080000000, 0x0000000100000000)
  region size 1024K, 59 young (60416K), 11 survivors (11264K)
 Metaspace       used 25654K, capacity 26243K, committed 26544K, reserved 1073152K
  class space    used 3321K, capacity 3523K, committed 3584K, reserved 1048576K
}
Event: 5.051 GC heap after
{Heap after GC invocations=4 (full 0):
 garbage-first heap   total 196608K, used 19754K [0x0000000080000000, 0x0000000100000000)
  region size 1024K, 3 young (3072K), 3 survivors (3072K)
 Metaspace       used 25654K, capacity 26243K, committed 26544K, reserved 1073152K
  class space    used 3321K, capacity 3523K, committed 3584K, reserved 1048576K
}
Event: 5.914 GC heap before
{Heap before GC invocations=4 (full 0):
 garbage-first heap   total 196608K, used 87338K [0x0000000080000000, 0x0000000100000000)
  region size 1024K, 70 young (71680K), 3 survivors (3072K)
 Metaspace       used 34813K, capacity 35553K, committed 35708K, reserved 1081344K
  class space    used 4477K, capacity 4782K, committed 4864K, reserved 1048576K
}
Event: 5.922 GC heap after
{Heap after GC invocations=5 (full 0):
 garbage-first heap   total 196608K, used 22929K [0x0000000080000000, 0x0000000100000000)
  region size 1024K, 6 young (6144K), 6 survivors (6144K)
 Metaspace       used 34813K, capacity 35553K, committed 35708K, reserved 1081344K
  class space    used 4477K, capacity 4782K, committed 4864K, reserved 1048576K
}
Event: 7.177 GC heap before
{Heap before GC invocations=6 (full 0):
 garbage-first heap   total 196608K, used 124305K [0x0000000080000000, 0x0000000100000000)
  region size 1024K, 102 young (104448K), 6 survivors (6144K)
 Metaspace       used 43655K, capacity 44589K, committed 44668K, reserved 1087488K
  class space    used 5479K, capacity 5841K, committed 5888K, reserved 1048576K
}
Event: 7.185 GC heap after
{Heap after GC invocations=7 (full 0):
 garbage-first heap   total 196608K, used 29094K [0x0000000080000000, 0x0000000100000000)
  region size 1024K, 12 young (12288K), 12 survivors (12288K)
 Metaspace       used 43655K, capacity 44589K, committed 44668K, reserved 1087488K
  class space    used 5479K, capacity 5841K, committed 5888K, reserved 1048576K
}
Event: 8.133 GC heap before
{Heap before GC invocations=7 (full 0):
 garbage-first heap   total 196608K, used 131494K [0x0000000080000000, 0x0000000100000000)
  region size 1024K, 110 young (112640K), 12 survivors (12288K)
 Metaspace       used 48597K, capacity 49880K, committed 50044K, reserved 1093632K
  class space    used 6145K, capacity 6612K, committed 6656K, reserved 1048576K
}
Event: 8.144 GC heap after
{Heap after GC invocations=8 (full 0):
 garbage-first heap   total 196608K, used 39030K [0x0000000080000000, 0x0000000100000000)
  region size 1024K, 14 young (14336K), 14 survivors (14336K)
 Metaspace       used 48597K, capacity 49880K, committed 50044K, reserved 1093632K
  class space    used 6145K, capacity 6612K, committed 6656K, reserved 1048576K
}
Event: 9.439 GC heap before
{Heap before GC invocations=8 (full 0):
 garbage-first heap   total 196608K, used 115830K [0x0000000080000000, 0x0000000100000000)
  region size 1024K, 88 young (90112K), 14 survivors (14336K)
 Metaspace       used 58479K, capacity 59852K, committed 59940K, reserved 1101824K
  class space    used 7379K, capacity 7906K, committed 7936K, reserved 1048576K
}
Event: 9.457 GC heap after
{Heap after GC invocations=9 (full 0):
 garbage-first heap   total 196608K, used 44426K [0x0000000080000000, 0x0000000100000000)
  region size 1024K, 12 young (12288K), 12 survivors (12288K)
 Metaspace       used 58479K, capacity 59852K, committed 59940K, reserved 1101824K
  class space    used 7379K, capacity 7906K, committed 7936K, reserved 1048576K
}
Event: 11.056 GC heap before
{Heap before GC invocations=10 (full 0):
 garbage-first heap   total 196608K, used 149898K [0x0000000080000000, 0x0000000100000000)
  region size 1024K, 108 young (110592K), 12 survivors (12288K)
 Metaspace       used 65042K, capacity 66514K, committed 66724K, reserved 1107968K
  class space    used 8218K, capacity 8744K, committed 8832K, reserved 1048576K
}
Event: 11.068 GC heap after
{Heap after GC invocations=11 (full 0):
 garbage-first heap   total 196608K, used 52273K [0x0000000080000000, 0x0000000100000000)
  region size 1024K, 13 young (13312K), 13 survivors (13312K)
 Metaspace       used 65042K, capacity 66514K, committed 66724K, reserved 1107968K
  class space    used 8218K, capacity 8744K, committed 8832K, reserved 1048576K
}
Event: 12.706 GC heap before
{Heap before GC invocations=11 (full 0):
 garbage-first heap   total 196608K, used 146481K [0x0000000080000000, 0x0000000100000000)
  region size 1024K, 105 young (107520K), 13 survivors (13312K)
 Metaspace       used 72741K, capacity 74361K, committed 74660K, reserved 1114112K
  class space    used 9418K, capacity 10063K, committed 10112K, reserved 1048576K
}
Event: 12.721 GC heap after
{Heap after GC invocations=12 (full 0):
 garbage-first heap   total 196608K, used 58750K [0x0000000080000000, 0x0000000100000000)
  region size 1024K, 7 young (7168K), 7 survivors (7168K)
 Metaspace       used 72741K, capacity 74361K, committed 74660K, reserved 1114112K
  class space    used 9418K, capacity 10063K, committed 10112K, reserved 1048576K
}
Event: 15.723 GC heap before
{Heap before GC invocations=12 (full 0):
 garbage-first heap   total 196608K, used 149886K [0x0000000080000000, 0x0000000100000000)
  region size 1024K, 96 young (98304K), 7 survivors (7168K)
 Metaspace       used 81159K, capacity 83156K, committed 83364K, reserved 1122304K
  class space    used 10627K, capacity 11377K, committed 11392K, reserved 1048576K
}
Event: 15.734 GC heap after
{Heap after GC invocations=13 (full 0):
 garbage-first heap   total 196608K, used 63571K [0x0000000080000000, 0x0000000100000000)
  region size 1024K, 12 young (12288K), 12 survivors (12288K)
 Metaspace       used 81159K, capacity 83156K, committed 83364K, reserved 1122304K
  class space    used 10627K, capacity 11377K, committed 11392K, reserved 1048576K
}
Event: 18.243 GC heap before
{Heap before GC invocations=13 (full 0):
 garbage-first heap   total 196608K, used 151635K [0x0000000080000000, 0x0000000100000000)
  region size 1024K, 99 young (101376K), 12 survivors (12288K)
 Metaspace       used 84097K, capacity 86251K, committed 86308K, reserved 1124352K
  class space    used 10925K, capacity 11744K, committed 11776K, reserved 1048576K
}
Event: 18.261 GC heap after
{Heap after GC invocations=14 (full 0):
 garbage-first heap   total 196608K, used 73428K [0x0000000080000000, 0x0000000100000000)
  region size 1024K, 13 young (13312K), 13 survivors (13312K)
 Metaspace       used 84097K, capacity 86251K, committed 86308K, reserved 1124352K
  class space    used 10925K, capacity 11744K, committed 11776K, reserved 1048576K
}

Deoptimization events (20 events):
Event: 18.877 Thread 0x0000023692dea800 Uncommon trap: trap_request=0xffffff6e fr.pc=0x00000236880ccd0c relative=0x0000000000001a8c
Event: 18.877 Thread 0x0000023692dea800 Uncommon trap: reason=speculate_class_check action=maybe_recompile pc=0x00000236880ccd0c method=com.android.ide.common.resources.ResourceMergerItem.getKey()Ljava/lang/String; @ 35 c2
Event: 18.877 Thread 0x0000023692dea800 DEOPT PACKING pc=0x00000236880ccd0c sp=0x0000008a34dfa7b0
Event: 18.877 Thread 0x0000023692dea800 DEOPT UNPACKING pc=0x000002368004a1af sp=0x0000008a34dfa7b0 mode 2
Event: 18.889 Thread 0x0000023692dea800 Uncommon trap: trap_request=0xffffff4d fr.pc=0x00000236880a3ce0 relative=0x00000000000004e0
Event: 18.891 Thread 0x0000023692dea800 Uncommon trap: reason=unstable_if action=reinterpret pc=0x00000236880a3ce0 method=org.apache.xerces.impl.XMLEntityScanner.skipString(Ljava/lang/String;)Z @ 65 c2
Event: 18.891 Thread 0x0000023692dea800 DEOPT PACKING pc=0x00000236880a3ce0 sp=0x0000008a34dfa040
Event: 18.891 Thread 0x0000023692dea800 DEOPT UNPACKING pc=0x000002368004a1af sp=0x0000008a34dfa000 mode 2
Event: 18.891 Thread 0x0000023692dea800 Uncommon trap: trap_request=0xffffff4d fr.pc=0x00000236880705b4 relative=0x0000000000000974
Event: 18.892 Thread 0x0000023692dea800 Uncommon trap: reason=unstable_if action=reinterpret pc=0x00000236880705b4 method=com.android.utils.PositionXmlParser$DomBuilder.findOpeningTag(Lcom/android/utils/PositionXmlParser$Position;)Lcom/android/utils/PositionXmlParser$Position; @ 81 c2
Event: 18.892 Thread 0x0000023692dea800 DEOPT PACKING pc=0x00000236880705b4 sp=0x0000008a34df9cc0
Event: 18.892 Thread 0x0000023692dea800 DEOPT UNPACKING pc=0x000002368004a1af sp=0x0000008a34df9c38 mode 2
Event: 18.895 Thread 0x0000023692dea800 Uncommon trap: trap_request=0xffffff4d fr.pc=0x000002368806e47c relative=0x000000000000073c
Event: 18.895 Thread 0x0000023692dea800 Uncommon trap: reason=unstable_if action=reinterpret pc=0x000002368806e47c method=com.android.utils.PositionXmlParser$DomBuilder.findOpeningTag(Lcom/android/utils/PositionXmlParser$Position;)Lcom/android/utils/PositionXmlParser$Position; @ 81 c2
Event: 18.895 Thread 0x0000023692dea800 DEOPT PACKING pc=0x000002368806e47c sp=0x0000008a34df9c90
Event: 18.895 Thread 0x0000023692dea800 DEOPT UNPACKING pc=0x000002368004a1af sp=0x0000008a34df9c38 mode 2
Event: 18.986 Thread 0x0000023692dea800 Uncommon trap: trap_request=0xffffff6e fr.pc=0x00000236880ccd0c relative=0x0000000000001a8c
Event: 18.986 Thread 0x0000023692dea800 Uncommon trap: reason=speculate_class_check action=maybe_recompile pc=0x00000236880ccd0c method=com.android.ide.common.resources.ResourceMergerItem.getKey()Ljava/lang/String; @ 35 c2
Event: 18.986 Thread 0x0000023692dea800 DEOPT PACKING pc=0x00000236880ccd0c sp=0x0000008a34dfa7f0
Event: 18.986 Thread 0x0000023692dea800 DEOPT UNPACKING pc=0x000002368004a1af sp=0x0000008a34dfa7f8 mode 2

Classes redefined (0 events):
No events

Internal exceptions (20 events):
Event: 15.214 Thread 0x0000023691515800 Exception <a 'java/lang/NoSuchMethodError'{0x0000000087540e20}: <clinit>> (0x0000000087540e20) thrown at [./src/hotspot/share/prims/jni.cpp, line 1366]
Event: 15.218 Thread 0x0000023691515800 Exception <a 'java/lang/NoSuchMethodError'{0x00000000875aaf98}: <clinit>> (0x00000000875aaf98) thrown at [./src/hotspot/share/prims/jni.cpp, line 1366]
Event: 15.219 Thread 0x0000023691515800 Exception <a 'java/lang/NoSuchMethodError'{0x00000000875ac270}: <clinit>> (0x00000000875ac270) thrown at [./src/hotspot/share/prims/jni.cpp, line 1366]
Event: 15.250 Thread 0x0000023692de7000 Exception <a 'java/lang/NoSuchMethodError'{0x00000000873c7db0}: <clinit>> (0x00000000873c7db0) thrown at [./src/hotspot/share/prims/jni.cpp, line 1366]
Event: 15.255 Thread 0x0000023692de7000 Exception <a 'java/lang/NoSuchMethodError'{0x00000000873dc8a8}: <clinit>> (0x00000000873dc8a8) thrown at [./src/hotspot/share/prims/jni.cpp, line 1366]
Event: 15.264 Thread 0x0000023692de7000 Exception <a 'java/lang/NoSuchMethodError'{0x000000008721bd68}: <clinit>> (0x000000008721bd68) thrown at [./src/hotspot/share/prims/jni.cpp, line 1366]
Event: 15.267 Thread 0x0000023692de7000 Exception <a 'java/lang/NoSuchMethodError'{0x0000000087242c90}: 'void java.lang.invoke.DirectMethodHandle$Holder.invokeSpecial(java.lang.Object, java.lang.Object, java.lang.Object, int)'> (0x0000000087242c90) thrown at [./src/hotspot/share/interpreter/linkResolver.cpp, line 773]
Event: 15.267 Thread 0x0000023691515800 Exception <a 'java/lang/NoSuchMethodError'{0x000000008725cbe8}: <clinit>> (0x000000008725cbe8) thrown at [./src/hotspot/share/prims/jni.cpp, line 1366]
Event: 15.312 Thread 0x0000023692dea800 Exception <a 'java/lang/NoSuchMethodError'{0x000000008715bb98}: 'int java.lang.invoke.DirectMethodHandle$Holder.invokeSpecial(java.lang.Object, java.lang.Object, java.lang.Object, java.lang.Object, java.lang.Object)'> (0x000000008715bb98) thrown at [./src/hotspot/share/interpreter/linkResolver.cpp, line 773]
Event: 15.675 Thread 0x0000023692dea800 Exception <a 'java/lang/NoSuchMethodError'{0x0000000086b15550}: 'void java.lang.invoke.DirectMethodHandle$Holder.invokeStatic(java.lang.Object, java.lang.Object, java.lang.Object, java.lang.Object, int, java.lang.Object, java.lang.Object)'> (0x0000000086b15550) thrown at [./src/hotspot/share/interpreter/linkResolver.cpp, line 773]
Event: 15.780 Thread 0x00000236906d0000 Exception <a 'java/lang/NoSuchMethodError'{0x000000008bdfeac8}: 'java.lang.Object java.lang.invoke.DirectMethodHandle$Holder.invokeSpecialIFC(java.lang.Object, java.lang.Object, java.lang.Object)'> (0x000000008bdfeac8) thrown at [./src/hotspot/share/interpreter/linkResolver.cpp, line 773]
Event: 15.780 Thread 0x0000023692dea800 Exception <a 'java/lang/NoSuchMethodError'{0x000000008bd6f980}: 'java.lang.Object java.lang.invoke.DirectMethodHandle$Holder.invokeSpecialIFC(java.lang.Object, java.lang.Object, java.lang.Object)'> (0x000000008bd6f980) thrown at [./src/hotspot/share/interpreter/linkResolver.cpp, line 773]
Event: 15.780 Thread 0x00000236906cc000 Exception <a 'java/lang/NoSuchMethodError'{0x000000008bda2d88}: 'java.lang.Object java.lang.invoke.DirectMethodHandle$Holder.invokeSpecialIFC(java.lang.Object, java.lang.Object, java.lang.Object)'> (0x000000008bda2d88) thrown at [./src/hotspot/share/interpreter/linkResolver.cpp, line 773]
Event: 15.780 Thread 0x00000236952fe000 Exception <a 'java/lang/NoSuchMethodError'{0x000000008bde1a30}: 'java.lang.Object java.lang.invoke.DirectMethodHandle$Holder.invokeSpecialIFC(java.lang.Object, java.lang.Object, java.lang.Object)'> (0x000000008bde1a30) thrown at [./src/hotspot/share/interpreter/linkResolver.cpp, line 773]
Event: 15.780 Thread 0x00000236906cd000 Exception <a 'java/lang/NoSuchMethodError'{0x000000008bdf1858}: 'java.lang.Object java.lang.invoke.DirectMethodHandle$Holder.invokeSpecialIFC(java.lang.Object, java.lang.Object, java.lang.Object)'> (0x000000008bdf1858) thrown at [./src/hotspot/share/interpreter/linkResolver.cpp, line 773]
Event: 15.781 Thread 0x00000236929f0800 Exception <a 'java/lang/NoSuchMethodError'{0x000000008bdd1ed8}: 'java.lang.Object java.lang.invoke.DirectMethodHandle$Holder.invokeSpecialIFC(java.lang.Object, java.lang.Object, java.lang.Object)'> (0x000000008bdd1ed8) thrown at [./src/hotspot/share/interpreter/linkResolver.cpp, line 773]
Event: 15.782 Thread 0x000002368fc38000 Exception <a 'java/lang/NoSuchMethodError'{0x000000008bdb4c20}: 'java.lang.Object java.lang.invoke.DirectMethodHandle$Holder.invokeSpecialIFC(java.lang.Object, java.lang.Object, java.lang.Object)'> (0x000000008bdb4c20) thrown at [./src/hotspot/share/interpreter/linkResolver.cpp, line 773]
Event: 15.782 Thread 0x000002368fc37800 Exception <a 'java/lang/NoSuchMethodError'{0x000000008bd95ba8}: 'java.lang.Object java.lang.invoke.DirectMethodHandle$Holder.invokeSpecialIFC(java.lang.Object, java.lang.Object, java.lang.Object)'> (0x000000008bd95ba8) thrown at [./src/hotspot/share/interpreter/linkResolver.cpp, line 773]
Event: 16.656 Thread 0x0000023692dea800 Exception <a 'java/lang/NoSuchMethodError'{0x00000000890e0680}: 'void java.lang.invoke.DirectMethodHandle$Holder.invokeInterface(java.lang.Object, java.lang.Object, java.lang.Object, java.lang.Object)'> (0x00000000890e0680) thrown at [./src/hotspot/share/interpreter/linkResolver.cpp, line 773]
Event: 16.697 Thread 0x0000023692dea800 Exception <a 'java/lang/NoSuchMethodError'{0x0000000088fc4380}: 'void java.lang.invoke.DirectMethodHandle$Holder.invokeVirtual(java.lang.Object, java.lang.Object)'> (0x0000000088fc4380) thrown at [./src/hotspot/share/interpreter/linkResolver.cpp, line 773]

Events (20 events):
Event: 18.965 loading class com/google/common/collect/LinkedListMultimap$1ValuesImpl
Event: 18.965 loading class com/google/common/collect/LinkedListMultimap$1ValuesImpl done
Event: 18.966 loading class com/google/common/collect/LinkedListMultimap$NodeIterator
Event: 18.966 loading class com/google/common/collect/LinkedListMultimap$NodeIterator done
Event: 18.968 loading class com/google/common/collect/LinkedListMultimap$1ValuesImpl$1
Event: 18.968 loading class com/google/common/collect/LinkedListMultimap$1ValuesImpl$1 done
Event: 18.970 loading class com/google/common/collect/TransformedListIterator
Event: 18.970 loading class com/google/common/collect/TransformedListIterator done
Event: 18.986 loading class com/google/common/collect/StandardTable$RowMap
Event: 18.986 loading class com/google/common/collect/StandardTable$RowMap done
Event: 18.987 loading class com/android/utils/Pair
Event: 18.987 loading class com/android/utils/Pair done
Event: 18.987 loading class com/google/common/collect/StandardTable$Row
Event: 18.987 loading class com/google/common/collect/StandardTable$Row done
Event: 18.988 loading class com/google/common/collect/Maps$IteratorBasedAbstractMap
Event: 18.988 loading class com/google/common/collect/Maps$IteratorBasedAbstractMap done
Event: 19.006 loading class com/android/ide/common/resources/CompileResourceRequest
Event: 19.006 loading class com/android/ide/common/resources/CompileResourceRequest done
Event: 19.011 loading class com/android/ide/common/resources/CompileResourceRequest$sourcePath$2
Event: 19.011 loading class com/android/ide/common/resources/CompileResourceRequest$sourcePath$2 done


Dynamic libraries:
0x00007ff78c320000 - 0x00007ff78c32a000 	C:\Program Files\Android\Android Studio\jre\bin\java.exe
0x00007ffd9d640000 - 0x00007ffd9d849000 	C:\WINDOWS\SYSTEM32\ntdll.dll
0x00007ffd9bea0000 - 0x00007ffd9bf5e000 	C:\WINDOWS\System32\KERNEL32.DLL
0x00007ffd9ad80000 - 0x00007ffd9b0fb000 	C:\WINDOWS\System32\KERNELBASE.dll
0x00007ffd9b2e0000 - 0x00007ffd9b3f1000 	C:\WINDOWS\System32\ucrtbase.dll
0x00007ffd95790000 - 0x00007ffd957a7000 	C:\Program Files\Android\Android Studio\jre\bin\VCRUNTIME140.dll
0x00007ffd92790000 - 0x00007ffd927a9000 	C:\Program Files\Android\Android Studio\jre\bin\jli.dll
0x00007ffd9bbe0000 - 0x00007ffd9bd8d000 	C:\WINDOWS\System32\USER32.dll
0x00007ffd871e0000 - 0x00007ffd87485000 	C:\WINDOWS\WinSxS\amd64_microsoft.windows.common-controls_6595b64144ccf1df_6.0.22000.120_none_9d947278b86cc467\COMCTL32.dll
0x00007ffd9d1e0000 - 0x00007ffd9d283000 	C:\WINDOWS\System32\msvcrt.dll
0x00007ffd9ab10000 - 0x00007ffd9ab36000 	C:\WINDOWS\System32\win32u.dll
0x00007ffd9be70000 - 0x00007ffd9be99000 	C:\WINDOWS\System32\GDI32.dll
0x00007ffd9ac60000 - 0x00007ffd9ad78000 	C:\WINDOWS\System32\gdi32full.dll
0x00007ffd9abc0000 - 0x00007ffd9ac5d000 	C:\WINDOWS\System32\msvcp_win.dll
0x00007ffd9bb00000 - 0x00007ffd9bb32000 	C:\WINDOWS\System32\IMM32.DLL
0x00007ffd91220000 - 0x00007ffd912bd000 	C:\Program Files\Android\Android Studio\jre\bin\msvcp140.dll
0x00007ffd40c60000 - 0x00007ffd41762000 	C:\Program Files\Android\Android Studio\jre\bin\server\jvm.dll
0x00007ffd9c7f0000 - 0x00007ffd9c89e000 	C:\WINDOWS\System32\ADVAPI32.dll
0x00007ffd9d450000 - 0x00007ffd9d4ee000 	C:\WINDOWS\System32\sechost.dll
0x00007ffd9b680000 - 0x00007ffd9b7a0000 	C:\WINDOWS\System32\RPCRT4.dll
0x00007ffd9c8a0000 - 0x00007ffd9c8a8000 	C:\WINDOWS\System32\PSAPI.DLL
0x00007ffd850b0000 - 0x00007ffd850b9000 	C:\WINDOWS\SYSTEM32\WSOCK32.dll
0x00007ffd8a630000 - 0x00007ffd8a663000 	C:\WINDOWS\SYSTEM32\WINMM.dll
0x00007ffd895c0000 - 0x00007ffd895ca000 	C:\WINDOWS\SYSTEM32\VERSION.dll
0x00007ffd9c720000 - 0x00007ffd9c78f000 	C:\WINDOWS\System32\WS2_32.dll
0x00007ffd99b50000 - 0x00007ffd99b68000 	C:\WINDOWS\SYSTEM32\kernel.appcore.dll
0x00007ffd96e90000 - 0x00007ffd96ea1000 	C:\Program Files\Android\Android Studio\jre\bin\verify.dll
0x00007ffd985c0000 - 0x00007ffd987e1000 	C:\WINDOWS\SYSTEM32\DBGHELP.DLL
0x00007ffd96340000 - 0x00007ffd96371000 	C:\WINDOWS\SYSTEM32\dbgcore.DLL
0x00007ffd9ab40000 - 0x00007ffd9abbf000 	C:\WINDOWS\System32\bcryptPrimitives.dll
0x00007ffd92330000 - 0x00007ffd92359000 	C:\Program Files\Android\Android Studio\jre\bin\java.dll
0x00007ffd96e70000 - 0x00007ffd96e7b000 	C:\Program Files\Android\Android Studio\jre\bin\jimage.dll
0x00007ffd958a0000 - 0x00007ffd958b8000 	C:\Program Files\Android\Android Studio\jre\bin\zip.dll
0x00007ffd9bf60000 - 0x00007ffd9c717000 	C:\WINDOWS\System32\SHELL32.dll
0x00007ffd98bc0000 - 0x00007ffd99425000 	C:\WINDOWS\SYSTEM32\windows.storage.dll
0x00007ffd9c970000 - 0x00007ffd9cce8000 	C:\WINDOWS\System32\combase.dll
0x00007ffd98a50000 - 0x00007ffd98bb6000 	C:\WINDOWS\SYSTEM32\wintypes.dll
0x00007ffd9ba10000 - 0x00007ffd9bafa000 	C:\WINDOWS\System32\SHCORE.dll
0x00007ffd9b920000 - 0x00007ffd9b97d000 	C:\WINDOWS\System32\shlwapi.dll
0x00007ffd9aa40000 - 0x00007ffd9aa61000 	C:\WINDOWS\SYSTEM32\profapi.dll
0x00007ffd92250000 - 0x00007ffd9226a000 	C:\Program Files\Android\Android Studio\jre\bin\net.dll
0x00007ffd8ae80000 - 0x00007ffd8af94000 	C:\WINDOWS\SYSTEM32\WINHTTP.dll
0x00007ffd99ff0000 - 0x00007ffd9a057000 	C:\WINDOWS\system32\mswsock.dll
0x00007ffd92230000 - 0x00007ffd92244000 	C:\Program Files\Android\Android Studio\jre\bin\nio.dll
0x00007ffd91140000 - 0x00007ffd91167000 	C:\Users\Padma\.gradle\native\e1d6ef7f7dcc3fd88c89a11ec53ec762bb8ba0a96d01ffa2cd45eb1d1d8dd5c5\windows-amd64\native-platform.dll
0x00007ffd80910000 - 0x00007ffd80a54000 	C:\Users\Padma\.gradle\native\0d407fdbe67a94daf76414ababcb853783967236a71b16ec16e742cd7a986fd3\windows-amd64\native-platform-file-events.dll
0x00007ffd96580000 - 0x00007ffd9658a000 	C:\Program Files\Android\Android Studio\jre\bin\management.dll
0x00007ffd92690000 - 0x00007ffd9269d000 	C:\Program Files\Android\Android Studio\jre\bin\management_ext.dll
0x00007ffd9a270000 - 0x00007ffd9a288000 	C:\WINDOWS\SYSTEM32\CRYPTSP.dll
0x00007ffd99ab0000 - 0x00007ffd99ae5000 	C:\WINDOWS\system32\rsaenh.dll
0x00007ffd9a100000 - 0x00007ffd9a129000 	C:\WINDOWS\SYSTEM32\USERENV.dll
0x00007ffd9a400000 - 0x00007ffd9a427000 	C:\WINDOWS\SYSTEM32\bcrypt.dll
0x00007ffd9a290000 - 0x00007ffd9a29c000 	C:\WINDOWS\SYSTEM32\CRYPTBASE.dll
0x00007ffd99680000 - 0x00007ffd996ad000 	C:\WINDOWS\SYSTEM32\IPHLPAPI.DLL
0x00007ffd9bb40000 - 0x00007ffd9bb49000 	C:\WINDOWS\System32\NSI.dll
0x00007ffd8ad70000 - 0x00007ffd8ad89000 	C:\WINDOWS\SYSTEM32\dhcpcsvc6.DLL
0x00007ffd946f0000 - 0x00007ffd9470e000 	C:\WINDOWS\SYSTEM32\dhcpcsvc.DLL
0x00007ffd996b0000 - 0x00007ffd99798000 	C:\WINDOWS\SYSTEM32\DNSAPI.dll

dbghelp: loaded successfully - version: 4.0.5 - missing functions: none
symbol engine: initialized successfully - sym options: 0x614 - pdb path: .;C:\Program Files\Android\Android Studio\jre\bin;C:\WINDOWS\SYSTEM32;C:\WINDOWS\WinSxS\amd64_microsoft.windows.common-controls_6595b64144ccf1df_6.0.22000.120_none_9d947278b86cc467;C:\Program Files\Android\Android Studio\jre\bin\server;C:\Users\Padma\.gradle\native\e1d6ef7f7dcc3fd88c89a11ec53ec762bb8ba0a96d01ffa2cd45eb1d1d8dd5c5\windows-amd64;C:\Users\Padma\.gradle\native\0d407fdbe67a94daf76414ababcb853783967236a71b16ec16e742cd7a986fd3\windows-amd64

VM Arguments:
jvm_args: --add-opens=java.base/java.util=ALL-UNNAMED --add-opens=java.base/java.lang=ALL-UNNAMED --add-opens=java.base/java.lang.invoke=ALL-UNNAMED --add-opens=java.base/java.util=ALL-UNNAMED --add-opens=java.prefs/java.util.prefs=ALL-UNNAMED --add-opens=java.prefs/java.util.prefs=ALL-UNNAMED --add-opens=java.base/java.nio.charset=ALL-UNNAMED --add-opens=java.base/java.net=ALL-UNNAMED --add-opens=java.base/java.util.concurrent.atomic=ALL-UNNAMED -Xmx2048m -Dfile.encoding=UTF-8 -Duser.country=CA -Duser.language=en -Duser.variant 
java_command: org.gradle.launcher.daemon.bootstrap.GradleDaemon 7.4
java_class_path (initial): C:\Users\Padma\.gradle\wrapper\dists\gradle-7.4-bin\c0gwcg53nkjbqw7r0h0umtfvt\gradle-7.4\lib\gradle-launcher-7.4.jar
Launcher Type: SUN_STANDARD

[Global flags]
     intx CICompilerCount                          = 4                                         {product} {ergonomic}
     uint ConcGCThreads                            = 2                                         {product} {ergonomic}
     uint G1ConcRefinementThreads                  = 8                                         {product} {ergonomic}
   size_t G1HeapRegionSize                         = 1048576                                   {product} {ergonomic}
    uintx GCDrainStackTargetSize                   = 64                                        {product} {ergonomic}
   size_t InitialHeapSize                          = 201326592                                 {product} {ergonomic}
   size_t MarkStackSize                            = 4194304                                   {product} {ergonomic}
   size_t MaxHeapSize                              = 2147483648                                {product} {command line}
   size_t MaxNewSize                               = 1287651328                                {product} {ergonomic}
   size_t MinHeapDeltaBytes                        = 1048576                                   {product} {ergonomic}
    uintx NonNMethodCodeHeapSize                   = 5836300                                {pd product} {ergonomic}
    uintx NonProfiledCodeHeapSize                  = 122910970                              {pd product} {ergonomic}
    uintx ProfiledCodeHeapSize                     = 122910970                              {pd product} {ergonomic}
    uintx ReservedCodeCacheSize                    = 251658240                              {pd product} {ergonomic}
     bool SegmentedCodeCache                       = true                                      {product} {ergonomic}
     bool UseCompressedClassPointers               = true                                 {lp64_product} {ergonomic}
     bool UseCompressedOops                        = true                                 {lp64_product} {ergonomic}
     bool UseG1GC                                  = true                                      {product} {ergonomic}
     bool UseLargePagesIndividualAllocation        = false                                  {pd product} {ergonomic}

Logging:
Log output configuration:
 #0: stdout all=warning uptime,level,tags
 #1: stderr all=off uptime,level,tags

Environment Variables:
JAVA_HOME=C:\Program Files\Amazon Corretto\jdk11.0.15_9
PATH=C:\Program Files\Common Files\Oracle\Java\javapath;E:\app\Padma\product\12.1.0\dbhome_1\bin;C:\Program Files (x86)\VMware\VMware Workstation\bin\;C:\Program Files\Amazon Corretto\jdk11.0.15_9\bin;C:\Program Files (x86)\Python38-32\Scripts\;C:\Program Files (x86)\Python38-32\;C:\WINDOWS\system32;C:\WINDOWS;C:\WINDOWS\System32\Wbem;C:\WINDOWS\System32\WindowsPowerShell\v1.0\;C:\WINDOWS\System32\OpenSSH\;C:\Program Files\Intel\WiFi\bin\;C:\Program Files\Common Files\Intel\WirelessCommon\;C:\Program Files (x86)\Intel\Intel(R) Management Engine Components\DAL;C:\Program Files\Intel\Intel(R) Management Engine Components\DAL;C:\Program Files\dotnet\;C:\Program Files\Microsoft SQL Server\Client SDK\ODBC\170\Tools\Binn\;C:\Program Files (x86)\Microsoft SQL Server\150\Tools\Binn\;C:\Program Files\Microsoft SQL Server\150\Tools\Binn\;C:\Program Files\Microsoft SQL Server\150\DTS\Binn\;C:\Program Files\Azure Data Studio\bin;C:\Program Files (x86)\Microsoft SQL Server\150\DTS\Binn\;C:\Program Files\Git\cmd;C:\Program Files\MySQL\MySQL Shell 8.0\bin\;C:\Users\Padma\AppData\Local\Microsoft\WindowsApps;C:\Users\Padma\AppData\Local\Programs\Microsoft VS Code\bin;C:\Program Files\Azure Data Studio\bin;
USERNAME=Padma
OS=Windows_NT
PROCESSOR_IDENTIFIER=Intel64 Family 6 Model 142 Stepping 10, GenuineIntel



---------------  S Y S T E M  ---------------

OS: Windows 11 , 64 bit Build 22000 (10.0.22000.1335)
OS uptime: 0 days 23:32 hours
Hyper-V role detected

CPU:total 8 (initial active 8) (4 cores per cpu, 2 threads per core) family 6 model 142 stepping 10 microcode 0xf0, cmov, cx8, fxsr, mmx, sse, sse2, sse3, ssse3, sse4.1, sse4.2, popcnt, avx, avx2, aes, clmul, erms, 3dnowpref, lzcnt, ht, tsc, tscinvbit, bmi1, bmi2, adx, fma

Memory: 4k page, system-wide physical 12185M (2235M free)
TotalPageFile size 16283M (AvailPageFile size 5M)
current process WorkingSet (physical memory assigned to process): 442M, peak: 442M
current process commit charge ("private bytes"): 493M, peak: 494M

vm_info: OpenJDK 64-Bit Server VM (11.0.13+0-b1751.21-8125866) for windows-amd64 JRE (11.0.13+0-b1751.21-8125866), built on Feb  2 2022 03:00:22 by "builder" with MS VC++ 14.0 (VS2015)

END.
