#
# There is insufficient memory for the Java Runtime Environment to continue.
# Native memory allocation (malloc) failed to allocate 1021296 bytes for Chunk::new
# Possible reasons:
#   The system is out of physical RAM or swap space
#   The process is running with CompressedOops enabled, and the Java Heap may be blocking the growth of the native heap
# Possible solutions:
#   Reduce memory load on the system
#   Increase physical memory or swap space
#   Check if swap backing store is full
#   Decrease Java heap size (-Xmx/-Xms)
#   Decrease number of Java threads
#   Decrease Java thread stack sizes (-Xss)
#   Set larger code cache with -XX:ReservedCodeCacheSize=
#   JVM is running with Unscaled Compressed Oops mode in which the Java heap is
#     placed in the first 4GB address space. The Java Heap base address is the
#     maximum limit for the native heap growth. Please use -XX:HeapBaseMinAddress
#     to set the Java Heap base and to place the Java Heap above 4GB virtual address.
# This output file may be truncated or incomplete.
#
#  Out of Memory Error (./src/hotspot/share/memory/arena.cpp:197), pid=4368, tid=17200
#
# JRE version: OpenJDK Runtime Environment (11.0.13) (build 11.0.13+0-b1751.21-8125866)
# Java VM: OpenJDK 64-Bit Server VM (11.0.13+0-b1751.21-8125866, mixed mode, tiered, compressed oops, g1 gc, windows-amd64)
# No core dump will be written. Minidumps are not enabled by default on client versions of Windows
#

---------------  S U M M A R Y ------------

Command Line: --add-opens=java.base/java.util=ALL-UNNAMED --add-opens=java.base/java.lang=ALL-UNNAMED --add-opens=java.base/java.lang.invoke=ALL-UNNAMED --add-opens=java.base/java.util=ALL-UNNAMED --add-opens=java.prefs/java.util.prefs=ALL-UNNAMED --add-opens=java.prefs/java.util.prefs=ALL-UNNAMED --add-opens=java.base/java.nio.charset=ALL-UNNAMED --add-opens=java.base/java.net=ALL-UNNAMED --add-opens=java.base/java.util.concurrent.atomic=ALL-UNNAMED -Xmx2048m -Dfile.encoding=UTF-8 -Duser.country=CA -Duser.language=en -Duser.variant org.gradle.launcher.daemon.bootstrap.GradleDaemon 7.4

Host: Intel(R) Core(TM) i7-8550U CPU @ 1.80GHz, 8 cores, 11G,  Windows 11 , 64 bit Build 22000 (10.0.22000.1335)
Time: Sun Jan 22 22:47:09 2023 Eastern Standard Time elapsed time: 7.231442 seconds (0d 0h 0m 7s)

---------------  T H R E A D  ---------------

Current thread (0x0000025f24b4a000):  JavaThread "C2 CompilerThread1" daemon [_thread_in_native, id=17200, stack(0x0000009cff100000,0x0000009cff200000)]


Current CompileTask:
C2:   7231 4592       4       java.lang.invoke.MethodType::makeImpl (108 bytes)

Stack: [0x0000009cff100000,0x0000009cff200000]
Native frames: (J=compiled Java code, j=interpreted, Vv=VM code, C=native code)
V  [jvm.dll+0x6100fa]
V  [jvm.dll+0x747090]
V  [jvm.dll+0x7486ad]
V  [jvm.dll+0x748d83]
V  [jvm.dll+0x24ab48]
V  [jvm.dll+0xc04dc]
V  [jvm.dll+0xc0a0c]
V  [jvm.dll+0x35eb9d]
V  [jvm.dll+0x32b833]
V  [jvm.dll+0x32ad2a]
V  [jvm.dll+0x2032b2]
V  [jvm.dll+0x202437]
V  [jvm.dll+0x188e01]
V  [jvm.dll+0x21106b]
V  [jvm.dll+0x20f8c1]
V  [jvm.dll+0x70de0f]
V  [jvm.dll+0x706a75]
V  [jvm.dll+0x60ed66]
C  [ucrtbase.dll+0x26c0c]
C  [KERNEL32.DLL+0x155a0]
C  [ntdll.dll+0x485b]


---------------  P R O C E S S  ---------------

Threads class SMR info:
_java_thread_list=0x0000025f2974bcd0, length=118, elements={
0x0000025f07b13800, 0x0000025f22813800, 0x0000025f22814000, 0x0000025f22872800,
0x0000025f22875800, 0x0000025f22876800, 0x0000025f22877800, 0x0000025f22878800,
0x0000025f2287f000, 0x0000025f229f0800, 0x0000025f24a01800, 0x0000025f22af0000,
0x0000025f244a8800, 0x0000025f2447d000, 0x0000025f24302800, 0x0000025f2613d800,
0x0000025f24f0c000, 0x0000025f23d67800, 0x0000025f24319000, 0x0000025f2435e000,
0x0000025f24ea7000, 0x0000025f24ea2000, 0x0000025f24ea1800, 0x0000025f24b4a000,
0x0000025f24ea6000, 0x0000025f24ea3000, 0x0000025f24ea5800, 0x0000025f24ea8000,
0x0000025f24ea3800, 0x0000025f24ea4800, 0x0000025f26d79800, 0x0000025f24e10000,
0x0000025f24e0c000, 0x0000025f24e0c800, 0x0000025f24e13000, 0x0000025f24e0d800,
0x0000025f24e0e800, 0x0000025f24e15800, 0x0000025f24e14000, 0x0000025f24e16800,
0x0000025f24e17800, 0x0000025f24e15000, 0x0000025f24e11800, 0x0000025f24e19000,
0x0000025f24e18000, 0x0000025f26c5e800, 0x0000025f26c5d800, 0x0000025f26c60000,
0x0000025f26c61000, 0x0000025f26c5f800, 0x0000025f26c5c000, 0x0000025f26c5d000,
0x0000025f26c5b000, 0x0000025f26c66800, 0x0000025f26c62800, 0x0000025f26c65000,
0x0000025f26c67800, 0x0000025f26c61800, 0x0000025f26c66000, 0x0000025f26c68800,
0x0000025f26c69000, 0x0000025f26c63800, 0x0000025f26c6a000, 0x0000025f26c64000,
0x0000025f25452000, 0x0000025f25456000, 0x0000025f25454800, 0x0000025f25457000,
0x0000025f25455000, 0x0000025f25452800, 0x0000025f25451000, 0x0000025f25453800,
0x0000025f2545a000, 0x0000025f25457800, 0x0000025f2545b800, 0x0000025f2545c800,
0x0000025f25459800, 0x0000025f2545e000, 0x0000025f2545b000, 0x0000025f2545d800,
0x0000025f25458800, 0x0000025f2545f000, 0x0000025f25460000, 0x0000025f27488000,
0x0000025f27484800, 0x0000025f27483800, 0x0000025f27488800, 0x0000025f27483000,
0x0000025f27489800, 0x0000025f2748a800, 0x0000025f2748b000, 0x0000025f27485800,
0x0000025f2748c000, 0x0000025f27486000, 0x0000025f2748c800, 0x0000025f27487000,
0x0000025f2748d800, 0x0000025f2748e800, 0x0000025f2748f000, 0x0000025f27491800,
0x0000025f27490000, 0x0000025f27491000, 0x0000025f26fd5000, 0x0000025f26fd2000,
0x0000025f26fd6000, 0x0000025f26fd0800, 0x0000025f26fd7000, 0x0000025f26fd1000,
0x0000025f26fd4800, 0x0000025f26fd7800, 0x0000025f26fd3800, 0x0000025f26fd8800,
0x0000025f26fd2800, 0x0000025f26fdf000, 0x0000025f26fd9800, 0x0000025f26fdb000,
0x0000025f26fdb800, 0x0000025f26fde000
}

Java Threads: ( => current thread )
  0x0000025f07b13800 JavaThread "main" [_thread_blocked, id=20100, stack(0x0000009cfcb00000,0x0000009cfcc00000)]
  0x0000025f22813800 JavaThread "Reference Handler" daemon [_thread_blocked, id=8136, stack(0x0000009cfd200000,0x0000009cfd300000)]
  0x0000025f22814000 JavaThread "Finalizer" daemon [_thread_blocked, id=12412, stack(0x0000009cfd300000,0x0000009cfd400000)]
  0x0000025f22872800 JavaThread "Signal Dispatcher" daemon [_thread_blocked, id=14004, stack(0x0000009cfd400000,0x0000009cfd500000)]
  0x0000025f22875800 JavaThread "Attach Listener" daemon [_thread_blocked, id=18536, stack(0x0000009cfd500000,0x0000009cfd600000)]
  0x0000025f22876800 JavaThread "Service Thread" daemon [_thread_blocked, id=17248, stack(0x0000009cfd600000,0x0000009cfd700000)]
  0x0000025f22877800 JavaThread "C2 CompilerThread0" daemon [_thread_in_native, id=11132, stack(0x0000009cfd700000,0x0000009cfd800000)]
  0x0000025f22878800 JavaThread "C1 CompilerThread0" daemon [_thread_in_native, id=20172, stack(0x0000009cfd800000,0x0000009cfd900000)]
  0x0000025f2287f000 JavaThread "Sweeper thread" daemon [_thread_blocked, id=19432, stack(0x0000009cfd900000,0x0000009cfda00000)]
  0x0000025f229f0800 JavaThread "Common-Cleaner" daemon [_thread_blocked, id=1408, stack(0x0000009cfda00000,0x0000009cfdb00000)]
  0x0000025f24a01800 JavaThread "Daemon health stats" [_thread_blocked, id=20932, stack(0x0000009cfe100000,0x0000009cfe200000)]
  0x0000025f22af0000 JavaThread "Incoming local TCP Connector on port 51585" [_thread_in_native, id=13180, stack(0x0000009cfdc00000,0x0000009cfdd00000)]
  0x0000025f244a8800 JavaThread "Daemon periodic checks" [_thread_blocked, id=9388, stack(0x0000009cfdd00000,0x0000009cfde00000)]
  0x0000025f2447d000 JavaThread "Daemon" [_thread_blocked, id=8532, stack(0x0000009cfe200000,0x0000009cfe300000)]
  0x0000025f24302800 JavaThread "Handler for socket connection from /127.0.0.1:51585 to /127.0.0.1:51586" [_thread_in_native, id=19348, stack(0x0000009cfe300000,0x0000009cfe400000)]
  0x0000025f2613d800 JavaThread "Cancel handler" [_thread_blocked, id=15796, stack(0x0000009cfe400000,0x0000009cfe500000)]
  0x0000025f24f0c000 JavaThread "Daemon worker" [_thread_blocked, id=19016, stack(0x0000009cfe500000,0x0000009cfe600000)]
  0x0000025f23d67800 JavaThread "Asynchronous log dispatcher for DefaultDaemonConnection: socket connection from /127.0.0.1:51585 to /127.0.0.1:51586" [_thread_blocked, id=14216, stack(0x0000009cfe600000,0x0000009cfe700000)]
  0x0000025f24319000 JavaThread "Stdin handler" [_thread_blocked, id=19044, stack(0x0000009cfe700000,0x0000009cfe800000)]
  0x0000025f2435e000 JavaThread "Daemon client event forwarder" [_thread_blocked, id=2520, stack(0x0000009cfe800000,0x0000009cfe900000)]
  0x0000025f24ea7000 JavaThread "Cache worker for journal cache (C:\Users\Padma\.gradle\caches\journal-1)" [_thread_blocked, id=15624, stack(0x0000009cfe900000,0x0000009cfea00000)]
  0x0000025f24ea2000 JavaThread "File lock request listener" [_thread_in_native, id=11736, stack(0x0000009cfea00000,0x0000009cfeb00000)]
  0x0000025f24ea1800 JavaThread "Cache worker for file hash cache (C:\Users\Padma\.gradle\caches\7.4\fileHashes)" [_thread_blocked, id=21068, stack(0x0000009cfeb00000,0x0000009cfec00000)]
=>0x0000025f24b4a000 JavaThread "C2 CompilerThread1" daemon [_thread_in_native, id=17200, stack(0x0000009cff100000,0x0000009cff200000)]
  0x0000025f24ea6000 JavaThread "File watcher server" daemon [_thread_in_native, id=12068, stack(0x0000009cff200000,0x0000009cff300000)]
  0x0000025f24ea3000 JavaThread "File watcher consumer" daemon [_thread_blocked, id=13200, stack(0x0000009cff300000,0x0000009cff400000)]
  0x0000025f24ea5800 JavaThread "Cache worker for checksums cache (C:\Users\Padma\AndroidStudioProjects\PadmasAndroidLabs\.gradle\7.4\checksums)" [_thread_blocked, id=20696, stack(0x0000009cff400000,0x0000009cff500000)]
  0x0000025f24ea8000 JavaThread "Cache worker for cache directory md-rule (C:\Users\Padma\.gradle\caches\7.4\md-rule)" [_thread_blocked, id=19864, stack(0x0000009cff500000,0x0000009cff600000)]
  0x0000025f24ea3800 JavaThread "Cache worker for file hash cache (C:\Users\Padma\AndroidStudioProjects\PadmasAndroidLabs\.gradle\7.4\fileHashes)" [_thread_blocked, id=14728, stack(0x0000009cff600000,0x0000009cff700000)]
  0x0000025f24ea4800 JavaThread "Cache worker for cache directory md-supplier (C:\Users\Padma\.gradle\caches\7.4\md-supplier)" [_thread_blocked, id=20288, stack(0x0000009cff700000,0x0000009cff800000)]
  0x0000025f26d79800 JavaThread "C2 CompilerThread2" daemon [_thread_in_native, id=21064, stack(0x0000009cff800000,0x0000009cff900000)]
  0x0000025f24e10000 JavaThread "Cache worker for execution history cache (C:\Users\Padma\.gradle\caches\7.4\executionHistory)" [_thread_blocked, id=16164, stack(0x0000009cff900000,0x0000009cffa00000)]
  0x0000025f24e0c000 JavaThread "jar transforms" [_thread_blocked, id=19576, stack(0x0000009cffa00000,0x0000009cffb00000)]
  0x0000025f24e0c800 JavaThread "Cache worker for file content cache (C:\Users\Padma\.gradle\caches\7.4\fileContent)" [_thread_blocked, id=9044, stack(0x0000009cffb00000,0x0000009cffc00000)]
  0x0000025f24e13000 JavaThread "jar transforms Thread 2" [_thread_blocked, id=18124, stack(0x0000009cffc00000,0x0000009cffd00000)]
  0x0000025f24e0d800 JavaThread "Cache worker for dependencies-accessors (C:\Users\Padma\AndroidStudioProjects\PadmasAndroidLabs\.gradle\7.4\dependencies-accessors)" [_thread_blocked, id=17068, stack(0x0000009cffd00000,0x0000009cffe00000)]
  0x0000025f24e0e800 JavaThread "jar transforms Thread 3" [_thread_blocked, id=12028, stack(0x0000009cffe00000,0x0000009cfff00000)]
  0x0000025f24e15800 JavaThread "Cache worker for Build Output Cleanup Cache (C:\Users\Padma\AndroidStudioProjects\PadmasAndroidLabs\.gradle\buildOutputCleanup)" [_thread_blocked, id=4620, stack(0x0000009cfff00000,0x0000009d00000000)]
  0x0000025f24e14000 JavaThread "Unconstrained build operations" [_thread_blocked, id=4744, stack(0x0000009c80000000,0x0000009c80100000)]
  0x0000025f24e16800 JavaThread "Unconstrained build operations Thread 2" [_thread_blocked, id=3284, stack(0x0000009c80100000,0x0000009c80200000)]
  0x0000025f24e17800 JavaThread "Unconstrained build operations Thread 3" [_thread_blocked, id=21472, stack(0x0000009c80200000,0x0000009c80300000)]
  0x0000025f24e15000 JavaThread "Unconstrained build operations Thread 4" [_thread_blocked, id=1776, stack(0x0000009c80300000,0x0000009c80400000)]
  0x0000025f24e11800 JavaThread "Unconstrained build operations Thread 5" [_thread_blocked, id=16568, stack(0x0000009c80400000,0x0000009c80500000)]
  0x0000025f24e19000 JavaThread "Unconstrained build operations Thread 6" [_thread_blocked, id=16480, stack(0x0000009c80500000,0x0000009c80600000)]
  0x0000025f24e18000 JavaThread "Unconstrained build operations Thread 7" [_thread_blocked, id=13776, stack(0x0000009c80600000,0x0000009c80700000)]
  0x0000025f26c5e800 JavaThread "Unconstrained build operations Thread 8" [_thread_blocked, id=14124, stack(0x0000009c80700000,0x0000009c80800000)]
  0x0000025f26c5d800 JavaThread "Unconstrained build operations Thread 9" [_thread_blocked, id=9696, stack(0x0000009c80800000,0x0000009c80900000)]
  0x0000025f26c60000 JavaThread "Unconstrained build operations Thread 10" [_thread_blocked, id=2268, stack(0x0000009c80900000,0x0000009c80a00000)]
  0x0000025f26c61000 JavaThread "Unconstrained build operations Thread 11" [_thread_blocked, id=19136, stack(0x0000009c80a00000,0x0000009c80b00000)]
  0x0000025f26c5f800 JavaThread "Unconstrained build operations Thread 12" [_thread_blocked, id=6764, stack(0x0000009c80b00000,0x0000009c80c00000)]
  0x0000025f26c5c000 JavaThread "Unconstrained build operations Thread 13" [_thread_blocked, id=19588, stack(0x0000009c80c00000,0x0000009c80d00000)]
  0x0000025f26c5d000 JavaThread "Unconstrained build operations Thread 14" [_thread_blocked, id=16672, stack(0x0000009c80d00000,0x0000009c80e00000)]
  0x0000025f26c5b000 JavaThread "Unconstrained build operations Thread 15" [_thread_blocked, id=7916, stack(0x0000009c80e00000,0x0000009c80f00000)]
  0x0000025f26c66800 JavaThread "Unconstrained build operations Thread 16" [_thread_blocked, id=12788, stack(0x0000009c80f00000,0x0000009c81000000)]
  0x0000025f26c62800 JavaThread "Unconstrained build operations Thread 17" [_thread_blocked, id=21252, stack(0x0000009c81000000,0x0000009c81100000)]
  0x0000025f26c65000 JavaThread "Unconstrained build operations Thread 18" [_thread_blocked, id=15120, stack(0x0000009c81100000,0x0000009c81200000)]
  0x0000025f26c67800 JavaThread "Unconstrained build operations Thread 19" [_thread_blocked, id=11384, stack(0x0000009c81200000,0x0000009c81300000)]
  0x0000025f26c61800 JavaThread "Unconstrained build operations Thread 20" [_thread_blocked, id=17552, stack(0x0000009c81300000,0x0000009c81400000)]
  0x0000025f26c66000 JavaThread "Unconstrained build operations Thread 21" [_thread_blocked, id=536, stack(0x0000009c81400000,0x0000009c81500000)]
  0x0000025f26c68800 JavaThread "Unconstrained build operations Thread 22" [_thread_blocked, id=9036, stack(0x0000009c81500000,0x0000009c81600000)]
  0x0000025f26c69000 JavaThread "Unconstrained build operations Thread 23" [_thread_blocked, id=17660, stack(0x0000009c81600000,0x0000009c81700000)]
  0x0000025f26c63800 JavaThread "Unconstrained build operations Thread 24" [_thread_blocked, id=15816, stack(0x0000009c81700000,0x0000009c81800000)]
  0x0000025f26c6a000 JavaThread "Unconstrained build operations Thread 25" [_thread_blocked, id=15056, stack(0x0000009c81800000,0x0000009c81900000)]
  0x0000025f26c64000 JavaThread "Unconstrained build operations Thread 26" [_thread_blocked, id=12044, stack(0x0000009c81900000,0x0000009c81a00000)]
  0x0000025f25452000 JavaThread "Unconstrained build operations Thread 27" [_thread_blocked, id=13928, stack(0x0000009c81a00000,0x0000009c81b00000)]
  0x0000025f25456000 JavaThread "Unconstrained build operations Thread 28" [_thread_blocked, id=17828, stack(0x0000009c81b00000,0x0000009c81c00000)]
  0x0000025f25454800 JavaThread "Unconstrained build operations Thread 29" [_thread_blocked, id=16276, stack(0x0000009c81c00000,0x0000009c81d00000)]
  0x0000025f25457000 JavaThread "Unconstrained build operations Thread 30" [_thread_blocked, id=19932, stack(0x0000009c81d00000,0x0000009c81e00000)]
  0x0000025f25455000 JavaThread "Unconstrained build operations Thread 31" [_thread_blocked, id=188, stack(0x0000009c81e00000,0x0000009c81f00000)]
  0x0000025f25452800 JavaThread "Unconstrained build operations Thread 32" [_thread_blocked, id=6884, stack(0x0000009c81f00000,0x0000009c82000000)]
  0x0000025f25451000 JavaThread "Unconstrained build operations Thread 33" [_thread_blocked, id=20560, stack(0x0000009c82000000,0x0000009c82100000)]
  0x0000025f25453800 JavaThread "Unconstrained build operations Thread 34" [_thread_blocked, id=3620, stack(0x0000009c82100000,0x0000009c82200000)]
  0x0000025f2545a000 JavaThread "Unconstrained build operations Thread 35" [_thread_blocked, id=2544, stack(0x0000009c82200000,0x0000009c82300000)]
  0x0000025f25457800 JavaThread "Unconstrained build operations Thread 36" [_thread_blocked, id=17156, stack(0x0000009c82300000,0x0000009c82400000)]
  0x0000025f2545b800 JavaThread "Unconstrained build operations Thread 37" [_thread_blocked, id=11924, stack(0x0000009c82400000,0x0000009c82500000)]
  0x0000025f2545c800 JavaThread "Unconstrained build operations Thread 38" [_thread_blocked, id=7584, stack(0x0000009c82500000,0x0000009c82600000)]
  0x0000025f25459800 JavaThread "Unconstrained build operations Thread 39" [_thread_blocked, id=15424, stack(0x0000009c82600000,0x0000009c82700000)]
  0x0000025f2545e000 JavaThread "Unconstrained build operations Thread 40" [_thread_blocked, id=13528, stack(0x0000009c82700000,0x0000009c82800000)]
  0x0000025f2545b000 JavaThread "Unconstrained build operations Thread 41" [_thread_blocked, id=9152, stack(0x0000009c82800000,0x0000009c82900000)]
  0x0000025f2545d800 JavaThread "Unconstrained build operations Thread 42" [_thread_blocked, id=12216, stack(0x0000009c82900000,0x0000009c82a00000)]
  0x0000025f25458800 JavaThread "Unconstrained build operations Thread 43" [_thread_blocked, id=14804, stack(0x0000009c82a00000,0x0000009c82b00000)]
  0x0000025f2545f000 JavaThread "Unconstrained build operations Thread 44" [_thread_blocked, id=5724, stack(0x0000009c82b00000,0x0000009c82c00000)]
  0x0000025f25460000 JavaThread "Unconstrained build operations Thread 45" [_thread_blocked, id=4952, stack(0x0000009c82c00000,0x0000009c82d00000)]
  0x0000025f27488000 JavaThread "Unconstrained build operations Thread 46" [_thread_blocked, id=14784, stack(0x0000009c82d00000,0x0000009c82e00000)]
  0x0000025f27484800 JavaThread "Unconstrained build operations Thread 47" [_thread_blocked, id=13488, stack(0x0000009c82e00000,0x0000009c82f00000)]
  0x0000025f27483800 JavaThread "Unconstrained build operations Thread 48" [_thread_blocked, id=872, stack(0x0000009c82f00000,0x0000009c83000000)]
  0x0000025f27488800 JavaThread "Unconstrained build operations Thread 49" [_thread_blocked, id=3104, stack(0x0000009c83000000,0x0000009c83100000)]
  0x0000025f27483000 JavaThread "Unconstrained build operations Thread 50" [_thread_blocked, id=8356, stack(0x0000009c83100000,0x0000009c83200000)]
  0x0000025f27489800 JavaThread "Unconstrained build operations Thread 51" [_thread_blocked, id=16668, stack(0x0000009c83200000,0x0000009c83300000)]
  0x0000025f2748a800 JavaThread "Unconstrained build operations Thread 52" [_thread_blocked, id=12284, stack(0x0000009c83300000,0x0000009c83400000)]
  0x0000025f2748b000 JavaThread "Unconstrained build operations Thread 53" [_thread_blocked, id=21352, stack(0x0000009c83400000,0x0000009c83500000)]
  0x0000025f27485800 JavaThread "Unconstrained build operations Thread 54" [_thread_blocked, id=1432, stack(0x0000009c83500000,0x0000009c83600000)]
  0x0000025f2748c000 JavaThread "Unconstrained build operations Thread 55" [_thread_blocked, id=17432, stack(0x0000009c83600000,0x0000009c83700000)]
  0x0000025f27486000 JavaThread "Unconstrained build operations Thread 56" [_thread_blocked, id=21112, stack(0x0000009c83700000,0x0000009c83800000)]
  0x0000025f2748c800 JavaThread "Unconstrained build operations Thread 57" [_thread_blocked, id=18888, stack(0x0000009c83800000,0x0000009c83900000)]
  0x0000025f27487000 JavaThread "Unconstrained build operations Thread 58" [_thread_blocked, id=12536, stack(0x0000009c83900000,0x0000009c83a00000)]
  0x0000025f2748d800 JavaThread "Unconstrained build operations Thread 59" [_thread_blocked, id=3304, stack(0x0000009c83a00000,0x0000009c83b00000)]
  0x0000025f2748e800 JavaThread "Unconstrained build operations Thread 60" [_thread_blocked, id=19940, stack(0x0000009c83b00000,0x0000009c83c00000)]
  0x0000025f2748f000 JavaThread "Unconstrained build operations Thread 61" [_thread_blocked, id=12544, stack(0x0000009c83c00000,0x0000009c83d00000)]
  0x0000025f27491800 JavaThread "Unconstrained build operations Thread 62" [_thread_blocked, id=20164, stack(0x0000009c83d00000,0x0000009c83e00000)]
  0x0000025f27490000 JavaThread "Unconstrained build operations Thread 63" [_thread_blocked, id=12240, stack(0x0000009c83e00000,0x0000009c83f00000)]
  0x0000025f27491000 JavaThread "Unconstrained build operations Thread 64" [_thread_blocked, id=20944, stack(0x0000009c83f00000,0x0000009c84000000)]
  0x0000025f26fd5000 JavaThread "Unconstrained build operations Thread 65" [_thread_blocked, id=10160, stack(0x0000009c84000000,0x0000009c84100000)]
  0x0000025f26fd2000 JavaThread "Unconstrained build operations Thread 66" [_thread_blocked, id=13456, stack(0x0000009c84100000,0x0000009c84200000)]
  0x0000025f26fd6000 JavaThread "Unconstrained build operations Thread 67" [_thread_blocked, id=18216, stack(0x0000009c84200000,0x0000009c84300000)]
  0x0000025f26fd0800 JavaThread "Unconstrained build operations Thread 68" [_thread_blocked, id=13380, stack(0x0000009c84300000,0x0000009c84400000)]
  0x0000025f26fd7000 JavaThread "Unconstrained build operations Thread 69" [_thread_blocked, id=1968, stack(0x0000009c84400000,0x0000009c84500000)]
  0x0000025f26fd1000 JavaThread "Unconstrained build operations Thread 70" [_thread_blocked, id=1428, stack(0x0000009c84500000,0x0000009c84600000)]
  0x0000025f26fd4800 JavaThread "Unconstrained build operations Thread 71" [_thread_blocked, id=17032, stack(0x0000009c84600000,0x0000009c84700000)]
  0x0000025f26fd7800 JavaThread "Unconstrained build operations Thread 72" [_thread_blocked, id=1864, stack(0x0000009c84700000,0x0000009c84800000)]
  0x0000025f26fd3800 JavaThread "Unconstrained build operations Thread 73" [_thread_blocked, id=8208, stack(0x0000009c84800000,0x0000009c84900000)]
  0x0000025f26fd8800 JavaThread "Unconstrained build operations Thread 74" [_thread_blocked, id=16036, stack(0x0000009c84900000,0x0000009c84a00000)]
  0x0000025f26fd2800 JavaThread "Unconstrained build operations Thread 75" [_thread_blocked, id=15756, stack(0x0000009c84a00000,0x0000009c84b00000)]
  0x0000025f26fdf000 JavaThread "Unconstrained build operations Thread 76" [_thread_blocked, id=21140, stack(0x0000009c84b00000,0x0000009c84c00000)]
  0x0000025f26fd9800 JavaThread "Unconstrained build operations Thread 77" [_thread_blocked, id=2728, stack(0x0000009c84c00000,0x0000009c84d00000)]
  0x0000025f26fdb000 JavaThread "Unconstrained build operations Thread 78" [_thread_blocked, id=3536, stack(0x0000009c84d00000,0x0000009c84e00000)]
  0x0000025f26fdb800 JavaThread "Unconstrained build operations Thread 79" [_thread_blocked, id=19984, stack(0x0000009c84e00000,0x0000009c84f00000)]
  0x0000025f26fde000 JavaThread "Unconstrained build operations Thread 80" [_thread_blocked, id=14148, stack(0x0000009c84f00000,0x0000009c85000000)]

Other Threads:
  0x0000025f2280f800 VMThread "VM Thread" [stack: 0x0000009cfd100000,0x0000009cfd200000] [id=18208]
  0x0000025f22a30800 WatcherThread [stack: 0x0000009cfdb00000,0x0000009cfdc00000] [id=18828]
  0x0000025f07b2c000 GCTaskThread "GC Thread#0" [stack: 0x0000009cfcc00000,0x0000009cfcd00000] [id=7180]
  0x0000025f23978800 GCTaskThread "GC Thread#1" [stack: 0x0000009cfde00000,0x0000009cfdf00000] [id=21152]
  0x0000025f23964800 GCTaskThread "GC Thread#2" [stack: 0x0000009cfdf00000,0x0000009cfe000000] [id=10896]
  0x0000025f236b0000 GCTaskThread "GC Thread#3" [stack: 0x0000009cfe000000,0x0000009cfe100000] [id=15696]
  0x0000025f2438d800 GCTaskThread "GC Thread#4" [stack: 0x0000009cfec00000,0x0000009cfed00000] [id=5224]
  0x0000025f24de5000 GCTaskThread "GC Thread#5" [stack: 0x0000009cfed00000,0x0000009cfee00000] [id=17444]
  0x0000025f23a05800 GCTaskThread "GC Thread#6" [stack: 0x0000009cfee00000,0x0000009cfef00000] [id=8160]
  0x0000025f24d75800 GCTaskThread "GC Thread#7" [stack: 0x0000009cfef00000,0x0000009cff000000] [id=6416]
  0x0000025f07b5e000 ConcurrentGCThread "G1 Main Marker" [stack: 0x0000009cfcd00000,0x0000009cfce00000] [id=9372]
  0x0000025f07b60000 ConcurrentGCThread "G1 Conc#0" [stack: 0x0000009cfce00000,0x0000009cfcf00000] [id=2668]
  0x0000025f236b0800 ConcurrentGCThread "G1 Conc#1" [stack: 0x0000009cff000000,0x0000009cff100000] [id=6168]
  0x0000025f07bee000 ConcurrentGCThread "G1 Refine#0" [stack: 0x0000009cfcf00000,0x0000009cfd000000] [id=10684]
  0x0000025f21e57000 ConcurrentGCThread "G1 Young RemSet Sampling" [stack: 0x0000009cfd000000,0x0000009cfd100000] [id=5464]

Threads with active compile tasks:
C2 CompilerThread0   7276 4718       4       com.esotericsoftware.kryo.io.Output::writeString (125 bytes)
C1 CompilerThread0   7276 4874       3       sun.nio.fs.WindowsPath::resolve (393 bytes)
C2 CompilerThread1   7276 4592       4       java.lang.invoke.MethodType::makeImpl (108 bytes)
C2 CompilerThread2   7276 4587       4       java.net.URLClassLoader::getAndVerifyPackage (109 bytes)

VM state:not at safepoint (normal execution)

VM Mutex/Monitor currently owned by a thread: None

Heap address: 0x0000000080000000, size: 2048 MB, Compressed Oops mode: 32-bit
Narrow klass base: 0x0000000000000000, Narrow klass shift: 3
Compressed class space size: 1073741824 Address: 0x0000000100000000

Heap:
 garbage-first heap   total 196608K, used 104057K [0x0000000080000000, 0x0000000100000000)
  region size 1024K, 87 young (89088K), 13 survivors (13312K)
 Metaspace       used 48255K, capacity 49517K, committed 49616K, reserved 1091584K
  class space    used 6125K, capacity 6589K, committed 6656K, reserved 1048576K
Heap Regions: E=young(eden), S=young(survivor), O=old, HS=humongous(starts), HC=humongous(continues), CS=collection set, F=free, A=archive, TAMS=top-at-mark-start (previous, next)
|   0|0x0000000080000000, 0x0000000080100000, 0x0000000080100000|100%| O|  |TAMS 0x0000000080100000, 0x0000000080000000| Untracked 
|   1|0x0000000080100000, 0x0000000080200000, 0x0000000080200000|100%| O|  |TAMS 0x0000000080200000, 0x0000000080100000| Untracked 
|   2|0x0000000080200000, 0x0000000080300000, 0x0000000080300000|100%| O|  |TAMS 0x0000000080300000, 0x0000000080200000| Untracked 
|   3|0x0000000080300000, 0x0000000080400000, 0x0000000080400000|100%|HS|  |TAMS 0x0000000080400000, 0x0000000080300000| Complete 
|   4|0x0000000080400000, 0x0000000080500000, 0x0000000080500000|100%|HC|  |TAMS 0x0000000080500000, 0x0000000080400000| Complete 
|   5|0x0000000080500000, 0x0000000080600000, 0x0000000080600000|100%|HC|  |TAMS 0x0000000080600000, 0x0000000080500000| Complete 
|   6|0x0000000080600000, 0x0000000080700000, 0x0000000080700000|100%| O|  |TAMS 0x0000000080700000, 0x0000000080600000| Untracked 
|   7|0x0000000080700000, 0x0000000080800000, 0x0000000080800000|100%| O|  |TAMS 0x0000000080800000, 0x0000000080700000| Untracked 
|   8|0x0000000080800000, 0x0000000080900000, 0x0000000080900000|100%| O|  |TAMS 0x0000000080900000, 0x0000000080800000| Untracked 
|   9|0x0000000080900000, 0x0000000080a00000, 0x0000000080a00000|100%| O|  |TAMS 0x0000000080a00000, 0x0000000080900000| Untracked 
|  10|0x0000000080a00000, 0x0000000080b00000, 0x0000000080b00000|100%| O|  |TAMS 0x0000000080b00000, 0x0000000080a00000| Untracked 
|  11|0x0000000080b00000, 0x0000000080c00000, 0x0000000080c00000|100%| O|  |TAMS 0x0000000080c00000, 0x0000000080b00000| Untracked 
|  12|0x0000000080c00000, 0x0000000080d00000, 0x0000000080d00000|100%| O|  |TAMS 0x0000000080d00000, 0x0000000080c00000| Untracked 
|  13|0x0000000080d00000, 0x0000000080e00000, 0x0000000080e00000|100%| O|  |TAMS 0x0000000080e00000, 0x0000000080d00000| Untracked 
|  14|0x0000000080e00000, 0x0000000080f00000, 0x0000000080f00000|100%| O|  |TAMS 0x0000000080f00000, 0x0000000080e00000| Untracked 
|  15|0x0000000080f00000, 0x0000000081000000, 0x0000000081000000|100%| O|  |TAMS 0x0000000081000000, 0x0000000080f00000| Untracked 
|  16|0x0000000081000000, 0x0000000081028a00, 0x0000000081100000| 15%| O|  |TAMS 0x0000000081028a00, 0x0000000081000000| Untracked 
|  17|0x0000000081100000, 0x0000000081100000, 0x0000000081200000|  0%| F|  |TAMS 0x0000000081100000, 0x0000000081100000| Untracked 
|  18|0x0000000081200000, 0x0000000081200000, 0x0000000081300000|  0%| F|  |TAMS 0x0000000081200000, 0x0000000081200000| Untracked 
|  19|0x0000000081300000, 0x0000000081300000, 0x0000000081400000|  0%| F|  |TAMS 0x0000000081300000, 0x0000000081300000| Untracked 
|  20|0x0000000081400000, 0x0000000081400000, 0x0000000081500000|  0%| F|  |TAMS 0x0000000081400000, 0x0000000081400000| Untracked 
|  21|0x0000000081500000, 0x0000000081500000, 0x0000000081600000|  0%| F|  |TAMS 0x0000000081500000, 0x0000000081500000| Untracked 
|  22|0x0000000081600000, 0x0000000081600000, 0x0000000081700000|  0%| F|  |TAMS 0x0000000081600000, 0x0000000081600000| Untracked 
|  23|0x0000000081700000, 0x0000000081700000, 0x0000000081800000|  0%| F|  |TAMS 0x0000000081700000, 0x0000000081700000| Untracked 
|  24|0x0000000081800000, 0x0000000081800000, 0x0000000081900000|  0%| F|  |TAMS 0x0000000081800000, 0x0000000081800000| Untracked 
|  25|0x0000000081900000, 0x0000000081900000, 0x0000000081a00000|  0%| F|  |TAMS 0x0000000081900000, 0x0000000081900000| Untracked 
|  26|0x0000000081a00000, 0x0000000081a00000, 0x0000000081b00000|  0%| F|  |TAMS 0x0000000081a00000, 0x0000000081a00000| Untracked 
|  27|0x0000000081b00000, 0x0000000081b00000, 0x0000000081c00000|  0%| F|  |TAMS 0x0000000081b00000, 0x0000000081b00000| Untracked 
|  28|0x0000000081c00000, 0x0000000081c00000, 0x0000000081d00000|  0%| F|  |TAMS 0x0000000081c00000, 0x0000000081c00000| Untracked 
|  29|0x0000000081d00000, 0x0000000081d00000, 0x0000000081e00000|  0%| F|  |TAMS 0x0000000081d00000, 0x0000000081d00000| Untracked 
|  30|0x0000000081e00000, 0x0000000081e00000, 0x0000000081f00000|  0%| F|  |TAMS 0x0000000081e00000, 0x0000000081e00000| Untracked 
|  31|0x0000000081f00000, 0x0000000081f00000, 0x0000000082000000|  0%| F|  |TAMS 0x0000000081f00000, 0x0000000081f00000| Untracked 
|  32|0x0000000082000000, 0x0000000082000000, 0x0000000082100000|  0%| F|  |TAMS 0x0000000082000000, 0x0000000082000000| Untracked 
|  33|0x0000000082100000, 0x0000000082100000, 0x0000000082200000|  0%| F|  |TAMS 0x0000000082100000, 0x0000000082100000| Untracked 
|  34|0x0000000082200000, 0x0000000082200000, 0x0000000082300000|  0%| F|  |TAMS 0x0000000082200000, 0x0000000082200000| Untracked 
|  35|0x0000000082300000, 0x0000000082300000, 0x0000000082400000|  0%| F|  |TAMS 0x0000000082300000, 0x0000000082300000| Untracked 
|  36|0x0000000082400000, 0x0000000082400000, 0x0000000082500000|  0%| F|  |TAMS 0x0000000082400000, 0x0000000082400000| Untracked 
|  37|0x0000000082500000, 0x0000000082500000, 0x0000000082600000|  0%| F|  |TAMS 0x0000000082500000, 0x0000000082500000| Untracked 
|  38|0x0000000082600000, 0x0000000082600000, 0x0000000082700000|  0%| F|  |TAMS 0x0000000082600000, 0x0000000082600000| Untracked 
|  39|0x0000000082700000, 0x0000000082700000, 0x0000000082800000|  0%| F|  |TAMS 0x0000000082700000, 0x0000000082700000| Untracked 
|  40|0x0000000082800000, 0x0000000082800000, 0x0000000082900000|  0%| F|  |TAMS 0x0000000082800000, 0x0000000082800000| Untracked 
|  41|0x0000000082900000, 0x0000000082900000, 0x0000000082a00000|  0%| F|  |TAMS 0x0000000082900000, 0x0000000082900000| Untracked 
|  42|0x0000000082a00000, 0x0000000082a00000, 0x0000000082b00000|  0%| F|  |TAMS 0x0000000082a00000, 0x0000000082a00000| Untracked 
|  43|0x0000000082b00000, 0x0000000082b00000, 0x0000000082c00000|  0%| F|  |TAMS 0x0000000082b00000, 0x0000000082b00000| Untracked 
|  44|0x0000000082c00000, 0x0000000082c00000, 0x0000000082d00000|  0%| F|  |TAMS 0x0000000082c00000, 0x0000000082c00000| Untracked 
|  45|0x0000000082d00000, 0x0000000082d00000, 0x0000000082e00000|  0%| F|  |TAMS 0x0000000082d00000, 0x0000000082d00000| Untracked 
|  46|0x0000000082e00000, 0x0000000082e00000, 0x0000000082f00000|  0%| F|  |TAMS 0x0000000082e00000, 0x0000000082e00000| Untracked 
|  47|0x0000000082f00000, 0x0000000082f00000, 0x0000000083000000|  0%| F|  |TAMS 0x0000000082f00000, 0x0000000082f00000| Untracked 
|  48|0x0000000083000000, 0x0000000083000000, 0x0000000083100000|  0%| F|  |TAMS 0x0000000083000000, 0x0000000083000000| Untracked 
|  49|0x0000000083100000, 0x0000000083100000, 0x0000000083200000|  0%| F|  |TAMS 0x0000000083100000, 0x0000000083100000| Untracked 
|  50|0x0000000083200000, 0x0000000083200000, 0x0000000083300000|  0%| F|  |TAMS 0x0000000083200000, 0x0000000083200000| Untracked 
|  51|0x0000000083300000, 0x0000000083300000, 0x0000000083400000|  0%| F|  |TAMS 0x0000000083300000, 0x0000000083300000| Untracked 
|  52|0x0000000083400000, 0x0000000083400000, 0x0000000083500000|  0%| F|  |TAMS 0x0000000083400000, 0x0000000083400000| Untracked 
|  53|0x0000000083500000, 0x0000000083500000, 0x0000000083600000|  0%| F|  |TAMS 0x0000000083500000, 0x0000000083500000| Untracked 
|  54|0x0000000083600000, 0x0000000083600000, 0x0000000083700000|  0%| F|  |TAMS 0x0000000083600000, 0x0000000083600000| Untracked 
|  55|0x0000000083700000, 0x0000000083700000, 0x0000000083800000|  0%| F|  |TAMS 0x0000000083700000, 0x0000000083700000| Untracked 
|  56|0x0000000083800000, 0x0000000083800000, 0x0000000083900000|  0%| F|  |TAMS 0x0000000083800000, 0x0000000083800000| Untracked 
|  57|0x0000000083900000, 0x0000000083900000, 0x0000000083a00000|  0%| F|  |TAMS 0x0000000083900000, 0x0000000083900000| Untracked 
|  58|0x0000000083a00000, 0x0000000083a00000, 0x0000000083b00000|  0%| F|  |TAMS 0x0000000083a00000, 0x0000000083a00000| Untracked 
|  59|0x0000000083b00000, 0x0000000083b00000, 0x0000000083c00000|  0%| F|  |TAMS 0x0000000083b00000, 0x0000000083b00000| Untracked 
|  60|0x0000000083c00000, 0x0000000083c00000, 0x0000000083d00000|  0%| F|  |TAMS 0x0000000083c00000, 0x0000000083c00000| Untracked 
|  61|0x0000000083d00000, 0x0000000083d00000, 0x0000000083e00000|  0%| F|  |TAMS 0x0000000083d00000, 0x0000000083d00000| Untracked 
|  62|0x0000000083e00000, 0x0000000083e00000, 0x0000000083f00000|  0%| F|  |TAMS 0x0000000083e00000, 0x0000000083e00000| Untracked 
|  63|0x0000000083f00000, 0x0000000083f00000, 0x0000000084000000|  0%| F|  |TAMS 0x0000000083f00000, 0x0000000083f00000| Untracked 
|  64|0x0000000084000000, 0x0000000084000000, 0x0000000084100000|  0%| F|  |TAMS 0x0000000084000000, 0x0000000084000000| Untracked 
|  65|0x0000000084100000, 0x0000000084100000, 0x0000000084200000|  0%| F|  |TAMS 0x0000000084100000, 0x0000000084100000| Untracked 
|  66|0x0000000084200000, 0x0000000084200000, 0x0000000084300000|  0%| F|  |TAMS 0x0000000084200000, 0x0000000084200000| Untracked 
|  67|0x0000000084300000, 0x0000000084300000, 0x0000000084400000|  0%| F|  |TAMS 0x0000000084300000, 0x0000000084300000| Untracked 
|  68|0x0000000084400000, 0x0000000084400000, 0x0000000084500000|  0%| F|  |TAMS 0x0000000084400000, 0x0000000084400000| Untracked 
|  69|0x0000000084500000, 0x0000000084575d58, 0x0000000084600000| 46%| S|CS|TAMS 0x0000000084500000, 0x0000000084500000| Complete 
|  70|0x0000000084600000, 0x0000000084700000, 0x0000000084700000|100%| S|CS|TAMS 0x0000000084600000, 0x0000000084600000| Complete 
|  71|0x0000000084700000, 0x0000000084800000, 0x0000000084800000|100%| S|CS|TAMS 0x0000000084700000, 0x0000000084700000| Complete 
|  72|0x0000000084800000, 0x0000000084900000, 0x0000000084900000|100%| S|CS|TAMS 0x0000000084800000, 0x0000000084800000| Complete 
|  73|0x0000000084900000, 0x0000000084a00000, 0x0000000084a00000|100%| S|CS|TAMS 0x0000000084900000, 0x0000000084900000| Complete 
|  74|0x0000000084a00000, 0x0000000084b00000, 0x0000000084b00000|100%| S|CS|TAMS 0x0000000084a00000, 0x0000000084a00000| Complete 
|  75|0x0000000084b00000, 0x0000000084c00000, 0x0000000084c00000|100%| S|CS|TAMS 0x0000000084b00000, 0x0000000084b00000| Complete 
|  76|0x0000000084c00000, 0x0000000084d00000, 0x0000000084d00000|100%| S|CS|TAMS 0x0000000084c00000, 0x0000000084c00000| Complete 
|  77|0x0000000084d00000, 0x0000000084e00000, 0x0000000084e00000|100%| S|CS|TAMS 0x0000000084d00000, 0x0000000084d00000| Complete 
|  78|0x0000000084e00000, 0x0000000084f00000, 0x0000000084f00000|100%| S|CS|TAMS 0x0000000084e00000, 0x0000000084e00000| Complete 
|  79|0x0000000084f00000, 0x0000000085000000, 0x0000000085000000|100%| S|CS|TAMS 0x0000000084f00000, 0x0000000084f00000| Complete 
|  80|0x0000000085000000, 0x0000000085100000, 0x0000000085100000|100%| S|CS|TAMS 0x0000000085000000, 0x0000000085000000| Complete 
|  81|0x0000000085100000, 0x0000000085200000, 0x0000000085200000|100%| S|CS|TAMS 0x0000000085100000, 0x0000000085100000| Complete 
|  82|0x0000000085200000, 0x0000000085200000, 0x0000000085300000|  0%| F|  |TAMS 0x0000000085200000, 0x0000000085200000| Untracked 
|  83|0x0000000085300000, 0x0000000085300000, 0x0000000085400000|  0%| F|  |TAMS 0x0000000085300000, 0x0000000085300000| Untracked 
|  84|0x0000000085400000, 0x0000000085400000, 0x0000000085500000|  0%| F|  |TAMS 0x0000000085400000, 0x0000000085400000| Untracked 
|  85|0x0000000085500000, 0x0000000085500000, 0x0000000085600000|  0%| F|  |TAMS 0x0000000085500000, 0x0000000085500000| Untracked 
|  86|0x0000000085600000, 0x0000000085600000, 0x0000000085700000|  0%| F|  |TAMS 0x0000000085600000, 0x0000000085600000| Untracked 
|  87|0x0000000085700000, 0x0000000085700000, 0x0000000085800000|  0%| F|  |TAMS 0x0000000085700000, 0x0000000085700000| Untracked 
|  88|0x0000000085800000, 0x0000000085800000, 0x0000000085900000|  0%| F|  |TAMS 0x0000000085800000, 0x0000000085800000| Untracked 
|  89|0x0000000085900000, 0x0000000085900000, 0x0000000085a00000|  0%| F|  |TAMS 0x0000000085900000, 0x0000000085900000| Untracked 
|  90|0x0000000085a00000, 0x0000000085a00000, 0x0000000085b00000|  0%| F|  |TAMS 0x0000000085a00000, 0x0000000085a00000| Untracked 
|  91|0x0000000085b00000, 0x0000000085b00000, 0x0000000085c00000|  0%| F|  |TAMS 0x0000000085b00000, 0x0000000085b00000| Untracked 
|  92|0x0000000085c00000, 0x0000000085c00000, 0x0000000085d00000|  0%| F|  |TAMS 0x0000000085c00000, 0x0000000085c00000| Untracked 
|  93|0x0000000085d00000, 0x0000000085d00000, 0x0000000085e00000|  0%| F|  |TAMS 0x0000000085d00000, 0x0000000085d00000| Untracked 
|  94|0x0000000085e00000, 0x0000000085e00000, 0x0000000085f00000|  0%| F|  |TAMS 0x0000000085e00000, 0x0000000085e00000| Untracked 
|  95|0x0000000085f00000, 0x0000000085f00000, 0x0000000086000000|  0%| F|  |TAMS 0x0000000085f00000, 0x0000000085f00000| Untracked 
|  96|0x0000000086000000, 0x0000000086000000, 0x0000000086100000|  0%| F|  |TAMS 0x0000000086000000, 0x0000000086000000| Untracked 
|  97|0x0000000086100000, 0x0000000086100000, 0x0000000086200000|  0%| F|  |TAMS 0x0000000086100000, 0x0000000086100000| Untracked 
|  98|0x0000000086200000, 0x0000000086200000, 0x0000000086300000|  0%| F|  |TAMS 0x0000000086200000, 0x0000000086200000| Untracked 
|  99|0x0000000086300000, 0x0000000086300000, 0x0000000086400000|  0%| F|  |TAMS 0x0000000086300000, 0x0000000086300000| Untracked 
| 100|0x0000000086400000, 0x0000000086400000, 0x0000000086500000|  0%| F|  |TAMS 0x0000000086400000, 0x0000000086400000| Untracked 
| 101|0x0000000086500000, 0x0000000086500000, 0x0000000086600000|  0%| F|  |TAMS 0x0000000086500000, 0x0000000086500000| Untracked 
| 102|0x0000000086600000, 0x0000000086600000, 0x0000000086700000|  0%| F|  |TAMS 0x0000000086600000, 0x0000000086600000| Untracked 
| 103|0x0000000086700000, 0x0000000086700000, 0x0000000086800000|  0%| F|  |TAMS 0x0000000086700000, 0x0000000086700000| Untracked 
| 104|0x0000000086800000, 0x0000000086800000, 0x0000000086900000|  0%| F|  |TAMS 0x0000000086800000, 0x0000000086800000| Untracked 
| 105|0x0000000086900000, 0x0000000086900000, 0x0000000086a00000|  0%| F|  |TAMS 0x0000000086900000, 0x0000000086900000| Untracked 
| 106|0x0000000086a00000, 0x0000000086a00000, 0x0000000086b00000|  0%| F|  |TAMS 0x0000000086a00000, 0x0000000086a00000| Untracked 
| 107|0x0000000086b00000, 0x0000000086b00000, 0x0000000086c00000|  0%| F|  |TAMS 0x0000000086b00000, 0x0000000086b00000| Untracked 
| 108|0x0000000086c00000, 0x0000000086c00000, 0x0000000086d00000|  0%| F|  |TAMS 0x0000000086c00000, 0x0000000086c00000| Untracked 
| 109|0x0000000086d00000, 0x0000000086d00000, 0x0000000086e00000|  0%| F|  |TAMS 0x0000000086d00000, 0x0000000086d00000| Untracked 
| 110|0x0000000086e00000, 0x0000000086e00000, 0x0000000086f00000|  0%| F|  |TAMS 0x0000000086e00000, 0x0000000086e00000| Untracked 
| 111|0x0000000086f00000, 0x0000000086f00000, 0x0000000087000000|  0%| F|  |TAMS 0x0000000086f00000, 0x0000000086f00000| Untracked 
| 112|0x0000000087000000, 0x0000000087000000, 0x0000000087100000|  0%| F|  |TAMS 0x0000000087000000, 0x0000000087000000| Untracked 
| 113|0x0000000087100000, 0x0000000087100000, 0x0000000087200000|  0%| F|  |TAMS 0x0000000087100000, 0x0000000087100000| Untracked 
| 114|0x0000000087200000, 0x0000000087200000, 0x0000000087300000|  0%| F|  |TAMS 0x0000000087200000, 0x0000000087200000| Untracked 
| 115|0x0000000087300000, 0x0000000087300000, 0x0000000087400000|  0%| F|  |TAMS 0x0000000087300000, 0x0000000087300000| Untracked 
| 116|0x0000000087400000, 0x0000000087400000, 0x0000000087500000|  0%| F|  |TAMS 0x0000000087400000, 0x0000000087400000| Untracked 
| 117|0x0000000087500000, 0x000000008759a578, 0x0000000087600000| 60%| E|  |TAMS 0x0000000087500000, 0x0000000087500000| Complete 
| 118|0x0000000087600000, 0x0000000087700000, 0x0000000087700000|100%| E|CS|TAMS 0x0000000087600000, 0x0000000087600000| Complete 
| 119|0x0000000087700000, 0x0000000087800000, 0x0000000087800000|100%| E|CS|TAMS 0x0000000087700000, 0x0000000087700000| Complete 
| 120|0x0000000087800000, 0x0000000087900000, 0x0000000087900000|100%| E|CS|TAMS 0x0000000087800000, 0x0000000087800000| Complete 
| 121|0x0000000087900000, 0x0000000087a00000, 0x0000000087a00000|100%| E|CS|TAMS 0x0000000087900000, 0x0000000087900000| Complete 
| 122|0x0000000087a00000, 0x0000000087b00000, 0x0000000087b00000|100%| E|CS|TAMS 0x0000000087a00000, 0x0000000087a00000| Complete 
| 123|0x0000000087b00000, 0x0000000087c00000, 0x0000000087c00000|100%| E|CS|TAMS 0x0000000087b00000, 0x0000000087b00000| Complete 
| 124|0x0000000087c00000, 0x0000000087d00000, 0x0000000087d00000|100%| E|CS|TAMS 0x0000000087c00000, 0x0000000087c00000| Complete 
| 125|0x0000000087d00000, 0x0000000087e00000, 0x0000000087e00000|100%| E|CS|TAMS 0x0000000087d00000, 0x0000000087d00000| Complete 
| 126|0x0000000087e00000, 0x0000000087f00000, 0x0000000087f00000|100%| E|CS|TAMS 0x0000000087e00000, 0x0000000087e00000| Complete 
| 127|0x0000000087f00000, 0x0000000088000000, 0x0000000088000000|100%| E|CS|TAMS 0x0000000087f00000, 0x0000000087f00000| Complete 
| 128|0x0000000088000000, 0x0000000088100000, 0x0000000088100000|100%| E|CS|TAMS 0x0000000088000000, 0x0000000088000000| Complete 
| 129|0x0000000088100000, 0x0000000088200000, 0x0000000088200000|100%| E|CS|TAMS 0x0000000088100000, 0x0000000088100000| Complete 
| 130|0x0000000088200000, 0x0000000088300000, 0x0000000088300000|100%| E|CS|TAMS 0x0000000088200000, 0x0000000088200000| Complete 
| 131|0x0000000088300000, 0x0000000088400000, 0x0000000088400000|100%| E|CS|TAMS 0x0000000088300000, 0x0000000088300000| Complete 
| 132|0x0000000088400000, 0x0000000088500000, 0x0000000088500000|100%| E|CS|TAMS 0x0000000088400000, 0x0000000088400000| Complete 
| 133|0x0000000088500000, 0x0000000088600000, 0x0000000088600000|100%| E|CS|TAMS 0x0000000088500000, 0x0000000088500000| Complete 
| 134|0x0000000088600000, 0x0000000088700000, 0x0000000088700000|100%| E|CS|TAMS 0x0000000088600000, 0x0000000088600000| Complete 
| 135|0x0000000088700000, 0x0000000088800000, 0x0000000088800000|100%| E|CS|TAMS 0x0000000088700000, 0x0000000088700000| Complete 
| 136|0x0000000088800000, 0x0000000088900000, 0x0000000088900000|100%| E|CS|TAMS 0x0000000088800000, 0x0000000088800000| Complete 
| 137|0x0000000088900000, 0x0000000088a00000, 0x0000000088a00000|100%| E|CS|TAMS 0x0000000088900000, 0x0000000088900000| Complete 
| 138|0x0000000088a00000, 0x0000000088b00000, 0x0000000088b00000|100%| E|CS|TAMS 0x0000000088a00000, 0x0000000088a00000| Complete 
| 139|0x0000000088b00000, 0x0000000088c00000, 0x0000000088c00000|100%| E|CS|TAMS 0x0000000088b00000, 0x0000000088b00000| Complete 
| 140|0x0000000088c00000, 0x0000000088d00000, 0x0000000088d00000|100%| E|CS|TAMS 0x0000000088c00000, 0x0000000088c00000| Complete 
| 141|0x0000000088d00000, 0x0000000088e00000, 0x0000000088e00000|100%| E|CS|TAMS 0x0000000088d00000, 0x0000000088d00000| Complete 
| 142|0x0000000088e00000, 0x0000000088f00000, 0x0000000088f00000|100%| E|CS|TAMS 0x0000000088e00000, 0x0000000088e00000| Complete 
| 143|0x0000000088f00000, 0x0000000089000000, 0x0000000089000000|100%| E|CS|TAMS 0x0000000088f00000, 0x0000000088f00000| Complete 
| 144|0x0000000089000000, 0x0000000089100000, 0x0000000089100000|100%| E|CS|TAMS 0x0000000089000000, 0x0000000089000000| Complete 
| 145|0x0000000089100000, 0x0000000089200000, 0x0000000089200000|100%| E|CS|TAMS 0x0000000089100000, 0x0000000089100000| Complete 
| 146|0x0000000089200000, 0x0000000089300000, 0x0000000089300000|100%| E|CS|TAMS 0x0000000089200000, 0x0000000089200000| Complete 
| 147|0x0000000089300000, 0x0000000089400000, 0x0000000089400000|100%| E|CS|TAMS 0x0000000089300000, 0x0000000089300000| Complete 
| 148|0x0000000089400000, 0x0000000089500000, 0x0000000089500000|100%| E|CS|TAMS 0x0000000089400000, 0x0000000089400000| Complete 
| 149|0x0000000089500000, 0x0000000089600000, 0x0000000089600000|100%| E|CS|TAMS 0x0000000089500000, 0x0000000089500000| Complete 
| 150|0x0000000089600000, 0x0000000089700000, 0x0000000089700000|100%| E|CS|TAMS 0x0000000089600000, 0x0000000089600000| Complete 
| 151|0x0000000089700000, 0x0000000089800000, 0x0000000089800000|100%| E|CS|TAMS 0x0000000089700000, 0x0000000089700000| Complete 
| 152|0x0000000089800000, 0x0000000089900000, 0x0000000089900000|100%| E|CS|TAMS 0x0000000089800000, 0x0000000089800000| Complete 
| 153|0x0000000089900000, 0x0000000089a00000, 0x0000000089a00000|100%| E|CS|TAMS 0x0000000089900000, 0x0000000089900000| Complete 
| 154|0x0000000089a00000, 0x0000000089b00000, 0x0000000089b00000|100%| E|CS|TAMS 0x0000000089a00000, 0x0000000089a00000| Complete 
| 155|0x0000000089b00000, 0x0000000089c00000, 0x0000000089c00000|100%| E|CS|TAMS 0x0000000089b00000, 0x0000000089b00000| Complete 
| 156|0x0000000089c00000, 0x0000000089d00000, 0x0000000089d00000|100%| E|CS|TAMS 0x0000000089c00000, 0x0000000089c00000| Complete 
| 157|0x0000000089d00000, 0x0000000089e00000, 0x0000000089e00000|100%| E|CS|TAMS 0x0000000089d00000, 0x0000000089d00000| Complete 
| 158|0x0000000089e00000, 0x0000000089f00000, 0x0000000089f00000|100%| E|CS|TAMS 0x0000000089e00000, 0x0000000089e00000| Complete 
| 159|0x0000000089f00000, 0x000000008a000000, 0x000000008a000000|100%| E|CS|TAMS 0x0000000089f00000, 0x0000000089f00000| Complete 
| 160|0x000000008a000000, 0x000000008a100000, 0x000000008a100000|100%| E|CS|TAMS 0x000000008a000000, 0x000000008a000000| Complete 
| 161|0x000000008a100000, 0x000000008a200000, 0x000000008a200000|100%| E|CS|TAMS 0x000000008a100000, 0x000000008a100000| Complete 
| 162|0x000000008a200000, 0x000000008a300000, 0x000000008a300000|100%| E|CS|TAMS 0x000000008a200000, 0x000000008a200000| Complete 
| 163|0x000000008a300000, 0x000000008a400000, 0x000000008a400000|100%| E|CS|TAMS 0x000000008a300000, 0x000000008a300000| Complete 
| 164|0x000000008a400000, 0x000000008a500000, 0x000000008a500000|100%| E|CS|TAMS 0x000000008a400000, 0x000000008a400000| Complete 
| 165|0x000000008a500000, 0x000000008a600000, 0x000000008a600000|100%| E|CS|TAMS 0x000000008a500000, 0x000000008a500000| Complete 
| 166|0x000000008a600000, 0x000000008a700000, 0x000000008a700000|100%| E|CS|TAMS 0x000000008a600000, 0x000000008a600000| Complete 
| 167|0x000000008a700000, 0x000000008a800000, 0x000000008a800000|100%| E|CS|TAMS 0x000000008a700000, 0x000000008a700000| Complete 
| 168|0x000000008a800000, 0x000000008a900000, 0x000000008a900000|100%| E|CS|TAMS 0x000000008a800000, 0x000000008a800000| Complete 
| 169|0x000000008a900000, 0x000000008aa00000, 0x000000008aa00000|100%| E|CS|TAMS 0x000000008a900000, 0x000000008a900000| Complete 
| 170|0x000000008aa00000, 0x000000008ab00000, 0x000000008ab00000|100%| E|CS|TAMS 0x000000008aa00000, 0x000000008aa00000| Complete 
| 171|0x000000008ab00000, 0x000000008ac00000, 0x000000008ac00000|100%| E|CS|TAMS 0x000000008ab00000, 0x000000008ab00000| Complete 
| 172|0x000000008ac00000, 0x000000008ad00000, 0x000000008ad00000|100%| E|CS|TAMS 0x000000008ac00000, 0x000000008ac00000| Complete 
| 173|0x000000008ad00000, 0x000000008ae00000, 0x000000008ae00000|100%| E|CS|TAMS 0x000000008ad00000, 0x000000008ad00000| Complete 
| 174|0x000000008ae00000, 0x000000008af00000, 0x000000008af00000|100%| E|CS|TAMS 0x000000008ae00000, 0x000000008ae00000| Complete 
| 175|0x000000008af00000, 0x000000008b000000, 0x000000008b000000|100%| E|CS|TAMS 0x000000008af00000, 0x000000008af00000| Complete 
| 176|0x000000008b000000, 0x000000008b100000, 0x000000008b100000|100%| E|CS|TAMS 0x000000008b000000, 0x000000008b000000| Complete 
| 177|0x000000008b100000, 0x000000008b200000, 0x000000008b200000|100%| E|CS|TAMS 0x000000008b100000, 0x000000008b100000| Complete 
| 178|0x000000008b200000, 0x000000008b300000, 0x000000008b300000|100%| E|CS|TAMS 0x000000008b200000, 0x000000008b200000| Complete 
| 179|0x000000008b300000, 0x000000008b400000, 0x000000008b400000|100%| E|CS|TAMS 0x000000008b300000, 0x000000008b300000| Complete 
| 180|0x000000008b400000, 0x000000008b500000, 0x000000008b500000|100%| E|CS|TAMS 0x000000008b400000, 0x000000008b400000| Complete 
| 181|0x000000008b500000, 0x000000008b600000, 0x000000008b600000|100%| E|CS|TAMS 0x000000008b500000, 0x000000008b500000| Complete 
| 182|0x000000008b600000, 0x000000008b700000, 0x000000008b700000|100%| E|CS|TAMS 0x000000008b600000, 0x000000008b600000| Complete 
| 183|0x000000008b700000, 0x000000008b800000, 0x000000008b800000|100%| E|CS|TAMS 0x000000008b700000, 0x000000008b700000| Complete 
| 184|0x000000008b800000, 0x000000008b900000, 0x000000008b900000|100%| E|CS|TAMS 0x000000008b800000, 0x000000008b800000| Complete 
| 185|0x000000008b900000, 0x000000008ba00000, 0x000000008ba00000|100%| E|CS|TAMS 0x000000008b900000, 0x000000008b900000| Complete 
| 186|0x000000008ba00000, 0x000000008bb00000, 0x000000008bb00000|100%| E|CS|TAMS 0x000000008ba00000, 0x000000008ba00000| Complete 
| 187|0x000000008bb00000, 0x000000008bc00000, 0x000000008bc00000|100%| E|CS|TAMS 0x000000008bb00000, 0x000000008bb00000| Complete 
| 188|0x000000008bc00000, 0x000000008bd00000, 0x000000008bd00000|100%| E|CS|TAMS 0x000000008bc00000, 0x000000008bc00000| Complete 
| 189|0x000000008bd00000, 0x000000008be00000, 0x000000008be00000|100%| E|CS|TAMS 0x000000008bd00000, 0x000000008bd00000| Complete 
| 190|0x000000008be00000, 0x000000008bf00000, 0x000000008bf00000|100%| E|CS|TAMS 0x000000008be00000, 0x000000008be00000| Complete 
| 191|0x000000008bf00000, 0x000000008c000000, 0x000000008c000000|100%| E|CS|TAMS 0x000000008bf00000, 0x000000008bf00000| Complete 

Card table byte_map: [0x0000025f1ad60000,0x0000025f1b160000] _byte_map_base: 0x0000025f1a960000

Marking Bits (Prev, Next): (CMBitMap*) 0x0000025f07b54658, (CMBitMap*) 0x0000025f07b54690
 Prev Bits: [0x0000025f1b560000, 0x0000025f1d560000)
 Next Bits: [0x0000025f1d560000, 0x0000025f1f560000)

Polling page: 0x0000025f05aa0000

Metaspace:

Usage:
  Non-class:     41.92 MB capacity,    41.15 MB ( 98%) used,   662.66 KB (  2%) free+waste,   130.19 KB ( <1%) overhead. 
      Class:      6.43 MB capacity,     5.98 MB ( 93%) used,   401.66 KB (  6%) free+waste,    62.06 KB ( <1%) overhead. 
       Both:     48.36 MB capacity,    47.13 MB ( 97%) used,     1.04 MB (  2%) free+waste,   192.25 KB ( <1%) overhead. 

Virtual space:
  Non-class space:       42.00 MB reserved,      41.95 MB (>99%) committed 
      Class space:        1.00 GB reserved,       6.50 MB ( <1%) committed 
             Both:        1.04 GB reserved,      48.45 MB (  5%) committed 

Chunk freelists:
   Non-Class:  32.00 KB
       Class:  0 bytes
        Both:  32.00 KB

MaxMetaspaceSize: 17179869184.00 GB
CompressedClassSpaceSize: 1.00 GB
Initial GC threshold: 20.80 MB
Current GC threshold: 59.09 MB
CDS: off

CodeHeap 'non-profiled nmethods': size=120000Kb used=2928Kb max_used=2928Kb free=117071Kb
 bounds [0x0000025f13100000, 0x0000025f133e0000, 0x0000025f1a630000]
CodeHeap 'profiled nmethods': size=120000Kb used=9693Kb max_used=9693Kb free=110306Kb
 bounds [0x0000025f0bbd0000, 0x0000025f0c550000, 0x0000025f13100000]
CodeHeap 'non-nmethods': size=5760Kb used=2289Kb max_used=2351Kb free=3470Kb
 bounds [0x0000025f0b630000, 0x0000025f0b8a0000, 0x0000025f0bbd0000]
 total_blobs=5650 nmethods=4860 adapters=702
 compilation: enabled
              stopped_count=0, restarted_count=0
 full_count=0

Compilation events (20 events):
Event: 7.218 Thread 0x0000025f22878800 nmethod 4777 0x0000025f0c50a590 code [0x0000025f0c50a7e0, 0x0000025f0c50b038]
Event: 7.218 Thread 0x0000025f22878800 4780       3       org.gradle.internal.snapshot.VfsRelativePath::compareToFirstSegment (203 bytes)
Event: 7.222 Thread 0x0000025f22878800 nmethod 4780 0x0000025f0c50b410 code [0x0000025f0c50b860, 0x0000025f0c50dbd8]
Event: 7.223 Thread 0x0000025f22878800 4778       3       com.google.common.cache.LocalCache$Segment::runUnlockedCleanup (15 bytes)
Event: 7.223 Thread 0x0000025f22878800 nmethod 4778 0x0000025f0c50e890 code [0x0000025f0c50ea60, 0x0000025f0c50eda8]
Event: 7.223 Thread 0x0000025f22878800 4762       3       org.gradle.internal.hash.HashCode::fromBytes (50 bytes)
Event: 7.224 Thread 0x0000025f22877800 nmethod 4581 0x0000025f133d2f10 code [0x0000025f133d31c0, 0x0000025f133d5390]
Event: 7.224 Thread 0x0000025f22877800 4630   !   4       sun.nio.fs.WindowsPath::initOffsets (153 bytes)
Event: 7.225 Thread 0x0000025f22878800 nmethod 4762 0x0000025f0c50ef10 code [0x0000025f0c50f1e0, 0x0000025f0c5100c8]
Event: 7.225 Thread 0x0000025f22878800 4782       3       org.gradle.internal.snapshot.AbstractListChildMap$$Lambda$440/0x0000000100583040::compareTo (16 bytes)
Event: 7.225 Thread 0x0000025f22878800 nmethod 4782 0x0000025f0c510590 code [0x0000025f0c510760, 0x0000025f0c510a08]
Event: 7.225 Thread 0x0000025f22878800 4783       3       org.gradle.internal.snapshot.AbstractListChildMap::lambda$findChildIndexWithCommonPrefix$0 (10 bytes)
Event: 7.225 Thread 0x0000025f22878800 nmethod 4783 0x0000025f0c510b90 code [0x0000025f0c510d40, 0x0000025f0c510e88]
Event: 7.225 Thread 0x0000025f22878800 4765       3       java.io.DataInputStream::<init> (30 bytes)
Event: 7.226 Thread 0x0000025f22878800 nmethod 4765 0x0000025f0c510f90 code [0x0000025f0c511160, 0x0000025f0c5116b8]
Event: 7.226 Thread 0x0000025f22878800 4775       3       org.gradle.internal.io.RandomAccessFileInputStream::read (11 bytes)
Event: 7.226 Thread 0x0000025f22878800 nmethod 4775 0x0000025f0c511810 code [0x0000025f0c5119e0, 0x0000025f0c511b68]
Event: 7.226 Thread 0x0000025f22878800 4781       3       org.gradle.cache.internal.DefaultFileLockManager$DefaultFileLock::assertOpen (18 bytes)
Event: 7.226 Thread 0x0000025f22878800 nmethod 4781 0x0000025f0c511c90 code [0x0000025f0c511e60, 0x0000025f0c512068]
Event: 7.226 Thread 0x0000025f22878800 4784   !   3       org.gradle.cache.internal.btree.FileBackedBlockStore::read (72 bytes)

GC Heap History (10 events):
Event: 0.674 GC heap before
{Heap before GC invocations=0 (full 0):
 garbage-first heap   total 196608K, used 29696K [0x0000000080000000, 0x0000000100000000)
  region size 1024K, 24 young (24576K), 0 survivors (0K)
 Metaspace       used 10146K, capacity 10329K, committed 10624K, reserved 1058816K
  class space    used 1046K, capacity 1108K, committed 1152K, reserved 1048576K
}
Event: 0.678 GC heap after
{Heap after GC invocations=1 (full 0):
 garbage-first heap   total 196608K, used 9123K [0x0000000080000000, 0x0000000100000000)
  region size 1024K, 3 young (3072K), 3 survivors (3072K)
 Metaspace       used 10146K, capacity 10329K, committed 10624K, reserved 1058816K
  class space    used 1046K, capacity 1108K, committed 1152K, reserved 1048576K
}
Event: 2.898 GC heap before
{Heap before GC invocations=1 (full 0):
 garbage-first heap   total 196608K, used 114595K [0x0000000080000000, 0x0000000100000000)
  region size 1024K, 107 young (109568K), 3 survivors (3072K)
 Metaspace       used 20794K, capacity 21193K, committed 21296K, reserved 1069056K
  class space    used 2529K, capacity 2688K, committed 2688K, reserved 1048576K
}
Event: 2.907 GC heap after
{Heap after GC invocations=2 (full 0):
 garbage-first heap   total 196608K, used 16741K [0x0000000080000000, 0x0000000100000000)
  region size 1024K, 11 young (11264K), 11 survivors (11264K)
 Metaspace       used 20794K, capacity 21193K, committed 21296K, reserved 1069056K
  class space    used 2529K, capacity 2688K, committed 2688K, reserved 1048576K
}
Event: 3.170 GC heap before
{Heap before GC invocations=3 (full 0):
 garbage-first heap   total 196608K, used 44389K [0x0000000080000000, 0x0000000100000000)
  region size 1024K, 38 young (38912K), 11 survivors (11264K)
 Metaspace       used 23499K, capacity 24045K, committed 24192K, reserved 1071104K
  class space    used 2970K, capacity 3173K, committed 3200K, reserved 1048576K
}
Event: 3.177 GC heap after
{Heap after GC invocations=4 (full 0):
 garbage-first heap   total 196608K, used 18026K [0x0000000080000000, 0x0000000100000000)
  region size 1024K, 2 young (2048K), 2 survivors (2048K)
 Metaspace       used 23499K, capacity 24045K, committed 24192K, reserved 1071104K
  class space    used 2970K, capacity 3173K, committed 3200K, reserved 1048576K
}
Event: 4.420 GC heap before
{Heap before GC invocations=4 (full 0):
 garbage-first heap   total 196608K, used 109162K [0x0000000080000000, 0x0000000100000000)
  region size 1024K, 92 young (94208K), 2 survivors (2048K)
 Metaspace       used 35219K, capacity 35974K, committed 36048K, reserved 1081344K
  class space    used 4527K, capacity 4840K, committed 4864K, reserved 1048576K
}
Event: 4.429 GC heap after
{Heap after GC invocations=5 (full 0):
 garbage-first heap   total 196608K, used 22187K [0x0000000080000000, 0x0000000100000000)
  region size 1024K, 6 young (6144K), 6 survivors (6144K)
 Metaspace       used 35219K, capacity 35974K, committed 36048K, reserved 1081344K
  class space    used 4527K, capacity 4840K, committed 4864K, reserved 1048576K
}
Event: 6.374 GC heap before
{Heap before GC invocations=6 (full 0):
 garbage-first heap   total 196608K, used 131755K [0x0000000080000000, 0x0000000100000000)
  region size 1024K, 110 young (112640K), 6 survivors (6144K)
 Metaspace       used 44369K, capacity 45380K, committed 45648K, reserved 1089536K
  class space    used 5607K, capacity 5997K, committed 6016K, reserved 1048576K
}
Event: 6.391 GC heap after
{Heap after GC invocations=7 (full 0):
 garbage-first heap   total 196608K, used 29305K [0x0000000080000000, 0x0000000100000000)
  region size 1024K, 13 young (13312K), 13 survivors (13312K)
 Metaspace       used 44369K, capacity 45380K, committed 45648K, reserved 1089536K
  class space    used 5607K, capacity 5997K, committed 6016K, reserved 1048576K
}

Deoptimization events (20 events):
Event: 7.110 Thread 0x0000025f24e19000 Uncommon trap: trap_request=0xffffff4d fr.pc=0x0000025f132580f8 relative=0x0000000000000238
Event: 7.110 Thread 0x0000025f24e19000 Uncommon trap: reason=unstable_if action=reinterpret pc=0x0000025f132580f8 method=java.util.concurrent.ConcurrentHashMap.get(Ljava/lang/Object;)Ljava/lang/Object; @ 86 c2
Event: 7.110 Thread 0x0000025f24e19000 DEOPT PACKING pc=0x0000025f132580f8 sp=0x0000009c805fead0
Event: 7.110 Thread 0x0000025f24e19000 DEOPT UNPACKING pc=0x0000025f0b67a1af sp=0x0000009c805fea48 mode 2
Event: 7.114 Thread 0x0000025f24e14000 Uncommon trap: trap_request=0xffffff4d fr.pc=0x0000025f1325e9d8 relative=0x0000000000000f18
Event: 7.114 Thread 0x0000025f24e14000 Uncommon trap: reason=unstable_if action=reinterpret pc=0x0000025f1325e9d8 method=java.util.concurrent.ConcurrentHashMap.addCount(JI)V @ 34 c2
Event: 7.114 Thread 0x0000025f24e14000 DEOPT PACKING pc=0x0000025f1325e9d8 sp=0x0000009c800fe6f0
Event: 7.114 Thread 0x0000025f24e14000 DEOPT UNPACKING pc=0x0000025f0b67a1af sp=0x0000009c800fe5c0 mode 2
Event: 7.135 Thread 0x0000025f26c5b000 Uncommon trap: trap_request=0xffffff4d fr.pc=0x0000025f131b04a8 relative=0x0000000000000148
Event: 7.135 Thread 0x0000025f26c5b000 Uncommon trap: reason=unstable_if action=reinterpret pc=0x0000025f131b04a8 method=java.util.concurrent.ConcurrentHashMap.addCount(JI)V @ 7 c2
Event: 7.135 Thread 0x0000025f26c5b000 DEOPT PACKING pc=0x0000025f131b04a8 sp=0x0000009c80efe060
Event: 7.135 Thread 0x0000025f26c5b000 DEOPT UNPACKING pc=0x0000025f0b67a1af sp=0x0000009c80efdfa0 mode 2
Event: 7.143 Thread 0x0000025f26c5b000 DEOPT PACKING pc=0x0000025f0c1aefcc sp=0x0000009c80efd5c0
Event: 7.143 Thread 0x0000025f26c5b000 DEOPT UNPACKING pc=0x0000025f0b67a95e sp=0x0000009c80efcb60 mode 0
Event: 7.155 Thread 0x0000025f26fd7000 DEOPT PACKING pc=0x0000025f0c1aefcc sp=0x0000009c844fcf00
Event: 7.156 Thread 0x0000025f26fd7000 DEOPT UNPACKING pc=0x0000025f0b67a95e sp=0x0000009c844fc4a0 mode 0
Event: 7.167 Thread 0x0000025f2545d800 DEOPT PACKING pc=0x0000025f0c1aefcc sp=0x0000009c829fd780
Event: 7.167 Thread 0x0000025f2545d800 DEOPT UNPACKING pc=0x0000025f0b67a95e sp=0x0000009c829fcd20 mode 0
Event: 7.181 Thread 0x0000025f26fdb000 DEOPT PACKING pc=0x0000025f0c1aefcc sp=0x0000009c84dfcba0
Event: 7.181 Thread 0x0000025f26fdb000 DEOPT UNPACKING pc=0x0000025f0b67a95e sp=0x0000009c84dfc140 mode 0

Classes redefined (0 events):
No events

Internal exceptions (20 events):
Event: 5.935 Thread 0x0000025f2435e000 Exception <a 'java/lang/NoSuchMethodError'{0x0000000087418680}: <clinit>> (0x0000000087418680) thrown at [./src/hotspot/share/prims/jni.cpp, line 1366]
Event: 6.068 Thread 0x0000025f24f0c000 Implicit null exception at 0x0000025f131f25f4 to 0x0000025f131f2804
Event: 6.220 Thread 0x0000025f24f0c000 Exception <a 'java/lang/ClassNotFoundException'{0x0000000085aa6ee8}: build_c27tl2i3bb0c521oxskkx83ncBeanInfo> (0x0000000085aa6ee8) thrown at [./src/hotspot/share/classfile/systemDictionary.cpp, line 231]
Event: 6.220 Thread 0x0000025f24f0c000 Exception <a 'java/lang/ClassNotFoundException'{0x0000000085abe2a0}: org/gradle/api/internal/project/ProjectScriptBeanInfo> (0x0000000085abe2a0) thrown at [./src/hotspot/share/classfile/systemDictionary.cpp, line 231]
Event: 6.221 Thread 0x0000025f24f0c000 Exception <a 'java/lang/ClassNotFoundException'{0x0000000085ad5ad0}: org/gradle/api/internal/project/ProjectScriptCustomizer> (0x0000000085ad5ad0) thrown at [./src/hotspot/share/classfile/systemDictionary.cpp, line 231]
Event: 6.221 Thread 0x0000025f24f0c000 Exception <a 'java/lang/ClassNotFoundException'{0x0000000085af19a0}: build_c27tl2i3bb0c521oxskkx83ncCustomizer> (0x0000000085af19a0) thrown at [./src/hotspot/share/classfile/systemDictionary.cpp, line 231]
Event: 6.231 Thread 0x0000025f24f0c000 Exception <a 'java/lang/ClassNotFoundException'{0x0000000085986678}: org/gradle/plugin/use/internal/PluginRequestCollector$PluginDependenciesSpecImplBeanInfo> (0x0000000085986678) thrown at [./src/hotspot/share/classfile/systemDictionary.cpp, line 231]
Event: 6.232 Thread 0x0000025f24f0c000 Exception <a 'java/lang/ClassNotFoundException'{0x00000000859b5bc8}: org/gradle/plugin/use/internal/PluginRequestCollector$PluginDependenciesSpecImplCustomizer> (0x00000000859b5bc8) thrown at [./src/hotspot/share/classfile/systemDictionary.cpp, line 231]
Event: 6.237 Thread 0x0000025f24f0c000 Exception <a 'java/lang/ClassNotFoundException'{0x000000008581f588}: org/gradle/plugin/use/internal/PluginRequestCollector$PluginDependencySpecImplBeanInfo> (0x000000008581f588) thrown at [./src/hotspot/share/classfile/systemDictionary.cpp, line 231]
Event: 6.238 Thread 0x0000025f24f0c000 Exception <a 'java/lang/ClassNotFoundException'{0x000000008584dc88}: org/gradle/plugin/use/internal/PluginRequestCollector$PluginDependencySpecImplCustomizer> (0x000000008584dc88) thrown at [./src/hotspot/share/classfile/systemDictionary.cpp, line 231]
Event: 6.586 Thread 0x0000025f24f0c000 Exception <a 'java/lang/NoSuchMethodError'{0x000000008ac74280}: 'int java.lang.invoke.DirectMethodHandle$Holder.invokeInterface(java.lang.Object, java.lang.Object)'> (0x000000008ac74280) thrown at [./src/hotspot/share/interpreter/linkResolver.cpp, line 773]
Event: 6.586 Thread 0x0000025f24f0c000 Exception <a 'java/lang/IncompatibleClassChangeError'{0x000000008ac77d60}: Found class java.lang.Object, but interface was expected> (0x000000008ac77d60) thrown at [./src/hotspot/share/interpreter/linkResolver.cpp, line 839]
Event: 6.691 Thread 0x0000025f24f0c000 Exception <a 'java/lang/NoSuchMethodError'{0x000000008a31e9b8}: 'int java.lang.invoke.DirectMethodHandle$Holder.invokeStaticInit(java.lang.Object)'> (0x000000008a31e9b8) thrown at [./src/hotspot/share/interpreter/linkResolver.cpp, line 773]
Event: 6.722 Thread 0x0000025f24f0c000 Exception <a 'java/lang/NoSuchMethodError'{0x000000008a010810}: 'void java.lang.invoke.DirectMethodHandle$Holder.invokeStatic(java.lang.Object, java.lang.Object, java.lang.Object, int, java.lang.Object)'> (0x000000008a010810) thrown at [./src/hotspot/share/interpreter/linkResolver.cpp, line 773]
Event: 6.796 Thread 0x0000025f24f0c000 Exception <a 'java/lang/NoSuchMethodError'{0x0000000089aab4c8}: 'java.lang.Object java.lang.invoke.DelegatingMethodHandle$Holder.reinvoke_L(java.lang.Object, java.lang.Object, java.lang.Object, java.lang.Object, java.lang.Object, java.lang.Object, java.lang.Object, java.lang.Object, java.lang.Object, java.lang.Object, java.lang.Object, java.lang.Object, java.lang.Object, java.lang.Object, java.lang.Object, java.lang.Object, java.lang.Object, java.lang.Object, java.lang.Object, java.lang.Object, java.lang.O
Event: 6.797 Thread 0x0000025f24f0c000 Exception <a 'java/lang/NoSuchMethodError'{0x0000000089ab7128}: 'java.lang.Object java.lang.invoke.Invokers$Holder.invoker(java.lang.Object, java.lang.Object, java.lang.Object, java.lang.Object, java.lang.Object, java.lang.Object, java.lang.Object, java.lang.Object, java.lang.Object, java.lang.Object, java.lang.Object, java.lang.Object, java.lang.Object, java.lang.Object, java.lang.Object, java.lang.Object, java.lang.Object, java.lang.Object, java.lang.Object, java.lang.Object, java.lang.Object)'> (0x00000
Event: 6.797 Thread 0x0000025f24f0c000 Exception <a 'java/lang/NoSuchMethodError'{0x0000000089abe498}: 'java.lang.Object java.lang.invoke.DelegatingMethodHandle$Holder.delegate(java.lang.Object, java.lang.Object, java.lang.Object, java.lang.Object, java.lang.Object, java.lang.Object, java.lang.Object, java.lang.Object, java.lang.Object, java.lang.Object, java.lang.Object, java.lang.Object, java.lang.Object, java.lang.Object, java.lang.Object, java.lang.Object, java.lang.Object, java.lang.Object, java.lang.Object, java.lang.Object, java.lang.Obj
Event: 6.801 Thread 0x0000025f24f0c000 Exception <a 'java/lang/NoSuchMethodError'{0x0000000089907c80}: 'java.lang.Object java.lang.invoke.DirectMethodHandle$Holder.invokeStatic(java.lang.Object, java.lang.Object, java.lang.Object, java.lang.Object, java.lang.Object, java.lang.Object, java.lang.Object, java.lang.Object, java.lang.Object, java.lang.Object, java.lang.Object, java.lang.Object, java.lang.Object, java.lang.Object, java.lang.Object)'> (0x0000000089907c80) thrown at [./src/hotspot/share/interpreter/linkResolver.cpp, line 773]
Event: 6.802 Thread 0x0000025f24f0c000 Exception <a 'java/lang/NoSuchMethodError'{0x00000000899182b8}: 'java.lang.Object java.lang.invoke.DirectMethodHandle$Holder.invokeStatic(java.lang.Object, java.lang.Object, java.lang.Object, java.lang.Object, java.lang.Object, java.lang.Object, java.lang.Object, java.lang.Object, java.lang.Object, java.lang.Object, java.lang.Object, java.lang.Object, java.lang.Object, java.lang.Object, java.lang.Object, java.lang.Object)'> (0x00000000899182b8) thrown at [./src/hotspot/share/interpreter/linkResolver.cpp, l
Event: 6.804 Thread 0x0000025f24f0c000 Exception <a 'java/lang/NoSuchMethodError'{0x0000000089928800}: 'java.lang.Object java.lang.invoke.DelegatingMethodHandle$Holder.reinvoke_L(java.lang.Object, java.lang.Object, java.lang.Object, java.lang.Object, java.lang.Object, java.lang.Object, java.lang.Object, java.lang.Object, java.lang.Object, java.lang.Object, java.lang.Object, java.lang.Object, java.lang.Object, java.lang.Object, java.lang.Object, java.lang.Object, java.lang.Object, java.lang.Object, java.lang.Object, java.lang.Object)'> (0x000000

Events (20 events):
Event: 7.134 Executing VM operation: RevokeBias
Event: 7.134 Executing VM operation: RevokeBias done
Event: 7.134 loading class org/gradle/api/internal/artifacts/DownloadArtifactBuildOperationType$Result
Event: 7.134 loading class org/gradle/api/internal/artifacts/DownloadArtifactBuildOperationType$Result done
Event: 7.134 Thread 0x0000025f26fdb800 Thread added: 0x0000025f26fdb800
Event: 7.135 Thread 0x0000025f26fde000 Thread added: 0x0000025f26fde000
Event: 7.135 loading class org/gradle/api/internal/artifacts/DownloadArtifactBuildOperationType$1
Event: 7.135 loading class org/gradle/api/internal/artifacts/DownloadArtifactBuildOperationType$1 done
Event: 7.137 loading class org/gradle/internal/resources/DefaultResourceLockCoordinationService$ReleaseLocks
Event: 7.137 loading class org/gradle/internal/resources/DefaultResourceLockCoordinationService$ReleaseLocks done
Event: 7.150 loading class org/gradle/internal/operations/DefaultBuildOperationQueue
Event: 7.150 loading class org/gradle/internal/operations/DefaultBuildOperationQueue done
Event: 7.184 loading class org/gradle/internal/classpath/DefaultCachedClasspathTransformer$1
Event: 7.184 loading class org/gradle/internal/classpath/DefaultCachedClasspathTransformer$1 done
Event: 7.186 loading class org/gradle/internal/snapshot/MetadataSnapshot$1
Event: 7.186 loading class org/gradle/internal/snapshot/MetadataSnapshot$1 done
Event: 7.187 loading class org/gradle/internal/snapshot/AbstractListChildMap$2
Event: 7.187 loading class org/gradle/internal/snapshot/AbstractListChildMap$2 done
Event: 7.207 loading class org/gradle/internal/snapshot/LargeChildMap
Event: 7.207 loading class org/gradle/internal/snapshot/LargeChildMap done


Dynamic libraries:
0x00007ff664050000 - 0x00007ff66405a000 	C:\Program Files\Android\Android Studio\jre\bin\java.exe
0x00007ffe02f40000 - 0x00007ffe03149000 	C:\WINDOWS\SYSTEM32\ntdll.dll
0x00007ffe014e0000 - 0x00007ffe0159e000 	C:\WINDOWS\System32\KERNEL32.DLL
0x00007ffe006e0000 - 0x00007ffe00a5b000 	C:\WINDOWS\System32\KERNELBASE.dll
0x00007ffe00ca0000 - 0x00007ffe00db1000 	C:\WINDOWS\System32\ucrtbase.dll
0x00007ffdef3a0000 - 0x00007ffdef3b9000 	C:\Program Files\Android\Android Studio\jre\bin\jli.dll
0x00007ffdee8a0000 - 0x00007ffdee8b7000 	C:\Program Files\Android\Android Studio\jre\bin\VCRUNTIME140.dll
0x00007ffe011e0000 - 0x00007ffe0138d000 	C:\WINDOWS\System32\USER32.dll
0x00007ffdff620000 - 0x00007ffdff8c5000 	C:\WINDOWS\WinSxS\amd64_microsoft.windows.common-controls_6595b64144ccf1df_6.0.22000.120_none_9d947278b86cc467\COMCTL32.dll
0x00007ffe00410000 - 0x00007ffe00436000 	C:\WINDOWS\System32\win32u.dll
0x00007ffe00dc0000 - 0x00007ffe00de9000 	C:\WINDOWS\System32\GDI32.dll
0x00007ffe02050000 - 0x00007ffe020f3000 	C:\WINDOWS\System32\msvcrt.dll
0x00007ffe00a60000 - 0x00007ffe00b78000 	C:\WINDOWS\System32\gdi32full.dll
0x00007ffe00b80000 - 0x00007ffe00c1d000 	C:\WINDOWS\System32\msvcp_win.dll
0x00007ffe011a0000 - 0x00007ffe011d2000 	C:\WINDOWS\System32\IMM32.DLL
0x00007ffdc7870000 - 0x00007ffdc790d000 	C:\Program Files\Android\Android Studio\jre\bin\msvcp140.dll
0x00007ffd81cc0000 - 0x00007ffd827c2000 	C:\Program Files\Android\Android Studio\jre\bin\server\jvm.dll
0x00007ffe02de0000 - 0x00007ffe02e8e000 	C:\WINDOWS\System32\ADVAPI32.dll
0x00007ffe010e0000 - 0x00007ffe0117e000 	C:\WINDOWS\System32\sechost.dll
0x00007ffe01c30000 - 0x00007ffe01d50000 	C:\WINDOWS\System32\RPCRT4.dll
0x00007ffe02e90000 - 0x00007ffe02e98000 	C:\WINDOWS\System32\PSAPI.DLL
0x00007ffde9050000 - 0x00007ffde9059000 	C:\WINDOWS\SYSTEM32\WSOCK32.dll
0x00007ffdf7b10000 - 0x00007ffdf7b43000 	C:\WINDOWS\SYSTEM32\WINMM.dll
0x00007ffe01070000 - 0x00007ffe010df000 	C:\WINDOWS\System32\WS2_32.dll
0x00007ffdfb520000 - 0x00007ffdfb52a000 	C:\WINDOWS\SYSTEM32\VERSION.dll
0x00007ffdfe6b0000 - 0x00007ffdfe6c8000 	C:\WINDOWS\SYSTEM32\kernel.appcore.dll
0x00007ffdf8650000 - 0x00007ffdf8661000 	C:\Program Files\Android\Android Studio\jre\bin\verify.dll
0x00007ffdffcc0000 - 0x00007ffdffee1000 	C:\WINDOWS\SYSTEM32\DBGHELP.DLL
0x00007ffdffb90000 - 0x00007ffdffbc1000 	C:\WINDOWS\SYSTEM32\dbgcore.DLL
0x00007ffe00c20000 - 0x00007ffe00c9f000 	C:\WINDOWS\System32\bcryptPrimitives.dll
0x00007ffdede80000 - 0x00007ffdedea9000 	C:\Program Files\Android\Android Studio\jre\bin\java.dll
0x00007ffdfe850000 - 0x00007ffdfe85b000 	C:\Program Files\Android\Android Studio\jre\bin\jimage.dll
0x00007ffdee3f0000 - 0x00007ffdee408000 	C:\Program Files\Android\Android Studio\jre\bin\zip.dll
0x00007ffe02620000 - 0x00007ffe02dd7000 	C:\WINDOWS\System32\SHELL32.dll
0x00007ffdfd600000 - 0x00007ffdfde65000 	C:\WINDOWS\SYSTEM32\windows.storage.dll
0x00007ffe022a0000 - 0x00007ffe02618000 	C:\WINDOWS\System32\combase.dll
0x00007ffdfd490000 - 0x00007ffdfd5f6000 	C:\WINDOWS\SYSTEM32\wintypes.dll
0x00007ffe013f0000 - 0x00007ffe014da000 	C:\WINDOWS\System32\SHCORE.dll
0x00007ffe01390000 - 0x00007ffe013ed000 	C:\WINDOWS\System32\shlwapi.dll
0x00007ffe00340000 - 0x00007ffe00361000 	C:\WINDOWS\SYSTEM32\profapi.dll
0x00007ffdedd90000 - 0x00007ffdeddaa000 	C:\Program Files\Android\Android Studio\jre\bin\net.dll
0x00007ffdf6110000 - 0x00007ffdf6224000 	C:\WINDOWS\SYSTEM32\WINHTTP.dll
0x00007ffdff240000 - 0x00007ffdff2a7000 	C:\WINDOWS\system32\mswsock.dll
0x00007ffded460000 - 0x00007ffded474000 	C:\Program Files\Android\Android Studio\jre\bin\nio.dll
0x00007ffded3c0000 - 0x00007ffded3e7000 	C:\Users\Padma\.gradle\native\e1d6ef7f7dcc3fd88c89a11ec53ec762bb8ba0a96d01ffa2cd45eb1d1d8dd5c5\windows-amd64\native-platform.dll
0x00007ffdbd780000 - 0x00007ffdbd8c4000 	C:\Users\Padma\.gradle\native\0d407fdbe67a94daf76414ababcb853783967236a71b16ec16e742cd7a986fd3\windows-amd64\native-platform-file-events.dll
0x00007ffdfbed0000 - 0x00007ffdfbeda000 	C:\Program Files\Android\Android Studio\jre\bin\management.dll
0x00007ffdfaed0000 - 0x00007ffdfaedd000 	C:\Program Files\Android\Android Studio\jre\bin\management_ext.dll
0x00007ffdfffd0000 - 0x00007ffdfffe8000 	C:\WINDOWS\SYSTEM32\CRYPTSP.dll
0x00007ffdfe4f0000 - 0x00007ffdfe525000 	C:\WINDOWS\system32\rsaenh.dll
0x00007ffdff4c0000 - 0x00007ffdff4e9000 	C:\WINDOWS\SYSTEM32\USERENV.dll
0x00007ffdffc50000 - 0x00007ffdffc77000 	C:\WINDOWS\SYSTEM32\bcrypt.dll
0x00007ffdff4f0000 - 0x00007ffdff4fc000 	C:\WINDOWS\SYSTEM32\CRYPTBASE.dll
0x00007ffdfe0c0000 - 0x00007ffdfe0ed000 	C:\WINDOWS\SYSTEM32\IPHLPAPI.DLL
0x00007ffe01b30000 - 0x00007ffe01b39000 	C:\WINDOWS\System32\NSI.dll
0x00007ffdf60f0000 - 0x00007ffdf6109000 	C:\WINDOWS\SYSTEM32\dhcpcsvc6.DLL
0x00007ffdf6590000 - 0x00007ffdf65ae000 	C:\WINDOWS\SYSTEM32\dhcpcsvc.DLL
0x00007ffdfe0f0000 - 0x00007ffdfe1d8000 	C:\WINDOWS\SYSTEM32\DNSAPI.dll

dbghelp: loaded successfully - version: 4.0.5 - missing functions: none
symbol engine: initialized successfully - sym options: 0x614 - pdb path: .;C:\Program Files\Android\Android Studio\jre\bin;C:\WINDOWS\SYSTEM32;C:\WINDOWS\WinSxS\amd64_microsoft.windows.common-controls_6595b64144ccf1df_6.0.22000.120_none_9d947278b86cc467;C:\Program Files\Android\Android Studio\jre\bin\server;C:\Users\Padma\.gradle\native\e1d6ef7f7dcc3fd88c89a11ec53ec762bb8ba0a96d01ffa2cd45eb1d1d8dd5c5\windows-amd64;C:\Users\Padma\.gradle\native\0d407fdbe67a94daf76414ababcb853783967236a71b16ec16e742cd7a986fd3\windows-amd64

VM Arguments:
jvm_args: --add-opens=java.base/java.util=ALL-UNNAMED --add-opens=java.base/java.lang=ALL-UNNAMED --add-opens=java.base/java.lang.invoke=ALL-UNNAMED --add-opens=java.base/java.util=ALL-UNNAMED --add-opens=java.prefs/java.util.prefs=ALL-UNNAMED --add-opens=java.prefs/java.util.prefs=ALL-UNNAMED --add-opens=java.base/java.nio.charset=ALL-UNNAMED --add-opens=java.base/java.net=ALL-UNNAMED --add-opens=java.base/java.util.concurrent.atomic=ALL-UNNAMED -Xmx2048m -Dfile.encoding=UTF-8 -Duser.country=CA -Duser.language=en -Duser.variant 
java_command: org.gradle.launcher.daemon.bootstrap.GradleDaemon 7.4
java_class_path (initial): C:\Users\Padma\.gradle\wrapper\dists\gradle-7.4-bin\c0gwcg53nkjbqw7r0h0umtfvt\gradle-7.4\lib\gradle-launcher-7.4.jar
Launcher Type: SUN_STANDARD

[Global flags]
     intx CICompilerCount                          = 4                                         {product} {ergonomic}
     uint ConcGCThreads                            = 2                                         {product} {ergonomic}
     uint G1ConcRefinementThreads                  = 8                                         {product} {ergonomic}
   size_t G1HeapRegionSize                         = 1048576                                   {product} {ergonomic}
    uintx GCDrainStackTargetSize                   = 64                                        {product} {ergonomic}
   size_t InitialHeapSize                          = 201326592                                 {product} {ergonomic}
   size_t MarkStackSize                            = 4194304                                   {product} {ergonomic}
   size_t MaxHeapSize                              = 2147483648                                {product} {command line}
   size_t MaxNewSize                               = 1287651328                                {product} {ergonomic}
   size_t MinHeapDeltaBytes                        = 1048576                                   {product} {ergonomic}
    uintx NonNMethodCodeHeapSize                   = 5836300                                {pd product} {ergonomic}
    uintx NonProfiledCodeHeapSize                  = 122910970                              {pd product} {ergonomic}
    uintx ProfiledCodeHeapSize                     = 122910970                              {pd product} {ergonomic}
    uintx ReservedCodeCacheSize                    = 251658240                              {pd product} {ergonomic}
     bool SegmentedCodeCache                       = true                                      {product} {ergonomic}
     bool UseCompressedClassPointers               = true                                 {lp64_product} {ergonomic}
     bool UseCompressedOops                        = true                                 {lp64_product} {ergonomic}
     bool UseG1GC                                  = true                                      {product} {ergonomic}
     bool UseLargePagesIndividualAllocation        = false                                  {pd product} {ergonomic}

Logging:
Log output configuration:
 #0: stdout all=warning uptime,level,tags
 #1: stderr all=off uptime,level,tags

Environment Variables:
JAVA_HOME=C:\Program Files\Amazon Corretto\jdk11.0.15_9
PATH=C:\Program Files\Common Files\Oracle\Java\javapath;E:\app\Padma\product\12.1.0\dbhome_1\bin;C:\Program Files (x86)\VMware\VMware Workstation\bin\;C:\Program Files\Amazon Corretto\jdk11.0.15_9\bin;C:\Program Files (x86)\Python38-32\Scripts\;C:\Program Files (x86)\Python38-32\;C:\WINDOWS\system32;C:\WINDOWS;C:\WINDOWS\System32\Wbem;C:\WINDOWS\System32\WindowsPowerShell\v1.0\;C:\WINDOWS\System32\OpenSSH\;C:\Program Files\Intel\WiFi\bin\;C:\Program Files\Common Files\Intel\WirelessCommon\;C:\Program Files (x86)\Intel\Intel(R) Management Engine Components\DAL;C:\Program Files\Intel\Intel(R) Management Engine Components\DAL;C:\Program Files\dotnet\;C:\Program Files\Microsoft SQL Server\Client SDK\ODBC\170\Tools\Binn\;C:\Program Files (x86)\Microsoft SQL Server\150\Tools\Binn\;C:\Program Files\Microsoft SQL Server\150\Tools\Binn\;C:\Program Files\Microsoft SQL Server\150\DTS\Binn\;C:\Program Files\Azure Data Studio\bin;C:\Program Files (x86)\Microsoft SQL Server\150\DTS\Binn\;C:\Program Files\Git\cmd;C:\Program Files\MySQL\MySQL Shell 8.0\bin\;C:\Users\Padma\AppData\Local\Microsoft\WindowsApps;C:\Users\Padma\AppData\Local\Programs\Microsoft VS Code\bin;C:\Program Files\Azure Data Studio\bin;
USERNAME=Padma
OS=Windows_NT
PROCESSOR_IDENTIFIER=Intel64 Family 6 Model 142 Stepping 10, GenuineIntel



---------------  S Y S T E M  ---------------

OS: Windows 11 , 64 bit Build 22000 (10.0.22000.1335)
OS uptime: 3 days 3:44 hours
Hyper-V role detected

CPU:total 8 (initial active 8) (4 cores per cpu, 2 threads per core) family 6 model 142 stepping 10 microcode 0xf0, cmov, cx8, fxsr, mmx, sse, sse2, sse3, ssse3, sse4.1, sse4.2, popcnt, avx, avx2, aes, clmul, erms, 3dnowpref, lzcnt, ht, tsc, tscinvbit, bmi1, bmi2, adx, fma

Memory: 4k page, system-wide physical 12185M (689M free)
TotalPageFile size 16283M (AvailPageFile size 5M)
current process WorkingSet (physical memory assigned to process): 326M, peak: 326M
current process commit charge ("private bytes"): 413M, peak: 413M

vm_info: OpenJDK 64-Bit Server VM (11.0.13+0-b1751.21-8125866) for windows-amd64 JRE (11.0.13+0-b1751.21-8125866), built on Feb  2 2022 03:00:22 by "builder" with MS VC++ 14.0 (VS2015)

END.
