#
# There is insufficient memory for the Java Runtime Environment to continue.
# Native memory allocation (malloc) failed to allocate 293136 bytes for Chunk::new
# Possible reasons:
#   The system is out of physical RAM or swap space
#   The process is running with CompressedOops enabled, and the Java Heap may be blocking the growth of the native heap
# Possible solutions:
#   Reduce memory load on the system
#   Increase physical memory or swap space
#   Check if swap backing store is full
#   Decrease Java heap size (-Xmx/-Xms)
#   Decrease number of Java threads
#   Decrease Java thread stack sizes (-Xss)
#   Set larger code cache with -XX:ReservedCodeCacheSize=
#   JVM is running with Unscaled Compressed Oops mode in which the Java heap is
#     placed in the first 4GB address space. The Java Heap base address is the
#     maximum limit for the native heap growth. Please use -XX:HeapBaseMinAddress
#     to set the Java Heap base and to place the Java Heap above 4GB virtual address.
# This output file may be truncated or incomplete.
#
#  Out of Memory Error (./src/hotspot/share/memory/arena.cpp:197), pid=14404, tid=18844
#
# JRE version: OpenJDK Runtime Environment (11.0.13) (build 11.0.13+0-b1751.21-8125866)
# Java VM: OpenJDK 64-Bit Server VM (11.0.13+0-b1751.21-8125866, mixed mode, tiered, compressed oops, g1 gc, windows-amd64)
# No core dump will be written. Minidumps are not enabled by default on client versions of Windows
#

---------------  S U M M A R Y ------------

Command Line: --add-opens=java.base/java.util=ALL-UNNAMED --add-opens=java.base/java.lang=ALL-UNNAMED --add-opens=java.base/java.lang.invoke=ALL-UNNAMED --add-opens=java.base/java.util=ALL-UNNAMED --add-opens=java.prefs/java.util.prefs=ALL-UNNAMED --add-opens=java.prefs/java.util.prefs=ALL-UNNAMED --add-opens=java.base/java.nio.charset=ALL-UNNAMED --add-opens=java.base/java.net=ALL-UNNAMED --add-opens=java.base/java.util.concurrent.atomic=ALL-UNNAMED -Xmx2048m -Dfile.encoding=UTF-8 -Duser.country=CA -Duser.language=en -Duser.variant org.gradle.launcher.daemon.bootstrap.GradleDaemon 7.4

Host: Intel(R) Core(TM) i7-8550U CPU @ 1.80GHz, 8 cores, 11G,  Windows 11 , 64 bit Build 22000 (10.0.22000.1335)
Time: Sun Jan 22 23:07:55 2023 Eastern Standard Time elapsed time: 3.061025 seconds (0d 0h 0m 3s)

---------------  T H R E A D  ---------------

Current thread (0x000001e032619000):  JavaThread "C2 CompilerThread0" daemon [_thread_in_native, id=18844, stack(0x0000003163e00000,0x0000003163f00000)]


Current CompileTask:
C2:   3061 1977       4       jdk.internal.org.objectweb.asm.ClassWriter::newUTF8 (70 bytes)

Stack: [0x0000003163e00000,0x0000003163f00000]
Native frames: (J=compiled Java code, j=interpreted, Vv=VM code, C=native code)
V  [jvm.dll+0x6100fa]
V  [jvm.dll+0x747090]
V  [jvm.dll+0x7486ad]
V  [jvm.dll+0x748d83]
V  [jvm.dll+0x24ab48]
V  [jvm.dll+0xc04dc]
V  [jvm.dll+0xc0a0c]
V  [jvm.dll+0x35eb9d]
V  [jvm.dll+0x32b833]
V  [jvm.dll+0x32ad2a]
V  [jvm.dll+0x2032b2]
V  [jvm.dll+0x202437]
V  [jvm.dll+0x188e01]
V  [jvm.dll+0x21106b]
V  [jvm.dll+0x20f8c1]
V  [jvm.dll+0x70de0f]
V  [jvm.dll+0x706a75]
V  [jvm.dll+0x60ed66]
C  [ucrtbase.dll+0x26c0c]
C  [KERNEL32.DLL+0x155a0]
C  [ntdll.dll+0x485b]


---------------  P R O C E S S  ---------------

Threads class SMR info:
_java_thread_list=0x000001e034a05210, length=23, elements={
0x000001e0178e3000, 0x000001e0325b1800, 0x000001e0325ba000, 0x000001e032613800,
0x000001e032616800, 0x000001e032618000, 0x000001e032619000, 0x000001e03261e000,
0x000001e03262a800, 0x000001e0327a1800, 0x000001e03516f000, 0x000001e0329ad000,
0x000001e033721800, 0x000001e034bd6000, 0x000001e034be6800, 0x000001e03362e000,
0x000001e033dc0800, 0x000001e034a44000, 0x000001e03451b000, 0x000001e034bcb800,
0x000001e034615000, 0x000001e034617800, 0x000001e03461a000
}

Java Threads: ( => current thread )
  0x000001e0178e3000 JavaThread "main" [_thread_blocked, id=1008, stack(0x0000003163200000,0x0000003163300000)]
  0x000001e0325b1800 JavaThread "Reference Handler" daemon [_thread_blocked, id=3596, stack(0x0000003163900000,0x0000003163a00000)]
  0x000001e0325ba000 JavaThread "Finalizer" daemon [_thread_blocked, id=17936, stack(0x0000003163a00000,0x0000003163b00000)]
  0x000001e032613800 JavaThread "Signal Dispatcher" daemon [_thread_blocked, id=14704, stack(0x0000003163b00000,0x0000003163c00000)]
  0x000001e032616800 JavaThread "Attach Listener" daemon [_thread_blocked, id=11820, stack(0x0000003163c00000,0x0000003163d00000)]
  0x000001e032618000 JavaThread "Service Thread" daemon [_thread_blocked, id=4600, stack(0x0000003163d00000,0x0000003163e00000)]
=>0x000001e032619000 JavaThread "C2 CompilerThread0" daemon [_thread_in_native, id=18844, stack(0x0000003163e00000,0x0000003163f00000)]
  0x000001e03261e000 JavaThread "C1 CompilerThread0" daemon [_thread_blocked, id=16500, stack(0x0000003163f00000,0x0000003164000000)]
  0x000001e03262a800 JavaThread "Sweeper thread" daemon [_thread_blocked, id=1724, stack(0x0000003164000000,0x0000003164100000)]
  0x000001e0327a1800 JavaThread "Common-Cleaner" daemon [_thread_blocked, id=5388, stack(0x0000003164100000,0x0000003164200000)]
  0x000001e03516f000 JavaThread "Daemon health stats" [_thread_blocked, id=2016, stack(0x0000003164800000,0x0000003164900000)]
  0x000001e0329ad000 JavaThread "Incoming local TCP Connector on port 52189" [_thread_in_native, id=2864, stack(0x0000003164300000,0x0000003164400000)]
  0x000001e033721800 JavaThread "Daemon periodic checks" [_thread_blocked, id=8016, stack(0x0000003164400000,0x0000003164500000)]
  0x000001e034bd6000 JavaThread "Daemon" [_thread_blocked, id=19616, stack(0x0000003164900000,0x0000003164a00000)]
  0x000001e034be6800 JavaThread "Handler for socket connection from /127.0.0.1:52189 to /127.0.0.1:52190" [_thread_in_native, id=19652, stack(0x0000003164a00000,0x0000003164b00000)]
  0x000001e03362e000 JavaThread "Cancel handler" [_thread_blocked, id=6432, stack(0x0000003164b00000,0x0000003164c00000)]
  0x000001e033dc0800 JavaThread "Daemon worker" [_thread_blocked, id=19084, stack(0x0000003164c00000,0x0000003164d00000)]
  0x000001e034a44000 JavaThread "Asynchronous log dispatcher for DefaultDaemonConnection: socket connection from /127.0.0.1:52189 to /127.0.0.1:52190" [_thread_blocked, id=9272, stack(0x0000003164d00000,0x0000003164e00000)]
  0x000001e03451b000 JavaThread "Stdin handler" [_thread_blocked, id=12396, stack(0x0000003164e00000,0x0000003164f00000)]
  0x000001e034bcb800 JavaThread "Daemon client event forwarder" [_thread_blocked, id=14472, stack(0x0000003164f00000,0x0000003165000000)]
  0x000001e034615000 JavaThread "Cache worker for journal cache (C:\Users\Padma\.gradle\caches\journal-1)" [_thread_blocked, id=11872, stack(0x0000003165000000,0x0000003165100000)]
  0x000001e034617800 JavaThread "File lock request listener" [_thread_in_native, id=7028, stack(0x0000003165100000,0x0000003165200000)]
  0x000001e03461a000 JavaThread "Cache worker for file hash cache (C:\Users\Padma\.gradle\caches\7.4\fileHashes)" [_thread_blocked, id=17124, stack(0x0000003165200000,0x0000003165300000)]

Other Threads:
  0x000001e031dae000 VMThread "VM Thread" [stack: 0x0000003163800000,0x0000003163900000] [id=1872]
  0x000001e0327bf800 WatcherThread [stack: 0x0000003164200000,0x0000003164300000] [id=2404]
  0x000001e0178fa000 GCTaskThread "GC Thread#0" [stack: 0x0000003163300000,0x0000003163400000] [id=3364]
  0x000001e03372f800 GCTaskThread "GC Thread#1" [stack: 0x0000003164500000,0x0000003164600000] [id=16704]
  0x000001e033b47000 GCTaskThread "GC Thread#2" [stack: 0x0000003164600000,0x0000003164700000] [id=21268]
  0x000001e0335ef000 GCTaskThread "GC Thread#3" [stack: 0x0000003164700000,0x0000003164800000] [id=12796]
  0x000001e0350dd000 GCTaskThread "GC Thread#4" [stack: 0x0000003165300000,0x0000003165400000] [id=11616]
  0x000001e0347d1000 GCTaskThread "GC Thread#5" [stack: 0x0000003165400000,0x0000003165500000] [id=21276]
  0x000001e035769000 GCTaskThread "GC Thread#6" [stack: 0x0000003165500000,0x0000003165600000] [id=14876]
  0x000001e035184000 GCTaskThread "GC Thread#7" [stack: 0x0000003165600000,0x0000003165700000] [id=1328]
  0x000001e01792e800 ConcurrentGCThread "G1 Main Marker" [stack: 0x0000003163400000,0x0000003163500000] [id=18428]
  0x000001e017930800 ConcurrentGCThread "G1 Conc#0" [stack: 0x0000003163500000,0x0000003163600000] [id=6120]
  0x000001e033142800 ConcurrentGCThread "G1 Conc#1" [stack: 0x0000003165700000,0x0000003165800000] [id=11640]
  0x000001e031bfa800 ConcurrentGCThread "G1 Refine#0" [stack: 0x0000003163600000,0x0000003163700000] [id=1404]
  0x000001e031bfd000 ConcurrentGCThread "G1 Young RemSet Sampling" [stack: 0x0000003163700000,0x0000003163800000] [id=14728]

Threads with active compile tasks:
C2 CompilerThread0   3078 1977       4       jdk.internal.org.objectweb.asm.ClassWriter::newUTF8 (70 bytes)

VM state:at safepoint (normal execution)

VM Mutex/Monitor currently owned by a thread:  ([mutex/lock_event])
[0x000001e0178dee60] Threads_lock - owner thread: 0x000001e031dae000
[0x000001e0178df7f0] Heap_lock - owner thread: 0x000001e033dc0800

Heap address: 0x0000000080000000, size: 2048 MB, Compressed Oops mode: 32-bit
Narrow klass base: 0x0000000000000000, Narrow klass shift: 3
Compressed class space size: 1073741824 Address: 0x0000000100000000

Heap:
 garbage-first heap   total 196608K, used 17572K [0x0000000080000000, 0x0000000100000000)
  region size 1024K, 9 young (9216K), 9 survivors (9216K)
 Metaspace       used 22039K, capacity 22528K, committed 22704K, reserved 1091584K
  class space    used 2755K, capacity 2966K, committed 3072K, reserved 1048576K
Heap Regions: E=young(eden), S=young(survivor), O=old, HS=humongous(starts), HC=humongous(continues), CS=collection set, F=free, A=archive, TAMS=top-at-mark-start (previous, next)
|   0|0x0000000080000000, 0x0000000080100000, 0x0000000080100000|100%| O|  |TAMS 0x0000000080000000, 0x0000000080100000| Untracked 
|   1|0x0000000080100000, 0x00000000801f1600, 0x0000000080200000| 94%| O|  |TAMS 0x0000000080100000, 0x00000000801f1600| Untracked 
|   2|0x0000000080200000, 0x0000000080200000, 0x0000000080300000|  0%| F|  |TAMS 0x0000000080200000, 0x0000000080200000| Untracked 
|   3|0x0000000080300000, 0x0000000080400000, 0x0000000080400000|100%|HS|  |TAMS 0x0000000080400000, 0x0000000080400000| Complete 
|   4|0x0000000080400000, 0x0000000080500000, 0x0000000080500000|100%|HC|  |TAMS 0x0000000080500000, 0x0000000080500000| Complete 
|   5|0x0000000080500000, 0x0000000080600000, 0x0000000080600000|100%|HC|  |TAMS 0x0000000080600000, 0x0000000080600000| Complete 
|   6|0x0000000080600000, 0x0000000080700000, 0x0000000080700000|100%| O|  |TAMS 0x0000000080700000, 0x0000000080700000| Untracked 
|   7|0x0000000080700000, 0x0000000080800000, 0x0000000080800000|100%| O|  |TAMS 0x0000000080800000, 0x0000000080800000| Untracked 
|   8|0x0000000080800000, 0x0000000080900000, 0x0000000080900000|100%| O|  |TAMS 0x0000000080900000, 0x0000000080900000| Untracked 
|   9|0x0000000080900000, 0x0000000080a00000, 0x0000000080a00000|100%| O|  |TAMS 0x000000008095cc00, 0x0000000080a00000| Untracked 
|  10|0x0000000080a00000, 0x0000000080a00000, 0x0000000080b00000|  0%| F|  |TAMS 0x0000000080a00000, 0x0000000080a00000| Untracked 
|  11|0x0000000080b00000, 0x0000000080b00000, 0x0000000080c00000|  0%| F|  |TAMS 0x0000000080b00000, 0x0000000080b00000| Untracked 
|  12|0x0000000080c00000, 0x0000000080c00000, 0x0000000080d00000|  0%| F|  |TAMS 0x0000000080c00000, 0x0000000080c00000| Untracked 
|  13|0x0000000080d00000, 0x0000000080d00000, 0x0000000080e00000|  0%| F|  |TAMS 0x0000000080d00000, 0x0000000080d00000| Untracked 
|  14|0x0000000080e00000, 0x0000000080e00000, 0x0000000080f00000|  0%| F|  |TAMS 0x0000000080e00000, 0x0000000080e00000| Untracked 
|  15|0x0000000080f00000, 0x0000000080f00000, 0x0000000081000000|  0%| F|  |TAMS 0x0000000080f00000, 0x0000000080f00000| Untracked 
|  16|0x0000000081000000, 0x0000000081000000, 0x0000000081100000|  0%| F|  |TAMS 0x0000000081000000, 0x0000000081000000| Untracked 
|  17|0x0000000081100000, 0x0000000081100000, 0x0000000081200000|  0%| F|  |TAMS 0x0000000081100000, 0x0000000081100000| Untracked 
|  18|0x0000000081200000, 0x0000000081200000, 0x0000000081300000|  0%| F|  |TAMS 0x0000000081200000, 0x0000000081200000| Untracked 
|  19|0x0000000081300000, 0x0000000081300000, 0x0000000081400000|  0%| F|  |TAMS 0x0000000081300000, 0x0000000081300000| Untracked 
|  20|0x0000000081400000, 0x0000000081400000, 0x0000000081500000|  0%| F|  |TAMS 0x0000000081400000, 0x0000000081400000| Untracked 
|  21|0x0000000081500000, 0x0000000081500000, 0x0000000081600000|  0%| F|  |TAMS 0x0000000081500000, 0x0000000081500000| Untracked 
|  22|0x0000000081600000, 0x0000000081600000, 0x0000000081700000|  0%| F|  |TAMS 0x0000000081600000, 0x0000000081600000| Untracked 
|  23|0x0000000081700000, 0x0000000081700000, 0x0000000081800000|  0%| F|  |TAMS 0x0000000081700000, 0x0000000081700000| Untracked 
|  24|0x0000000081800000, 0x0000000081800000, 0x0000000081900000|  0%| F|  |TAMS 0x0000000081800000, 0x0000000081800000| Untracked 
|  25|0x0000000081900000, 0x0000000081900000, 0x0000000081a00000|  0%| F|  |TAMS 0x0000000081900000, 0x0000000081900000| Untracked 
|  26|0x0000000081a00000, 0x0000000081a00000, 0x0000000081b00000|  0%| F|  |TAMS 0x0000000081a00000, 0x0000000081a00000| Untracked 
|  27|0x0000000081b00000, 0x0000000081b00000, 0x0000000081c00000|  0%| F|  |TAMS 0x0000000081b00000, 0x0000000081b00000| Untracked 
|  28|0x0000000081c00000, 0x0000000081c00000, 0x0000000081d00000|  0%| F|  |TAMS 0x0000000081c00000, 0x0000000081c00000| Untracked 
|  29|0x0000000081d00000, 0x0000000081d00000, 0x0000000081e00000|  0%| F|  |TAMS 0x0000000081d00000, 0x0000000081d00000| Untracked 
|  30|0x0000000081e00000, 0x0000000081e00000, 0x0000000081f00000|  0%| F|  |TAMS 0x0000000081e00000, 0x0000000081e00000| Untracked 
|  31|0x0000000081f00000, 0x0000000081f00000, 0x0000000082000000|  0%| F|  |TAMS 0x0000000081f00000, 0x0000000081f00000| Untracked 
|  32|0x0000000082000000, 0x0000000082000000, 0x0000000082100000|  0%| F|  |TAMS 0x0000000082000000, 0x0000000082000000| Untracked 
|  33|0x0000000082100000, 0x0000000082100000, 0x0000000082200000|  0%| F|  |TAMS 0x0000000082100000, 0x0000000082100000| Untracked 
|  34|0x0000000082200000, 0x0000000082200000, 0x0000000082300000|  0%| F|  |TAMS 0x0000000082200000, 0x0000000082200000| Untracked 
|  35|0x0000000082300000, 0x0000000082300000, 0x0000000082400000|  0%| F|  |TAMS 0x0000000082300000, 0x0000000082300000| Untracked 
|  36|0x0000000082400000, 0x0000000082400000, 0x0000000082500000|  0%| F|  |TAMS 0x0000000082400000, 0x0000000082400000| Untracked 
|  37|0x0000000082500000, 0x0000000082500000, 0x0000000082600000|  0%| F|  |TAMS 0x0000000082500000, 0x0000000082500000| Untracked 
|  38|0x0000000082600000, 0x0000000082600000, 0x0000000082700000|  0%| F|  |TAMS 0x0000000082600000, 0x0000000082600000| Untracked 
|  39|0x0000000082700000, 0x0000000082700000, 0x0000000082800000|  0%| F|  |TAMS 0x0000000082700000, 0x0000000082700000| Untracked 
|  40|0x0000000082800000, 0x0000000082800000, 0x0000000082900000|  0%| F|  |TAMS 0x0000000082800000, 0x0000000082800000| Untracked 
|  41|0x0000000082900000, 0x0000000082900000, 0x0000000082a00000|  0%| F|  |TAMS 0x0000000082900000, 0x0000000082900000| Untracked 
|  42|0x0000000082a00000, 0x0000000082a00000, 0x0000000082b00000|  0%| F|  |TAMS 0x0000000082a00000, 0x0000000082a00000| Untracked 
|  43|0x0000000082b00000, 0x0000000082b00000, 0x0000000082c00000|  0%| F|  |TAMS 0x0000000082b00000, 0x0000000082b00000| Untracked 
|  44|0x0000000082c00000, 0x0000000082c00000, 0x0000000082d00000|  0%| F|  |TAMS 0x0000000082c00000, 0x0000000082c00000| Untracked 
|  45|0x0000000082d00000, 0x0000000082d00000, 0x0000000082e00000|  0%| F|  |TAMS 0x0000000082d00000, 0x0000000082d00000| Untracked 
|  46|0x0000000082e00000, 0x0000000082e00000, 0x0000000082f00000|  0%| F|  |TAMS 0x0000000082e00000, 0x0000000082e00000| Untracked 
|  47|0x0000000082f00000, 0x0000000082f00000, 0x0000000083000000|  0%| F|  |TAMS 0x0000000082f00000, 0x0000000082f00000| Untracked 
|  48|0x0000000083000000, 0x0000000083000000, 0x0000000083100000|  0%| F|  |TAMS 0x0000000083000000, 0x0000000083000000| Untracked 
|  49|0x0000000083100000, 0x0000000083100000, 0x0000000083200000|  0%| F|  |TAMS 0x0000000083100000, 0x0000000083100000| Untracked 
|  50|0x0000000083200000, 0x0000000083200000, 0x0000000083300000|  0%| F|  |TAMS 0x0000000083200000, 0x0000000083200000| Untracked 
|  51|0x0000000083300000, 0x0000000083300000, 0x0000000083400000|  0%| F|  |TAMS 0x0000000083300000, 0x0000000083300000| Untracked 
|  52|0x0000000083400000, 0x0000000083400000, 0x0000000083500000|  0%| F|  |TAMS 0x0000000083400000, 0x0000000083400000| Untracked 
|  53|0x0000000083500000, 0x0000000083500000, 0x0000000083600000|  0%| F|  |TAMS 0x0000000083500000, 0x0000000083500000| Untracked 
|  54|0x0000000083600000, 0x0000000083600000, 0x0000000083700000|  0%| F|  |TAMS 0x0000000083600000, 0x0000000083600000| Untracked 
|  55|0x0000000083700000, 0x0000000083700000, 0x0000000083800000|  0%| F|  |TAMS 0x0000000083700000, 0x0000000083700000| Untracked 
|  56|0x0000000083800000, 0x0000000083800000, 0x0000000083900000|  0%| F|  |TAMS 0x0000000083800000, 0x0000000083800000| Untracked 
|  57|0x0000000083900000, 0x0000000083900000, 0x0000000083a00000|  0%| F|  |TAMS 0x0000000083900000, 0x0000000083900000| Untracked 
|  58|0x0000000083a00000, 0x0000000083a00000, 0x0000000083b00000|  0%| F|  |TAMS 0x0000000083a00000, 0x0000000083a00000| Untracked 
|  59|0x0000000083b00000, 0x0000000083b00000, 0x0000000083c00000|  0%| F|  |TAMS 0x0000000083b00000, 0x0000000083b00000| Untracked 
|  60|0x0000000083c00000, 0x0000000083c00000, 0x0000000083d00000|  0%| F|  |TAMS 0x0000000083c00000, 0x0000000083c00000| Untracked 
|  61|0x0000000083d00000, 0x0000000083d00000, 0x0000000083e00000|  0%| F|  |TAMS 0x0000000083d00000, 0x0000000083d00000| Untracked 
|  62|0x0000000083e00000, 0x0000000083e00000, 0x0000000083f00000|  0%| F|  |TAMS 0x0000000083e00000, 0x0000000083e00000| Untracked 
|  63|0x0000000083f00000, 0x0000000083f00000, 0x0000000084000000|  0%| F|  |TAMS 0x0000000083f00000, 0x0000000083f00000| Untracked 
|  64|0x0000000084000000, 0x0000000084000000, 0x0000000084100000|  0%| F|  |TAMS 0x0000000084000000, 0x0000000084000000| Untracked 
|  65|0x0000000084100000, 0x0000000084100000, 0x0000000084200000|  0%| F|  |TAMS 0x0000000084100000, 0x0000000084100000| Untracked 
|  66|0x0000000084200000, 0x0000000084200000, 0x0000000084300000|  0%| F|  |TAMS 0x0000000084200000, 0x0000000084200000| Untracked 
|  67|0x0000000084300000, 0x0000000084300000, 0x0000000084400000|  0%| F|  |TAMS 0x0000000084300000, 0x0000000084300000| Untracked 
|  68|0x0000000084400000, 0x0000000084400000, 0x0000000084500000|  0%| F|  |TAMS 0x0000000084400000, 0x0000000084400000| Untracked 
|  69|0x0000000084500000, 0x0000000084500000, 0x0000000084600000|  0%| F|  |TAMS 0x0000000084500000, 0x0000000084500000| Untracked 
|  70|0x0000000084600000, 0x0000000084600000, 0x0000000084700000|  0%| F|  |TAMS 0x0000000084600000, 0x0000000084600000| Untracked 
|  71|0x0000000084700000, 0x0000000084700000, 0x0000000084800000|  0%| F|  |TAMS 0x0000000084700000, 0x0000000084700000| Untracked 
|  72|0x0000000084800000, 0x0000000084800000, 0x0000000084900000|  0%| F|  |TAMS 0x0000000084800000, 0x0000000084800000| Untracked 
|  73|0x0000000084900000, 0x0000000084900000, 0x0000000084a00000|  0%| F|  |TAMS 0x0000000084900000, 0x0000000084900000| Untracked 
|  74|0x0000000084a00000, 0x0000000084a00000, 0x0000000084b00000|  0%| F|  |TAMS 0x0000000084a00000, 0x0000000084a00000| Untracked 
|  75|0x0000000084b00000, 0x0000000084b00000, 0x0000000084c00000|  0%| F|  |TAMS 0x0000000084b00000, 0x0000000084b00000| Untracked 
|  76|0x0000000084c00000, 0x0000000084c00000, 0x0000000084d00000|  0%| F|  |TAMS 0x0000000084c00000, 0x0000000084c00000| Untracked 
|  77|0x0000000084d00000, 0x0000000084d00000, 0x0000000084e00000|  0%| F|  |TAMS 0x0000000084d00000, 0x0000000084d00000| Untracked 
|  78|0x0000000084e00000, 0x0000000084e00000, 0x0000000084f00000|  0%| F|  |TAMS 0x0000000084e00000, 0x0000000084e00000| Untracked 
|  79|0x0000000084f00000, 0x0000000084f00000, 0x0000000085000000|  0%| F|  |TAMS 0x0000000084f00000, 0x0000000084f00000| Untracked 
|  80|0x0000000085000000, 0x0000000085000000, 0x0000000085100000|  0%| F|  |TAMS 0x0000000085000000, 0x0000000085000000| Untracked 
|  81|0x0000000085100000, 0x0000000085100000, 0x0000000085200000|  0%| F|  |TAMS 0x0000000085100000, 0x0000000085100000| Untracked 
|  82|0x0000000085200000, 0x0000000085200000, 0x0000000085300000|  0%| F|  |TAMS 0x0000000085200000, 0x0000000085200000| Untracked 
|  83|0x0000000085300000, 0x0000000085300000, 0x0000000085400000|  0%| F|  |TAMS 0x0000000085300000, 0x0000000085300000| Untracked 
|  84|0x0000000085400000, 0x0000000085400000, 0x0000000085500000|  0%| F|  |TAMS 0x0000000085400000, 0x0000000085400000| Untracked 
|  85|0x0000000085500000, 0x0000000085500000, 0x0000000085600000|  0%| F|  |TAMS 0x0000000085500000, 0x0000000085500000| Untracked 
|  86|0x0000000085600000, 0x0000000085600000, 0x0000000085700000|  0%| F|  |TAMS 0x0000000085600000, 0x0000000085600000| Untracked 
|  87|0x0000000085700000, 0x0000000085700000, 0x0000000085800000|  0%| F|  |TAMS 0x0000000085700000, 0x0000000085700000| Untracked 
|  88|0x0000000085800000, 0x0000000085800000, 0x0000000085900000|  0%| F|  |TAMS 0x0000000085800000, 0x0000000085800000| Untracked 
|  89|0x0000000085900000, 0x0000000085900000, 0x0000000085a00000|  0%| F|  |TAMS 0x0000000085900000, 0x0000000085900000| Untracked 
|  90|0x0000000085a00000, 0x0000000085a00000, 0x0000000085b00000|  0%| F|  |TAMS 0x0000000085a00000, 0x0000000085a00000| Untracked 
|  91|0x0000000085b00000, 0x0000000085b00000, 0x0000000085c00000|  0%| F|  |TAMS 0x0000000085b00000, 0x0000000085b00000| Untracked 
|  92|0x0000000085c00000, 0x0000000085c00000, 0x0000000085d00000|  0%| F|  |TAMS 0x0000000085c00000, 0x0000000085c00000| Untracked 
|  93|0x0000000085d00000, 0x0000000085d00000, 0x0000000085e00000|  0%| F|  |TAMS 0x0000000085d00000, 0x0000000085d00000| Untracked 
|  94|0x0000000085e00000, 0x0000000085e00000, 0x0000000085f00000|  0%| F|  |TAMS 0x0000000085e00000, 0x0000000085e00000| Untracked 
|  95|0x0000000085f00000, 0x0000000085f00000, 0x0000000086000000|  0%| F|  |TAMS 0x0000000085f00000, 0x0000000085f00000| Untracked 
|  96|0x0000000086000000, 0x0000000086000000, 0x0000000086100000|  0%| F|  |TAMS 0x0000000086000000, 0x0000000086000000| Untracked 
|  97|0x0000000086100000, 0x0000000086100000, 0x0000000086200000|  0%| F|  |TAMS 0x0000000086100000, 0x0000000086100000| Untracked 
|  98|0x0000000086200000, 0x0000000086200000, 0x0000000086300000|  0%| F|  |TAMS 0x0000000086200000, 0x0000000086200000| Untracked 
|  99|0x0000000086300000, 0x0000000086300000, 0x0000000086400000|  0%| F|  |TAMS 0x0000000086300000, 0x0000000086300000| Untracked 
| 100|0x0000000086400000, 0x0000000086400000, 0x0000000086500000|  0%| F|  |TAMS 0x0000000086400000, 0x0000000086400000| Untracked 
| 101|0x0000000086500000, 0x0000000086500000, 0x0000000086600000|  0%| F|  |TAMS 0x0000000086500000, 0x0000000086500000| Untracked 
| 102|0x0000000086600000, 0x0000000086600000, 0x0000000086700000|  0%| F|  |TAMS 0x0000000086600000, 0x0000000086600000| Untracked 
| 103|0x0000000086700000, 0x0000000086700000, 0x0000000086800000|  0%| F|  |TAMS 0x0000000086700000, 0x0000000086700000| Untracked 
| 104|0x0000000086800000, 0x0000000086800000, 0x0000000086900000|  0%| F|  |TAMS 0x0000000086800000, 0x0000000086800000| Untracked 
| 105|0x0000000086900000, 0x0000000086900000, 0x0000000086a00000|  0%| F|  |TAMS 0x0000000086900000, 0x0000000086900000| Untracked 
| 106|0x0000000086a00000, 0x0000000086a00000, 0x0000000086b00000|  0%| F|  |TAMS 0x0000000086a00000, 0x0000000086a00000| Untracked 
| 107|0x0000000086b00000, 0x0000000086b00000, 0x0000000086c00000|  0%| F|  |TAMS 0x0000000086b00000, 0x0000000086b00000| Untracked 
| 108|0x0000000086c00000, 0x0000000086c00000, 0x0000000086d00000|  0%| F|  |TAMS 0x0000000086c00000, 0x0000000086c00000| Untracked 
| 109|0x0000000086d00000, 0x0000000086d00000, 0x0000000086e00000|  0%| F|  |TAMS 0x0000000086d00000, 0x0000000086d00000| Untracked 
| 110|0x0000000086e00000, 0x0000000086e00000, 0x0000000086f00000|  0%| F|  |TAMS 0x0000000086e00000, 0x0000000086e00000| Untracked 
| 111|0x0000000086f00000, 0x0000000086f00000, 0x0000000087000000|  0%| F|  |TAMS 0x0000000086f00000, 0x0000000086f00000| Untracked 
| 112|0x0000000087000000, 0x0000000087000000, 0x0000000087100000|  0%| F|  |TAMS 0x0000000087000000, 0x0000000087000000| Untracked 
| 113|0x0000000087100000, 0x0000000087100000, 0x0000000087200000|  0%| F|  |TAMS 0x0000000087100000, 0x0000000087100000| Untracked 
| 114|0x0000000087200000, 0x0000000087200000, 0x0000000087300000|  0%| F|  |TAMS 0x0000000087200000, 0x0000000087200000| Untracked 
| 115|0x0000000087300000, 0x0000000087300000, 0x0000000087400000|  0%| F|  |TAMS 0x0000000087300000, 0x0000000087300000| Untracked 
| 116|0x0000000087400000, 0x0000000087400000, 0x0000000087500000|  0%| F|  |TAMS 0x0000000087400000, 0x0000000087400000| Untracked 
| 117|0x0000000087500000, 0x0000000087500000, 0x0000000087600000|  0%| F|  |TAMS 0x0000000087500000, 0x0000000087500000| Untracked 
| 118|0x0000000087600000, 0x0000000087600000, 0x0000000087700000|  0%| F|  |TAMS 0x0000000087600000, 0x0000000087600000| Untracked 
| 119|0x0000000087700000, 0x0000000087700000, 0x0000000087800000|  0%| F|  |TAMS 0x0000000087700000, 0x0000000087700000| Untracked 
| 120|0x0000000087800000, 0x0000000087800000, 0x0000000087900000|  0%| F|  |TAMS 0x0000000087800000, 0x0000000087800000| Untracked 
| 121|0x0000000087900000, 0x0000000087900000, 0x0000000087a00000|  0%| F|  |TAMS 0x0000000087900000, 0x0000000087900000| Untracked 
| 122|0x0000000087a00000, 0x0000000087a00000, 0x0000000087b00000|  0%| F|  |TAMS 0x0000000087a00000, 0x0000000087a00000| Untracked 
| 123|0x0000000087b00000, 0x0000000087b00000, 0x0000000087c00000|  0%| F|  |TAMS 0x0000000087b00000, 0x0000000087b00000| Untracked 
| 124|0x0000000087c00000, 0x0000000087c00000, 0x0000000087d00000|  0%| F|  |TAMS 0x0000000087c00000, 0x0000000087c00000| Untracked 
| 125|0x0000000087d00000, 0x0000000087d00000, 0x0000000087e00000|  0%| F|  |TAMS 0x0000000087d00000, 0x0000000087d00000| Untracked 
| 126|0x0000000087e00000, 0x0000000087e00000, 0x0000000087f00000|  0%| F|  |TAMS 0x0000000087e00000, 0x0000000087e00000| Untracked 
| 127|0x0000000087f00000, 0x0000000087f00000, 0x0000000088000000|  0%| F|  |TAMS 0x0000000087f00000, 0x0000000087f00000| Untracked 
| 128|0x0000000088000000, 0x0000000088000000, 0x0000000088100000|  0%| F|  |TAMS 0x0000000088000000, 0x0000000088000000| Untracked 
| 129|0x0000000088100000, 0x0000000088100000, 0x0000000088200000|  0%| F|  |TAMS 0x0000000088100000, 0x0000000088100000| Untracked 
| 130|0x0000000088200000, 0x0000000088200000, 0x0000000088300000|  0%| F|  |TAMS 0x0000000088200000, 0x0000000088200000| Untracked 
| 131|0x0000000088300000, 0x0000000088300000, 0x0000000088400000|  0%| F|  |TAMS 0x0000000088300000, 0x0000000088300000| Untracked 
| 132|0x0000000088400000, 0x0000000088400000, 0x0000000088500000|  0%| F|  |TAMS 0x0000000088400000, 0x0000000088400000| Untracked 
| 133|0x0000000088500000, 0x0000000088500000, 0x0000000088600000|  0%| F|  |TAMS 0x0000000088500000, 0x0000000088500000| Untracked 
| 134|0x0000000088600000, 0x0000000088600000, 0x0000000088700000|  0%| F|  |TAMS 0x0000000088600000, 0x0000000088600000| Untracked 
| 135|0x0000000088700000, 0x0000000088700000, 0x0000000088800000|  0%| F|  |TAMS 0x0000000088700000, 0x0000000088700000| Untracked 
| 136|0x0000000088800000, 0x0000000088800000, 0x0000000088900000|  0%| F|  |TAMS 0x0000000088800000, 0x0000000088800000| Untracked 
| 137|0x0000000088900000, 0x0000000088900000, 0x0000000088a00000|  0%| F|  |TAMS 0x0000000088900000, 0x0000000088900000| Untracked 
| 138|0x0000000088a00000, 0x0000000088a00000, 0x0000000088b00000|  0%| F|  |TAMS 0x0000000088a00000, 0x0000000088a00000| Untracked 
| 139|0x0000000088b00000, 0x0000000088b00000, 0x0000000088c00000|  0%| F|  |TAMS 0x0000000088b00000, 0x0000000088b00000| Untracked 
| 140|0x0000000088c00000, 0x0000000088c00000, 0x0000000088d00000|  0%| F|  |TAMS 0x0000000088c00000, 0x0000000088c00000| Untracked 
| 141|0x0000000088d00000, 0x0000000088d00000, 0x0000000088e00000|  0%| F|  |TAMS 0x0000000088d00000, 0x0000000088d00000| Untracked 
| 142|0x0000000088e00000, 0x0000000088e00000, 0x0000000088f00000|  0%| F|  |TAMS 0x0000000088e00000, 0x0000000088e00000| Untracked 
| 143|0x0000000088f00000, 0x0000000088f00000, 0x0000000089000000|  0%| F|  |TAMS 0x0000000088f00000, 0x0000000088f00000| Untracked 
| 144|0x0000000089000000, 0x0000000089000000, 0x0000000089100000|  0%| F|  |TAMS 0x0000000089000000, 0x0000000089000000| Untracked 
| 145|0x0000000089100000, 0x0000000089100000, 0x0000000089200000|  0%| F|  |TAMS 0x0000000089100000, 0x0000000089100000| Untracked 
| 146|0x0000000089200000, 0x0000000089200000, 0x0000000089300000|  0%| F|  |TAMS 0x0000000089200000, 0x0000000089200000| Untracked 
| 147|0x0000000089300000, 0x0000000089300000, 0x0000000089400000|  0%| F|  |TAMS 0x0000000089300000, 0x0000000089300000| Untracked 
| 148|0x0000000089400000, 0x0000000089400000, 0x0000000089500000|  0%| F|  |TAMS 0x0000000089400000, 0x0000000089400000| Untracked 
| 149|0x0000000089500000, 0x0000000089500000, 0x0000000089600000|  0%| F|  |TAMS 0x0000000089500000, 0x0000000089500000| Untracked 
| 150|0x0000000089600000, 0x0000000089600000, 0x0000000089700000|  0%| F|  |TAMS 0x0000000089600000, 0x0000000089600000| Untracked 
| 151|0x0000000089700000, 0x0000000089700000, 0x0000000089800000|  0%| F|  |TAMS 0x0000000089700000, 0x0000000089700000| Untracked 
| 152|0x0000000089800000, 0x0000000089800000, 0x0000000089900000|  0%| F|  |TAMS 0x0000000089800000, 0x0000000089800000| Untracked 
| 153|0x0000000089900000, 0x0000000089900000, 0x0000000089a00000|  0%| F|  |TAMS 0x0000000089900000, 0x0000000089900000| Untracked 
| 154|0x0000000089a00000, 0x0000000089a00000, 0x0000000089b00000|  0%| F|  |TAMS 0x0000000089a00000, 0x0000000089a00000| Untracked 
| 155|0x0000000089b00000, 0x0000000089b00000, 0x0000000089c00000|  0%| F|  |TAMS 0x0000000089b00000, 0x0000000089b00000| Untracked 
| 156|0x0000000089c00000, 0x0000000089c00000, 0x0000000089d00000|  0%| F|  |TAMS 0x0000000089c00000, 0x0000000089c00000| Untracked 
| 157|0x0000000089d00000, 0x0000000089d00000, 0x0000000089e00000|  0%| F|  |TAMS 0x0000000089d00000, 0x0000000089d00000| Untracked 
| 158|0x0000000089e00000, 0x0000000089e00000, 0x0000000089f00000|  0%| F|  |TAMS 0x0000000089e00000, 0x0000000089e00000| Untracked 
| 159|0x0000000089f00000, 0x0000000089f00000, 0x000000008a000000|  0%| F|  |TAMS 0x0000000089f00000, 0x0000000089f00000| Untracked 
| 160|0x000000008a000000, 0x000000008a000000, 0x000000008a100000|  0%| F|  |TAMS 0x000000008a000000, 0x000000008a000000| Untracked 
| 161|0x000000008a100000, 0x000000008a100000, 0x000000008a200000|  0%| F|  |TAMS 0x000000008a100000, 0x000000008a100000| Untracked 
| 162|0x000000008a200000, 0x000000008a200000, 0x000000008a300000|  0%| F|  |TAMS 0x000000008a200000, 0x000000008a200000| Untracked 
| 163|0x000000008a300000, 0x000000008a300000, 0x000000008a400000|  0%| F|  |TAMS 0x000000008a300000, 0x000000008a300000| Untracked 
| 164|0x000000008a400000, 0x000000008a400000, 0x000000008a500000|  0%| F|  |TAMS 0x000000008a400000, 0x000000008a400000| Untracked 
| 165|0x000000008a500000, 0x000000008a500000, 0x000000008a600000|  0%| F|  |TAMS 0x000000008a500000, 0x000000008a500000| Untracked 
| 166|0x000000008a600000, 0x000000008a600000, 0x000000008a700000|  0%| F|  |TAMS 0x000000008a600000, 0x000000008a600000| Untracked 
| 167|0x000000008a700000, 0x000000008a700000, 0x000000008a800000|  0%| F|  |TAMS 0x000000008a700000, 0x000000008a700000| Untracked 
| 168|0x000000008a800000, 0x000000008a800000, 0x000000008a900000|  0%| F|  |TAMS 0x000000008a800000, 0x000000008a800000| Untracked 
| 169|0x000000008a900000, 0x000000008a900000, 0x000000008aa00000|  0%| F|  |TAMS 0x000000008a900000, 0x000000008a900000| Untracked 
| 170|0x000000008aa00000, 0x000000008aa00000, 0x000000008ab00000|  0%| F|  |TAMS 0x000000008aa00000, 0x000000008aa00000| Untracked 
| 171|0x000000008ab00000, 0x000000008ab00000, 0x000000008ac00000|  0%| F|  |TAMS 0x000000008ab00000, 0x000000008ab00000| Untracked 
| 172|0x000000008ac00000, 0x000000008ac00000, 0x000000008ad00000|  0%| F|  |TAMS 0x000000008ac00000, 0x000000008ac00000| Untracked 
| 173|0x000000008ad00000, 0x000000008ad37a10, 0x000000008ae00000| 21%| S|CS|TAMS 0x000000008ad00000, 0x000000008ad00000| Complete 
| 174|0x000000008ae00000, 0x000000008af00000, 0x000000008af00000|100%| S|CS|TAMS 0x000000008ae00000, 0x000000008ae00000| Complete 
| 175|0x000000008af00000, 0x000000008b000000, 0x000000008b000000|100%| S|CS|TAMS 0x000000008af00000, 0x000000008af00000| Complete 
| 176|0x000000008b000000, 0x000000008b100000, 0x000000008b100000|100%| S|CS|TAMS 0x000000008b000000, 0x000000008b000000| Complete 
| 177|0x000000008b100000, 0x000000008b200000, 0x000000008b200000|100%| S|CS|TAMS 0x000000008b100000, 0x000000008b100000| Complete 
| 178|0x000000008b200000, 0x000000008b300000, 0x000000008b300000|100%| S|CS|TAMS 0x000000008b200000, 0x000000008b200000| Complete 
| 179|0x000000008b300000, 0x000000008b400000, 0x000000008b400000|100%| S|CS|TAMS 0x000000008b300000, 0x000000008b300000| Complete 
| 180|0x000000008b400000, 0x000000008b500000, 0x000000008b500000|100%| S|CS|TAMS 0x000000008b400000, 0x000000008b400000| Complete 
| 181|0x000000008b500000, 0x000000008b600000, 0x000000008b600000|100%| S|CS|TAMS 0x000000008b500000, 0x000000008b500000| Complete 
| 182|0x000000008b600000, 0x000000008b600000, 0x000000008b700000|  0%| F|  |TAMS 0x000000008b600000, 0x000000008b600000| Untracked 
| 183|0x000000008b700000, 0x000000008b700000, 0x000000008b800000|  0%| F|  |TAMS 0x000000008b700000, 0x000000008b700000| Untracked 
| 184|0x000000008b800000, 0x000000008b800000, 0x000000008b900000|  0%| F|  |TAMS 0x000000008b800000, 0x000000008b800000| Untracked 
| 185|0x000000008b900000, 0x000000008b900000, 0x000000008ba00000|  0%| F|  |TAMS 0x000000008b900000, 0x000000008b900000| Untracked 
| 186|0x000000008ba00000, 0x000000008ba00000, 0x000000008bb00000|  0%| F|  |TAMS 0x000000008ba00000, 0x000000008ba00000| Untracked 
| 187|0x000000008bb00000, 0x000000008bb00000, 0x000000008bc00000|  0%| F|  |TAMS 0x000000008bb00000, 0x000000008bb00000| Untracked 
| 188|0x000000008bc00000, 0x000000008bc00000, 0x000000008bd00000|  0%| F|  |TAMS 0x000000008bc00000, 0x000000008bc00000| Untracked 
| 189|0x000000008bd00000, 0x000000008bd00000, 0x000000008be00000|  0%| F|  |TAMS 0x000000008bd00000, 0x000000008bd00000| Untracked 
| 190|0x000000008be00000, 0x000000008be00000, 0x000000008bf00000|  0%| F|  |TAMS 0x000000008be00000, 0x000000008be00000| Untracked 
| 191|0x000000008bf00000, 0x000000008bf00000, 0x000000008c000000|  0%| F|  |TAMS 0x000000008bf00000, 0x000000008bf00000| Untracked 

Card table byte_map: [0x000001e02ab30000,0x000001e02af30000] _byte_map_base: 0x000001e02a730000

Marking Bits (Prev, Next): (CMBitMap*) 0x000001e017924cf0, (CMBitMap*) 0x000001e017924cb8
 Prev Bits: [0x000001e02d330000, 0x000001e02f330000)
 Next Bits: [0x000001e02b330000, 0x000001e02d330000)

Polling page: 0x000001e015820000

Metaspace:

Usage:
  Non-class:     19.10 MB capacity,    18.83 MB ( 99%) used,   239.58 KB (  1%) free+waste,    37.44 KB ( <1%) overhead. 
      Class:      2.90 MB capacity,     2.69 MB ( 93%) used,   192.37 KB (  6%) free+waste,    18.63 KB ( <1%) overhead. 
       Both:     22.00 MB capacity,    21.52 MB ( 98%) used,   431.95 KB (  2%) free+waste,    56.06 KB ( <1%) overhead. 

Virtual space:
  Non-class space:       42.00 MB reserved,      19.17 MB ( 46%) committed 
      Class space:        1.00 GB reserved,       3.00 MB ( <1%) committed 
             Both:        1.04 GB reserved,      22.17 MB (  2%) committed 

Chunk freelists:
   Non-Class:  70.00 KB
       Class:  10.00 KB
        Both:  80.00 KB

MaxMetaspaceSize: 17179869184.00 GB
CompressedClassSpaceSize: 1.00 GB
Initial GC threshold: 20.80 MB
Current GC threshold: 35.20 MB
CDS: off

CodeHeap 'non-profiled nmethods': size=120000Kb used=1026Kb max_used=1026Kb free=118973Kb
 bounds [0x000001e022ed0000, 0x000001e023140000, 0x000001e02a400000]
CodeHeap 'profiled nmethods': size=120000Kb used=4095Kb max_used=4095Kb free=115904Kb
 bounds [0x000001e01b9a0000, 0x000001e01bda0000, 0x000001e022ed0000]
CodeHeap 'non-nmethods': size=5760Kb used=1205Kb max_used=1221Kb free=4554Kb
 bounds [0x000001e01b400000, 0x000001e01b670000, 0x000001e01b9a0000]
 total_blobs=2460 nmethods=1978 adapters=394
 compilation: enabled
              stopped_count=0, restarted_count=0
 full_count=0

Compilation events (20 events):
Event: 3.021 Thread 0x000001e03261e000 nmethod 1968 0x000001e022fcf990 code [0x000001e022fcfb40, 0x000001e022fcfbd8]
Event: 3.021 Thread 0x000001e03261e000 1969       3       java.lang.invoke.ConstantCallSite::getTarget (20 bytes)
Event: 3.021 Thread 0x000001e03261e000 nmethod 1969 0x000001e01bd99590 code [0x000001e01bd99760, 0x000001e01bd99968]
Event: 3.021 Thread 0x000001e03261e000 1970       3       java.lang.ClassLoader::definePackage (53 bytes)
Event: 3.022 Thread 0x000001e03261e000 nmethod 1970 0x000001e01bd99a90 code [0x000001e01bd99ca0, 0x000001e01bd9a1d8]
Event: 3.022 Thread 0x000001e03261e000 1971   !   3       org.gradle.internal.classloader.TransformingClassLoader::findClass (203 bytes)
Event: 3.024 Thread 0x000001e03261e000 nmethod 1971 0x000001e01bd9a490 code [0x000001e01bd9a9e0, 0x000001e01bd9d2f8]
Event: 3.024 Thread 0x000001e03261e000 1972       3       org.gradle.initialization.MixInLegacyTypesClassLoader::shouldTransform (42 bytes)
Event: 3.024 Thread 0x000001e03261e000 nmethod 1972 0x000001e01bd9e310 code [0x000001e01bd9e500, 0x000001e01bd9e8f8]
Event: 3.041 Thread 0x000001e03261e000 1973       1       sun.reflect.generics.repository.AbstractRepository::getFactory (5 bytes)
Event: 3.042 Thread 0x000001e03261e000 nmethod 1973 0x000001e022fcfc90 code [0x000001e022fcfe40, 0x000001e022fcfef8]
Event: 3.044 Thread 0x000001e03261e000 1974       3       java.lang.reflect.Executable::getGenericParameterTypes (20 bytes)
Event: 3.044 Thread 0x000001e032619000 1975       4       java.util.HashMap$HashIterator::nextNode (100 bytes)
Event: 3.044 Thread 0x000001e03261e000 nmethod 1974 0x000001e01bd9ea90 code [0x000001e01bd9eca0, 0x000001e01bd9f388]
Event: 3.049 Thread 0x000001e032619000 nmethod 1975 0x000001e022fd0290 code [0x000001e022fd0420, 0x000001e022fd0818]
Event: 3.049 Thread 0x000001e032619000 1977       4       jdk.internal.org.objectweb.asm.ClassWriter::newUTF8 (70 bytes)
Event: 3.056 Thread 0x000001e03261e000 1978       3       sun.reflect.generics.visitor.Reifier::getResult (26 bytes)
Event: 3.056 Thread 0x000001e03261e000 nmethod 1978 0x000001e01bd9f510 code [0x000001e01bd9f6c0, 0x000001e01bd9f7d8]
Event: 3.057 Thread 0x000001e03261e000 1979       3       org.gradle.internal.service.DefaultServiceRegistry$SingletonService::getAll (23 bytes)
Event: 3.057 Thread 0x000001e03261e000 nmethod 1979 0x000001e01bd9f890 code [0x000001e01bd9fa60, 0x000001e01bd9fce8]

GC Heap History (4 events):
Event: 0.731 GC heap before
{Heap before GC invocations=0 (full 0):
 garbage-first heap   total 196608K, used 29696K [0x0000000080000000, 0x0000000100000000)
  region size 1024K, 24 young (24576K), 0 survivors (0K)
 Metaspace       used 10136K, capacity 10333K, committed 10624K, reserved 1058816K
  class space    used 1046K, capacity 1108K, committed 1152K, reserved 1048576K
}
Event: 0.737 GC heap after
{Heap after GC invocations=1 (full 0):
 garbage-first heap   total 196608K, used 9587K [0x0000000080000000, 0x0000000100000000)
  region size 1024K, 3 young (3072K), 3 survivors (3072K)
 Metaspace       used 10136K, capacity 10333K, committed 10624K, reserved 1058816K
  class space    used 1046K, capacity 1108K, committed 1152K, reserved 1048576K
}
Event: 2.933 GC heap before
{Heap before GC invocations=1 (full 0):
 garbage-first heap   total 196608K, used 114035K [0x0000000080000000, 0x0000000100000000)
  region size 1024K, 106 young (108544K), 3 survivors (3072K)
 Metaspace       used 20781K, capacity 21133K, committed 21296K, reserved 1075200K
  class space    used 2531K, capacity 2688K, committed 2688K, reserved 1048576K
}
Event: 2.944 GC heap after
{Heap after GC invocations=2 (full 0):
 garbage-first heap   total 196608K, used 16871K [0x0000000080000000, 0x0000000100000000)
  region size 1024K, 11 young (11264K), 11 survivors (11264K)
 Metaspace       used 20781K, capacity 21133K, committed 21296K, reserved 1075200K
  class space    used 2531K, capacity 2688K, committed 2688K, reserved 1048576K
}

Deoptimization events (20 events):
Event: 2.905 Thread 0x000001e033dc0800 Uncommon trap: trap_request=0xffffffc6 fr.pc=0x000001e022f526d4 relative=0x0000000000000114
Event: 2.905 Thread 0x000001e033dc0800 Uncommon trap: reason=bimorphic_or_optimized_type_check action=maybe_recompile pc=0x000001e022f526d4 method=java.util.AbstractList$Itr.next()Ljava/lang/Object; @ 14 c2
Event: 2.905 Thread 0x000001e033dc0800 DEOPT PACKING pc=0x000001e022f526d4 sp=0x0000003164cfac00
Event: 2.905 Thread 0x000001e033dc0800 DEOPT UNPACKING pc=0x000001e01b44a1af sp=0x0000003164cfab98 mode 2
Event: 2.906 Thread 0x000001e033dc0800 Uncommon trap: trap_request=0xffffff4d fr.pc=0x000001e022f4a404 relative=0x00000000000005c4
Event: 2.906 Thread 0x000001e033dc0800 Uncommon trap: reason=unstable_if action=reinterpret pc=0x000001e022f4a404 method=java.io.File.getName()Ljava/lang/String; @ 16 c2
Event: 2.906 Thread 0x000001e033dc0800 DEOPT PACKING pc=0x000001e022f4a404 sp=0x0000003164cfb5e0
Event: 2.906 Thread 0x000001e033dc0800 DEOPT UNPACKING pc=0x000001e01b44a1af sp=0x0000003164cfb5b0 mode 2
Event: 2.906 Thread 0x000001e033dc0800 Uncommon trap: trap_request=0xffffff4d fr.pc=0x000001e022f47534 relative=0x0000000000000474
Event: 2.906 Thread 0x000001e033dc0800 Uncommon trap: reason=unstable_if action=reinterpret pc=0x000001e022f47534 method=java.lang.String.substring(I)Ljava/lang/String; @ 34 c2
Event: 2.906 Thread 0x000001e033dc0800 DEOPT PACKING pc=0x000001e022f47534 sp=0x0000003164cfb560
Event: 2.906 Thread 0x000001e033dc0800 DEOPT UNPACKING pc=0x000001e01b44a1af sp=0x0000003164cfb538 mode 2
Event: 3.007 Thread 0x000001e033dc0800 Uncommon trap: trap_request=0xffffff4d fr.pc=0x000001e022fb9798 relative=0x0000000000000398
Event: 3.007 Thread 0x000001e033dc0800 Uncommon trap: reason=unstable_if action=reinterpret pc=0x000001e022fb9798 method=jdk.internal.org.objectweb.asm.Type.getArgumentsAndReturnSizes(Ljava/lang/String;)I @ 88 c2
Event: 3.007 Thread 0x000001e033dc0800 DEOPT PACKING pc=0x000001e022fb9798 sp=0x0000003164cf9b30
Event: 3.007 Thread 0x000001e033dc0800 DEOPT UNPACKING pc=0x000001e01b44a1af sp=0x0000003164cf9ab8 mode 2
Event: 3.015 Thread 0x000001e033dc0800 Uncommon trap: trap_request=0xffffffcc fr.pc=0x000001e022fcddf8 relative=0x00000000000002b8
Event: 3.015 Thread 0x000001e033dc0800 Uncommon trap: reason=intrinsic_or_type_checked_inlining action=make_not_entrant pc=0x000001e022fcddf8 method=java.util.Arrays.copyOf([Ljava/lang/Object;ILjava/lang/Class;)[Ljava/lang/Object; @ 35 c2
Event: 3.015 Thread 0x000001e033dc0800 DEOPT PACKING pc=0x000001e022fcddf8 sp=0x0000003164cfbc40
Event: 3.015 Thread 0x000001e033dc0800 DEOPT UNPACKING pc=0x000001e01b44a1af sp=0x0000003164cfbbd0 mode 2

Classes redefined (0 events):
No events

Internal exceptions (20 events):
Event: 0.468 Thread 0x000001e0178e3000 Exception <a 'java/lang/NoClassDefFoundError'{0x000000008b1d8938}: org/slf4j/impl/StaticMarkerBinder> (0x000000008b1d8938) thrown at [./src/hotspot/share/classfile/systemDictionary.cpp, line 220]
Event: 0.545 Thread 0x000001e0178e3000 Exception <a 'java/lang/NoSuchMethodError'{0x000000008ad42f58}: 'java.lang.Object java.lang.invoke.DirectMethodHandle$Holder.invokeVirtual(java.lang.Object, java.lang.Object, java.lang.Object, java.lang.Object, java.lang.Object, java.lang.Object, java.lang.Object)'> (0x000000008ad42f58) thrown at [./src/hotspot/share/interpreter/linkResolver.cpp, line 773]
Event: 0.548 Thread 0x000001e0178e3000 Exception <a 'java/lang/NoSuchMethodError'{0x000000008ad57368}: 'java.lang.Object java.lang.invoke.Invokers$Holder.invoker(java.lang.Object, java.lang.Object, java.lang.Object)'> (0x000000008ad57368) thrown at [./src/hotspot/share/interpreter/linkResolver.cpp, line 773]
Event: 0.551 Thread 0x000001e0178e3000 Exception <a 'java/lang/NoSuchMethodError'{0x000000008ad683e0}: 'void java.lang.invoke.DelegatingMethodHandle$Holder.delegate(java.lang.Object, java.lang.Object, int, java.lang.Object)'> (0x000000008ad683e0) thrown at [./src/hotspot/share/interpreter/linkResolver.cpp, line 773]
Event: 1.095 Thread 0x000001e0178e3000 Exception <a 'java/security/PrivilegedActionException'{0x000000008998b770}> (0x000000008998b770) thrown at [./src/hotspot/share/prims/jvm.cpp, line 1306]
Event: 1.095 Thread 0x000001e0178e3000 Exception <a 'java/security/PrivilegedActionException'{0x000000008998bce8}> (0x000000008998bce8) thrown at [./src/hotspot/share/prims/jvm.cpp, line 1306]
Event: 1.368 Thread 0x000001e0178e3000 Exception <a 'java/lang/NoSuchMethodError'{0x00000000888eb678}: 'java.lang.Object java.lang.invoke.DirectMethodHandle$Holder.invokeStaticInit(java.lang.Object, java.lang.Object, java.lang.Object)'> (0x00000000888eb678) thrown at [./src/hotspot/share/interpreter/linkResolver.cpp, line 773]
Event: 1.510 Thread 0x000001e0178e3000 Exception <a 'java/lang/NoSuchMethodError'{0x000000008816fbe0}: 'java.lang.Object java.lang.invoke.DirectMethodHandle$Holder.invokeStaticInit(java.lang.Object, int, int, int, int)'> (0x000000008816fbe0) thrown at [./src/hotspot/share/interpreter/linkResolver.cpp, line 773]
Event: 1.903 Thread 0x000001e0178e3000 Exception <a 'java/lang/NoSuchMethodError'{0x0000000088021c90}: 'java.lang.Object java.lang.invoke.DirectMethodHandle$Holder.invokeStaticInit(java.lang.Object, java.lang.Object, int, int, int, int)'> (0x0000000088021c90) thrown at [./src/hotspot/share/interpreter/linkResolver.cpp, line 773]
Event: 2.466 Thread 0x000001e0178e3000 Exception <a 'java/io/IOException'{0x0000000087ffcad8}> (0x0000000087ffcad8) thrown at [./src/hotspot/share/prims/jni.cpp, line 616]
Event: 2.586 Thread 0x000001e033dc0800 Exception <a 'java/lang/NoSuchMethodError'{0x00000000878f5a08}: 'long java.lang.invoke.DirectMethodHandle$Holder.invokeInterface(java.lang.Object, java.lang.Object)'> (0x00000000878f5a08) thrown at [./src/hotspot/share/interpreter/linkResolver.cpp, line 773]
Event: 2.588 Thread 0x000001e033dc0800 Exception <a 'java/lang/NoSuchMethodError'{0x0000000087702f80}: 'void java.lang.invoke.DelegatingMethodHandle$Holder.reinvoke_L(java.lang.Object, java.lang.Object, java.lang.Object, java.lang.Object, java.lang.Object, java.lang.Object, java.lang.Object)'> (0x0000000087702f80) thrown at [./src/hotspot/share/interpreter/linkResolver.cpp, line 773]
Event: 2.829 Thread 0x000001e033dc0800 Exception <a 'java/lang/NoSuchMethodError'{0x0000000085d666e0}: 'void java.lang.invoke.DirectMethodHandle$Holder.invokeStaticInit(java.lang.Object)'> (0x0000000085d666e0) thrown at [./src/hotspot/share/interpreter/linkResolver.cpp, line 773]
Event: 2.842 Thread 0x000001e033dc0800 Exception <a 'java/lang/NoSuchMethodError'{0x0000000085c12b40}: 'java.lang.Object java.lang.invoke.DirectMethodHandle$Holder.invokeStatic(java.lang.Object, java.lang.Object, java.lang.Object, int)'> (0x0000000085c12b40) thrown at [./src/hotspot/share/interpreter/linkResolver.cpp, line 773]
Event: 2.842 Thread 0x000001e033dc0800 Exception <a 'java/lang/NoSuchMethodError'{0x0000000085c17258}: 'java.lang.Object java.lang.invoke.DirectMethodHandle$Holder.invokeSpecial(java.lang.Object, java.lang.Object, java.lang.Object, java.lang.Object, int)'> (0x0000000085c17258) thrown at [./src/hotspot/share/interpreter/linkResolver.cpp, line 773]
Event: 2.842 Thread 0x000001e033dc0800 Exception <a 'java/lang/NoSuchMethodError'{0x0000000085c1b190}: 'java.lang.Object java.lang.invoke.Invokers$Holder.linkToTargetMethod(java.lang.Object, java.lang.Object, int, java.lang.Object)'> (0x0000000085c1b190) thrown at [./src/hotspot/share/interpreter/linkResolver.cpp, line 773]
Event: 2.961 Thread 0x000001e033dc0800 Exception <a 'java/lang/NoSuchMethodError'{0x000000008bfe0158}: 'int java.lang.invoke.DirectMethodHandle$Holder.invokeSpecialIFC(java.lang.Object, java.lang.Object, java.lang.Object, java.lang.Object)'> (0x000000008bfe0158) thrown at [./src/hotspot/share/interpreter/linkResolver.cpp, line 773]
Event: 2.963 Thread 0x000001e033dc0800 Exception <a 'java/lang/NoSuchMethodError'{0x000000008bfee110}: 'java.lang.Object java.lang.invoke.DirectMethodHandle$Holder.invokeInterface(java.lang.Object, java.lang.Object, java.lang.Object)'> (0x000000008bfee110) thrown at [./src/hotspot/share/interpreter/linkResolver.cpp, line 773]
Event: 2.963 Thread 0x000001e033dc0800 Exception <a 'java/lang/IncompatibleClassChangeError'{0x000000008bff15e8}: Found class java.lang.Object, but interface was expected> (0x000000008bff15e8) thrown at [./src/hotspot/share/interpreter/linkResolver.cpp, line 839]
Event: 3.044 Thread 0x000001e033dc0800 Exception <a 'java/lang/NoSuchMethodError'{0x000000008b752f40}: 'void java.lang.invoke.DirectMethodHandle$Holder.invokeSpecial(java.lang.Object, java.lang.Object, java.lang.Object, java.lang.Object, java.lang.Object)'> (0x000000008b752f40) thrown at [./src/hotspot/share/interpreter/linkResolver.cpp, line 773]

Events (20 events):
Event: 3.055 loading class org/gradle/configurationcache/services/DefaultEnvironment done
Event: 3.055 loading class org/gradle/configurationcache/DefaultBuildModelControllerServices$VintageIsolatedProjectsProvider
Event: 3.055 loading class org/gradle/configurationcache/DefaultBuildModelControllerServices$VintageIsolatedProjectsProvider done
Event: 3.055 loading class org/gradle/api/internal/project/CrossProjectModelAccess
Event: 3.055 loading class org/gradle/api/internal/project/CrossProjectModelAccess done
Event: 3.056 loading class org/gradle/configurationcache/DefaultBuildModelControllerServices$VintageModelProvider
Event: 3.056 loading class org/gradle/configurationcache/DefaultBuildModelControllerServices$VintageModelProvider done
Event: 3.056 loading class org/gradle/api/internal/artifacts/ivyservice/projectmodule/LocalComponentProvider
Event: 3.056 loading class org/gradle/api/internal/artifacts/ivyservice/projectmodule/LocalComponentProvider done
Event: 3.056 loading class org/gradle/api/internal/artifacts/ivyservice/projectmodule/LocalComponentRegistry
Event: 3.056 loading class org/gradle/api/internal/artifacts/ivyservice/projectmodule/LocalComponentRegistry done
Event: 3.057 loading class org/gradle/configuration/project/ProjectEvaluator
Event: 3.057 loading class org/gradle/configuration/project/ProjectEvaluator done
Event: 3.057 loading class org/gradle/caching/internal/BuildCacheServices$2
Event: 3.057 loading class org/gradle/caching/internal/BuildCacheServices$2 done
Event: 3.057 loading class org/gradle/caching/configuration/internal/BuildCacheServiceRegistration
Event: 3.057 loading class org/gradle/caching/configuration/internal/BuildCacheServiceRegistration done
Event: 3.058 loading class org/gradle/caching/local/internal/DirectoryBuildCacheFileStoreFactory
Event: 3.058 loading class org/gradle/caching/local/internal/DirectoryBuildCacheFileStoreFactory done
Event: 3.058 Executing VM operation: CollectForMetadataAllocation


Dynamic libraries:
0x00007ff6b0560000 - 0x00007ff6b056a000 	C:\Program Files\Android\Android Studio\jre\bin\java.exe
0x00007ffe02f40000 - 0x00007ffe03149000 	C:\WINDOWS\SYSTEM32\ntdll.dll
0x00007ffe014e0000 - 0x00007ffe0159e000 	C:\WINDOWS\System32\KERNEL32.DLL
0x00007ffe006e0000 - 0x00007ffe00a5b000 	C:\WINDOWS\System32\KERNELBASE.dll
0x00007ffe00ca0000 - 0x00007ffe00db1000 	C:\WINDOWS\System32\ucrtbase.dll
0x00007ffdc7850000 - 0x00007ffdc7867000 	C:\Program Files\Android\Android Studio\jre\bin\VCRUNTIME140.dll
0x00007ffdd2360000 - 0x00007ffdd2379000 	C:\Program Files\Android\Android Studio\jre\bin\jli.dll
0x00007ffe011e0000 - 0x00007ffe0138d000 	C:\WINDOWS\System32\USER32.dll
0x00007ffdff620000 - 0x00007ffdff8c5000 	C:\WINDOWS\WinSxS\amd64_microsoft.windows.common-controls_6595b64144ccf1df_6.0.22000.120_none_9d947278b86cc467\COMCTL32.dll
0x00007ffe00410000 - 0x00007ffe00436000 	C:\WINDOWS\System32\win32u.dll
0x00007ffe02050000 - 0x00007ffe020f3000 	C:\WINDOWS\System32\msvcrt.dll
0x00007ffe00dc0000 - 0x00007ffe00de9000 	C:\WINDOWS\System32\GDI32.dll
0x00007ffe00a60000 - 0x00007ffe00b78000 	C:\WINDOWS\System32\gdi32full.dll
0x00007ffe00b80000 - 0x00007ffe00c1d000 	C:\WINDOWS\System32\msvcp_win.dll
0x00007ffe011a0000 - 0x00007ffe011d2000 	C:\WINDOWS\System32\IMM32.DLL
0x00007ffd8cfc0000 - 0x00007ffd8d05d000 	C:\Program Files\Android\Android Studio\jre\bin\msvcp140.dll
0x00007ffd82410000 - 0x00007ffd82f12000 	C:\Program Files\Android\Android Studio\jre\bin\server\jvm.dll
0x00007ffe02de0000 - 0x00007ffe02e8e000 	C:\WINDOWS\System32\ADVAPI32.dll
0x00007ffe010e0000 - 0x00007ffe0117e000 	C:\WINDOWS\System32\sechost.dll
0x00007ffe01c30000 - 0x00007ffe01d50000 	C:\WINDOWS\System32\RPCRT4.dll
0x00007ffe02e90000 - 0x00007ffe02e98000 	C:\WINDOWS\System32\PSAPI.DLL
0x00007ffde9050000 - 0x00007ffde9059000 	C:\WINDOWS\SYSTEM32\WSOCK32.dll
0x00007ffdf7b10000 - 0x00007ffdf7b43000 	C:\WINDOWS\SYSTEM32\WINMM.dll
0x00007ffdfb520000 - 0x00007ffdfb52a000 	C:\WINDOWS\SYSTEM32\VERSION.dll
0x00007ffe01070000 - 0x00007ffe010df000 	C:\WINDOWS\System32\WS2_32.dll
0x00007ffdfe6b0000 - 0x00007ffdfe6c8000 	C:\WINDOWS\SYSTEM32\kernel.appcore.dll
0x00007ffdee3f0000 - 0x00007ffdee401000 	C:\Program Files\Android\Android Studio\jre\bin\verify.dll
0x00007ffdffcc0000 - 0x00007ffdffee1000 	C:\WINDOWS\SYSTEM32\DBGHELP.DLL
0x00007ffdffb90000 - 0x00007ffdffbc1000 	C:\WINDOWS\SYSTEM32\dbgcore.DLL
0x00007ffe00c20000 - 0x00007ffe00c9f000 	C:\WINDOWS\System32\bcryptPrimitives.dll
0x00007ffddafb0000 - 0x00007ffddafd9000 	C:\Program Files\Android\Android Studio\jre\bin\java.dll
0x00007ffdee7e0000 - 0x00007ffdee7eb000 	C:\Program Files\Android\Android Studio\jre\bin\jimage.dll
0x00007ffdebfe0000 - 0x00007ffdebff8000 	C:\Program Files\Android\Android Studio\jre\bin\zip.dll
0x00007ffe02620000 - 0x00007ffe02dd7000 	C:\WINDOWS\System32\SHELL32.dll
0x00007ffdfd600000 - 0x00007ffdfde65000 	C:\WINDOWS\SYSTEM32\windows.storage.dll
0x00007ffe022a0000 - 0x00007ffe02618000 	C:\WINDOWS\System32\combase.dll
0x00007ffdfd490000 - 0x00007ffdfd5f6000 	C:\WINDOWS\SYSTEM32\wintypes.dll
0x00007ffe013f0000 - 0x00007ffe014da000 	C:\WINDOWS\System32\SHCORE.dll
0x00007ffe01390000 - 0x00007ffe013ed000 	C:\WINDOWS\System32\shlwapi.dll
0x00007ffe00340000 - 0x00007ffe00361000 	C:\WINDOWS\SYSTEM32\profapi.dll
0x00007ffdeba50000 - 0x00007ffdeba6a000 	C:\Program Files\Android\Android Studio\jre\bin\net.dll
0x00007ffdf6110000 - 0x00007ffdf6224000 	C:\WINDOWS\SYSTEM32\WINHTTP.dll
0x00007ffdff240000 - 0x00007ffdff2a7000 	C:\WINDOWS\system32\mswsock.dll
0x00007ffde31b0000 - 0x00007ffde31c4000 	C:\Program Files\Android\Android Studio\jre\bin\nio.dll
0x00007ffdddc50000 - 0x00007ffdddc77000 	C:\Users\Padma\.gradle\native\e1d6ef7f7dcc3fd88c89a11ec53ec762bb8ba0a96d01ffa2cd45eb1d1d8dd5c5\windows-amd64\native-platform.dll
0x00007ffd7fb20000 - 0x00007ffd7fc64000 	C:\Users\Padma\.gradle\native\0d407fdbe67a94daf76414ababcb853783967236a71b16ec16e742cd7a986fd3\windows-amd64\native-platform-file-events.dll
0x00007ffdedee0000 - 0x00007ffdedeea000 	C:\Program Files\Android\Android Studio\jre\bin\management.dll
0x00007ffded510000 - 0x00007ffded51d000 	C:\Program Files\Android\Android Studio\jre\bin\management_ext.dll
0x00007ffdfffd0000 - 0x00007ffdfffe8000 	C:\WINDOWS\SYSTEM32\CRYPTSP.dll
0x00007ffdfe4f0000 - 0x00007ffdfe525000 	C:\WINDOWS\system32\rsaenh.dll
0x00007ffdff4c0000 - 0x00007ffdff4e9000 	C:\WINDOWS\SYSTEM32\USERENV.dll
0x00007ffdffc50000 - 0x00007ffdffc77000 	C:\WINDOWS\SYSTEM32\bcrypt.dll
0x00007ffdff4f0000 - 0x00007ffdff4fc000 	C:\WINDOWS\SYSTEM32\CRYPTBASE.dll
0x00007ffdfe0c0000 - 0x00007ffdfe0ed000 	C:\WINDOWS\SYSTEM32\IPHLPAPI.DLL
0x00007ffe01b30000 - 0x00007ffe01b39000 	C:\WINDOWS\System32\NSI.dll
0x00007ffdf60f0000 - 0x00007ffdf6109000 	C:\WINDOWS\SYSTEM32\dhcpcsvc6.DLL
0x00007ffdf6590000 - 0x00007ffdf65ae000 	C:\WINDOWS\SYSTEM32\dhcpcsvc.DLL
0x00007ffdfe0f0000 - 0x00007ffdfe1d8000 	C:\WINDOWS\SYSTEM32\DNSAPI.dll

dbghelp: loaded successfully - version: 4.0.5 - missing functions: none
symbol engine: initialized successfully - sym options: 0x614 - pdb path: .;C:\Program Files\Android\Android Studio\jre\bin;C:\WINDOWS\SYSTEM32;C:\WINDOWS\WinSxS\amd64_microsoft.windows.common-controls_6595b64144ccf1df_6.0.22000.120_none_9d947278b86cc467;C:\Program Files\Android\Android Studio\jre\bin\server;C:\Users\Padma\.gradle\native\e1d6ef7f7dcc3fd88c89a11ec53ec762bb8ba0a96d01ffa2cd45eb1d1d8dd5c5\windows-amd64;C:\Users\Padma\.gradle\native\0d407fdbe67a94daf76414ababcb853783967236a71b16ec16e742cd7a986fd3\windows-amd64

VM Arguments:
jvm_args: --add-opens=java.base/java.util=ALL-UNNAMED --add-opens=java.base/java.lang=ALL-UNNAMED --add-opens=java.base/java.lang.invoke=ALL-UNNAMED --add-opens=java.base/java.util=ALL-UNNAMED --add-opens=java.prefs/java.util.prefs=ALL-UNNAMED --add-opens=java.prefs/java.util.prefs=ALL-UNNAMED --add-opens=java.base/java.nio.charset=ALL-UNNAMED --add-opens=java.base/java.net=ALL-UNNAMED --add-opens=java.base/java.util.concurrent.atomic=ALL-UNNAMED -Xmx2048m -Dfile.encoding=UTF-8 -Duser.country=CA -Duser.language=en -Duser.variant 
java_command: org.gradle.launcher.daemon.bootstrap.GradleDaemon 7.4
java_class_path (initial): C:\Users\Padma\.gradle\wrapper\dists\gradle-7.4-bin\c0gwcg53nkjbqw7r0h0umtfvt\gradle-7.4\lib\gradle-launcher-7.4.jar
Launcher Type: SUN_STANDARD

[Global flags]
     intx CICompilerCount                          = 4                                         {product} {ergonomic}
     uint ConcGCThreads                            = 2                                         {product} {ergonomic}
     uint G1ConcRefinementThreads                  = 8                                         {product} {ergonomic}
   size_t G1HeapRegionSize                         = 1048576                                   {product} {ergonomic}
    uintx GCDrainStackTargetSize                   = 64                                        {product} {ergonomic}
   size_t InitialHeapSize                          = 201326592                                 {product} {ergonomic}
   size_t MarkStackSize                            = 4194304                                   {product} {ergonomic}
   size_t MaxHeapSize                              = 2147483648                                {product} {command line}
   size_t MaxNewSize                               = 1287651328                                {product} {ergonomic}
   size_t MinHeapDeltaBytes                        = 1048576                                   {product} {ergonomic}
    uintx NonNMethodCodeHeapSize                   = 5836300                                {pd product} {ergonomic}
    uintx NonProfiledCodeHeapSize                  = 122910970                              {pd product} {ergonomic}
    uintx ProfiledCodeHeapSize                     = 122910970                              {pd product} {ergonomic}
    uintx ReservedCodeCacheSize                    = 251658240                              {pd product} {ergonomic}
     bool SegmentedCodeCache                       = true                                      {product} {ergonomic}
     bool UseCompressedClassPointers               = true                                 {lp64_product} {ergonomic}
     bool UseCompressedOops                        = true                                 {lp64_product} {ergonomic}
     bool UseG1GC                                  = true                                      {product} {ergonomic}
     bool UseLargePagesIndividualAllocation        = false                                  {pd product} {ergonomic}

Logging:
Log output configuration:
 #0: stdout all=warning uptime,level,tags
 #1: stderr all=off uptime,level,tags

Environment Variables:
JAVA_HOME=C:\Program Files\Amazon Corretto\jdk11.0.15_9
PATH=C:\Program Files\Common Files\Oracle\Java\javapath;E:\app\Padma\product\12.1.0\dbhome_1\bin;C:\Program Files (x86)\VMware\VMware Workstation\bin\;C:\Program Files\Amazon Corretto\jdk11.0.15_9\bin;C:\Program Files (x86)\Python38-32\Scripts\;C:\Program Files (x86)\Python38-32\;C:\WINDOWS\system32;C:\WINDOWS;C:\WINDOWS\System32\Wbem;C:\WINDOWS\System32\WindowsPowerShell\v1.0\;C:\WINDOWS\System32\OpenSSH\;C:\Program Files\Intel\WiFi\bin\;C:\Program Files\Common Files\Intel\WirelessCommon\;C:\Program Files (x86)\Intel\Intel(R) Management Engine Components\DAL;C:\Program Files\Intel\Intel(R) Management Engine Components\DAL;C:\Program Files\dotnet\;C:\Program Files\Microsoft SQL Server\Client SDK\ODBC\170\Tools\Binn\;C:\Program Files (x86)\Microsoft SQL Server\150\Tools\Binn\;C:\Program Files\Microsoft SQL Server\150\Tools\Binn\;C:\Program Files\Microsoft SQL Server\150\DTS\Binn\;C:\Program Files\Azure Data Studio\bin;C:\Program Files (x86)\Microsoft SQL Server\150\DTS\Binn\;C:\Program Files\Git\cmd;C:\Program Files\MySQL\MySQL Shell 8.0\bin\;C:\Users\Padma\AppData\Local\Microsoft\WindowsApps;C:\Users\Padma\AppData\Local\Programs\Microsoft VS Code\bin;C:\Program Files\Azure Data Studio\bin;
USERNAME=Padma
OS=Windows_NT
PROCESSOR_IDENTIFIER=Intel64 Family 6 Model 142 Stepping 10, GenuineIntel



---------------  S Y S T E M  ---------------

OS: Windows 11 , 64 bit Build 22000 (10.0.22000.1335)
OS uptime: 3 days 4:05 hours
Hyper-V role detected

CPU:total 8 (initial active 8) (4 cores per cpu, 2 threads per core) family 6 model 142 stepping 10 microcode 0xf0, cmov, cx8, fxsr, mmx, sse, sse2, sse3, ssse3, sse4.1, sse4.2, popcnt, avx, avx2, aes, clmul, erms, 3dnowpref, lzcnt, ht, tsc, tscinvbit, bmi1, bmi2, adx, fma

Memory: 4k page, system-wide physical 12185M (944M free)
TotalPageFile size 16283M (AvailPageFile size 3M)
current process WorkingSet (physical memory assigned to process): 226M, peak: 226M
current process commit charge ("private bytes"): 335M, peak: 336M

vm_info: OpenJDK 64-Bit Server VM (11.0.13+0-b1751.21-8125866) for windows-amd64 JRE (11.0.13+0-b1751.21-8125866), built on Feb  2 2022 03:00:22 by "builder" with MS VC++ 14.0 (VS2015)

END.
