#
# There is insufficient memory for the Java Runtime Environment to continue.
# Native memory allocation (malloc) failed to allocate 1040816 bytes for Chunk::new
# Possible reasons:
#   The system is out of physical RAM or swap space
#   The process is running with CompressedOops enabled, and the Java Heap may be blocking the growth of the native heap
# Possible solutions:
#   Reduce memory load on the system
#   Increase physical memory or swap space
#   Check if swap backing store is full
#   Decrease Java heap size (-Xmx/-Xms)
#   Decrease number of Java threads
#   Decrease Java thread stack sizes (-Xss)
#   Set larger code cache with -XX:ReservedCodeCacheSize=
#   JVM is running with Unscaled Compressed Oops mode in which the Java heap is
#     placed in the first 4GB address space. The Java Heap base address is the
#     maximum limit for the native heap growth. Please use -XX:HeapBaseMinAddress
#     to set the Java Heap base and to place the Java Heap above 4GB virtual address.
# This output file may be truncated or incomplete.
#
#  Out of Memory Error (./src/hotspot/share/memory/arena.cpp:197), pid=7468, tid=18296
#
# JRE version: OpenJDK Runtime Environment (11.0.13) (build 11.0.13+0-b1751.21-8125866)
# Java VM: OpenJDK 64-Bit Server VM (11.0.13+0-b1751.21-8125866, mixed mode, tiered, compressed oops, g1 gc, windows-amd64)
# No core dump will be written. Minidumps are not enabled by default on client versions of Windows
#

---------------  S U M M A R Y ------------

Command Line: --add-opens=java.base/java.util=ALL-UNNAMED --add-opens=java.base/java.lang=ALL-UNNAMED --add-opens=java.base/java.lang.invoke=ALL-UNNAMED --add-opens=java.base/java.util=ALL-UNNAMED --add-opens=java.prefs/java.util.prefs=ALL-UNNAMED --add-opens=java.prefs/java.util.prefs=ALL-UNNAMED --add-opens=java.base/java.nio.charset=ALL-UNNAMED --add-opens=java.base/java.net=ALL-UNNAMED --add-opens=java.base/java.util.concurrent.atomic=ALL-UNNAMED -Xmx2048m -Dfile.encoding=UTF-8 -Duser.country=CA -Duser.language=en -Duser.variant org.gradle.launcher.daemon.bootstrap.GradleDaemon 7.4

Host: Intel(R) Core(TM) i7-8550U CPU @ 1.80GHz, 8 cores, 11G,  Windows 11 , 64 bit Build 22000 (10.0.22000.1335)
Time: Thu Jan 12 20:53:44 2023 Eastern Standard Time elapsed time: 4.308732 seconds (0d 0h 0m 4s)

---------------  T H R E A D  ---------------

Current thread (0x00000247316db000):  JavaThread "C2 CompilerThread1" daemon [_thread_in_native, id=18296, stack(0x0000008fd0a00000,0x0000008fd0b00000)]


Current CompileTask:
C2:   4308 2135       4       java.net.URLClassLoader$1::run (5 bytes)

Stack: [0x0000008fd0a00000,0x0000008fd0b00000]
Native frames: (J=compiled Java code, j=interpreted, Vv=VM code, C=native code)
V  [jvm.dll+0x6100fa]
V  [jvm.dll+0x747090]
V  [jvm.dll+0x7486ad]
V  [jvm.dll+0x748d83]
V  [jvm.dll+0x24ab48]
V  [jvm.dll+0xc04dc]
V  [jvm.dll+0xc0a0c]
V  [jvm.dll+0x2bfab4]
V  [jvm.dll+0x524238]
V  [jvm.dll+0x20b193]
V  [jvm.dll+0x204ca0]
V  [jvm.dll+0x2023c2]
V  [jvm.dll+0x188e01]
V  [jvm.dll+0x21106b]
V  [jvm.dll+0x20f8c1]
V  [jvm.dll+0x70de0f]
V  [jvm.dll+0x706a75]
V  [jvm.dll+0x60ed66]
C  [ucrtbase.dll+0x26c0c]
C  [KERNEL32.DLL+0x155a0]
C  [ntdll.dll+0x485b]


---------------  P R O C E S S  ---------------

Threads class SMR info:
_java_thread_list=0x0000024730178fe0, length=24, elements={
0x0000024711922800, 0x000002472dd7f800, 0x000002472dd81000, 0x000002472e5fb800,
0x000002472e5fe000, 0x000002472e601800, 0x000002472e602800, 0x000002472e606800,
0x000002472e624800, 0x000002472e776000, 0x000002472eaf4800, 0x000002472e98e000,
0x000002472e949800, 0x0000024730267800, 0x0000024730f43800, 0x0000024730b18000,
0x0000024730c02000, 0x00000247300f0800, 0x0000024731688800, 0x000002473068f800,
0x0000024730d75800, 0x0000024730d74000, 0x0000024730d72000, 0x00000247316db000
}

Java Threads: ( => current thread )
  0x0000024711922800 JavaThread "main" [_thread_blocked, id=17124, stack(0x0000008fce400000,0x0000008fce500000)]
  0x000002472dd7f800 JavaThread "Reference Handler" daemon [_thread_blocked, id=16292, stack(0x0000008fceb00000,0x0000008fcec00000)]
  0x000002472dd81000 JavaThread "Finalizer" daemon [_thread_blocked, id=14996, stack(0x0000008fcec00000,0x0000008fced00000)]
  0x000002472e5fb800 JavaThread "Signal Dispatcher" daemon [_thread_blocked, id=9488, stack(0x0000008fced00000,0x0000008fcee00000)]
  0x000002472e5fe000 JavaThread "Attach Listener" daemon [_thread_blocked, id=13668, stack(0x0000008fcee00000,0x0000008fcef00000)]
  0x000002472e601800 JavaThread "Service Thread" daemon [_thread_blocked, id=14692, stack(0x0000008fcef00000,0x0000008fcf000000)]
  0x000002472e602800 JavaThread "C2 CompilerThread0" daemon [_thread_in_native, id=3916, stack(0x0000008fcf000000,0x0000008fcf100000)]
  0x000002472e606800 JavaThread "C1 CompilerThread0" daemon [_thread_blocked, id=1292, stack(0x0000008fcf100000,0x0000008fcf200000)]
  0x000002472e624800 JavaThread "Sweeper thread" daemon [_thread_blocked, id=2232, stack(0x0000008fcf200000,0x0000008fcf300000)]
  0x000002472e776000 JavaThread "Common-Cleaner" daemon [_thread_blocked, id=3416, stack(0x0000008fcf300000,0x0000008fcf400000)]
  0x000002472eaf4800 JavaThread "Daemon health stats" [_thread_blocked, id=16536, stack(0x0000008fcfa00000,0x0000008fcfb00000)]
  0x000002472e98e000 JavaThread "Incoming local TCP Connector on port 61468" [_thread_in_native, id=18144, stack(0x0000008fcf500000,0x0000008fcf600000)]
  0x000002472e949800 JavaThread "Daemon periodic checks" [_thread_blocked, id=17180, stack(0x0000008fcf600000,0x0000008fcf700000)]
  0x0000024730267800 JavaThread "Daemon" [_thread_blocked, id=2208, stack(0x0000008fcfb00000,0x0000008fcfc00000)]
  0x0000024730f43800 JavaThread "Handler for socket connection from /127.0.0.1:61468 to /127.0.0.1:61469" [_thread_in_native, id=3012, stack(0x0000008fcfc00000,0x0000008fcfd00000)]
  0x0000024730b18000 JavaThread "Cancel handler" [_thread_blocked, id=8156, stack(0x0000008fcfd00000,0x0000008fcfe00000)]
  0x0000024730c02000 JavaThread "Daemon worker" [_thread_in_vm, id=4264, stack(0x0000008fcfe00000,0x0000008fcff00000)]
  0x00000247300f0800 JavaThread "Asynchronous log dispatcher for DefaultDaemonConnection: socket connection from /127.0.0.1:61468 to /127.0.0.1:61469" [_thread_blocked, id=3064, stack(0x0000008fcff00000,0x0000008fd0000000)]
  0x0000024731688800 JavaThread "Stdin handler" [_thread_blocked, id=7804, stack(0x0000008fd0000000,0x0000008fd0100000)]
  0x000002473068f800 JavaThread "Daemon client event forwarder" [_thread_blocked, id=9160, stack(0x0000008fd0100000,0x0000008fd0200000)]
  0x0000024730d75800 JavaThread "Cache worker for journal cache (C:\Users\Padma\.gradle\caches\journal-1)" [_thread_blocked, id=5200, stack(0x0000008fd0200000,0x0000008fd0300000)]
  0x0000024730d74000 JavaThread "File lock request listener" [_thread_in_native, id=14096, stack(0x0000008fd0300000,0x0000008fd0400000)]
  0x0000024730d72000 JavaThread "Cache worker for file hash cache (C:\Users\Padma\.gradle\caches\7.4\fileHashes)" [_thread_blocked, id=9016, stack(0x0000008fd0400000,0x0000008fd0500000)]
=>0x00000247316db000 JavaThread "C2 CompilerThread1" daemon [_thread_in_native, id=18296, stack(0x0000008fd0a00000,0x0000008fd0b00000)]

Other Threads:
  0x000002472dd6d000 VMThread "VM Thread" [stack: 0x0000008fcea00000,0x0000008fceb00000] [id=10588]
  0x000002472e790800 WatcherThread [stack: 0x0000008fcf400000,0x0000008fcf500000] [id=2380]
  0x000002471193c000 GCTaskThread "GC Thread#0" [stack: 0x0000008fce500000,0x0000008fce600000] [id=18548]
  0x000002472f45d800 GCTaskThread "GC Thread#1" [stack: 0x0000008fcf700000,0x0000008fcf800000] [id=9156]
  0x000002472f6b1800 GCTaskThread "GC Thread#2" [stack: 0x0000008fcf800000,0x0000008fcf900000] [id=11436]
  0x000002472f842800 GCTaskThread "GC Thread#3" [stack: 0x0000008fcf900000,0x0000008fcfa00000] [id=8228]
  0x000002473140b000 GCTaskThread "GC Thread#4" [stack: 0x0000008fd0500000,0x0000008fd0600000] [id=17424]
  0x000002472f9b7800 GCTaskThread "GC Thread#5" [stack: 0x0000008fd0600000,0x0000008fd0700000] [id=9008]
  0x0000024730a3e000 GCTaskThread "GC Thread#6" [stack: 0x0000008fd0700000,0x0000008fd0800000] [id=17044]
  0x000002472f95f800 GCTaskThread "GC Thread#7" [stack: 0x0000008fd0800000,0x0000008fd0900000] [id=6408]
  0x000002471196e000 ConcurrentGCThread "G1 Main Marker" [stack: 0x0000008fce600000,0x0000008fce700000] [id=16524]
  0x0000024711970000 ConcurrentGCThread "G1 Conc#0" [stack: 0x0000008fce700000,0x0000008fce800000] [id=15256]
  0x000002472f1bd000 ConcurrentGCThread "G1 Conc#1" [stack: 0x0000008fd0900000,0x0000008fd0a00000] [id=7028]
  0x000002472dbd6800 ConcurrentGCThread "G1 Refine#0" [stack: 0x0000008fce800000,0x0000008fce900000] [id=9212]
  0x000002472dbd9800 ConcurrentGCThread "G1 Young RemSet Sampling" [stack: 0x0000008fce900000,0x0000008fcea00000] [id=12020]

Threads with active compile tasks:
C2 CompilerThread0   4342 2136   !   4       java.net.URLClassLoader$1::run (81 bytes)
C2 CompilerThread1   4342 2135       4       java.net.URLClassLoader$1::run (5 bytes)

VM state:not at safepoint (normal execution)

VM Mutex/Monitor currently owned by a thread: None

Heap address: 0x0000000080000000, size: 2048 MB, Compressed Oops mode: 32-bit
Narrow klass base: 0x0000000000000000, Narrow klass shift: 3
Compressed class space size: 1073741824 Address: 0x0000000100000000

Heap:
 garbage-first heap   total 196608K, used 43570K [0x0000000080000000, 0x0000000100000000)
  region size 1024K, 27 young (27648K), 1 survivors (1024K)
 Metaspace       used 25372K, capacity 25934K, committed 26288K, reserved 1075200K
  class space    used 3268K, capacity 3484K, committed 3584K, reserved 1048576K
Heap Regions: E=young(eden), S=young(survivor), O=old, HS=humongous(starts), HC=humongous(continues), CS=collection set, F=free, A=archive, TAMS=top-at-mark-start (previous, next)
|   0|0x0000000080000000, 0x00000000800ffff8, 0x0000000080100000| 99%| O|  |TAMS 0x0000000080000000, 0x0000000080000000| Untracked 
|   1|0x0000000080100000, 0x0000000080200000, 0x0000000080200000|100%| O|  |TAMS 0x0000000080100000, 0x0000000080100000| Untracked 
|   2|0x0000000080200000, 0x0000000080300000, 0x0000000080300000|100%| O|  |TAMS 0x0000000080200000, 0x0000000080200000| Untracked 
|   3|0x0000000080300000, 0x0000000080400000, 0x0000000080400000|100%|HS|  |TAMS 0x0000000080400000, 0x0000000080300000| Complete 
|   4|0x0000000080400000, 0x0000000080500000, 0x0000000080500000|100%|HC|  |TAMS 0x0000000080500000, 0x0000000080400000| Complete 
|   5|0x0000000080500000, 0x0000000080600000, 0x0000000080600000|100%|HC|  |TAMS 0x0000000080600000, 0x0000000080500000| Complete 
|   6|0x0000000080600000, 0x0000000080700000, 0x0000000080700000|100%| O|  |TAMS 0x0000000080700000, 0x0000000080600000| Untracked 
|   7|0x0000000080700000, 0x0000000080800000, 0x0000000080800000|100%| O|  |TAMS 0x0000000080800000, 0x0000000080700000| Untracked 
|   8|0x0000000080800000, 0x0000000080900000, 0x0000000080900000|100%| O|  |TAMS 0x00000000808fe800, 0x0000000080800000| Untracked 
|   9|0x0000000080900000, 0x0000000080a00000, 0x0000000080a00000|100%| O|  |TAMS 0x0000000080900000, 0x0000000080900000| Untracked 
|  10|0x0000000080a00000, 0x0000000080b00000, 0x0000000080b00000|100%| O|  |TAMS 0x0000000080a00000, 0x0000000080a00000| Untracked 
|  11|0x0000000080b00000, 0x0000000080c00000, 0x0000000080c00000|100%| O|  |TAMS 0x0000000080b00000, 0x0000000080b00000| Untracked 
|  12|0x0000000080c00000, 0x0000000080d00000, 0x0000000080d00000|100%| O|  |TAMS 0x0000000080c00000, 0x0000000080c00000| Untracked 
|  13|0x0000000080d00000, 0x0000000080e00000, 0x0000000080e00000|100%| O|  |TAMS 0x0000000080d00000, 0x0000000080d00000| Untracked 
|  14|0x0000000080e00000, 0x0000000080f00000, 0x0000000080f00000|100%| O|  |TAMS 0x0000000080e00000, 0x0000000080e00000| Untracked 
|  15|0x0000000080f00000, 0x0000000081000000, 0x0000000081000000|100%| O|  |TAMS 0x0000000080f00000, 0x0000000080f00000| Untracked 
|  16|0x0000000081000000, 0x000000008108ca00, 0x0000000081100000| 54%| O|  |TAMS 0x0000000081000000, 0x0000000081000000| Untracked 
|  17|0x0000000081100000, 0x0000000081100000, 0x0000000081200000|  0%| F|  |TAMS 0x0000000081100000, 0x0000000081100000| Untracked 
|  18|0x0000000081200000, 0x0000000081200000, 0x0000000081300000|  0%| F|  |TAMS 0x0000000081200000, 0x0000000081200000| Untracked 
|  19|0x0000000081300000, 0x0000000081300000, 0x0000000081400000|  0%| F|  |TAMS 0x0000000081300000, 0x0000000081300000| Untracked 
|  20|0x0000000081400000, 0x0000000081400000, 0x0000000081500000|  0%| F|  |TAMS 0x0000000081400000, 0x0000000081400000| Untracked 
|  21|0x0000000081500000, 0x0000000081500000, 0x0000000081600000|  0%| F|  |TAMS 0x0000000081500000, 0x0000000081500000| Untracked 
|  22|0x0000000081600000, 0x0000000081600000, 0x0000000081700000|  0%| F|  |TAMS 0x0000000081600000, 0x0000000081600000| Untracked 
|  23|0x0000000081700000, 0x0000000081700000, 0x0000000081800000|  0%| F|  |TAMS 0x0000000081700000, 0x0000000081700000| Untracked 
|  24|0x0000000081800000, 0x0000000081800000, 0x0000000081900000|  0%| F|  |TAMS 0x0000000081800000, 0x0000000081800000| Untracked 
|  25|0x0000000081900000, 0x0000000081900000, 0x0000000081a00000|  0%| F|  |TAMS 0x0000000081900000, 0x0000000081900000| Untracked 
|  26|0x0000000081a00000, 0x0000000081a00000, 0x0000000081b00000|  0%| F|  |TAMS 0x0000000081a00000, 0x0000000081a00000| Untracked 
|  27|0x0000000081b00000, 0x0000000081b00000, 0x0000000081c00000|  0%| F|  |TAMS 0x0000000081b00000, 0x0000000081b00000| Untracked 
|  28|0x0000000081c00000, 0x0000000081c00000, 0x0000000081d00000|  0%| F|  |TAMS 0x0000000081c00000, 0x0000000081c00000| Untracked 
|  29|0x0000000081d00000, 0x0000000081d00000, 0x0000000081e00000|  0%| F|  |TAMS 0x0000000081d00000, 0x0000000081d00000| Untracked 
|  30|0x0000000081e00000, 0x0000000081e00000, 0x0000000081f00000|  0%| F|  |TAMS 0x0000000081e00000, 0x0000000081e00000| Untracked 
|  31|0x0000000081f00000, 0x0000000081f00000, 0x0000000082000000|  0%| F|  |TAMS 0x0000000081f00000, 0x0000000081f00000| Untracked 
|  32|0x0000000082000000, 0x0000000082000000, 0x0000000082100000|  0%| F|  |TAMS 0x0000000082000000, 0x0000000082000000| Untracked 
|  33|0x0000000082100000, 0x0000000082100000, 0x0000000082200000|  0%| F|  |TAMS 0x0000000082100000, 0x0000000082100000| Untracked 
|  34|0x0000000082200000, 0x0000000082200000, 0x0000000082300000|  0%| F|  |TAMS 0x0000000082200000, 0x0000000082200000| Untracked 
|  35|0x0000000082300000, 0x0000000082300000, 0x0000000082400000|  0%| F|  |TAMS 0x0000000082300000, 0x0000000082300000| Untracked 
|  36|0x0000000082400000, 0x0000000082400000, 0x0000000082500000|  0%| F|  |TAMS 0x0000000082400000, 0x0000000082400000| Untracked 
|  37|0x0000000082500000, 0x0000000082500000, 0x0000000082600000|  0%| F|  |TAMS 0x0000000082500000, 0x0000000082500000| Untracked 
|  38|0x0000000082600000, 0x0000000082600000, 0x0000000082700000|  0%| F|  |TAMS 0x0000000082600000, 0x0000000082600000| Untracked 
|  39|0x0000000082700000, 0x0000000082700000, 0x0000000082800000|  0%| F|  |TAMS 0x0000000082700000, 0x0000000082700000| Untracked 
|  40|0x0000000082800000, 0x0000000082800000, 0x0000000082900000|  0%| F|  |TAMS 0x0000000082800000, 0x0000000082800000| Untracked 
|  41|0x0000000082900000, 0x0000000082900000, 0x0000000082a00000|  0%| F|  |TAMS 0x0000000082900000, 0x0000000082900000| Untracked 
|  42|0x0000000082a00000, 0x0000000082a00000, 0x0000000082b00000|  0%| F|  |TAMS 0x0000000082a00000, 0x0000000082a00000| Untracked 
|  43|0x0000000082b00000, 0x0000000082b00000, 0x0000000082c00000|  0%| F|  |TAMS 0x0000000082b00000, 0x0000000082b00000| Untracked 
|  44|0x0000000082c00000, 0x0000000082c00000, 0x0000000082d00000|  0%| F|  |TAMS 0x0000000082c00000, 0x0000000082c00000| Untracked 
|  45|0x0000000082d00000, 0x0000000082d00000, 0x0000000082e00000|  0%| F|  |TAMS 0x0000000082d00000, 0x0000000082d00000| Untracked 
|  46|0x0000000082e00000, 0x0000000082e00000, 0x0000000082f00000|  0%| F|  |TAMS 0x0000000082e00000, 0x0000000082e00000| Untracked 
|  47|0x0000000082f00000, 0x0000000082f00000, 0x0000000083000000|  0%| F|  |TAMS 0x0000000082f00000, 0x0000000082f00000| Untracked 
|  48|0x0000000083000000, 0x0000000083000000, 0x0000000083100000|  0%| F|  |TAMS 0x0000000083000000, 0x0000000083000000| Untracked 
|  49|0x0000000083100000, 0x0000000083100000, 0x0000000083200000|  0%| F|  |TAMS 0x0000000083100000, 0x0000000083100000| Untracked 
|  50|0x0000000083200000, 0x0000000083200000, 0x0000000083300000|  0%| F|  |TAMS 0x0000000083200000, 0x0000000083200000| Untracked 
|  51|0x0000000083300000, 0x0000000083300000, 0x0000000083400000|  0%| F|  |TAMS 0x0000000083300000, 0x0000000083300000| Untracked 
|  52|0x0000000083400000, 0x0000000083400000, 0x0000000083500000|  0%| F|  |TAMS 0x0000000083400000, 0x0000000083400000| Untracked 
|  53|0x0000000083500000, 0x0000000083500000, 0x0000000083600000|  0%| F|  |TAMS 0x0000000083500000, 0x0000000083500000| Untracked 
|  54|0x0000000083600000, 0x0000000083600000, 0x0000000083700000|  0%| F|  |TAMS 0x0000000083600000, 0x0000000083600000| Untracked 
|  55|0x0000000083700000, 0x0000000083700000, 0x0000000083800000|  0%| F|  |TAMS 0x0000000083700000, 0x0000000083700000| Untracked 
|  56|0x0000000083800000, 0x0000000083800000, 0x0000000083900000|  0%| F|  |TAMS 0x0000000083800000, 0x0000000083800000| Untracked 
|  57|0x0000000083900000, 0x0000000083900000, 0x0000000083a00000|  0%| F|  |TAMS 0x0000000083900000, 0x0000000083900000| Untracked 
|  58|0x0000000083a00000, 0x0000000083a00000, 0x0000000083b00000|  0%| F|  |TAMS 0x0000000083a00000, 0x0000000083a00000| Untracked 
|  59|0x0000000083b00000, 0x0000000083b00000, 0x0000000083c00000|  0%| F|  |TAMS 0x0000000083b00000, 0x0000000083b00000| Untracked 
|  60|0x0000000083c00000, 0x0000000083c00000, 0x0000000083d00000|  0%| F|  |TAMS 0x0000000083c00000, 0x0000000083c00000| Untracked 
|  61|0x0000000083d00000, 0x0000000083d00000, 0x0000000083e00000|  0%| F|  |TAMS 0x0000000083d00000, 0x0000000083d00000| Untracked 
|  62|0x0000000083e00000, 0x0000000083e00000, 0x0000000083f00000|  0%| F|  |TAMS 0x0000000083e00000, 0x0000000083e00000| Untracked 
|  63|0x0000000083f00000, 0x0000000083f00000, 0x0000000084000000|  0%| F|  |TAMS 0x0000000083f00000, 0x0000000083f00000| Untracked 
|  64|0x0000000084000000, 0x0000000084000000, 0x0000000084100000|  0%| F|  |TAMS 0x0000000084000000, 0x0000000084000000| Untracked 
|  65|0x0000000084100000, 0x0000000084100000, 0x0000000084200000|  0%| F|  |TAMS 0x0000000084100000, 0x0000000084100000| Untracked 
|  66|0x0000000084200000, 0x0000000084200000, 0x0000000084300000|  0%| F|  |TAMS 0x0000000084200000, 0x0000000084200000| Untracked 
|  67|0x0000000084300000, 0x0000000084300000, 0x0000000084400000|  0%| F|  |TAMS 0x0000000084300000, 0x0000000084300000| Untracked 
|  68|0x0000000084400000, 0x0000000084400000, 0x0000000084500000|  0%| F|  |TAMS 0x0000000084400000, 0x0000000084400000| Untracked 
|  69|0x0000000084500000, 0x0000000084500000, 0x0000000084600000|  0%| F|  |TAMS 0x0000000084500000, 0x0000000084500000| Untracked 
|  70|0x0000000084600000, 0x0000000084600000, 0x0000000084700000|  0%| F|  |TAMS 0x0000000084600000, 0x0000000084600000| Untracked 
|  71|0x0000000084700000, 0x0000000084700000, 0x0000000084800000|  0%| F|  |TAMS 0x0000000084700000, 0x0000000084700000| Untracked 
|  72|0x0000000084800000, 0x0000000084800000, 0x0000000084900000|  0%| F|  |TAMS 0x0000000084800000, 0x0000000084800000| Untracked 
|  73|0x0000000084900000, 0x0000000084900000, 0x0000000084a00000|  0%| F|  |TAMS 0x0000000084900000, 0x0000000084900000| Untracked 
|  74|0x0000000084a00000, 0x0000000084a00000, 0x0000000084b00000|  0%| F|  |TAMS 0x0000000084a00000, 0x0000000084a00000| Untracked 
|  75|0x0000000084b00000, 0x0000000084b00000, 0x0000000084c00000|  0%| F|  |TAMS 0x0000000084b00000, 0x0000000084b00000| Untracked 
|  76|0x0000000084c00000, 0x0000000084c00000, 0x0000000084d00000|  0%| F|  |TAMS 0x0000000084c00000, 0x0000000084c00000| Untracked 
|  77|0x0000000084d00000, 0x0000000084d00000, 0x0000000084e00000|  0%| F|  |TAMS 0x0000000084d00000, 0x0000000084d00000| Untracked 
|  78|0x0000000084e00000, 0x0000000084e00000, 0x0000000084f00000|  0%| F|  |TAMS 0x0000000084e00000, 0x0000000084e00000| Untracked 
|  79|0x0000000084f00000, 0x0000000084f00000, 0x0000000085000000|  0%| F|  |TAMS 0x0000000084f00000, 0x0000000084f00000| Untracked 
|  80|0x0000000085000000, 0x0000000085000000, 0x0000000085100000|  0%| F|  |TAMS 0x0000000085000000, 0x0000000085000000| Untracked 
|  81|0x0000000085100000, 0x0000000085100000, 0x0000000085200000|  0%| F|  |TAMS 0x0000000085100000, 0x0000000085100000| Untracked 
|  82|0x0000000085200000, 0x0000000085200000, 0x0000000085300000|  0%| F|  |TAMS 0x0000000085200000, 0x0000000085200000| Untracked 
|  83|0x0000000085300000, 0x0000000085300000, 0x0000000085400000|  0%| F|  |TAMS 0x0000000085300000, 0x0000000085300000| Untracked 
|  84|0x0000000085400000, 0x0000000085400000, 0x0000000085500000|  0%| F|  |TAMS 0x0000000085400000, 0x0000000085400000| Untracked 
|  85|0x0000000085500000, 0x0000000085500000, 0x0000000085600000|  0%| F|  |TAMS 0x0000000085500000, 0x0000000085500000| Untracked 
|  86|0x0000000085600000, 0x0000000085600000, 0x0000000085700000|  0%| F|  |TAMS 0x0000000085600000, 0x0000000085600000| Untracked 
|  87|0x0000000085700000, 0x0000000085700000, 0x0000000085800000|  0%| F|  |TAMS 0x0000000085700000, 0x0000000085700000| Untracked 
|  88|0x0000000085800000, 0x0000000085800000, 0x0000000085900000|  0%| F|  |TAMS 0x0000000085800000, 0x0000000085800000| Untracked 
|  89|0x0000000085900000, 0x0000000085900000, 0x0000000085a00000|  0%| F|  |TAMS 0x0000000085900000, 0x0000000085900000| Untracked 
|  90|0x0000000085a00000, 0x0000000085a00000, 0x0000000085b00000|  0%| F|  |TAMS 0x0000000085a00000, 0x0000000085a00000| Untracked 
|  91|0x0000000085b00000, 0x0000000085b00000, 0x0000000085c00000|  0%| F|  |TAMS 0x0000000085b00000, 0x0000000085b00000| Untracked 
|  92|0x0000000085c00000, 0x0000000085c00000, 0x0000000085d00000|  0%| F|  |TAMS 0x0000000085c00000, 0x0000000085c00000| Untracked 
|  93|0x0000000085d00000, 0x0000000085d00000, 0x0000000085e00000|  0%| F|  |TAMS 0x0000000085d00000, 0x0000000085d00000| Untracked 
|  94|0x0000000085e00000, 0x0000000085e00000, 0x0000000085f00000|  0%| F|  |TAMS 0x0000000085e00000, 0x0000000085e00000| Untracked 
|  95|0x0000000085f00000, 0x0000000085f00000, 0x0000000086000000|  0%| F|  |TAMS 0x0000000085f00000, 0x0000000085f00000| Untracked 
|  96|0x0000000086000000, 0x0000000086000000, 0x0000000086100000|  0%| F|  |TAMS 0x0000000086000000, 0x0000000086000000| Untracked 
|  97|0x0000000086100000, 0x0000000086100000, 0x0000000086200000|  0%| F|  |TAMS 0x0000000086100000, 0x0000000086100000| Untracked 
|  98|0x0000000086200000, 0x0000000086200000, 0x0000000086300000|  0%| F|  |TAMS 0x0000000086200000, 0x0000000086200000| Untracked 
|  99|0x0000000086300000, 0x0000000086300000, 0x0000000086400000|  0%| F|  |TAMS 0x0000000086300000, 0x0000000086300000| Untracked 
| 100|0x0000000086400000, 0x0000000086400000, 0x0000000086500000|  0%| F|  |TAMS 0x0000000086400000, 0x0000000086400000| Untracked 
| 101|0x0000000086500000, 0x0000000086500000, 0x0000000086600000|  0%| F|  |TAMS 0x0000000086500000, 0x0000000086500000| Untracked 
| 102|0x0000000086600000, 0x0000000086600000, 0x0000000086700000|  0%| F|  |TAMS 0x0000000086600000, 0x0000000086600000| Untracked 
| 103|0x0000000086700000, 0x0000000086700000, 0x0000000086800000|  0%| F|  |TAMS 0x0000000086700000, 0x0000000086700000| Untracked 
| 104|0x0000000086800000, 0x0000000086800000, 0x0000000086900000|  0%| F|  |TAMS 0x0000000086800000, 0x0000000086800000| Untracked 
| 105|0x0000000086900000, 0x0000000086900000, 0x0000000086a00000|  0%| F|  |TAMS 0x0000000086900000, 0x0000000086900000| Untracked 
| 106|0x0000000086a00000, 0x0000000086a00000, 0x0000000086b00000|  0%| F|  |TAMS 0x0000000086a00000, 0x0000000086a00000| Untracked 
| 107|0x0000000086b00000, 0x0000000086b00000, 0x0000000086c00000|  0%| F|  |TAMS 0x0000000086b00000, 0x0000000086b00000| Untracked 
| 108|0x0000000086c00000, 0x0000000086c00000, 0x0000000086d00000|  0%| F|  |TAMS 0x0000000086c00000, 0x0000000086c00000| Untracked 
| 109|0x0000000086d00000, 0x0000000086d00000, 0x0000000086e00000|  0%| F|  |TAMS 0x0000000086d00000, 0x0000000086d00000| Untracked 
| 110|0x0000000086e00000, 0x0000000086e00000, 0x0000000086f00000|  0%| F|  |TAMS 0x0000000086e00000, 0x0000000086e00000| Untracked 
| 111|0x0000000086f00000, 0x0000000086f00000, 0x0000000087000000|  0%| F|  |TAMS 0x0000000086f00000, 0x0000000086f00000| Untracked 
| 112|0x0000000087000000, 0x0000000087000000, 0x0000000087100000|  0%| F|  |TAMS 0x0000000087000000, 0x0000000087000000| Untracked 
| 113|0x0000000087100000, 0x0000000087100000, 0x0000000087200000|  0%| F|  |TAMS 0x0000000087100000, 0x0000000087100000| Untracked 
| 114|0x0000000087200000, 0x0000000087200000, 0x0000000087300000|  0%| F|  |TAMS 0x0000000087200000, 0x0000000087200000| Untracked 
| 115|0x0000000087300000, 0x0000000087300000, 0x0000000087400000|  0%| F|  |TAMS 0x0000000087300000, 0x0000000087300000| Untracked 
| 116|0x0000000087400000, 0x0000000087400000, 0x0000000087500000|  0%| F|  |TAMS 0x0000000087400000, 0x0000000087400000| Untracked 
| 117|0x0000000087500000, 0x0000000087500000, 0x0000000087600000|  0%| F|  |TAMS 0x0000000087500000, 0x0000000087500000| Untracked 
| 118|0x0000000087600000, 0x0000000087600000, 0x0000000087700000|  0%| F|  |TAMS 0x0000000087600000, 0x0000000087600000| Untracked 
| 119|0x0000000087700000, 0x0000000087700000, 0x0000000087800000|  0%| F|  |TAMS 0x0000000087700000, 0x0000000087700000| Untracked 
| 120|0x0000000087800000, 0x0000000087800000, 0x0000000087900000|  0%| F|  |TAMS 0x0000000087800000, 0x0000000087800000| Untracked 
| 121|0x0000000087900000, 0x0000000087900000, 0x0000000087a00000|  0%| F|  |TAMS 0x0000000087900000, 0x0000000087900000| Untracked 
| 122|0x0000000087a00000, 0x0000000087a00000, 0x0000000087b00000|  0%| F|  |TAMS 0x0000000087a00000, 0x0000000087a00000| Untracked 
| 123|0x0000000087b00000, 0x0000000087b00000, 0x0000000087c00000|  0%| F|  |TAMS 0x0000000087b00000, 0x0000000087b00000| Untracked 
| 124|0x0000000087c00000, 0x0000000087c00000, 0x0000000087d00000|  0%| F|  |TAMS 0x0000000087c00000, 0x0000000087c00000| Untracked 
| 125|0x0000000087d00000, 0x0000000087d00000, 0x0000000087e00000|  0%| F|  |TAMS 0x0000000087d00000, 0x0000000087d00000| Untracked 
| 126|0x0000000087e00000, 0x0000000087e00000, 0x0000000087f00000|  0%| F|  |TAMS 0x0000000087e00000, 0x0000000087e00000| Untracked 
| 127|0x0000000087f00000, 0x0000000087f00000, 0x0000000088000000|  0%| F|  |TAMS 0x0000000087f00000, 0x0000000087f00000| Untracked 
| 128|0x0000000088000000, 0x0000000088000000, 0x0000000088100000|  0%| F|  |TAMS 0x0000000088000000, 0x0000000088000000| Untracked 
| 129|0x0000000088100000, 0x0000000088100000, 0x0000000088200000|  0%| F|  |TAMS 0x0000000088100000, 0x0000000088100000| Untracked 
| 130|0x0000000088200000, 0x0000000088200000, 0x0000000088300000|  0%| F|  |TAMS 0x0000000088200000, 0x0000000088200000| Untracked 
| 131|0x0000000088300000, 0x0000000088300000, 0x0000000088400000|  0%| F|  |TAMS 0x0000000088300000, 0x0000000088300000| Untracked 
| 132|0x0000000088400000, 0x0000000088400000, 0x0000000088500000|  0%| F|  |TAMS 0x0000000088400000, 0x0000000088400000| Untracked 
| 133|0x0000000088500000, 0x0000000088500000, 0x0000000088600000|  0%| F|  |TAMS 0x0000000088500000, 0x0000000088500000| Untracked 
| 134|0x0000000088600000, 0x0000000088600000, 0x0000000088700000|  0%| F|  |TAMS 0x0000000088600000, 0x0000000088600000| Untracked 
| 135|0x0000000088700000, 0x0000000088700000, 0x0000000088800000|  0%| F|  |TAMS 0x0000000088700000, 0x0000000088700000| Untracked 
| 136|0x0000000088800000, 0x0000000088800000, 0x0000000088900000|  0%| F|  |TAMS 0x0000000088800000, 0x0000000088800000| Untracked 
| 137|0x0000000088900000, 0x0000000088900000, 0x0000000088a00000|  0%| F|  |TAMS 0x0000000088900000, 0x0000000088900000| Untracked 
| 138|0x0000000088a00000, 0x0000000088a00000, 0x0000000088b00000|  0%| F|  |TAMS 0x0000000088a00000, 0x0000000088a00000| Untracked 
| 139|0x0000000088b00000, 0x0000000088b00000, 0x0000000088c00000|  0%| F|  |TAMS 0x0000000088b00000, 0x0000000088b00000| Untracked 
| 140|0x0000000088c00000, 0x0000000088c00000, 0x0000000088d00000|  0%| F|  |TAMS 0x0000000088c00000, 0x0000000088c00000| Untracked 
| 141|0x0000000088d00000, 0x0000000088d00000, 0x0000000088e00000|  0%| F|  |TAMS 0x0000000088d00000, 0x0000000088d00000| Untracked 
| 142|0x0000000088e00000, 0x0000000088e00000, 0x0000000088f00000|  0%| F|  |TAMS 0x0000000088e00000, 0x0000000088e00000| Untracked 
| 143|0x0000000088f00000, 0x0000000088f00000, 0x0000000089000000|  0%| F|  |TAMS 0x0000000088f00000, 0x0000000088f00000| Untracked 
| 144|0x0000000089000000, 0x0000000089000000, 0x0000000089100000|  0%| F|  |TAMS 0x0000000089000000, 0x0000000089000000| Untracked 
| 145|0x0000000089100000, 0x0000000089100000, 0x0000000089200000|  0%| F|  |TAMS 0x0000000089100000, 0x0000000089100000| Untracked 
| 146|0x0000000089200000, 0x0000000089200000, 0x0000000089300000|  0%| F|  |TAMS 0x0000000089200000, 0x0000000089200000| Untracked 
| 147|0x0000000089300000, 0x0000000089300000, 0x0000000089400000|  0%| F|  |TAMS 0x0000000089300000, 0x0000000089300000| Untracked 
| 148|0x0000000089400000, 0x0000000089400000, 0x0000000089500000|  0%| F|  |TAMS 0x0000000089400000, 0x0000000089400000| Untracked 
| 149|0x0000000089500000, 0x0000000089500000, 0x0000000089600000|  0%| F|  |TAMS 0x0000000089500000, 0x0000000089500000| Untracked 
| 150|0x0000000089600000, 0x0000000089600000, 0x0000000089700000|  0%| F|  |TAMS 0x0000000089600000, 0x0000000089600000| Untracked 
| 151|0x0000000089700000, 0x0000000089700000, 0x0000000089800000|  0%| F|  |TAMS 0x0000000089700000, 0x0000000089700000| Untracked 
| 152|0x0000000089800000, 0x0000000089800000, 0x0000000089900000|  0%| F|  |TAMS 0x0000000089800000, 0x0000000089800000| Untracked 
| 153|0x0000000089900000, 0x0000000089900000, 0x0000000089a00000|  0%| F|  |TAMS 0x0000000089900000, 0x0000000089900000| Untracked 
| 154|0x0000000089a00000, 0x0000000089a00000, 0x0000000089b00000|  0%| F|  |TAMS 0x0000000089a00000, 0x0000000089a00000| Untracked 
| 155|0x0000000089b00000, 0x0000000089b00000, 0x0000000089c00000|  0%| F|  |TAMS 0x0000000089b00000, 0x0000000089b00000| Untracked 
| 156|0x0000000089c00000, 0x0000000089c00000, 0x0000000089d00000|  0%| F|  |TAMS 0x0000000089c00000, 0x0000000089c00000| Untracked 
| 157|0x0000000089d00000, 0x0000000089d00000, 0x0000000089e00000|  0%| F|  |TAMS 0x0000000089d00000, 0x0000000089d00000| Untracked 
| 158|0x0000000089e00000, 0x0000000089e00000, 0x0000000089f00000|  0%| F|  |TAMS 0x0000000089e00000, 0x0000000089e00000| Untracked 
| 159|0x0000000089f00000, 0x0000000089f00000, 0x000000008a000000|  0%| F|  |TAMS 0x0000000089f00000, 0x0000000089f00000| Untracked 
| 160|0x000000008a000000, 0x000000008a000000, 0x000000008a100000|  0%| F|  |TAMS 0x000000008a000000, 0x000000008a000000| Untracked 
| 161|0x000000008a100000, 0x000000008a100000, 0x000000008a200000|  0%| F|  |TAMS 0x000000008a100000, 0x000000008a100000| Untracked 
| 162|0x000000008a200000, 0x000000008a200000, 0x000000008a300000|  0%| F|  |TAMS 0x000000008a200000, 0x000000008a200000| Untracked 
| 163|0x000000008a300000, 0x000000008a300000, 0x000000008a400000|  0%| F|  |TAMS 0x000000008a300000, 0x000000008a300000| Untracked 
| 164|0x000000008a400000, 0x000000008a400000, 0x000000008a500000|  0%| F|  |TAMS 0x000000008a400000, 0x000000008a400000| Untracked 
| 165|0x000000008a500000, 0x000000008a600000, 0x000000008a600000|100%| E|  |TAMS 0x000000008a500000, 0x000000008a500000| Complete 
| 166|0x000000008a600000, 0x000000008a700000, 0x000000008a700000|100%| E|CS|TAMS 0x000000008a600000, 0x000000008a600000| Complete 
| 167|0x000000008a700000, 0x000000008a800000, 0x000000008a800000|100%| E|CS|TAMS 0x000000008a700000, 0x000000008a700000| Complete 
| 168|0x000000008a800000, 0x000000008a900000, 0x000000008a900000|100%| E|CS|TAMS 0x000000008a800000, 0x000000008a800000| Complete 
| 169|0x000000008a900000, 0x000000008aa00000, 0x000000008aa00000|100%| E|CS|TAMS 0x000000008a900000, 0x000000008a900000| Complete 
| 170|0x000000008aa00000, 0x000000008ab00000, 0x000000008ab00000|100%| E|CS|TAMS 0x000000008aa00000, 0x000000008aa00000| Complete 
| 171|0x000000008ab00000, 0x000000008ac00000, 0x000000008ac00000|100%| S|CS|TAMS 0x000000008ab00000, 0x000000008ab00000| Complete 
| 172|0x000000008ac00000, 0x000000008ad00000, 0x000000008ad00000|100%| E|CS|TAMS 0x000000008ac00000, 0x000000008ac00000| Complete 
| 173|0x000000008ad00000, 0x000000008ae00000, 0x000000008ae00000|100%| E|CS|TAMS 0x000000008ad00000, 0x000000008ad00000| Complete 
| 174|0x000000008ae00000, 0x000000008af00000, 0x000000008af00000|100%| E|CS|TAMS 0x000000008ae00000, 0x000000008ae00000| Complete 
| 175|0x000000008af00000, 0x000000008b000000, 0x000000008b000000|100%| E|CS|TAMS 0x000000008af00000, 0x000000008af00000| Complete 
| 176|0x000000008b000000, 0x000000008b100000, 0x000000008b100000|100%| E|CS|TAMS 0x000000008b000000, 0x000000008b000000| Complete 
| 177|0x000000008b100000, 0x000000008b200000, 0x000000008b200000|100%| E|CS|TAMS 0x000000008b100000, 0x000000008b100000| Complete 
| 178|0x000000008b200000, 0x000000008b300000, 0x000000008b300000|100%| E|CS|TAMS 0x000000008b200000, 0x000000008b200000| Complete 
| 179|0x000000008b300000, 0x000000008b400000, 0x000000008b400000|100%| E|CS|TAMS 0x000000008b300000, 0x000000008b300000| Complete 
| 180|0x000000008b400000, 0x000000008b500000, 0x000000008b500000|100%| E|CS|TAMS 0x000000008b400000, 0x000000008b400000| Complete 
| 181|0x000000008b500000, 0x000000008b600000, 0x000000008b600000|100%| E|CS|TAMS 0x000000008b500000, 0x000000008b500000| Complete 
| 182|0x000000008b600000, 0x000000008b700000, 0x000000008b700000|100%| E|CS|TAMS 0x000000008b600000, 0x000000008b600000| Complete 
| 183|0x000000008b700000, 0x000000008b800000, 0x000000008b800000|100%| E|CS|TAMS 0x000000008b700000, 0x000000008b700000| Complete 
| 184|0x000000008b800000, 0x000000008b900000, 0x000000008b900000|100%| E|CS|TAMS 0x000000008b800000, 0x000000008b800000| Complete 
| 185|0x000000008b900000, 0x000000008ba00000, 0x000000008ba00000|100%| E|CS|TAMS 0x000000008b900000, 0x000000008b900000| Complete 
| 186|0x000000008ba00000, 0x000000008bb00000, 0x000000008bb00000|100%| E|CS|TAMS 0x000000008ba00000, 0x000000008ba00000| Complete 
| 187|0x000000008bb00000, 0x000000008bc00000, 0x000000008bc00000|100%| E|CS|TAMS 0x000000008bb00000, 0x000000008bb00000| Complete 
| 188|0x000000008bc00000, 0x000000008bd00000, 0x000000008bd00000|100%| E|CS|TAMS 0x000000008bc00000, 0x000000008bc00000| Complete 
| 189|0x000000008bd00000, 0x000000008be00000, 0x000000008be00000|100%| E|CS|TAMS 0x000000008bd00000, 0x000000008bd00000| Complete 
| 190|0x000000008be00000, 0x000000008bf00000, 0x000000008bf00000|100%| E|CS|TAMS 0x000000008be00000, 0x000000008be00000| Complete 
| 191|0x000000008bf00000, 0x000000008c000000, 0x000000008c000000|100%| E|CS|TAMS 0x000000008bf00000, 0x000000008bf00000| Complete 

Card table byte_map: [0x0000024726a80000,0x0000024726e80000] _byte_map_base: 0x0000024726680000

Marking Bits (Prev, Next): (CMBitMap*) 0x0000024711964040, (CMBitMap*) 0x0000024711964008
 Prev Bits: [0x0000024729280000, 0x000002472b280000)
 Next Bits: [0x0000024727280000, 0x0000024729280000)

Polling page: 0x0000024711a00000

Metaspace:

Usage:
  Non-class:     21.92 MB capacity,    21.61 MB ( 99%) used,   272.32 KB (  1%) free+waste,    44.13 KB ( <1%) overhead. 
      Class:      3.40 MB capacity,     3.20 MB ( 94%) used,   186.58 KB (  5%) free+waste,    21.94 KB ( <1%) overhead. 
       Both:     25.33 MB capacity,    24.81 MB ( 98%) used,   458.90 KB (  2%) free+waste,    66.06 KB ( <1%) overhead. 

Virtual space:
  Non-class space:       26.00 MB reserved,      22.17 MB ( 85%) committed 
      Class space:        1.00 GB reserved,       3.50 MB ( <1%) committed 
             Both:        1.03 GB reserved,      25.67 MB (  2%) committed 

Chunk freelists:
   Non-Class:  62.00 KB
       Class:  4.00 KB
        Both:  66.00 KB

MaxMetaspaceSize: 17179869184.00 GB
CompressedClassSpaceSize: 1.00 GB
Initial GC threshold: 20.80 MB
Current GC threshold: 34.87 MB
CDS: off

CodeHeap 'non-profiled nmethods': size=120000Kb used=1156Kb max_used=1156Kb free=118843Kb
 bounds [0x000002471e6f0000, 0x000002471e960000, 0x0000024725c20000]
CodeHeap 'profiled nmethods': size=120000Kb used=4658Kb max_used=4658Kb free=115341Kb
 bounds [0x00000247171c0000, 0x0000024717650000, 0x000002471e6f0000]
CodeHeap 'non-nmethods': size=5760Kb used=1221Kb max_used=1256Kb free=4538Kb
 bounds [0x0000024716c20000, 0x0000024716e90000, 0x00000247171c0000]
 total_blobs=2718 nmethods=2221 adapters=409
 compilation: enabled
              stopped_count=0, restarted_count=0
 full_count=0

Compilation events (20 events):
Event: 4.233 Thread 0x000002472e606800 2210       3       java.util.concurrent.locks.ReentrantLock$NonfairSync::<init> (5 bytes)
Event: 4.233 Thread 0x000002472e606800 nmethod 2210 0x0000024717641310 code [0x00000247176414e0, 0x0000024717641758]
Event: 4.245 Thread 0x000002472e606800 2212       3       org.gradle.internal.instantiation.generator.AbstractClassGenerator$ClassGenerationHandler::visitInstanceMethod (1 bytes)
Event: 4.245 Thread 0x000002472e606800 nmethod 2212 0x0000024717641890 code [0x0000024717641a40, 0x0000024717641b38]
Event: 4.246 Thread 0x000002472e606800 2213       3       org.objectweb.asm.Label::<init> (5 bytes)
Event: 4.246 Thread 0x000002472e606800 nmethod 2213 0x0000024717641c10 code [0x0000024717641dc0, 0x0000024717641f18]
Event: 4.246 Thread 0x000002472e606800 2214       3       org.objectweb.asm.Label::resolve (219 bytes)
Event: 4.247 Thread 0x000002472e606800 nmethod 2214 0x0000024717642010 code [0x0000024717642200, 0x00000247176426f8]
Event: 4.247 Thread 0x000002472e606800 2216       3       org.objectweb.asm.SymbolTable::addConstantUtf8Reference (101 bytes)
Event: 4.247 Thread 0x000002472e606800 nmethod 2216 0x0000024717642a10 code [0x0000024717642c40, 0x00000247176432b8]
Event: 4.248 Thread 0x000002472e606800 2215       3       org.objectweb.asm.Frame::merge (322 bytes)
Event: 4.249 Thread 0x000002472e606800 nmethod 2215 0x0000024717643610 code [0x0000024717643840, 0x0000024717644148]
Event: 4.249 Thread 0x000002472e606800 2217       3       org.objectweb.asm.Frame::getAbstractTypeFromDescriptor (415 bytes)
Event: 4.251 Thread 0x000002472e606800 nmethod 2217 0x0000024717644390 code [0x0000024717644720, 0x00000247176461b8]
Event: 4.251 Thread 0x000002472e606800 2218       3       org.objectweb.asm.Frame::getLocal (46 bytes)
Event: 4.251 Thread 0x000002472e606800 nmethod 2218 0x0000024717646a90 code [0x0000024717646c40, 0x0000024717646e38]
Event: 4.256 Thread 0x000002472e606800 2219       3       org.gradle.internal.service.DefaultServiceRegistry$OwnServices::instanceRealized (209 bytes)
Event: 4.259 Thread 0x000002472e606800 nmethod 2219 0x0000024717646f10 code [0x00000247176474a0, 0x000002471764a2c8]
Event: 4.265 Thread 0x000002472e602800 nmethod 2183% 0x000002471e80e590 code [0x000002471e80e8a0, 0x000002471e80fed0]
Event: 4.266 Thread 0x000002472e602800 2136   !   4       java.net.URLClassLoader$1::run (81 bytes)

GC Heap History (6 events):
Event: 0.715 GC heap before
{Heap before GC invocations=0 (full 0):
 garbage-first heap   total 196608K, used 29696K [0x0000000080000000, 0x0000000100000000)
  region size 1024K, 24 young (24576K), 0 survivors (0K)
 Metaspace       used 10138K, capacity 10333K, committed 10624K, reserved 1058816K
  class space    used 1045K, capacity 1108K, committed 1152K, reserved 1048576K
}
Event: 0.720 GC heap after
{Heap after GC invocations=1 (full 0):
 garbage-first heap   total 196608K, used 9210K [0x0000000080000000, 0x0000000100000000)
  region size 1024K, 3 young (3072K), 3 survivors (3072K)
 Metaspace       used 10138K, capacity 10333K, committed 10624K, reserved 1058816K
  class space    used 1045K, capacity 1108K, committed 1152K, reserved 1048576K
}
Event: 3.584 GC heap before
{Heap before GC invocations=1 (full 0):
 garbage-first heap   total 196608K, used 114682K [0x0000000080000000, 0x0000000100000000)
  region size 1024K, 107 young (109568K), 3 survivors (3072K)
 Metaspace       used 20779K, capacity 21133K, committed 21296K, reserved 1069056K
  class space    used 2529K, capacity 2688K, committed 2688K, reserved 1048576K
}
Event: 3.596 GC heap after
{Heap after GC invocations=2 (full 0):
 garbage-first heap   total 196608K, used 17068K [0x0000000080000000, 0x0000000100000000)
  region size 1024K, 11 young (11264K), 11 survivors (11264K)
 Metaspace       used 20779K, capacity 21133K, committed 21296K, reserved 1069056K
  class space    used 2529K, capacity 2688K, committed 2688K, reserved 1048576K
}
Event: 3.849 GC heap before
{Heap before GC invocations=3 (full 0):
 garbage-first heap   total 196608K, used 37548K [0x0000000080000000, 0x0000000100000000)
  region size 1024K, 31 young (31744K), 11 survivors (11264K)
 Metaspace       used 22544K, capacity 23012K, committed 23216K, reserved 1069056K
  class space    used 2850K, capacity 3064K, committed 3072K, reserved 1048576K
}
Event: 3.857 GC heap after
{Heap after GC invocations=4 (full 0):
 garbage-first heap   total 196608K, used 17970K [0x0000000080000000, 0x0000000100000000)
  region size 1024K, 1 young (1024K), 1 survivors (1024K)
 Metaspace       used 22544K, capacity 23012K, committed 23216K, reserved 1069056K
  class space    used 2850K, capacity 3064K, committed 3072K, reserved 1048576K
}

Deoptimization events (20 events):
Event: 3.533 Thread 0x0000024730c02000 Uncommon trap: trap_request=0xffffffc6 fr.pc=0x000002471e7741d4 relative=0x0000000000000114
Event: 3.533 Thread 0x0000024730c02000 Uncommon trap: reason=bimorphic_or_optimized_type_check action=maybe_recompile pc=0x000002471e7741d4 method=java.util.AbstractList$Itr.next()Ljava/lang/Object; @ 14 c2
Event: 3.533 Thread 0x0000024730c02000 DEOPT PACKING pc=0x000002471e7741d4 sp=0x0000008fcfefa730
Event: 3.533 Thread 0x0000024730c02000 DEOPT UNPACKING pc=0x0000024716c6a1af sp=0x0000008fcfefa6c8 mode 2
Event: 3.534 Thread 0x0000024730c02000 Uncommon trap: trap_request=0xffffff4d fr.pc=0x000002471e766884 relative=0x00000000000005c4
Event: 3.534 Thread 0x0000024730c02000 Uncommon trap: reason=unstable_if action=reinterpret pc=0x000002471e766884 method=java.io.File.getName()Ljava/lang/String; @ 16 c2
Event: 3.534 Thread 0x0000024730c02000 DEOPT PACKING pc=0x000002471e766884 sp=0x0000008fcfefb110
Event: 3.534 Thread 0x0000024730c02000 DEOPT UNPACKING pc=0x0000024716c6a1af sp=0x0000008fcfefb0e0 mode 2
Event: 3.534 Thread 0x0000024730c02000 Uncommon trap: trap_request=0xffffff4d fr.pc=0x000002471e7672b4 relative=0x0000000000000474
Event: 3.534 Thread 0x0000024730c02000 Uncommon trap: reason=unstable_if action=reinterpret pc=0x000002471e7672b4 method=java.lang.String.substring(I)Ljava/lang/String; @ 34 c2
Event: 3.534 Thread 0x0000024730c02000 DEOPT PACKING pc=0x000002471e7672b4 sp=0x0000008fcfefb090
Event: 3.534 Thread 0x0000024730c02000 DEOPT UNPACKING pc=0x0000024716c6a1af sp=0x0000008fcfefb068 mode 2
Event: 3.733 Thread 0x0000024730c02000 Uncommon trap: trap_request=0xffffff4d fr.pc=0x000002471e7dac98 relative=0x0000000000000398
Event: 3.733 Thread 0x0000024730c02000 Uncommon trap: reason=unstable_if action=reinterpret pc=0x000002471e7dac98 method=jdk.internal.org.objectweb.asm.Type.getArgumentsAndReturnSizes(Ljava/lang/String;)I @ 88 c2
Event: 3.733 Thread 0x0000024730c02000 DEOPT PACKING pc=0x000002471e7dac98 sp=0x0000008fcfef9660
Event: 3.733 Thread 0x0000024730c02000 DEOPT UNPACKING pc=0x0000024716c6a1af sp=0x0000008fcfef95e8 mode 2
Event: 3.923 Thread 0x0000024730c02000 Uncommon trap: trap_request=0xffffff4d fr.pc=0x000002471e7464fc relative=0x000000000000023c
Event: 3.923 Thread 0x0000024730c02000 Uncommon trap: reason=unstable_if action=reinterpret pc=0x000002471e7464fc method=java.util.concurrent.ConcurrentHashMap.get(Ljava/lang/Object;)Ljava/lang/Object; @ 76 c2
Event: 3.923 Thread 0x0000024730c02000 DEOPT PACKING pc=0x000002471e7464fc sp=0x0000008fcfef8800
Event: 3.923 Thread 0x0000024730c02000 DEOPT UNPACKING pc=0x0000024716c6a1af sp=0x0000008fcfef8768 mode 2

Classes redefined (0 events):
No events

Internal exceptions (20 events):
Event: 2.034 Thread 0x0000024711922800 Exception <a 'java/lang/NoSuchMethodError'{0x000000008808a518}: 'java.lang.Object java.lang.invoke.DirectMethodHandle$Holder.invokeStaticInit(java.lang.Object, java.lang.Object, int, int, int, int)'> (0x000000008808a518) thrown at [./src/hotspot/share/interpreter/linkResolver.cpp, line 773]
Event: 2.746 Thread 0x0000024711922800 Exception <a 'java/io/IOException'{0x0000000087ed29e0}> (0x0000000087ed29e0) thrown at [./src/hotspot/share/prims/jni.cpp, line 616]
Event: 2.920 Thread 0x0000024730c02000 Exception <a 'java/lang/NoSuchMethodError'{0x00000000877f58f0}: 'long java.lang.invoke.DirectMethodHandle$Holder.invokeInterface(java.lang.Object, java.lang.Object)'> (0x00000000877f58f0) thrown at [./src/hotspot/share/interpreter/linkResolver.cpp, line 773]
Event: 2.922 Thread 0x0000024730c02000 Exception <a 'java/lang/NoSuchMethodError'{0x0000000087602ea8}: 'void java.lang.invoke.DelegatingMethodHandle$Holder.reinvoke_L(java.lang.Object, java.lang.Object, java.lang.Object, java.lang.Object, java.lang.Object, java.lang.Object, java.lang.Object)'> (0x0000000087602ea8) thrown at [./src/hotspot/share/interpreter/linkResolver.cpp, line 773]
Event: 3.385 Thread 0x0000024730c02000 Exception <a 'java/lang/NoSuchMethodError'{0x0000000085c66190}: 'void java.lang.invoke.DirectMethodHandle$Holder.invokeStaticInit(java.lang.Object)'> (0x0000000085c66190) thrown at [./src/hotspot/share/interpreter/linkResolver.cpp, line 773]
Event: 3.405 Thread 0x0000024730c02000 Exception <a 'java/lang/NoSuchMethodError'{0x0000000085b125f0}: 'java.lang.Object java.lang.invoke.DirectMethodHandle$Holder.invokeStatic(java.lang.Object, java.lang.Object, java.lang.Object, int)'> (0x0000000085b125f0) thrown at [./src/hotspot/share/interpreter/linkResolver.cpp, line 773]
Event: 3.406 Thread 0x0000024730c02000 Exception <a 'java/lang/NoSuchMethodError'{0x0000000085b16d08}: 'java.lang.Object java.lang.invoke.DirectMethodHandle$Holder.invokeSpecial(java.lang.Object, java.lang.Object, java.lang.Object, java.lang.Object, int)'> (0x0000000085b16d08) thrown at [./src/hotspot/share/interpreter/linkResolver.cpp, line 773]
Event: 3.406 Thread 0x0000024730c02000 Exception <a 'java/lang/NoSuchMethodError'{0x0000000085b1ac40}: 'java.lang.Object java.lang.invoke.Invokers$Holder.linkToTargetMethod(java.lang.Object, java.lang.Object, int, java.lang.Object)'> (0x0000000085b1ac40) thrown at [./src/hotspot/share/interpreter/linkResolver.cpp, line 773]
Event: 3.626 Thread 0x0000024730c02000 Exception <a 'java/lang/NoSuchMethodError'{0x000000008bfe0a80}: 'int java.lang.invoke.DirectMethodHandle$Holder.invokeSpecialIFC(java.lang.Object, java.lang.Object, java.lang.Object, java.lang.Object)'> (0x000000008bfe0a80) thrown at [./src/hotspot/share/interpreter/linkResolver.cpp, line 773]
Event: 3.627 Thread 0x0000024730c02000 Exception <a 'java/lang/NoSuchMethodError'{0x000000008bfeea38}: 'java.lang.Object java.lang.invoke.DirectMethodHandle$Holder.invokeInterface(java.lang.Object, java.lang.Object, java.lang.Object)'> (0x000000008bfeea38) thrown at [./src/hotspot/share/interpreter/linkResolver.cpp, line 773]
Event: 3.627 Thread 0x0000024730c02000 Exception <a 'java/lang/IncompatibleClassChangeError'{0x000000008bff1f10}: Found class java.lang.Object, but interface was expected> (0x000000008bff1f10) thrown at [./src/hotspot/share/interpreter/linkResolver.cpp, line 839]
Event: 3.769 Thread 0x0000024730c02000 Exception <a 'java/lang/NoSuchMethodError'{0x000000008b7d3718}: 'void java.lang.invoke.DirectMethodHandle$Holder.invokeSpecial(java.lang.Object, java.lang.Object, java.lang.Object, java.lang.Object, java.lang.Object)'> (0x000000008b7d3718) thrown at [./src/hotspot/share/interpreter/linkResolver.cpp, line 773]
Event: 3.788 Thread 0x0000024730c02000 Exception <a 'java/lang/NoSuchMethodError'{0x000000008b400d80}: 'java.lang.Object java.lang.invoke.DirectMethodHandle$Holder.invokeSpecial(java.lang.Object, java.lang.Object, java.lang.Object, java.lang.Object, java.lang.Object, java.lang.Object, java.lang.Object, java.lang.Object, java.lang.Object)'> (0x000000008b400d80) thrown at [./src/hotspot/share/interpreter/linkResolver.cpp, line 773]
Event: 3.866 Thread 0x0000024730c02000 Exception <a 'java/lang/NoSuchMethodError'{0x000000008be7d790}: 'java.lang.Object java.lang.invoke.DirectMethodHandle$Holder.invokeVirtual(java.lang.Object, java.lang.Object, java.lang.Object, java.lang.Object)'> (0x000000008be7d790) thrown at [./src/hotspot/share/interpreter/linkResolver.cpp, line 773]
Event: 3.960 Thread 0x0000024730c02000 Exception <a 'java/lang/NoSuchMethodError'{0x000000008b8bf610}: 'void java.lang.invoke.DirectMethodHandle$Holder.invokeSpecial(java.lang.Object, java.lang.Object, java.lang.Object, java.lang.Object, java.lang.Object, java.lang.Object)'> (0x000000008b8bf610) thrown at [./src/hotspot/share/interpreter/linkResolver.cpp, line 773]
Event: 3.973 Thread 0x0000024730c02000 Exception <a 'java/lang/NoSuchMethodError'{0x000000008b73a8d0}: 'void java.lang.invoke.DirectMethodHandle$Holder.invokeSpecial(java.lang.Object, java.lang.Object, java.lang.Object, java.lang.Object, java.lang.Object, java.lang.Object, java.lang.Object)'> (0x000000008b73a8d0) thrown at [./src/hotspot/share/interpreter/linkResolver.cpp, line 773]
Event: 3.974 Thread 0x0000024730c02000 Exception <a 'java/lang/NoSuchMethodError'{0x000000008b742dc0}: 'java.lang.Object java.lang.invoke.Invokers$Holder.linkToTargetMethod(java.lang.Object, java.lang.Object, java.lang.Object, java.lang.Object, java.lang.Object, java.lang.Object)'> (0x000000008b742dc0) thrown at [./src/hotspot/share/interpreter/linkResolver.cpp, line 773]
Event: 4.003 Thread 0x0000024730c02000 Exception <a 'java/lang/NoSuchMethodError'{0x000000008b50b4c0}: 'java.lang.Object java.lang.invoke.DirectMethodHandle$Holder.invokeVirtual(java.lang.Object, java.lang.Object, java.lang.Object, java.lang.Object, java.lang.Object, java.lang.Object, java.lang.Object, java.lang.Object, java.lang.Object, java.lang.Object, java.lang.Object, java.lang.Object, java.lang.Object, java.lang.Object, java.lang.Object, java.lang.Object, java.lang.Object, java.lang.Object, java.lang.Object, java.lang.Object, java.lang.Ob
Event: 4.105 Thread 0x0000024730c02000 Exception <a 'java/lang/NoSuchMethodError'{0x000000008ad0dfb8}: 'int java.lang.invoke.DirectMethodHandle$Holder.invokeStaticInit(java.lang.Object, java.lang.Object, java.lang.Object)'> (0x000000008ad0dfb8) thrown at [./src/hotspot/share/interpreter/linkResolver.cpp, line 773]
Event: 4.234 Thread 0x0000024730c02000 Exception <a 'java/lang/NoSuchMethodError'{0x000000008a89dbf8}: 'void java.lang.invoke.DirectMethodHandle$Holder.invokeStaticInit(java.lang.Object, java.lang.Object)'> (0x000000008a89dbf8) thrown at [./src/hotspot/share/interpreter/linkResolver.cpp, line 773]

Events (20 events):
Event: 4.282 loading class org/gradle/internal/Describables
Event: 4.282 loading class org/gradle/internal/Describables done
Event: 4.283 loading class org/gradle/internal/Describables$FixedDescribable
Event: 4.283 loading class org/gradle/internal/Describables$FixedDescribable done
Event: 4.283 loading class org/gradle/internal/Describables$AbstractDescribable
Event: 4.283 loading class org/gradle/internal/Describables$AbstractDescribable done
Event: 4.284 loading class org/gradle/internal/Describables$TwoPartDescribable
Event: 4.284 loading class org/gradle/internal/Describables$TwoPartDescribable done
Event: 4.284 loading class org/gradle/initialization/VintageBuildModelController$Stage
Event: 4.284 loading class org/gradle/initialization/VintageBuildModelController$Stage done
Event: 4.285 loading class org/gradle/internal/model/StateTransitionController
Event: 4.285 loading class org/gradle/internal/model/StateTransitionController done
Event: 4.286 loading class org/gradle/internal/model/StateTransitionController$CurrentState
Event: 4.286 loading class org/gradle/internal/model/StateTransitionController$CurrentState done
Event: 4.286 loading class org/gradle/internal/model/StateTransitionController$InState
Event: 4.286 loading class org/gradle/internal/model/StateTransitionController$InState done
Event: 4.287 loading class org/gradle/internal/work/DefaultSynchronizer
Event: 4.287 loading class org/gradle/internal/work/DefaultSynchronizer done
Event: 4.287 loading class org/gradle/internal/model/StateTransitionController$Failed
Event: 4.287 loading class org/gradle/internal/model/StateTransitionController$Failed done


Dynamic libraries:
0x00007ff78c320000 - 0x00007ff78c32a000 	C:\Program Files\Android\Android Studio\jre\bin\java.exe
0x00007ffd9d640000 - 0x00007ffd9d849000 	C:\WINDOWS\SYSTEM32\ntdll.dll
0x00007ffd9bea0000 - 0x00007ffd9bf5e000 	C:\WINDOWS\System32\KERNEL32.DLL
0x00007ffd9ad80000 - 0x00007ffd9b0fb000 	C:\WINDOWS\System32\KERNELBASE.dll
0x00007ffd9b2e0000 - 0x00007ffd9b3f1000 	C:\WINDOWS\System32\ucrtbase.dll
0x00007ffd55a00000 - 0x00007ffd55a19000 	C:\Program Files\Android\Android Studio\jre\bin\jli.dll
0x00007ffd559e0000 - 0x00007ffd559f7000 	C:\Program Files\Android\Android Studio\jre\bin\VCRUNTIME140.dll
0x00007ffd9bbe0000 - 0x00007ffd9bd8d000 	C:\WINDOWS\System32\USER32.dll
0x00007ffd871e0000 - 0x00007ffd87485000 	C:\WINDOWS\WinSxS\amd64_microsoft.windows.common-controls_6595b64144ccf1df_6.0.22000.120_none_9d947278b86cc467\COMCTL32.dll
0x00007ffd9ab10000 - 0x00007ffd9ab36000 	C:\WINDOWS\System32\win32u.dll
0x00007ffd9be70000 - 0x00007ffd9be99000 	C:\WINDOWS\System32\GDI32.dll
0x00007ffd9d1e0000 - 0x00007ffd9d283000 	C:\WINDOWS\System32\msvcrt.dll
0x00007ffd9ac60000 - 0x00007ffd9ad78000 	C:\WINDOWS\System32\gdi32full.dll
0x00007ffd9abc0000 - 0x00007ffd9ac5d000 	C:\WINDOWS\System32\msvcp_win.dll
0x00007ffd9bb00000 - 0x00007ffd9bb32000 	C:\WINDOWS\System32\IMM32.DLL
0x00007ffd3de90000 - 0x00007ffd3df2d000 	C:\Program Files\Android\Android Studio\jre\bin\msvcp140.dll
0x00007ffd131e0000 - 0x00007ffd13ce2000 	C:\Program Files\Android\Android Studio\jre\bin\server\jvm.dll
0x00007ffd9c7f0000 - 0x00007ffd9c89e000 	C:\WINDOWS\System32\ADVAPI32.dll
0x00007ffd9d450000 - 0x00007ffd9d4ee000 	C:\WINDOWS\System32\sechost.dll
0x00007ffd9b680000 - 0x00007ffd9b7a0000 	C:\WINDOWS\System32\RPCRT4.dll
0x00007ffd9c8a0000 - 0x00007ffd9c8a8000 	C:\WINDOWS\System32\PSAPI.DLL
0x00007ffd850b0000 - 0x00007ffd850b9000 	C:\WINDOWS\SYSTEM32\WSOCK32.dll
0x00007ffd8a630000 - 0x00007ffd8a663000 	C:\WINDOWS\SYSTEM32\WINMM.dll
0x00007ffd9c720000 - 0x00007ffd9c78f000 	C:\WINDOWS\System32\WS2_32.dll
0x00007ffd895c0000 - 0x00007ffd895ca000 	C:\WINDOWS\SYSTEM32\VERSION.dll
0x00007ffd99b50000 - 0x00007ffd99b68000 	C:\WINDOWS\SYSTEM32\kernel.appcore.dll
0x00007ffd92230000 - 0x00007ffd92241000 	C:\Program Files\Android\Android Studio\jre\bin\verify.dll
0x00007ffd985c0000 - 0x00007ffd987e1000 	C:\WINDOWS\SYSTEM32\DBGHELP.DLL
0x00007ffd96340000 - 0x00007ffd96371000 	C:\WINDOWS\SYSTEM32\dbgcore.DLL
0x00007ffd9ab40000 - 0x00007ffd9abbf000 	C:\WINDOWS\System32\bcryptPrimitives.dll
0x00007ffd8be90000 - 0x00007ffd8beb9000 	C:\Program Files\Android\Android Studio\jre\bin\java.dll
0x00007ffd92220000 - 0x00007ffd9222b000 	C:\Program Files\Android\Android Studio\jre\bin\jimage.dll
0x00007ffd8be30000 - 0x00007ffd8be48000 	C:\Program Files\Android\Android Studio\jre\bin\zip.dll
0x00007ffd9bf60000 - 0x00007ffd9c717000 	C:\WINDOWS\System32\SHELL32.dll
0x00007ffd98bc0000 - 0x00007ffd99425000 	C:\WINDOWS\SYSTEM32\windows.storage.dll
0x00007ffd9c970000 - 0x00007ffd9cce8000 	C:\WINDOWS\System32\combase.dll
0x00007ffd98a50000 - 0x00007ffd98bb6000 	C:\WINDOWS\SYSTEM32\wintypes.dll
0x00007ffd9ba10000 - 0x00007ffd9bafa000 	C:\WINDOWS\System32\SHCORE.dll
0x00007ffd9b920000 - 0x00007ffd9b97d000 	C:\WINDOWS\System32\shlwapi.dll
0x00007ffd9aa40000 - 0x00007ffd9aa61000 	C:\WINDOWS\SYSTEM32\profapi.dll
0x00007ffd8be10000 - 0x00007ffd8be2a000 	C:\Program Files\Android\Android Studio\jre\bin\net.dll
0x00007ffd8ae80000 - 0x00007ffd8af94000 	C:\WINDOWS\SYSTEM32\WINHTTP.dll
0x00007ffd99ff0000 - 0x00007ffd9a057000 	C:\WINDOWS\system32\mswsock.dll
0x00007ffd8bdf0000 - 0x00007ffd8be04000 	C:\Program Files\Android\Android Studio\jre\bin\nio.dll
0x00007ffd60240000 - 0x00007ffd60267000 	C:\Users\Padma\.gradle\native\e1d6ef7f7dcc3fd88c89a11ec53ec762bb8ba0a96d01ffa2cd45eb1d1d8dd5c5\windows-amd64\native-platform.dll
0x00007ffd1ea80000 - 0x00007ffd1ebc4000 	C:\Users\Padma\.gradle\native\0d407fdbe67a94daf76414ababcb853783967236a71b16ec16e742cd7a986fd3\windows-amd64\native-platform-file-events.dll
0x00007ffd92210000 - 0x00007ffd9221a000 	C:\Program Files\Android\Android Studio\jre\bin\management.dll
0x00007ffd8c070000 - 0x00007ffd8c07d000 	C:\Program Files\Android\Android Studio\jre\bin\management_ext.dll
0x00007ffd9a270000 - 0x00007ffd9a288000 	C:\WINDOWS\SYSTEM32\CRYPTSP.dll
0x00007ffd99ab0000 - 0x00007ffd99ae5000 	C:\WINDOWS\system32\rsaenh.dll
0x00007ffd9a100000 - 0x00007ffd9a129000 	C:\WINDOWS\SYSTEM32\USERENV.dll
0x00007ffd9a400000 - 0x00007ffd9a427000 	C:\WINDOWS\SYSTEM32\bcrypt.dll
0x00007ffd9a290000 - 0x00007ffd9a29c000 	C:\WINDOWS\SYSTEM32\CRYPTBASE.dll
0x00007ffd99680000 - 0x00007ffd996ad000 	C:\WINDOWS\SYSTEM32\IPHLPAPI.DLL
0x00007ffd9bb40000 - 0x00007ffd9bb49000 	C:\WINDOWS\System32\NSI.dll
0x00007ffd8ad70000 - 0x00007ffd8ad89000 	C:\WINDOWS\SYSTEM32\dhcpcsvc6.DLL
0x00007ffd946f0000 - 0x00007ffd9470e000 	C:\WINDOWS\SYSTEM32\dhcpcsvc.DLL
0x00007ffd996b0000 - 0x00007ffd99798000 	C:\WINDOWS\SYSTEM32\DNSAPI.dll

dbghelp: loaded successfully - version: 4.0.5 - missing functions: none
symbol engine: initialized successfully - sym options: 0x614 - pdb path: .;C:\Program Files\Android\Android Studio\jre\bin;C:\WINDOWS\SYSTEM32;C:\WINDOWS\WinSxS\amd64_microsoft.windows.common-controls_6595b64144ccf1df_6.0.22000.120_none_9d947278b86cc467;C:\Program Files\Android\Android Studio\jre\bin\server;C:\Users\Padma\.gradle\native\e1d6ef7f7dcc3fd88c89a11ec53ec762bb8ba0a96d01ffa2cd45eb1d1d8dd5c5\windows-amd64;C:\Users\Padma\.gradle\native\0d407fdbe67a94daf76414ababcb853783967236a71b16ec16e742cd7a986fd3\windows-amd64

VM Arguments:
jvm_args: --add-opens=java.base/java.util=ALL-UNNAMED --add-opens=java.base/java.lang=ALL-UNNAMED --add-opens=java.base/java.lang.invoke=ALL-UNNAMED --add-opens=java.base/java.util=ALL-UNNAMED --add-opens=java.prefs/java.util.prefs=ALL-UNNAMED --add-opens=java.prefs/java.util.prefs=ALL-UNNAMED --add-opens=java.base/java.nio.charset=ALL-UNNAMED --add-opens=java.base/java.net=ALL-UNNAMED --add-opens=java.base/java.util.concurrent.atomic=ALL-UNNAMED -Xmx2048m -Dfile.encoding=UTF-8 -Duser.country=CA -Duser.language=en -Duser.variant 
java_command: org.gradle.launcher.daemon.bootstrap.GradleDaemon 7.4
java_class_path (initial): C:\Users\Padma\.gradle\wrapper\dists\gradle-7.4-bin\c0gwcg53nkjbqw7r0h0umtfvt\gradle-7.4\lib\gradle-launcher-7.4.jar
Launcher Type: SUN_STANDARD

[Global flags]
     intx CICompilerCount                          = 4                                         {product} {ergonomic}
     uint ConcGCThreads                            = 2                                         {product} {ergonomic}
     uint G1ConcRefinementThreads                  = 8                                         {product} {ergonomic}
   size_t G1HeapRegionSize                         = 1048576                                   {product} {ergonomic}
    uintx GCDrainStackTargetSize                   = 64                                        {product} {ergonomic}
   size_t InitialHeapSize                          = 201326592                                 {product} {ergonomic}
   size_t MarkStackSize                            = 4194304                                   {product} {ergonomic}
   size_t MaxHeapSize                              = 2147483648                                {product} {command line}
   size_t MaxNewSize                               = 1287651328                                {product} {ergonomic}
   size_t MinHeapDeltaBytes                        = 1048576                                   {product} {ergonomic}
    uintx NonNMethodCodeHeapSize                   = 5836300                                {pd product} {ergonomic}
    uintx NonProfiledCodeHeapSize                  = 122910970                              {pd product} {ergonomic}
    uintx ProfiledCodeHeapSize                     = 122910970                              {pd product} {ergonomic}
    uintx ReservedCodeCacheSize                    = 251658240                              {pd product} {ergonomic}
     bool SegmentedCodeCache                       = true                                      {product} {ergonomic}
     bool UseCompressedClassPointers               = true                                 {lp64_product} {ergonomic}
     bool UseCompressedOops                        = true                                 {lp64_product} {ergonomic}
     bool UseG1GC                                  = true                                      {product} {ergonomic}
     bool UseLargePagesIndividualAllocation        = false                                  {pd product} {ergonomic}

Logging:
Log output configuration:
 #0: stdout all=warning uptime,level,tags
 #1: stderr all=off uptime,level,tags

Environment Variables:
JAVA_HOME=C:\Program Files\Amazon Corretto\jdk11.0.15_9
PATH=C:\Program Files\Common Files\Oracle\Java\javapath;E:\app\Padma\product\12.1.0\dbhome_1\bin;C:\Program Files (x86)\VMware\VMware Workstation\bin\;C:\Program Files\Amazon Corretto\jdk11.0.15_9\bin;C:\Program Files (x86)\Python38-32\Scripts\;C:\Program Files (x86)\Python38-32\;C:\WINDOWS\system32;C:\WINDOWS;C:\WINDOWS\System32\Wbem;C:\WINDOWS\System32\WindowsPowerShell\v1.0\;C:\WINDOWS\System32\OpenSSH\;C:\Program Files\Intel\WiFi\bin\;C:\Program Files\Common Files\Intel\WirelessCommon\;C:\Program Files (x86)\Intel\Intel(R) Management Engine Components\DAL;C:\Program Files\Intel\Intel(R) Management Engine Components\DAL;C:\Program Files\dotnet\;C:\Program Files\Microsoft SQL Server\Client SDK\ODBC\170\Tools\Binn\;C:\Program Files (x86)\Microsoft SQL Server\150\Tools\Binn\;C:\Program Files\Microsoft SQL Server\150\Tools\Binn\;C:\Program Files\Microsoft SQL Server\150\DTS\Binn\;C:\Program Files\Azure Data Studio\bin;C:\Program Files (x86)\Microsoft SQL Server\150\DTS\Binn\;C:\Program Files\Git\cmd;C:\Program Files\MySQL\MySQL Shell 8.0\bin\;C:\Users\Padma\AppData\Local\Microsoft\WindowsApps;C:\Users\Padma\AppData\Local\Programs\Microsoft VS Code\bin;C:\Program Files\Azure Data Studio\bin;
USERNAME=Padma
OS=Windows_NT
PROCESSOR_IDENTIFIER=Intel64 Family 6 Model 142 Stepping 10, GenuineIntel



---------------  S Y S T E M  ---------------

OS: Windows 11 , 64 bit Build 22000 (10.0.22000.1335)
OS uptime: 0 days 21:44 hours
Hyper-V role detected

CPU:total 8 (initial active 8) (4 cores per cpu, 2 threads per core) family 6 model 142 stepping 10 microcode 0xf0, cmov, cx8, fxsr, mmx, sse, sse2, sse3, ssse3, sse4.1, sse4.2, popcnt, avx, avx2, aes, clmul, erms, 3dnowpref, lzcnt, ht, tsc, tscinvbit, bmi1, bmi2, adx, fma

Memory: 4k page, system-wide physical 12185M (2256M free)
TotalPageFile size 16283M (AvailPageFile size 5M)
current process WorkingSet (physical memory assigned to process): 243M, peak: 243M
current process commit charge ("private bytes"): 344M, peak: 344M

vm_info: OpenJDK 64-Bit Server VM (11.0.13+0-b1751.21-8125866) for windows-amd64 JRE (11.0.13+0-b1751.21-8125866), built on Feb  2 2022 03:00:22 by "builder" with MS VC++ 14.0 (VS2015)

END.
