#
# There is insufficient memory for the Java Runtime Environment to continue.
# Native memory allocation (malloc) failed to allocate 1859376 bytes for Chunk::new
# Possible reasons:
#   The system is out of physical RAM or swap space
#   The process is running with CompressedOops enabled, and the Java Heap may be blocking the growth of the native heap
# Possible solutions:
#   Reduce memory load on the system
#   Increase physical memory or swap space
#   Check if swap backing store is full
#   Decrease Java heap size (-Xmx/-Xms)
#   Decrease number of Java threads
#   Decrease Java thread stack sizes (-Xss)
#   Set larger code cache with -XX:ReservedCodeCacheSize=
#   JVM is running with Unscaled Compressed Oops mode in which the Java heap is
#     placed in the first 4GB address space. The Java Heap base address is the
#     maximum limit for the native heap growth. Please use -XX:HeapBaseMinAddress
#     to set the Java Heap base and to place the Java Heap above 4GB virtual address.
# This output file may be truncated or incomplete.
#
#  Out of Memory Error (./src/hotspot/share/memory/arena.cpp:197), pid=19004, tid=9020
#
# JRE version: OpenJDK Runtime Environment (11.0.13) (build 11.0.13+0-b1751.21-8125866)
# Java VM: OpenJDK 64-Bit Server VM (11.0.13+0-b1751.21-8125866, mixed mode, tiered, compressed oops, g1 gc, windows-amd64)
# No core dump will be written. Minidumps are not enabled by default on client versions of Windows
#

---------------  S U M M A R Y ------------

Command Line: --add-opens=java.base/java.util=ALL-UNNAMED --add-opens=java.base/java.lang=ALL-UNNAMED --add-opens=java.base/java.lang.invoke=ALL-UNNAMED --add-opens=java.base/java.util=ALL-UNNAMED --add-opens=java.prefs/java.util.prefs=ALL-UNNAMED --add-opens=java.prefs/java.util.prefs=ALL-UNNAMED --add-opens=java.base/java.nio.charset=ALL-UNNAMED --add-opens=java.base/java.net=ALL-UNNAMED --add-opens=java.base/java.util.concurrent.atomic=ALL-UNNAMED -Xmx2048m -Dfile.encoding=UTF-8 -Duser.country=CA -Duser.language=en -Duser.variant org.gradle.launcher.daemon.bootstrap.GradleDaemon 7.4

Host: Intel(R) Core(TM) i7-8550U CPU @ 1.80GHz, 8 cores, 11G,  Windows 11 , 64 bit Build 22000 (10.0.22000.1335)
Time: Sun Jan 22 23:06:03 2023 Eastern Standard Time elapsed time: 8.771443 seconds (0d 0h 0m 8s)

---------------  T H R E A D  ---------------

Current thread (0x0000026ee6259800):  JavaThread "C2 CompilerThread1" daemon [_thread_in_native, id=9020, stack(0x00000080b3a00000,0x00000080b3b00000)]


Current CompileTask:
C2:   8771 3679       4       java.net.URLClassLoader$1::run (5 bytes)

Stack: [0x00000080b3a00000,0x00000080b3b00000]
Native frames: (J=compiled Java code, j=interpreted, Vv=VM code, C=native code)
V  [jvm.dll+0x6100fa]
V  [jvm.dll+0x747090]
V  [jvm.dll+0x7486ad]
V  [jvm.dll+0x748d83]
V  [jvm.dll+0x24ab48]
V  [jvm.dll+0xc04dc]
V  [jvm.dll+0xc0a0c]
V  [jvm.dll+0x35eb9d]
V  [jvm.dll+0x32b833]
V  [jvm.dll+0x32ad2a]
V  [jvm.dll+0x2032b2]
V  [jvm.dll+0x202437]
V  [jvm.dll+0x188e01]
V  [jvm.dll+0x21106b]
V  [jvm.dll+0x20f8c1]
V  [jvm.dll+0x70de0f]
V  [jvm.dll+0x706a75]
V  [jvm.dll+0x60ed66]
C  [ucrtbase.dll+0x26c0c]
C  [KERNEL32.DLL+0x155a0]
C  [ntdll.dll+0x485b]


---------------  P R O C E S S  ---------------

Threads class SMR info:
_java_thread_list=0x0000026ee8f75810, length=36, elements={
0x0000026ec8f55800, 0x0000026ee3c23800, 0x0000026ee3c24000, 0x0000026ee3c80800,
0x0000026ee3c83800, 0x0000026ee3c85000, 0x0000026ee3c87000, 0x0000026ee3c88000,
0x0000026ee3c8b800, 0x0000026ee3df6800, 0x0000026ee625a800, 0x0000026ee3fd3000,
0x0000026ee3efe000, 0x0000026ee570a800, 0x0000026ee6034000, 0x0000026ee6248800,
0x0000026ee4b8c000, 0x0000026ee73fd800, 0x0000026ee62f1000, 0x0000026ee672f800,
0x0000026ee6145000, 0x0000026ee6142800, 0x0000026ee6148800, 0x0000026ee6146000,
0x0000026ee6144800, 0x0000026ee6147000, 0x0000026ee6147800, 0x0000026ee6149800,
0x0000026ee6143800, 0x0000026ee9d2f800, 0x0000026ee6259800, 0x0000026ee9d2e000,
0x0000026ee9d32000, 0x0000026ee91a5800, 0x0000026ee9d34800, 0x0000026ee9d38800
}

Java Threads: ( => current thread )
  0x0000026ec8f55800 JavaThread "main" [_thread_blocked, id=12680, stack(0x00000080b1400000,0x00000080b1500000)]
  0x0000026ee3c23800 JavaThread "Reference Handler" daemon [_thread_blocked, id=14680, stack(0x00000080b1b00000,0x00000080b1c00000)]
  0x0000026ee3c24000 JavaThread "Finalizer" daemon [_thread_blocked, id=16744, stack(0x00000080b1c00000,0x00000080b1d00000)]
  0x0000026ee3c80800 JavaThread "Signal Dispatcher" daemon [_thread_blocked, id=1160, stack(0x00000080b1d00000,0x00000080b1e00000)]
  0x0000026ee3c83800 JavaThread "Attach Listener" daemon [_thread_blocked, id=10252, stack(0x00000080b1e00000,0x00000080b1f00000)]
  0x0000026ee3c85000 JavaThread "Service Thread" daemon [_thread_blocked, id=1368, stack(0x00000080b1f00000,0x00000080b2000000)]
  0x0000026ee3c87000 JavaThread "C2 CompilerThread0" daemon [_thread_in_native, id=13276, stack(0x00000080b2000000,0x00000080b2100000)]
  0x0000026ee3c88000 JavaThread "C1 CompilerThread0" daemon [_thread_blocked, id=19568, stack(0x00000080b2100000,0x00000080b2200000)]
  0x0000026ee3c8b800 JavaThread "Sweeper thread" daemon [_thread_blocked, id=11416, stack(0x00000080b2200000,0x00000080b2300000)]
  0x0000026ee3df6800 JavaThread "Common-Cleaner" daemon [_thread_blocked, id=13840, stack(0x00000080b2300000,0x00000080b2400000)]
  0x0000026ee625a800 JavaThread "Daemon health stats" [_thread_blocked, id=2744, stack(0x00000080b2a00000,0x00000080b2b00000)]
  0x0000026ee3fd3000 JavaThread "Incoming local TCP Connector on port 52082" [_thread_in_native, id=14708, stack(0x00000080b2500000,0x00000080b2600000)]
  0x0000026ee3efe000 JavaThread "Daemon periodic checks" [_thread_blocked, id=12144, stack(0x00000080b2600000,0x00000080b2700000)]
  0x0000026ee570a800 JavaThread "Daemon" [_thread_blocked, id=3852, stack(0x00000080b2b00000,0x00000080b2c00000)]
  0x0000026ee6034000 JavaThread "Handler for socket connection from /127.0.0.1:52082 to /127.0.0.1:52083" [_thread_in_native, id=2628, stack(0x00000080b2c00000,0x00000080b2d00000)]
  0x0000026ee6248800 JavaThread "Cancel handler" [_thread_blocked, id=13484, stack(0x00000080b2d00000,0x00000080b2e00000)]
  0x0000026ee4b8c000 JavaThread "Daemon worker" [_thread_in_vm, id=1116, stack(0x00000080b2e00000,0x00000080b2f00000)]
  0x0000026ee73fd800 JavaThread "Asynchronous log dispatcher for DefaultDaemonConnection: socket connection from /127.0.0.1:52082 to /127.0.0.1:52083" [_thread_blocked, id=18468, stack(0x00000080b2f00000,0x00000080b3000000)]
  0x0000026ee62f1000 JavaThread "Stdin handler" [_thread_blocked, id=18852, stack(0x00000080b3000000,0x00000080b3100000)]
  0x0000026ee672f800 JavaThread "Daemon client event forwarder" [_thread_blocked, id=21256, stack(0x00000080b3100000,0x00000080b3200000)]
  0x0000026ee6145000 JavaThread "Cache worker for journal cache (C:\Users\Padma\.gradle\caches\journal-1)" [_thread_blocked, id=9544, stack(0x00000080b3200000,0x00000080b3300000)]
  0x0000026ee6142800 JavaThread "File lock request listener" [_thread_in_native, id=18020, stack(0x00000080b3300000,0x00000080b3400000)]
  0x0000026ee6148800 JavaThread "Cache worker for file hash cache (C:\Users\Padma\.gradle\caches\7.4\fileHashes)" [_thread_blocked, id=13164, stack(0x00000080b3400000,0x00000080b3500000)]
  0x0000026ee6146000 JavaThread "File watcher server" daemon [_thread_in_native, id=17056, stack(0x00000080b3c00000,0x00000080b3d00000)]
  0x0000026ee6144800 JavaThread "File watcher consumer" daemon [_thread_blocked, id=12992, stack(0x00000080b3d00000,0x00000080b3e00000)]
  0x0000026ee6147000 JavaThread "Cache worker for checksums cache (C:\Users\Padma\AndroidStudioProjects\PadmasAndroidLabs\.gradle\7.4\checksums)" [_thread_blocked, id=16540, stack(0x00000080b3e00000,0x00000080b3f00000)]
  0x0000026ee6147800 JavaThread "Cache worker for cache directory md-rule (C:\Users\Padma\.gradle\caches\7.4\md-rule)" [_thread_blocked, id=7456, stack(0x00000080b3f00000,0x00000080b4000000)]
  0x0000026ee6149800 JavaThread "Cache worker for file hash cache (C:\Users\Padma\AndroidStudioProjects\PadmasAndroidLabs\.gradle\7.4\fileHashes)" [_thread_blocked, id=13196, stack(0x00000080b4000000,0x00000080b4100000)]
  0x0000026ee6143800 JavaThread "Cache worker for cache directory md-supplier (C:\Users\Padma\.gradle\caches\7.4\md-supplier)" [_thread_blocked, id=19736, stack(0x00000080b4100000,0x00000080b4200000)]
  0x0000026ee9d2f800 JavaThread "Cache worker for execution history cache (C:\Users\Padma\.gradle\caches\7.4\executionHistory)" [_thread_blocked, id=8096, stack(0x00000080b4200000,0x00000080b4300000)]
=>0x0000026ee6259800 JavaThread "C2 CompilerThread1" daemon [_thread_in_native, id=9020, stack(0x00000080b3a00000,0x00000080b3b00000)]
  0x0000026ee9d2e000 JavaThread "jar transforms" [_thread_blocked, id=12032, stack(0x00000080b4300000,0x00000080b4400000)]
  0x0000026ee9d32000 JavaThread "Cache worker for file content cache (C:\Users\Padma\.gradle\caches\7.4\fileContent)" [_thread_blocked, id=18488, stack(0x00000080b4400000,0x00000080b4500000)]
  0x0000026ee91a5800 JavaThread "C2 CompilerThread2" daemon [_thread_in_native, id=8208, stack(0x00000080b3b00000,0x00000080b3c00000)]
  0x0000026ee9d34800 JavaThread "jar transforms Thread 2" [_thread_blocked, id=17676, stack(0x00000080b4500000,0x00000080b4600000)]
  0x0000026ee9d38800 JavaThread "Cache worker for dependencies-accessors (C:\Users\Padma\AndroidStudioProjects\PadmasAndroidLabs\.gradle\7.4\dependencies-accessors)" [_thread_blocked, id=16132, stack(0x00000080b4600000,0x00000080b4700000)]

Other Threads:
  0x0000026ee3419000 VMThread "VM Thread" [stack: 0x00000080b1a00000,0x00000080b1b00000] [id=10272]
  0x0000026ee3e01800 WatcherThread [stack: 0x00000080b2400000,0x00000080b2500000] [id=16764]
  0x0000026ec8f6a000 GCTaskThread "GC Thread#0" [stack: 0x00000080b1500000,0x00000080b1600000] [id=17064]
  0x0000026ee5162800 GCTaskThread "GC Thread#1" [stack: 0x00000080b2700000,0x00000080b2800000] [id=19676]
  0x0000026ee4f94800 GCTaskThread "GC Thread#2" [stack: 0x00000080b2800000,0x00000080b2900000] [id=13852]
  0x0000026ee4df4800 GCTaskThread "GC Thread#3" [stack: 0x00000080b2900000,0x00000080b2a00000] [id=8160]
  0x0000026ee7130000 GCTaskThread "GC Thread#4" [stack: 0x00000080b3500000,0x00000080b3600000] [id=7572]
  0x0000026ee58ee800 GCTaskThread "GC Thread#5" [stack: 0x00000080b3600000,0x00000080b3700000] [id=5776]
  0x0000026ee63d4000 GCTaskThread "GC Thread#6" [stack: 0x00000080b3700000,0x00000080b3800000] [id=7916]
  0x0000026ee62f0000 GCTaskThread "GC Thread#7" [stack: 0x00000080b3800000,0x00000080b3900000] [id=15664]
  0x0000026ec8f9c800 ConcurrentGCThread "G1 Main Marker" [stack: 0x00000080b1600000,0x00000080b1700000] [id=17364]
  0x0000026ec8f9e800 ConcurrentGCThread "G1 Conc#0" [stack: 0x00000080b1700000,0x00000080b1800000] [id=17796]
  0x0000026ee4c83000 ConcurrentGCThread "G1 Conc#1" [stack: 0x00000080b3900000,0x00000080b3a00000] [id=536]
  0x0000026ee3268800 ConcurrentGCThread "G1 Refine#0" [stack: 0x00000080b1800000,0x00000080b1900000] [id=16168]
  0x0000026ec902e800 ConcurrentGCThread "G1 Young RemSet Sampling" [stack: 0x00000080b1900000,0x00000080b1a00000] [id=15728]

Threads with active compile tasks:
C2 CompilerThread0   8802 3680   !   4       java.net.URLClassLoader$1::run (81 bytes)
C2 CompilerThread1   8802 3679       4       java.net.URLClassLoader$1::run (5 bytes)
C2 CompilerThread2   8802 3689       4       java.lang.ClassLoader::defineClass (43 bytes)

VM state:not at safepoint (normal execution)

VM Mutex/Monitor currently owned by a thread: None

Heap address: 0x0000000080000000, size: 2048 MB, Compressed Oops mode: 32-bit
Narrow klass base: 0x0000000000000000, Narrow klass shift: 3
Compressed class space size: 1073741824 Address: 0x0000000100000000

Heap:
 garbage-first heap   total 196608K, used 31183K [0x0000000080000000, 0x0000000100000000)
  region size 1024K, 16 young (16384K), 12 survivors (12288K)
 Metaspace       used 42957K, capacity 43953K, committed 44284K, reserved 1087488K
  class space    used 5479K, capacity 5841K, committed 5964K, reserved 1048576K
Heap Regions: E=young(eden), S=young(survivor), O=old, HS=humongous(starts), HC=humongous(continues), CS=collection set, F=free, A=archive, TAMS=top-at-mark-start (previous, next)
|   0|0x0000000080000000, 0x0000000080100000, 0x0000000080100000|100%| O|  |TAMS 0x0000000080100000, 0x0000000080000000| Untracked 
|   1|0x0000000080100000, 0x0000000080200000, 0x0000000080200000|100%| O|  |TAMS 0x0000000080200000, 0x0000000080100000| Untracked 
|   2|0x0000000080200000, 0x0000000080300000, 0x0000000080300000|100%| O|  |TAMS 0x0000000080300000, 0x0000000080200000| Untracked 
|   3|0x0000000080300000, 0x0000000080400000, 0x0000000080400000|100%|HS|  |TAMS 0x0000000080400000, 0x0000000080300000| Complete 
|   4|0x0000000080400000, 0x0000000080500000, 0x0000000080500000|100%|HC|  |TAMS 0x0000000080500000, 0x0000000080400000| Complete 
|   5|0x0000000080500000, 0x0000000080600000, 0x0000000080600000|100%|HC|  |TAMS 0x0000000080600000, 0x0000000080500000| Complete 
|   6|0x0000000080600000, 0x0000000080700000, 0x0000000080700000|100%| O|  |TAMS 0x0000000080700000, 0x0000000080600000| Untracked 
|   7|0x0000000080700000, 0x0000000080800000, 0x0000000080800000|100%| O|  |TAMS 0x0000000080800000, 0x0000000080700000| Untracked 
|   8|0x0000000080800000, 0x0000000080900000, 0x0000000080900000|100%| O|  |TAMS 0x0000000080900000, 0x0000000080800000| Untracked 
|   9|0x0000000080900000, 0x0000000080a00000, 0x0000000080a00000|100%| O|  |TAMS 0x0000000080a00000, 0x0000000080900000| Untracked 
|  10|0x0000000080a00000, 0x0000000080b00000, 0x0000000080b00000|100%| O|  |TAMS 0x0000000080b00000, 0x0000000080a00000| Untracked 
|  11|0x0000000080b00000, 0x0000000080c00000, 0x0000000080c00000|100%| O|  |TAMS 0x0000000080c00000, 0x0000000080b00000| Untracked 
|  12|0x0000000080c00000, 0x0000000080d00000, 0x0000000080d00000|100%| O|  |TAMS 0x0000000080d00000, 0x0000000080c00000| Untracked 
|  13|0x0000000080d00000, 0x0000000080e00000, 0x0000000080e00000|100%| O|  |TAMS 0x0000000080e00000, 0x0000000080d00000| Untracked 
|  14|0x0000000080e00000, 0x0000000080f00000, 0x0000000080f00000|100%| O|  |TAMS 0x0000000080f00000, 0x0000000080e00000| Untracked 
|  15|0x0000000080f00000, 0x0000000080ffe200, 0x0000000081000000| 99%| O|  |TAMS 0x0000000080ffe200, 0x0000000080f00000| Untracked 
|  16|0x0000000081000000, 0x0000000081000000, 0x0000000081100000|  0%| F|  |TAMS 0x0000000081000000, 0x0000000081000000| Untracked 
|  17|0x0000000081100000, 0x0000000081100000, 0x0000000081200000|  0%| F|  |TAMS 0x0000000081100000, 0x0000000081100000| Untracked 
|  18|0x0000000081200000, 0x0000000081200000, 0x0000000081300000|  0%| F|  |TAMS 0x0000000081200000, 0x0000000081200000| Untracked 
|  19|0x0000000081300000, 0x0000000081300000, 0x0000000081400000|  0%| F|  |TAMS 0x0000000081300000, 0x0000000081300000| Untracked 
|  20|0x0000000081400000, 0x0000000081400000, 0x0000000081500000|  0%| F|  |TAMS 0x0000000081400000, 0x0000000081400000| Untracked 
|  21|0x0000000081500000, 0x0000000081500000, 0x0000000081600000|  0%| F|  |TAMS 0x0000000081500000, 0x0000000081500000| Untracked 
|  22|0x0000000081600000, 0x0000000081600000, 0x0000000081700000|  0%| F|  |TAMS 0x0000000081600000, 0x0000000081600000| Untracked 
|  23|0x0000000081700000, 0x0000000081700000, 0x0000000081800000|  0%| F|  |TAMS 0x0000000081700000, 0x0000000081700000| Untracked 
|  24|0x0000000081800000, 0x0000000081800000, 0x0000000081900000|  0%| F|  |TAMS 0x0000000081800000, 0x0000000081800000| Untracked 
|  25|0x0000000081900000, 0x0000000081900000, 0x0000000081a00000|  0%| F|  |TAMS 0x0000000081900000, 0x0000000081900000| Untracked 
|  26|0x0000000081a00000, 0x0000000081a00000, 0x0000000081b00000|  0%| F|  |TAMS 0x0000000081a00000, 0x0000000081a00000| Untracked 
|  27|0x0000000081b00000, 0x0000000081b00000, 0x0000000081c00000|  0%| F|  |TAMS 0x0000000081b00000, 0x0000000081b00000| Untracked 
|  28|0x0000000081c00000, 0x0000000081c00000, 0x0000000081d00000|  0%| F|  |TAMS 0x0000000081c00000, 0x0000000081c00000| Untracked 
|  29|0x0000000081d00000, 0x0000000081d00000, 0x0000000081e00000|  0%| F|  |TAMS 0x0000000081d00000, 0x0000000081d00000| Untracked 
|  30|0x0000000081e00000, 0x0000000081e00000, 0x0000000081f00000|  0%| F|  |TAMS 0x0000000081e00000, 0x0000000081e00000| Untracked 
|  31|0x0000000081f00000, 0x0000000081f00000, 0x0000000082000000|  0%| F|  |TAMS 0x0000000081f00000, 0x0000000081f00000| Untracked 
|  32|0x0000000082000000, 0x0000000082000000, 0x0000000082100000|  0%| F|  |TAMS 0x0000000082000000, 0x0000000082000000| Untracked 
|  33|0x0000000082100000, 0x0000000082100000, 0x0000000082200000|  0%| F|  |TAMS 0x0000000082100000, 0x0000000082100000| Untracked 
|  34|0x0000000082200000, 0x0000000082200000, 0x0000000082300000|  0%| F|  |TAMS 0x0000000082200000, 0x0000000082200000| Untracked 
|  35|0x0000000082300000, 0x0000000082300000, 0x0000000082400000|  0%| F|  |TAMS 0x0000000082300000, 0x0000000082300000| Untracked 
|  36|0x0000000082400000, 0x0000000082400000, 0x0000000082500000|  0%| F|  |TAMS 0x0000000082400000, 0x0000000082400000| Untracked 
|  37|0x0000000082500000, 0x0000000082500000, 0x0000000082600000|  0%| F|  |TAMS 0x0000000082500000, 0x0000000082500000| Untracked 
|  38|0x0000000082600000, 0x0000000082600000, 0x0000000082700000|  0%| F|  |TAMS 0x0000000082600000, 0x0000000082600000| Untracked 
|  39|0x0000000082700000, 0x0000000082700000, 0x0000000082800000|  0%| F|  |TAMS 0x0000000082700000, 0x0000000082700000| Untracked 
|  40|0x0000000082800000, 0x0000000082800000, 0x0000000082900000|  0%| F|  |TAMS 0x0000000082800000, 0x0000000082800000| Untracked 
|  41|0x0000000082900000, 0x0000000082900000, 0x0000000082a00000|  0%| F|  |TAMS 0x0000000082900000, 0x0000000082900000| Untracked 
|  42|0x0000000082a00000, 0x0000000082a00000, 0x0000000082b00000|  0%| F|  |TAMS 0x0000000082a00000, 0x0000000082a00000| Untracked 
|  43|0x0000000082b00000, 0x0000000082b00000, 0x0000000082c00000|  0%| F|  |TAMS 0x0000000082b00000, 0x0000000082b00000| Untracked 
|  44|0x0000000082c00000, 0x0000000082c00000, 0x0000000082d00000|  0%| F|  |TAMS 0x0000000082c00000, 0x0000000082c00000| Untracked 
|  45|0x0000000082d00000, 0x0000000082d00000, 0x0000000082e00000|  0%| F|  |TAMS 0x0000000082d00000, 0x0000000082d00000| Untracked 
|  46|0x0000000082e00000, 0x0000000082e00000, 0x0000000082f00000|  0%| F|  |TAMS 0x0000000082e00000, 0x0000000082e00000| Untracked 
|  47|0x0000000082f00000, 0x0000000082f00000, 0x0000000083000000|  0%| F|  |TAMS 0x0000000082f00000, 0x0000000082f00000| Untracked 
|  48|0x0000000083000000, 0x0000000083000000, 0x0000000083100000|  0%| F|  |TAMS 0x0000000083000000, 0x0000000083000000| Untracked 
|  49|0x0000000083100000, 0x0000000083100000, 0x0000000083200000|  0%| F|  |TAMS 0x0000000083100000, 0x0000000083100000| Untracked 
|  50|0x0000000083200000, 0x0000000083200000, 0x0000000083300000|  0%| F|  |TAMS 0x0000000083200000, 0x0000000083200000| Untracked 
|  51|0x0000000083300000, 0x0000000083300000, 0x0000000083400000|  0%| F|  |TAMS 0x0000000083300000, 0x0000000083300000| Untracked 
|  52|0x0000000083400000, 0x0000000083400000, 0x0000000083500000|  0%| F|  |TAMS 0x0000000083400000, 0x0000000083400000| Untracked 
|  53|0x0000000083500000, 0x0000000083500000, 0x0000000083600000|  0%| F|  |TAMS 0x0000000083500000, 0x0000000083500000| Untracked 
|  54|0x0000000083600000, 0x0000000083600000, 0x0000000083700000|  0%| F|  |TAMS 0x0000000083600000, 0x0000000083600000| Untracked 
|  55|0x0000000083700000, 0x0000000083700000, 0x0000000083800000|  0%| F|  |TAMS 0x0000000083700000, 0x0000000083700000| Untracked 
|  56|0x0000000083800000, 0x0000000083800000, 0x0000000083900000|  0%| F|  |TAMS 0x0000000083800000, 0x0000000083800000| Untracked 
|  57|0x0000000083900000, 0x0000000083900000, 0x0000000083a00000|  0%| F|  |TAMS 0x0000000083900000, 0x0000000083900000| Untracked 
|  58|0x0000000083a00000, 0x0000000083a00000, 0x0000000083b00000|  0%| F|  |TAMS 0x0000000083a00000, 0x0000000083a00000| Untracked 
|  59|0x0000000083b00000, 0x0000000083b00000, 0x0000000083c00000|  0%| F|  |TAMS 0x0000000083b00000, 0x0000000083b00000| Untracked 
|  60|0x0000000083c00000, 0x0000000083c00000, 0x0000000083d00000|  0%| F|  |TAMS 0x0000000083c00000, 0x0000000083c00000| Untracked 
|  61|0x0000000083d00000, 0x0000000083d00000, 0x0000000083e00000|  0%| F|  |TAMS 0x0000000083d00000, 0x0000000083d00000| Untracked 
|  62|0x0000000083e00000, 0x0000000083e00000, 0x0000000083f00000|  0%| F|  |TAMS 0x0000000083e00000, 0x0000000083e00000| Untracked 
|  63|0x0000000083f00000, 0x0000000083f00000, 0x0000000084000000|  0%| F|  |TAMS 0x0000000083f00000, 0x0000000083f00000| Untracked 
|  64|0x0000000084000000, 0x0000000084000000, 0x0000000084100000|  0%| F|  |TAMS 0x0000000084000000, 0x0000000084000000| Untracked 
|  65|0x0000000084100000, 0x0000000084100000, 0x0000000084200000|  0%| F|  |TAMS 0x0000000084100000, 0x0000000084100000| Untracked 
|  66|0x0000000084200000, 0x0000000084200000, 0x0000000084300000|  0%| F|  |TAMS 0x0000000084200000, 0x0000000084200000| Untracked 
|  67|0x0000000084300000, 0x0000000084300000, 0x0000000084400000|  0%| F|  |TAMS 0x0000000084300000, 0x0000000084300000| Untracked 
|  68|0x0000000084400000, 0x0000000084400000, 0x0000000084500000|  0%| F|  |TAMS 0x0000000084400000, 0x0000000084400000| Untracked 
|  69|0x0000000084500000, 0x0000000084500000, 0x0000000084600000|  0%| F|  |TAMS 0x0000000084500000, 0x0000000084500000| Untracked 
|  70|0x0000000084600000, 0x0000000084600000, 0x0000000084700000|  0%| F|  |TAMS 0x0000000084600000, 0x0000000084600000| Untracked 
|  71|0x0000000084700000, 0x0000000084700000, 0x0000000084800000|  0%| F|  |TAMS 0x0000000084700000, 0x0000000084700000| Untracked 
|  72|0x0000000084800000, 0x0000000084800000, 0x0000000084900000|  0%| F|  |TAMS 0x0000000084800000, 0x0000000084800000| Untracked 
|  73|0x0000000084900000, 0x0000000084900000, 0x0000000084a00000|  0%| F|  |TAMS 0x0000000084900000, 0x0000000084900000| Untracked 
|  74|0x0000000084a00000, 0x0000000084a00000, 0x0000000084b00000|  0%| F|  |TAMS 0x0000000084a00000, 0x0000000084a00000| Untracked 
|  75|0x0000000084b00000, 0x0000000084b00000, 0x0000000084c00000|  0%| F|  |TAMS 0x0000000084b00000, 0x0000000084b00000| Untracked 
|  76|0x0000000084c00000, 0x0000000084c00000, 0x0000000084d00000|  0%| F|  |TAMS 0x0000000084c00000, 0x0000000084c00000| Untracked 
|  77|0x0000000084d00000, 0x0000000084d00000, 0x0000000084e00000|  0%| F|  |TAMS 0x0000000084d00000, 0x0000000084d00000| Untracked 
|  78|0x0000000084e00000, 0x0000000084e00000, 0x0000000084f00000|  0%| F|  |TAMS 0x0000000084e00000, 0x0000000084e00000| Untracked 
|  79|0x0000000084f00000, 0x0000000084f00000, 0x0000000085000000|  0%| F|  |TAMS 0x0000000084f00000, 0x0000000084f00000| Untracked 
|  80|0x0000000085000000, 0x0000000085000000, 0x0000000085100000|  0%| F|  |TAMS 0x0000000085000000, 0x0000000085000000| Untracked 
|  81|0x0000000085100000, 0x0000000085100000, 0x0000000085200000|  0%| F|  |TAMS 0x0000000085100000, 0x0000000085100000| Untracked 
|  82|0x0000000085200000, 0x0000000085200000, 0x0000000085300000|  0%| F|  |TAMS 0x0000000085200000, 0x0000000085200000| Untracked 
|  83|0x0000000085300000, 0x0000000085375d58, 0x0000000085400000| 46%| S|CS|TAMS 0x0000000085300000, 0x0000000085300000| Complete 
|  84|0x0000000085400000, 0x0000000085500000, 0x0000000085500000|100%| S|CS|TAMS 0x0000000085400000, 0x0000000085400000| Complete 
|  85|0x0000000085500000, 0x0000000085600000, 0x0000000085600000|100%| S|CS|TAMS 0x0000000085500000, 0x0000000085500000| Complete 
|  86|0x0000000085600000, 0x0000000085700000, 0x0000000085700000|100%| S|CS|TAMS 0x0000000085600000, 0x0000000085600000| Complete 
|  87|0x0000000085700000, 0x0000000085800000, 0x0000000085800000|100%| S|CS|TAMS 0x0000000085700000, 0x0000000085700000| Complete 
|  88|0x0000000085800000, 0x0000000085900000, 0x0000000085900000|100%| S|CS|TAMS 0x0000000085800000, 0x0000000085800000| Complete 
|  89|0x0000000085900000, 0x0000000085a00000, 0x0000000085a00000|100%| S|CS|TAMS 0x0000000085900000, 0x0000000085900000| Complete 
|  90|0x0000000085a00000, 0x0000000085b00000, 0x0000000085b00000|100%| S|CS|TAMS 0x0000000085a00000, 0x0000000085a00000| Complete 
|  91|0x0000000085b00000, 0x0000000085c00000, 0x0000000085c00000|100%| S|CS|TAMS 0x0000000085b00000, 0x0000000085b00000| Complete 
|  92|0x0000000085c00000, 0x0000000085d00000, 0x0000000085d00000|100%| S|CS|TAMS 0x0000000085c00000, 0x0000000085c00000| Complete 
|  93|0x0000000085d00000, 0x0000000085e00000, 0x0000000085e00000|100%| S|CS|TAMS 0x0000000085d00000, 0x0000000085d00000| Complete 
|  94|0x0000000085e00000, 0x0000000085f00000, 0x0000000085f00000|100%| S|CS|TAMS 0x0000000085e00000, 0x0000000085e00000| Complete 
|  95|0x0000000085f00000, 0x0000000085f00000, 0x0000000086000000|  0%| F|  |TAMS 0x0000000085f00000, 0x0000000085f00000| Untracked 
|  96|0x0000000086000000, 0x0000000086000000, 0x0000000086100000|  0%| F|  |TAMS 0x0000000086000000, 0x0000000086000000| Untracked 
|  97|0x0000000086100000, 0x0000000086100000, 0x0000000086200000|  0%| F|  |TAMS 0x0000000086100000, 0x0000000086100000| Untracked 
|  98|0x0000000086200000, 0x0000000086200000, 0x0000000086300000|  0%| F|  |TAMS 0x0000000086200000, 0x0000000086200000| Untracked 
|  99|0x0000000086300000, 0x0000000086300000, 0x0000000086400000|  0%| F|  |TAMS 0x0000000086300000, 0x0000000086300000| Untracked 
| 100|0x0000000086400000, 0x0000000086400000, 0x0000000086500000|  0%| F|  |TAMS 0x0000000086400000, 0x0000000086400000| Untracked 
| 101|0x0000000086500000, 0x0000000086500000, 0x0000000086600000|  0%| F|  |TAMS 0x0000000086500000, 0x0000000086500000| Untracked 
| 102|0x0000000086600000, 0x0000000086600000, 0x0000000086700000|  0%| F|  |TAMS 0x0000000086600000, 0x0000000086600000| Untracked 
| 103|0x0000000086700000, 0x0000000086700000, 0x0000000086800000|  0%| F|  |TAMS 0x0000000086700000, 0x0000000086700000| Untracked 
| 104|0x0000000086800000, 0x0000000086800000, 0x0000000086900000|  0%| F|  |TAMS 0x0000000086800000, 0x0000000086800000| Untracked 
| 105|0x0000000086900000, 0x0000000086900000, 0x0000000086a00000|  0%| F|  |TAMS 0x0000000086900000, 0x0000000086900000| Untracked 
| 106|0x0000000086a00000, 0x0000000086a00000, 0x0000000086b00000|  0%| F|  |TAMS 0x0000000086a00000, 0x0000000086a00000| Untracked 
| 107|0x0000000086b00000, 0x0000000086b00000, 0x0000000086c00000|  0%| F|  |TAMS 0x0000000086b00000, 0x0000000086b00000| Untracked 
| 108|0x0000000086c00000, 0x0000000086c00000, 0x0000000086d00000|  0%| F|  |TAMS 0x0000000086c00000, 0x0000000086c00000| Untracked 
| 109|0x0000000086d00000, 0x0000000086d00000, 0x0000000086e00000|  0%| F|  |TAMS 0x0000000086d00000, 0x0000000086d00000| Untracked 
| 110|0x0000000086e00000, 0x0000000086e00000, 0x0000000086f00000|  0%| F|  |TAMS 0x0000000086e00000, 0x0000000086e00000| Untracked 
| 111|0x0000000086f00000, 0x0000000086f00000, 0x0000000087000000|  0%| F|  |TAMS 0x0000000086f00000, 0x0000000086f00000| Untracked 
| 112|0x0000000087000000, 0x0000000087000000, 0x0000000087100000|  0%| F|  |TAMS 0x0000000087000000, 0x0000000087000000| Untracked 
| 113|0x0000000087100000, 0x0000000087100000, 0x0000000087200000|  0%| F|  |TAMS 0x0000000087100000, 0x0000000087100000| Untracked 
| 114|0x0000000087200000, 0x0000000087200000, 0x0000000087300000|  0%| F|  |TAMS 0x0000000087200000, 0x0000000087200000| Untracked 
| 115|0x0000000087300000, 0x0000000087300000, 0x0000000087400000|  0%| F|  |TAMS 0x0000000087300000, 0x0000000087300000| Untracked 
| 116|0x0000000087400000, 0x0000000087400000, 0x0000000087500000|  0%| F|  |TAMS 0x0000000087400000, 0x0000000087400000| Untracked 
| 117|0x0000000087500000, 0x0000000087500000, 0x0000000087600000|  0%| F|  |TAMS 0x0000000087500000, 0x0000000087500000| Untracked 
| 118|0x0000000087600000, 0x0000000087600000, 0x0000000087700000|  0%| F|  |TAMS 0x0000000087600000, 0x0000000087600000| Untracked 
| 119|0x0000000087700000, 0x0000000087700000, 0x0000000087800000|  0%| F|  |TAMS 0x0000000087700000, 0x0000000087700000| Untracked 
| 120|0x0000000087800000, 0x0000000087800000, 0x0000000087900000|  0%| F|  |TAMS 0x0000000087800000, 0x0000000087800000| Untracked 
| 121|0x0000000087900000, 0x0000000087900000, 0x0000000087a00000|  0%| F|  |TAMS 0x0000000087900000, 0x0000000087900000| Untracked 
| 122|0x0000000087a00000, 0x0000000087a00000, 0x0000000087b00000|  0%| F|  |TAMS 0x0000000087a00000, 0x0000000087a00000| Untracked 
| 123|0x0000000087b00000, 0x0000000087b00000, 0x0000000087c00000|  0%| F|  |TAMS 0x0000000087b00000, 0x0000000087b00000| Untracked 
| 124|0x0000000087c00000, 0x0000000087c00000, 0x0000000087d00000|  0%| F|  |TAMS 0x0000000087c00000, 0x0000000087c00000| Untracked 
| 125|0x0000000087d00000, 0x0000000087d00000, 0x0000000087e00000|  0%| F|  |TAMS 0x0000000087d00000, 0x0000000087d00000| Untracked 
| 126|0x0000000087e00000, 0x0000000087e00000, 0x0000000087f00000|  0%| F|  |TAMS 0x0000000087e00000, 0x0000000087e00000| Untracked 
| 127|0x0000000087f00000, 0x0000000087f00000, 0x0000000088000000|  0%| F|  |TAMS 0x0000000087f00000, 0x0000000087f00000| Untracked 
| 128|0x0000000088000000, 0x0000000088000000, 0x0000000088100000|  0%| F|  |TAMS 0x0000000088000000, 0x0000000088000000| Untracked 
| 129|0x0000000088100000, 0x0000000088100000, 0x0000000088200000|  0%| F|  |TAMS 0x0000000088100000, 0x0000000088100000| Untracked 
| 130|0x0000000088200000, 0x0000000088200000, 0x0000000088300000|  0%| F|  |TAMS 0x0000000088200000, 0x0000000088200000| Untracked 
| 131|0x0000000088300000, 0x0000000088300000, 0x0000000088400000|  0%| F|  |TAMS 0x0000000088300000, 0x0000000088300000| Untracked 
| 132|0x0000000088400000, 0x0000000088400000, 0x0000000088500000|  0%| F|  |TAMS 0x0000000088400000, 0x0000000088400000| Untracked 
| 133|0x0000000088500000, 0x0000000088500000, 0x0000000088600000|  0%| F|  |TAMS 0x0000000088500000, 0x0000000088500000| Untracked 
| 134|0x0000000088600000, 0x0000000088600000, 0x0000000088700000|  0%| F|  |TAMS 0x0000000088600000, 0x0000000088600000| Untracked 
| 135|0x0000000088700000, 0x0000000088700000, 0x0000000088800000|  0%| F|  |TAMS 0x0000000088700000, 0x0000000088700000| Untracked 
| 136|0x0000000088800000, 0x0000000088800000, 0x0000000088900000|  0%| F|  |TAMS 0x0000000088800000, 0x0000000088800000| Untracked 
| 137|0x0000000088900000, 0x0000000088900000, 0x0000000088a00000|  0%| F|  |TAMS 0x0000000088900000, 0x0000000088900000| Untracked 
| 138|0x0000000088a00000, 0x0000000088a00000, 0x0000000088b00000|  0%| F|  |TAMS 0x0000000088a00000, 0x0000000088a00000| Untracked 
| 139|0x0000000088b00000, 0x0000000088b00000, 0x0000000088c00000|  0%| F|  |TAMS 0x0000000088b00000, 0x0000000088b00000| Untracked 
| 140|0x0000000088c00000, 0x0000000088c00000, 0x0000000088d00000|  0%| F|  |TAMS 0x0000000088c00000, 0x0000000088c00000| Untracked 
| 141|0x0000000088d00000, 0x0000000088d00000, 0x0000000088e00000|  0%| F|  |TAMS 0x0000000088d00000, 0x0000000088d00000| Untracked 
| 142|0x0000000088e00000, 0x0000000088e00000, 0x0000000088f00000|  0%| F|  |TAMS 0x0000000088e00000, 0x0000000088e00000| Untracked 
| 143|0x0000000088f00000, 0x0000000088f00000, 0x0000000089000000|  0%| F|  |TAMS 0x0000000088f00000, 0x0000000088f00000| Untracked 
| 144|0x0000000089000000, 0x0000000089000000, 0x0000000089100000|  0%| F|  |TAMS 0x0000000089000000, 0x0000000089000000| Untracked 
| 145|0x0000000089100000, 0x0000000089100000, 0x0000000089200000|  0%| F|  |TAMS 0x0000000089100000, 0x0000000089100000| Untracked 
| 146|0x0000000089200000, 0x0000000089200000, 0x0000000089300000|  0%| F|  |TAMS 0x0000000089200000, 0x0000000089200000| Untracked 
| 147|0x0000000089300000, 0x0000000089300000, 0x0000000089400000|  0%| F|  |TAMS 0x0000000089300000, 0x0000000089300000| Untracked 
| 148|0x0000000089400000, 0x0000000089400000, 0x0000000089500000|  0%| F|  |TAMS 0x0000000089400000, 0x0000000089400000| Untracked 
| 149|0x0000000089500000, 0x0000000089500000, 0x0000000089600000|  0%| F|  |TAMS 0x0000000089500000, 0x0000000089500000| Untracked 
| 150|0x0000000089600000, 0x0000000089600000, 0x0000000089700000|  0%| F|  |TAMS 0x0000000089600000, 0x0000000089600000| Untracked 
| 151|0x0000000089700000, 0x0000000089700000, 0x0000000089800000|  0%| F|  |TAMS 0x0000000089700000, 0x0000000089700000| Untracked 
| 152|0x0000000089800000, 0x0000000089800000, 0x0000000089900000|  0%| F|  |TAMS 0x0000000089800000, 0x0000000089800000| Untracked 
| 153|0x0000000089900000, 0x0000000089900000, 0x0000000089a00000|  0%| F|  |TAMS 0x0000000089900000, 0x0000000089900000| Untracked 
| 154|0x0000000089a00000, 0x0000000089a00000, 0x0000000089b00000|  0%| F|  |TAMS 0x0000000089a00000, 0x0000000089a00000| Untracked 
| 155|0x0000000089b00000, 0x0000000089b00000, 0x0000000089c00000|  0%| F|  |TAMS 0x0000000089b00000, 0x0000000089b00000| Untracked 
| 156|0x0000000089c00000, 0x0000000089c00000, 0x0000000089d00000|  0%| F|  |TAMS 0x0000000089c00000, 0x0000000089c00000| Untracked 
| 157|0x0000000089d00000, 0x0000000089d00000, 0x0000000089e00000|  0%| F|  |TAMS 0x0000000089d00000, 0x0000000089d00000| Untracked 
| 158|0x0000000089e00000, 0x0000000089e00000, 0x0000000089f00000|  0%| F|  |TAMS 0x0000000089e00000, 0x0000000089e00000| Untracked 
| 159|0x0000000089f00000, 0x0000000089f00000, 0x000000008a000000|  0%| F|  |TAMS 0x0000000089f00000, 0x0000000089f00000| Untracked 
| 160|0x000000008a000000, 0x000000008a000000, 0x000000008a100000|  0%| F|  |TAMS 0x000000008a000000, 0x000000008a000000| Untracked 
| 161|0x000000008a100000, 0x000000008a100000, 0x000000008a200000|  0%| F|  |TAMS 0x000000008a100000, 0x000000008a100000| Untracked 
| 162|0x000000008a200000, 0x000000008a200000, 0x000000008a300000|  0%| F|  |TAMS 0x000000008a200000, 0x000000008a200000| Untracked 
| 163|0x000000008a300000, 0x000000008a300000, 0x000000008a400000|  0%| F|  |TAMS 0x000000008a300000, 0x000000008a300000| Untracked 
| 164|0x000000008a400000, 0x000000008a400000, 0x000000008a500000|  0%| F|  |TAMS 0x000000008a400000, 0x000000008a400000| Untracked 
| 165|0x000000008a500000, 0x000000008a500000, 0x000000008a600000|  0%| F|  |TAMS 0x000000008a500000, 0x000000008a500000| Untracked 
| 166|0x000000008a600000, 0x000000008a600000, 0x000000008a700000|  0%| F|  |TAMS 0x000000008a600000, 0x000000008a600000| Untracked 
| 167|0x000000008a700000, 0x000000008a700000, 0x000000008a800000|  0%| F|  |TAMS 0x000000008a700000, 0x000000008a700000| Untracked 
| 168|0x000000008a800000, 0x000000008a800000, 0x000000008a900000|  0%| F|  |TAMS 0x000000008a800000, 0x000000008a800000| Untracked 
| 169|0x000000008a900000, 0x000000008a900000, 0x000000008aa00000|  0%| F|  |TAMS 0x000000008a900000, 0x000000008a900000| Untracked 
| 170|0x000000008aa00000, 0x000000008aa00000, 0x000000008ab00000|  0%| F|  |TAMS 0x000000008aa00000, 0x000000008aa00000| Untracked 
| 171|0x000000008ab00000, 0x000000008ab00000, 0x000000008ac00000|  0%| F|  |TAMS 0x000000008ab00000, 0x000000008ab00000| Untracked 
| 172|0x000000008ac00000, 0x000000008ac00000, 0x000000008ad00000|  0%| F|  |TAMS 0x000000008ac00000, 0x000000008ac00000| Untracked 
| 173|0x000000008ad00000, 0x000000008ad00000, 0x000000008ae00000|  0%| F|  |TAMS 0x000000008ad00000, 0x000000008ad00000| Untracked 
| 174|0x000000008ae00000, 0x000000008ae00000, 0x000000008af00000|  0%| F|  |TAMS 0x000000008ae00000, 0x000000008ae00000| Untracked 
| 175|0x000000008af00000, 0x000000008af00000, 0x000000008b000000|  0%| F|  |TAMS 0x000000008af00000, 0x000000008af00000| Untracked 
| 176|0x000000008b000000, 0x000000008b000000, 0x000000008b100000|  0%| F|  |TAMS 0x000000008b000000, 0x000000008b000000| Untracked 
| 177|0x000000008b100000, 0x000000008b100000, 0x000000008b200000|  0%| F|  |TAMS 0x000000008b100000, 0x000000008b100000| Untracked 
| 178|0x000000008b200000, 0x000000008b200000, 0x000000008b300000|  0%| F|  |TAMS 0x000000008b200000, 0x000000008b200000| Untracked 
| 179|0x000000008b300000, 0x000000008b300000, 0x000000008b400000|  0%| F|  |TAMS 0x000000008b300000, 0x000000008b300000| Untracked 
| 180|0x000000008b400000, 0x000000008b400000, 0x000000008b500000|  0%| F|  |TAMS 0x000000008b400000, 0x000000008b400000| Untracked 
| 181|0x000000008b500000, 0x000000008b500000, 0x000000008b600000|  0%| F|  |TAMS 0x000000008b500000, 0x000000008b500000| Untracked 
| 182|0x000000008b600000, 0x000000008b600000, 0x000000008b700000|  0%| F|  |TAMS 0x000000008b600000, 0x000000008b600000| Untracked 
| 183|0x000000008b700000, 0x000000008b700000, 0x000000008b800000|  0%| F|  |TAMS 0x000000008b700000, 0x000000008b700000| Untracked 
| 184|0x000000008b800000, 0x000000008b800000, 0x000000008b900000|  0%| F|  |TAMS 0x000000008b800000, 0x000000008b800000| Untracked 
| 185|0x000000008b900000, 0x000000008b900000, 0x000000008ba00000|  0%| F|  |TAMS 0x000000008b900000, 0x000000008b900000| Untracked 
| 186|0x000000008ba00000, 0x000000008ba00000, 0x000000008bb00000|  0%| F|  |TAMS 0x000000008ba00000, 0x000000008ba00000| Untracked 
| 187|0x000000008bb00000, 0x000000008bbc0820, 0x000000008bc00000| 75%| E|  |TAMS 0x000000008bb00000, 0x000000008bb00000| Complete 
| 188|0x000000008bc00000, 0x000000008bd00000, 0x000000008bd00000|100%| E|CS|TAMS 0x000000008bc00000, 0x000000008bc00000| Complete 
| 189|0x000000008bd00000, 0x000000008be00000, 0x000000008be00000|100%| E|CS|TAMS 0x000000008bd00000, 0x000000008bd00000| Complete 
| 190|0x000000008be00000, 0x000000008bf00000, 0x000000008bf00000|100%| E|CS|TAMS 0x000000008be00000, 0x000000008be00000| Complete 
| 191|0x000000008bf00000, 0x000000008c000000, 0x000000008c000000|100%| E|CS|TAMS 0x000000008bf00000, 0x000000008bf00000| Complete 

Card table byte_map: [0x0000026edc1a0000,0x0000026edc5a0000] _byte_map_base: 0x0000026edbda0000

Marking Bits (Prev, Next): (CMBitMap*) 0x0000026ec8f939c8, (CMBitMap*) 0x0000026ec8f93a00
 Prev Bits: [0x0000026edc9a0000, 0x0000026ede9a0000)
 Next Bits: [0x0000026ede9a0000, 0x0000026ee09a0000)

Polling page: 0x0000026ec8730000

Metaspace:

Usage:
  Non-class:     37.28 MB capacity,    36.65 MB ( 98%) used,   548.13 KB (  1%) free+waste,   102.06 KB ( <1%) overhead. 
      Class:      5.70 MB capacity,     5.36 MB ( 94%) used,   307.22 KB (  5%) free+waste,    48.56 KB ( <1%) overhead. 
       Both:     42.99 MB capacity,    42.00 MB ( 98%) used,   855.35 KB (  2%) free+waste,   150.63 KB ( <1%) overhead. 

Virtual space:
  Non-class space:       38.00 MB reserved,      37.42 MB ( 98%) committed 
      Class space:        1.00 GB reserved,       5.82 MB ( <1%) committed 
             Both:        1.04 GB reserved,      43.25 MB (  4%) committed 

Chunk freelists:
   Non-Class:  16.00 KB
       Class:  15.00 KB
        Both:  31.00 KB

MaxMetaspaceSize: 17179869184.00 GB
CompressedClassSpaceSize: 1.00 GB
Initial GC threshold: 20.80 MB
Current GC threshold: 58.54 MB
CDS: off

CodeHeap 'non-profiled nmethods': size=120000Kb used=2158Kb max_used=2158Kb free=117841Kb
 bounds [0x0000026ed4540000, 0x0000026ed47b0000, 0x0000026edba70000]
CodeHeap 'profiled nmethods': size=120000Kb used=7975Kb max_used=7975Kb free=112024Kb
 bounds [0x0000026ecd010000, 0x0000026ecd7e0000, 0x0000026ed4540000]
CodeHeap 'non-nmethods': size=5760Kb used=2273Kb max_used=2327Kb free=3486Kb
 bounds [0x0000026ecca70000, 0x0000026eccce0000, 0x0000026ecd010000]
 total_blobs=4496 nmethods=3730 adapters=678
 compilation: enabled
              stopped_count=0, restarted_count=0
 full_count=0

Compilation events (20 events):
Event: 8.720 Thread 0x0000026ee3c88000 3729       3       java.util.ArrayList::addAll (76 bytes)
Event: 8.721 Thread 0x0000026ee3c88000 nmethod 3729 0x0000026ecd7d0590 code [0x0000026ecd7d07a0, 0x0000026ecd7d0d98]
Event: 8.722 Thread 0x0000026ee3c88000 3730       3       org.gradle.internal.reflect.MutableClassDetails::superType (12 bytes)
Event: 8.722 Thread 0x0000026ee3c88000 nmethod 3730 0x0000026ecd7d1010 code [0x0000026ecd7d11c0, 0x0000026ecd7d1388]
Event: 8.723 Thread 0x0000026ee3c88000 3731       3       org.gradle.internal.instantiation.generator.AbstractClassGenerator$DslMixInPropertyType::visitProperty (33 bytes)
Event: 8.724 Thread 0x0000026ee3c88000 nmethod 3731 0x0000026ecd7d1490 code [0x0000026ecd7d16e0, 0x0000026ecd7d2048]
Event: 8.724 Thread 0x0000026ee3c88000 3732       3       org.gradle.internal.instantiation.generator.AbstractClassGenerator$PropertyTypePropertyHandler::visitProperty (29 bytes)
Event: 8.725 Thread 0x0000026ee3c88000 nmethod 3732 0x0000026ecd7d2390 code [0x0000026ecd7d25e0, 0x0000026ecd7d2eb8]
Event: 8.725 Thread 0x0000026ee3c88000 3737       3       com.google.common.collect.AbstractMapBasedMultimap$WrappedCollection::refreshIfEmpty (78 bytes)
Event: 8.726 Thread 0x0000026ee3c88000 nmethod 3737 0x0000026ecd7d3210 code [0x0000026ecd7d3420, 0x0000026ecd7d3b38]
Event: 8.726 Thread 0x0000026ee3c88000 3733       3       org.gradle.internal.instantiation.generator.AbstractClassGenerator$NamePropertyHandler::visitProperty (13 bytes)
Event: 8.727 Thread 0x0000026ee3c88000 nmethod 3733 0x0000026ecd7d3d10 code [0x0000026ecd7d3ee0, 0x0000026ecd7d4108]
Event: 8.727 Thread 0x0000026ee3c88000 3734       3       org.gradle.internal.instantiation.generator.AbstractClassGenerator$ManagedPropertiesHandler::visitProperty (37 bytes)
Event: 8.727 Thread 0x0000026ee3c88000 nmethod 3734 0x0000026ecd7d4210 code [0x0000026ecd7d4420, 0x0000026ecd7d4908]
Event: 8.728 Thread 0x0000026ee3c88000 3735       3       org.gradle.internal.instantiation.generator.AbstractClassGenerator::access$1800 (5 bytes)
Event: 8.729 Thread 0x0000026ee3c88000 nmethod 3735 0x0000026ecd7d4b10 code [0x0000026ecd7d4d40, 0x0000026ecd7d5488]
Event: 8.729 Thread 0x0000026ee3c88000 3736       3       org.gradle.internal.instantiation.generator.AbstractClassGenerator::isEagerAttachProperty (33 bytes)
Event: 8.731 Thread 0x0000026ee3c88000 nmethod 3736 0x0000026ecd7d5690 code [0x0000026ecd7d5940, 0x0000026ecd7d66b8]
Event: 8.764 Thread 0x0000026ee3c88000 3738       3       java.lang.invoke.MethodHandleNatives$CallSiteContext::run (5 bytes)
Event: 8.765 Thread 0x0000026ee3c88000 nmethod 3738 0x0000026ecd7d6a90 code [0x0000026ecd7d6c40, 0x0000026ecd7d6d68]

GC Heap History (12 events):
Event: 1.260 GC heap before
{Heap before GC invocations=0 (full 0):
 garbage-first heap   total 196608K, used 29696K [0x0000000080000000, 0x0000000100000000)
  region size 1024K, 24 young (24576K), 0 survivors (0K)
 Metaspace       used 10181K, capacity 10401K, committed 10624K, reserved 1058816K
  class space    used 1047K, capacity 1108K, committed 1152K, reserved 1048576K
}
Event: 1.265 GC heap after
{Heap after GC invocations=1 (full 0):
 garbage-first heap   total 196608K, used 9242K [0x0000000080000000, 0x0000000100000000)
  region size 1024K, 3 young (3072K), 3 survivors (3072K)
 Metaspace       used 10181K, capacity 10401K, committed 10624K, reserved 1058816K
  class space    used 1047K, capacity 1108K, committed 1152K, reserved 1048576K
}
Event: 4.069 GC heap before
{Heap before GC invocations=1 (full 0):
 garbage-first heap   total 196608K, used 113690K [0x0000000080000000, 0x0000000100000000)
  region size 1024K, 106 young (108544K), 3 survivors (3072K)
 Metaspace       used 20799K, capacity 21137K, committed 21296K, reserved 1069056K
  class space    used 2533K, capacity 2688K, committed 2688K, reserved 1048576K
}
Event: 4.089 GC heap after
{Heap after GC invocations=2 (full 0):
 garbage-first heap   total 196608K, used 17202K [0x0000000080000000, 0x0000000100000000)
  region size 1024K, 11 young (11264K), 11 survivors (11264K)
 Metaspace       used 20799K, capacity 21137K, committed 21296K, reserved 1069056K
  class space    used 2533K, capacity 2688K, committed 2688K, reserved 1048576K
}
Event: 4.374 GC heap before
{Heap before GC invocations=3 (full 0):
 garbage-first heap   total 196608K, used 39730K [0x0000000080000000, 0x0000000100000000)
  region size 1024K, 33 young (33792K), 11 survivors (11264K)
 Metaspace       used 22626K, capacity 23148K, committed 23216K, reserved 1069056K
  class space    used 2870K, capacity 3066K, committed 3072K, reserved 1048576K
}
Event: 4.387 GC heap after
{Heap after GC invocations=4 (full 0):
 garbage-first heap   total 196608K, used 17505K [0x0000000080000000, 0x0000000100000000)
  region size 1024K, 2 young (2048K), 2 survivors (2048K)
 Metaspace       used 22626K, capacity 23148K, committed 23216K, reserved 1069056K
  class space    used 2870K, capacity 3066K, committed 3072K, reserved 1048576K
}
Event: 6.375 GC heap before
{Heap before GC invocations=4 (full 0):
 garbage-first heap   total 196608K, used 100449K [0x0000000080000000, 0x0000000100000000)
  region size 1024K, 83 young (84992K), 2 survivors (2048K)
 Metaspace       used 31204K, capacity 31915K, committed 32048K, reserved 1077248K
  class space    used 4139K, capacity 4418K, committed 4480K, reserved 1048576K
}
Event: 6.380 GC heap after
{Heap after GC invocations=5 (full 0):
 garbage-first heap   total 196608K, used 19862K [0x0000000080000000, 0x0000000100000000)
  region size 1024K, 4 young (4096K), 4 survivors (4096K)
 Metaspace       used 31204K, capacity 31915K, committed 32048K, reserved 1077248K
  class space    used 4139K, capacity 4418K, committed 4480K, reserved 1048576K
}
Event: 6.926 GC heap before
{Heap before GC invocations=5 (full 0):
 garbage-first heap   total 196608K, used 29078K [0x0000000080000000, 0x0000000100000000)
  region size 1024K, 14 young (14336K), 4 survivors (4096K)
 Metaspace       used 34843K, capacity 35621K, committed 35708K, reserved 1081344K
  class space    used 4481K, capacity 4782K, committed 4812K, reserved 1048576K
}
Event: 6.940 GC heap after
{Heap after GC invocations=6 (full 0):
 garbage-first heap   total 196608K, used 21847K [0x0000000080000000, 0x0000000100000000)
  region size 1024K, 6 young (6144K), 6 survivors (6144K)
 Metaspace       used 34843K, capacity 35621K, committed 35708K, reserved 1081344K
  class space    used 4481K, capacity 4782K, committed 4812K, reserved 1048576K
}
Event: 8.753 GC heap before
{Heap before GC invocations=7 (full 0):
 garbage-first heap   total 196608K, used 117079K [0x0000000080000000, 0x0000000100000000)
  region size 1024K, 97 young (99328K), 6 survivors (6144K)
 Metaspace       used 42656K, capacity 43697K, committed 44028K, reserved 1087488K
  class space    used 5457K, capacity 5841K, committed 5964K, reserved 1048576K
}
Event: 8.764 GC heap after
{Heap after GC invocations=8 (full 0):
 garbage-first heap   total 196608K, used 28111K [0x0000000080000000, 0x0000000100000000)
  region size 1024K, 12 young (12288K), 12 survivors (12288K)
 Metaspace       used 42656K, capacity 43697K, committed 44028K, reserved 1087488K
  class space    used 5457K, capacity 5841K, committed 5964K, reserved 1048576K
}

Deoptimization events (20 events):
Event: 8.638 Thread 0x0000026ee4b8c000 Uncommon trap: trap_request=0xffffff4d fr.pc=0x0000026ed4588a14 relative=0x00000000000000d4
Event: 8.638 Thread 0x0000026ee4b8c000 Uncommon trap: reason=unstable_if action=reinterpret pc=0x0000026ed4588a14 method=java.util.HashMap.hash(Ljava/lang/Object;)I @ 1 c2
Event: 8.638 Thread 0x0000026ee4b8c000 DEOPT PACKING pc=0x0000026ed4588a14 sp=0x00000080b2ef8780
Event: 8.638 Thread 0x0000026ee4b8c000 DEOPT UNPACKING pc=0x0000026eccaba1af sp=0x00000080b2ef86c0 mode 2
Event: 8.638 Thread 0x0000026ee4b8c000 Uncommon trap: trap_request=0xffffff4d fr.pc=0x0000026ed46dc2c0 relative=0x00000000000006c0
Event: 8.638 Thread 0x0000026ee4b8c000 Uncommon trap: reason=unstable_if action=reinterpret pc=0x0000026ed46dc2c0 method=java.util.HashMap.putVal(ILjava/lang/Object;Ljava/lang/Object;ZZ)Ljava/lang/Object; @ 85 c2
Event: 8.638 Thread 0x0000026ee4b8c000 DEOPT PACKING pc=0x0000026ed46dc2c0 sp=0x00000080b2ef86b0
Event: 8.638 Thread 0x0000026ee4b8c000 DEOPT UNPACKING pc=0x0000026eccaba1af sp=0x00000080b2ef8668 mode 2
Event: 8.642 Thread 0x0000026ee4b8c000 Uncommon trap: trap_request=0xffffff4d fr.pc=0x0000026ed4709bf8 relative=0x0000000000000318
Event: 8.642 Thread 0x0000026ee4b8c000 Uncommon trap: reason=unstable_if action=reinterpret pc=0x0000026ed4709bf8 method=org.gradle.internal.reflect.PropertyAccessorType.isGetGetterName(Ljava/lang/String;)Z @ 14 c2
Event: 8.642 Thread 0x0000026ee4b8c000 DEOPT PACKING pc=0x0000026ed4709bf8 sp=0x00000080b2ef91d0
Event: 8.642 Thread 0x0000026ee4b8c000 DEOPT UNPACKING pc=0x0000026eccaba1af sp=0x00000080b2ef9128 mode 2
Event: 8.678 Thread 0x0000026ee4b8c000 Uncommon trap: trap_request=0xffffff4d fr.pc=0x0000026ed469c488 relative=0x00000000000000e8
Event: 8.678 Thread 0x0000026ee4b8c000 Uncommon trap: reason=unstable_if action=reinterpret pc=0x0000026ed469c488 method=org.objectweb.asm.ByteVector.putShort(I)Lorg/objectweb/asm/ByteVector; @ 13 c2
Event: 8.678 Thread 0x0000026ee4b8c000 DEOPT PACKING pc=0x0000026ed469c488 sp=0x00000080b2ef8c10
Event: 8.678 Thread 0x0000026ee4b8c000 DEOPT UNPACKING pc=0x0000026eccaba1af sp=0x00000080b2ef8ba8 mode 2
Event: 8.738 Thread 0x0000026ee4b8c000 Uncommon trap: trap_request=0xffffff4d fr.pc=0x0000026ed46bb530 relative=0x0000000000001b30
Event: 8.739 Thread 0x0000026ee4b8c000 Uncommon trap: reason=unstable_if action=reinterpret pc=0x0000026ed46bb530 method=java.util.concurrent.ConcurrentHashMap.computeIfAbsent(Ljava/lang/Object;Ljava/util/function/Function;)Ljava/lang/Object; @ 123 c2
Event: 8.739 Thread 0x0000026ee4b8c000 DEOPT PACKING pc=0x0000026ed46bb530 sp=0x00000080b2efa080
Event: 8.739 Thread 0x0000026ee4b8c000 DEOPT UNPACKING pc=0x0000026eccaba1af sp=0x00000080b2efa020 mode 2

Classes redefined (0 events):
No events

Internal exceptions (20 events):
Event: 8.166 Thread 0x0000026ee4b8c000 Exception <a 'java/lang/ClassNotFoundException'{0x0000000087bd3318}: org/gradle/api/initialization/resolve/RepositoriesModeBeanInfo> (0x0000000087bd3318) thrown at [./src/hotspot/share/classfile/systemDictionary.cpp, line 231]
Event: 8.166 Thread 0x0000026ee4b8c000 Exception <a 'java/lang/ClassNotFoundException'{0x0000000087bd81e0}: java/lang/EnumBeanInfo> (0x0000000087bd81e0) thrown at [./src/hotspot/share/classfile/systemDictionary.cpp, line 231]
Event: 8.166 Thread 0x0000026ee4b8c000 Exception <a 'java/lang/ClassNotFoundException'{0x0000000087bdd0c8}: java/lang/EnumCustomizer> (0x0000000087bdd0c8) thrown at [./src/hotspot/share/classfile/systemDictionary.cpp, line 231]
Event: 8.168 Thread 0x0000026ee4b8c000 Exception <a 'java/lang/ClassNotFoundException'{0x0000000087a0c3a0}: org/gradle/api/initialization/resolve/RepositoriesModeCustomizer> (0x0000000087a0c3a0) thrown at [./src/hotspot/share/classfile/systemDictionary.cpp, line 231]
Event: 8.178 Thread 0x0000026ee4b8c000 Exception <a 'java/lang/ClassNotFoundException'{0x0000000087a987b0}: org/gradle/api/internal/provider/DefaultPropertyBeanInfo> (0x0000000087a987b0) thrown at [./src/hotspot/share/classfile/systemDictionary.cpp, line 231]
Event: 8.181 Thread 0x0000026ee4b8c000 Exception <a 'java/lang/ClassNotFoundException'{0x0000000087abeec8}: org/gradle/api/internal/provider/AbstractPropertyBeanInfo> (0x0000000087abeec8) thrown at [./src/hotspot/share/classfile/systemDictionary.cpp, line 231]
Event: 8.182 Thread 0x0000026ee4b8c000 Exception <a 'java/lang/ClassNotFoundException'{0x0000000087ae82d0}: org/gradle/api/internal/provider/AbstractMinimalProviderBeanInfo> (0x0000000087ae82d0) thrown at [./src/hotspot/share/classfile/systemDictionary.cpp, line 231]
Event: 8.183 Thread 0x0000026ee4b8c000 Exception <a 'java/lang/ClassNotFoundException'{0x0000000087911ba8}: org/gradle/api/internal/provider/AbstractMinimalProviderCustomizer> (0x0000000087911ba8) thrown at [./src/hotspot/share/classfile/systemDictionary.cpp, line 231]
Event: 8.191 Thread 0x0000026ee4b8c000 Exception <a 'java/lang/ClassNotFoundException'{0x0000000087973190}: org/gradle/api/internal/provider/AbstractPropertyCustomizer> (0x0000000087973190) thrown at [./src/hotspot/share/classfile/systemDictionary.cpp, line 231]
Event: 8.193 Thread 0x0000026ee4b8c000 Exception <a 'java/lang/ClassNotFoundException'{0x00000000879a6218}: org/gradle/api/internal/provider/DefaultPropertyCustomizer> (0x00000000879a6218) thrown at [./src/hotspot/share/classfile/systemDictionary.cpp, line 231]
Event: 8.264 Thread 0x0000026ee4b8c000 Exception <a 'java/lang/ClassNotFoundException'{0x000000008779da98}: org/gradle/initialization/DefaultProjectDescriptorBeanInfo> (0x000000008779da98) thrown at [./src/hotspot/share/classfile/systemDictionary.cpp, line 231]
Event: 8.265 Thread 0x0000026ee4b8c000 Exception <a 'java/lang/ClassNotFoundException'{0x00000000877c3fd8}: org/gradle/initialization/DefaultProjectDescriptorCustomizer> (0x00000000877c3fd8) thrown at [./src/hotspot/share/classfile/systemDictionary.cpp, line 231]
Event: 8.271 Thread 0x0000026ee4b8c000 Implicit null exception at 0x0000026ed46b5fec to 0x0000026ed46b6094
Event: 8.487 Thread 0x0000026ee672f800 Exception <a 'java/lang/NoSuchMethodError'{0x000000008bf8f018}: <clinit>> (0x000000008bf8f018) thrown at [./src/hotspot/share/prims/jni.cpp, line 1366]
Event: 8.487 Thread 0x0000026ee672f800 Exception <a 'java/lang/NoSuchMethodError'{0x000000008bf90708}: <clinit>> (0x000000008bf90708) thrown at [./src/hotspot/share/prims/jni.cpp, line 1366]
Event: 8.489 Thread 0x0000026ee672f800 Exception <a 'java/lang/NoSuchMethodError'{0x0000000086b09cc8}: <clinit>> (0x0000000086b09cc8) thrown at [./src/hotspot/share/prims/jni.cpp, line 1366]
Event: 8.490 Thread 0x0000026ee672f800 Exception <a 'java/lang/NoSuchMethodError'{0x0000000086b0c050}: <clinit>> (0x0000000086b0c050) thrown at [./src/hotspot/share/prims/jni.cpp, line 1366]
Event: 8.491 Thread 0x0000026ee672f800 Exception <a 'java/lang/NoSuchMethodError'{0x0000000086b1bd00}: <clinit>> (0x0000000086b1bd00) thrown at [./src/hotspot/share/prims/jni.cpp, line 1366]
Event: 8.638 Thread 0x0000026ee4b8c000 Implicit null exception at 0x0000026ed4636474 to 0x0000026ed4636684
Event: 8.638 Thread 0x0000026ee4b8c000 Implicit null exception at 0x0000026ed4588978 to 0x0000026ed4588a0a

Events (20 events):
Event: 8.751 loading class org/gradle/tooling/model/idea/IdeaLanguageLevel
Event: 8.751 loading class org/gradle/tooling/model/idea/IdeaLanguageLevel done
Event: 8.752 loading class org/gradle/tooling/model/idea/IdeaCompilerOutput
Event: 8.752 loading class org/gradle/tooling/model/idea/IdeaCompilerOutput done
Event: 8.752 loading class org/gradle/tooling/model/idea/IdeaDependencyScope
Event: 8.752 loading class org/gradle/tooling/model/idea/IdeaDependencyScope done
Event: 8.753 loading class org/gradle/tooling/model/GradleModuleVersion
Event: 8.753 loading class org/gradle/tooling/model/GradleModuleVersion done
Event: 8.753 Executing VM operation: G1CollectForAllocation
Event: 8.764 Executing VM operation: G1CollectForAllocation done
Event: 8.764 Executing VM operation: RevokeBias
Event: 8.764 Executing VM operation: RevokeBias done
Event: 8.765 loading class org/gradle/plugins/ide/internal/tooling/RunBuildDependenciesTaskBuilder
Event: 8.765 loading class org/gradle/plugins/ide/internal/tooling/RunBuildDependenciesTaskBuilder done
Event: 8.766 loading class org/gradle/tooling/provider/model/ParameterizedToolingModelBuilder
Event: 8.766 loading class org/gradle/tooling/provider/model/ParameterizedToolingModelBuilder done
Event: 8.767 loading class org/gradle/plugins/ide/internal/tooling/RunEclipseTasksBuilder
Event: 8.767 loading class org/gradle/plugins/ide/internal/tooling/RunEclipseTasksBuilder done
Event: 8.768 loading class org/gradle/plugins/ide/internal/tooling/EclipseModelBuilder
Event: 8.768 loading class org/gradle/plugins/ide/internal/tooling/EclipseModelBuilder done


Dynamic libraries:
0x00007ff6b0560000 - 0x00007ff6b056a000 	C:\Program Files\Android\Android Studio\jre\bin\java.exe
0x00007ffe02f40000 - 0x00007ffe03149000 	C:\WINDOWS\SYSTEM32\ntdll.dll
0x00007ffe014e0000 - 0x00007ffe0159e000 	C:\WINDOWS\System32\KERNEL32.DLL
0x00007ffe006e0000 - 0x00007ffe00a5b000 	C:\WINDOWS\System32\KERNELBASE.dll
0x00007ffe00ca0000 - 0x00007ffe00db1000 	C:\WINDOWS\System32\ucrtbase.dll
0x00007ffdc7850000 - 0x00007ffdc7867000 	C:\Program Files\Android\Android Studio\jre\bin\VCRUNTIME140.dll
0x00007ffdd2360000 - 0x00007ffdd2379000 	C:\Program Files\Android\Android Studio\jre\bin\jli.dll
0x00007ffe011e0000 - 0x00007ffe0138d000 	C:\WINDOWS\System32\USER32.dll
0x00007ffdff620000 - 0x00007ffdff8c5000 	C:\WINDOWS\WinSxS\amd64_microsoft.windows.common-controls_6595b64144ccf1df_6.0.22000.120_none_9d947278b86cc467\COMCTL32.dll
0x00007ffe00410000 - 0x00007ffe00436000 	C:\WINDOWS\System32\win32u.dll
0x00007ffe02050000 - 0x00007ffe020f3000 	C:\WINDOWS\System32\msvcrt.dll
0x00007ffe00dc0000 - 0x00007ffe00de9000 	C:\WINDOWS\System32\GDI32.dll
0x00007ffe00a60000 - 0x00007ffe00b78000 	C:\WINDOWS\System32\gdi32full.dll
0x00007ffe00b80000 - 0x00007ffe00c1d000 	C:\WINDOWS\System32\msvcp_win.dll
0x00007ffe011a0000 - 0x00007ffe011d2000 	C:\WINDOWS\System32\IMM32.DLL
0x00007ffd8cfc0000 - 0x00007ffd8d05d000 	C:\Program Files\Android\Android Studio\jre\bin\msvcp140.dll
0x00007ffd82410000 - 0x00007ffd82f12000 	C:\Program Files\Android\Android Studio\jre\bin\server\jvm.dll
0x00007ffe02de0000 - 0x00007ffe02e8e000 	C:\WINDOWS\System32\ADVAPI32.dll
0x00007ffe010e0000 - 0x00007ffe0117e000 	C:\WINDOWS\System32\sechost.dll
0x00007ffe01c30000 - 0x00007ffe01d50000 	C:\WINDOWS\System32\RPCRT4.dll
0x00007ffe02e90000 - 0x00007ffe02e98000 	C:\WINDOWS\System32\PSAPI.DLL
0x00007ffde9050000 - 0x00007ffde9059000 	C:\WINDOWS\SYSTEM32\WSOCK32.dll
0x00007ffdf7b10000 - 0x00007ffdf7b43000 	C:\WINDOWS\SYSTEM32\WINMM.dll
0x00007ffdfb520000 - 0x00007ffdfb52a000 	C:\WINDOWS\SYSTEM32\VERSION.dll
0x00007ffe01070000 - 0x00007ffe010df000 	C:\WINDOWS\System32\WS2_32.dll
0x00007ffdfe6b0000 - 0x00007ffdfe6c8000 	C:\WINDOWS\SYSTEM32\kernel.appcore.dll
0x00007ffdee3f0000 - 0x00007ffdee401000 	C:\Program Files\Android\Android Studio\jre\bin\verify.dll
0x00007ffdffcc0000 - 0x00007ffdffee1000 	C:\WINDOWS\SYSTEM32\DBGHELP.DLL
0x00007ffdffb90000 - 0x00007ffdffbc1000 	C:\WINDOWS\SYSTEM32\dbgcore.DLL
0x00007ffe00c20000 - 0x00007ffe00c9f000 	C:\WINDOWS\System32\bcryptPrimitives.dll
0x00007ffddafb0000 - 0x00007ffddafd9000 	C:\Program Files\Android\Android Studio\jre\bin\java.dll
0x00007ffdee7e0000 - 0x00007ffdee7eb000 	C:\Program Files\Android\Android Studio\jre\bin\jimage.dll
0x00007ffdebfe0000 - 0x00007ffdebff8000 	C:\Program Files\Android\Android Studio\jre\bin\zip.dll
0x00007ffe02620000 - 0x00007ffe02dd7000 	C:\WINDOWS\System32\SHELL32.dll
0x00007ffdfd600000 - 0x00007ffdfde65000 	C:\WINDOWS\SYSTEM32\windows.storage.dll
0x00007ffe022a0000 - 0x00007ffe02618000 	C:\WINDOWS\System32\combase.dll
0x00007ffdfd490000 - 0x00007ffdfd5f6000 	C:\WINDOWS\SYSTEM32\wintypes.dll
0x00007ffe013f0000 - 0x00007ffe014da000 	C:\WINDOWS\System32\SHCORE.dll
0x00007ffe01390000 - 0x00007ffe013ed000 	C:\WINDOWS\System32\shlwapi.dll
0x00007ffe00340000 - 0x00007ffe00361000 	C:\WINDOWS\SYSTEM32\profapi.dll
0x00007ffdeba50000 - 0x00007ffdeba6a000 	C:\Program Files\Android\Android Studio\jre\bin\net.dll
0x00007ffdf6110000 - 0x00007ffdf6224000 	C:\WINDOWS\SYSTEM32\WINHTTP.dll
0x00007ffdff240000 - 0x00007ffdff2a7000 	C:\WINDOWS\system32\mswsock.dll
0x00007ffde31b0000 - 0x00007ffde31c4000 	C:\Program Files\Android\Android Studio\jre\bin\nio.dll
0x00007ffdddc50000 - 0x00007ffdddc77000 	C:\Users\Padma\.gradle\native\e1d6ef7f7dcc3fd88c89a11ec53ec762bb8ba0a96d01ffa2cd45eb1d1d8dd5c5\windows-amd64\native-platform.dll
0x00007ffd7fb20000 - 0x00007ffd7fc64000 	C:\Users\Padma\.gradle\native\0d407fdbe67a94daf76414ababcb853783967236a71b16ec16e742cd7a986fd3\windows-amd64\native-platform-file-events.dll
0x00007ffdedee0000 - 0x00007ffdedeea000 	C:\Program Files\Android\Android Studio\jre\bin\management.dll
0x00007ffded510000 - 0x00007ffded51d000 	C:\Program Files\Android\Android Studio\jre\bin\management_ext.dll
0x00007ffdfffd0000 - 0x00007ffdfffe8000 	C:\WINDOWS\SYSTEM32\CRYPTSP.dll
0x00007ffdfe4f0000 - 0x00007ffdfe525000 	C:\WINDOWS\system32\rsaenh.dll
0x00007ffdff4c0000 - 0x00007ffdff4e9000 	C:\WINDOWS\SYSTEM32\USERENV.dll
0x00007ffdffc50000 - 0x00007ffdffc77000 	C:\WINDOWS\SYSTEM32\bcrypt.dll
0x00007ffdff4f0000 - 0x00007ffdff4fc000 	C:\WINDOWS\SYSTEM32\CRYPTBASE.dll
0x00007ffdfe0c0000 - 0x00007ffdfe0ed000 	C:\WINDOWS\SYSTEM32\IPHLPAPI.DLL
0x00007ffe01b30000 - 0x00007ffe01b39000 	C:\WINDOWS\System32\NSI.dll
0x00007ffdf60f0000 - 0x00007ffdf6109000 	C:\WINDOWS\SYSTEM32\dhcpcsvc6.DLL
0x00007ffdf6590000 - 0x00007ffdf65ae000 	C:\WINDOWS\SYSTEM32\dhcpcsvc.DLL
0x00007ffdfe0f0000 - 0x00007ffdfe1d8000 	C:\WINDOWS\SYSTEM32\DNSAPI.dll

dbghelp: loaded successfully - version: 4.0.5 - missing functions: none
symbol engine: initialized successfully - sym options: 0x614 - pdb path: .;C:\Program Files\Android\Android Studio\jre\bin;C:\WINDOWS\SYSTEM32;C:\WINDOWS\WinSxS\amd64_microsoft.windows.common-controls_6595b64144ccf1df_6.0.22000.120_none_9d947278b86cc467;C:\Program Files\Android\Android Studio\jre\bin\server;C:\Users\Padma\.gradle\native\e1d6ef7f7dcc3fd88c89a11ec53ec762bb8ba0a96d01ffa2cd45eb1d1d8dd5c5\windows-amd64;C:\Users\Padma\.gradle\native\0d407fdbe67a94daf76414ababcb853783967236a71b16ec16e742cd7a986fd3\windows-amd64

VM Arguments:
jvm_args: --add-opens=java.base/java.util=ALL-UNNAMED --add-opens=java.base/java.lang=ALL-UNNAMED --add-opens=java.base/java.lang.invoke=ALL-UNNAMED --add-opens=java.base/java.util=ALL-UNNAMED --add-opens=java.prefs/java.util.prefs=ALL-UNNAMED --add-opens=java.prefs/java.util.prefs=ALL-UNNAMED --add-opens=java.base/java.nio.charset=ALL-UNNAMED --add-opens=java.base/java.net=ALL-UNNAMED --add-opens=java.base/java.util.concurrent.atomic=ALL-UNNAMED -Xmx2048m -Dfile.encoding=UTF-8 -Duser.country=CA -Duser.language=en -Duser.variant 
java_command: org.gradle.launcher.daemon.bootstrap.GradleDaemon 7.4
java_class_path (initial): C:\Users\Padma\.gradle\wrapper\dists\gradle-7.4-bin\c0gwcg53nkjbqw7r0h0umtfvt\gradle-7.4\lib\gradle-launcher-7.4.jar
Launcher Type: SUN_STANDARD

[Global flags]
     intx CICompilerCount                          = 4                                         {product} {ergonomic}
     uint ConcGCThreads                            = 2                                         {product} {ergonomic}
     uint G1ConcRefinementThreads                  = 8                                         {product} {ergonomic}
   size_t G1HeapRegionSize                         = 1048576                                   {product} {ergonomic}
    uintx GCDrainStackTargetSize                   = 64                                        {product} {ergonomic}
   size_t InitialHeapSize                          = 201326592                                 {product} {ergonomic}
   size_t MarkStackSize                            = 4194304                                   {product} {ergonomic}
   size_t MaxHeapSize                              = 2147483648                                {product} {command line}
   size_t MaxNewSize                               = 1287651328                                {product} {ergonomic}
   size_t MinHeapDeltaBytes                        = 1048576                                   {product} {ergonomic}
    uintx NonNMethodCodeHeapSize                   = 5836300                                {pd product} {ergonomic}
    uintx NonProfiledCodeHeapSize                  = 122910970                              {pd product} {ergonomic}
    uintx ProfiledCodeHeapSize                     = 122910970                              {pd product} {ergonomic}
    uintx ReservedCodeCacheSize                    = 251658240                              {pd product} {ergonomic}
     bool SegmentedCodeCache                       = true                                      {product} {ergonomic}
     bool UseCompressedClassPointers               = true                                 {lp64_product} {ergonomic}
     bool UseCompressedOops                        = true                                 {lp64_product} {ergonomic}
     bool UseG1GC                                  = true                                      {product} {ergonomic}
     bool UseLargePagesIndividualAllocation        = false                                  {pd product} {ergonomic}

Logging:
Log output configuration:
 #0: stdout all=warning uptime,level,tags
 #1: stderr all=off uptime,level,tags

Environment Variables:
JAVA_HOME=C:\Program Files\Amazon Corretto\jdk11.0.15_9
PATH=C:\Program Files\Common Files\Oracle\Java\javapath;E:\app\Padma\product\12.1.0\dbhome_1\bin;C:\Program Files (x86)\VMware\VMware Workstation\bin\;C:\Program Files\Amazon Corretto\jdk11.0.15_9\bin;C:\Program Files (x86)\Python38-32\Scripts\;C:\Program Files (x86)\Python38-32\;C:\WINDOWS\system32;C:\WINDOWS;C:\WINDOWS\System32\Wbem;C:\WINDOWS\System32\WindowsPowerShell\v1.0\;C:\WINDOWS\System32\OpenSSH\;C:\Program Files\Intel\WiFi\bin\;C:\Program Files\Common Files\Intel\WirelessCommon\;C:\Program Files (x86)\Intel\Intel(R) Management Engine Components\DAL;C:\Program Files\Intel\Intel(R) Management Engine Components\DAL;C:\Program Files\dotnet\;C:\Program Files\Microsoft SQL Server\Client SDK\ODBC\170\Tools\Binn\;C:\Program Files (x86)\Microsoft SQL Server\150\Tools\Binn\;C:\Program Files\Microsoft SQL Server\150\Tools\Binn\;C:\Program Files\Microsoft SQL Server\150\DTS\Binn\;C:\Program Files\Azure Data Studio\bin;C:\Program Files (x86)\Microsoft SQL Server\150\DTS\Binn\;C:\Program Files\Git\cmd;C:\Program Files\MySQL\MySQL Shell 8.0\bin\;C:\Users\Padma\AppData\Local\Microsoft\WindowsApps;C:\Users\Padma\AppData\Local\Programs\Microsoft VS Code\bin;C:\Program Files\Azure Data Studio\bin;
USERNAME=Padma
OS=Windows_NT
PROCESSOR_IDENTIFIER=Intel64 Family 6 Model 142 Stepping 10, GenuineIntel



---------------  S Y S T E M  ---------------

OS: Windows 11 , 64 bit Build 22000 (10.0.22000.1335)
OS uptime: 3 days 4:03 hours
Hyper-V role detected

CPU:total 8 (initial active 8) (4 cores per cpu, 2 threads per core) family 6 model 142 stepping 10 microcode 0xf0, cmov, cx8, fxsr, mmx, sse, sse2, sse3, ssse3, sse4.1, sse4.2, popcnt, avx, avx2, aes, clmul, erms, 3dnowpref, lzcnt, ht, tsc, tscinvbit, bmi1, bmi2, adx, fma

Memory: 4k page, system-wide physical 12185M (1997M free)
TotalPageFile size 16283M (AvailPageFile size 4M)
current process WorkingSet (physical memory assigned to process): 316M, peak: 316M
current process commit charge ("private bytes"): 409M, peak: 409M

vm_info: OpenJDK 64-Bit Server VM (11.0.13+0-b1751.21-8125866) for windows-amd64 JRE (11.0.13+0-b1751.21-8125866), built on Feb  2 2022 03:00:22 by "builder" with MS VC++ 14.0 (VS2015)

END.
